[2021-07-12 21:01:42,844] {taskinstance.py:896} INFO - Dependencies all met for <TaskInstance: example_bash_operator.runme_0 2021-07-11T00:00:00+00:00 [queued]>
[2021-07-12 21:01:42,860] {taskinstance.py:896} INFO - Dependencies all met for <TaskInstance: example_bash_operator.runme_0 2021-07-11T00:00:00+00:00 [queued]>
[2021-07-12 21:01:42,861] {taskinstance.py:1087} INFO - 
--------------------------------------------------------------------------------
[2021-07-12 21:01:42,861] {taskinstance.py:1088} INFO - Starting attempt 1 of 1
[2021-07-12 21:01:42,861] {taskinstance.py:1089} INFO - 
--------------------------------------------------------------------------------
[2021-07-12 21:01:42,867] {taskinstance.py:1107} INFO - Executing <Task(BashOperator): runme_0> on 2021-07-11T00:00:00+00:00
[2021-07-12 21:01:42,876] {standard_task_runner.py:76} INFO - Running: ['***', 'tasks', 'run', 'example_bash_operator', 'runme_0', '2021-07-11T00:00:00+00:00', '--job-id', '8', '--pool', 'default_pool', '--raw', '--subdir', '/home/***/.local/lib/python3.6/site-packages/***/example_dags/example_bash_operator.py', '--cfg-path', '/tmp/tmp9mneojk7', '--error-file', '/tmp/tmppvzskz_s']
[2021-07-12 21:01:42,877] {standard_task_runner.py:77} INFO - Job 8: Subtask runme_0
[2021-07-12 21:01:42,873] {standard_task_runner.py:52} INFO - Started process 2909 to run task
[2021-07-12 21:01:42,908] {logging_mixin.py:104} INFO - Running <TaskInstance: example_bash_operator.runme_0 2021-07-11T00:00:00+00:00 [running]> on host 120364900fc4
[2021-07-12 21:01:42,951] {taskinstance.py:1302} INFO - Exporting the following env vars:
AIRFLOW_CTX_DAG_OWNER=***
AIRFLOW_CTX_DAG_ID=example_bash_operator
AIRFLOW_CTX_TASK_ID=runme_0
AIRFLOW_CTX_EXECUTION_DATE=2021-07-11T00:00:00+00:00
AIRFLOW_CTX_DAG_RUN_ID=scheduled__2021-07-11T00:00:00+00:00
[2021-07-12 21:01:42,952] {subprocess.py:52} INFO - Tmp dir root location: 
 /tmp
[2021-07-12 21:01:42,952] {subprocess.py:63} INFO - Running command: ['bash', '-c', 'echo "example_bash_operator__runme_0__20210711" && sleep 1']
[2021-07-12 21:01:42,963] {subprocess.py:75} INFO - Output:
[2021-07-12 21:01:42,965] {subprocess.py:79} INFO - example_bash_operator__runme_0__20210711
[2021-07-12 21:01:43,965] {subprocess.py:83} INFO - Command exited with return code 0
[2021-07-12 21:01:43,984] {taskinstance.py:1211} INFO - Marking task as SUCCESS. dag_id=example_bash_operator, task_id=runme_0, execution_date=20210711T000000, start_date=20210712T210142, end_date=20210712T210143
[2021-07-12 21:01:44,023] {taskinstance.py:1265} INFO - 0 downstream tasks scheduled from follow-on schedule check
[2021-07-12 21:01:44,054] {local_task_job.py:151} INFO - Task exited with return code 0
