[2021-07-17 13:56:41,716] {taskinstance.py:896} INFO - Dependencies all met for <TaskInstance: user_processing.processing_user 2020-04-04T00:00:00+00:00 [queued]>
[2021-07-17 13:56:41,723] {taskinstance.py:896} INFO - Dependencies all met for <TaskInstance: user_processing.processing_user 2020-04-04T00:00:00+00:00 [queued]>
[2021-07-17 13:56:41,723] {taskinstance.py:1087} INFO - 
--------------------------------------------------------------------------------
[2021-07-17 13:56:41,724] {taskinstance.py:1088} INFO - Starting attempt 1 of 1
[2021-07-17 13:56:41,724] {taskinstance.py:1089} INFO - 
--------------------------------------------------------------------------------
[2021-07-17 13:56:41,732] {taskinstance.py:1107} INFO - Executing <Task(PythonOperator): processing_user> on 2020-04-04T00:00:00+00:00
[2021-07-17 13:56:41,736] {standard_task_runner.py:52} INFO - Started process 7827 to run task
[2021-07-17 13:56:41,738] {standard_task_runner.py:76} INFO - Running: ['***', 'tasks', 'run', 'user_processing', 'processing_user', '2020-04-04T00:00:00+00:00', '--job-id', '511', '--pool', 'default_pool', '--raw', '--subdir', 'DAGS_FOLDER/user_processing.py', '--cfg-path', '/tmp/tmpx0ikxndm', '--error-file', '/tmp/tmp2twxvhtm']
[2021-07-17 13:56:41,738] {standard_task_runner.py:77} INFO - Job 511: Subtask processing_user
[2021-07-17 13:56:41,764] {logging_mixin.py:104} INFO - Running <TaskInstance: user_processing.processing_user 2020-04-04T00:00:00+00:00 [running]> on host 120364900fc4
[2021-07-17 13:56:41,796] {taskinstance.py:1302} INFO - Exporting the following env vars:
AIRFLOW_CTX_DAG_OWNER=***
AIRFLOW_CTX_DAG_ID=user_processing
AIRFLOW_CTX_TASK_ID=processing_user
AIRFLOW_CTX_EXECUTION_DATE=2020-04-04T00:00:00+00:00
AIRFLOW_CTX_DAG_RUN_ID=scheduled__2020-04-04T00:00:00+00:00
[2021-07-17 13:56:41,806] {python.py:151} INFO - Done. Returned value was: None
[2021-07-17 13:56:41,812] {taskinstance.py:1211} INFO - Marking task as SUCCESS. dag_id=user_processing, task_id=processing_user, execution_date=20200404T000000, start_date=20210717T135641, end_date=20210717T135641
[2021-07-17 13:56:41,829] {taskinstance.py:1265} INFO - 1 downstream tasks scheduled from follow-on schedule check
[2021-07-17 13:56:41,869] {local_task_job.py:151} INFO - Task exited with return code 0
