[2021-07-17 13:57:06,623] {taskinstance.py:896} INFO - Dependencies all met for <TaskInstance: user_processing.extracting_user 2020-04-14T00:00:00+00:00 [queued]>
[2021-07-17 13:57:06,634] {taskinstance.py:896} INFO - Dependencies all met for <TaskInstance: user_processing.extracting_user 2020-04-14T00:00:00+00:00 [queued]>
[2021-07-17 13:57:06,634] {taskinstance.py:1087} INFO - 
--------------------------------------------------------------------------------
[2021-07-17 13:57:06,634] {taskinstance.py:1088} INFO - Starting attempt 1 of 1
[2021-07-17 13:57:06,634] {taskinstance.py:1089} INFO - 
--------------------------------------------------------------------------------
[2021-07-17 13:57:06,651] {taskinstance.py:1107} INFO - Executing <Task(SimpleHttpOperator): extracting_user> on 2020-04-14T00:00:00+00:00
[2021-07-17 13:57:06,658] {standard_task_runner.py:52} INFO - Started process 7967 to run task
[2021-07-17 13:57:06,667] {standard_task_runner.py:76} INFO - Running: ['***', 'tasks', 'run', 'user_processing', 'extracting_user', '2020-04-14T00:00:00+00:00', '--job-id', '554', '--pool', 'default_pool', '--raw', '--subdir', 'DAGS_FOLDER/user_processing.py', '--cfg-path', '/tmp/tmpg4ufde19', '--error-file', '/tmp/tmp2in563u_']
[2021-07-17 13:57:06,668] {standard_task_runner.py:77} INFO - Job 554: Subtask extracting_user
[2021-07-17 13:57:06,785] {logging_mixin.py:104} INFO - Running <TaskInstance: user_processing.extracting_user 2020-04-14T00:00:00+00:00 [running]> on host 120364900fc4
[2021-07-17 13:57:06,888] {taskinstance.py:1302} INFO - Exporting the following env vars:
AIRFLOW_CTX_DAG_OWNER=***
AIRFLOW_CTX_DAG_ID=user_processing
AIRFLOW_CTX_TASK_ID=extracting_user
AIRFLOW_CTX_EXECUTION_DATE=2020-04-14T00:00:00+00:00
AIRFLOW_CTX_DAG_RUN_ID=scheduled__2020-04-14T00:00:00+00:00
[2021-07-17 13:57:06,888] {http.py:111} INFO - Calling HTTP method
[2021-07-17 13:57:06,905] {base.py:78} INFO - Using connection to: id: user_api. Host: https://randomuser.me/, Port: None, Schema: , Login: , Password: None, extra: {}
[2021-07-17 13:57:06,909] {http.py:140} INFO - Sending 'GET' to url: https://randomuser.me/api/
[2021-07-17 13:57:07,267] {http.py:115} INFO - {"results":[{"gender":"male","name":{"title":"Mr","first":"Carter","last":"Murray"},"location":{"street":{"number":8692,"name":"Park Lane"},"city":"Mullingar","state":"Dún Laoghaire–Rathdown","country":"Ireland","postcode":74485,"coordinates":{"latitude":"23.6730","longitude":"-88.6832"},"timezone":{"offset":"+4:30","description":"Kabul"}},"email":"carter.murray@example.com","login":{"uuid":"2aad9a3b-ac8d-45ec-9248-2b1d4b0391f0","username":"crazyleopard240","password":"benson","salt":"NWH1t5Vf","md5":"776dadab1ccd98160f8a0ab5585d0f0c","sha1":"bd9f2d99d10a7c08656de1d9f49bd8581a1cc62b","sha256":"23072c4b36a852b8067e40f5bf0f87e46b830ca7332f335067a5a4424d4bccdd"},"dob":{"date":"1983-03-21T22:05:52.427Z","age":38},"registered":{"date":"2004-03-11T13:59:23.068Z","age":17},"phone":"021-602-5090","cell":"081-856-7810","id":{"name":"PPS","value":"3227333T"},"picture":{"large":"https://randomuser.me/api/portraits/men/83.jpg","medium":"https://randomuser.me/api/portraits/med/men/83.jpg","thumbnail":"https://randomuser.me/api/portraits/thumb/men/83.jpg"},"nat":"IE"}],"info":{"seed":"d7ef1f91aa2d8925","results":1,"page":1,"version":"1.3"}}
[2021-07-17 13:57:07,313] {taskinstance.py:1211} INFO - Marking task as SUCCESS. dag_id=user_processing, task_id=extracting_user, execution_date=20200414T000000, start_date=20210717T135706, end_date=20210717T135707
[2021-07-17 13:57:07,383] {taskinstance.py:1265} INFO - 1 downstream tasks scheduled from follow-on schedule check
[2021-07-17 13:57:07,398] {local_task_job.py:151} INFO - Task exited with return code 0
