[2021-07-17 13:58:10,665] {taskinstance.py:896} INFO - Dependencies all met for <TaskInstance: user_processing.extracting_user 2020-05-21T00:00:00+00:00 [queued]>
[2021-07-17 13:58:10,676] {taskinstance.py:896} INFO - Dependencies all met for <TaskInstance: user_processing.extracting_user 2020-05-21T00:00:00+00:00 [queued]>
[2021-07-17 13:58:10,676] {taskinstance.py:1087} INFO - 
--------------------------------------------------------------------------------
[2021-07-17 13:58:10,676] {taskinstance.py:1088} INFO - Starting attempt 1 of 1
[2021-07-17 13:58:10,676] {taskinstance.py:1089} INFO - 
--------------------------------------------------------------------------------
[2021-07-17 13:58:10,688] {taskinstance.py:1107} INFO - Executing <Task(SimpleHttpOperator): extracting_user> on 2020-05-21T00:00:00+00:00
[2021-07-17 13:58:10,693] {standard_task_runner.py:52} INFO - Started process 8536 to run task
[2021-07-17 13:58:10,696] {standard_task_runner.py:76} INFO - Running: ['***', 'tasks', 'run', 'user_processing', 'extracting_user', '2020-05-21T00:00:00+00:00', '--job-id', '735', '--pool', 'default_pool', '--raw', '--subdir', 'DAGS_FOLDER/user_processing.py', '--cfg-path', '/tmp/tmpb56_q_sa', '--error-file', '/tmp/tmpgi5iistz']
[2021-07-17 13:58:10,696] {standard_task_runner.py:77} INFO - Job 735: Subtask extracting_user
[2021-07-17 13:58:10,731] {logging_mixin.py:104} INFO - Running <TaskInstance: user_processing.extracting_user 2020-05-21T00:00:00+00:00 [running]> on host 120364900fc4
[2021-07-17 13:58:10,778] {taskinstance.py:1302} INFO - Exporting the following env vars:
AIRFLOW_CTX_DAG_OWNER=***
AIRFLOW_CTX_DAG_ID=user_processing
AIRFLOW_CTX_TASK_ID=extracting_user
AIRFLOW_CTX_EXECUTION_DATE=2020-05-21T00:00:00+00:00
AIRFLOW_CTX_DAG_RUN_ID=scheduled__2020-05-21T00:00:00+00:00
[2021-07-17 13:58:10,779] {http.py:111} INFO - Calling HTTP method
[2021-07-17 13:58:10,799] {base.py:78} INFO - Using connection to: id: user_api. Host: https://randomuser.me/, Port: None, Schema: , Login: , Password: None, extra: {}
[2021-07-17 13:58:10,802] {http.py:140} INFO - Sending 'GET' to url: https://randomuser.me/api/
[2021-07-17 13:58:11,134] {http.py:115} INFO - {"results":[{"gender":"female","name":{"title":"Miss","first":"Ava","last":"Gibson"},"location":{"street":{"number":1901,"name":"Blossom Hill Rd"},"city":"Dubbo","state":"Queensland","country":"Australia","postcode":1622,"coordinates":{"latitude":"-82.9242","longitude":"1.9932"},"timezone":{"offset":"+5:30","description":"Bombay, Calcutta, Madras, New Delhi"}},"email":"ava.gibson@example.com","login":{"uuid":"140b3057-ec7a-437b-beaa-818bd779a6d8","username":"redleopard198","password":"pebbles","salt":"YENmBQC4","md5":"1403bd7d352c4a7a5a95606646d33f6f","sha1":"6ac33fab1c1dfbc664506ce477cfae2d0335b859","sha256":"c9c67cce9c4b2a935b685548462c4a1e56ee9c17a0c4e400250e86537d0fd84e"},"dob":{"date":"1973-01-04T22:43:44.785Z","age":48},"registered":{"date":"2015-02-10T10:22:15.650Z","age":6},"phone":"04-4563-8550","cell":"0467-669-159","id":{"name":"TFN","value":"342860038"},"picture":{"large":"https://randomuser.me/api/portraits/women/79.jpg","medium":"https://randomuser.me/api/portraits/med/women/79.jpg","thumbnail":"https://randomuser.me/api/portraits/thumb/women/79.jpg"},"nat":"AU"}],"info":{"seed":"d8d00b08dc69c153","results":1,"page":1,"version":"1.3"}}
[2021-07-17 13:58:11,177] {taskinstance.py:1211} INFO - Marking task as SUCCESS. dag_id=user_processing, task_id=extracting_user, execution_date=20200521T000000, start_date=20210717T135810, end_date=20210717T135811
[2021-07-17 13:58:11,251] {taskinstance.py:1265} INFO - 0 downstream tasks scheduled from follow-on schedule check
[2021-07-17 13:58:11,271] {local_task_job.py:151} INFO - Task exited with return code 0
