[2021-07-17 13:56:37,446] {taskinstance.py:896} INFO - Dependencies all met for <TaskInstance: user_processing.storing_user 2020-03-22T00:00:00+00:00 [queued]>
[2021-07-17 13:56:37,467] {taskinstance.py:896} INFO - Dependencies all met for <TaskInstance: user_processing.storing_user 2020-03-22T00:00:00+00:00 [queued]>
[2021-07-17 13:56:37,467] {taskinstance.py:1087} INFO - 
--------------------------------------------------------------------------------
[2021-07-17 13:56:37,467] {taskinstance.py:1088} INFO - Starting attempt 1 of 1
[2021-07-17 13:56:37,468] {taskinstance.py:1089} INFO - 
--------------------------------------------------------------------------------
[2021-07-17 13:56:37,497] {taskinstance.py:1107} INFO - Executing <Task(BashOperator): storing_user> on 2020-03-22T00:00:00+00:00
[2021-07-17 13:56:37,503] {standard_task_runner.py:52} INFO - Started process 7727 to run task
[2021-07-17 13:56:37,509] {standard_task_runner.py:76} INFO - Running: ['***', 'tasks', 'run', 'user_processing', 'storing_user', '2020-03-22T00:00:00+00:00', '--job-id', '483', '--pool', 'default_pool', '--raw', '--subdir', 'DAGS_FOLDER/user_processing.py', '--cfg-path', '/tmp/tmpg718ng02', '--error-file', '/tmp/tmppwx3kbtw']
[2021-07-17 13:56:37,509] {standard_task_runner.py:77} INFO - Job 483: Subtask storing_user
[2021-07-17 13:56:37,693] {logging_mixin.py:104} INFO - Running <TaskInstance: user_processing.storing_user 2020-03-22T00:00:00+00:00 [running]> on host 120364900fc4
[2021-07-17 13:56:37,832] {taskinstance.py:1302} INFO - Exporting the following env vars:
AIRFLOW_CTX_DAG_OWNER=***
AIRFLOW_CTX_DAG_ID=user_processing
AIRFLOW_CTX_TASK_ID=storing_user
AIRFLOW_CTX_EXECUTION_DATE=2020-03-22T00:00:00+00:00
AIRFLOW_CTX_DAG_RUN_ID=scheduled__2020-03-22T00:00:00+00:00
[2021-07-17 13:56:37,833] {subprocess.py:52} INFO - Tmp dir root location: 
 /tmp
[2021-07-17 13:56:37,834] {subprocess.py:63} INFO - Running command: ['bash', '-c', 'echo -e ".separator ","\n.import /tmp/processed_user.csv users" | sqlite3 /opt/***/***.db']
[2021-07-17 13:56:37,868] {subprocess.py:75} INFO - Output:
[2021-07-17 13:56:37,885] {subprocess.py:83} INFO - Command exited with return code 0
[2021-07-17 13:56:37,948] {taskinstance.py:1211} INFO - Marking task as SUCCESS. dag_id=user_processing, task_id=storing_user, execution_date=20200322T000000, start_date=20210717T135637, end_date=20210717T135637
[2021-07-17 13:56:38,062] {taskinstance.py:1265} INFO - 0 downstream tasks scheduled from follow-on schedule check
[2021-07-17 13:56:38,085] {local_task_job.py:151} INFO - Task exited with return code 0
