[2021-07-17 13:56:39,000] {taskinstance.py:896} INFO - Dependencies all met for <TaskInstance: user_processing.extracting_user 2020-04-03T00:00:00+00:00 [queued]>
[2021-07-17 13:56:39,010] {taskinstance.py:896} INFO - Dependencies all met for <TaskInstance: user_processing.extracting_user 2020-04-03T00:00:00+00:00 [queued]>
[2021-07-17 13:56:39,010] {taskinstance.py:1087} INFO - 
--------------------------------------------------------------------------------
[2021-07-17 13:56:39,010] {taskinstance.py:1088} INFO - Starting attempt 1 of 1
[2021-07-17 13:56:39,010] {taskinstance.py:1089} INFO - 
--------------------------------------------------------------------------------
[2021-07-17 13:56:39,019] {taskinstance.py:1107} INFO - Executing <Task(SimpleHttpOperator): extracting_user> on 2020-04-03T00:00:00+00:00
[2021-07-17 13:56:39,023] {standard_task_runner.py:52} INFO - Started process 7771 to run task
[2021-07-17 13:56:39,025] {standard_task_runner.py:76} INFO - Running: ['***', 'tasks', 'run', 'user_processing', 'extracting_user', '2020-04-03T00:00:00+00:00', '--job-id', '496', '--pool', 'default_pool', '--raw', '--subdir', 'DAGS_FOLDER/user_processing.py', '--cfg-path', '/tmp/tmp91w8gsxb', '--error-file', '/tmp/tmpgs8chqwa']
[2021-07-17 13:56:39,026] {standard_task_runner.py:77} INFO - Job 496: Subtask extracting_user
[2021-07-17 13:56:39,051] {logging_mixin.py:104} INFO - Running <TaskInstance: user_processing.extracting_user 2020-04-03T00:00:00+00:00 [running]> on host 120364900fc4
[2021-07-17 13:56:39,085] {taskinstance.py:1302} INFO - Exporting the following env vars:
AIRFLOW_CTX_DAG_OWNER=***
AIRFLOW_CTX_DAG_ID=user_processing
AIRFLOW_CTX_TASK_ID=extracting_user
AIRFLOW_CTX_EXECUTION_DATE=2020-04-03T00:00:00+00:00
AIRFLOW_CTX_DAG_RUN_ID=scheduled__2020-04-03T00:00:00+00:00
[2021-07-17 13:56:39,085] {http.py:111} INFO - Calling HTTP method
[2021-07-17 13:56:39,092] {base.py:78} INFO - Using connection to: id: user_api. Host: https://randomuser.me/, Port: None, Schema: , Login: , Password: None, extra: {}
[2021-07-17 13:56:39,094] {http.py:140} INFO - Sending 'GET' to url: https://randomuser.me/api/
[2021-07-17 13:56:39,389] {http.py:115} INFO - {"results":[{"gender":"male","name":{"title":"Mr","first":"Aapo","last":"Tuomala"},"location":{"street":{"number":1320,"name":"Pyynikintie"},"city":"Puolanka","state":"Northern Savonia","country":"Finland","postcode":75190,"coordinates":{"latitude":"-13.2354","longitude":"-178.8677"},"timezone":{"offset":"+4:00","description":"Abu Dhabi, Muscat, Baku, Tbilisi"}},"email":"aapo.tuomala@example.com","login":{"uuid":"0e92aa6b-d598-4aca-b02b-1ebf63e1793a","username":"blackpeacock181","password":"8989","salt":"2uLHNWP7","md5":"7f3f75183cbf9bcaef84badb0e7322d5","sha1":"dec316f2ad1e75642f29a92fa0be0a8da4598cba","sha256":"f2380b382d26b154449a2cee6758323dc2ea6e95895a07994f43bfd3f462415b"},"dob":{"date":"1993-10-01T05:14:03.290Z","age":28},"registered":{"date":"2014-12-26T23:29:17.837Z","age":7},"phone":"05-281-462","cell":"046-259-08-20","id":{"name":"HETU","value":"NaNNA775undefined"},"picture":{"large":"https://randomuser.me/api/portraits/men/98.jpg","medium":"https://randomuser.me/api/portraits/med/men/98.jpg","thumbnail":"https://randomuser.me/api/portraits/thumb/men/98.jpg"},"nat":"FI"}],"info":{"seed":"5b56f9f49459361d","results":1,"page":1,"version":"1.3"}}
[2021-07-17 13:56:39,407] {taskinstance.py:1211} INFO - Marking task as SUCCESS. dag_id=user_processing, task_id=extracting_user, execution_date=20200403T000000, start_date=20210717T135639, end_date=20210717T135639
[2021-07-17 13:56:39,425] {taskinstance.py:1265} INFO - 1 downstream tasks scheduled from follow-on schedule check
[2021-07-17 13:56:39,437] {local_task_job.py:151} INFO - Task exited with return code 0
