[2021-07-17 13:58:35,755] {taskinstance.py:896} INFO - Dependencies all met for <TaskInstance: user_processing.extracting_user 2020-05-24T00:00:00+00:00 [queued]>
[2021-07-17 13:58:35,768] {taskinstance.py:896} INFO - Dependencies all met for <TaskInstance: user_processing.extracting_user 2020-05-24T00:00:00+00:00 [queued]>
[2021-07-17 13:58:35,768] {taskinstance.py:1087} INFO - 
--------------------------------------------------------------------------------
[2021-07-17 13:58:35,768] {taskinstance.py:1088} INFO - Starting attempt 1 of 1
[2021-07-17 13:58:35,768] {taskinstance.py:1089} INFO - 
--------------------------------------------------------------------------------
[2021-07-17 13:58:35,800] {taskinstance.py:1107} INFO - Executing <Task(SimpleHttpOperator): extracting_user> on 2020-05-24T00:00:00+00:00
[2021-07-17 13:58:35,804] {standard_task_runner.py:52} INFO - Started process 8675 to run task
[2021-07-17 13:58:35,808] {standard_task_runner.py:76} INFO - Running: ['***', 'tasks', 'run', 'user_processing', 'extracting_user', '2020-05-24T00:00:00+00:00', '--job-id', '771', '--pool', 'default_pool', '--raw', '--subdir', 'DAGS_FOLDER/user_processing.py', '--cfg-path', '/tmp/tmpxyhsupfx', '--error-file', '/tmp/tmpqo0a3lsz']
[2021-07-17 13:58:35,808] {standard_task_runner.py:77} INFO - Job 771: Subtask extracting_user
[2021-07-17 13:58:35,853] {logging_mixin.py:104} INFO - Running <TaskInstance: user_processing.extracting_user 2020-05-24T00:00:00+00:00 [running]> on host 120364900fc4
[2021-07-17 13:58:35,943] {taskinstance.py:1302} INFO - Exporting the following env vars:
AIRFLOW_CTX_DAG_OWNER=***
AIRFLOW_CTX_DAG_ID=user_processing
AIRFLOW_CTX_TASK_ID=extracting_user
AIRFLOW_CTX_EXECUTION_DATE=2020-05-24T00:00:00+00:00
AIRFLOW_CTX_DAG_RUN_ID=scheduled__2020-05-24T00:00:00+00:00
[2021-07-17 13:58:35,943] {http.py:111} INFO - Calling HTTP method
[2021-07-17 13:58:35,963] {base.py:78} INFO - Using connection to: id: user_api. Host: https://randomuser.me/, Port: None, Schema: , Login: , Password: None, extra: {}
[2021-07-17 13:58:35,966] {http.py:140} INFO - Sending 'GET' to url: https://randomuser.me/api/
[2021-07-17 13:58:36,291] {http.py:115} INFO - {"results":[{"gender":"male","name":{"title":"Mr","first":"Nihal","last":"Korol"},"location":{"street":{"number":3767,"name":"Filistin Cd"},"city":"Nevşehir","state":"Iğdır","country":"Turkey","postcode":46821,"coordinates":{"latitude":"73.9971","longitude":"-106.8349"},"timezone":{"offset":"+9:00","description":"Tokyo, Seoul, Osaka, Sapporo, Yakutsk"}},"email":"nihal.korol@example.com","login":{"uuid":"c8e699f6-6cd6-436a-b90e-0a4b780f2ade","username":"beautifultiger103","password":"marcel","salt":"AW2ApzNn","md5":"b8a6c3beacb2376a83e55c27e5d82c3c","sha1":"ee6cc6240b91f62b541b2fd25d4b89d4c996d826","sha256":"db871c708f34c81565f549f4d81e1bb3a442e1643f6016bacdf47f9e08e93d27"},"dob":{"date":"1979-03-31T15:15:47.796Z","age":42},"registered":{"date":"2007-05-31T06:34:24.695Z","age":14},"phone":"(450)-916-8853","cell":"(268)-772-3031","id":{"name":"","value":null},"picture":{"large":"https://randomuser.me/api/portraits/men/69.jpg","medium":"https://randomuser.me/api/portraits/med/men/69.jpg","thumbnail":"https://randomuser.me/api/portraits/thumb/men/69.jpg"},"nat":"TR"}],"info":{"seed":"e420a86056bec3c2","results":1,"page":1,"version":"1.3"}}
[2021-07-17 13:58:36,369] {taskinstance.py:1211} INFO - Marking task as SUCCESS. dag_id=user_processing, task_id=extracting_user, execution_date=20200524T000000, start_date=20210717T135835, end_date=20210717T135836
[2021-07-17 13:58:36,460] {taskinstance.py:1265} INFO - 0 downstream tasks scheduled from follow-on schedule check
[2021-07-17 13:58:36,487] {local_task_job.py:151} INFO - Task exited with return code 0
