[2021-07-17 13:29:03,877] {taskinstance.py:896} INFO - Dependencies all met for <TaskInstance: parallel_dag.bash_task4 2021-07-16T00:00:00+00:00 [queued]>
[2021-07-17 13:29:03,884] {taskinstance.py:896} INFO - Dependencies all met for <TaskInstance: parallel_dag.bash_task4 2021-07-16T00:00:00+00:00 [queued]>
[2021-07-17 13:29:03,884] {taskinstance.py:1087} INFO - 
--------------------------------------------------------------------------------
[2021-07-17 13:29:03,884] {taskinstance.py:1088} INFO - Starting attempt 1 of 1
[2021-07-17 13:29:03,884] {taskinstance.py:1089} INFO - 
--------------------------------------------------------------------------------
[2021-07-17 13:29:03,893] {taskinstance.py:1107} INFO - Executing <Task(BashOperator): bash_task4> on 2021-07-16T00:00:00+00:00
[2021-07-17 13:29:03,896] {standard_task_runner.py:52} INFO - Started process 4946 to run task
[2021-07-17 13:29:03,898] {standard_task_runner.py:76} INFO - Running: ['***', 'tasks', 'run', 'parallel_dag', 'bash_task4', '2021-07-16T00:00:00+00:00', '--job-id', '353', '--pool', 'default_pool', '--raw', '--subdir', 'DAGS_FOLDER/parallel_dag.py', '--cfg-path', '/tmp/tmpl95n0g4m', '--error-file', '/tmp/tmpztet0kku']
[2021-07-17 13:29:03,898] {standard_task_runner.py:77} INFO - Job 353: Subtask bash_task4
[2021-07-17 13:29:03,924] {logging_mixin.py:104} INFO - Running <TaskInstance: parallel_dag.bash_task4 2021-07-16T00:00:00+00:00 [running]> on host 120364900fc4
[2021-07-17 13:29:03,956] {taskinstance.py:1302} INFO - Exporting the following env vars:
AIRFLOW_CTX_DAG_OWNER=***
AIRFLOW_CTX_DAG_ID=parallel_dag
AIRFLOW_CTX_TASK_ID=bash_task4
AIRFLOW_CTX_EXECUTION_DATE=2021-07-16T00:00:00+00:00
AIRFLOW_CTX_DAG_RUN_ID=scheduled__2021-07-16T00:00:00+00:00
[2021-07-17 13:29:03,957] {subprocess.py:52} INFO - Tmp dir root location: 
 /tmp
[2021-07-17 13:29:03,957] {subprocess.py:63} INFO - Running command: ['bash', '-c', 'sleep 3']
[2021-07-17 13:29:03,966] {subprocess.py:75} INFO - Output:
[2021-07-17 13:29:06,968] {subprocess.py:83} INFO - Command exited with return code 0
[2021-07-17 13:29:07,029] {taskinstance.py:1211} INFO - Marking task as SUCCESS. dag_id=parallel_dag, task_id=bash_task4, execution_date=20210716T000000, start_date=20210717T132903, end_date=20210717T132907
[2021-07-17 13:29:07,045] {taskinstance.py:1265} INFO - 0 downstream tasks scheduled from follow-on schedule check
[2021-07-17 13:29:07,077] {local_task_job.py:151} INFO - Task exited with return code 0
