[2021-07-17 13:57:11,549] {taskinstance.py:896} INFO - Dependencies all met for <TaskInstance: user_processing.storing_user 2020-04-18T00:00:00+00:00 [queued]>
[2021-07-17 13:57:11,555] {taskinstance.py:896} INFO - Dependencies all met for <TaskInstance: user_processing.storing_user 2020-04-18T00:00:00+00:00 [queued]>
[2021-07-17 13:57:11,555] {taskinstance.py:1087} INFO - 
--------------------------------------------------------------------------------
[2021-07-17 13:57:11,555] {taskinstance.py:1088} INFO - Starting attempt 1 of 1
[2021-07-17 13:57:11,555] {taskinstance.py:1089} INFO - 
--------------------------------------------------------------------------------
[2021-07-17 13:57:11,564] {taskinstance.py:1107} INFO - Executing <Task(BashOperator): storing_user> on 2020-04-18T00:00:00+00:00
[2021-07-17 13:57:11,568] {standard_task_runner.py:52} INFO - Started process 8068 to run task
[2021-07-17 13:57:11,570] {standard_task_runner.py:76} INFO - Running: ['***', 'tasks', 'run', 'user_processing', 'storing_user', '2020-04-18T00:00:00+00:00', '--job-id', '588', '--pool', 'default_pool', '--raw', '--subdir', 'DAGS_FOLDER/user_processing.py', '--cfg-path', '/tmp/tmp9143gi5q', '--error-file', '/tmp/tmpkb68t33w']
[2021-07-17 13:57:11,570] {standard_task_runner.py:77} INFO - Job 588: Subtask storing_user
[2021-07-17 13:57:11,597] {logging_mixin.py:104} INFO - Running <TaskInstance: user_processing.storing_user 2020-04-18T00:00:00+00:00 [running]> on host 120364900fc4
[2021-07-17 13:57:11,637] {taskinstance.py:1302} INFO - Exporting the following env vars:
AIRFLOW_CTX_DAG_OWNER=***
AIRFLOW_CTX_DAG_ID=user_processing
AIRFLOW_CTX_TASK_ID=storing_user
AIRFLOW_CTX_EXECUTION_DATE=2020-04-18T00:00:00+00:00
AIRFLOW_CTX_DAG_RUN_ID=scheduled__2020-04-18T00:00:00+00:00
[2021-07-17 13:57:11,637] {subprocess.py:52} INFO - Tmp dir root location: 
 /tmp
[2021-07-17 13:57:11,638] {subprocess.py:63} INFO - Running command: ['bash', '-c', 'echo -e ".separator ","\n.import /tmp/processed_user.csv users" | sqlite3 /opt/***/***.db']
[2021-07-17 13:57:11,647] {subprocess.py:75} INFO - Output:
[2021-07-17 13:57:11,650] {subprocess.py:83} INFO - Command exited with return code 0
[2021-07-17 13:57:11,666] {taskinstance.py:1211} INFO - Marking task as SUCCESS. dag_id=user_processing, task_id=storing_user, execution_date=20200418T000000, start_date=20210717T135711, end_date=20210717T135711
[2021-07-17 13:57:11,682] {taskinstance.py:1265} INFO - 0 downstream tasks scheduled from follow-on schedule check
[2021-07-17 13:57:11,701] {local_task_job.py:151} INFO - Task exited with return code 0
