[2021-07-17 13:58:35,052] {taskinstance.py:896} INFO - Dependencies all met for <TaskInstance: user_processing.creating_table 2020-06-01T00:00:00+00:00 [queued]>
[2021-07-17 13:58:35,061] {taskinstance.py:896} INFO - Dependencies all met for <TaskInstance: user_processing.creating_table 2020-06-01T00:00:00+00:00 [queued]>
[2021-07-17 13:58:35,061] {taskinstance.py:1087} INFO - 
--------------------------------------------------------------------------------
[2021-07-17 13:58:35,061] {taskinstance.py:1088} INFO - Starting attempt 1 of 1
[2021-07-17 13:58:35,061] {taskinstance.py:1089} INFO - 
--------------------------------------------------------------------------------
[2021-07-17 13:58:35,071] {taskinstance.py:1107} INFO - Executing <Task(SqliteOperator): creating_table> on 2020-06-01T00:00:00+00:00
[2021-07-17 13:58:35,075] {standard_task_runner.py:52} INFO - Started process 8661 to run task
[2021-07-17 13:58:35,078] {standard_task_runner.py:76} INFO - Running: ['***', 'tasks', 'run', 'user_processing', 'creating_table', '2020-06-01T00:00:00+00:00', '--job-id', '767', '--pool', 'default_pool', '--raw', '--subdir', 'DAGS_FOLDER/user_processing.py', '--cfg-path', '/tmp/tmp3rjzzp6y', '--error-file', '/tmp/tmpmdf9tl4x']
[2021-07-17 13:58:35,078] {standard_task_runner.py:77} INFO - Job 767: Subtask creating_table
[2021-07-17 13:58:35,137] {logging_mixin.py:104} INFO - Running <TaskInstance: user_processing.creating_table 2020-06-01T00:00:00+00:00 [running]> on host 120364900fc4
[2021-07-17 13:58:35,244] {taskinstance.py:1302} INFO - Exporting the following env vars:
AIRFLOW_CTX_DAG_OWNER=***
AIRFLOW_CTX_DAG_ID=user_processing
AIRFLOW_CTX_TASK_ID=creating_table
AIRFLOW_CTX_EXECUTION_DATE=2020-06-01T00:00:00+00:00
AIRFLOW_CTX_DAG_RUN_ID=scheduled__2020-06-01T00:00:00+00:00
[2021-07-17 13:58:35,244] {sqlite.py:61} INFO - Executing: 
            CREATE TABLE IF NOT EXISTS users (
                firstname TEXT NOT NULL,
                lastname TEXT NOT NULL,
                country TEXT NOT NULL,
                username TEXT NOT NULL,
                password TEXT NOT NULL,
                email TEXT NOT NULL PRIMARY KEY
            );
            
[2021-07-17 13:58:35,255] {base.py:78} INFO - Using connection to: id: db_sqlite. Host: /opt/***/***.db, Port: None, Schema: , Login: , Password: None, extra: {}
[2021-07-17 13:58:35,256] {dbapi.py:204} INFO - Running statement: 
            CREATE TABLE IF NOT EXISTS users (
                firstname TEXT NOT NULL,
                lastname TEXT NOT NULL,
                country TEXT NOT NULL,
                username TEXT NOT NULL,
                password TEXT NOT NULL,
                email TEXT NOT NULL PRIMARY KEY
            );
            , parameters: []
[2021-07-17 13:58:35,274] {taskinstance.py:1211} INFO - Marking task as SUCCESS. dag_id=user_processing, task_id=creating_table, execution_date=20200601T000000, start_date=20210717T135835, end_date=20210717T135835
[2021-07-17 13:58:35,315] {taskinstance.py:1265} INFO - 1 downstream tasks scheduled from follow-on schedule check
[2021-07-17 13:58:35,330] {local_task_job.py:151} INFO - Task exited with return code 0
