[2021-07-17 13:58:39,849] {taskinstance.py:896} INFO - Dependencies all met for <TaskInstance: user_processing.extracting_user 2020-06-03T00:00:00+00:00 [queued]>
[2021-07-17 13:58:39,883] {taskinstance.py:896} INFO - Dependencies all met for <TaskInstance: user_processing.extracting_user 2020-06-03T00:00:00+00:00 [queued]>
[2021-07-17 13:58:39,883] {taskinstance.py:1087} INFO - 
--------------------------------------------------------------------------------
[2021-07-17 13:58:39,883] {taskinstance.py:1088} INFO - Starting attempt 1 of 1
[2021-07-17 13:58:39,883] {taskinstance.py:1089} INFO - 
--------------------------------------------------------------------------------
[2021-07-17 13:58:39,909] {taskinstance.py:1107} INFO - Executing <Task(SimpleHttpOperator): extracting_user> on 2020-06-03T00:00:00+00:00
[2021-07-17 13:58:39,913] {standard_task_runner.py:52} INFO - Started process 8761 to run task
[2021-07-17 13:58:39,924] {standard_task_runner.py:76} INFO - Running: ['***', 'tasks', 'run', 'user_processing', 'extracting_user', '2020-06-03T00:00:00+00:00', '--job-id', '806', '--pool', 'default_pool', '--raw', '--subdir', 'DAGS_FOLDER/user_processing.py', '--cfg-path', '/tmp/tmp3zrjh9u0', '--error-file', '/tmp/tmpt_pheo8y']
[2021-07-17 13:58:39,926] {standard_task_runner.py:77} INFO - Job 806: Subtask extracting_user
[2021-07-17 13:58:39,989] {logging_mixin.py:104} INFO - Running <TaskInstance: user_processing.extracting_user 2020-06-03T00:00:00+00:00 [running]> on host 120364900fc4
[2021-07-17 13:58:40,093] {taskinstance.py:1302} INFO - Exporting the following env vars:
AIRFLOW_CTX_DAG_OWNER=***
AIRFLOW_CTX_DAG_ID=user_processing
AIRFLOW_CTX_TASK_ID=extracting_user
AIRFLOW_CTX_EXECUTION_DATE=2020-06-03T00:00:00+00:00
AIRFLOW_CTX_DAG_RUN_ID=scheduled__2020-06-03T00:00:00+00:00
[2021-07-17 13:58:40,097] {http.py:111} INFO - Calling HTTP method
[2021-07-17 13:58:40,114] {base.py:78} INFO - Using connection to: id: user_api. Host: https://randomuser.me/, Port: None, Schema: , Login: , Password: None, extra: {}
[2021-07-17 13:58:40,118] {http.py:140} INFO - Sending 'GET' to url: https://randomuser.me/api/
[2021-07-17 13:58:40,445] {http.py:115} INFO - {"results":[{"gender":"male","name":{"title":"Mr","first":"Adam","last":"Elliott"},"location":{"street":{"number":7796,"name":"Brick Kiln Road"},"city":"Liverpool","state":"Somerset","country":"United Kingdom","postcode":"KY8G 0BU","coordinates":{"latitude":"7.3025","longitude":"-9.2355"},"timezone":{"offset":"+6:00","description":"Almaty, Dhaka, Colombo"}},"email":"adam.elliott@example.com","login":{"uuid":"03cc08ce-4592-45b3-9ab5-614eeea600e7","username":"redfrog467","password":"nipple","salt":"rvJjvQmh","md5":"68ba40823c21e8c9925790389d2d7a66","sha1":"d16349ec637edb5d8ac5c905e8ae23e2dcffc186","sha256":"cd6125a3b807e2f23dc1a770fec708874c0e88888a03ffea4b617c8cbd336f92"},"dob":{"date":"1950-05-22T04:56:05.180Z","age":71},"registered":{"date":"2007-01-02T07:37:30.349Z","age":14},"phone":"01742 388277","cell":"0719-580-736","id":{"name":"NINO","value":"WL 36 43 33 H"},"picture":{"large":"https://randomuser.me/api/portraits/men/93.jpg","medium":"https://randomuser.me/api/portraits/med/men/93.jpg","thumbnail":"https://randomuser.me/api/portraits/thumb/men/93.jpg"},"nat":"GB"}],"info":{"seed":"097bf45350f4ee0b","results":1,"page":1,"version":"1.3"}}
[2021-07-17 13:58:40,501] {taskinstance.py:1211} INFO - Marking task as SUCCESS. dag_id=user_processing, task_id=extracting_user, execution_date=20200603T000000, start_date=20210717T135839, end_date=20210717T135840
[2021-07-17 13:58:40,558] {taskinstance.py:1265} INFO - 1 downstream tasks scheduled from follow-on schedule check
[2021-07-17 13:58:40,568] {local_task_job.py:151} INFO - Task exited with return code 0
