[2021-07-15 21:42:30,785] {taskinstance.py:896} INFO - Dependencies all met for <TaskInstance: user_processing.extracting_user 2020-01-18T00:00:00+00:00 [queued]>
[2021-07-15 21:42:30,830] {taskinstance.py:896} INFO - Dependencies all met for <TaskInstance: user_processing.extracting_user 2020-01-18T00:00:00+00:00 [queued]>
[2021-07-15 21:42:30,830] {taskinstance.py:1087} INFO - 
--------------------------------------------------------------------------------
[2021-07-15 21:42:30,830] {taskinstance.py:1088} INFO - Starting attempt 1 of 1
[2021-07-15 21:42:30,830] {taskinstance.py:1089} INFO - 
--------------------------------------------------------------------------------
[2021-07-15 21:42:30,839] {taskinstance.py:1107} INFO - Executing <Task(SimpleHttpOperator): extracting_user> on 2020-01-18T00:00:00+00:00
[2021-07-15 21:42:30,846] {standard_task_runner.py:52} INFO - Started process 5503 to run task
[2021-07-15 21:42:30,858] {standard_task_runner.py:76} INFO - Running: ['***', 'tasks', 'run', 'user_processing', 'extracting_user', '2020-01-18T00:00:00+00:00', '--job-id', '128', '--pool', 'default_pool', '--raw', '--subdir', 'DAGS_FOLDER/user_processing.py', '--cfg-path', '/tmp/tmp44e20wj7', '--error-file', '/tmp/tmpdzgt0o_k']
[2021-07-15 21:42:30,861] {standard_task_runner.py:77} INFO - Job 128: Subtask extracting_user
[2021-07-15 21:42:30,941] {logging_mixin.py:104} INFO - Running <TaskInstance: user_processing.extracting_user 2020-01-18T00:00:00+00:00 [running]> on host 120364900fc4
[2021-07-15 21:42:31,050] {taskinstance.py:1302} INFO - Exporting the following env vars:
AIRFLOW_CTX_DAG_OWNER=***
AIRFLOW_CTX_DAG_ID=user_processing
AIRFLOW_CTX_TASK_ID=extracting_user
AIRFLOW_CTX_EXECUTION_DATE=2020-01-18T00:00:00+00:00
AIRFLOW_CTX_DAG_RUN_ID=scheduled__2020-01-18T00:00:00+00:00
[2021-07-15 21:42:31,051] {http.py:111} INFO - Calling HTTP method
[2021-07-15 21:42:31,064] {base.py:78} INFO - Using connection to: id: user_api. Host: https://randomuser.me/, Port: None, Schema: , Login: , Password: None, extra: {}
[2021-07-15 21:42:31,066] {http.py:140} INFO - Sending 'GET' to url: https://randomuser.me/api/
[2021-07-15 21:42:31,372] {http.py:115} INFO - {"results":[{"gender":"male","name":{"title":"Mr","first":"Ryan","last":"Torres"},"location":{"street":{"number":9533,"name":"Robinson Rd"},"city":"Huntington Beach","state":"Minnesota","country":"United States","postcode":24736,"coordinates":{"latitude":"87.3065","longitude":"-25.0581"},"timezone":{"offset":"-5:00","description":"Eastern Time (US & Canada), Bogota, Lima"}},"email":"ryan.torres@example.com","login":{"uuid":"de3fb672-4635-4747-a713-60318cf6d809","username":"bigduck455","password":"hobbes","salt":"pznwCsDi","md5":"acb8dcf536201eab1077e314b4b2ab2d","sha1":"5d7a47a5579e86e8b79f2d403a1e1bb9bbb19435","sha256":"94f48c25921beb9ee7fb4084991092bc84af9a78ff729527cf38d984ffc30695"},"dob":{"date":"1947-11-05T02:00:18.390Z","age":74},"registered":{"date":"2005-09-03T12:52:30.771Z","age":16},"phone":"(579)-485-0626","cell":"(280)-812-4740","id":{"name":"SSN","value":"123-96-0927"},"picture":{"large":"https://randomuser.me/api/portraits/men/12.jpg","medium":"https://randomuser.me/api/portraits/med/men/12.jpg","thumbnail":"https://randomuser.me/api/portraits/thumb/men/12.jpg"},"nat":"US"}],"info":{"seed":"fe462179094a38e0","results":1,"page":1,"version":"1.3"}}
[2021-07-15 21:42:31,434] {taskinstance.py:1211} INFO - Marking task as SUCCESS. dag_id=user_processing, task_id=extracting_user, execution_date=20200118T000000, start_date=20210715T214230, end_date=20210715T214231
[2021-07-15 21:42:31,501] {taskinstance.py:1265} INFO - 1 downstream tasks scheduled from follow-on schedule check
[2021-07-15 21:42:31,529] {local_task_job.py:151} INFO - Task exited with return code 0
