[2021-07-15 21:42:32,233] {taskinstance.py:896} INFO - Dependencies all met for <TaskInstance: user_processing.extracting_user 2020-01-22T00:00:00+00:00 [queued]>
[2021-07-15 21:42:32,294] {taskinstance.py:896} INFO - Dependencies all met for <TaskInstance: user_processing.extracting_user 2020-01-22T00:00:00+00:00 [queued]>
[2021-07-15 21:42:32,294] {taskinstance.py:1087} INFO - 
--------------------------------------------------------------------------------
[2021-07-15 21:42:32,295] {taskinstance.py:1088} INFO - Starting attempt 1 of 1
[2021-07-15 21:42:32,295] {taskinstance.py:1089} INFO - 
--------------------------------------------------------------------------------
[2021-07-15 21:42:32,316] {taskinstance.py:1107} INFO - Executing <Task(SimpleHttpOperator): extracting_user> on 2020-01-22T00:00:00+00:00
[2021-07-15 21:42:32,325] {standard_task_runner.py:52} INFO - Started process 5534 to run task
[2021-07-15 21:42:32,338] {standard_task_runner.py:76} INFO - Running: ['***', 'tasks', 'run', 'user_processing', 'extracting_user', '2020-01-22T00:00:00+00:00', '--job-id', '138', '--pool', 'default_pool', '--raw', '--subdir', 'DAGS_FOLDER/user_processing.py', '--cfg-path', '/tmp/tmpz6p0fopf', '--error-file', '/tmp/tmpholp5a_g']
[2021-07-15 21:42:32,338] {standard_task_runner.py:77} INFO - Job 138: Subtask extracting_user
[2021-07-15 21:42:32,411] {logging_mixin.py:104} INFO - Running <TaskInstance: user_processing.extracting_user 2020-01-22T00:00:00+00:00 [running]> on host 120364900fc4
[2021-07-15 21:42:32,490] {taskinstance.py:1302} INFO - Exporting the following env vars:
AIRFLOW_CTX_DAG_OWNER=***
AIRFLOW_CTX_DAG_ID=user_processing
AIRFLOW_CTX_TASK_ID=extracting_user
AIRFLOW_CTX_EXECUTION_DATE=2020-01-22T00:00:00+00:00
AIRFLOW_CTX_DAG_RUN_ID=scheduled__2020-01-22T00:00:00+00:00
[2021-07-15 21:42:32,490] {http.py:111} INFO - Calling HTTP method
[2021-07-15 21:42:32,505] {base.py:78} INFO - Using connection to: id: user_api. Host: https://randomuser.me/, Port: None, Schema: , Login: , Password: None, extra: {}
[2021-07-15 21:42:32,507] {http.py:140} INFO - Sending 'GET' to url: https://randomuser.me/api/
[2021-07-15 21:42:32,826] {http.py:115} INFO - {"results":[{"gender":"male","name":{"title":"Mr","first":"David","last":"Henry"},"location":{"street":{"number":143,"name":"Rue Paul Bert"},"city":"Saint-Étienne","state":"Indre","country":"France","postcode":72860,"coordinates":{"latitude":"-3.0001","longitude":"-91.3115"},"timezone":{"offset":"+9:30","description":"Adelaide, Darwin"}},"email":"david.henry@example.com","login":{"uuid":"37e0fd7b-e897-4a34-9223-53b4f48ae95d","username":"blackdog419","password":"bone","salt":"4HJCPpsL","md5":"f8c6292538c141e24e94af30ae80f609","sha1":"966231748e4d630c8cdbe6eb18947e1e04985fc1","sha256":"47ab3004809fcf14ba9f69f38fb8e09d5dd4ef8168df30df7ea669c4b7105435"},"dob":{"date":"1957-05-18T11:46:15.470Z","age":64},"registered":{"date":"2014-11-25T08:30:49.630Z","age":7},"phone":"05-25-69-63-83","cell":"06-51-87-72-48","id":{"name":"INSEE","value":"1NNaN95928777 26"},"picture":{"large":"https://randomuser.me/api/portraits/men/25.jpg","medium":"https://randomuser.me/api/portraits/med/men/25.jpg","thumbnail":"https://randomuser.me/api/portraits/thumb/men/25.jpg"},"nat":"FR"}],"info":{"seed":"64b97157c935eabe","results":1,"page":1,"version":"1.3"}}
[2021-07-15 21:42:32,883] {taskinstance.py:1211} INFO - Marking task as SUCCESS. dag_id=user_processing, task_id=extracting_user, execution_date=20200122T000000, start_date=20210715T214232, end_date=20210715T214232
[2021-07-15 21:42:32,979] {taskinstance.py:1265} INFO - 1 downstream tasks scheduled from follow-on schedule check
[2021-07-15 21:42:32,995] {local_task_job.py:151} INFO - Task exited with return code 0
