[2021-07-15 21:42:33,323] {taskinstance.py:896} INFO - Dependencies all met for <TaskInstance: user_processing.extracting_user 2020-01-25T00:00:00+00:00 [queued]>
[2021-07-15 21:42:33,340] {taskinstance.py:896} INFO - Dependencies all met for <TaskInstance: user_processing.extracting_user 2020-01-25T00:00:00+00:00 [queued]>
[2021-07-15 21:42:33,340] {taskinstance.py:1087} INFO - 
--------------------------------------------------------------------------------
[2021-07-15 21:42:33,340] {taskinstance.py:1088} INFO - Starting attempt 1 of 1
[2021-07-15 21:42:33,340] {taskinstance.py:1089} INFO - 
--------------------------------------------------------------------------------
[2021-07-15 21:42:33,347] {taskinstance.py:1107} INFO - Executing <Task(SimpleHttpOperator): extracting_user> on 2020-01-25T00:00:00+00:00
[2021-07-15 21:42:33,357] {standard_task_runner.py:52} INFO - Started process 5549 to run task
[2021-07-15 21:42:33,364] {standard_task_runner.py:76} INFO - Running: ['***', 'tasks', 'run', 'user_processing', 'extracting_user', '2020-01-25T00:00:00+00:00', '--job-id', '146', '--pool', 'default_pool', '--raw', '--subdir', 'DAGS_FOLDER/user_processing.py', '--cfg-path', '/tmp/tmpderm1de0', '--error-file', '/tmp/tmp1qn2lvi4']
[2021-07-15 21:42:33,364] {standard_task_runner.py:77} INFO - Job 146: Subtask extracting_user
[2021-07-15 21:42:33,432] {logging_mixin.py:104} INFO - Running <TaskInstance: user_processing.extracting_user 2020-01-25T00:00:00+00:00 [running]> on host 120364900fc4
[2021-07-15 21:42:33,543] {taskinstance.py:1302} INFO - Exporting the following env vars:
AIRFLOW_CTX_DAG_OWNER=***
AIRFLOW_CTX_DAG_ID=user_processing
AIRFLOW_CTX_TASK_ID=extracting_user
AIRFLOW_CTX_EXECUTION_DATE=2020-01-25T00:00:00+00:00
AIRFLOW_CTX_DAG_RUN_ID=scheduled__2020-01-25T00:00:00+00:00
[2021-07-15 21:42:33,543] {http.py:111} INFO - Calling HTTP method
[2021-07-15 21:42:33,555] {base.py:78} INFO - Using connection to: id: user_api. Host: https://randomuser.me/, Port: None, Schema: , Login: , Password: None, extra: {}
[2021-07-15 21:42:33,556] {http.py:140} INFO - Sending 'GET' to url: https://randomuser.me/api/
[2021-07-15 21:42:33,946] {http.py:115} INFO - {"results":[{"gender":"female","name":{"title":"Ms","first":"Dana","last":"Lind"},"location":{"street":{"number":5164,"name":"Uhlandstraße"},"city":"Klingenberg am Main","state":"Bremen","country":"Germany","postcode":66280,"coordinates":{"latitude":"-40.1885","longitude":"145.3692"},"timezone":{"offset":"-11:00","description":"Midway Island, Samoa"}},"email":"dana.lind@example.com","login":{"uuid":"38c08f74-a90f-4873-ad19-daab6f4ae20a","username":"purpleswan682","password":"bdsm","salt":"Jb9FDoy1","md5":"5ec1b7f97db80617c0eb2b28103dc060","sha1":"5ed31b102efe236f3956595df6ec8b93dc8acf58","sha256":"d73bccc65e8cf3022172350d4bb5322bdee6d61ab9d21128fdac74ae3b2819ee"},"dob":{"date":"1980-09-21T21:11:27.087Z","age":41},"registered":{"date":"2015-05-06T07:16:45.897Z","age":6},"phone":"0926-8106429","cell":"0175-0132327","id":{"name":"","value":null},"picture":{"large":"https://randomuser.me/api/portraits/women/38.jpg","medium":"https://randomuser.me/api/portraits/med/women/38.jpg","thumbnail":"https://randomuser.me/api/portraits/thumb/women/38.jpg"},"nat":"DE"}],"info":{"seed":"cd813fc05a446b22","results":1,"page":1,"version":"1.3"}}
[2021-07-15 21:42:34,027] {taskinstance.py:1211} INFO - Marking task as SUCCESS. dag_id=user_processing, task_id=extracting_user, execution_date=20200125T000000, start_date=20210715T214233, end_date=20210715T214234
[2021-07-15 21:42:34,092] {taskinstance.py:1265} INFO - 1 downstream tasks scheduled from follow-on schedule check
[2021-07-15 21:42:34,155] {local_task_job.py:151} INFO - Task exited with return code 0
