[2021-07-17 13:56:11,310] {taskinstance.py:896} INFO - Dependencies all met for <TaskInstance: user_processing.processing_user 2020-03-09T00:00:00+00:00 [queued]>
[2021-07-17 13:56:11,343] {taskinstance.py:896} INFO - Dependencies all met for <TaskInstance: user_processing.processing_user 2020-03-09T00:00:00+00:00 [queued]>
[2021-07-17 13:56:11,344] {taskinstance.py:1087} INFO - 
--------------------------------------------------------------------------------
[2021-07-17 13:56:11,344] {taskinstance.py:1088} INFO - Starting attempt 1 of 1
[2021-07-17 13:56:11,344] {taskinstance.py:1089} INFO - 
--------------------------------------------------------------------------------
[2021-07-17 13:56:11,379] {taskinstance.py:1107} INFO - Executing <Task(PythonOperator): processing_user> on 2020-03-09T00:00:00+00:00
[2021-07-17 13:56:11,384] {standard_task_runner.py:52} INFO - Started process 7458 to run task
[2021-07-17 13:56:11,387] {standard_task_runner.py:76} INFO - Running: ['***', 'tasks', 'run', 'user_processing', 'processing_user', '2020-03-09T00:00:00+00:00', '--job-id', '393', '--pool', 'default_pool', '--raw', '--subdir', 'DAGS_FOLDER/user_processing.py', '--cfg-path', '/tmp/tmpb22eh_u8', '--error-file', '/tmp/tmpuilazmt7']
[2021-07-17 13:56:11,387] {standard_task_runner.py:77} INFO - Job 393: Subtask processing_user
[2021-07-17 13:56:11,452] {logging_mixin.py:104} INFO - Running <TaskInstance: user_processing.processing_user 2020-03-09T00:00:00+00:00 [running]> on host 120364900fc4
[2021-07-17 13:56:11,494] {taskinstance.py:1302} INFO - Exporting the following env vars:
AIRFLOW_CTX_DAG_OWNER=***
AIRFLOW_CTX_DAG_ID=user_processing
AIRFLOW_CTX_TASK_ID=processing_user
AIRFLOW_CTX_EXECUTION_DATE=2020-03-09T00:00:00+00:00
AIRFLOW_CTX_DAG_RUN_ID=scheduled__2020-03-09T00:00:00+00:00
[2021-07-17 13:56:11,513] {python.py:151} INFO - Done. Returned value was: None
[2021-07-17 13:56:11,522] {taskinstance.py:1211} INFO - Marking task as SUCCESS. dag_id=user_processing, task_id=processing_user, execution_date=20200309T000000, start_date=20210717T135611, end_date=20210717T135611
[2021-07-17 13:56:11,588] {taskinstance.py:1265} INFO - 1 downstream tasks scheduled from follow-on schedule check
[2021-07-17 13:56:11,600] {local_task_job.py:151} INFO - Task exited with return code 0
