[2021-07-17 13:57:08,645] {taskinstance.py:896} INFO - Dependencies all met for <TaskInstance: user_processing.storing_user 2020-04-11T00:00:00+00:00 [queued]>
[2021-07-17 13:57:08,655] {taskinstance.py:896} INFO - Dependencies all met for <TaskInstance: user_processing.storing_user 2020-04-11T00:00:00+00:00 [queued]>
[2021-07-17 13:57:08,655] {taskinstance.py:1087} INFO - 
--------------------------------------------------------------------------------
[2021-07-17 13:57:08,655] {taskinstance.py:1088} INFO - Starting attempt 1 of 1
[2021-07-17 13:57:08,656] {taskinstance.py:1089} INFO - 
--------------------------------------------------------------------------------
[2021-07-17 13:57:08,682] {taskinstance.py:1107} INFO - Executing <Task(BashOperator): storing_user> on 2020-04-11T00:00:00+00:00
[2021-07-17 13:57:08,688] {standard_task_runner.py:52} INFO - Started process 8014 to run task
[2021-07-17 13:57:08,694] {standard_task_runner.py:76} INFO - Running: ['***', 'tasks', 'run', 'user_processing', 'storing_user', '2020-04-11T00:00:00+00:00', '--job-id', '572', '--pool', 'default_pool', '--raw', '--subdir', 'DAGS_FOLDER/user_processing.py', '--cfg-path', '/tmp/tmpsgi61ei3', '--error-file', '/tmp/tmpidy6_tic']
[2021-07-17 13:57:08,694] {standard_task_runner.py:77} INFO - Job 572: Subtask storing_user
[2021-07-17 13:57:08,764] {logging_mixin.py:104} INFO - Running <TaskInstance: user_processing.storing_user 2020-04-11T00:00:00+00:00 [running]> on host 120364900fc4
[2021-07-17 13:57:08,909] {taskinstance.py:1302} INFO - Exporting the following env vars:
AIRFLOW_CTX_DAG_OWNER=***
AIRFLOW_CTX_DAG_ID=user_processing
AIRFLOW_CTX_TASK_ID=storing_user
AIRFLOW_CTX_EXECUTION_DATE=2020-04-11T00:00:00+00:00
AIRFLOW_CTX_DAG_RUN_ID=scheduled__2020-04-11T00:00:00+00:00
[2021-07-17 13:57:08,909] {subprocess.py:52} INFO - Tmp dir root location: 
 /tmp
[2021-07-17 13:57:08,910] {subprocess.py:63} INFO - Running command: ['bash', '-c', 'echo -e ".separator ","\n.import /tmp/processed_user.csv users" | sqlite3 /opt/***/***.db']
[2021-07-17 13:57:08,929] {subprocess.py:75} INFO - Output:
[2021-07-17 13:57:08,949] {subprocess.py:83} INFO - Command exited with return code 0
[2021-07-17 13:57:08,998] {taskinstance.py:1211} INFO - Marking task as SUCCESS. dag_id=user_processing, task_id=storing_user, execution_date=20200411T000000, start_date=20210717T135708, end_date=20210717T135708
[2021-07-17 13:57:09,055] {taskinstance.py:1265} INFO - 0 downstream tasks scheduled from follow-on schedule check
[2021-07-17 13:57:09,069] {local_task_job.py:151} INFO - Task exited with return code 0
