[2021-07-15 21:43:32,387] {taskinstance.py:896} INFO - Dependencies all met for <TaskInstance: user_processing.extracting_user 2020-02-19T00:00:00+00:00 [queued]>
[2021-07-15 21:43:32,421] {taskinstance.py:896} INFO - Dependencies all met for <TaskInstance: user_processing.extracting_user 2020-02-19T00:00:00+00:00 [queued]>
[2021-07-15 21:43:32,422] {taskinstance.py:1087} INFO - 
--------------------------------------------------------------------------------
[2021-07-15 21:43:32,422] {taskinstance.py:1088} INFO - Starting attempt 1 of 1
[2021-07-15 21:43:32,422] {taskinstance.py:1089} INFO - 
--------------------------------------------------------------------------------
[2021-07-15 21:43:32,431] {taskinstance.py:1107} INFO - Executing <Task(SimpleHttpOperator): extracting_user> on 2020-02-19T00:00:00+00:00
[2021-07-15 21:43:32,436] {standard_task_runner.py:52} INFO - Started process 6015 to run task
[2021-07-15 21:43:32,451] {standard_task_runner.py:76} INFO - Running: ['***', 'tasks', 'run', 'user_processing', 'extracting_user', '2020-02-19T00:00:00+00:00', '--job-id', '289', '--pool', 'default_pool', '--raw', '--subdir', 'DAGS_FOLDER/user_processing.py', '--cfg-path', '/tmp/tmp0om7jo1f', '--error-file', '/tmp/tmpfv9jz4yy']
[2021-07-15 21:43:32,452] {standard_task_runner.py:77} INFO - Job 289: Subtask extracting_user
[2021-07-15 21:43:32,527] {logging_mixin.py:104} INFO - Running <TaskInstance: user_processing.extracting_user 2020-02-19T00:00:00+00:00 [running]> on host 120364900fc4
[2021-07-15 21:43:32,615] {taskinstance.py:1302} INFO - Exporting the following env vars:
AIRFLOW_CTX_DAG_OWNER=***
AIRFLOW_CTX_DAG_ID=user_processing
AIRFLOW_CTX_TASK_ID=extracting_user
AIRFLOW_CTX_EXECUTION_DATE=2020-02-19T00:00:00+00:00
AIRFLOW_CTX_DAG_RUN_ID=scheduled__2020-02-19T00:00:00+00:00
[2021-07-15 21:43:32,616] {http.py:111} INFO - Calling HTTP method
[2021-07-15 21:43:32,624] {base.py:78} INFO - Using connection to: id: user_api. Host: https://randomuser.me/, Port: None, Schema: , Login: , Password: None, extra: {}
[2021-07-15 21:43:32,632] {http.py:140} INFO - Sending 'GET' to url: https://randomuser.me/api/
[2021-07-15 21:43:32,977] {http.py:115} INFO - {"results":[{"gender":"female","name":{"title":"Madame","first":"Amina","last":"Thomas"},"location":{"street":{"number":1849,"name":"Place de L'Europe"},"city":"Hasliberg","state":"Thurgau","country":"Switzerland","postcode":7968,"coordinates":{"latitude":"-54.2889","longitude":"88.8898"},"timezone":{"offset":"+9:00","description":"Tokyo, Seoul, Osaka, Sapporo, Yakutsk"}},"email":"amina.thomas@example.com","login":{"uuid":"0fee235c-7bb2-4631-8264-7cb5e9c3c507","username":"crazykoala829","password":"fullmoon","salt":"QShypeFk","md5":"a2a88a338f710557773f2c2d0ab6a70a","sha1":"19e57e536972d226487c78f3a0a3d1193bd4b93d","sha256":"4dcf029f6291a965d00963807d9c16b073dfc169738816ea4ed4445f46c4c1a0"},"dob":{"date":"1982-04-23T22:25:13.529Z","age":39},"registered":{"date":"2007-10-24T05:01:57.110Z","age":14},"phone":"076 830 47 64","cell":"078 971 79 50","id":{"name":"AVS","value":"756.2262.4922.74"},"picture":{"large":"https://randomuser.me/api/portraits/women/85.jpg","medium":"https://randomuser.me/api/portraits/med/women/85.jpg","thumbnail":"https://randomuser.me/api/portraits/thumb/women/85.jpg"},"nat":"CH"}],"info":{"seed":"954ce0ea9cffaea9","results":1,"page":1,"version":"1.3"}}
[2021-07-15 21:43:33,107] {taskinstance.py:1211} INFO - Marking task as SUCCESS. dag_id=user_processing, task_id=extracting_user, execution_date=20200219T000000, start_date=20210715T214332, end_date=20210715T214333
[2021-07-15 21:43:33,220] {taskinstance.py:1265} INFO - 1 downstream tasks scheduled from follow-on schedule check
[2021-07-15 21:43:33,237] {local_task_job.py:151} INFO - Task exited with return code 0
