[2021-07-12 21:01:42,497] {taskinstance.py:896} INFO - Dependencies all met for <TaskInstance: example_bash_operator.runme_1 2021-07-10T00:00:00+00:00 [queued]>
[2021-07-12 21:01:42,518] {taskinstance.py:896} INFO - Dependencies all met for <TaskInstance: example_bash_operator.runme_1 2021-07-10T00:00:00+00:00 [queued]>
[2021-07-12 21:01:42,518] {taskinstance.py:1087} INFO - 
--------------------------------------------------------------------------------
[2021-07-12 21:01:42,518] {taskinstance.py:1088} INFO - Starting attempt 1 of 1
[2021-07-12 21:01:42,518] {taskinstance.py:1089} INFO - 
--------------------------------------------------------------------------------
[2021-07-12 21:01:42,526] {taskinstance.py:1107} INFO - Executing <Task(BashOperator): runme_1> on 2021-07-10T00:00:00+00:00
[2021-07-12 21:01:42,531] {standard_task_runner.py:52} INFO - Started process 2898 to run task
[2021-07-12 21:01:42,537] {standard_task_runner.py:76} INFO - Running: ['***', 'tasks', 'run', 'example_bash_operator', 'runme_1', '2021-07-10T00:00:00+00:00', '--job-id', '6', '--pool', 'default_pool', '--raw', '--subdir', '/home/***/.local/lib/python3.6/site-packages/***/example_dags/example_bash_operator.py', '--cfg-path', '/tmp/tmp__lgosvl', '--error-file', '/tmp/tmp_b3kluir']
[2021-07-12 21:01:42,538] {standard_task_runner.py:77} INFO - Job 6: Subtask runme_1
[2021-07-12 21:01:42,619] {logging_mixin.py:104} INFO - Running <TaskInstance: example_bash_operator.runme_1 2021-07-10T00:00:00+00:00 [running]> on host 120364900fc4
[2021-07-12 21:01:42,710] {taskinstance.py:1302} INFO - Exporting the following env vars:
AIRFLOW_CTX_DAG_OWNER=***
AIRFLOW_CTX_DAG_ID=example_bash_operator
AIRFLOW_CTX_TASK_ID=runme_1
AIRFLOW_CTX_EXECUTION_DATE=2021-07-10T00:00:00+00:00
AIRFLOW_CTX_DAG_RUN_ID=scheduled__2021-07-10T00:00:00+00:00
[2021-07-12 21:01:42,710] {subprocess.py:52} INFO - Tmp dir root location: 
 /tmp
[2021-07-12 21:01:42,712] {subprocess.py:63} INFO - Running command: ['bash', '-c', 'echo "example_bash_operator__runme_1__20210710" && sleep 1']
[2021-07-12 21:01:42,736] {subprocess.py:75} INFO - Output:
[2021-07-12 21:01:42,740] {subprocess.py:79} INFO - example_bash_operator__runme_1__20210710
[2021-07-12 21:01:43,743] {subprocess.py:83} INFO - Command exited with return code 0
[2021-07-12 21:01:43,775] {taskinstance.py:1211} INFO - Marking task as SUCCESS. dag_id=example_bash_operator, task_id=runme_1, execution_date=20210710T000000, start_date=20210712T210142, end_date=20210712T210143
[2021-07-12 21:01:43,835] {taskinstance.py:1265} INFO - 0 downstream tasks scheduled from follow-on schedule check
[2021-07-12 21:01:43,852] {local_task_job.py:151} INFO - Task exited with return code 0
