[2021-07-15 21:42:31,148] {taskinstance.py:896} INFO - Dependencies all met for <TaskInstance: user_processing.extracting_user 2020-01-19T00:00:00+00:00 [queued]>
[2021-07-15 21:42:31,182] {taskinstance.py:896} INFO - Dependencies all met for <TaskInstance: user_processing.extracting_user 2020-01-19T00:00:00+00:00 [queued]>
[2021-07-15 21:42:31,183] {taskinstance.py:1087} INFO - 
--------------------------------------------------------------------------------
[2021-07-15 21:42:31,183] {taskinstance.py:1088} INFO - Starting attempt 1 of 1
[2021-07-15 21:42:31,183] {taskinstance.py:1089} INFO - 
--------------------------------------------------------------------------------
[2021-07-15 21:42:31,192] {taskinstance.py:1107} INFO - Executing <Task(SimpleHttpOperator): extracting_user> on 2020-01-19T00:00:00+00:00
[2021-07-15 21:42:31,197] {standard_task_runner.py:52} INFO - Started process 5517 to run task
[2021-07-15 21:42:31,222] {standard_task_runner.py:76} INFO - Running: ['***', 'tasks', 'run', 'user_processing', 'extracting_user', '2020-01-19T00:00:00+00:00', '--job-id', '130', '--pool', 'default_pool', '--raw', '--subdir', 'DAGS_FOLDER/user_processing.py', '--cfg-path', '/tmp/tmp711vdy6x', '--error-file', '/tmp/tmpv7n0yefu']
[2021-07-15 21:42:31,222] {standard_task_runner.py:77} INFO - Job 130: Subtask extracting_user
[2021-07-15 21:42:31,299] {logging_mixin.py:104} INFO - Running <TaskInstance: user_processing.extracting_user 2020-01-19T00:00:00+00:00 [running]> on host 120364900fc4
[2021-07-15 21:42:31,393] {taskinstance.py:1302} INFO - Exporting the following env vars:
AIRFLOW_CTX_DAG_OWNER=***
AIRFLOW_CTX_DAG_ID=user_processing
AIRFLOW_CTX_TASK_ID=extracting_user
AIRFLOW_CTX_EXECUTION_DATE=2020-01-19T00:00:00+00:00
AIRFLOW_CTX_DAG_RUN_ID=scheduled__2020-01-19T00:00:00+00:00
[2021-07-15 21:42:31,393] {http.py:111} INFO - Calling HTTP method
[2021-07-15 21:42:31,407] {base.py:78} INFO - Using connection to: id: user_api. Host: https://randomuser.me/, Port: None, Schema: , Login: , Password: None, extra: {}
[2021-07-15 21:42:31,409] {http.py:140} INFO - Sending 'GET' to url: https://randomuser.me/api/
[2021-07-15 21:42:31,849] {http.py:115} INFO - {"results":[{"gender":"male","name":{"title":"Mr","first":"Lorenzo","last":"Campos"},"location":{"street":{"number":9902,"name":"Calle Mota"},"city":"Alicante","state":"Andalucía","country":"Spain","postcode":56355,"coordinates":{"latitude":"-18.3206","longitude":"-23.4465"},"timezone":{"offset":"-4:00","description":"Atlantic Time (Canada), Caracas, La Paz"}},"email":"lorenzo.campos@example.com","login":{"uuid":"a14fd108-8a15-4c3a-99c3-2829eec79b8e","username":"smallelephant246","password":"magician","salt":"INhwVmQu","md5":"039f82ee84ebd461c5370c9e3427abc5","sha1":"c01ce0129017c7c3ffe0bb636d44b14c245c1c05","sha256":"4443edc7eb40aaafe93f3ce6a9999548ad1d42e40507572d76ae30254248825c"},"dob":{"date":"1973-01-15T15:35:20.935Z","age":48},"registered":{"date":"2004-09-04T22:07:53.046Z","age":17},"phone":"999-746-758","cell":"663-121-326","id":{"name":"DNI","value":"00534278-Z"},"picture":{"large":"https://randomuser.me/api/portraits/men/59.jpg","medium":"https://randomuser.me/api/portraits/med/men/59.jpg","thumbnail":"https://randomuser.me/api/portraits/thumb/men/59.jpg"},"nat":"ES"}],"info":{"seed":"4b9372a9b78cc030","results":1,"page":1,"version":"1.3"}}
[2021-07-15 21:42:31,897] {taskinstance.py:1211} INFO - Marking task as SUCCESS. dag_id=user_processing, task_id=extracting_user, execution_date=20200119T000000, start_date=20210715T214231, end_date=20210715T214231
[2021-07-15 21:42:31,951] {taskinstance.py:1265} INFO - 1 downstream tasks scheduled from follow-on schedule check
[2021-07-15 21:42:31,993] {local_task_job.py:151} INFO - Task exited with return code 0
