[2021-07-17 13:56:09,949] {taskinstance.py:896} INFO - Dependencies all met for <TaskInstance: user_processing.extracting_user 2020-03-08T00:00:00+00:00 [queued]>
[2021-07-17 13:56:09,962] {taskinstance.py:896} INFO - Dependencies all met for <TaskInstance: user_processing.extracting_user 2020-03-08T00:00:00+00:00 [queued]>
[2021-07-17 13:56:09,962] {taskinstance.py:1087} INFO - 
--------------------------------------------------------------------------------
[2021-07-17 13:56:09,962] {taskinstance.py:1088} INFO - Starting attempt 1 of 1
[2021-07-17 13:56:09,963] {taskinstance.py:1089} INFO - 
--------------------------------------------------------------------------------
[2021-07-17 13:56:09,978] {taskinstance.py:1107} INFO - Executing <Task(SimpleHttpOperator): extracting_user> on 2020-03-08T00:00:00+00:00
[2021-07-17 13:56:09,984] {standard_task_runner.py:52} INFO - Started process 7430 to run task
[2021-07-17 13:56:09,986] {standard_task_runner.py:76} INFO - Running: ['***', 'tasks', 'run', 'user_processing', 'extracting_user', '2020-03-08T00:00:00+00:00', '--job-id', '379', '--pool', 'default_pool', '--raw', '--subdir', 'DAGS_FOLDER/user_processing.py', '--cfg-path', '/tmp/tmpfjxovt1l', '--error-file', '/tmp/tmpxjih35jz']
[2021-07-17 13:56:09,993] {standard_task_runner.py:77} INFO - Job 379: Subtask extracting_user
[2021-07-17 13:56:10,054] {logging_mixin.py:104} INFO - Running <TaskInstance: user_processing.extracting_user 2020-03-08T00:00:00+00:00 [running]> on host 120364900fc4
[2021-07-17 13:56:10,156] {taskinstance.py:1302} INFO - Exporting the following env vars:
AIRFLOW_CTX_DAG_OWNER=***
AIRFLOW_CTX_DAG_ID=user_processing
AIRFLOW_CTX_TASK_ID=extracting_user
AIRFLOW_CTX_EXECUTION_DATE=2020-03-08T00:00:00+00:00
AIRFLOW_CTX_DAG_RUN_ID=scheduled__2020-03-08T00:00:00+00:00
[2021-07-17 13:56:10,158] {http.py:111} INFO - Calling HTTP method
[2021-07-17 13:56:10,171] {base.py:78} INFO - Using connection to: id: user_api. Host: https://randomuser.me/, Port: None, Schema: , Login: , Password: None, extra: {}
[2021-07-17 13:56:10,174] {http.py:140} INFO - Sending 'GET' to url: https://randomuser.me/api/
[2021-07-17 13:56:10,491] {http.py:115} INFO - {"results":[{"gender":"female","name":{"title":"Miss","first":"Mary","last":"Bowman"},"location":{"street":{"number":5062,"name":"Westmoreland Street"},"city":"Gorey","state":"Monaghan","country":"Ireland","postcode":37637,"coordinates":{"latitude":"20.7130","longitude":"31.4398"},"timezone":{"offset":"0:00","description":"Western Europe Time, London, Lisbon, Casablanca"}},"email":"mary.bowman@example.com","login":{"uuid":"b1468f6a-417f-4dfe-9399-49b6a058b96e","username":"organicelephant656","password":"morgan1","salt":"gB0194em","md5":"f401df1825b756b960f6725ef5225885","sha1":"faaec153c8b6908aebce53e81fddcb62c5bc03a7","sha256":"90af800eac72b3ae84073635ba57cdca0999f36a615577b7bb60614bc72eb48f"},"dob":{"date":"1983-10-12T11:05:18.805Z","age":38},"registered":{"date":"2009-07-08T11:51:16.310Z","age":12},"phone":"011-357-5384","cell":"081-092-0088","id":{"name":"PPS","value":"2366013T"},"picture":{"large":"https://randomuser.me/api/portraits/women/64.jpg","medium":"https://randomuser.me/api/portraits/med/women/64.jpg","thumbnail":"https://randomuser.me/api/portraits/thumb/women/64.jpg"},"nat":"IE"}],"info":{"seed":"98e35263fc142c8e","results":1,"page":1,"version":"1.3"}}
[2021-07-17 13:56:10,539] {taskinstance.py:1211} INFO - Marking task as SUCCESS. dag_id=user_processing, task_id=extracting_user, execution_date=20200308T000000, start_date=20210717T135609, end_date=20210717T135610
[2021-07-17 13:56:10,591] {taskinstance.py:1265} INFO - 1 downstream tasks scheduled from follow-on schedule check
[2021-07-17 13:56:10,622] {local_task_job.py:151} INFO - Task exited with return code 0
