[2021-07-17 13:58:36,138] {taskinstance.py:896} INFO - Dependencies all met for <TaskInstance: user_processing.extracting_user 2020-05-25T00:00:00+00:00 [queued]>
[2021-07-17 13:58:36,152] {taskinstance.py:896} INFO - Dependencies all met for <TaskInstance: user_processing.extracting_user 2020-05-25T00:00:00+00:00 [queued]>
[2021-07-17 13:58:36,153] {taskinstance.py:1087} INFO - 
--------------------------------------------------------------------------------
[2021-07-17 13:58:36,153] {taskinstance.py:1088} INFO - Starting attempt 1 of 1
[2021-07-17 13:58:36,153] {taskinstance.py:1089} INFO - 
--------------------------------------------------------------------------------
[2021-07-17 13:58:36,196] {taskinstance.py:1107} INFO - Executing <Task(SimpleHttpOperator): extracting_user> on 2020-05-25T00:00:00+00:00
[2021-07-17 13:58:36,200] {standard_task_runner.py:52} INFO - Started process 8679 to run task
[2021-07-17 13:58:36,204] {standard_task_runner.py:76} INFO - Running: ['***', 'tasks', 'run', 'user_processing', 'extracting_user', '2020-05-25T00:00:00+00:00', '--job-id', '774', '--pool', 'default_pool', '--raw', '--subdir', 'DAGS_FOLDER/user_processing.py', '--cfg-path', '/tmp/tmpybscmp7y', '--error-file', '/tmp/tmpn4srlrjy']
[2021-07-17 13:58:36,205] {standard_task_runner.py:77} INFO - Job 774: Subtask extracting_user
[2021-07-17 13:58:36,265] {logging_mixin.py:104} INFO - Running <TaskInstance: user_processing.extracting_user 2020-05-25T00:00:00+00:00 [running]> on host 120364900fc4
[2021-07-17 13:58:36,420] {taskinstance.py:1302} INFO - Exporting the following env vars:
AIRFLOW_CTX_DAG_OWNER=***
AIRFLOW_CTX_DAG_ID=user_processing
AIRFLOW_CTX_TASK_ID=extracting_user
AIRFLOW_CTX_EXECUTION_DATE=2020-05-25T00:00:00+00:00
AIRFLOW_CTX_DAG_RUN_ID=scheduled__2020-05-25T00:00:00+00:00
[2021-07-17 13:58:36,420] {http.py:111} INFO - Calling HTTP method
[2021-07-17 13:58:36,433] {base.py:78} INFO - Using connection to: id: user_api. Host: https://randomuser.me/, Port: None, Schema: , Login: , Password: None, extra: {}
[2021-07-17 13:58:36,436] {http.py:140} INFO - Sending 'GET' to url: https://randomuser.me/api/
[2021-07-17 13:58:36,742] {http.py:115} INFO - {"results":[{"gender":"female","name":{"title":"Ms","first":"Holly","last":"Robinson"},"location":{"street":{"number":3633,"name":"Saddle Dr"},"city":"Australian Capital Territory","state":"Queensland","country":"Australia","postcode":6986,"coordinates":{"latitude":"-83.9546","longitude":"153.6480"},"timezone":{"offset":"+9:00","description":"Tokyo, Seoul, Osaka, Sapporo, Yakutsk"}},"email":"holly.robinson@example.com","login":{"uuid":"6cde5b17-0cc3-4684-a651-45cd0743997b","username":"beautifulfrog411","password":"erika","salt":"YVnyFsyx","md5":"d91b8f482e9c99c88d6edf520238e82d","sha1":"2d03ad14fb3465e6ad2d94e26316c8c6b8ab9bb5","sha256":"c891d8dfc671c0d1127e715cf1c32e78462517e36025123be4f2bdaff3357fa1"},"dob":{"date":"1986-01-19T20:07:17.901Z","age":35},"registered":{"date":"2017-02-10T19:20:20.658Z","age":4},"phone":"04-2255-4728","cell":"0440-261-228","id":{"name":"TFN","value":"656224669"},"picture":{"large":"https://randomuser.me/api/portraits/women/4.jpg","medium":"https://randomuser.me/api/portraits/med/women/4.jpg","thumbnail":"https://randomuser.me/api/portraits/thumb/women/4.jpg"},"nat":"AU"}],"info":{"seed":"7b6642600635a84c","results":1,"page":1,"version":"1.3"}}
[2021-07-17 13:58:36,785] {taskinstance.py:1211} INFO - Marking task as SUCCESS. dag_id=user_processing, task_id=extracting_user, execution_date=20200525T000000, start_date=20210717T135836, end_date=20210717T135836
[2021-07-17 13:58:36,816] {taskinstance.py:1265} INFO - 1 downstream tasks scheduled from follow-on schedule check
[2021-07-17 13:58:36,835] {local_task_job.py:151} INFO - Task exited with return code 0
