[2021-07-17 13:58:38,108] {taskinstance.py:896} INFO - Dependencies all met for <TaskInstance: user_processing.extracting_user 2020-06-01T00:00:00+00:00 [queued]>
[2021-07-17 13:58:38,134] {taskinstance.py:896} INFO - Dependencies all met for <TaskInstance: user_processing.extracting_user 2020-06-01T00:00:00+00:00 [queued]>
[2021-07-17 13:58:38,134] {taskinstance.py:1087} INFO - 
--------------------------------------------------------------------------------
[2021-07-17 13:58:38,134] {taskinstance.py:1088} INFO - Starting attempt 1 of 1
[2021-07-17 13:58:38,134] {taskinstance.py:1089} INFO - 
--------------------------------------------------------------------------------
[2021-07-17 13:58:38,164] {taskinstance.py:1107} INFO - Executing <Task(SimpleHttpOperator): extracting_user> on 2020-06-01T00:00:00+00:00
[2021-07-17 13:58:38,176] {standard_task_runner.py:52} INFO - Started process 8717 to run task
[2021-07-17 13:58:38,193] {standard_task_runner.py:76} INFO - Running: ['***', 'tasks', 'run', 'user_processing', 'extracting_user', '2020-06-01T00:00:00+00:00', '--job-id', '793', '--pool', 'default_pool', '--raw', '--subdir', 'DAGS_FOLDER/user_processing.py', '--cfg-path', '/tmp/tmpdqtxmfvu', '--error-file', '/tmp/tmpew0zneam']
[2021-07-17 13:58:38,193] {standard_task_runner.py:77} INFO - Job 793: Subtask extracting_user
[2021-07-17 13:58:38,301] {logging_mixin.py:104} INFO - Running <TaskInstance: user_processing.extracting_user 2020-06-01T00:00:00+00:00 [running]> on host 120364900fc4
[2021-07-17 13:58:38,389] {taskinstance.py:1302} INFO - Exporting the following env vars:
AIRFLOW_CTX_DAG_OWNER=***
AIRFLOW_CTX_DAG_ID=user_processing
AIRFLOW_CTX_TASK_ID=extracting_user
AIRFLOW_CTX_EXECUTION_DATE=2020-06-01T00:00:00+00:00
AIRFLOW_CTX_DAG_RUN_ID=scheduled__2020-06-01T00:00:00+00:00
[2021-07-17 13:58:38,390] {http.py:111} INFO - Calling HTTP method
[2021-07-17 13:58:38,400] {base.py:78} INFO - Using connection to: id: user_api. Host: https://randomuser.me/, Port: None, Schema: , Login: , Password: None, extra: {}
[2021-07-17 13:58:38,402] {http.py:140} INFO - Sending 'GET' to url: https://randomuser.me/api/
[2021-07-17 13:58:38,795] {http.py:115} INFO - {"results":[{"gender":"male","name":{"title":"Mr","first":"Axel","last":"Hass"},"location":{"street":{"number":6746,"name":"Rosenstraße"},"city":"Lahnstein","state":"Hamburg","country":"Germany","postcode":24722,"coordinates":{"latitude":"-45.4226","longitude":"-132.0897"},"timezone":{"offset":"-8:00","description":"Pacific Time (US & Canada)"}},"email":"axel.hass@example.com","login":{"uuid":"142ac752-38c3-44ba-8853-81dea65c88dd","username":"greenelephant572","password":"kotaku","salt":"mHXmrSNa","md5":"78eba67def0fbcbf1d4ae34857e86fce","sha1":"5a620ef577a3545a3e5bda47859d14bc45fc8254","sha256":"c663f3d1712688ca605c499c44121364881b9b867ca68c771eedcd386aef4a1e"},"dob":{"date":"1948-09-14T20:30:16.206Z","age":73},"registered":{"date":"2016-08-07T18:55:45.918Z","age":5},"phone":"0643-7558840","cell":"0175-0298391","id":{"name":"","value":null},"picture":{"large":"https://randomuser.me/api/portraits/men/90.jpg","medium":"https://randomuser.me/api/portraits/med/men/90.jpg","thumbnail":"https://randomuser.me/api/portraits/thumb/men/90.jpg"},"nat":"DE"}],"info":{"seed":"dcb97f748e4fe89f","results":1,"page":1,"version":"1.3"}}
[2021-07-17 13:58:38,868] {taskinstance.py:1211} INFO - Marking task as SUCCESS. dag_id=user_processing, task_id=extracting_user, execution_date=20200601T000000, start_date=20210717T135838, end_date=20210717T135838
[2021-07-17 13:58:38,937] {taskinstance.py:1265} INFO - 1 downstream tasks scheduled from follow-on schedule check
[2021-07-17 13:58:38,961] {local_task_job.py:151} INFO - Task exited with return code 0
