[2021-07-13 22:35:31,028] {scheduler_job.py:182} INFO - Started process (PID=4758) to work on /opt/airflow/dags/user_processing.py
[2021-07-13 22:35:31,029] {scheduler_job.py:633} INFO - Processing file /opt/airflow/dags/user_processing.py for tasks to queue
[2021-07-13 22:35:31,030] {logging_mixin.py:104} INFO - [2021-07-13 22:35:31,029] {dagbag.py:496} INFO - Filling up the DagBag from /opt/airflow/dags/user_processing.py
[2021-07-13 22:35:31,031] {logging_mixin.py:104} INFO - [2021-07-13 22:35:31,030] {dagbag.py:329} ERROR - Failed to import: /opt/airflow/dags/user_processing.py
Traceback (most recent call last):
  File "/home/airflow/.local/lib/python3.6/site-packages/airflow/models/dagbag.py", line 326, in _load_modules_from_file
    loader.exec_module(new_module)
  File "<frozen importlib._bootstrap_external>", line 674, in exec_module
  File "<frozen importlib._bootstrap_external>", line 781, in get_code
  File "<frozen importlib._bootstrap_external>", line 741, in source_to_code
  File "<frozen importlib._bootstrap>", line 219, in _call_with_frames_removed
  File "/opt/airflow/dags/user_processing.py", line 18
    # Define tasks/operators
                           ^
SyntaxError: unexpected EOF while parsing
[2021-07-13 22:35:31,032] {scheduler_job.py:645} WARNING - No viable dags retrieved from /opt/airflow/dags/user_processing.py
[2021-07-13 22:35:31,040] {scheduler_job.py:190} INFO - Processing /opt/airflow/dags/user_processing.py took 0.015 seconds
[2021-07-13 22:36:01,267] {scheduler_job.py:182} INFO - Started process (PID=4810) to work on /opt/airflow/dags/user_processing.py
[2021-07-13 22:36:01,268] {scheduler_job.py:633} INFO - Processing file /opt/airflow/dags/user_processing.py for tasks to queue
[2021-07-13 22:36:01,268] {logging_mixin.py:104} INFO - [2021-07-13 22:36:01,268] {dagbag.py:496} INFO - Filling up the DagBag from /opt/airflow/dags/user_processing.py
[2021-07-13 22:36:01,269] {logging_mixin.py:104} INFO - [2021-07-13 22:36:01,269] {dagbag.py:329} ERROR - Failed to import: /opt/airflow/dags/user_processing.py
Traceback (most recent call last):
  File "/home/airflow/.local/lib/python3.6/site-packages/airflow/models/dagbag.py", line 326, in _load_modules_from_file
    loader.exec_module(new_module)
  File "<frozen importlib._bootstrap_external>", line 674, in exec_module
  File "<frozen importlib._bootstrap_external>", line 781, in get_code
  File "<frozen importlib._bootstrap_external>", line 741, in source_to_code
  File "<frozen importlib._bootstrap>", line 219, in _call_with_frames_removed
  File "/opt/airflow/dags/user_processing.py", line 18
    # Define tasks/operators
                           ^
SyntaxError: unexpected EOF while parsing
[2021-07-13 22:36:01,270] {scheduler_job.py:645} WARNING - No viable dags retrieved from /opt/airflow/dags/user_processing.py
[2021-07-13 22:36:01,280] {scheduler_job.py:190} INFO - Processing /opt/airflow/dags/user_processing.py took 0.016 seconds
[2021-07-13 22:36:31,323] {scheduler_job.py:182} INFO - Started process (PID=4876) to work on /opt/airflow/dags/user_processing.py
[2021-07-13 22:36:31,324] {scheduler_job.py:633} INFO - Processing file /opt/airflow/dags/user_processing.py for tasks to queue
[2021-07-13 22:36:31,324] {logging_mixin.py:104} INFO - [2021-07-13 22:36:31,324] {dagbag.py:496} INFO - Filling up the DagBag from /opt/airflow/dags/user_processing.py
[2021-07-13 22:36:31,325] {logging_mixin.py:104} INFO - [2021-07-13 22:36:31,325] {dagbag.py:329} ERROR - Failed to import: /opt/airflow/dags/user_processing.py
Traceback (most recent call last):
  File "/home/airflow/.local/lib/python3.6/site-packages/airflow/models/dagbag.py", line 326, in _load_modules_from_file
    loader.exec_module(new_module)
  File "<frozen importlib._bootstrap_external>", line 674, in exec_module
  File "<frozen importlib._bootstrap_external>", line 781, in get_code
  File "<frozen importlib._bootstrap_external>", line 741, in source_to_code
  File "<frozen importlib._bootstrap>", line 219, in _call_with_frames_removed
  File "/opt/airflow/dags/user_processing.py", line 18
    # Define tasks/operators
                           ^
SyntaxError: unexpected EOF while parsing
[2021-07-13 22:36:31,326] {scheduler_job.py:645} WARNING - No viable dags retrieved from /opt/airflow/dags/user_processing.py
[2021-07-13 22:36:31,352] {scheduler_job.py:190} INFO - Processing /opt/airflow/dags/user_processing.py took 0.033 seconds
[2021-07-13 22:37:01,586] {scheduler_job.py:182} INFO - Started process (PID=4939) to work on /opt/airflow/dags/user_processing.py
[2021-07-13 22:37:01,587] {scheduler_job.py:633} INFO - Processing file /opt/airflow/dags/user_processing.py for tasks to queue
[2021-07-13 22:37:01,588] {logging_mixin.py:104} INFO - [2021-07-13 22:37:01,588] {dagbag.py:496} INFO - Filling up the DagBag from /opt/airflow/dags/user_processing.py
[2021-07-13 22:37:01,589] {logging_mixin.py:104} INFO - [2021-07-13 22:37:01,589] {dagbag.py:329} ERROR - Failed to import: /opt/airflow/dags/user_processing.py
Traceback (most recent call last):
  File "/home/airflow/.local/lib/python3.6/site-packages/airflow/models/dagbag.py", line 326, in _load_modules_from_file
    loader.exec_module(new_module)
  File "<frozen importlib._bootstrap_external>", line 674, in exec_module
  File "<frozen importlib._bootstrap_external>", line 781, in get_code
  File "<frozen importlib._bootstrap_external>", line 741, in source_to_code
  File "<frozen importlib._bootstrap>", line 219, in _call_with_frames_removed
  File "/opt/airflow/dags/user_processing.py", line 18
    # Define tasks/operators
                           ^
SyntaxError: unexpected EOF while parsing
[2021-07-13 22:37:01,589] {scheduler_job.py:645} WARNING - No viable dags retrieved from /opt/airflow/dags/user_processing.py
[2021-07-13 22:37:01,641] {scheduler_job.py:190} INFO - Processing /opt/airflow/dags/user_processing.py took 0.058 seconds
[2021-07-13 22:37:31,657] {scheduler_job.py:182} INFO - Started process (PID=5004) to work on /opt/airflow/dags/user_processing.py
[2021-07-13 22:37:31,658] {scheduler_job.py:633} INFO - Processing file /opt/airflow/dags/user_processing.py for tasks to queue
[2021-07-13 22:37:31,658] {logging_mixin.py:104} INFO - [2021-07-13 22:37:31,658] {dagbag.py:496} INFO - Filling up the DagBag from /opt/airflow/dags/user_processing.py
[2021-07-13 22:37:31,659] {logging_mixin.py:104} INFO - [2021-07-13 22:37:31,659] {dagbag.py:329} ERROR - Failed to import: /opt/airflow/dags/user_processing.py
Traceback (most recent call last):
  File "/home/airflow/.local/lib/python3.6/site-packages/airflow/models/dagbag.py", line 326, in _load_modules_from_file
    loader.exec_module(new_module)
  File "<frozen importlib._bootstrap_external>", line 674, in exec_module
  File "<frozen importlib._bootstrap_external>", line 781, in get_code
  File "<frozen importlib._bootstrap_external>", line 741, in source_to_code
  File "<frozen importlib._bootstrap>", line 219, in _call_with_frames_removed
  File "/opt/airflow/dags/user_processing.py", line 18
    # Define tasks/operators
                           ^
SyntaxError: unexpected EOF while parsing
[2021-07-13 22:37:31,659] {scheduler_job.py:645} WARNING - No viable dags retrieved from /opt/airflow/dags/user_processing.py
[2021-07-13 22:37:31,669] {scheduler_job.py:190} INFO - Processing /opt/airflow/dags/user_processing.py took 0.013 seconds
[2021-07-13 22:38:01,863] {scheduler_job.py:182} INFO - Started process (PID=5056) to work on /opt/airflow/dags/user_processing.py
[2021-07-13 22:38:01,864] {scheduler_job.py:633} INFO - Processing file /opt/airflow/dags/user_processing.py for tasks to queue
[2021-07-13 22:38:01,864] {logging_mixin.py:104} INFO - [2021-07-13 22:38:01,864] {dagbag.py:496} INFO - Filling up the DagBag from /opt/airflow/dags/user_processing.py
[2021-07-13 22:38:01,866] {logging_mixin.py:104} INFO - [2021-07-13 22:38:01,865] {dagbag.py:329} ERROR - Failed to import: /opt/airflow/dags/user_processing.py
Traceback (most recent call last):
  File "/home/airflow/.local/lib/python3.6/site-packages/airflow/models/dagbag.py", line 326, in _load_modules_from_file
    loader.exec_module(new_module)
  File "<frozen importlib._bootstrap_external>", line 674, in exec_module
  File "<frozen importlib._bootstrap_external>", line 781, in get_code
  File "<frozen importlib._bootstrap_external>", line 741, in source_to_code
  File "<frozen importlib._bootstrap>", line 219, in _call_with_frames_removed
  File "/opt/airflow/dags/user_processing.py", line 18
    # Define tasks/operators
                           ^
SyntaxError: unexpected EOF while parsing
[2021-07-13 22:38:01,866] {scheduler_job.py:645} WARNING - No viable dags retrieved from /opt/airflow/dags/user_processing.py
[2021-07-13 22:38:01,919] {scheduler_job.py:190} INFO - Processing /opt/airflow/dags/user_processing.py took 0.057 seconds
[2021-07-13 22:38:09,648] {scheduler_job.py:182} INFO - Started process (PID=5089) to work on /opt/airflow/dags/user_processing.py
[2021-07-13 22:38:09,648] {scheduler_job.py:633} INFO - Processing file /opt/airflow/dags/user_processing.py for tasks to queue
[2021-07-13 22:38:09,649] {logging_mixin.py:104} INFO - [2021-07-13 22:38:09,648] {dagbag.py:496} INFO - Filling up the DagBag from /opt/airflow/dags/user_processing.py
[2021-07-13 22:38:09,649] {logging_mixin.py:104} INFO - [2021-07-13 22:38:09,649] {dagbag.py:329} ERROR - Failed to import: /opt/airflow/dags/user_processing.py
Traceback (most recent call last):
  File "/home/airflow/.local/lib/python3.6/site-packages/airflow/models/dagbag.py", line 326, in _load_modules_from_file
    loader.exec_module(new_module)
  File "<frozen importlib._bootstrap_external>", line 674, in exec_module
  File "<frozen importlib._bootstrap_external>", line 781, in get_code
  File "<frozen importlib._bootstrap_external>", line 741, in source_to_code
  File "<frozen importlib._bootstrap>", line 219, in _call_with_frames_removed
  File "/opt/airflow/dags/user_processing.py", line 26
    # Define tasks/operators
                           ^
SyntaxError: unexpected EOF while parsing
[2021-07-13 22:38:09,650] {scheduler_job.py:645} WARNING - No viable dags retrieved from /opt/airflow/dags/user_processing.py
[2021-07-13 22:38:09,698] {scheduler_job.py:190} INFO - Processing /opt/airflow/dags/user_processing.py took 0.054 seconds
[2021-07-13 22:38:39,933] {scheduler_job.py:182} INFO - Started process (PID=5150) to work on /opt/airflow/dags/user_processing.py
[2021-07-13 22:38:39,934] {scheduler_job.py:633} INFO - Processing file /opt/airflow/dags/user_processing.py for tasks to queue
[2021-07-13 22:38:39,934] {logging_mixin.py:104} INFO - [2021-07-13 22:38:39,934] {dagbag.py:496} INFO - Filling up the DagBag from /opt/airflow/dags/user_processing.py
[2021-07-13 22:38:39,935] {logging_mixin.py:104} INFO - [2021-07-13 22:38:39,935] {dagbag.py:329} ERROR - Failed to import: /opt/airflow/dags/user_processing.py
Traceback (most recent call last):
  File "/home/airflow/.local/lib/python3.6/site-packages/airflow/models/dagbag.py", line 326, in _load_modules_from_file
    loader.exec_module(new_module)
  File "<frozen importlib._bootstrap_external>", line 674, in exec_module
  File "<frozen importlib._bootstrap_external>", line 781, in get_code
  File "<frozen importlib._bootstrap_external>", line 741, in source_to_code
  File "<frozen importlib._bootstrap>", line 219, in _call_with_frames_removed
  File "/opt/airflow/dags/user_processing.py", line 26
    # Define tasks/operators
                           ^
SyntaxError: unexpected EOF while parsing
[2021-07-13 22:38:39,936] {scheduler_job.py:645} WARNING - No viable dags retrieved from /opt/airflow/dags/user_processing.py
[2021-07-13 22:38:39,947] {scheduler_job.py:190} INFO - Processing /opt/airflow/dags/user_processing.py took 0.017 seconds
[2021-07-13 22:39:10,002] {scheduler_job.py:182} INFO - Started process (PID=5203) to work on /opt/airflow/dags/user_processing.py
[2021-07-13 22:39:10,003] {scheduler_job.py:633} INFO - Processing file /opt/airflow/dags/user_processing.py for tasks to queue
[2021-07-13 22:39:10,004] {logging_mixin.py:104} INFO - [2021-07-13 22:39:10,004] {dagbag.py:496} INFO - Filling up the DagBag from /opt/airflow/dags/user_processing.py
[2021-07-13 22:39:10,006] {logging_mixin.py:104} INFO - [2021-07-13 22:39:10,005] {dagbag.py:329} ERROR - Failed to import: /opt/airflow/dags/user_processing.py
Traceback (most recent call last):
  File "/home/airflow/.local/lib/python3.6/site-packages/airflow/models/dagbag.py", line 326, in _load_modules_from_file
    loader.exec_module(new_module)
  File "<frozen importlib._bootstrap_external>", line 674, in exec_module
  File "<frozen importlib._bootstrap_external>", line 781, in get_code
  File "<frozen importlib._bootstrap_external>", line 741, in source_to_code
  File "<frozen importlib._bootstrap>", line 219, in _call_with_frames_removed
  File "/opt/airflow/dags/user_processing.py", line 26
    # Define tasks/operators
                           ^
SyntaxError: unexpected EOF while parsing
[2021-07-13 22:39:10,007] {scheduler_job.py:645} WARNING - No viable dags retrieved from /opt/airflow/dags/user_processing.py
[2021-07-13 22:39:10,018] {scheduler_job.py:190} INFO - Processing /opt/airflow/dags/user_processing.py took 0.019 seconds
[2021-07-13 22:39:40,323] {scheduler_job.py:182} INFO - Started process (PID=5265) to work on /opt/airflow/dags/user_processing.py
[2021-07-13 22:39:40,325] {scheduler_job.py:633} INFO - Processing file /opt/airflow/dags/user_processing.py for tasks to queue
[2021-07-13 22:39:40,325] {logging_mixin.py:104} INFO - [2021-07-13 22:39:40,325] {dagbag.py:496} INFO - Filling up the DagBag from /opt/airflow/dags/user_processing.py
[2021-07-13 22:39:40,327] {logging_mixin.py:104} INFO - [2021-07-13 22:39:40,326] {dagbag.py:329} ERROR - Failed to import: /opt/airflow/dags/user_processing.py
Traceback (most recent call last):
  File "/home/airflow/.local/lib/python3.6/site-packages/airflow/models/dagbag.py", line 326, in _load_modules_from_file
    loader.exec_module(new_module)
  File "<frozen importlib._bootstrap_external>", line 674, in exec_module
  File "<frozen importlib._bootstrap_external>", line 781, in get_code
  File "<frozen importlib._bootstrap_external>", line 741, in source_to_code
  File "<frozen importlib._bootstrap>", line 219, in _call_with_frames_removed
  File "/opt/airflow/dags/user_processing.py", line 26
    # Define tasks/operators
                           ^
SyntaxError: unexpected EOF while parsing
[2021-07-13 22:39:40,327] {scheduler_job.py:645} WARNING - No viable dags retrieved from /opt/airflow/dags/user_processing.py
[2021-07-13 22:39:40,375] {scheduler_job.py:190} INFO - Processing /opt/airflow/dags/user_processing.py took 0.054 seconds
[2021-07-13 22:40:11,379] {scheduler_job.py:182} INFO - Started process (PID=5327) to work on /opt/airflow/dags/user_processing.py
[2021-07-13 22:40:11,380] {scheduler_job.py:633} INFO - Processing file /opt/airflow/dags/user_processing.py for tasks to queue
[2021-07-13 22:40:11,380] {logging_mixin.py:104} INFO - [2021-07-13 22:40:11,380] {dagbag.py:496} INFO - Filling up the DagBag from /opt/airflow/dags/user_processing.py
[2021-07-13 22:40:11,382] {logging_mixin.py:104} INFO - [2021-07-13 22:40:11,382] {dagbag.py:329} ERROR - Failed to import: /opt/airflow/dags/user_processing.py
Traceback (most recent call last):
  File "/home/airflow/.local/lib/python3.6/site-packages/airflow/models/dagbag.py", line 326, in _load_modules_from_file
    loader.exec_module(new_module)
  File "<frozen importlib._bootstrap_external>", line 674, in exec_module
  File "<frozen importlib._bootstrap_external>", line 781, in get_code
  File "<frozen importlib._bootstrap_external>", line 741, in source_to_code
  File "<frozen importlib._bootstrap>", line 219, in _call_with_frames_removed
  File "/opt/airflow/dags/user_processing.py", line 26
    # Define tasks/operators
                           ^
SyntaxError: unexpected EOF while parsing
[2021-07-13 22:40:11,383] {scheduler_job.py:645} WARNING - No viable dags retrieved from /opt/airflow/dags/user_processing.py
[2021-07-13 22:40:11,432] {scheduler_job.py:190} INFO - Processing /opt/airflow/dags/user_processing.py took 0.055 seconds
[2021-07-13 22:40:41,519] {scheduler_job.py:182} INFO - Started process (PID=5379) to work on /opt/airflow/dags/user_processing.py
[2021-07-13 22:40:41,520] {scheduler_job.py:633} INFO - Processing file /opt/airflow/dags/user_processing.py for tasks to queue
[2021-07-13 22:40:41,520] {logging_mixin.py:104} INFO - [2021-07-13 22:40:41,520] {dagbag.py:496} INFO - Filling up the DagBag from /opt/airflow/dags/user_processing.py
[2021-07-13 22:40:41,522] {logging_mixin.py:104} INFO - [2021-07-13 22:40:41,521] {dagbag.py:329} ERROR - Failed to import: /opt/airflow/dags/user_processing.py
Traceback (most recent call last):
  File "/home/airflow/.local/lib/python3.6/site-packages/airflow/models/dagbag.py", line 326, in _load_modules_from_file
    loader.exec_module(new_module)
  File "<frozen importlib._bootstrap_external>", line 674, in exec_module
  File "<frozen importlib._bootstrap_external>", line 781, in get_code
  File "<frozen importlib._bootstrap_external>", line 741, in source_to_code
  File "<frozen importlib._bootstrap>", line 219, in _call_with_frames_removed
  File "/opt/airflow/dags/user_processing.py", line 26
    # Define tasks/operators
                           ^
SyntaxError: unexpected EOF while parsing
[2021-07-13 22:40:41,522] {scheduler_job.py:645} WARNING - No viable dags retrieved from /opt/airflow/dags/user_processing.py
[2021-07-13 22:40:41,572] {scheduler_job.py:190} INFO - Processing /opt/airflow/dags/user_processing.py took 0.056 seconds
[2021-07-13 22:41:11,586] {scheduler_job.py:182} INFO - Started process (PID=5441) to work on /opt/airflow/dags/user_processing.py
[2021-07-13 22:41:11,587] {scheduler_job.py:633} INFO - Processing file /opt/airflow/dags/user_processing.py for tasks to queue
[2021-07-13 22:41:11,587] {logging_mixin.py:104} INFO - [2021-07-13 22:41:11,587] {dagbag.py:496} INFO - Filling up the DagBag from /opt/airflow/dags/user_processing.py
[2021-07-13 22:41:11,589] {logging_mixin.py:104} INFO - [2021-07-13 22:41:11,588] {dagbag.py:329} ERROR - Failed to import: /opt/airflow/dags/user_processing.py
Traceback (most recent call last):
  File "/home/airflow/.local/lib/python3.6/site-packages/airflow/models/dagbag.py", line 326, in _load_modules_from_file
    loader.exec_module(new_module)
  File "<frozen importlib._bootstrap_external>", line 674, in exec_module
  File "<frozen importlib._bootstrap_external>", line 781, in get_code
  File "<frozen importlib._bootstrap_external>", line 741, in source_to_code
  File "<frozen importlib._bootstrap>", line 219, in _call_with_frames_removed
  File "/opt/airflow/dags/user_processing.py", line 26
    # Define tasks/operators
                           ^
SyntaxError: unexpected EOF while parsing
[2021-07-13 22:41:11,589] {scheduler_job.py:645} WARNING - No viable dags retrieved from /opt/airflow/dags/user_processing.py
[2021-07-13 22:41:11,638] {scheduler_job.py:190} INFO - Processing /opt/airflow/dags/user_processing.py took 0.055 seconds
[2021-07-13 22:41:41,859] {scheduler_job.py:182} INFO - Started process (PID=5504) to work on /opt/airflow/dags/user_processing.py
[2021-07-13 22:41:41,860] {scheduler_job.py:633} INFO - Processing file /opt/airflow/dags/user_processing.py for tasks to queue
[2021-07-13 22:41:41,860] {logging_mixin.py:104} INFO - [2021-07-13 22:41:41,860] {dagbag.py:496} INFO - Filling up the DagBag from /opt/airflow/dags/user_processing.py
[2021-07-13 22:41:41,861] {logging_mixin.py:104} INFO - [2021-07-13 22:41:41,861] {dagbag.py:329} ERROR - Failed to import: /opt/airflow/dags/user_processing.py
Traceback (most recent call last):
  File "/home/airflow/.local/lib/python3.6/site-packages/airflow/models/dagbag.py", line 326, in _load_modules_from_file
    loader.exec_module(new_module)
  File "<frozen importlib._bootstrap_external>", line 674, in exec_module
  File "<frozen importlib._bootstrap_external>", line 781, in get_code
  File "<frozen importlib._bootstrap_external>", line 741, in source_to_code
  File "<frozen importlib._bootstrap>", line 219, in _call_with_frames_removed
  File "/opt/airflow/dags/user_processing.py", line 26
    # Define tasks/operators
                           ^
SyntaxError: unexpected EOF while parsing
[2021-07-13 22:41:41,861] {scheduler_job.py:645} WARNING - No viable dags retrieved from /opt/airflow/dags/user_processing.py
[2021-07-13 22:41:41,910] {scheduler_job.py:190} INFO - Processing /opt/airflow/dags/user_processing.py took 0.053 seconds
[2021-07-13 22:42:11,945] {scheduler_job.py:182} INFO - Started process (PID=5565) to work on /opt/airflow/dags/user_processing.py
[2021-07-13 22:42:11,946] {scheduler_job.py:633} INFO - Processing file /opt/airflow/dags/user_processing.py for tasks to queue
[2021-07-13 22:42:11,946] {logging_mixin.py:104} INFO - [2021-07-13 22:42:11,946] {dagbag.py:496} INFO - Filling up the DagBag from /opt/airflow/dags/user_processing.py
[2021-07-13 22:42:11,947] {logging_mixin.py:104} INFO - [2021-07-13 22:42:11,947] {dagbag.py:329} ERROR - Failed to import: /opt/airflow/dags/user_processing.py
Traceback (most recent call last):
  File "/home/airflow/.local/lib/python3.6/site-packages/airflow/models/dagbag.py", line 326, in _load_modules_from_file
    loader.exec_module(new_module)
  File "<frozen importlib._bootstrap_external>", line 674, in exec_module
  File "<frozen importlib._bootstrap_external>", line 781, in get_code
  File "<frozen importlib._bootstrap_external>", line 741, in source_to_code
  File "<frozen importlib._bootstrap>", line 219, in _call_with_frames_removed
  File "/opt/airflow/dags/user_processing.py", line 26
    # Define tasks/operators
                           ^
SyntaxError: unexpected EOF while parsing
[2021-07-13 22:42:11,948] {scheduler_job.py:645} WARNING - No viable dags retrieved from /opt/airflow/dags/user_processing.py
[2021-07-13 22:42:11,960] {scheduler_job.py:190} INFO - Processing /opt/airflow/dags/user_processing.py took 0.017 seconds
[2021-07-13 22:42:41,977] {scheduler_job.py:182} INFO - Started process (PID=5618) to work on /opt/airflow/dags/user_processing.py
[2021-07-13 22:42:41,978] {scheduler_job.py:633} INFO - Processing file /opt/airflow/dags/user_processing.py for tasks to queue
[2021-07-13 22:42:41,978] {logging_mixin.py:104} INFO - [2021-07-13 22:42:41,978] {dagbag.py:496} INFO - Filling up the DagBag from /opt/airflow/dags/user_processing.py
[2021-07-13 22:42:41,980] {logging_mixin.py:104} INFO - [2021-07-13 22:42:41,979] {dagbag.py:329} ERROR - Failed to import: /opt/airflow/dags/user_processing.py
Traceback (most recent call last):
  File "/home/airflow/.local/lib/python3.6/site-packages/airflow/models/dagbag.py", line 326, in _load_modules_from_file
    loader.exec_module(new_module)
  File "<frozen importlib._bootstrap_external>", line 674, in exec_module
  File "<frozen importlib._bootstrap_external>", line 781, in get_code
  File "<frozen importlib._bootstrap_external>", line 741, in source_to_code
  File "<frozen importlib._bootstrap>", line 219, in _call_with_frames_removed
  File "/opt/airflow/dags/user_processing.py", line 26
    # Define tasks/operators
                           ^
SyntaxError: unexpected EOF while parsing
[2021-07-13 22:42:41,980] {scheduler_job.py:645} WARNING - No viable dags retrieved from /opt/airflow/dags/user_processing.py
[2021-07-13 22:42:42,003] {scheduler_job.py:190} INFO - Processing /opt/airflow/dags/user_processing.py took 0.027 seconds
[2021-07-13 22:42:53,190] {scheduler_job.py:182} INFO - Started process (PID=5634) to work on /opt/airflow/dags/user_processing.py
[2021-07-13 22:42:53,190] {scheduler_job.py:633} INFO - Processing file /opt/airflow/dags/user_processing.py for tasks to queue
[2021-07-13 22:42:53,191] {logging_mixin.py:104} INFO - [2021-07-13 22:42:53,191] {dagbag.py:496} INFO - Filling up the DagBag from /opt/airflow/dags/user_processing.py
[2021-07-13 22:42:53,244] {scheduler_job.py:643} INFO - DAG(s) dict_keys(['user_processing']) retrieved from /opt/airflow/dags/user_processing.py
[2021-07-13 22:42:56,648] {logging_mixin.py:104} INFO - [2021-07-13 22:42:56,648] {dag.py:1833} INFO - Sync 1 DAGs
[2021-07-13 22:42:56,657] {logging_mixin.py:104} INFO - [2021-07-13 22:42:56,656] {dag.py:1852} INFO - Creating ORM DAG for user_processing
[2021-07-13 22:42:56,663] {logging_mixin.py:104} INFO - [2021-07-13 22:42:56,663] {dag.py:2306} INFO - Setting next_dagrun for user_processing to 2021-07-12 00:00:00+00:00
[2021-07-13 22:42:56,672] {scheduler_job.py:190} INFO - Processing /opt/airflow/dags/user_processing.py took 3.484 seconds
[2021-07-13 22:42:57,690] {scheduler_job.py:182} INFO - Started process (PID=5653) to work on /opt/airflow/dags/user_processing.py
[2021-07-13 22:42:57,691] {scheduler_job.py:633} INFO - Processing file /opt/airflow/dags/user_processing.py for tasks to queue
[2021-07-13 22:42:57,691] {logging_mixin.py:104} INFO - [2021-07-13 22:42:57,691] {dagbag.py:496} INFO - Filling up the DagBag from /opt/airflow/dags/user_processing.py
[2021-07-13 22:42:57,703] {scheduler_job.py:643} INFO - DAG(s) dict_keys(['user_processing']) retrieved from /opt/airflow/dags/user_processing.py
[2021-07-13 22:42:57,712] {logging_mixin.py:104} INFO - [2021-07-13 22:42:57,712] {dag.py:1833} INFO - Sync 1 DAGs
[2021-07-13 22:42:57,723] {logging_mixin.py:104} INFO - [2021-07-13 22:42:57,723] {dag.py:2306} INFO - Setting next_dagrun for user_processing to 2021-07-12 00:00:00+00:00
[2021-07-13 22:42:57,727] {scheduler_job.py:190} INFO - Processing /opt/airflow/dags/user_processing.py took 0.039 seconds
[2021-07-13 22:43:27,874] {scheduler_job.py:182} INFO - Started process (PID=5705) to work on /opt/airflow/dags/user_processing.py
[2021-07-13 22:43:27,875] {scheduler_job.py:633} INFO - Processing file /opt/airflow/dags/user_processing.py for tasks to queue
[2021-07-13 22:43:27,875] {logging_mixin.py:104} INFO - [2021-07-13 22:43:27,875] {dagbag.py:496} INFO - Filling up the DagBag from /opt/airflow/dags/user_processing.py
[2021-07-13 22:43:27,884] {scheduler_job.py:643} INFO - DAG(s) dict_keys(['user_processing']) retrieved from /opt/airflow/dags/user_processing.py
[2021-07-13 22:43:27,896] {logging_mixin.py:104} INFO - [2021-07-13 22:43:27,896] {dag.py:1833} INFO - Sync 1 DAGs
[2021-07-13 22:43:27,910] {logging_mixin.py:104} INFO - [2021-07-13 22:43:27,910] {dag.py:2306} INFO - Setting next_dagrun for user_processing to 2021-07-12 00:00:00+00:00
[2021-07-13 22:43:27,914] {scheduler_job.py:190} INFO - Processing /opt/airflow/dags/user_processing.py took 0.042 seconds
[2021-07-13 22:43:57,954] {scheduler_job.py:182} INFO - Started process (PID=5767) to work on /opt/airflow/dags/user_processing.py
[2021-07-13 22:43:57,955] {scheduler_job.py:633} INFO - Processing file /opt/airflow/dags/user_processing.py for tasks to queue
[2021-07-13 22:43:57,956] {logging_mixin.py:104} INFO - [2021-07-13 22:43:57,956] {dagbag.py:496} INFO - Filling up the DagBag from /opt/airflow/dags/user_processing.py
[2021-07-13 22:43:57,966] {scheduler_job.py:643} INFO - DAG(s) dict_keys(['user_processing']) retrieved from /opt/airflow/dags/user_processing.py
[2021-07-13 22:43:57,979] {logging_mixin.py:104} INFO - [2021-07-13 22:43:57,979] {dag.py:1833} INFO - Sync 1 DAGs
[2021-07-13 22:43:57,990] {logging_mixin.py:104} INFO - [2021-07-13 22:43:57,990] {dag.py:2306} INFO - Setting next_dagrun for user_processing to 2021-07-12 00:00:00+00:00
[2021-07-13 22:43:58,034] {scheduler_job.py:190} INFO - Processing /opt/airflow/dags/user_processing.py took 0.082 seconds
[2021-07-13 22:44:28,046] {scheduler_job.py:182} INFO - Started process (PID=5831) to work on /opt/airflow/dags/user_processing.py
[2021-07-13 22:44:28,048] {scheduler_job.py:633} INFO - Processing file /opt/airflow/dags/user_processing.py for tasks to queue
[2021-07-13 22:44:28,048] {logging_mixin.py:104} INFO - [2021-07-13 22:44:28,048] {dagbag.py:496} INFO - Filling up the DagBag from /opt/airflow/dags/user_processing.py
[2021-07-13 22:44:28,058] {scheduler_job.py:643} INFO - DAG(s) dict_keys(['user_processing']) retrieved from /opt/airflow/dags/user_processing.py
[2021-07-13 22:44:28,068] {logging_mixin.py:104} INFO - [2021-07-13 22:44:28,068] {dag.py:1833} INFO - Sync 1 DAGs
[2021-07-13 22:44:28,076] {logging_mixin.py:104} INFO - [2021-07-13 22:44:28,076] {dag.py:2306} INFO - Setting next_dagrun for user_processing to 2021-07-12 00:00:00+00:00
[2021-07-13 22:44:28,119] {scheduler_job.py:190} INFO - Processing /opt/airflow/dags/user_processing.py took 0.075 seconds
[2021-07-13 22:44:58,277] {scheduler_job.py:182} INFO - Started process (PID=5883) to work on /opt/airflow/dags/user_processing.py
[2021-07-13 22:44:58,278] {scheduler_job.py:633} INFO - Processing file /opt/airflow/dags/user_processing.py for tasks to queue
[2021-07-13 22:44:58,278] {logging_mixin.py:104} INFO - [2021-07-13 22:44:58,278] {dagbag.py:496} INFO - Filling up the DagBag from /opt/airflow/dags/user_processing.py
[2021-07-13 22:44:58,287] {scheduler_job.py:643} INFO - DAG(s) dict_keys(['user_processing']) retrieved from /opt/airflow/dags/user_processing.py
[2021-07-13 22:44:58,301] {logging_mixin.py:104} INFO - [2021-07-13 22:44:58,301] {dag.py:1833} INFO - Sync 1 DAGs
[2021-07-13 22:44:58,311] {logging_mixin.py:104} INFO - [2021-07-13 22:44:58,311] {dag.py:2306} INFO - Setting next_dagrun for user_processing to 2021-07-12 00:00:00+00:00
[2021-07-13 22:44:58,314] {scheduler_job.py:190} INFO - Processing /opt/airflow/dags/user_processing.py took 0.039 seconds
[2021-07-13 22:45:28,365] {scheduler_job.py:182} INFO - Started process (PID=5945) to work on /opt/airflow/dags/user_processing.py
[2021-07-13 22:45:28,366] {scheduler_job.py:633} INFO - Processing file /opt/airflow/dags/user_processing.py for tasks to queue
[2021-07-13 22:45:28,366] {logging_mixin.py:104} INFO - [2021-07-13 22:45:28,366] {dagbag.py:496} INFO - Filling up the DagBag from /opt/airflow/dags/user_processing.py
[2021-07-13 22:45:28,375] {scheduler_job.py:643} INFO - DAG(s) dict_keys(['user_processing']) retrieved from /opt/airflow/dags/user_processing.py
[2021-07-13 22:45:28,386] {logging_mixin.py:104} INFO - [2021-07-13 22:45:28,386] {dag.py:1833} INFO - Sync 1 DAGs
[2021-07-13 22:45:28,394] {logging_mixin.py:104} INFO - [2021-07-13 22:45:28,394] {dag.py:2306} INFO - Setting next_dagrun for user_processing to 2021-07-12 00:00:00+00:00
[2021-07-13 22:45:28,398] {scheduler_job.py:190} INFO - Processing /opt/airflow/dags/user_processing.py took 0.036 seconds
[2021-07-13 22:45:58,503] {scheduler_job.py:182} INFO - Started process (PID=6008) to work on /opt/airflow/dags/user_processing.py
[2021-07-13 22:45:58,504] {scheduler_job.py:633} INFO - Processing file /opt/airflow/dags/user_processing.py for tasks to queue
[2021-07-13 22:45:58,505] {logging_mixin.py:104} INFO - [2021-07-13 22:45:58,504] {dagbag.py:496} INFO - Filling up the DagBag from /opt/airflow/dags/user_processing.py
[2021-07-13 22:45:58,514] {scheduler_job.py:643} INFO - DAG(s) dict_keys(['user_processing']) retrieved from /opt/airflow/dags/user_processing.py
[2021-07-13 22:45:58,524] {logging_mixin.py:104} INFO - [2021-07-13 22:45:58,524] {dag.py:1833} INFO - Sync 1 DAGs
[2021-07-13 22:45:58,532] {logging_mixin.py:104} INFO - [2021-07-13 22:45:58,532] {dag.py:2306} INFO - Setting next_dagrun for user_processing to 2021-07-12 00:00:00+00:00
[2021-07-13 22:45:58,536] {scheduler_job.py:190} INFO - Processing /opt/airflow/dags/user_processing.py took 0.035 seconds
[2021-07-13 22:46:28,569] {scheduler_job.py:182} INFO - Started process (PID=6061) to work on /opt/airflow/dags/user_processing.py
[2021-07-13 22:46:28,570] {scheduler_job.py:633} INFO - Processing file /opt/airflow/dags/user_processing.py for tasks to queue
[2021-07-13 22:46:28,570] {logging_mixin.py:104} INFO - [2021-07-13 22:46:28,570] {dagbag.py:496} INFO - Filling up the DagBag from /opt/airflow/dags/user_processing.py
[2021-07-13 22:46:28,580] {scheduler_job.py:643} INFO - DAG(s) dict_keys(['user_processing']) retrieved from /opt/airflow/dags/user_processing.py
[2021-07-13 22:46:28,592] {logging_mixin.py:104} INFO - [2021-07-13 22:46:28,592] {dag.py:1833} INFO - Sync 1 DAGs
[2021-07-13 22:46:28,602] {logging_mixin.py:104} INFO - [2021-07-13 22:46:28,602] {dag.py:2306} INFO - Setting next_dagrun for user_processing to 2021-07-12 00:00:00+00:00
[2021-07-13 22:46:28,646] {scheduler_job.py:190} INFO - Processing /opt/airflow/dags/user_processing.py took 0.079 seconds
[2021-07-13 22:46:58,699] {scheduler_job.py:182} INFO - Started process (PID=6123) to work on /opt/airflow/dags/user_processing.py
[2021-07-13 22:46:58,700] {scheduler_job.py:633} INFO - Processing file /opt/airflow/dags/user_processing.py for tasks to queue
[2021-07-13 22:46:58,700] {logging_mixin.py:104} INFO - [2021-07-13 22:46:58,700] {dagbag.py:496} INFO - Filling up the DagBag from /opt/airflow/dags/user_processing.py
[2021-07-13 22:46:58,709] {scheduler_job.py:643} INFO - DAG(s) dict_keys(['user_processing']) retrieved from /opt/airflow/dags/user_processing.py
[2021-07-13 22:46:58,722] {logging_mixin.py:104} INFO - [2021-07-13 22:46:58,721] {dag.py:1833} INFO - Sync 1 DAGs
[2021-07-13 22:46:58,732] {logging_mixin.py:104} INFO - [2021-07-13 22:46:58,732] {dag.py:2306} INFO - Setting next_dagrun for user_processing to 2021-07-12 00:00:00+00:00
[2021-07-13 22:46:58,775] {scheduler_job.py:190} INFO - Processing /opt/airflow/dags/user_processing.py took 0.077 seconds
[2021-07-13 22:47:28,944] {scheduler_job.py:182} INFO - Started process (PID=6185) to work on /opt/airflow/dags/user_processing.py
[2021-07-13 22:47:28,945] {scheduler_job.py:633} INFO - Processing file /opt/airflow/dags/user_processing.py for tasks to queue
[2021-07-13 22:47:28,945] {logging_mixin.py:104} INFO - [2021-07-13 22:47:28,945] {dagbag.py:496} INFO - Filling up the DagBag from /opt/airflow/dags/user_processing.py
[2021-07-13 22:47:28,957] {scheduler_job.py:643} INFO - DAG(s) dict_keys(['user_processing']) retrieved from /opt/airflow/dags/user_processing.py
[2021-07-13 22:47:28,969] {logging_mixin.py:104} INFO - [2021-07-13 22:47:28,969] {dag.py:1833} INFO - Sync 1 DAGs
[2021-07-13 22:47:28,978] {logging_mixin.py:104} INFO - [2021-07-13 22:47:28,978] {dag.py:2306} INFO - Setting next_dagrun for user_processing to 2021-07-12 00:00:00+00:00
[2021-07-13 22:47:29,021] {scheduler_job.py:190} INFO - Processing /opt/airflow/dags/user_processing.py took 0.080 seconds
[2021-07-13 22:47:59,199] {scheduler_job.py:182} INFO - Started process (PID=6249) to work on /opt/airflow/dags/user_processing.py
[2021-07-13 22:47:59,200] {scheduler_job.py:633} INFO - Processing file /opt/airflow/dags/user_processing.py for tasks to queue
[2021-07-13 22:47:59,200] {logging_mixin.py:104} INFO - [2021-07-13 22:47:59,200] {dagbag.py:496} INFO - Filling up the DagBag from /opt/airflow/dags/user_processing.py
[2021-07-13 22:47:59,210] {scheduler_job.py:643} INFO - DAG(s) dict_keys(['user_processing']) retrieved from /opt/airflow/dags/user_processing.py
[2021-07-13 22:47:59,220] {logging_mixin.py:104} INFO - [2021-07-13 22:47:59,220] {dag.py:1833} INFO - Sync 1 DAGs
[2021-07-13 22:47:59,229] {logging_mixin.py:104} INFO - [2021-07-13 22:47:59,229] {dag.py:2306} INFO - Setting next_dagrun for user_processing to 2021-07-12 00:00:00+00:00
[2021-07-13 22:47:59,244] {scheduler_job.py:190} INFO - Processing /opt/airflow/dags/user_processing.py took 0.048 seconds
[2021-07-13 22:48:29,367] {scheduler_job.py:182} INFO - Started process (PID=6303) to work on /opt/airflow/dags/user_processing.py
[2021-07-13 22:48:29,367] {scheduler_job.py:633} INFO - Processing file /opt/airflow/dags/user_processing.py for tasks to queue
[2021-07-13 22:48:29,368] {logging_mixin.py:104} INFO - [2021-07-13 22:48:29,368] {dagbag.py:496} INFO - Filling up the DagBag from /opt/airflow/dags/user_processing.py
[2021-07-13 22:48:29,380] {scheduler_job.py:643} INFO - DAG(s) dict_keys(['user_processing']) retrieved from /opt/airflow/dags/user_processing.py
[2021-07-13 22:48:29,390] {logging_mixin.py:104} INFO - [2021-07-13 22:48:29,390] {dag.py:1833} INFO - Sync 1 DAGs
[2021-07-13 22:48:29,399] {logging_mixin.py:104} INFO - [2021-07-13 22:48:29,399] {dag.py:2306} INFO - Setting next_dagrun for user_processing to 2021-07-12 00:00:00+00:00
[2021-07-13 22:48:29,443] {scheduler_job.py:190} INFO - Processing /opt/airflow/dags/user_processing.py took 0.079 seconds
[2021-07-13 22:48:59,509] {scheduler_job.py:182} INFO - Started process (PID=6365) to work on /opt/airflow/dags/user_processing.py
[2021-07-13 22:48:59,510] {scheduler_job.py:633} INFO - Processing file /opt/airflow/dags/user_processing.py for tasks to queue
[2021-07-13 22:48:59,510] {logging_mixin.py:104} INFO - [2021-07-13 22:48:59,510] {dagbag.py:496} INFO - Filling up the DagBag from /opt/airflow/dags/user_processing.py
[2021-07-13 22:48:59,523] {scheduler_job.py:643} INFO - DAG(s) dict_keys(['user_processing']) retrieved from /opt/airflow/dags/user_processing.py
[2021-07-13 22:48:59,535] {logging_mixin.py:104} INFO - [2021-07-13 22:48:59,535] {dag.py:1833} INFO - Sync 1 DAGs
[2021-07-13 22:48:59,543] {logging_mixin.py:104} INFO - [2021-07-13 22:48:59,543] {dag.py:2306} INFO - Setting next_dagrun for user_processing to 2021-07-12 00:00:00+00:00
[2021-07-13 22:48:59,547] {scheduler_job.py:190} INFO - Processing /opt/airflow/dags/user_processing.py took 0.040 seconds
[2021-07-13 22:49:29,622] {scheduler_job.py:182} INFO - Started process (PID=6427) to work on /opt/airflow/dags/user_processing.py
[2021-07-13 22:49:29,622] {scheduler_job.py:633} INFO - Processing file /opt/airflow/dags/user_processing.py for tasks to queue
[2021-07-13 22:49:29,623] {logging_mixin.py:104} INFO - [2021-07-13 22:49:29,623] {dagbag.py:496} INFO - Filling up the DagBag from /opt/airflow/dags/user_processing.py
[2021-07-13 22:49:29,633] {scheduler_job.py:643} INFO - DAG(s) dict_keys(['user_processing']) retrieved from /opt/airflow/dags/user_processing.py
[2021-07-13 22:49:29,646] {logging_mixin.py:104} INFO - [2021-07-13 22:49:29,646] {dag.py:1833} INFO - Sync 1 DAGs
[2021-07-13 22:49:29,660] {logging_mixin.py:104} INFO - [2021-07-13 22:49:29,660] {dag.py:2306} INFO - Setting next_dagrun for user_processing to 2021-07-12 00:00:00+00:00
[2021-07-13 22:49:29,664] {scheduler_job.py:190} INFO - Processing /opt/airflow/dags/user_processing.py took 0.045 seconds
[2021-07-13 22:49:59,748] {scheduler_job.py:182} INFO - Started process (PID=6480) to work on /opt/airflow/dags/user_processing.py
[2021-07-13 22:49:59,749] {scheduler_job.py:633} INFO - Processing file /opt/airflow/dags/user_processing.py for tasks to queue
[2021-07-13 22:49:59,750] {logging_mixin.py:104} INFO - [2021-07-13 22:49:59,750] {dagbag.py:496} INFO - Filling up the DagBag from /opt/airflow/dags/user_processing.py
[2021-07-13 22:49:59,759] {scheduler_job.py:643} INFO - DAG(s) dict_keys(['user_processing']) retrieved from /opt/airflow/dags/user_processing.py
[2021-07-13 22:49:59,773] {logging_mixin.py:104} INFO - [2021-07-13 22:49:59,773] {dag.py:1833} INFO - Sync 1 DAGs
[2021-07-13 22:49:59,782] {logging_mixin.py:104} INFO - [2021-07-13 22:49:59,782] {dag.py:2306} INFO - Setting next_dagrun for user_processing to 2021-07-12 00:00:00+00:00
[2021-07-13 22:49:59,825] {scheduler_job.py:190} INFO - Processing /opt/airflow/dags/user_processing.py took 0.080 seconds
[2021-07-13 22:50:30,688] {scheduler_job.py:182} INFO - Started process (PID=6542) to work on /opt/airflow/dags/user_processing.py
[2021-07-13 22:50:30,689] {scheduler_job.py:633} INFO - Processing file /opt/airflow/dags/user_processing.py for tasks to queue
[2021-07-13 22:50:30,689] {logging_mixin.py:104} INFO - [2021-07-13 22:50:30,689] {dagbag.py:496} INFO - Filling up the DagBag from /opt/airflow/dags/user_processing.py
[2021-07-13 22:50:30,700] {scheduler_job.py:643} INFO - DAG(s) dict_keys(['user_processing']) retrieved from /opt/airflow/dags/user_processing.py
[2021-07-13 22:50:30,713] {logging_mixin.py:104} INFO - [2021-07-13 22:50:30,713] {dag.py:1833} INFO - Sync 1 DAGs
[2021-07-13 22:50:30,728] {logging_mixin.py:104} INFO - [2021-07-13 22:50:30,728] {dag.py:2306} INFO - Setting next_dagrun for user_processing to 2021-07-12 00:00:00+00:00
[2021-07-13 22:50:30,772] {scheduler_job.py:190} INFO - Processing /opt/airflow/dags/user_processing.py took 0.086 seconds
[2021-07-13 22:51:00,869] {scheduler_job.py:182} INFO - Started process (PID=6604) to work on /opt/airflow/dags/user_processing.py
[2021-07-13 22:51:00,870] {scheduler_job.py:633} INFO - Processing file /opt/airflow/dags/user_processing.py for tasks to queue
[2021-07-13 22:51:00,870] {logging_mixin.py:104} INFO - [2021-07-13 22:51:00,870] {dagbag.py:496} INFO - Filling up the DagBag from /opt/airflow/dags/user_processing.py
[2021-07-13 22:51:00,883] {scheduler_job.py:643} INFO - DAG(s) dict_keys(['user_processing']) retrieved from /opt/airflow/dags/user_processing.py
[2021-07-13 22:51:00,895] {logging_mixin.py:104} INFO - [2021-07-13 22:51:00,895] {dag.py:1833} INFO - Sync 1 DAGs
[2021-07-13 22:51:00,906] {logging_mixin.py:104} INFO - [2021-07-13 22:51:00,906] {dag.py:2306} INFO - Setting next_dagrun for user_processing to 2021-07-12 00:00:00+00:00
[2021-07-13 22:51:00,949] {scheduler_job.py:190} INFO - Processing /opt/airflow/dags/user_processing.py took 0.082 seconds
[2021-07-13 22:51:31,122] {scheduler_job.py:182} INFO - Started process (PID=6666) to work on /opt/airflow/dags/user_processing.py
[2021-07-13 22:51:31,123] {scheduler_job.py:633} INFO - Processing file /opt/airflow/dags/user_processing.py for tasks to queue
[2021-07-13 22:51:31,123] {logging_mixin.py:104} INFO - [2021-07-13 22:51:31,123] {dagbag.py:496} INFO - Filling up the DagBag from /opt/airflow/dags/user_processing.py
[2021-07-13 22:51:31,132] {scheduler_job.py:643} INFO - DAG(s) dict_keys(['user_processing']) retrieved from /opt/airflow/dags/user_processing.py
[2021-07-13 22:51:31,143] {logging_mixin.py:104} INFO - [2021-07-13 22:51:31,143] {dag.py:1833} INFO - Sync 1 DAGs
[2021-07-13 22:51:31,153] {logging_mixin.py:104} INFO - [2021-07-13 22:51:31,153] {dag.py:2306} INFO - Setting next_dagrun for user_processing to 2021-07-12 00:00:00+00:00
[2021-07-13 22:51:31,157] {scheduler_job.py:190} INFO - Processing /opt/airflow/dags/user_processing.py took 0.037 seconds
[2021-07-13 22:52:01,401] {scheduler_job.py:182} INFO - Started process (PID=6718) to work on /opt/airflow/dags/user_processing.py
[2021-07-13 22:52:01,401] {scheduler_job.py:633} INFO - Processing file /opt/airflow/dags/user_processing.py for tasks to queue
[2021-07-13 22:52:01,401] {logging_mixin.py:104} INFO - [2021-07-13 22:52:01,401] {dagbag.py:496} INFO - Filling up the DagBag from /opt/airflow/dags/user_processing.py
[2021-07-13 22:52:01,410] {scheduler_job.py:643} INFO - DAG(s) dict_keys(['user_processing']) retrieved from /opt/airflow/dags/user_processing.py
[2021-07-13 22:52:01,422] {logging_mixin.py:104} INFO - [2021-07-13 22:52:01,422] {dag.py:1833} INFO - Sync 1 DAGs
[2021-07-13 22:52:01,433] {logging_mixin.py:104} INFO - [2021-07-13 22:52:01,433] {dag.py:2306} INFO - Setting next_dagrun for user_processing to 2021-07-12 00:00:00+00:00
[2021-07-13 22:52:01,476] {scheduler_job.py:190} INFO - Processing /opt/airflow/dags/user_processing.py took 0.078 seconds
[2021-07-13 22:52:31,506] {scheduler_job.py:182} INFO - Started process (PID=6782) to work on /opt/airflow/dags/user_processing.py
[2021-07-13 22:52:31,506] {scheduler_job.py:633} INFO - Processing file /opt/airflow/dags/user_processing.py for tasks to queue
[2021-07-13 22:52:31,507] {logging_mixin.py:104} INFO - [2021-07-13 22:52:31,507] {dagbag.py:496} INFO - Filling up the DagBag from /opt/airflow/dags/user_processing.py
[2021-07-13 22:52:31,518] {scheduler_job.py:643} INFO - DAG(s) dict_keys(['user_processing']) retrieved from /opt/airflow/dags/user_processing.py
[2021-07-13 22:52:31,528] {logging_mixin.py:104} INFO - [2021-07-13 22:52:31,528] {dag.py:1833} INFO - Sync 1 DAGs
[2021-07-13 22:52:31,538] {logging_mixin.py:104} INFO - [2021-07-13 22:52:31,538] {dag.py:2306} INFO - Setting next_dagrun for user_processing to 2021-07-12 00:00:00+00:00
[2021-07-13 22:52:31,542] {scheduler_job.py:190} INFO - Processing /opt/airflow/dags/user_processing.py took 0.039 seconds
[2021-07-13 22:53:01,664] {scheduler_job.py:182} INFO - Started process (PID=6844) to work on /opt/airflow/dags/user_processing.py
[2021-07-13 22:53:01,664] {scheduler_job.py:633} INFO - Processing file /opt/airflow/dags/user_processing.py for tasks to queue
[2021-07-13 22:53:01,664] {logging_mixin.py:104} INFO - [2021-07-13 22:53:01,664] {dagbag.py:496} INFO - Filling up the DagBag from /opt/airflow/dags/user_processing.py
[2021-07-13 22:53:01,673] {scheduler_job.py:643} INFO - DAG(s) dict_keys(['user_processing']) retrieved from /opt/airflow/dags/user_processing.py
[2021-07-13 22:53:01,687] {logging_mixin.py:104} INFO - [2021-07-13 22:53:01,687] {dag.py:1833} INFO - Sync 1 DAGs
[2021-07-13 22:53:01,697] {logging_mixin.py:104} INFO - [2021-07-13 22:53:01,697] {dag.py:2306} INFO - Setting next_dagrun for user_processing to 2021-07-12 00:00:00+00:00
[2021-07-13 22:53:01,701] {scheduler_job.py:190} INFO - Processing /opt/airflow/dags/user_processing.py took 0.039 seconds
[2021-07-13 22:53:32,059] {scheduler_job.py:182} INFO - Started process (PID=6896) to work on /opt/airflow/dags/user_processing.py
[2021-07-13 22:53:32,059] {scheduler_job.py:633} INFO - Processing file /opt/airflow/dags/user_processing.py for tasks to queue
[2021-07-13 22:53:32,060] {logging_mixin.py:104} INFO - [2021-07-13 22:53:32,060] {dagbag.py:496} INFO - Filling up the DagBag from /opt/airflow/dags/user_processing.py
[2021-07-13 22:53:32,068] {scheduler_job.py:643} INFO - DAG(s) dict_keys(['user_processing']) retrieved from /opt/airflow/dags/user_processing.py
[2021-07-13 22:53:32,082] {logging_mixin.py:104} INFO - [2021-07-13 22:53:32,082] {dag.py:1833} INFO - Sync 1 DAGs
[2021-07-13 22:53:32,091] {logging_mixin.py:104} INFO - [2021-07-13 22:53:32,091] {dag.py:2306} INFO - Setting next_dagrun for user_processing to 2021-07-12 00:00:00+00:00
[2021-07-13 22:53:32,095] {scheduler_job.py:190} INFO - Processing /opt/airflow/dags/user_processing.py took 0.037 seconds
[2021-07-13 22:54:02,951] {scheduler_job.py:182} INFO - Started process (PID=6958) to work on /opt/airflow/dags/user_processing.py
[2021-07-13 22:54:02,952] {scheduler_job.py:633} INFO - Processing file /opt/airflow/dags/user_processing.py for tasks to queue
[2021-07-13 22:54:02,953] {logging_mixin.py:104} INFO - [2021-07-13 22:54:02,953] {dagbag.py:496} INFO - Filling up the DagBag from /opt/airflow/dags/user_processing.py
[2021-07-13 22:54:02,963] {scheduler_job.py:643} INFO - DAG(s) dict_keys(['user_processing']) retrieved from /opt/airflow/dags/user_processing.py
[2021-07-13 22:54:02,976] {logging_mixin.py:104} INFO - [2021-07-13 22:54:02,976] {dag.py:1833} INFO - Sync 1 DAGs
[2021-07-13 22:54:02,992] {logging_mixin.py:104} INFO - [2021-07-13 22:54:02,992] {dag.py:2306} INFO - Setting next_dagrun for user_processing to 2021-07-12 00:00:00+00:00
[2021-07-13 22:54:03,035] {scheduler_job.py:190} INFO - Processing /opt/airflow/dags/user_processing.py took 0.086 seconds
[2021-07-13 22:54:33,228] {scheduler_job.py:182} INFO - Started process (PID=7020) to work on /opt/airflow/dags/user_processing.py
[2021-07-13 22:54:33,229] {scheduler_job.py:633} INFO - Processing file /opt/airflow/dags/user_processing.py for tasks to queue
[2021-07-13 22:54:33,229] {logging_mixin.py:104} INFO - [2021-07-13 22:54:33,229] {dagbag.py:496} INFO - Filling up the DagBag from /opt/airflow/dags/user_processing.py
[2021-07-13 22:54:33,238] {scheduler_job.py:643} INFO - DAG(s) dict_keys(['user_processing']) retrieved from /opt/airflow/dags/user_processing.py
[2021-07-13 22:54:33,251] {logging_mixin.py:104} INFO - [2021-07-13 22:54:33,251] {dag.py:1833} INFO - Sync 1 DAGs
[2021-07-13 22:54:33,260] {logging_mixin.py:104} INFO - [2021-07-13 22:54:33,260] {dag.py:2306} INFO - Setting next_dagrun for user_processing to 2021-07-12 00:00:00+00:00
[2021-07-13 22:54:33,303] {scheduler_job.py:190} INFO - Processing /opt/airflow/dags/user_processing.py took 0.078 seconds
[2021-07-13 22:54:51,491] {scheduler_job.py:182} INFO - Started process (PID=7037) to work on /opt/airflow/dags/user_processing.py
[2021-07-13 22:54:51,491] {scheduler_job.py:633} INFO - Processing file /opt/airflow/dags/user_processing.py for tasks to queue
[2021-07-13 22:54:51,492] {logging_mixin.py:104} INFO - [2021-07-13 22:54:51,492] {dagbag.py:496} INFO - Filling up the DagBag from /opt/airflow/dags/user_processing.py
[2021-07-13 22:54:51,502] {scheduler_job.py:643} INFO - DAG(s) dict_keys(['user_processing']) retrieved from /opt/airflow/dags/user_processing.py
[2021-07-13 22:54:51,621] {logging_mixin.py:104} INFO - [2021-07-13 22:54:51,621] {dag.py:1833} INFO - Sync 1 DAGs
[2021-07-13 22:54:51,628] {logging_mixin.py:104} INFO - [2021-07-13 22:54:51,628] {dag.py:2306} INFO - Setting next_dagrun for user_processing to 2021-07-12 00:00:00+00:00
[2021-07-13 22:54:51,673] {scheduler_job.py:190} INFO - Processing /opt/airflow/dags/user_processing.py took 0.184 seconds
[2021-07-13 22:55:21,833] {scheduler_job.py:182} INFO - Started process (PID=7100) to work on /opt/airflow/dags/user_processing.py
[2021-07-13 22:55:21,834] {scheduler_job.py:633} INFO - Processing file /opt/airflow/dags/user_processing.py for tasks to queue
[2021-07-13 22:55:21,834] {logging_mixin.py:104} INFO - [2021-07-13 22:55:21,834] {dagbag.py:496} INFO - Filling up the DagBag from /opt/airflow/dags/user_processing.py
[2021-07-13 22:55:21,847] {scheduler_job.py:643} INFO - DAG(s) dict_keys(['user_processing']) retrieved from /opt/airflow/dags/user_processing.py
[2021-07-13 22:55:21,858] {logging_mixin.py:104} INFO - [2021-07-13 22:55:21,858] {dag.py:1833} INFO - Sync 1 DAGs
[2021-07-13 22:55:21,869] {logging_mixin.py:104} INFO - [2021-07-13 22:55:21,869] {dag.py:2306} INFO - Setting next_dagrun for user_processing to 2021-07-12 00:00:00+00:00
[2021-07-13 22:55:21,873] {scheduler_job.py:190} INFO - Processing /opt/airflow/dags/user_processing.py took 0.043 seconds
[2021-07-13 22:55:52,736] {scheduler_job.py:182} INFO - Started process (PID=7162) to work on /opt/airflow/dags/user_processing.py
[2021-07-13 22:55:52,736] {scheduler_job.py:633} INFO - Processing file /opt/airflow/dags/user_processing.py for tasks to queue
[2021-07-13 22:55:52,737] {logging_mixin.py:104} INFO - [2021-07-13 22:55:52,737] {dagbag.py:496} INFO - Filling up the DagBag from /opt/airflow/dags/user_processing.py
[2021-07-13 22:55:52,748] {scheduler_job.py:643} INFO - DAG(s) dict_keys(['user_processing']) retrieved from /opt/airflow/dags/user_processing.py
[2021-07-13 22:55:52,761] {logging_mixin.py:104} INFO - [2021-07-13 22:55:52,761] {dag.py:1833} INFO - Sync 1 DAGs
[2021-07-13 22:55:52,770] {logging_mixin.py:104} INFO - [2021-07-13 22:55:52,770] {dag.py:2306} INFO - Setting next_dagrun for user_processing to 2021-07-12 00:00:00+00:00
[2021-07-13 22:55:52,813] {scheduler_job.py:190} INFO - Processing /opt/airflow/dags/user_processing.py took 0.080 seconds
[2021-07-13 22:56:22,907] {scheduler_job.py:182} INFO - Started process (PID=7225) to work on /opt/airflow/dags/user_processing.py
[2021-07-13 22:56:22,907] {scheduler_job.py:633} INFO - Processing file /opt/airflow/dags/user_processing.py for tasks to queue
[2021-07-13 22:56:22,908] {logging_mixin.py:104} INFO - [2021-07-13 22:56:22,908] {dagbag.py:496} INFO - Filling up the DagBag from /opt/airflow/dags/user_processing.py
[2021-07-13 22:56:22,919] {scheduler_job.py:643} INFO - DAG(s) dict_keys(['user_processing']) retrieved from /opt/airflow/dags/user_processing.py
[2021-07-13 22:56:22,931] {logging_mixin.py:104} INFO - [2021-07-13 22:56:22,931] {dag.py:1833} INFO - Sync 1 DAGs
[2021-07-13 22:56:22,940] {logging_mixin.py:104} INFO - [2021-07-13 22:56:22,940] {dag.py:2306} INFO - Setting next_dagrun for user_processing to 2021-07-12 00:00:00+00:00
[2021-07-13 22:56:22,944] {scheduler_job.py:190} INFO - Processing /opt/airflow/dags/user_processing.py took 0.039 seconds
