[2021-07-17 13:56:38,039] {taskinstance.py:896} INFO - Dependencies all met for <TaskInstance: user_processing.extracting_user 2020-04-01T00:00:00+00:00 [queued]>
[2021-07-17 13:56:38,056] {taskinstance.py:896} INFO - Dependencies all met for <TaskInstance: user_processing.extracting_user 2020-04-01T00:00:00+00:00 [queued]>
[2021-07-17 13:56:38,058] {taskinstance.py:1087} INFO - 
--------------------------------------------------------------------------------
[2021-07-17 13:56:38,058] {taskinstance.py:1088} INFO - Starting attempt 1 of 1
[2021-07-17 13:56:38,058] {taskinstance.py:1089} INFO - 
--------------------------------------------------------------------------------
[2021-07-17 13:56:38,083] {taskinstance.py:1107} INFO - Executing <Task(SimpleHttpOperator): extracting_user> on 2020-04-01T00:00:00+00:00
[2021-07-17 13:56:38,089] {standard_task_runner.py:52} INFO - Started process 7744 to run task
[2021-07-17 13:56:38,100] {standard_task_runner.py:76} INFO - Running: ['***', 'tasks', 'run', 'user_processing', 'extracting_user', '2020-04-01T00:00:00+00:00', '--job-id', '487', '--pool', 'default_pool', '--raw', '--subdir', 'DAGS_FOLDER/user_processing.py', '--cfg-path', '/tmp/tmphtyuz7vo', '--error-file', '/tmp/tmphmod2a97']
[2021-07-17 13:56:38,101] {standard_task_runner.py:77} INFO - Job 487: Subtask extracting_user
[2021-07-17 13:56:38,185] {logging_mixin.py:104} INFO - Running <TaskInstance: user_processing.extracting_user 2020-04-01T00:00:00+00:00 [running]> on host 120364900fc4
[2021-07-17 13:56:38,312] {taskinstance.py:1302} INFO - Exporting the following env vars:
AIRFLOW_CTX_DAG_OWNER=***
AIRFLOW_CTX_DAG_ID=user_processing
AIRFLOW_CTX_TASK_ID=extracting_user
AIRFLOW_CTX_EXECUTION_DATE=2020-04-01T00:00:00+00:00
AIRFLOW_CTX_DAG_RUN_ID=scheduled__2020-04-01T00:00:00+00:00
[2021-07-17 13:56:38,313] {http.py:111} INFO - Calling HTTP method
[2021-07-17 13:56:38,328] {base.py:78} INFO - Using connection to: id: user_api. Host: https://randomuser.me/, Port: None, Schema: , Login: , Password: None, extra: {}
[2021-07-17 13:56:38,331] {http.py:140} INFO - Sending 'GET' to url: https://randomuser.me/api/
[2021-07-17 13:56:38,628] {http.py:115} INFO - {"results":[{"gender":"female","name":{"title":"Madame","first":"Martha","last":"Leclercq"},"location":{"street":{"number":8480,"name":"Rue Duguesclin"},"city":"Krauchthal","state":"Appenzell Innerrhoden","country":"Switzerland","postcode":3508,"coordinates":{"latitude":"-52.1744","longitude":"148.9542"},"timezone":{"offset":"+4:30","description":"Kabul"}},"email":"martha.leclercq@example.com","login":{"uuid":"a84add71-7800-4cff-9647-b984cb4010eb","username":"lazypanda618","password":"crazybab","salt":"FdaV79Jy","md5":"64775b0d57ca9a2bc1ab15b2fa3cc703","sha1":"923cf90c3d353153b4b0f212cf2e01a4a68150e7","sha256":"eefb16200a5907ea385f692c4b2f4d9e937dc9ebae10f64534dc73f2d1b1e54e"},"dob":{"date":"1974-09-28T19:31:02.225Z","age":47},"registered":{"date":"2006-12-15T11:51:43.007Z","age":15},"phone":"075 009 74 15","cell":"079 707 59 01","id":{"name":"AVS","value":"756.6642.4925.19"},"picture":{"large":"https://randomuser.me/api/portraits/women/77.jpg","medium":"https://randomuser.me/api/portraits/med/women/77.jpg","thumbnail":"https://randomuser.me/api/portraits/thumb/women/77.jpg"},"nat":"CH"}],"info":{"seed":"7835f08d51f10b27","results":1,"page":1,"version":"1.3"}}
[2021-07-17 13:56:38,651] {taskinstance.py:1211} INFO - Marking task as SUCCESS. dag_id=user_processing, task_id=extracting_user, execution_date=20200401T000000, start_date=20210717T135638, end_date=20210717T135638
[2021-07-17 13:56:38,682] {taskinstance.py:1265} INFO - 1 downstream tasks scheduled from follow-on schedule check
[2021-07-17 13:56:38,713] {local_task_job.py:151} INFO - Task exited with return code 0
