[2021-07-17 13:59:43,061] {taskinstance.py:896} INFO - Dependencies all met for <TaskInstance: parallel_dag.bash_task2 2021-07-17T13:59:38.534695+00:00 [queued]>
[2021-07-17 13:59:43,070] {taskinstance.py:896} INFO - Dependencies all met for <TaskInstance: parallel_dag.bash_task2 2021-07-17T13:59:38.534695+00:00 [queued]>
[2021-07-17 13:59:43,070] {taskinstance.py:1087} INFO - 
--------------------------------------------------------------------------------
[2021-07-17 13:59:43,070] {taskinstance.py:1088} INFO - Starting attempt 1 of 1
[2021-07-17 13:59:43,070] {taskinstance.py:1089} INFO - 
--------------------------------------------------------------------------------
[2021-07-17 13:59:43,080] {taskinstance.py:1107} INFO - Executing <Task(BashOperator): bash_task2> on 2021-07-17T13:59:38.534695+00:00
[2021-07-17 13:59:43,083] {standard_task_runner.py:52} INFO - Started process 8947 to run task
[2021-07-17 13:59:43,086] {standard_task_runner.py:76} INFO - Running: ['***', 'tasks', 'run', 'parallel_dag', 'bash_task2', '2021-07-17T13:59:38.534695+00:00', '--job-id', '835', '--pool', 'default_pool', '--raw', '--subdir', 'DAGS_FOLDER/parallel_dag.py', '--cfg-path', '/tmp/tmpe3t2tw00', '--error-file', '/tmp/tmpi58tqc84']
[2021-07-17 13:59:43,086] {standard_task_runner.py:77} INFO - Job 835: Subtask bash_task2
[2021-07-17 13:59:43,126] {logging_mixin.py:104} INFO - Running <TaskInstance: parallel_dag.bash_task2 2021-07-17T13:59:38.534695+00:00 [running]> on host 120364900fc4
[2021-07-17 13:59:43,174] {taskinstance.py:1302} INFO - Exporting the following env vars:
AIRFLOW_CTX_DAG_OWNER=***
AIRFLOW_CTX_DAG_ID=parallel_dag
AIRFLOW_CTX_TASK_ID=bash_task2
AIRFLOW_CTX_EXECUTION_DATE=2021-07-17T13:59:38.534695+00:00
AIRFLOW_CTX_DAG_RUN_ID=manual__2021-07-17T13:59:38.534695+00:00
[2021-07-17 13:59:43,175] {subprocess.py:52} INFO - Tmp dir root location: 
 /tmp
[2021-07-17 13:59:43,176] {subprocess.py:63} INFO - Running command: ['bash', '-c', 'sleep 3']
[2021-07-17 13:59:43,183] {subprocess.py:75} INFO - Output:
[2021-07-17 13:59:46,185] {subprocess.py:83} INFO - Command exited with return code 0
[2021-07-17 13:59:46,213] {taskinstance.py:1211} INFO - Marking task as SUCCESS. dag_id=parallel_dag, task_id=bash_task2, execution_date=20210717T135938, start_date=20210717T135943, end_date=20210717T135946
[2021-07-17 13:59:46,233] {taskinstance.py:1265} INFO - 0 downstream tasks scheduled from follow-on schedule check
[2021-07-17 13:59:46,263] {local_task_job.py:151} INFO - Task exited with return code 0
