[2021-07-15 21:43:37,388] {taskinstance.py:896} INFO - Dependencies all met for <TaskInstance: user_processing.extracting_user 2020-03-01T00:00:00+00:00 [queued]>
[2021-07-15 21:43:37,405] {taskinstance.py:896} INFO - Dependencies all met for <TaskInstance: user_processing.extracting_user 2020-03-01T00:00:00+00:00 [queued]>
[2021-07-15 21:43:37,406] {taskinstance.py:1087} INFO - 
--------------------------------------------------------------------------------
[2021-07-15 21:43:37,406] {taskinstance.py:1088} INFO - Starting attempt 1 of 1
[2021-07-15 21:43:37,406] {taskinstance.py:1089} INFO - 
--------------------------------------------------------------------------------
[2021-07-15 21:43:37,412] {taskinstance.py:1107} INFO - Executing <Task(SimpleHttpOperator): extracting_user> on 2020-03-01T00:00:00+00:00
[2021-07-15 21:43:37,418] {standard_task_runner.py:52} INFO - Started process 6100 to run task
[2021-07-15 21:43:37,421] {standard_task_runner.py:76} INFO - Running: ['***', 'tasks', 'run', 'user_processing', 'extracting_user', '2020-03-01T00:00:00+00:00', '--job-id', '328', '--pool', 'default_pool', '--raw', '--subdir', 'DAGS_FOLDER/user_processing.py', '--cfg-path', '/tmp/tmphbkkskj5', '--error-file', '/tmp/tmp8f0age2i']
[2021-07-15 21:43:37,422] {standard_task_runner.py:77} INFO - Job 328: Subtask extracting_user
[2021-07-15 21:43:37,478] {logging_mixin.py:104} INFO - Running <TaskInstance: user_processing.extracting_user 2020-03-01T00:00:00+00:00 [running]> on host 120364900fc4
[2021-07-15 21:43:37,589] {taskinstance.py:1302} INFO - Exporting the following env vars:
AIRFLOW_CTX_DAG_OWNER=***
AIRFLOW_CTX_DAG_ID=user_processing
AIRFLOW_CTX_TASK_ID=extracting_user
AIRFLOW_CTX_EXECUTION_DATE=2020-03-01T00:00:00+00:00
AIRFLOW_CTX_DAG_RUN_ID=scheduled__2020-03-01T00:00:00+00:00
[2021-07-15 21:43:37,591] {http.py:111} INFO - Calling HTTP method
[2021-07-15 21:43:37,622] {base.py:78} INFO - Using connection to: id: user_api. Host: https://randomuser.me/, Port: None, Schema: , Login: , Password: None, extra: {}
[2021-07-15 21:43:37,623] {http.py:140} INFO - Sending 'GET' to url: https://randomuser.me/api/
[2021-07-15 21:43:38,042] {http.py:115} INFO - {"results":[{"gender":"female","name":{"title":"Madame","first":"Stefania","last":"Roux"},"location":{"street":{"number":3955,"name":"Rue de L'Abbé-Migne"},"city":"Vucherens","state":"Genève","country":"Switzerland","postcode":6927,"coordinates":{"latitude":"-49.5357","longitude":"45.0073"},"timezone":{"offset":"-3:00","description":"Brazil, Buenos Aires, Georgetown"}},"email":"stefania.roux@example.com","login":{"uuid":"ee2569e4-f608-4c46-8878-d7540aa2bf15","username":"orangeswan543","password":"ireland","salt":"ydFWtAdG","md5":"b37a4d63c5310f4e358257b74cbfd8a1","sha1":"1b77a12f13c3a2dfb9dd9974bce7e58cd55e4a31","sha256":"f84a88f2c049c6b9eefc37d8abd9882161de51a316ed4ba69c8c464c1903da9f"},"dob":{"date":"1964-06-09T00:47:39.071Z","age":57},"registered":{"date":"2007-08-29T18:47:52.818Z","age":14},"phone":"075 690 38 86","cell":"075 954 25 10","id":{"name":"AVS","value":"756.5511.5276.87"},"picture":{"large":"https://randomuser.me/api/portraits/women/4.jpg","medium":"https://randomuser.me/api/portraits/med/women/4.jpg","thumbnail":"https://randomuser.me/api/portraits/thumb/women/4.jpg"},"nat":"CH"}],"info":{"seed":"1c6049ce23e92833","results":1,"page":1,"version":"1.3"}}
[2021-07-15 21:43:38,080] {taskinstance.py:1211} INFO - Marking task as SUCCESS. dag_id=user_processing, task_id=extracting_user, execution_date=20200301T000000, start_date=20210715T214337, end_date=20210715T214338
[2021-07-15 21:43:38,120] {taskinstance.py:1265} INFO - 1 downstream tasks scheduled from follow-on schedule check
[2021-07-15 21:43:38,168] {local_task_job.py:151} INFO - Task exited with return code 0
