[2021-07-15 21:43:34,819] {taskinstance.py:896} INFO - Dependencies all met for <TaskInstance: user_processing.extracting_user 2020-02-25T00:00:00+00:00 [queued]>
[2021-07-15 21:43:34,868] {taskinstance.py:896} INFO - Dependencies all met for <TaskInstance: user_processing.extracting_user 2020-02-25T00:00:00+00:00 [queued]>
[2021-07-15 21:43:34,868] {taskinstance.py:1087} INFO - 
--------------------------------------------------------------------------------
[2021-07-15 21:43:34,868] {taskinstance.py:1088} INFO - Starting attempt 1 of 1
[2021-07-15 21:43:34,868] {taskinstance.py:1089} INFO - 
--------------------------------------------------------------------------------
[2021-07-15 21:43:34,896] {taskinstance.py:1107} INFO - Executing <Task(SimpleHttpOperator): extracting_user> on 2020-02-25T00:00:00+00:00
[2021-07-15 21:43:34,902] {standard_task_runner.py:52} INFO - Started process 6049 to run task
[2021-07-15 21:43:34,905] {standard_task_runner.py:76} INFO - Running: ['***', 'tasks', 'run', 'user_processing', 'extracting_user', '2020-02-25T00:00:00+00:00', '--job-id', '305', '--pool', 'default_pool', '--raw', '--subdir', 'DAGS_FOLDER/user_processing.py', '--cfg-path', '/tmp/tmpi1o23jsq', '--error-file', '/tmp/tmpa1c5t1mk']
[2021-07-15 21:43:34,905] {standard_task_runner.py:77} INFO - Job 305: Subtask extracting_user
[2021-07-15 21:43:35,014] {logging_mixin.py:104} INFO - Running <TaskInstance: user_processing.extracting_user 2020-02-25T00:00:00+00:00 [running]> on host 120364900fc4
[2021-07-15 21:43:35,125] {taskinstance.py:1302} INFO - Exporting the following env vars:
AIRFLOW_CTX_DAG_OWNER=***
AIRFLOW_CTX_DAG_ID=user_processing
AIRFLOW_CTX_TASK_ID=extracting_user
AIRFLOW_CTX_EXECUTION_DATE=2020-02-25T00:00:00+00:00
AIRFLOW_CTX_DAG_RUN_ID=scheduled__2020-02-25T00:00:00+00:00
[2021-07-15 21:43:35,126] {http.py:111} INFO - Calling HTTP method
[2021-07-15 21:43:35,144] {base.py:78} INFO - Using connection to: id: user_api. Host: https://randomuser.me/, Port: None, Schema: , Login: , Password: None, extra: {}
[2021-07-15 21:43:35,145] {http.py:140} INFO - Sending 'GET' to url: https://randomuser.me/api/
[2021-07-15 21:43:35,479] {http.py:115} INFO - {"results":[{"gender":"female","name":{"title":"Mrs","first":"Susanne","last":"Porter"},"location":{"street":{"number":6326,"name":"Station Road"},"city":"Carrickmacross","state":"Offaly","country":"Ireland","postcode":73178,"coordinates":{"latitude":"26.3961","longitude":"94.0067"},"timezone":{"offset":"-11:00","description":"Midway Island, Samoa"}},"email":"susanne.porter@example.com","login":{"uuid":"eb70ac3b-b930-4370-8c47-fbb4c520a31d","username":"lazyzebra749","password":"daniels","salt":"JnapCbaV","md5":"481829b848c710bc60e974b0566e98e8","sha1":"3e7ead9dfc24114ae86d2e484d5ef218f4b453a1","sha256":"09c57018552b8aa2a67d6dd7a6995fc14c8da98738a05678945a492c7def3ba4"},"dob":{"date":"1984-02-24T09:44:03.380Z","age":37},"registered":{"date":"2007-08-23T09:08:03.168Z","age":14},"phone":"031-106-2088","cell":"081-425-1146","id":{"name":"PPS","value":"8255529T"},"picture":{"large":"https://randomuser.me/api/portraits/women/74.jpg","medium":"https://randomuser.me/api/portraits/med/women/74.jpg","thumbnail":"https://randomuser.me/api/portraits/thumb/women/74.jpg"},"nat":"IE"}],"info":{"seed":"a51b887891910c7c","results":1,"page":1,"version":"1.3"}}
[2021-07-15 21:43:35,541] {taskinstance.py:1211} INFO - Marking task as SUCCESS. dag_id=user_processing, task_id=extracting_user, execution_date=20200225T000000, start_date=20210715T214334, end_date=20210715T214335
[2021-07-15 21:43:35,619] {taskinstance.py:1265} INFO - 1 downstream tasks scheduled from follow-on schedule check
[2021-07-15 21:43:35,652] {local_task_job.py:151} INFO - Task exited with return code 0
