[2021-07-17 13:58:04,856] {taskinstance.py:896} INFO - Dependencies all met for <TaskInstance: user_processing.extracting_user 2020-05-08T00:00:00+00:00 [queued]>
[2021-07-17 13:58:04,869] {taskinstance.py:896} INFO - Dependencies all met for <TaskInstance: user_processing.extracting_user 2020-05-08T00:00:00+00:00 [queued]>
[2021-07-17 13:58:04,870] {taskinstance.py:1087} INFO - 
--------------------------------------------------------------------------------
[2021-07-17 13:58:04,870] {taskinstance.py:1088} INFO - Starting attempt 1 of 1
[2021-07-17 13:58:04,871] {taskinstance.py:1089} INFO - 
--------------------------------------------------------------------------------
[2021-07-17 13:58:04,885] {taskinstance.py:1107} INFO - Executing <Task(SimpleHttpOperator): extracting_user> on 2020-05-08T00:00:00+00:00
[2021-07-17 13:58:04,890] {standard_task_runner.py:52} INFO - Started process 8418 to run task
[2021-07-17 13:58:04,901] {standard_task_runner.py:76} INFO - Running: ['***', 'tasks', 'run', 'user_processing', 'extracting_user', '2020-05-08T00:00:00+00:00', '--job-id', '689', '--pool', 'default_pool', '--raw', '--subdir', 'DAGS_FOLDER/user_processing.py', '--cfg-path', '/tmp/tmpm_ici0qb', '--error-file', '/tmp/tmp_r4hpezp']
[2021-07-17 13:58:04,902] {standard_task_runner.py:77} INFO - Job 689: Subtask extracting_user
[2021-07-17 13:58:04,963] {logging_mixin.py:104} INFO - Running <TaskInstance: user_processing.extracting_user 2020-05-08T00:00:00+00:00 [running]> on host 120364900fc4
[2021-07-17 13:58:05,054] {taskinstance.py:1302} INFO - Exporting the following env vars:
AIRFLOW_CTX_DAG_OWNER=***
AIRFLOW_CTX_DAG_ID=user_processing
AIRFLOW_CTX_TASK_ID=extracting_user
AIRFLOW_CTX_EXECUTION_DATE=2020-05-08T00:00:00+00:00
AIRFLOW_CTX_DAG_RUN_ID=scheduled__2020-05-08T00:00:00+00:00
[2021-07-17 13:58:05,054] {http.py:111} INFO - Calling HTTP method
[2021-07-17 13:58:05,069] {base.py:78} INFO - Using connection to: id: user_api. Host: https://randomuser.me/, Port: None, Schema: , Login: , Password: None, extra: {}
[2021-07-17 13:58:05,070] {http.py:140} INFO - Sending 'GET' to url: https://randomuser.me/api/
[2021-07-17 13:58:05,381] {http.py:115} INFO - {"results":[{"gender":"female","name":{"title":"Ms","first":"Heather","last":"Hughes"},"location":{"street":{"number":8107,"name":"Church Road"},"city":"Bath","state":"Isle of Wight","country":"United Kingdom","postcode":"M56 6WT","coordinates":{"latitude":"6.8110","longitude":"48.4072"},"timezone":{"offset":"+7:00","description":"Bangkok, Hanoi, Jakarta"}},"email":"heather.hughes@example.com","login":{"uuid":"67bcc208-5110-4cd0-b231-9f58e36b9ce7","username":"beautifullion954","password":"clown","salt":"gfcXZboh","md5":"fdcb128f979d4c9203efb18192972bb3","sha1":"126f0314d3f1183bec27cf8d74989659ff2e521f","sha256":"21a267b34d44fcf30c274850cacc6dca5025fe1fa2fef7ea4e3dde145d2c85e2"},"dob":{"date":"1963-08-09T07:37:36.431Z","age":58},"registered":{"date":"2011-01-17T20:03:46.410Z","age":10},"phone":"017684 08950","cell":"0710-816-687","id":{"name":"NINO","value":"TC 12 75 99 A"},"picture":{"large":"https://randomuser.me/api/portraits/women/90.jpg","medium":"https://randomuser.me/api/portraits/med/women/90.jpg","thumbnail":"https://randomuser.me/api/portraits/thumb/women/90.jpg"},"nat":"GB"}],"info":{"seed":"b0a3bcf3fbce7e88","results":1,"page":1,"version":"1.3"}}
[2021-07-17 13:58:05,424] {taskinstance.py:1211} INFO - Marking task as SUCCESS. dag_id=user_processing, task_id=extracting_user, execution_date=20200508T000000, start_date=20210717T135804, end_date=20210717T135805
[2021-07-17 13:58:05,495] {taskinstance.py:1265} INFO - 1 downstream tasks scheduled from follow-on schedule check
[2021-07-17 13:58:05,553] {local_task_job.py:151} INFO - Task exited with return code 0
