[2021-07-17 13:28:59,969] {taskinstance.py:896} INFO - Dependencies all met for <TaskInstance: parallel_dag.bash_task2 2021-07-16T00:00:00+00:00 [queued]>
[2021-07-17 13:28:59,976] {taskinstance.py:896} INFO - Dependencies all met for <TaskInstance: parallel_dag.bash_task2 2021-07-16T00:00:00+00:00 [queued]>
[2021-07-17 13:28:59,976] {taskinstance.py:1087} INFO - 
--------------------------------------------------------------------------------
[2021-07-17 13:28:59,976] {taskinstance.py:1088} INFO - Starting attempt 1 of 1
[2021-07-17 13:28:59,976] {taskinstance.py:1089} INFO - 
--------------------------------------------------------------------------------
[2021-07-17 13:28:59,984] {taskinstance.py:1107} INFO - Executing <Task(BashOperator): bash_task2> on 2021-07-16T00:00:00+00:00
[2021-07-17 13:28:59,989] {standard_task_runner.py:76} INFO - Running: ['***', 'tasks', 'run', 'parallel_dag', 'bash_task2', '2021-07-16T00:00:00+00:00', '--job-id', '351', '--pool', 'default_pool', '--raw', '--subdir', 'DAGS_FOLDER/parallel_dag.py', '--cfg-path', '/tmp/tmpevtt847j', '--error-file', '/tmp/tmp4fqcus3q']
[2021-07-17 13:28:59,989] {standard_task_runner.py:77} INFO - Job 351: Subtask bash_task2
[2021-07-17 13:28:59,987] {standard_task_runner.py:52} INFO - Started process 4941 to run task
[2021-07-17 13:29:00,018] {logging_mixin.py:104} INFO - Running <TaskInstance: parallel_dag.bash_task2 2021-07-16T00:00:00+00:00 [running]> on host 120364900fc4
[2021-07-17 13:29:00,083] {taskinstance.py:1302} INFO - Exporting the following env vars:
AIRFLOW_CTX_DAG_OWNER=***
AIRFLOW_CTX_DAG_ID=parallel_dag
AIRFLOW_CTX_TASK_ID=bash_task2
AIRFLOW_CTX_EXECUTION_DATE=2021-07-16T00:00:00+00:00
AIRFLOW_CTX_DAG_RUN_ID=scheduled__2021-07-16T00:00:00+00:00
[2021-07-17 13:29:00,084] {subprocess.py:52} INFO - Tmp dir root location: 
 /tmp
[2021-07-17 13:29:00,084] {subprocess.py:63} INFO - Running command: ['bash', '-c', 'sleep 3']
[2021-07-17 13:29:00,095] {subprocess.py:75} INFO - Output:
[2021-07-17 13:29:03,096] {subprocess.py:83} INFO - Command exited with return code 0
[2021-07-17 13:29:03,156] {taskinstance.py:1211} INFO - Marking task as SUCCESS. dag_id=parallel_dag, task_id=bash_task2, execution_date=20210716T000000, start_date=20210717T132859, end_date=20210717T132903
[2021-07-17 13:29:03,181] {taskinstance.py:1265} INFO - 0 downstream tasks scheduled from follow-on schedule check
[2021-07-17 13:29:03,210] {local_task_job.py:151} INFO - Task exited with return code 0
