[2021-07-15 21:43:01,182] {taskinstance.py:896} INFO - Dependencies all met for <TaskInstance: user_processing.extracting_user 2020-02-04T00:00:00+00:00 [queued]>
[2021-07-15 21:43:01,199] {taskinstance.py:896} INFO - Dependencies all met for <TaskInstance: user_processing.extracting_user 2020-02-04T00:00:00+00:00 [queued]>
[2021-07-15 21:43:01,199] {taskinstance.py:1087} INFO - 
--------------------------------------------------------------------------------
[2021-07-15 21:43:01,199] {taskinstance.py:1088} INFO - Starting attempt 1 of 1
[2021-07-15 21:43:01,199] {taskinstance.py:1089} INFO - 
--------------------------------------------------------------------------------
[2021-07-15 21:43:01,206] {taskinstance.py:1107} INFO - Executing <Task(SimpleHttpOperator): extracting_user> on 2020-02-04T00:00:00+00:00
[2021-07-15 21:43:01,212] {standard_task_runner.py:52} INFO - Started process 5757 to run task
[2021-07-15 21:43:01,217] {standard_task_runner.py:76} INFO - Running: ['***', 'tasks', 'run', 'user_processing', 'extracting_user', '2020-02-04T00:00:00+00:00', '--job-id', '210', '--pool', 'default_pool', '--raw', '--subdir', 'DAGS_FOLDER/user_processing.py', '--cfg-path', '/tmp/tmp_xp8a5dr', '--error-file', '/tmp/tmppmnuggou']
[2021-07-15 21:43:01,217] {standard_task_runner.py:77} INFO - Job 210: Subtask extracting_user
[2021-07-15 21:43:01,275] {logging_mixin.py:104} INFO - Running <TaskInstance: user_processing.extracting_user 2020-02-04T00:00:00+00:00 [running]> on host 120364900fc4
[2021-07-15 21:43:01,326] {taskinstance.py:1302} INFO - Exporting the following env vars:
AIRFLOW_CTX_DAG_OWNER=***
AIRFLOW_CTX_DAG_ID=user_processing
AIRFLOW_CTX_TASK_ID=extracting_user
AIRFLOW_CTX_EXECUTION_DATE=2020-02-04T00:00:00+00:00
AIRFLOW_CTX_DAG_RUN_ID=scheduled__2020-02-04T00:00:00+00:00
[2021-07-15 21:43:01,326] {http.py:111} INFO - Calling HTTP method
[2021-07-15 21:43:01,346] {base.py:78} INFO - Using connection to: id: user_api. Host: https://randomuser.me/, Port: None, Schema: , Login: , Password: None, extra: {}
[2021-07-15 21:43:01,351] {http.py:140} INFO - Sending 'GET' to url: https://randomuser.me/api/
[2021-07-15 21:43:01,727] {http.py:115} INFO - {"results":[{"gender":"female","name":{"title":"Mrs","first":"Hannah","last":"Gill"},"location":{"street":{"number":8482,"name":"Oak St"},"city":"Odessa","state":"Québec","country":"Canada","postcode":"X9M 4G4","coordinates":{"latitude":"-63.9831","longitude":"29.3719"},"timezone":{"offset":"+2:00","description":"Kaliningrad, South Africa"}},"email":"hannah.gill@example.com","login":{"uuid":"85a8daac-5121-4d42-8a98-9e73e31c41fa","username":"orangemeercat905","password":"michele","salt":"gif3qjdO","md5":"40b22fc5979c4767f78da8849fc4c4dd","sha1":"40f776f229b914f108c2ccc1fdd8c5094884b5e2","sha256":"c620f6bc04b9ddab152ff1ca4ecbf15909af27fefa51e16d53b1cd95f49a7f20"},"dob":{"date":"1969-08-24T02:59:56.001Z","age":52},"registered":{"date":"2006-05-17T11:01:40.514Z","age":15},"phone":"207-309-6829","cell":"782-942-8724","id":{"name":"","value":null},"picture":{"large":"https://randomuser.me/api/portraits/women/88.jpg","medium":"https://randomuser.me/api/portraits/med/women/88.jpg","thumbnail":"https://randomuser.me/api/portraits/thumb/women/88.jpg"},"nat":"CA"}],"info":{"seed":"188ca40614b39680","results":1,"page":1,"version":"1.3"}}
[2021-07-15 21:43:01,806] {taskinstance.py:1211} INFO - Marking task as SUCCESS. dag_id=user_processing, task_id=extracting_user, execution_date=20200204T000000, start_date=20210715T214301, end_date=20210715T214301
[2021-07-15 21:43:01,864] {taskinstance.py:1265} INFO - 1 downstream tasks scheduled from follow-on schedule check
[2021-07-15 21:43:01,913] {local_task_job.py:151} INFO - Task exited with return code 0
