[2021-07-15 21:42:31,873] {taskinstance.py:896} INFO - Dependencies all met for <TaskInstance: user_processing.extracting_user 2020-01-21T00:00:00+00:00 [queued]>
[2021-07-15 21:42:31,916] {taskinstance.py:896} INFO - Dependencies all met for <TaskInstance: user_processing.extracting_user 2020-01-21T00:00:00+00:00 [queued]>
[2021-07-15 21:42:31,917] {taskinstance.py:1087} INFO - 
--------------------------------------------------------------------------------
[2021-07-15 21:42:31,917] {taskinstance.py:1088} INFO - Starting attempt 1 of 1
[2021-07-15 21:42:31,917] {taskinstance.py:1089} INFO - 
--------------------------------------------------------------------------------
[2021-07-15 21:42:31,927] {taskinstance.py:1107} INFO - Executing <Task(SimpleHttpOperator): extracting_user> on 2020-01-21T00:00:00+00:00
[2021-07-15 21:42:31,934] {standard_task_runner.py:52} INFO - Started process 5526 to run task
[2021-07-15 21:42:31,937] {standard_task_runner.py:76} INFO - Running: ['***', 'tasks', 'run', 'user_processing', 'extracting_user', '2020-01-21T00:00:00+00:00', '--job-id', '136', '--pool', 'default_pool', '--raw', '--subdir', 'DAGS_FOLDER/user_processing.py', '--cfg-path', '/tmp/tmp4ry7p003', '--error-file', '/tmp/tmpg4kiyh1h']
[2021-07-15 21:42:31,939] {standard_task_runner.py:77} INFO - Job 136: Subtask extracting_user
[2021-07-15 21:42:32,033] {logging_mixin.py:104} INFO - Running <TaskInstance: user_processing.extracting_user 2020-01-21T00:00:00+00:00 [running]> on host 120364900fc4
[2021-07-15 21:42:32,111] {taskinstance.py:1302} INFO - Exporting the following env vars:
AIRFLOW_CTX_DAG_OWNER=***
AIRFLOW_CTX_DAG_ID=user_processing
AIRFLOW_CTX_TASK_ID=extracting_user
AIRFLOW_CTX_EXECUTION_DATE=2020-01-21T00:00:00+00:00
AIRFLOW_CTX_DAG_RUN_ID=scheduled__2020-01-21T00:00:00+00:00
[2021-07-15 21:42:32,111] {http.py:111} INFO - Calling HTTP method
[2021-07-15 21:42:32,133] {base.py:78} INFO - Using connection to: id: user_api. Host: https://randomuser.me/, Port: None, Schema: , Login: , Password: None, extra: {}
[2021-07-15 21:42:32,135] {http.py:140} INFO - Sending 'GET' to url: https://randomuser.me/api/
[2021-07-15 21:42:32,604] {http.py:115} INFO - {"results":[{"gender":"male","name":{"title":"Mr","first":"Tim","last":"Warren"},"location":{"street":{"number":1835,"name":"Rectory Lane"},"city":"Liverpool","state":"Isle of Wight","country":"United Kingdom","postcode":"EY5 2JU","coordinates":{"latitude":"6.4309","longitude":"-105.9682"},"timezone":{"offset":"+6:00","description":"Almaty, Dhaka, Colombo"}},"email":"tim.warren@example.com","login":{"uuid":"eec2b88b-c1d5-4da9-81c2-55a23fde8ecf","username":"smalldog413","password":"becker","salt":"Ug1uZQLr","md5":"2113ff9960233606e1fa73f06d498cc9","sha1":"6cab984c9b3dcb90e4ebfb01c4b3a9ab74a75018","sha256":"9fae66cff4567080a6f7037fd1ac3ea26d2efc8a9e14ca81e6faa5929ba62f6f"},"dob":{"date":"1962-10-17T11:19:15.765Z","age":59},"registered":{"date":"2014-03-15T18:21:29.590Z","age":7},"phone":"015396 31806","cell":"0723-560-504","id":{"name":"NINO","value":"EP 50 93 94 K"},"picture":{"large":"https://randomuser.me/api/portraits/men/17.jpg","medium":"https://randomuser.me/api/portraits/med/men/17.jpg","thumbnail":"https://randomuser.me/api/portraits/thumb/men/17.jpg"},"nat":"GB"}],"info":{"seed":"4604bdda266cc2f7","results":1,"page":1,"version":"1.3"}}
[2021-07-15 21:42:32,657] {taskinstance.py:1211} INFO - Marking task as SUCCESS. dag_id=user_processing, task_id=extracting_user, execution_date=20200121T000000, start_date=20210715T214231, end_date=20210715T214232
[2021-07-15 21:42:32,710] {taskinstance.py:1265} INFO - 1 downstream tasks scheduled from follow-on schedule check
[2021-07-15 21:42:32,737] {local_task_job.py:151} INFO - Task exited with return code 0
