[2021-07-15 21:43:03,542] {taskinstance.py:896} INFO - Dependencies all met for <TaskInstance: user_processing.processing_user 2020-02-08T00:00:00+00:00 [queued]>
[2021-07-15 21:43:03,557] {taskinstance.py:896} INFO - Dependencies all met for <TaskInstance: user_processing.processing_user 2020-02-08T00:00:00+00:00 [queued]>
[2021-07-15 21:43:03,557] {taskinstance.py:1087} INFO - 
--------------------------------------------------------------------------------
[2021-07-15 21:43:03,558] {taskinstance.py:1088} INFO - Starting attempt 1 of 1
[2021-07-15 21:43:03,558] {taskinstance.py:1089} INFO - 
--------------------------------------------------------------------------------
[2021-07-15 21:43:03,566] {taskinstance.py:1107} INFO - Executing <Task(PythonOperator): processing_user> on 2020-02-08T00:00:00+00:00
[2021-07-15 21:43:03,575] {standard_task_runner.py:52} INFO - Started process 5799 to run task
[2021-07-15 21:43:03,580] {standard_task_runner.py:76} INFO - Running: ['***', 'tasks', 'run', 'user_processing', 'processing_user', '2020-02-08T00:00:00+00:00', '--job-id', '232', '--pool', 'default_pool', '--raw', '--subdir', 'DAGS_FOLDER/user_processing.py', '--cfg-path', '/tmp/tmp0qqyp_qt', '--error-file', '/tmp/tmp29rmml9s']
[2021-07-15 21:43:03,581] {standard_task_runner.py:77} INFO - Job 232: Subtask processing_user
[2021-07-15 21:43:03,653] {logging_mixin.py:104} INFO - Running <TaskInstance: user_processing.processing_user 2020-02-08T00:00:00+00:00 [running]> on host 120364900fc4
[2021-07-15 21:43:03,749] {taskinstance.py:1302} INFO - Exporting the following env vars:
AIRFLOW_CTX_DAG_OWNER=***
AIRFLOW_CTX_DAG_ID=user_processing
AIRFLOW_CTX_TASK_ID=processing_user
AIRFLOW_CTX_EXECUTION_DATE=2020-02-08T00:00:00+00:00
AIRFLOW_CTX_DAG_RUN_ID=scheduled__2020-02-08T00:00:00+00:00
[2021-07-15 21:43:03,783] {python.py:151} INFO - Done. Returned value was: None
[2021-07-15 21:43:03,794] {taskinstance.py:1211} INFO - Marking task as SUCCESS. dag_id=user_processing, task_id=processing_user, execution_date=20200208T000000, start_date=20210715T214303, end_date=20210715T214303
[2021-07-15 21:43:03,874] {taskinstance.py:1265} INFO - 1 downstream tasks scheduled from follow-on schedule check
[2021-07-15 21:43:03,888] {local_task_job.py:151} INFO - Task exited with return code 0
