[2021-07-17 13:57:03,926] {taskinstance.py:896} INFO - Dependencies all met for <TaskInstance: user_processing.extracting_user 2020-04-07T00:00:00+00:00 [queued]>
[2021-07-17 13:57:03,936] {taskinstance.py:896} INFO - Dependencies all met for <TaskInstance: user_processing.extracting_user 2020-04-07T00:00:00+00:00 [queued]>
[2021-07-17 13:57:03,937] {taskinstance.py:1087} INFO - 
--------------------------------------------------------------------------------
[2021-07-17 13:57:03,937] {taskinstance.py:1088} INFO - Starting attempt 1 of 1
[2021-07-17 13:57:03,937] {taskinstance.py:1089} INFO - 
--------------------------------------------------------------------------------
[2021-07-17 13:57:03,961] {taskinstance.py:1107} INFO - Executing <Task(SimpleHttpOperator): extracting_user> on 2020-04-07T00:00:00+00:00
[2021-07-17 13:57:03,972] {standard_task_runner.py:52} INFO - Started process 7919 to run task
[2021-07-17 13:57:03,989] {standard_task_runner.py:76} INFO - Running: ['***', 'tasks', 'run', 'user_processing', 'extracting_user', '2020-04-07T00:00:00+00:00', '--job-id', '534', '--pool', 'default_pool', '--raw', '--subdir', 'DAGS_FOLDER/user_processing.py', '--cfg-path', '/tmp/tmpnj8tr7g4', '--error-file', '/tmp/tmp0ekg6f8i']
[2021-07-17 13:57:03,990] {standard_task_runner.py:77} INFO - Job 534: Subtask extracting_user
[2021-07-17 13:57:04,040] {logging_mixin.py:104} INFO - Running <TaskInstance: user_processing.extracting_user 2020-04-07T00:00:00+00:00 [running]> on host 120364900fc4
[2021-07-17 13:57:04,168] {taskinstance.py:1302} INFO - Exporting the following env vars:
AIRFLOW_CTX_DAG_OWNER=***
AIRFLOW_CTX_DAG_ID=user_processing
AIRFLOW_CTX_TASK_ID=extracting_user
AIRFLOW_CTX_EXECUTION_DATE=2020-04-07T00:00:00+00:00
AIRFLOW_CTX_DAG_RUN_ID=scheduled__2020-04-07T00:00:00+00:00
[2021-07-17 13:57:04,168] {http.py:111} INFO - Calling HTTP method
[2021-07-17 13:57:04,180] {base.py:78} INFO - Using connection to: id: user_api. Host: https://randomuser.me/, Port: None, Schema: , Login: , Password: None, extra: {}
[2021-07-17 13:57:04,184] {http.py:140} INFO - Sending 'GET' to url: https://randomuser.me/api/
[2021-07-17 13:57:04,529] {http.py:115} INFO - {"results":[{"gender":"female","name":{"title":"Mrs","first":"Johanne","last":"Thomsen"},"location":{"street":{"number":771,"name":"Sjællandsgade"},"city":"Roedovre","state":"Danmark","country":"Denmark","postcode":47440,"coordinates":{"latitude":"-35.2871","longitude":"92.1642"},"timezone":{"offset":"-3:00","description":"Brazil, Buenos Aires, Georgetown"}},"email":"johanne.thomsen@example.com","login":{"uuid":"6f951ba1-6060-4391-8a14-7ac585a16c15","username":"crazyladybug689","password":"asdasd","salt":"dAboKgUN","md5":"19f6934d5714dac105ae8f9bd1383e17","sha1":"f12c60a2fa971540321c52a839726603c2f9d6f2","sha256":"7289831a176ba31bc951edf2fe4a91868c74ac2da7e02d92dc7883262fe83131"},"dob":{"date":"1988-07-12T12:49:54.907Z","age":33},"registered":{"date":"2008-06-21T17:50:38.077Z","age":13},"phone":"36047134","cell":"00933059","id":{"name":"CPR","value":"120788-4155"},"picture":{"large":"https://randomuser.me/api/portraits/women/53.jpg","medium":"https://randomuser.me/api/portraits/med/women/53.jpg","thumbnail":"https://randomuser.me/api/portraits/thumb/women/53.jpg"},"nat":"DK"}],"info":{"seed":"49eed34856463b11","results":1,"page":1,"version":"1.3"}}
[2021-07-17 13:57:04,588] {taskinstance.py:1211} INFO - Marking task as SUCCESS. dag_id=user_processing, task_id=extracting_user, execution_date=20200407T000000, start_date=20210717T135703, end_date=20210717T135704
[2021-07-17 13:57:04,630] {taskinstance.py:1265} INFO - 1 downstream tasks scheduled from follow-on schedule check
[2021-07-17 13:57:04,641] {local_task_job.py:151} INFO - Task exited with return code 0
