[2021-07-15 21:43:01,735] {taskinstance.py:896} INFO - Dependencies all met for <TaskInstance: user_processing.extracting_user 2020-02-05T00:00:00+00:00 [queued]>
[2021-07-15 21:43:01,759] {taskinstance.py:896} INFO - Dependencies all met for <TaskInstance: user_processing.extracting_user 2020-02-05T00:00:00+00:00 [queued]>
[2021-07-15 21:43:01,759] {taskinstance.py:1087} INFO - 
--------------------------------------------------------------------------------
[2021-07-15 21:43:01,760] {taskinstance.py:1088} INFO - Starting attempt 1 of 1
[2021-07-15 21:43:01,760] {taskinstance.py:1089} INFO - 
--------------------------------------------------------------------------------
[2021-07-15 21:43:01,768] {taskinstance.py:1107} INFO - Executing <Task(SimpleHttpOperator): extracting_user> on 2020-02-05T00:00:00+00:00
[2021-07-15 21:43:01,780] {standard_task_runner.py:52} INFO - Started process 5771 to run task
[2021-07-15 21:43:01,794] {standard_task_runner.py:76} INFO - Running: ['***', 'tasks', 'run', 'user_processing', 'extracting_user', '2020-02-05T00:00:00+00:00', '--job-id', '217', '--pool', 'default_pool', '--raw', '--subdir', 'DAGS_FOLDER/user_processing.py', '--cfg-path', '/tmp/tmpwaze2yen', '--error-file', '/tmp/tmpd44x9znf']
[2021-07-15 21:43:01,795] {standard_task_runner.py:77} INFO - Job 217: Subtask extracting_user
[2021-07-15 21:43:01,847] {logging_mixin.py:104} INFO - Running <TaskInstance: user_processing.extracting_user 2020-02-05T00:00:00+00:00 [running]> on host 120364900fc4
[2021-07-15 21:43:01,920] {taskinstance.py:1302} INFO - Exporting the following env vars:
AIRFLOW_CTX_DAG_OWNER=***
AIRFLOW_CTX_DAG_ID=user_processing
AIRFLOW_CTX_TASK_ID=extracting_user
AIRFLOW_CTX_EXECUTION_DATE=2020-02-05T00:00:00+00:00
AIRFLOW_CTX_DAG_RUN_ID=scheduled__2020-02-05T00:00:00+00:00
[2021-07-15 21:43:01,922] {http.py:111} INFO - Calling HTTP method
[2021-07-15 21:43:01,958] {base.py:78} INFO - Using connection to: id: user_api. Host: https://randomuser.me/, Port: None, Schema: , Login: , Password: None, extra: {}
[2021-07-15 21:43:01,959] {http.py:140} INFO - Sending 'GET' to url: https://randomuser.me/api/
[2021-07-15 21:43:02,605] {http.py:115} INFO - {"results":[{"gender":"male","name":{"title":"Mr","first":"William","last":"Johansen"},"location":{"street":{"number":4699,"name":"Stærevej"},"city":"Sørvad","state":"Syddanmark","country":"Denmark","postcode":66108,"coordinates":{"latitude":"-35.6222","longitude":"-82.3892"},"timezone":{"offset":"+3:00","description":"Baghdad, Riyadh, Moscow, St. Petersburg"}},"email":"william.johansen@example.com","login":{"uuid":"f487cdf9-4619-4e84-a093-79bb8ef1901c","username":"organicduck537","password":"87654321","salt":"rxgJ4Fqy","md5":"1d70d44ddf77976b67466d4c87b2c8e2","sha1":"9ae4fbee2df4617140d861e36c1f5cb402e36782","sha256":"4e7ac381195c4b35643f2bc7901a0c127744ac93db7f29481a9e0a831f7759b1"},"dob":{"date":"1975-09-05T14:56:28.627Z","age":46},"registered":{"date":"2014-07-21T17:44:04.896Z","age":7},"phone":"58906007","cell":"74276677","id":{"name":"CPR","value":"050975-5922"},"picture":{"large":"https://randomuser.me/api/portraits/men/72.jpg","medium":"https://randomuser.me/api/portraits/med/men/72.jpg","thumbnail":"https://randomuser.me/api/portraits/thumb/men/72.jpg"},"nat":"DK"}],"info":{"seed":"e1047e59ac853379","results":1,"page":1,"version":"1.3"}}
[2021-07-15 21:43:02,626] {taskinstance.py:1211} INFO - Marking task as SUCCESS. dag_id=user_processing, task_id=extracting_user, execution_date=20200205T000000, start_date=20210715T214301, end_date=20210715T214302
[2021-07-15 21:43:02,740] {taskinstance.py:1265} INFO - 0 downstream tasks scheduled from follow-on schedule check
[2021-07-15 21:43:02,759] {local_task_job.py:151} INFO - Task exited with return code 0
