[2021-07-15 21:41:59,933] {taskinstance.py:896} INFO - Dependencies all met for <TaskInstance: user_processing.extracting_user 2020-01-02T00:00:00+00:00 [queued]>
[2021-07-15 21:41:59,948] {taskinstance.py:896} INFO - Dependencies all met for <TaskInstance: user_processing.extracting_user 2020-01-02T00:00:00+00:00 [queued]>
[2021-07-15 21:41:59,948] {taskinstance.py:1087} INFO - 
--------------------------------------------------------------------------------
[2021-07-15 21:41:59,948] {taskinstance.py:1088} INFO - Starting attempt 1 of 1
[2021-07-15 21:41:59,948] {taskinstance.py:1089} INFO - 
--------------------------------------------------------------------------------
[2021-07-15 21:41:59,962] {taskinstance.py:1107} INFO - Executing <Task(SimpleHttpOperator): extracting_user> on 2020-01-02T00:00:00+00:00
[2021-07-15 21:41:59,966] {standard_task_runner.py:52} INFO - Started process 5254 to run task
[2021-07-15 21:41:59,969] {standard_task_runner.py:76} INFO - Running: ['***', 'tasks', 'run', 'user_processing', 'extracting_user', '2020-01-02T00:00:00+00:00', '--job-id', '50', '--pool', 'default_pool', '--raw', '--subdir', 'DAGS_FOLDER/user_processing.py', '--cfg-path', '/tmp/tmpul5wejsj', '--error-file', '/tmp/tmp5j_5kk13']
[2021-07-15 21:41:59,970] {standard_task_runner.py:77} INFO - Job 50: Subtask extracting_user
[2021-07-15 21:42:00,014] {logging_mixin.py:104} INFO - Running <TaskInstance: user_processing.extracting_user 2020-01-02T00:00:00+00:00 [running]> on host 120364900fc4
[2021-07-15 21:42:00,074] {taskinstance.py:1302} INFO - Exporting the following env vars:
AIRFLOW_CTX_DAG_OWNER=***
AIRFLOW_CTX_DAG_ID=user_processing
AIRFLOW_CTX_TASK_ID=extracting_user
AIRFLOW_CTX_EXECUTION_DATE=2020-01-02T00:00:00+00:00
AIRFLOW_CTX_DAG_RUN_ID=scheduled__2020-01-02T00:00:00+00:00
[2021-07-15 21:42:00,075] {http.py:111} INFO - Calling HTTP method
[2021-07-15 21:42:00,093] {base.py:78} INFO - Using connection to: id: user_api. Host: https://randomuser.me/, Port: None, Schema: , Login: , Password: None, extra: {}
[2021-07-15 21:42:00,096] {http.py:140} INFO - Sending 'GET' to url: https://randomuser.me/api/
[2021-07-15 21:42:00,436] {http.py:115} INFO - {"results":[{"gender":"male","name":{"title":"Mr","first":"Kajus","last":"Rekkedal"},"location":{"street":{"number":4764,"name":"Myrbakkveien"},"city":"Bokn","state":"Description","country":"Norway","postcode":"2636","coordinates":{"latitude":"49.4985","longitude":"-3.0558"},"timezone":{"offset":"+2:00","description":"Kaliningrad, South Africa"}},"email":"kajus.rekkedal@example.com","login":{"uuid":"7a87913c-4404-432c-b064-ff570eb96597","username":"happyfish997","password":"321654","salt":"qrdsojWB","md5":"7aef56fe932713d4992addf23564ebf6","sha1":"2d1754443e8abb5f45ee38ef462bf04e31421470","sha256":"1c4034ec86801a40bf03743a13a55afa23b32d80011b191d59c9d8979013e6ea"},"dob":{"date":"1996-09-05T22:21:15.349Z","age":25},"registered":{"date":"2008-02-19T16:35:21.113Z","age":13},"phone":"29763354","cell":"96673612","id":{"name":"FN","value":"05099618576"},"picture":{"large":"https://randomuser.me/api/portraits/men/45.jpg","medium":"https://randomuser.me/api/portraits/med/men/45.jpg","thumbnail":"https://randomuser.me/api/portraits/thumb/men/45.jpg"},"nat":"NO"}],"info":{"seed":"6f0ce4dc6dccb578","results":1,"page":1,"version":"1.3"}}
[2021-07-15 21:42:00,494] {taskinstance.py:1211} INFO - Marking task as SUCCESS. dag_id=user_processing, task_id=extracting_user, execution_date=20200102T000000, start_date=20210715T214159, end_date=20210715T214200
[2021-07-15 21:42:00,528] {taskinstance.py:1265} INFO - 1 downstream tasks scheduled from follow-on schedule check
[2021-07-15 21:42:00,546] {local_task_job.py:151} INFO - Task exited with return code 0
