[2021-07-17 13:57:39,215] {taskinstance.py:896} INFO - Dependencies all met for <TaskInstance: user_processing.extracting_user 2020-05-03T00:00:00+00:00 [queued]>
[2021-07-17 13:57:39,231] {taskinstance.py:896} INFO - Dependencies all met for <TaskInstance: user_processing.extracting_user 2020-05-03T00:00:00+00:00 [queued]>
[2021-07-17 13:57:39,233] {taskinstance.py:1087} INFO - 
--------------------------------------------------------------------------------
[2021-07-17 13:57:39,233] {taskinstance.py:1088} INFO - Starting attempt 1 of 1
[2021-07-17 13:57:39,233] {taskinstance.py:1089} INFO - 
--------------------------------------------------------------------------------
[2021-07-17 13:57:39,254] {taskinstance.py:1107} INFO - Executing <Task(SimpleHttpOperator): extracting_user> on 2020-05-03T00:00:00+00:00
[2021-07-17 13:57:39,263] {standard_task_runner.py:52} INFO - Started process 8268 to run task
[2021-07-17 13:57:39,274] {standard_task_runner.py:76} INFO - Running: ['***', 'tasks', 'run', 'user_processing', 'extracting_user', '2020-05-03T00:00:00+00:00', '--job-id', '650', '--pool', 'default_pool', '--raw', '--subdir', 'DAGS_FOLDER/user_processing.py', '--cfg-path', '/tmp/tmp9gj1g5n7', '--error-file', '/tmp/tmpk6yj96hi']
[2021-07-17 13:57:39,274] {standard_task_runner.py:77} INFO - Job 650: Subtask extracting_user
[2021-07-17 13:57:39,354] {logging_mixin.py:104} INFO - Running <TaskInstance: user_processing.extracting_user 2020-05-03T00:00:00+00:00 [running]> on host 120364900fc4
[2021-07-17 13:57:39,432] {taskinstance.py:1302} INFO - Exporting the following env vars:
AIRFLOW_CTX_DAG_OWNER=***
AIRFLOW_CTX_DAG_ID=user_processing
AIRFLOW_CTX_TASK_ID=extracting_user
AIRFLOW_CTX_EXECUTION_DATE=2020-05-03T00:00:00+00:00
AIRFLOW_CTX_DAG_RUN_ID=scheduled__2020-05-03T00:00:00+00:00
[2021-07-17 13:57:39,432] {http.py:111} INFO - Calling HTTP method
[2021-07-17 13:57:39,463] {base.py:78} INFO - Using connection to: id: user_api. Host: https://randomuser.me/, Port: None, Schema: , Login: , Password: None, extra: {}
[2021-07-17 13:57:39,465] {http.py:140} INFO - Sending 'GET' to url: https://randomuser.me/api/
[2021-07-17 13:57:39,788] {http.py:115} INFO - {"results":[{"gender":"male","name":{"title":"Mr","first":"Vedat","last":"Kavaklıoğlu"},"location":{"street":{"number":8695,"name":"Talak Göktepe Cd"},"city":"Tokat","state":"Manisa","country":"Turkey","postcode":18308,"coordinates":{"latitude":"72.7265","longitude":"-171.9829"},"timezone":{"offset":"+6:00","description":"Almaty, Dhaka, Colombo"}},"email":"vedat.kavaklioglu@example.com","login":{"uuid":"f7cd4b81-b471-49e2-b617-0c16feef5ff6","username":"beautifulladybug129","password":"ggggg","salt":"QqCfJ6il","md5":"0b50335ded7bc9ee49f4ed81667a49d3","sha1":"746933ab3c7d474104b2a195e76edada513bdf90","sha256":"fd9b84030a0fce44517a116d4fe40e6137a4572f583ce91ce8295d823959c741"},"dob":{"date":"1986-01-03T04:55:19.462Z","age":35},"registered":{"date":"2004-04-15T03:04:38.407Z","age":17},"phone":"(988)-939-9485","cell":"(110)-536-2587","id":{"name":"","value":null},"picture":{"large":"https://randomuser.me/api/portraits/men/41.jpg","medium":"https://randomuser.me/api/portraits/med/men/41.jpg","thumbnail":"https://randomuser.me/api/portraits/thumb/men/41.jpg"},"nat":"TR"}],"info":{"seed":"74d7bb1b5578a25b","results":1,"page":1,"version":"1.3"}}
[2021-07-17 13:57:39,824] {taskinstance.py:1211} INFO - Marking task as SUCCESS. dag_id=user_processing, task_id=extracting_user, execution_date=20200503T000000, start_date=20210717T135739, end_date=20210717T135739
[2021-07-17 13:57:39,862] {taskinstance.py:1265} INFO - 1 downstream tasks scheduled from follow-on schedule check
[2021-07-17 13:57:39,887] {local_task_job.py:151} INFO - Task exited with return code 0
