[2021-07-15 21:43:05,039] {taskinstance.py:896} INFO - Dependencies all met for <TaskInstance: user_processing.storing_user 2020-02-08T00:00:00+00:00 [queued]>
[2021-07-15 21:43:05,070] {taskinstance.py:896} INFO - Dependencies all met for <TaskInstance: user_processing.storing_user 2020-02-08T00:00:00+00:00 [queued]>
[2021-07-15 21:43:05,070] {taskinstance.py:1087} INFO - 
--------------------------------------------------------------------------------
[2021-07-15 21:43:05,070] {taskinstance.py:1088} INFO - Starting attempt 1 of 1
[2021-07-15 21:43:05,070] {taskinstance.py:1089} INFO - 
--------------------------------------------------------------------------------
[2021-07-15 21:43:05,086] {taskinstance.py:1107} INFO - Executing <Task(BashOperator): storing_user> on 2020-02-08T00:00:00+00:00
[2021-07-15 21:43:05,102] {standard_task_runner.py:52} INFO - Started process 5845 to run task
[2021-07-15 21:43:05,118] {standard_task_runner.py:76} INFO - Running: ['***', 'tasks', 'run', 'user_processing', 'storing_user', '2020-02-08T00:00:00+00:00', '--job-id', '248', '--pool', 'default_pool', '--raw', '--subdir', 'DAGS_FOLDER/user_processing.py', '--cfg-path', '/tmp/tmpdmgy05l5', '--error-file', '/tmp/tmpohlg3doc']
[2021-07-15 21:43:05,125] {standard_task_runner.py:77} INFO - Job 248: Subtask storing_user
[2021-07-15 21:43:05,185] {logging_mixin.py:104} INFO - Running <TaskInstance: user_processing.storing_user 2020-02-08T00:00:00+00:00 [running]> on host 120364900fc4
[2021-07-15 21:43:05,265] {taskinstance.py:1302} INFO - Exporting the following env vars:
AIRFLOW_CTX_DAG_OWNER=***
AIRFLOW_CTX_DAG_ID=user_processing
AIRFLOW_CTX_TASK_ID=storing_user
AIRFLOW_CTX_EXECUTION_DATE=2020-02-08T00:00:00+00:00
AIRFLOW_CTX_DAG_RUN_ID=scheduled__2020-02-08T00:00:00+00:00
[2021-07-15 21:43:05,267] {subprocess.py:52} INFO - Tmp dir root location: 
 /tmp
[2021-07-15 21:43:05,268] {subprocess.py:63} INFO - Running command: ['bash', '-c', 'echo -e ".separator ","\n.import /tmp/processed_user.csv users" | sqlite3 /opt/***/***.db']
[2021-07-15 21:43:05,313] {subprocess.py:75} INFO - Output:
[2021-07-15 21:43:05,344] {subprocess.py:83} INFO - Command exited with return code 0
[2021-07-15 21:43:05,397] {taskinstance.py:1211} INFO - Marking task as SUCCESS. dag_id=user_processing, task_id=storing_user, execution_date=20200208T000000, start_date=20210715T214305, end_date=20210715T214305
[2021-07-15 21:43:05,452] {taskinstance.py:1265} INFO - 0 downstream tasks scheduled from follow-on schedule check
[2021-07-15 21:43:05,496] {local_task_job.py:151} INFO - Task exited with return code 0
