[2021-07-17 13:57:40,360] {taskinstance.py:896} INFO - Dependencies all met for <TaskInstance: user_processing.storing_user 2020-04-30T00:00:00+00:00 [queued]>
[2021-07-17 13:57:40,371] {taskinstance.py:896} INFO - Dependencies all met for <TaskInstance: user_processing.storing_user 2020-04-30T00:00:00+00:00 [queued]>
[2021-07-17 13:57:40,371] {taskinstance.py:1087} INFO - 
--------------------------------------------------------------------------------
[2021-07-17 13:57:40,371] {taskinstance.py:1088} INFO - Starting attempt 1 of 1
[2021-07-17 13:57:40,371] {taskinstance.py:1089} INFO - 
--------------------------------------------------------------------------------
[2021-07-17 13:57:40,391] {taskinstance.py:1107} INFO - Executing <Task(BashOperator): storing_user> on 2020-04-30T00:00:00+00:00
[2021-07-17 13:57:40,397] {standard_task_runner.py:52} INFO - Started process 8296 to run task
[2021-07-17 13:57:40,409] {standard_task_runner.py:76} INFO - Running: ['***', 'tasks', 'run', 'user_processing', 'storing_user', '2020-04-30T00:00:00+00:00', '--job-id', '659', '--pool', 'default_pool', '--raw', '--subdir', 'DAGS_FOLDER/user_processing.py', '--cfg-path', '/tmp/tmpll6m922k', '--error-file', '/tmp/tmpdaq_6prw']
[2021-07-17 13:57:40,410] {standard_task_runner.py:77} INFO - Job 659: Subtask storing_user
[2021-07-17 13:57:40,459] {logging_mixin.py:104} INFO - Running <TaskInstance: user_processing.storing_user 2020-04-30T00:00:00+00:00 [running]> on host 120364900fc4
[2021-07-17 13:57:40,551] {taskinstance.py:1302} INFO - Exporting the following env vars:
AIRFLOW_CTX_DAG_OWNER=***
AIRFLOW_CTX_DAG_ID=user_processing
AIRFLOW_CTX_TASK_ID=storing_user
AIRFLOW_CTX_EXECUTION_DATE=2020-04-30T00:00:00+00:00
AIRFLOW_CTX_DAG_RUN_ID=scheduled__2020-04-30T00:00:00+00:00
[2021-07-17 13:57:40,553] {subprocess.py:52} INFO - Tmp dir root location: 
 /tmp
[2021-07-17 13:57:40,555] {subprocess.py:63} INFO - Running command: ['bash', '-c', 'echo -e ".separator ","\n.import /tmp/processed_user.csv users" | sqlite3 /opt/***/***.db']
[2021-07-17 13:57:40,566] {subprocess.py:75} INFO - Output:
[2021-07-17 13:57:40,584] {subprocess.py:83} INFO - Command exited with return code 0
[2021-07-17 13:57:40,640] {taskinstance.py:1211} INFO - Marking task as SUCCESS. dag_id=user_processing, task_id=storing_user, execution_date=20200430T000000, start_date=20210717T135740, end_date=20210717T135740
[2021-07-17 13:57:40,685] {taskinstance.py:1265} INFO - 0 downstream tasks scheduled from follow-on schedule check
[2021-07-17 13:57:40,698] {local_task_job.py:151} INFO - Task exited with return code 0
