[2021-07-15 21:42:01,015] {taskinstance.py:896} INFO - Dependencies all met for <TaskInstance: user_processing.extracting_user 2020-01-07T00:00:00+00:00 [queued]>
[2021-07-15 21:42:01,060] {taskinstance.py:896} INFO - Dependencies all met for <TaskInstance: user_processing.extracting_user 2020-01-07T00:00:00+00:00 [queued]>
[2021-07-15 21:42:01,060] {taskinstance.py:1087} INFO - 
--------------------------------------------------------------------------------
[2021-07-15 21:42:01,060] {taskinstance.py:1088} INFO - Starting attempt 1 of 1
[2021-07-15 21:42:01,060] {taskinstance.py:1089} INFO - 
--------------------------------------------------------------------------------
[2021-07-15 21:42:01,074] {taskinstance.py:1107} INFO - Executing <Task(SimpleHttpOperator): extracting_user> on 2020-01-07T00:00:00+00:00
[2021-07-15 21:42:01,081] {standard_task_runner.py:52} INFO - Started process 5275 to run task
[2021-07-15 21:42:01,095] {standard_task_runner.py:76} INFO - Running: ['***', 'tasks', 'run', 'user_processing', 'extracting_user', '2020-01-07T00:00:00+00:00', '--job-id', '59', '--pool', 'default_pool', '--raw', '--subdir', 'DAGS_FOLDER/user_processing.py', '--cfg-path', '/tmp/tmp4c2z69wi', '--error-file', '/tmp/tmpmahyl4o_']
[2021-07-15 21:42:01,095] {standard_task_runner.py:77} INFO - Job 59: Subtask extracting_user
[2021-07-15 21:42:01,234] {logging_mixin.py:104} INFO - Running <TaskInstance: user_processing.extracting_user 2020-01-07T00:00:00+00:00 [running]> on host 120364900fc4
[2021-07-15 21:42:01,347] {taskinstance.py:1302} INFO - Exporting the following env vars:
AIRFLOW_CTX_DAG_OWNER=***
AIRFLOW_CTX_DAG_ID=user_processing
AIRFLOW_CTX_TASK_ID=extracting_user
AIRFLOW_CTX_EXECUTION_DATE=2020-01-07T00:00:00+00:00
AIRFLOW_CTX_DAG_RUN_ID=scheduled__2020-01-07T00:00:00+00:00
[2021-07-15 21:42:01,347] {http.py:111} INFO - Calling HTTP method
[2021-07-15 21:42:01,376] {base.py:78} INFO - Using connection to: id: user_api. Host: https://randomuser.me/, Port: None, Schema: , Login: , Password: None, extra: {}
[2021-07-15 21:42:01,383] {http.py:140} INFO - Sending 'GET' to url: https://randomuser.me/api/
[2021-07-15 21:42:01,815] {http.py:115} INFO - {"results":[{"gender":"female","name":{"title":"Miss","first":"Becky","last":"Black"},"location":{"street":{"number":1199,"name":"Victoria Road"},"city":"Ballina","state":"South Dublin","country":"Ireland","postcode":74817,"coordinates":{"latitude":"16.5991","longitude":"117.9923"},"timezone":{"offset":"-3:00","description":"Brazil, Buenos Aires, Georgetown"}},"email":"becky.black@example.com","login":{"uuid":"20051e1d-bf5f-4895-9807-8bc2d83dd4f4","username":"heavyleopard769","password":"545454","salt":"7u7GJuvG","md5":"88b21f307ecb9f9bad2c55bb4ae168b1","sha1":"21049f3a0f8ffe3139310fc9f88e1a39b774a32b","sha256":"684eabcc8c4792fa6701ff1e6fea28499dfa0267aebeddabdfda4ce8482c1054"},"dob":{"date":"1988-01-21T22:18:33.772Z","age":33},"registered":{"date":"2004-09-08T08:58:04.658Z","age":17},"phone":"041-288-2935","cell":"081-270-1724","id":{"name":"PPS","value":"5159588T"},"picture":{"large":"https://randomuser.me/api/portraits/women/82.jpg","medium":"https://randomuser.me/api/portraits/med/women/82.jpg","thumbnail":"https://randomuser.me/api/portraits/thumb/women/82.jpg"},"nat":"IE"}],"info":{"seed":"939cde6d3b0eacc4","results":1,"page":1,"version":"1.3"}}
[2021-07-15 21:42:01,864] {taskinstance.py:1211} INFO - Marking task as SUCCESS. dag_id=user_processing, task_id=extracting_user, execution_date=20200107T000000, start_date=20210715T214201, end_date=20210715T214201
[2021-07-15 21:42:02,084] {taskinstance.py:1265} INFO - 0 downstream tasks scheduled from follow-on schedule check
[2021-07-15 21:42:02,119] {local_task_job.py:151} INFO - Task exited with return code 0
