[2021-07-15 21:43:03,584] {taskinstance.py:896} INFO - Dependencies all met for <TaskInstance: user_processing.storing_user 2020-02-02T00:00:00+00:00 [queued]>
[2021-07-15 21:43:03,631] {taskinstance.py:896} INFO - Dependencies all met for <TaskInstance: user_processing.storing_user 2020-02-02T00:00:00+00:00 [queued]>
[2021-07-15 21:43:03,631] {taskinstance.py:1087} INFO - 
--------------------------------------------------------------------------------
[2021-07-15 21:43:03,631] {taskinstance.py:1088} INFO - Starting attempt 1 of 1
[2021-07-15 21:43:03,631] {taskinstance.py:1089} INFO - 
--------------------------------------------------------------------------------
[2021-07-15 21:43:03,665] {taskinstance.py:1107} INFO - Executing <Task(BashOperator): storing_user> on 2020-02-02T00:00:00+00:00
[2021-07-15 21:43:03,680] {standard_task_runner.py:52} INFO - Started process 5807 to run task
[2021-07-15 21:43:03,694] {standard_task_runner.py:76} INFO - Running: ['***', 'tasks', 'run', 'user_processing', 'storing_user', '2020-02-02T00:00:00+00:00', '--job-id', '234', '--pool', 'default_pool', '--raw', '--subdir', 'DAGS_FOLDER/user_processing.py', '--cfg-path', '/tmp/tmpmmojnr7c', '--error-file', '/tmp/tmp0xaspqn5']
[2021-07-15 21:43:03,695] {standard_task_runner.py:77} INFO - Job 234: Subtask storing_user
[2021-07-15 21:43:03,775] {logging_mixin.py:104} INFO - Running <TaskInstance: user_processing.storing_user 2020-02-02T00:00:00+00:00 [running]> on host 120364900fc4
[2021-07-15 21:43:03,854] {taskinstance.py:1302} INFO - Exporting the following env vars:
AIRFLOW_CTX_DAG_OWNER=***
AIRFLOW_CTX_DAG_ID=user_processing
AIRFLOW_CTX_TASK_ID=storing_user
AIRFLOW_CTX_EXECUTION_DATE=2020-02-02T00:00:00+00:00
AIRFLOW_CTX_DAG_RUN_ID=scheduled__2020-02-02T00:00:00+00:00
[2021-07-15 21:43:03,855] {subprocess.py:52} INFO - Tmp dir root location: 
 /tmp
[2021-07-15 21:43:03,857] {subprocess.py:63} INFO - Running command: ['bash', '-c', 'echo -e ".separator ","\n.import /tmp/processed_user.csv users" | sqlite3 /opt/***/***.db']
[2021-07-15 21:43:03,898] {subprocess.py:75} INFO - Output:
[2021-07-15 21:43:03,921] {subprocess.py:83} INFO - Command exited with return code 0
[2021-07-15 21:43:03,980] {taskinstance.py:1211} INFO - Marking task as SUCCESS. dag_id=user_processing, task_id=storing_user, execution_date=20200202T000000, start_date=20210715T214303, end_date=20210715T214303
[2021-07-15 21:43:04,011] {taskinstance.py:1265} INFO - 0 downstream tasks scheduled from follow-on schedule check
[2021-07-15 21:43:04,031] {local_task_job.py:151} INFO - Task exited with return code 0
