[2021-07-15 21:42:35,483] {taskinstance.py:896} INFO - Dependencies all met for <TaskInstance: user_processing.storing_user 2020-01-20T00:00:00+00:00 [queued]>
[2021-07-15 21:42:35,524] {taskinstance.py:896} INFO - Dependencies all met for <TaskInstance: user_processing.storing_user 2020-01-20T00:00:00+00:00 [queued]>
[2021-07-15 21:42:35,524] {taskinstance.py:1087} INFO - 
--------------------------------------------------------------------------------
[2021-07-15 21:42:35,524] {taskinstance.py:1088} INFO - Starting attempt 1 of 1
[2021-07-15 21:42:35,524] {taskinstance.py:1089} INFO - 
--------------------------------------------------------------------------------
[2021-07-15 21:42:35,537] {taskinstance.py:1107} INFO - Executing <Task(BashOperator): storing_user> on 2020-01-20T00:00:00+00:00
[2021-07-15 21:42:35,546] {standard_task_runner.py:52} INFO - Started process 5597 to run task
[2021-07-15 21:42:35,555] {standard_task_runner.py:76} INFO - Running: ['***', 'tasks', 'run', 'user_processing', 'storing_user', '2020-01-20T00:00:00+00:00', '--job-id', '166', '--pool', 'default_pool', '--raw', '--subdir', 'DAGS_FOLDER/user_processing.py', '--cfg-path', '/tmp/tmp4ngeqkjy', '--error-file', '/tmp/tmpy_3h0662']
[2021-07-15 21:42:35,556] {standard_task_runner.py:77} INFO - Job 166: Subtask storing_user
[2021-07-15 21:42:35,674] {logging_mixin.py:104} INFO - Running <TaskInstance: user_processing.storing_user 2020-01-20T00:00:00+00:00 [running]> on host 120364900fc4
[2021-07-15 21:42:35,763] {taskinstance.py:1302} INFO - Exporting the following env vars:
AIRFLOW_CTX_DAG_OWNER=***
AIRFLOW_CTX_DAG_ID=user_processing
AIRFLOW_CTX_TASK_ID=storing_user
AIRFLOW_CTX_EXECUTION_DATE=2020-01-20T00:00:00+00:00
AIRFLOW_CTX_DAG_RUN_ID=scheduled__2020-01-20T00:00:00+00:00
[2021-07-15 21:42:35,764] {subprocess.py:52} INFO - Tmp dir root location: 
 /tmp
[2021-07-15 21:42:35,764] {subprocess.py:63} INFO - Running command: ['bash', '-c', 'echo -e ".separator ","\n.import /tmp/processed_user.csv users" | sqlite3 /opt/***/***.db']
[2021-07-15 21:42:35,780] {subprocess.py:75} INFO - Output:
[2021-07-15 21:42:35,798] {subprocess.py:83} INFO - Command exited with return code 0
[2021-07-15 21:42:35,843] {taskinstance.py:1211} INFO - Marking task as SUCCESS. dag_id=user_processing, task_id=storing_user, execution_date=20200120T000000, start_date=20210715T214235, end_date=20210715T214235
[2021-07-15 21:42:35,875] {taskinstance.py:1265} INFO - 0 downstream tasks scheduled from follow-on schedule check
[2021-07-15 21:42:35,901] {local_task_job.py:151} INFO - Task exited with return code 0
