[2021-07-15 21:42:04,998] {taskinstance.py:896} INFO - Dependencies all met for <TaskInstance: user_processing.storing_user 2020-01-07T00:00:00+00:00 [queued]>
[2021-07-15 21:42:05,027] {taskinstance.py:896} INFO - Dependencies all met for <TaskInstance: user_processing.storing_user 2020-01-07T00:00:00+00:00 [queued]>
[2021-07-15 21:42:05,027] {taskinstance.py:1087} INFO - 
--------------------------------------------------------------------------------
[2021-07-15 21:42:05,027] {taskinstance.py:1088} INFO - Starting attempt 1 of 1
[2021-07-15 21:42:05,027] {taskinstance.py:1089} INFO - 
--------------------------------------------------------------------------------
[2021-07-15 21:42:05,039] {taskinstance.py:1107} INFO - Executing <Task(BashOperator): storing_user> on 2020-01-07T00:00:00+00:00
[2021-07-15 21:42:05,044] {standard_task_runner.py:52} INFO - Started process 5348 to run task
[2021-07-15 21:42:05,048] {standard_task_runner.py:76} INFO - Running: ['***', 'tasks', 'run', 'user_processing', 'storing_user', '2020-01-07T00:00:00+00:00', '--job-id', '86', '--pool', 'default_pool', '--raw', '--subdir', 'DAGS_FOLDER/user_processing.py', '--cfg-path', '/tmp/tmppjfbtdoz', '--error-file', '/tmp/tmpvdqy_v4v']
[2021-07-15 21:42:05,049] {standard_task_runner.py:77} INFO - Job 86: Subtask storing_user
[2021-07-15 21:42:05,115] {logging_mixin.py:104} INFO - Running <TaskInstance: user_processing.storing_user 2020-01-07T00:00:00+00:00 [running]> on host 120364900fc4
[2021-07-15 21:42:05,216] {taskinstance.py:1302} INFO - Exporting the following env vars:
AIRFLOW_CTX_DAG_OWNER=***
AIRFLOW_CTX_DAG_ID=user_processing
AIRFLOW_CTX_TASK_ID=storing_user
AIRFLOW_CTX_EXECUTION_DATE=2020-01-07T00:00:00+00:00
AIRFLOW_CTX_DAG_RUN_ID=scheduled__2020-01-07T00:00:00+00:00
[2021-07-15 21:42:05,218] {subprocess.py:52} INFO - Tmp dir root location: 
 /tmp
[2021-07-15 21:42:05,221] {subprocess.py:63} INFO - Running command: ['bash', '-c', 'echo -e ".separator ","\n.import /tmp/processed_user.csv users" | sqlite3 /opt/***/***.db']
[2021-07-15 21:42:05,256] {subprocess.py:75} INFO - Output:
[2021-07-15 21:42:05,261] {subprocess.py:83} INFO - Command exited with return code 0
[2021-07-15 21:42:05,321] {taskinstance.py:1211} INFO - Marking task as SUCCESS. dag_id=user_processing, task_id=storing_user, execution_date=20200107T000000, start_date=20210715T214205, end_date=20210715T214205
[2021-07-15 21:42:05,416] {taskinstance.py:1265} INFO - 0 downstream tasks scheduled from follow-on schedule check
[2021-07-15 21:42:05,436] {local_task_job.py:151} INFO - Task exited with return code 0
