[2021-07-17 13:57:37,121] {taskinstance.py:896} INFO - Dependencies all met for <TaskInstance: user_processing.extracting_user 2020-04-30T00:00:00+00:00 [queued]>
[2021-07-17 13:57:37,163] {taskinstance.py:896} INFO - Dependencies all met for <TaskInstance: user_processing.extracting_user 2020-04-30T00:00:00+00:00 [queued]>
[2021-07-17 13:57:37,163] {taskinstance.py:1087} INFO - 
--------------------------------------------------------------------------------
[2021-07-17 13:57:37,163] {taskinstance.py:1088} INFO - Starting attempt 1 of 1
[2021-07-17 13:57:37,163] {taskinstance.py:1089} INFO - 
--------------------------------------------------------------------------------
[2021-07-17 13:57:37,198] {taskinstance.py:1107} INFO - Executing <Task(SimpleHttpOperator): extracting_user> on 2020-04-30T00:00:00+00:00
[2021-07-17 13:57:37,207] {standard_task_runner.py:52} INFO - Started process 8212 to run task
[2021-07-17 13:57:37,213] {standard_task_runner.py:76} INFO - Running: ['***', 'tasks', 'run', 'user_processing', 'extracting_user', '2020-04-30T00:00:00+00:00', '--job-id', '633', '--pool', 'default_pool', '--raw', '--subdir', 'DAGS_FOLDER/user_processing.py', '--cfg-path', '/tmp/tmp51fbpypl', '--error-file', '/tmp/tmpa7z5mktk']
[2021-07-17 13:57:37,214] {standard_task_runner.py:77} INFO - Job 633: Subtask extracting_user
[2021-07-17 13:57:37,338] {logging_mixin.py:104} INFO - Running <TaskInstance: user_processing.extracting_user 2020-04-30T00:00:00+00:00 [running]> on host 120364900fc4
[2021-07-17 13:57:37,450] {taskinstance.py:1302} INFO - Exporting the following env vars:
AIRFLOW_CTX_DAG_OWNER=***
AIRFLOW_CTX_DAG_ID=user_processing
AIRFLOW_CTX_TASK_ID=extracting_user
AIRFLOW_CTX_EXECUTION_DATE=2020-04-30T00:00:00+00:00
AIRFLOW_CTX_DAG_RUN_ID=scheduled__2020-04-30T00:00:00+00:00
[2021-07-17 13:57:37,450] {http.py:111} INFO - Calling HTTP method
[2021-07-17 13:57:37,469] {base.py:78} INFO - Using connection to: id: user_api. Host: https://randomuser.me/, Port: None, Schema: , Login: , Password: None, extra: {}
[2021-07-17 13:57:37,478] {http.py:140} INFO - Sending 'GET' to url: https://randomuser.me/api/
[2021-07-17 13:57:37,841] {http.py:115} INFO - {"results":[{"gender":"male","name":{"title":"Mr","first":"Albin","last":"Haarr"},"location":{"street":{"number":2864,"name":"Oppsalveien"},"city":"Vangsåsen","state":"Trøndelag","country":"Norway","postcode":"3933","coordinates":{"latitude":"48.5195","longitude":"-164.8694"},"timezone":{"offset":"+6:00","description":"Almaty, Dhaka, Colombo"}},"email":"albin.haarr@example.com","login":{"uuid":"06c4aee8-6feb-4568-b9a6-78cf5205f819","username":"purplegorilla541","password":"marshall","salt":"A76QtAHn","md5":"f688311b0f96845f520350c7192d2f3a","sha1":"5dba97c15dd7f61208cdb4a53e1dff9b30b9bd1a","sha256":"7c5582ef372dd06880999e062d0e028ed7d2a01fa0d928792eb6d4fb982ceb9f"},"dob":{"date":"1974-12-14T02:17:30.976Z","age":47},"registered":{"date":"2015-06-29T15:05:57.458Z","age":6},"phone":"51039505","cell":"97677325","id":{"name":"FN","value":"14127444928"},"picture":{"large":"https://randomuser.me/api/portraits/men/94.jpg","medium":"https://randomuser.me/api/portraits/med/men/94.jpg","thumbnail":"https://randomuser.me/api/portraits/thumb/men/94.jpg"},"nat":"NO"}],"info":{"seed":"522b33f1224c78b8","results":1,"page":1,"version":"1.3"}}
[2021-07-17 13:57:37,897] {taskinstance.py:1211} INFO - Marking task as SUCCESS. dag_id=user_processing, task_id=extracting_user, execution_date=20200430T000000, start_date=20210717T135737, end_date=20210717T135737
[2021-07-17 13:57:37,967] {taskinstance.py:1265} INFO - 1 downstream tasks scheduled from follow-on schedule check
[2021-07-17 13:57:38,001] {local_task_job.py:151} INFO - Task exited with return code 0
