[2021-07-17 13:57:40,859] {taskinstance.py:896} INFO - Dependencies all met for <TaskInstance: user_processing.storing_user 2020-05-01T00:00:00+00:00 [queued]>
[2021-07-17 13:57:40,868] {taskinstance.py:896} INFO - Dependencies all met for <TaskInstance: user_processing.storing_user 2020-05-01T00:00:00+00:00 [queued]>
[2021-07-17 13:57:40,868] {taskinstance.py:1087} INFO - 
--------------------------------------------------------------------------------
[2021-07-17 13:57:40,868] {taskinstance.py:1088} INFO - Starting attempt 1 of 1
[2021-07-17 13:57:40,868] {taskinstance.py:1089} INFO - 
--------------------------------------------------------------------------------
[2021-07-17 13:57:40,877] {taskinstance.py:1107} INFO - Executing <Task(BashOperator): storing_user> on 2020-05-01T00:00:00+00:00
[2021-07-17 13:57:40,881] {standard_task_runner.py:52} INFO - Started process 8306 to run task
[2021-07-17 13:57:40,884] {standard_task_runner.py:76} INFO - Running: ['***', 'tasks', 'run', 'user_processing', 'storing_user', '2020-05-01T00:00:00+00:00', '--job-id', '664', '--pool', 'default_pool', '--raw', '--subdir', 'DAGS_FOLDER/user_processing.py', '--cfg-path', '/tmp/tmpid6f59vs', '--error-file', '/tmp/tmpbxyqn0wd']
[2021-07-17 13:57:40,884] {standard_task_runner.py:77} INFO - Job 664: Subtask storing_user
[2021-07-17 13:57:40,913] {logging_mixin.py:104} INFO - Running <TaskInstance: user_processing.storing_user 2020-05-01T00:00:00+00:00 [running]> on host 120364900fc4
[2021-07-17 13:57:40,951] {taskinstance.py:1302} INFO - Exporting the following env vars:
AIRFLOW_CTX_DAG_OWNER=***
AIRFLOW_CTX_DAG_ID=user_processing
AIRFLOW_CTX_TASK_ID=storing_user
AIRFLOW_CTX_EXECUTION_DATE=2020-05-01T00:00:00+00:00
AIRFLOW_CTX_DAG_RUN_ID=scheduled__2020-05-01T00:00:00+00:00
[2021-07-17 13:57:40,951] {subprocess.py:52} INFO - Tmp dir root location: 
 /tmp
[2021-07-17 13:57:40,952] {subprocess.py:63} INFO - Running command: ['bash', '-c', 'echo -e ".separator ","\n.import /tmp/processed_user.csv users" | sqlite3 /opt/***/***.db']
[2021-07-17 13:57:40,965] {subprocess.py:75} INFO - Output:
[2021-07-17 13:57:40,977] {subprocess.py:83} INFO - Command exited with return code 0
[2021-07-17 13:57:40,992] {taskinstance.py:1211} INFO - Marking task as SUCCESS. dag_id=user_processing, task_id=storing_user, execution_date=20200501T000000, start_date=20210717T135740, end_date=20210717T135740
[2021-07-17 13:57:41,009] {taskinstance.py:1265} INFO - 0 downstream tasks scheduled from follow-on schedule check
[2021-07-17 13:57:41,016] {local_task_job.py:151} INFO - Task exited with return code 0
