[2021-07-17 13:57:04,564] {taskinstance.py:896} INFO - Dependencies all met for <TaskInstance: user_processing.extracting_user 2020-04-08T00:00:00+00:00 [queued]>
[2021-07-17 13:57:04,590] {taskinstance.py:896} INFO - Dependencies all met for <TaskInstance: user_processing.extracting_user 2020-04-08T00:00:00+00:00 [queued]>
[2021-07-17 13:57:04,591] {taskinstance.py:1087} INFO - 
--------------------------------------------------------------------------------
[2021-07-17 13:57:04,591] {taskinstance.py:1088} INFO - Starting attempt 1 of 1
[2021-07-17 13:57:04,591] {taskinstance.py:1089} INFO - 
--------------------------------------------------------------------------------
[2021-07-17 13:57:04,605] {taskinstance.py:1107} INFO - Executing <Task(SimpleHttpOperator): extracting_user> on 2020-04-08T00:00:00+00:00
[2021-07-17 13:57:04,616] {standard_task_runner.py:52} INFO - Started process 7928 to run task
[2021-07-17 13:57:04,622] {standard_task_runner.py:76} INFO - Running: ['***', 'tasks', 'run', 'user_processing', 'extracting_user', '2020-04-08T00:00:00+00:00', '--job-id', '538', '--pool', 'default_pool', '--raw', '--subdir', 'DAGS_FOLDER/user_processing.py', '--cfg-path', '/tmp/tmpbi2uc6w5', '--error-file', '/tmp/tmpnry4kads']
[2021-07-17 13:57:04,623] {standard_task_runner.py:77} INFO - Job 538: Subtask extracting_user
[2021-07-17 13:57:04,707] {logging_mixin.py:104} INFO - Running <TaskInstance: user_processing.extracting_user 2020-04-08T00:00:00+00:00 [running]> on host 120364900fc4
[2021-07-17 13:57:04,794] {taskinstance.py:1302} INFO - Exporting the following env vars:
AIRFLOW_CTX_DAG_OWNER=***
AIRFLOW_CTX_DAG_ID=user_processing
AIRFLOW_CTX_TASK_ID=extracting_user
AIRFLOW_CTX_EXECUTION_DATE=2020-04-08T00:00:00+00:00
AIRFLOW_CTX_DAG_RUN_ID=scheduled__2020-04-08T00:00:00+00:00
[2021-07-17 13:57:04,795] {http.py:111} INFO - Calling HTTP method
[2021-07-17 13:57:04,811] {base.py:78} INFO - Using connection to: id: user_api. Host: https://randomuser.me/, Port: None, Schema: , Login: , Password: None, extra: {}
[2021-07-17 13:57:04,814] {http.py:140} INFO - Sending 'GET' to url: https://randomuser.me/api/
[2021-07-17 13:57:05,308] {http.py:115} INFO - {"results":[{"gender":"female","name":{"title":"Miss","first":"Mestan","last":"Poçan"},"location":{"street":{"number":1069,"name":"Doktorlar Cd"},"city":"Yalova","state":"Trabzon","country":"Turkey","postcode":61161,"coordinates":{"latitude":"70.6373","longitude":"108.4442"},"timezone":{"offset":"+4:00","description":"Abu Dhabi, Muscat, Baku, Tbilisi"}},"email":"mestan.pocan@example.com","login":{"uuid":"9b3a12fc-9e52-47b2-b7a7-ad0208f87e65","username":"heavyostrich850","password":"payday","salt":"6viCSkmB","md5":"c1933cc57083582264c45d90f2f22d50","sha1":"641cf12187d59ee2aa892dc32c64bd77cd1bf5a1","sha256":"7446a60ae0758d65fed4fc912f57bf9bf14a7e0f0818c44e618836bbbc6d895e"},"dob":{"date":"1945-04-24T17:09:43.735Z","age":76},"registered":{"date":"2004-11-02T08:36:06.400Z","age":17},"phone":"(595)-484-3702","cell":"(278)-381-4533","id":{"name":"","value":null},"picture":{"large":"https://randomuser.me/api/portraits/women/0.jpg","medium":"https://randomuser.me/api/portraits/med/women/0.jpg","thumbnail":"https://randomuser.me/api/portraits/thumb/women/0.jpg"},"nat":"TR"}],"info":{"seed":"fdb7d014ab8aada6","results":1,"page":1,"version":"1.3"}}
[2021-07-17 13:57:05,360] {taskinstance.py:1211} INFO - Marking task as SUCCESS. dag_id=user_processing, task_id=extracting_user, execution_date=20200408T000000, start_date=20210717T135704, end_date=20210717T135705
[2021-07-17 13:57:05,519] {taskinstance.py:1265} INFO - 0 downstream tasks scheduled from follow-on schedule check
[2021-07-17 13:57:05,571] {local_task_job.py:151} INFO - Task exited with return code 0
