[2021-07-17 13:56:14,890] {taskinstance.py:896} INFO - Dependencies all met for <TaskInstance: user_processing.extracting_user 2020-03-20T00:00:00+00:00 [queued]>
[2021-07-17 13:56:14,899] {taskinstance.py:896} INFO - Dependencies all met for <TaskInstance: user_processing.extracting_user 2020-03-20T00:00:00+00:00 [queued]>
[2021-07-17 13:56:14,899] {taskinstance.py:1087} INFO - 
--------------------------------------------------------------------------------
[2021-07-17 13:56:14,899] {taskinstance.py:1088} INFO - Starting attempt 1 of 1
[2021-07-17 13:56:14,899] {taskinstance.py:1089} INFO - 
--------------------------------------------------------------------------------
[2021-07-17 13:56:14,910] {taskinstance.py:1107} INFO - Executing <Task(SimpleHttpOperator): extracting_user> on 2020-03-20T00:00:00+00:00
[2021-07-17 13:56:14,914] {standard_task_runner.py:52} INFO - Started process 7535 to run task
[2021-07-17 13:56:14,917] {standard_task_runner.py:76} INFO - Running: ['***', 'tasks', 'run', 'user_processing', 'extracting_user', '2020-03-20T00:00:00+00:00', '--job-id', '421', '--pool', 'default_pool', '--raw', '--subdir', 'DAGS_FOLDER/user_processing.py', '--cfg-path', '/tmp/tmp2hskg20z', '--error-file', '/tmp/tmpsltsd9di']
[2021-07-17 13:56:14,917] {standard_task_runner.py:77} INFO - Job 421: Subtask extracting_user
[2021-07-17 13:56:14,951] {logging_mixin.py:104} INFO - Running <TaskInstance: user_processing.extracting_user 2020-03-20T00:00:00+00:00 [running]> on host 120364900fc4
[2021-07-17 13:56:14,998] {taskinstance.py:1302} INFO - Exporting the following env vars:
AIRFLOW_CTX_DAG_OWNER=***
AIRFLOW_CTX_DAG_ID=user_processing
AIRFLOW_CTX_TASK_ID=extracting_user
AIRFLOW_CTX_EXECUTION_DATE=2020-03-20T00:00:00+00:00
AIRFLOW_CTX_DAG_RUN_ID=scheduled__2020-03-20T00:00:00+00:00
[2021-07-17 13:56:14,999] {http.py:111} INFO - Calling HTTP method
[2021-07-17 13:56:15,010] {base.py:78} INFO - Using connection to: id: user_api. Host: https://randomuser.me/, Port: None, Schema: , Login: , Password: None, extra: {}
[2021-07-17 13:56:15,011] {http.py:140} INFO - Sending 'GET' to url: https://randomuser.me/api/
[2021-07-17 13:56:15,328] {http.py:115} INFO - {"results":[{"gender":"male","name":{"title":"Mr","first":"Ruperto","last":"da Rocha"},"location":{"street":{"number":6299,"name":"Rua Tiradentes "},"city":"Camaçari","state":"Santa Catarina","country":"Brazil","postcode":84906,"coordinates":{"latitude":"-75.2416","longitude":"-109.8772"},"timezone":{"offset":"+9:30","description":"Adelaide, Darwin"}},"email":"ruperto.darocha@example.com","login":{"uuid":"d5ead2dd-1096-48f4-9d43-62845a9606cd","username":"crazyduck490","password":"squirrel","salt":"fcJAG8sw","md5":"51d58f93ea32ae7c0cd9095e88be2f0c","sha1":"354df83c3f06a29490f9257dc5e17d5762450fb4","sha256":"1d1e8df15efd00077c1560c2a13ea74dc7a2825cd36132ae0f9f00d6cab23d83"},"dob":{"date":"1951-10-25T14:00:00.617Z","age":70},"registered":{"date":"2011-12-06T20:05:28.908Z","age":10},"phone":"(36) 5304-7840","cell":"(37) 3220-7343","id":{"name":"","value":null},"picture":{"large":"https://randomuser.me/api/portraits/men/30.jpg","medium":"https://randomuser.me/api/portraits/med/men/30.jpg","thumbnail":"https://randomuser.me/api/portraits/thumb/men/30.jpg"},"nat":"BR"}],"info":{"seed":"05b5831d634415f5","results":1,"page":1,"version":"1.3"}}
[2021-07-17 13:56:15,345] {taskinstance.py:1211} INFO - Marking task as SUCCESS. dag_id=user_processing, task_id=extracting_user, execution_date=20200320T000000, start_date=20210717T135614, end_date=20210717T135615
[2021-07-17 13:56:15,364] {taskinstance.py:1265} INFO - 1 downstream tasks scheduled from follow-on schedule check
[2021-07-17 13:56:15,409] {local_task_job.py:151} INFO - Task exited with return code 0
