[2021-07-17 13:58:09,821] {taskinstance.py:896} INFO - Dependencies all met for <TaskInstance: user_processing.extracting_user 2020-05-19T00:00:00+00:00 [queued]>
[2021-07-17 13:58:09,835] {taskinstance.py:896} INFO - Dependencies all met for <TaskInstance: user_processing.extracting_user 2020-05-19T00:00:00+00:00 [queued]>
[2021-07-17 13:58:09,836] {taskinstance.py:1087} INFO - 
--------------------------------------------------------------------------------
[2021-07-17 13:58:09,837] {taskinstance.py:1088} INFO - Starting attempt 1 of 1
[2021-07-17 13:58:09,837] {taskinstance.py:1089} INFO - 
--------------------------------------------------------------------------------
[2021-07-17 13:58:09,849] {taskinstance.py:1107} INFO - Executing <Task(SimpleHttpOperator): extracting_user> on 2020-05-19T00:00:00+00:00
[2021-07-17 13:58:09,854] {standard_task_runner.py:52} INFO - Started process 8513 to run task
[2021-07-17 13:58:09,860] {standard_task_runner.py:76} INFO - Running: ['***', 'tasks', 'run', 'user_processing', 'extracting_user', '2020-05-19T00:00:00+00:00', '--job-id', '729', '--pool', 'default_pool', '--raw', '--subdir', 'DAGS_FOLDER/user_processing.py', '--cfg-path', '/tmp/tmphhj40fdm', '--error-file', '/tmp/tmpwph3nx94']
[2021-07-17 13:58:09,860] {standard_task_runner.py:77} INFO - Job 729: Subtask extracting_user
[2021-07-17 13:58:09,903] {logging_mixin.py:104} INFO - Running <TaskInstance: user_processing.extracting_user 2020-05-19T00:00:00+00:00 [running]> on host 120364900fc4
[2021-07-17 13:58:09,975] {taskinstance.py:1302} INFO - Exporting the following env vars:
AIRFLOW_CTX_DAG_OWNER=***
AIRFLOW_CTX_DAG_ID=user_processing
AIRFLOW_CTX_TASK_ID=extracting_user
AIRFLOW_CTX_EXECUTION_DATE=2020-05-19T00:00:00+00:00
AIRFLOW_CTX_DAG_RUN_ID=scheduled__2020-05-19T00:00:00+00:00
[2021-07-17 13:58:09,976] {http.py:111} INFO - Calling HTTP method
[2021-07-17 13:58:10,008] {base.py:78} INFO - Using connection to: id: user_api. Host: https://randomuser.me/, Port: None, Schema: , Login: , Password: None, extra: {}
[2021-07-17 13:58:10,010] {http.py:140} INFO - Sending 'GET' to url: https://randomuser.me/api/
[2021-07-17 13:58:10,368] {http.py:115} INFO - {"results":[{"gender":"female","name":{"title":"Mrs","first":"Dianne","last":"Hudson"},"location":{"street":{"number":1921,"name":"Bruce St"},"city":"Launceston","state":"Victoria","country":"Australia","postcode":5989,"coordinates":{"latitude":"-88.9076","longitude":"152.3523"},"timezone":{"offset":"+4:00","description":"Abu Dhabi, Muscat, Baku, Tbilisi"}},"email":"dianne.hudson@example.com","login":{"uuid":"469a318d-247b-48fe-b8bb-9d1b19481a20","username":"sadmeercat880","password":"quest","salt":"sDUH840G","md5":"9ab4e06bccdce0dfbb41e7219442d771","sha1":"0308c683cf11082f95d8f96cabd625b5e72cddd2","sha256":"c19bec90dc462f18178d2c9f12de23e1adc0dcd4d500af7770b989377c4fcb3f"},"dob":{"date":"1951-05-28T08:55:10.662Z","age":70},"registered":{"date":"2015-03-20T23:36:01.154Z","age":6},"phone":"06-2506-1092","cell":"0449-025-736","id":{"name":"TFN","value":"790150961"},"picture":{"large":"https://randomuser.me/api/portraits/women/11.jpg","medium":"https://randomuser.me/api/portraits/med/women/11.jpg","thumbnail":"https://randomuser.me/api/portraits/thumb/women/11.jpg"},"nat":"AU"}],"info":{"seed":"21da46eabd1fa60c","results":1,"page":1,"version":"1.3"}}
[2021-07-17 13:58:10,412] {taskinstance.py:1211} INFO - Marking task as SUCCESS. dag_id=user_processing, task_id=extracting_user, execution_date=20200519T000000, start_date=20210717T135809, end_date=20210717T135810
[2021-07-17 13:58:10,442] {taskinstance.py:1265} INFO - 1 downstream tasks scheduled from follow-on schedule check
[2021-07-17 13:58:10,475] {local_task_job.py:151} INFO - Task exited with return code 0
