[2021-07-15 21:42:28,521] {taskinstance.py:896} INFO - Dependencies all met for <TaskInstance: user_processing.creating_table 2020-01-19T00:00:00+00:00 [queued]>
[2021-07-15 21:42:28,535] {taskinstance.py:896} INFO - Dependencies all met for <TaskInstance: user_processing.creating_table 2020-01-19T00:00:00+00:00 [queued]>
[2021-07-15 21:42:28,535] {taskinstance.py:1087} INFO - 
--------------------------------------------------------------------------------
[2021-07-15 21:42:28,535] {taskinstance.py:1088} INFO - Starting attempt 1 of 1
[2021-07-15 21:42:28,535] {taskinstance.py:1089} INFO - 
--------------------------------------------------------------------------------
[2021-07-15 21:42:28,542] {taskinstance.py:1107} INFO - Executing <Task(SqliteOperator): creating_table> on 2020-01-19T00:00:00+00:00
[2021-07-15 21:42:28,548] {standard_task_runner.py:52} INFO - Started process 5458 to run task
[2021-07-15 21:42:28,551] {standard_task_runner.py:76} INFO - Running: ['***', 'tasks', 'run', 'user_processing', 'creating_table', '2020-01-19T00:00:00+00:00', '--job-id', '111', '--pool', 'default_pool', '--raw', '--subdir', 'DAGS_FOLDER/user_processing.py', '--cfg-path', '/tmp/tmpsli28c0c', '--error-file', '/tmp/tmppjblv_pd']
[2021-07-15 21:42:28,552] {standard_task_runner.py:77} INFO - Job 111: Subtask creating_table
[2021-07-15 21:42:28,640] {logging_mixin.py:104} INFO - Running <TaskInstance: user_processing.creating_table 2020-01-19T00:00:00+00:00 [running]> on host 120364900fc4
[2021-07-15 21:42:28,736] {taskinstance.py:1302} INFO - Exporting the following env vars:
AIRFLOW_CTX_DAG_OWNER=***
AIRFLOW_CTX_DAG_ID=user_processing
AIRFLOW_CTX_TASK_ID=creating_table
AIRFLOW_CTX_EXECUTION_DATE=2020-01-19T00:00:00+00:00
AIRFLOW_CTX_DAG_RUN_ID=scheduled__2020-01-19T00:00:00+00:00
[2021-07-15 21:42:28,736] {sqlite.py:61} INFO - Executing: 
            CREATE TABLE IF NOT EXISTS users (
                firstname TEXT NOT NULL,
                lastname TEXT NOT NULL,
                country TEXT NOT NULL,
                username TEXT NOT NULL,
                password TEXT NOT NULL,
                email TEXT NOT NULL PRIMARY KEY
            );
            
[2021-07-15 21:42:28,744] {base.py:78} INFO - Using connection to: id: db_sqlite. Host: /opt/***/***.db, Port: None, Schema: , Login: , Password: None, extra: {}
[2021-07-15 21:42:28,745] {dbapi.py:204} INFO - Running statement: 
            CREATE TABLE IF NOT EXISTS users (
                firstname TEXT NOT NULL,
                lastname TEXT NOT NULL,
                country TEXT NOT NULL,
                username TEXT NOT NULL,
                password TEXT NOT NULL,
                email TEXT NOT NULL PRIMARY KEY
            );
            , parameters: []
[2021-07-15 21:42:28,760] {taskinstance.py:1211} INFO - Marking task as SUCCESS. dag_id=user_processing, task_id=creating_table, execution_date=20200119T000000, start_date=20210715T214228, end_date=20210715T214228
[2021-07-15 21:42:28,880] {taskinstance.py:1265} INFO - 0 downstream tasks scheduled from follow-on schedule check
[2021-07-15 21:42:28,924] {local_task_job.py:151} INFO - Task exited with return code 0
