[2021-07-17 13:58:08,417] {taskinstance.py:896} INFO - Dependencies all met for <TaskInstance: user_processing.extracting_user 2020-05-16T00:00:00+00:00 [queued]>
[2021-07-17 13:58:08,452] {taskinstance.py:896} INFO - Dependencies all met for <TaskInstance: user_processing.extracting_user 2020-05-16T00:00:00+00:00 [queued]>
[2021-07-17 13:58:08,452] {taskinstance.py:1087} INFO - 
--------------------------------------------------------------------------------
[2021-07-17 13:58:08,452] {taskinstance.py:1088} INFO - Starting attempt 1 of 1
[2021-07-17 13:58:08,452] {taskinstance.py:1089} INFO - 
--------------------------------------------------------------------------------
[2021-07-17 13:58:08,522] {taskinstance.py:1107} INFO - Executing <Task(SimpleHttpOperator): extracting_user> on 2020-05-16T00:00:00+00:00
[2021-07-17 13:58:08,526] {standard_task_runner.py:52} INFO - Started process 8487 to run task
[2021-07-17 13:58:08,542] {standard_task_runner.py:76} INFO - Running: ['***', 'tasks', 'run', 'user_processing', 'extracting_user', '2020-05-16T00:00:00+00:00', '--job-id', '718', '--pool', 'default_pool', '--raw', '--subdir', 'DAGS_FOLDER/user_processing.py', '--cfg-path', '/tmp/tmpt5o5nss3', '--error-file', '/tmp/tmphy7fpfmo']
[2021-07-17 13:58:08,546] {standard_task_runner.py:77} INFO - Job 718: Subtask extracting_user
[2021-07-17 13:58:08,651] {logging_mixin.py:104} INFO - Running <TaskInstance: user_processing.extracting_user 2020-05-16T00:00:00+00:00 [running]> on host 120364900fc4
[2021-07-17 13:58:08,786] {taskinstance.py:1302} INFO - Exporting the following env vars:
AIRFLOW_CTX_DAG_OWNER=***
AIRFLOW_CTX_DAG_ID=user_processing
AIRFLOW_CTX_TASK_ID=extracting_user
AIRFLOW_CTX_EXECUTION_DATE=2020-05-16T00:00:00+00:00
AIRFLOW_CTX_DAG_RUN_ID=scheduled__2020-05-16T00:00:00+00:00
[2021-07-17 13:58:08,789] {http.py:111} INFO - Calling HTTP method
[2021-07-17 13:58:08,815] {base.py:78} INFO - Using connection to: id: user_api. Host: https://randomuser.me/, Port: None, Schema: , Login: , Password: None, extra: {}
[2021-07-17 13:58:08,817] {http.py:140} INFO - Sending 'GET' to url: https://randomuser.me/api/
[2021-07-17 13:58:09,148] {http.py:115} INFO - {"results":[{"gender":"male","name":{"title":"Mr","first":"William","last":"Kristensen"},"location":{"street":{"number":6396,"name":"Vestre Landevej"},"city":"Branderup J","state":"Midtjylland","country":"Denmark","postcode":15458,"coordinates":{"latitude":"-34.3661","longitude":"-69.0644"},"timezone":{"offset":"+3:00","description":"Baghdad, Riyadh, Moscow, St. Petersburg"}},"email":"william.kristensen@example.com","login":{"uuid":"f68af270-b24f-45e4-ac4f-4f05b230699a","username":"crazyzebra362","password":"rumble","salt":"Ujt8u6q4","md5":"758a0355a2ce16f8ca6da881ed9bd331","sha1":"8a22b176f9fe63b9a993f20a311d4cad397b0c30","sha256":"3fe24f426bc2b9fb064763742959e8979aac13ff283f3667045543ece3c6f5d1"},"dob":{"date":"1996-06-21T15:11:50.101Z","age":25},"registered":{"date":"2003-01-11T16:34:26.429Z","age":18},"phone":"61204566","cell":"46057003","id":{"name":"CPR","value":"210696-3851"},"picture":{"large":"https://randomuser.me/api/portraits/men/33.jpg","medium":"https://randomuser.me/api/portraits/med/men/33.jpg","thumbnail":"https://randomuser.me/api/portraits/thumb/men/33.jpg"},"nat":"DK"}],"info":{"seed":"98dd54412d73d89b","results":1,"page":1,"version":"1.3"}}
[2021-07-17 13:58:09,208] {taskinstance.py:1211} INFO - Marking task as SUCCESS. dag_id=user_processing, task_id=extracting_user, execution_date=20200516T000000, start_date=20210717T135808, end_date=20210717T135809
[2021-07-17 13:58:09,449] {taskinstance.py:1265} INFO - 0 downstream tasks scheduled from follow-on schedule check
[2021-07-17 13:58:09,489] {local_task_job.py:151} INFO - Task exited with return code 0
