[2021-07-15 21:43:01,681] {taskinstance.py:896} INFO - Dependencies all met for <TaskInstance: user_processing.extracting_user 2020-02-06T00:00:00+00:00 [queued]>
[2021-07-15 21:43:01,716] {taskinstance.py:896} INFO - Dependencies all met for <TaskInstance: user_processing.extracting_user 2020-02-06T00:00:00+00:00 [queued]>
[2021-07-15 21:43:01,716] {taskinstance.py:1087} INFO - 
--------------------------------------------------------------------------------
[2021-07-15 21:43:01,716] {taskinstance.py:1088} INFO - Starting attempt 1 of 1
[2021-07-15 21:43:01,716] {taskinstance.py:1089} INFO - 
--------------------------------------------------------------------------------
[2021-07-15 21:43:01,726] {taskinstance.py:1107} INFO - Executing <Task(SimpleHttpOperator): extracting_user> on 2020-02-06T00:00:00+00:00
[2021-07-15 21:43:01,733] {standard_task_runner.py:52} INFO - Started process 5769 to run task
[2021-07-15 21:43:01,736] {standard_task_runner.py:76} INFO - Running: ['***', 'tasks', 'run', 'user_processing', 'extracting_user', '2020-02-06T00:00:00+00:00', '--job-id', '215', '--pool', 'default_pool', '--raw', '--subdir', 'DAGS_FOLDER/user_processing.py', '--cfg-path', '/tmp/tmp3bhv81st', '--error-file', '/tmp/tmpx7yn8qz9']
[2021-07-15 21:43:01,736] {standard_task_runner.py:77} INFO - Job 215: Subtask extracting_user
[2021-07-15 21:43:01,793] {logging_mixin.py:104} INFO - Running <TaskInstance: user_processing.extracting_user 2020-02-06T00:00:00+00:00 [running]> on host 120364900fc4
[2021-07-15 21:43:01,907] {taskinstance.py:1302} INFO - Exporting the following env vars:
AIRFLOW_CTX_DAG_OWNER=***
AIRFLOW_CTX_DAG_ID=user_processing
AIRFLOW_CTX_TASK_ID=extracting_user
AIRFLOW_CTX_EXECUTION_DATE=2020-02-06T00:00:00+00:00
AIRFLOW_CTX_DAG_RUN_ID=scheduled__2020-02-06T00:00:00+00:00
[2021-07-15 21:43:01,909] {http.py:111} INFO - Calling HTTP method
[2021-07-15 21:43:01,917] {base.py:78} INFO - Using connection to: id: user_api. Host: https://randomuser.me/, Port: None, Schema: , Login: , Password: None, extra: {}
[2021-07-15 21:43:01,918] {http.py:140} INFO - Sending 'GET' to url: https://randomuser.me/api/
[2021-07-15 21:43:02,501] {http.py:115} INFO - {"results":[{"gender":"male","name":{"title":"Mr","first":"Johan","last":"Hansen"},"location":{"street":{"number":1144,"name":"Sletten"},"city":"Silkeboeg","state":"Syddanmark","country":"Denmark","postcode":98350,"coordinates":{"latitude":"-36.8653","longitude":"-52.8298"},"timezone":{"offset":"+3:00","description":"Baghdad, Riyadh, Moscow, St. Petersburg"}},"email":"johan.hansen@example.com","login":{"uuid":"6281bbff-5a5e-478a-ae81-ab527d674a23","username":"orangebutterfly707","password":"tobias","salt":"vNx3EGQ5","md5":"8e9e2d8abe9d53b1f60d52fe719a1f1b","sha1":"1ba93224347d3a17ee62c5c9eb7a9aeb0adad6de","sha256":"51434901c88a62c06086e6ebdd931f520c840e646e2ef0922bd14be65009a1a7"},"dob":{"date":"1984-07-03T19:20:11.831Z","age":37},"registered":{"date":"2008-10-12T13:00:10.524Z","age":13},"phone":"48342612","cell":"69082664","id":{"name":"CPR","value":"030784-9221"},"picture":{"large":"https://randomuser.me/api/portraits/men/14.jpg","medium":"https://randomuser.me/api/portraits/med/men/14.jpg","thumbnail":"https://randomuser.me/api/portraits/thumb/men/14.jpg"},"nat":"DK"}],"info":{"seed":"9ee41671d1ceadd7","results":1,"page":1,"version":"1.3"}}
[2021-07-15 21:43:02,582] {taskinstance.py:1211} INFO - Marking task as SUCCESS. dag_id=user_processing, task_id=extracting_user, execution_date=20200206T000000, start_date=20210715T214301, end_date=20210715T214302
[2021-07-15 21:43:02,736] {taskinstance.py:1265} INFO - 0 downstream tasks scheduled from follow-on schedule check
[2021-07-15 21:43:02,756] {local_task_job.py:151} INFO - Task exited with return code 0
