[2021-07-17 13:56:11,175] {taskinstance.py:896} INFO - Dependencies all met for <TaskInstance: user_processing.extracting_user 2020-03-13T00:00:00+00:00 [queued]>
[2021-07-17 13:56:11,193] {taskinstance.py:896} INFO - Dependencies all met for <TaskInstance: user_processing.extracting_user 2020-03-13T00:00:00+00:00 [queued]>
[2021-07-17 13:56:11,194] {taskinstance.py:1087} INFO - 
--------------------------------------------------------------------------------
[2021-07-17 13:56:11,194] {taskinstance.py:1088} INFO - Starting attempt 1 of 1
[2021-07-17 13:56:11,194] {taskinstance.py:1089} INFO - 
--------------------------------------------------------------------------------
[2021-07-17 13:56:11,221] {taskinstance.py:1107} INFO - Executing <Task(SimpleHttpOperator): extracting_user> on 2020-03-13T00:00:00+00:00
[2021-07-17 13:56:11,228] {standard_task_runner.py:52} INFO - Started process 7456 to run task
[2021-07-17 13:56:11,232] {standard_task_runner.py:76} INFO - Running: ['***', 'tasks', 'run', 'user_processing', 'extracting_user', '2020-03-13T00:00:00+00:00', '--job-id', '391', '--pool', 'default_pool', '--raw', '--subdir', 'DAGS_FOLDER/user_processing.py', '--cfg-path', '/tmp/tmps7ux4x27', '--error-file', '/tmp/tmpab_ho6q6']
[2021-07-17 13:56:11,233] {standard_task_runner.py:77} INFO - Job 391: Subtask extracting_user
[2021-07-17 13:56:11,302] {logging_mixin.py:104} INFO - Running <TaskInstance: user_processing.extracting_user 2020-03-13T00:00:00+00:00 [running]> on host 120364900fc4
[2021-07-17 13:56:11,402] {taskinstance.py:1302} INFO - Exporting the following env vars:
AIRFLOW_CTX_DAG_OWNER=***
AIRFLOW_CTX_DAG_ID=user_processing
AIRFLOW_CTX_TASK_ID=extracting_user
AIRFLOW_CTX_EXECUTION_DATE=2020-03-13T00:00:00+00:00
AIRFLOW_CTX_DAG_RUN_ID=scheduled__2020-03-13T00:00:00+00:00
[2021-07-17 13:56:11,411] {http.py:111} INFO - Calling HTTP method
[2021-07-17 13:56:11,435] {base.py:78} INFO - Using connection to: id: user_api. Host: https://randomuser.me/, Port: None, Schema: , Login: , Password: None, extra: {}
[2021-07-17 13:56:11,437] {http.py:140} INFO - Sending 'GET' to url: https://randomuser.me/api/
[2021-07-17 13:56:11,858] {http.py:115} INFO - {"results":[{"gender":"female","name":{"title":"Ms","first":"مهدیس","last":"كامياران"},"location":{"street":{"number":9273,"name":"شهید رحمانی"},"city":"مشهد","state":"قزوین","country":"Iran","postcode":52606,"coordinates":{"latitude":"36.2973","longitude":"151.6765"},"timezone":{"offset":"+5:45","description":"Kathmandu"}},"email":"mhdys.kmyrn@example.com","login":{"uuid":"b8bce7b8-7016-4c1b-a3d5-5509a236a1e8","username":"goldenfrog397","password":"spikey","salt":"dezWfQkn","md5":"b6cc21a0b8d4169ee11b5325fba88be2","sha1":"ad743fdd4c9b2c2575eb162e267b05e9ee3a32b8","sha256":"c2f6b1ad43ceec19e932beef348c3d052356a558694083e00fab23197499d1e3"},"dob":{"date":"1945-11-01T03:31:56.068Z","age":76},"registered":{"date":"2012-02-22T01:28:37.845Z","age":9},"phone":"012-46185472","cell":"0960-236-6279","id":{"name":"","value":null},"picture":{"large":"https://randomuser.me/api/portraits/women/64.jpg","medium":"https://randomuser.me/api/portraits/med/women/64.jpg","thumbnail":"https://randomuser.me/api/portraits/thumb/women/64.jpg"},"nat":"IR"}],"info":{"seed":"3b602fefe0398863","results":1,"page":1,"version":"1.3"}}
[2021-07-17 13:56:11,916] {taskinstance.py:1211} INFO - Marking task as SUCCESS. dag_id=user_processing, task_id=extracting_user, execution_date=20200313T000000, start_date=20210717T135611, end_date=20210717T135611
[2021-07-17 13:56:11,944] {taskinstance.py:1265} INFO - 1 downstream tasks scheduled from follow-on schedule check
[2021-07-17 13:56:11,976] {local_task_job.py:151} INFO - Task exited with return code 0
