[2021-07-17 13:57:04,844] {taskinstance.py:896} INFO - Dependencies all met for <TaskInstance: user_processing.extracting_user 2020-04-11T00:00:00+00:00 [queued]>
[2021-07-17 13:57:04,855] {taskinstance.py:896} INFO - Dependencies all met for <TaskInstance: user_processing.extracting_user 2020-04-11T00:00:00+00:00 [queued]>
[2021-07-17 13:57:04,856] {taskinstance.py:1087} INFO - 
--------------------------------------------------------------------------------
[2021-07-17 13:57:04,856] {taskinstance.py:1088} INFO - Starting attempt 1 of 1
[2021-07-17 13:57:04,856] {taskinstance.py:1089} INFO - 
--------------------------------------------------------------------------------
[2021-07-17 13:57:04,870] {taskinstance.py:1107} INFO - Executing <Task(SimpleHttpOperator): extracting_user> on 2020-04-11T00:00:00+00:00
[2021-07-17 13:57:04,875] {standard_task_runner.py:52} INFO - Started process 7930 to run task
[2021-07-17 13:57:04,893] {standard_task_runner.py:76} INFO - Running: ['***', 'tasks', 'run', 'user_processing', 'extracting_user', '2020-04-11T00:00:00+00:00', '--job-id', '540', '--pool', 'default_pool', '--raw', '--subdir', 'DAGS_FOLDER/user_processing.py', '--cfg-path', '/tmp/tmp3xhglxxh', '--error-file', '/tmp/tmp_rcsl6kf']
[2021-07-17 13:57:04,894] {standard_task_runner.py:77} INFO - Job 540: Subtask extracting_user
[2021-07-17 13:57:04,994] {logging_mixin.py:104} INFO - Running <TaskInstance: user_processing.extracting_user 2020-04-11T00:00:00+00:00 [running]> on host 120364900fc4
[2021-07-17 13:57:05,128] {taskinstance.py:1302} INFO - Exporting the following env vars:
AIRFLOW_CTX_DAG_OWNER=***
AIRFLOW_CTX_DAG_ID=user_processing
AIRFLOW_CTX_TASK_ID=extracting_user
AIRFLOW_CTX_EXECUTION_DATE=2020-04-11T00:00:00+00:00
AIRFLOW_CTX_DAG_RUN_ID=scheduled__2020-04-11T00:00:00+00:00
[2021-07-17 13:57:05,128] {http.py:111} INFO - Calling HTTP method
[2021-07-17 13:57:05,160] {base.py:78} INFO - Using connection to: id: user_api. Host: https://randomuser.me/, Port: None, Schema: , Login: , Password: None, extra: {}
[2021-07-17 13:57:05,161] {http.py:140} INFO - Sending 'GET' to url: https://randomuser.me/api/
[2021-07-17 13:57:05,490] {http.py:115} INFO - {"results":[{"gender":"male","name":{"title":"Mr","first":"James","last":"Robinson"},"location":{"street":{"number":5592,"name":"Omahu Road"},"city":"Invercargill","state":"Nelson","country":"New Zealand","postcode":39625,"coordinates":{"latitude":"66.5887","longitude":"-153.9867"},"timezone":{"offset":"+1:00","description":"Brussels, Copenhagen, Madrid, Paris"}},"email":"james.robinson@example.com","login":{"uuid":"89789575-9af3-4753-b409-4319c3e5c49f","username":"angrymeercat336","password":"desiree","salt":"MQ7nCto9","md5":"88e18fcff75c96a873284af52baa635f","sha1":"df4799c9d453a2647a94f9d5e59a5d6314a0bbf3","sha256":"65baf7c54a51d018c3ab1a00701f0e292c95261620875ca51c3bed783a762f54"},"dob":{"date":"1957-12-15T15:14:24.406Z","age":64},"registered":{"date":"2003-11-16T23:32:53.416Z","age":18},"phone":"(728)-372-5924","cell":"(062)-262-0043","id":{"name":"","value":null},"picture":{"large":"https://randomuser.me/api/portraits/men/59.jpg","medium":"https://randomuser.me/api/portraits/med/men/59.jpg","thumbnail":"https://randomuser.me/api/portraits/thumb/men/59.jpg"},"nat":"NZ"}],"info":{"seed":"e7449947a51c3c3b","results":1,"page":1,"version":"1.3"}}
[2021-07-17 13:57:05,537] {taskinstance.py:1211} INFO - Marking task as SUCCESS. dag_id=user_processing, task_id=extracting_user, execution_date=20200411T000000, start_date=20210717T135704, end_date=20210717T135705
[2021-07-17 13:57:05,582] {taskinstance.py:1265} INFO - 1 downstream tasks scheduled from follow-on schedule check
[2021-07-17 13:57:05,620] {local_task_job.py:151} INFO - Task exited with return code 0
