[2021-07-17 13:56:33,621] {taskinstance.py:896} INFO - Dependencies all met for <TaskInstance: user_processing.extracting_user 2020-03-22T00:00:00+00:00 [queued]>
[2021-07-17 13:56:33,639] {taskinstance.py:896} INFO - Dependencies all met for <TaskInstance: user_processing.extracting_user 2020-03-22T00:00:00+00:00 [queued]>
[2021-07-17 13:56:33,642] {taskinstance.py:1087} INFO - 
--------------------------------------------------------------------------------
[2021-07-17 13:56:33,643] {taskinstance.py:1088} INFO - Starting attempt 1 of 1
[2021-07-17 13:56:33,643] {taskinstance.py:1089} INFO - 
--------------------------------------------------------------------------------
[2021-07-17 13:56:33,657] {taskinstance.py:1107} INFO - Executing <Task(SimpleHttpOperator): extracting_user> on 2020-03-22T00:00:00+00:00
[2021-07-17 13:56:33,662] {standard_task_runner.py:52} INFO - Started process 7664 to run task
[2021-07-17 13:56:33,665] {standard_task_runner.py:76} INFO - Running: ['***', 'tasks', 'run', 'user_processing', 'extracting_user', '2020-03-22T00:00:00+00:00', '--job-id', '454', '--pool', 'default_pool', '--raw', '--subdir', 'DAGS_FOLDER/user_processing.py', '--cfg-path', '/tmp/tmpiv4o8uqp', '--error-file', '/tmp/tmp5phamifa']
[2021-07-17 13:56:33,665] {standard_task_runner.py:77} INFO - Job 454: Subtask extracting_user
[2021-07-17 13:56:33,724] {logging_mixin.py:104} INFO - Running <TaskInstance: user_processing.extracting_user 2020-03-22T00:00:00+00:00 [running]> on host 120364900fc4
[2021-07-17 13:56:33,814] {taskinstance.py:1302} INFO - Exporting the following env vars:
AIRFLOW_CTX_DAG_OWNER=***
AIRFLOW_CTX_DAG_ID=user_processing
AIRFLOW_CTX_TASK_ID=extracting_user
AIRFLOW_CTX_EXECUTION_DATE=2020-03-22T00:00:00+00:00
AIRFLOW_CTX_DAG_RUN_ID=scheduled__2020-03-22T00:00:00+00:00
[2021-07-17 13:56:33,815] {http.py:111} INFO - Calling HTTP method
[2021-07-17 13:56:33,824] {base.py:78} INFO - Using connection to: id: user_api. Host: https://randomuser.me/, Port: None, Schema: , Login: , Password: None, extra: {}
[2021-07-17 13:56:33,830] {http.py:140} INFO - Sending 'GET' to url: https://randomuser.me/api/
[2021-07-17 13:56:34,302] {http.py:115} INFO - {"results":[{"gender":"male","name":{"title":"Mr","first":"Darrell","last":"Mitchell"},"location":{"street":{"number":1534,"name":"Lakeshore Rd"},"city":"Kalgoorlie","state":"Australian Capital Territory","country":"Australia","postcode":5690,"coordinates":{"latitude":"-80.1755","longitude":"-78.9846"},"timezone":{"offset":"-3:00","description":"Brazil, Buenos Aires, Georgetown"}},"email":"darrell.mitchell@example.com","login":{"uuid":"3952670c-7bf5-455f-9eeb-a98ff8972e3b","username":"whitepeacock703","password":"tonight","salt":"ES8vvu0M","md5":"8187df729194c7de52b9f35abce4965e","sha1":"ec4f095509595ab9ab02319cc05c72494f3565a2","sha256":"1fd03652233ef3a90ead6c5d7aaf583bb33e367d2b1deec1021b40abfebd0974"},"dob":{"date":"1976-05-19T09:34:11.247Z","age":45},"registered":{"date":"2011-04-26T19:52:56.605Z","age":10},"phone":"09-5541-8161","cell":"0416-108-068","id":{"name":"TFN","value":"361803631"},"picture":{"large":"https://randomuser.me/api/portraits/men/97.jpg","medium":"https://randomuser.me/api/portraits/med/men/97.jpg","thumbnail":"https://randomuser.me/api/portraits/thumb/men/97.jpg"},"nat":"AU"}],"info":{"seed":"346b26d30f7cc4fb","results":1,"page":1,"version":"1.3"}}
[2021-07-17 13:56:34,324] {taskinstance.py:1211} INFO - Marking task as SUCCESS. dag_id=user_processing, task_id=extracting_user, execution_date=20200322T000000, start_date=20210717T135633, end_date=20210717T135634
[2021-07-17 13:56:34,374] {taskinstance.py:1265} INFO - 1 downstream tasks scheduled from follow-on schedule check
[2021-07-17 13:56:34,423] {local_task_job.py:151} INFO - Task exited with return code 0
