[2021-07-15 21:43:02,837] {taskinstance.py:896} INFO - Dependencies all met for <TaskInstance: user_processing.is_api_available 2020-02-14T00:00:00+00:00 [queued]>
[2021-07-15 21:43:02,864] {taskinstance.py:896} INFO - Dependencies all met for <TaskInstance: user_processing.is_api_available 2020-02-14T00:00:00+00:00 [queued]>
[2021-07-15 21:43:02,864] {taskinstance.py:1087} INFO - 
--------------------------------------------------------------------------------
[2021-07-15 21:43:02,864] {taskinstance.py:1088} INFO - Starting attempt 1 of 1
[2021-07-15 21:43:02,864] {taskinstance.py:1089} INFO - 
--------------------------------------------------------------------------------
[2021-07-15 21:43:02,876] {taskinstance.py:1107} INFO - Executing <Task(HttpSensor): is_api_available> on 2020-02-14T00:00:00+00:00
[2021-07-15 21:43:02,888] {standard_task_runner.py:52} INFO - Started process 5788 to run task
[2021-07-15 21:43:02,893] {standard_task_runner.py:76} INFO - Running: ['***', 'tasks', 'run', 'user_processing', 'is_api_available', '2020-02-14T00:00:00+00:00', '--job-id', '223', '--pool', 'default_pool', '--raw', '--subdir', 'DAGS_FOLDER/user_processing.py', '--cfg-path', '/tmp/tmpo0_k2jo4', '--error-file', '/tmp/tmpiso26okr']
[2021-07-15 21:43:02,896] {standard_task_runner.py:77} INFO - Job 223: Subtask is_api_available
[2021-07-15 21:43:02,973] {logging_mixin.py:104} INFO - Running <TaskInstance: user_processing.is_api_available 2020-02-14T00:00:00+00:00 [running]> on host 120364900fc4
[2021-07-15 21:43:03,041] {taskinstance.py:1302} INFO - Exporting the following env vars:
AIRFLOW_CTX_DAG_OWNER=***
AIRFLOW_CTX_DAG_ID=user_processing
AIRFLOW_CTX_TASK_ID=is_api_available
AIRFLOW_CTX_EXECUTION_DATE=2020-02-14T00:00:00+00:00
AIRFLOW_CTX_DAG_RUN_ID=scheduled__2020-02-14T00:00:00+00:00
[2021-07-15 21:43:03,041] {http.py:101} INFO - Poking: api/
[2021-07-15 21:43:03,050] {base.py:78} INFO - Using connection to: id: user_api. Host: https://randomuser.me/, Port: None, Schema: , Login: , Password: None, extra: {}
[2021-07-15 21:43:03,053] {http.py:140} INFO - Sending 'GET' to url: https://randomuser.me/api/
[2021-07-15 21:43:03,433] {base.py:248} INFO - Success criteria met. Exiting.
[2021-07-15 21:43:03,448] {taskinstance.py:1211} INFO - Marking task as SUCCESS. dag_id=user_processing, task_id=is_api_available, execution_date=20200214T000000, start_date=20210715T214302, end_date=20210715T214303
[2021-07-15 21:43:03,569] {local_task_job.py:151} INFO - Task exited with return code 1
