[2021-07-15 21:42:02,321] {taskinstance.py:896} INFO - Dependencies all met for <TaskInstance: user_processing.extracting_user 2020-01-10T00:00:00+00:00 [queued]>
[2021-07-15 21:42:02,342] {taskinstance.py:896} INFO - Dependencies all met for <TaskInstance: user_processing.extracting_user 2020-01-10T00:00:00+00:00 [queued]>
[2021-07-15 21:42:02,342] {taskinstance.py:1087} INFO - 
--------------------------------------------------------------------------------
[2021-07-15 21:42:02,342] {taskinstance.py:1088} INFO - Starting attempt 1 of 1
[2021-07-15 21:42:02,343] {taskinstance.py:1089} INFO - 
--------------------------------------------------------------------------------
[2021-07-15 21:42:02,350] {taskinstance.py:1107} INFO - Executing <Task(SimpleHttpOperator): extracting_user> on 2020-01-10T00:00:00+00:00
[2021-07-15 21:42:02,357] {standard_task_runner.py:52} INFO - Started process 5293 to run task
[2021-07-15 21:42:02,362] {standard_task_runner.py:76} INFO - Running: ['***', 'tasks', 'run', 'user_processing', 'extracting_user', '2020-01-10T00:00:00+00:00', '--job-id', '68', '--pool', 'default_pool', '--raw', '--subdir', 'DAGS_FOLDER/user_processing.py', '--cfg-path', '/tmp/tmpu8vesy88', '--error-file', '/tmp/tmp94i0hhrw']
[2021-07-15 21:42:02,362] {standard_task_runner.py:77} INFO - Job 68: Subtask extracting_user
[2021-07-15 21:42:02,441] {logging_mixin.py:104} INFO - Running <TaskInstance: user_processing.extracting_user 2020-01-10T00:00:00+00:00 [running]> on host 120364900fc4
[2021-07-15 21:42:02,560] {taskinstance.py:1302} INFO - Exporting the following env vars:
AIRFLOW_CTX_DAG_OWNER=***
AIRFLOW_CTX_DAG_ID=user_processing
AIRFLOW_CTX_TASK_ID=extracting_user
AIRFLOW_CTX_EXECUTION_DATE=2020-01-10T00:00:00+00:00
AIRFLOW_CTX_DAG_RUN_ID=scheduled__2020-01-10T00:00:00+00:00
[2021-07-15 21:42:02,560] {http.py:111} INFO - Calling HTTP method
[2021-07-15 21:42:02,605] {base.py:78} INFO - Using connection to: id: user_api. Host: https://randomuser.me/, Port: None, Schema: , Login: , Password: None, extra: {}
[2021-07-15 21:42:02,606] {http.py:140} INFO - Sending 'GET' to url: https://randomuser.me/api/
[2021-07-15 21:42:02,979] {http.py:115} INFO - {"results":[{"gender":"female","name":{"title":"Ms","first":"Iida","last":"Raisanen"},"location":{"street":{"number":4831,"name":"Otavalankatu"},"city":"Pello","state":"Åland","country":"Finland","postcode":53838,"coordinates":{"latitude":"-14.6472","longitude":"59.5266"},"timezone":{"offset":"-10:00","description":"Hawaii"}},"email":"iida.raisanen@example.com","login":{"uuid":"5cc178af-7fd2-489a-9315-583fc33f8ac1","username":"greenfrog579","password":"asdf","salt":"0ZkHKQ2o","md5":"3fafd74e99dda374a8b187cd1b10c096","sha1":"46e48716c67c60e5dee6e3912e3bfd4f28d1d729","sha256":"7cc285a28a121c36b2f8d7dc2d44c8461b7e846de570636fb160def24961f949"},"dob":{"date":"1958-01-30T09:42:09.707Z","age":63},"registered":{"date":"2019-01-22T19:25:10.670Z","age":2},"phone":"03-295-670","cell":"045-180-53-06","id":{"name":"HETU","value":"NaNNA872undefined"},"picture":{"large":"https://randomuser.me/api/portraits/women/75.jpg","medium":"https://randomuser.me/api/portraits/med/women/75.jpg","thumbnail":"https://randomuser.me/api/portraits/thumb/women/75.jpg"},"nat":"FI"}],"info":{"seed":"3f7325d53f3167d3","results":1,"page":1,"version":"1.3"}}
[2021-07-15 21:42:03,078] {taskinstance.py:1211} INFO - Marking task as SUCCESS. dag_id=user_processing, task_id=extracting_user, execution_date=20200110T000000, start_date=20210715T214202, end_date=20210715T214203
[2021-07-15 21:42:03,176] {taskinstance.py:1265} INFO - 1 downstream tasks scheduled from follow-on schedule check
[2021-07-15 21:42:03,221] {local_task_job.py:151} INFO - Task exited with return code 0
