[2021-07-17 13:56:35,000] {taskinstance.py:896} INFO - Dependencies all met for <TaskInstance: user_processing.extracting_user 2020-03-27T00:00:00+00:00 [queued]>
[2021-07-17 13:56:35,012] {taskinstance.py:896} INFO - Dependencies all met for <TaskInstance: user_processing.extracting_user 2020-03-27T00:00:00+00:00 [queued]>
[2021-07-17 13:56:35,013] {taskinstance.py:1087} INFO - 
--------------------------------------------------------------------------------
[2021-07-17 13:56:35,013] {taskinstance.py:1088} INFO - Starting attempt 1 of 1
[2021-07-17 13:56:35,013] {taskinstance.py:1089} INFO - 
--------------------------------------------------------------------------------
[2021-07-17 13:56:35,030] {taskinstance.py:1107} INFO - Executing <Task(SimpleHttpOperator): extracting_user> on 2020-03-27T00:00:00+00:00
[2021-07-17 13:56:35,036] {standard_task_runner.py:52} INFO - Started process 7684 to run task
[2021-07-17 13:56:35,039] {standard_task_runner.py:76} INFO - Running: ['***', 'tasks', 'run', 'user_processing', 'extracting_user', '2020-03-27T00:00:00+00:00', '--job-id', '465', '--pool', 'default_pool', '--raw', '--subdir', 'DAGS_FOLDER/user_processing.py', '--cfg-path', '/tmp/tmpiq3fspc0', '--error-file', '/tmp/tmpf2_p8koc']
[2021-07-17 13:56:35,039] {standard_task_runner.py:77} INFO - Job 465: Subtask extracting_user
[2021-07-17 13:56:35,084] {logging_mixin.py:104} INFO - Running <TaskInstance: user_processing.extracting_user 2020-03-27T00:00:00+00:00 [running]> on host 120364900fc4
[2021-07-17 13:56:35,145] {taskinstance.py:1302} INFO - Exporting the following env vars:
AIRFLOW_CTX_DAG_OWNER=***
AIRFLOW_CTX_DAG_ID=user_processing
AIRFLOW_CTX_TASK_ID=extracting_user
AIRFLOW_CTX_EXECUTION_DATE=2020-03-27T00:00:00+00:00
AIRFLOW_CTX_DAG_RUN_ID=scheduled__2020-03-27T00:00:00+00:00
[2021-07-17 13:56:35,145] {http.py:111} INFO - Calling HTTP method
[2021-07-17 13:56:35,152] {base.py:78} INFO - Using connection to: id: user_api. Host: https://randomuser.me/, Port: None, Schema: , Login: , Password: None, extra: {}
[2021-07-17 13:56:35,154] {http.py:140} INFO - Sending 'GET' to url: https://randomuser.me/api/
[2021-07-17 13:56:35,693] {http.py:115} INFO - {"results":[{"gender":"female","name":{"title":"Ms","first":"یاسمین","last":"کامروا"},"location":{"street":{"number":3822,"name":"دکتر فاطمی"},"city":"نیشابور","state":"گیلان","country":"Iran","postcode":26533,"coordinates":{"latitude":"33.3487","longitude":"19.2747"},"timezone":{"offset":"-6:00","description":"Central Time (US & Canada), Mexico City"}},"email":"ysmyn.khmrw@example.com","login":{"uuid":"fdb364cf-2d87-4bc9-8038-212db23dc52e","username":"lazycat211","password":"climber","salt":"1IBTWMrd","md5":"a1a3ba06c83a1dc1dbb9f814e3f236e6","sha1":"2348107cd76acbb70b294478204223a3d44eaee8","sha256":"67090147a02dce2c84babc51838ef73cbc474f72089c0d89f4c72d587f54b40d"},"dob":{"date":"1952-02-19T03:06:49.462Z","age":69},"registered":{"date":"2016-06-27T16:50:44.188Z","age":5},"phone":"012-88319217","cell":"0977-143-9076","id":{"name":"","value":null},"picture":{"large":"https://randomuser.me/api/portraits/women/69.jpg","medium":"https://randomuser.me/api/portraits/med/women/69.jpg","thumbnail":"https://randomuser.me/api/portraits/thumb/women/69.jpg"},"nat":"IR"}],"info":{"seed":"f8e578ca0564614e","results":1,"page":1,"version":"1.3"}}
[2021-07-17 13:56:35,724] {taskinstance.py:1211} INFO - Marking task as SUCCESS. dag_id=user_processing, task_id=extracting_user, execution_date=20200327T000000, start_date=20210717T135635, end_date=20210717T135635
[2021-07-17 13:56:35,752] {taskinstance.py:1265} INFO - 1 downstream tasks scheduled from follow-on schedule check
[2021-07-17 13:56:35,776] {local_task_job.py:151} INFO - Task exited with return code 0
