[2021-07-12 20:30:03,923] {scheduler_job.py:182} INFO - Started process (PID=35) to work on /home/airflow/.local/lib/python3.6/site-packages/airflow/example_dags/example_python_operator.py
[2021-07-12 20:30:03,923] {scheduler_job.py:633} INFO - Processing file /home/airflow/.local/lib/python3.6/site-packages/airflow/example_dags/example_python_operator.py for tasks to queue
[2021-07-12 20:30:03,924] {logging_mixin.py:104} INFO - [2021-07-12 20:30:03,924] {dagbag.py:496} INFO - Filling up the DagBag from /home/airflow/.local/lib/python3.6/site-packages/airflow/example_dags/example_python_operator.py
[2021-07-12 20:30:03,943] {scheduler_job.py:643} INFO - DAG(s) dict_keys(['example_python_operator']) retrieved from /home/airflow/.local/lib/python3.6/site-packages/airflow/example_dags/example_python_operator.py
[2021-07-12 20:30:04,097] {logging_mixin.py:104} INFO - [2021-07-12 20:30:04,097] {dag.py:1833} INFO - Sync 1 DAGs
[2021-07-12 20:30:04,107] {logging_mixin.py:104} INFO - [2021-07-12 20:30:04,106] {dag.py:2306} INFO - Setting next_dagrun for example_python_operator to None
[2021-07-12 20:30:04,113] {scheduler_job.py:190} INFO - Processing /home/airflow/.local/lib/python3.6/site-packages/airflow/example_dags/example_python_operator.py took 0.192 seconds
[2021-07-12 20:30:34,633] {scheduler_job.py:182} INFO - Started process (PID=97) to work on /home/airflow/.local/lib/python3.6/site-packages/airflow/example_dags/example_python_operator.py
[2021-07-12 20:30:34,634] {scheduler_job.py:633} INFO - Processing file /home/airflow/.local/lib/python3.6/site-packages/airflow/example_dags/example_python_operator.py for tasks to queue
[2021-07-12 20:30:34,634] {logging_mixin.py:104} INFO - [2021-07-12 20:30:34,634] {dagbag.py:496} INFO - Filling up the DagBag from /home/airflow/.local/lib/python3.6/site-packages/airflow/example_dags/example_python_operator.py
[2021-07-12 20:30:34,645] {scheduler_job.py:643} INFO - DAG(s) dict_keys(['example_python_operator']) retrieved from /home/airflow/.local/lib/python3.6/site-packages/airflow/example_dags/example_python_operator.py
[2021-07-12 20:30:34,660] {logging_mixin.py:104} INFO - [2021-07-12 20:30:34,660] {dag.py:1833} INFO - Sync 1 DAGs
[2021-07-12 20:30:34,670] {logging_mixin.py:104} INFO - [2021-07-12 20:30:34,669] {dag.py:2306} INFO - Setting next_dagrun for example_python_operator to None
[2021-07-12 20:30:34,674] {scheduler_job.py:190} INFO - Processing /home/airflow/.local/lib/python3.6/site-packages/airflow/example_dags/example_python_operator.py took 0.043 seconds
[2021-07-12 20:31:04,875] {scheduler_job.py:182} INFO - Started process (PID=158) to work on /home/airflow/.local/lib/python3.6/site-packages/airflow/example_dags/example_python_operator.py
[2021-07-12 20:31:04,875] {scheduler_job.py:633} INFO - Processing file /home/airflow/.local/lib/python3.6/site-packages/airflow/example_dags/example_python_operator.py for tasks to queue
[2021-07-12 20:31:04,875] {logging_mixin.py:104} INFO - [2021-07-12 20:31:04,875] {dagbag.py:496} INFO - Filling up the DagBag from /home/airflow/.local/lib/python3.6/site-packages/airflow/example_dags/example_python_operator.py
[2021-07-12 20:31:04,882] {scheduler_job.py:643} INFO - DAG(s) dict_keys(['example_python_operator']) retrieved from /home/airflow/.local/lib/python3.6/site-packages/airflow/example_dags/example_python_operator.py
[2021-07-12 20:31:04,894] {logging_mixin.py:104} INFO - [2021-07-12 20:31:04,894] {dag.py:1833} INFO - Sync 1 DAGs
[2021-07-12 20:31:04,903] {logging_mixin.py:104} INFO - [2021-07-12 20:31:04,903] {dag.py:2306} INFO - Setting next_dagrun for example_python_operator to None
[2021-07-12 20:31:04,908] {scheduler_job.py:190} INFO - Processing /home/airflow/.local/lib/python3.6/site-packages/airflow/example_dags/example_python_operator.py took 0.035 seconds
[2021-07-12 20:31:35,112] {scheduler_job.py:182} INFO - Started process (PID=211) to work on /home/airflow/.local/lib/python3.6/site-packages/airflow/example_dags/example_python_operator.py
[2021-07-12 20:31:35,112] {scheduler_job.py:633} INFO - Processing file /home/airflow/.local/lib/python3.6/site-packages/airflow/example_dags/example_python_operator.py for tasks to queue
[2021-07-12 20:31:35,113] {logging_mixin.py:104} INFO - [2021-07-12 20:31:35,113] {dagbag.py:496} INFO - Filling up the DagBag from /home/airflow/.local/lib/python3.6/site-packages/airflow/example_dags/example_python_operator.py
[2021-07-12 20:31:35,119] {scheduler_job.py:643} INFO - DAG(s) dict_keys(['example_python_operator']) retrieved from /home/airflow/.local/lib/python3.6/site-packages/airflow/example_dags/example_python_operator.py
[2021-07-12 20:31:35,131] {logging_mixin.py:104} INFO - [2021-07-12 20:31:35,131] {dag.py:1833} INFO - Sync 1 DAGs
[2021-07-12 20:31:35,140] {logging_mixin.py:104} INFO - [2021-07-12 20:31:35,140] {dag.py:2306} INFO - Setting next_dagrun for example_python_operator to None
[2021-07-12 20:31:35,145] {scheduler_job.py:190} INFO - Processing /home/airflow/.local/lib/python3.6/site-packages/airflow/example_dags/example_python_operator.py took 0.035 seconds
[2021-07-12 20:32:06,201] {scheduler_job.py:182} INFO - Started process (PID=273) to work on /home/airflow/.local/lib/python3.6/site-packages/airflow/example_dags/example_python_operator.py
[2021-07-12 20:32:06,202] {scheduler_job.py:633} INFO - Processing file /home/airflow/.local/lib/python3.6/site-packages/airflow/example_dags/example_python_operator.py for tasks to queue
[2021-07-12 20:32:06,203] {logging_mixin.py:104} INFO - [2021-07-12 20:32:06,203] {dagbag.py:496} INFO - Filling up the DagBag from /home/airflow/.local/lib/python3.6/site-packages/airflow/example_dags/example_python_operator.py
[2021-07-12 20:32:06,210] {scheduler_job.py:643} INFO - DAG(s) dict_keys(['example_python_operator']) retrieved from /home/airflow/.local/lib/python3.6/site-packages/airflow/example_dags/example_python_operator.py
[2021-07-12 20:32:06,224] {logging_mixin.py:104} INFO - [2021-07-12 20:32:06,224] {dag.py:1833} INFO - Sync 1 DAGs
[2021-07-12 20:32:06,234] {logging_mixin.py:104} INFO - [2021-07-12 20:32:06,234] {dag.py:2306} INFO - Setting next_dagrun for example_python_operator to None
[2021-07-12 20:32:06,242] {scheduler_job.py:190} INFO - Processing /home/airflow/.local/lib/python3.6/site-packages/airflow/example_dags/example_python_operator.py took 0.042 seconds
[2021-07-12 20:32:37,324] {scheduler_job.py:182} INFO - Started process (PID=334) to work on /home/airflow/.local/lib/python3.6/site-packages/airflow/example_dags/example_python_operator.py
[2021-07-12 20:32:37,325] {scheduler_job.py:633} INFO - Processing file /home/airflow/.local/lib/python3.6/site-packages/airflow/example_dags/example_python_operator.py for tasks to queue
[2021-07-12 20:32:37,325] {logging_mixin.py:104} INFO - [2021-07-12 20:32:37,325] {dagbag.py:496} INFO - Filling up the DagBag from /home/airflow/.local/lib/python3.6/site-packages/airflow/example_dags/example_python_operator.py
[2021-07-12 20:32:37,334] {scheduler_job.py:643} INFO - DAG(s) dict_keys(['example_python_operator']) retrieved from /home/airflow/.local/lib/python3.6/site-packages/airflow/example_dags/example_python_operator.py
[2021-07-12 20:32:37,346] {logging_mixin.py:104} INFO - [2021-07-12 20:32:37,346] {dag.py:1833} INFO - Sync 1 DAGs
[2021-07-12 20:32:37,354] {logging_mixin.py:104} INFO - [2021-07-12 20:32:37,354] {dag.py:2306} INFO - Setting next_dagrun for example_python_operator to None
[2021-07-12 20:32:37,358] {scheduler_job.py:190} INFO - Processing /home/airflow/.local/lib/python3.6/site-packages/airflow/example_dags/example_python_operator.py took 0.035 seconds
[2021-07-12 20:33:07,600] {scheduler_job.py:182} INFO - Started process (PID=395) to work on /home/airflow/.local/lib/python3.6/site-packages/airflow/example_dags/example_python_operator.py
[2021-07-12 20:33:07,601] {scheduler_job.py:633} INFO - Processing file /home/airflow/.local/lib/python3.6/site-packages/airflow/example_dags/example_python_operator.py for tasks to queue
[2021-07-12 20:33:07,602] {logging_mixin.py:104} INFO - [2021-07-12 20:33:07,602] {dagbag.py:496} INFO - Filling up the DagBag from /home/airflow/.local/lib/python3.6/site-packages/airflow/example_dags/example_python_operator.py
[2021-07-12 20:33:07,611] {scheduler_job.py:643} INFO - DAG(s) dict_keys(['example_python_operator']) retrieved from /home/airflow/.local/lib/python3.6/site-packages/airflow/example_dags/example_python_operator.py
[2021-07-12 20:33:07,625] {logging_mixin.py:104} INFO - [2021-07-12 20:33:07,625] {dag.py:1833} INFO - Sync 1 DAGs
[2021-07-12 20:33:07,634] {logging_mixin.py:104} INFO - [2021-07-12 20:33:07,634] {dag.py:2306} INFO - Setting next_dagrun for example_python_operator to None
[2021-07-12 20:33:07,640] {scheduler_job.py:190} INFO - Processing /home/airflow/.local/lib/python3.6/site-packages/airflow/example_dags/example_python_operator.py took 0.041 seconds
[2021-07-12 20:33:37,841] {scheduler_job.py:182} INFO - Started process (PID=445) to work on /home/airflow/.local/lib/python3.6/site-packages/airflow/example_dags/example_python_operator.py
[2021-07-12 20:33:37,841] {scheduler_job.py:633} INFO - Processing file /home/airflow/.local/lib/python3.6/site-packages/airflow/example_dags/example_python_operator.py for tasks to queue
[2021-07-12 20:33:37,842] {logging_mixin.py:104} INFO - [2021-07-12 20:33:37,842] {dagbag.py:496} INFO - Filling up the DagBag from /home/airflow/.local/lib/python3.6/site-packages/airflow/example_dags/example_python_operator.py
[2021-07-12 20:33:37,852] {scheduler_job.py:643} INFO - DAG(s) dict_keys(['example_python_operator']) retrieved from /home/airflow/.local/lib/python3.6/site-packages/airflow/example_dags/example_python_operator.py
[2021-07-12 20:33:37,869] {logging_mixin.py:104} INFO - [2021-07-12 20:33:37,869] {dag.py:1833} INFO - Sync 1 DAGs
[2021-07-12 20:33:37,877] {logging_mixin.py:104} INFO - [2021-07-12 20:33:37,877] {dag.py:2306} INFO - Setting next_dagrun for example_python_operator to None
[2021-07-12 20:33:37,882] {scheduler_job.py:190} INFO - Processing /home/airflow/.local/lib/python3.6/site-packages/airflow/example_dags/example_python_operator.py took 0.043 seconds
[2021-07-12 20:34:08,059] {scheduler_job.py:182} INFO - Started process (PID=507) to work on /home/airflow/.local/lib/python3.6/site-packages/airflow/example_dags/example_python_operator.py
[2021-07-12 20:34:08,059] {scheduler_job.py:633} INFO - Processing file /home/airflow/.local/lib/python3.6/site-packages/airflow/example_dags/example_python_operator.py for tasks to queue
[2021-07-12 20:34:08,059] {logging_mixin.py:104} INFO - [2021-07-12 20:34:08,059] {dagbag.py:496} INFO - Filling up the DagBag from /home/airflow/.local/lib/python3.6/site-packages/airflow/example_dags/example_python_operator.py
[2021-07-12 20:34:08,066] {scheduler_job.py:643} INFO - DAG(s) dict_keys(['example_python_operator']) retrieved from /home/airflow/.local/lib/python3.6/site-packages/airflow/example_dags/example_python_operator.py
[2021-07-12 20:34:08,081] {logging_mixin.py:104} INFO - [2021-07-12 20:34:08,081] {dag.py:1833} INFO - Sync 1 DAGs
[2021-07-12 20:34:08,089] {logging_mixin.py:104} INFO - [2021-07-12 20:34:08,089] {dag.py:2306} INFO - Setting next_dagrun for example_python_operator to None
[2021-07-12 20:34:08,095] {scheduler_job.py:190} INFO - Processing /home/airflow/.local/lib/python3.6/site-packages/airflow/example_dags/example_python_operator.py took 0.038 seconds
[2021-07-12 20:34:39,144] {scheduler_job.py:182} INFO - Started process (PID=571) to work on /home/airflow/.local/lib/python3.6/site-packages/airflow/example_dags/example_python_operator.py
[2021-07-12 20:34:39,144] {scheduler_job.py:633} INFO - Processing file /home/airflow/.local/lib/python3.6/site-packages/airflow/example_dags/example_python_operator.py for tasks to queue
[2021-07-12 20:34:39,145] {logging_mixin.py:104} INFO - [2021-07-12 20:34:39,145] {dagbag.py:496} INFO - Filling up the DagBag from /home/airflow/.local/lib/python3.6/site-packages/airflow/example_dags/example_python_operator.py
[2021-07-12 20:34:39,153] {scheduler_job.py:643} INFO - DAG(s) dict_keys(['example_python_operator']) retrieved from /home/airflow/.local/lib/python3.6/site-packages/airflow/example_dags/example_python_operator.py
[2021-07-12 20:34:39,167] {logging_mixin.py:104} INFO - [2021-07-12 20:34:39,167] {dag.py:1833} INFO - Sync 1 DAGs
[2021-07-12 20:34:39,177] {logging_mixin.py:104} INFO - [2021-07-12 20:34:39,177] {dag.py:2306} INFO - Setting next_dagrun for example_python_operator to None
[2021-07-12 20:34:39,181] {scheduler_job.py:190} INFO - Processing /home/airflow/.local/lib/python3.6/site-packages/airflow/example_dags/example_python_operator.py took 0.039 seconds
[2021-07-12 20:35:09,485] {scheduler_job.py:182} INFO - Started process (PID=622) to work on /home/airflow/.local/lib/python3.6/site-packages/airflow/example_dags/example_python_operator.py
[2021-07-12 20:35:09,486] {scheduler_job.py:633} INFO - Processing file /home/airflow/.local/lib/python3.6/site-packages/airflow/example_dags/example_python_operator.py for tasks to queue
[2021-07-12 20:35:09,486] {logging_mixin.py:104} INFO - [2021-07-12 20:35:09,486] {dagbag.py:496} INFO - Filling up the DagBag from /home/airflow/.local/lib/python3.6/site-packages/airflow/example_dags/example_python_operator.py
[2021-07-12 20:35:09,493] {scheduler_job.py:643} INFO - DAG(s) dict_keys(['example_python_operator']) retrieved from /home/airflow/.local/lib/python3.6/site-packages/airflow/example_dags/example_python_operator.py
[2021-07-12 20:35:09,506] {logging_mixin.py:104} INFO - [2021-07-12 20:35:09,506] {dag.py:1833} INFO - Sync 1 DAGs
[2021-07-12 20:35:09,517] {logging_mixin.py:104} INFO - [2021-07-12 20:35:09,517] {dag.py:2306} INFO - Setting next_dagrun for example_python_operator to None
[2021-07-12 20:35:09,523] {scheduler_job.py:190} INFO - Processing /home/airflow/.local/lib/python3.6/site-packages/airflow/example_dags/example_python_operator.py took 0.040 seconds
[2021-07-12 20:35:39,625] {scheduler_job.py:182} INFO - Started process (PID=685) to work on /home/airflow/.local/lib/python3.6/site-packages/airflow/example_dags/example_python_operator.py
[2021-07-12 20:35:39,625] {scheduler_job.py:633} INFO - Processing file /home/airflow/.local/lib/python3.6/site-packages/airflow/example_dags/example_python_operator.py for tasks to queue
[2021-07-12 20:35:39,626] {logging_mixin.py:104} INFO - [2021-07-12 20:35:39,626] {dagbag.py:496} INFO - Filling up the DagBag from /home/airflow/.local/lib/python3.6/site-packages/airflow/example_dags/example_python_operator.py
[2021-07-12 20:35:39,633] {scheduler_job.py:643} INFO - DAG(s) dict_keys(['example_python_operator']) retrieved from /home/airflow/.local/lib/python3.6/site-packages/airflow/example_dags/example_python_operator.py
[2021-07-12 20:35:39,644] {logging_mixin.py:104} INFO - [2021-07-12 20:35:39,644] {dag.py:1833} INFO - Sync 1 DAGs
[2021-07-12 20:35:39,654] {logging_mixin.py:104} INFO - [2021-07-12 20:35:39,654] {dag.py:2306} INFO - Setting next_dagrun for example_python_operator to None
[2021-07-12 20:35:39,659] {scheduler_job.py:190} INFO - Processing /home/airflow/.local/lib/python3.6/site-packages/airflow/example_dags/example_python_operator.py took 0.035 seconds
[2021-07-12 20:36:09,879] {scheduler_job.py:182} INFO - Started process (PID=751) to work on /home/airflow/.local/lib/python3.6/site-packages/airflow/example_dags/example_python_operator.py
[2021-07-12 20:36:09,880] {scheduler_job.py:633} INFO - Processing file /home/airflow/.local/lib/python3.6/site-packages/airflow/example_dags/example_python_operator.py for tasks to queue
[2021-07-12 20:36:09,880] {logging_mixin.py:104} INFO - [2021-07-12 20:36:09,880] {dagbag.py:496} INFO - Filling up the DagBag from /home/airflow/.local/lib/python3.6/site-packages/airflow/example_dags/example_python_operator.py
[2021-07-12 20:36:09,888] {scheduler_job.py:643} INFO - DAG(s) dict_keys(['example_python_operator']) retrieved from /home/airflow/.local/lib/python3.6/site-packages/airflow/example_dags/example_python_operator.py
[2021-07-12 20:36:09,902] {logging_mixin.py:104} INFO - [2021-07-12 20:36:09,902] {dag.py:1833} INFO - Sync 1 DAGs
[2021-07-12 20:36:09,913] {logging_mixin.py:104} INFO - [2021-07-12 20:36:09,913] {dag.py:2306} INFO - Setting next_dagrun for example_python_operator to None
[2021-07-12 20:36:09,917] {scheduler_job.py:190} INFO - Processing /home/airflow/.local/lib/python3.6/site-packages/airflow/example_dags/example_python_operator.py took 0.041 seconds
[2021-07-12 20:36:40,081] {scheduler_job.py:182} INFO - Started process (PID=812) to work on /home/airflow/.local/lib/python3.6/site-packages/airflow/example_dags/example_python_operator.py
[2021-07-12 20:36:40,081] {scheduler_job.py:633} INFO - Processing file /home/airflow/.local/lib/python3.6/site-packages/airflow/example_dags/example_python_operator.py for tasks to queue
[2021-07-12 20:36:40,081] {logging_mixin.py:104} INFO - [2021-07-12 20:36:40,081] {dagbag.py:496} INFO - Filling up the DagBag from /home/airflow/.local/lib/python3.6/site-packages/airflow/example_dags/example_python_operator.py
[2021-07-12 20:36:40,088] {scheduler_job.py:643} INFO - DAG(s) dict_keys(['example_python_operator']) retrieved from /home/airflow/.local/lib/python3.6/site-packages/airflow/example_dags/example_python_operator.py
[2021-07-12 20:36:40,099] {logging_mixin.py:104} INFO - [2021-07-12 20:36:40,099] {dag.py:1833} INFO - Sync 1 DAGs
[2021-07-12 20:36:40,111] {logging_mixin.py:104} INFO - [2021-07-12 20:36:40,111] {dag.py:2306} INFO - Setting next_dagrun for example_python_operator to None
[2021-07-12 20:36:40,116] {scheduler_job.py:190} INFO - Processing /home/airflow/.local/lib/python3.6/site-packages/airflow/example_dags/example_python_operator.py took 0.037 seconds
[2021-07-12 20:37:10,303] {scheduler_job.py:182} INFO - Started process (PID=863) to work on /home/airflow/.local/lib/python3.6/site-packages/airflow/example_dags/example_python_operator.py
[2021-07-12 20:37:10,304] {scheduler_job.py:633} INFO - Processing file /home/airflow/.local/lib/python3.6/site-packages/airflow/example_dags/example_python_operator.py for tasks to queue
[2021-07-12 20:37:10,305] {logging_mixin.py:104} INFO - [2021-07-12 20:37:10,305] {dagbag.py:496} INFO - Filling up the DagBag from /home/airflow/.local/lib/python3.6/site-packages/airflow/example_dags/example_python_operator.py
[2021-07-12 20:37:10,312] {scheduler_job.py:643} INFO - DAG(s) dict_keys(['example_python_operator']) retrieved from /home/airflow/.local/lib/python3.6/site-packages/airflow/example_dags/example_python_operator.py
[2021-07-12 20:37:10,327] {logging_mixin.py:104} INFO - [2021-07-12 20:37:10,327] {dag.py:1833} INFO - Sync 1 DAGs
[2021-07-12 20:37:10,344] {logging_mixin.py:104} INFO - [2021-07-12 20:37:10,344] {dag.py:2306} INFO - Setting next_dagrun for example_python_operator to None
[2021-07-12 20:37:10,349] {scheduler_job.py:190} INFO - Processing /home/airflow/.local/lib/python3.6/site-packages/airflow/example_dags/example_python_operator.py took 0.049 seconds
[2021-07-12 20:37:40,697] {scheduler_job.py:182} INFO - Started process (PID=924) to work on /home/airflow/.local/lib/python3.6/site-packages/airflow/example_dags/example_python_operator.py
[2021-07-12 20:37:40,698] {scheduler_job.py:633} INFO - Processing file /home/airflow/.local/lib/python3.6/site-packages/airflow/example_dags/example_python_operator.py for tasks to queue
[2021-07-12 20:37:40,698] {logging_mixin.py:104} INFO - [2021-07-12 20:37:40,698] {dagbag.py:496} INFO - Filling up the DagBag from /home/airflow/.local/lib/python3.6/site-packages/airflow/example_dags/example_python_operator.py
[2021-07-12 20:37:40,709] {scheduler_job.py:643} INFO - DAG(s) dict_keys(['example_python_operator']) retrieved from /home/airflow/.local/lib/python3.6/site-packages/airflow/example_dags/example_python_operator.py
[2021-07-12 20:37:40,724] {logging_mixin.py:104} INFO - [2021-07-12 20:37:40,724] {dag.py:1833} INFO - Sync 1 DAGs
[2021-07-12 20:37:40,736] {logging_mixin.py:104} INFO - [2021-07-12 20:37:40,735] {dag.py:2306} INFO - Setting next_dagrun for example_python_operator to None
[2021-07-12 20:37:40,742] {scheduler_job.py:190} INFO - Processing /home/airflow/.local/lib/python3.6/site-packages/airflow/example_dags/example_python_operator.py took 0.047 seconds
[2021-07-12 20:38:10,865] {scheduler_job.py:182} INFO - Started process (PID=986) to work on /home/airflow/.local/lib/python3.6/site-packages/airflow/example_dags/example_python_operator.py
[2021-07-12 20:38:10,865] {scheduler_job.py:633} INFO - Processing file /home/airflow/.local/lib/python3.6/site-packages/airflow/example_dags/example_python_operator.py for tasks to queue
[2021-07-12 20:38:10,865] {logging_mixin.py:104} INFO - [2021-07-12 20:38:10,865] {dagbag.py:496} INFO - Filling up the DagBag from /home/airflow/.local/lib/python3.6/site-packages/airflow/example_dags/example_python_operator.py
[2021-07-12 20:38:10,872] {scheduler_job.py:643} INFO - DAG(s) dict_keys(['example_python_operator']) retrieved from /home/airflow/.local/lib/python3.6/site-packages/airflow/example_dags/example_python_operator.py
[2021-07-12 20:38:10,883] {logging_mixin.py:104} INFO - [2021-07-12 20:38:10,883] {dag.py:1833} INFO - Sync 1 DAGs
[2021-07-12 20:38:10,895] {logging_mixin.py:104} INFO - [2021-07-12 20:38:10,895] {dag.py:2306} INFO - Setting next_dagrun for example_python_operator to None
[2021-07-12 20:38:10,902] {scheduler_job.py:190} INFO - Processing /home/airflow/.local/lib/python3.6/site-packages/airflow/example_dags/example_python_operator.py took 0.039 seconds
[2021-07-12 20:38:41,158] {scheduler_job.py:182} INFO - Started process (PID=1037) to work on /home/airflow/.local/lib/python3.6/site-packages/airflow/example_dags/example_python_operator.py
[2021-07-12 20:38:41,158] {scheduler_job.py:633} INFO - Processing file /home/airflow/.local/lib/python3.6/site-packages/airflow/example_dags/example_python_operator.py for tasks to queue
[2021-07-12 20:38:41,158] {logging_mixin.py:104} INFO - [2021-07-12 20:38:41,158] {dagbag.py:496} INFO - Filling up the DagBag from /home/airflow/.local/lib/python3.6/site-packages/airflow/example_dags/example_python_operator.py
[2021-07-12 20:38:41,166] {scheduler_job.py:643} INFO - DAG(s) dict_keys(['example_python_operator']) retrieved from /home/airflow/.local/lib/python3.6/site-packages/airflow/example_dags/example_python_operator.py
[2021-07-12 20:38:41,178] {logging_mixin.py:104} INFO - [2021-07-12 20:38:41,178] {dag.py:1833} INFO - Sync 1 DAGs
[2021-07-12 20:38:41,189] {logging_mixin.py:104} INFO - [2021-07-12 20:38:41,189] {dag.py:2306} INFO - Setting next_dagrun for example_python_operator to None
[2021-07-12 20:38:41,194] {scheduler_job.py:190} INFO - Processing /home/airflow/.local/lib/python3.6/site-packages/airflow/example_dags/example_python_operator.py took 0.038 seconds
[2021-07-12 20:39:11,404] {scheduler_job.py:182} INFO - Started process (PID=1099) to work on /home/airflow/.local/lib/python3.6/site-packages/airflow/example_dags/example_python_operator.py
[2021-07-12 20:39:11,405] {scheduler_job.py:633} INFO - Processing file /home/airflow/.local/lib/python3.6/site-packages/airflow/example_dags/example_python_operator.py for tasks to queue
[2021-07-12 20:39:11,406] {logging_mixin.py:104} INFO - [2021-07-12 20:39:11,406] {dagbag.py:496} INFO - Filling up the DagBag from /home/airflow/.local/lib/python3.6/site-packages/airflow/example_dags/example_python_operator.py
[2021-07-12 20:39:11,413] {scheduler_job.py:643} INFO - DAG(s) dict_keys(['example_python_operator']) retrieved from /home/airflow/.local/lib/python3.6/site-packages/airflow/example_dags/example_python_operator.py
[2021-07-12 20:39:11,426] {logging_mixin.py:104} INFO - [2021-07-12 20:39:11,425] {dag.py:1833} INFO - Sync 1 DAGs
[2021-07-12 20:39:11,433] {logging_mixin.py:104} INFO - [2021-07-12 20:39:11,433] {dag.py:2306} INFO - Setting next_dagrun for example_python_operator to None
[2021-07-12 20:39:11,438] {scheduler_job.py:190} INFO - Processing /home/airflow/.local/lib/python3.6/site-packages/airflow/example_dags/example_python_operator.py took 0.036 seconds
[2021-07-12 20:39:41,671] {scheduler_job.py:182} INFO - Started process (PID=1162) to work on /home/airflow/.local/lib/python3.6/site-packages/airflow/example_dags/example_python_operator.py
[2021-07-12 20:39:41,672] {scheduler_job.py:633} INFO - Processing file /home/airflow/.local/lib/python3.6/site-packages/airflow/example_dags/example_python_operator.py for tasks to queue
[2021-07-12 20:39:41,672] {logging_mixin.py:104} INFO - [2021-07-12 20:39:41,672] {dagbag.py:496} INFO - Filling up the DagBag from /home/airflow/.local/lib/python3.6/site-packages/airflow/example_dags/example_python_operator.py
[2021-07-12 20:39:41,680] {scheduler_job.py:643} INFO - DAG(s) dict_keys(['example_python_operator']) retrieved from /home/airflow/.local/lib/python3.6/site-packages/airflow/example_dags/example_python_operator.py
[2021-07-12 20:39:41,697] {logging_mixin.py:104} INFO - [2021-07-12 20:39:41,697] {dag.py:1833} INFO - Sync 1 DAGs
[2021-07-12 20:39:41,706] {logging_mixin.py:104} INFO - [2021-07-12 20:39:41,705] {dag.py:2306} INFO - Setting next_dagrun for example_python_operator to None
[2021-07-12 20:39:41,710] {scheduler_job.py:190} INFO - Processing /home/airflow/.local/lib/python3.6/site-packages/airflow/example_dags/example_python_operator.py took 0.041 seconds
[2021-07-12 20:40:12,120] {scheduler_job.py:182} INFO - Started process (PID=1214) to work on /home/airflow/.local/lib/python3.6/site-packages/airflow/example_dags/example_python_operator.py
[2021-07-12 20:40:12,121] {scheduler_job.py:633} INFO - Processing file /home/airflow/.local/lib/python3.6/site-packages/airflow/example_dags/example_python_operator.py for tasks to queue
[2021-07-12 20:40:12,122] {logging_mixin.py:104} INFO - [2021-07-12 20:40:12,122] {dagbag.py:496} INFO - Filling up the DagBag from /home/airflow/.local/lib/python3.6/site-packages/airflow/example_dags/example_python_operator.py
[2021-07-12 20:40:12,136] {scheduler_job.py:643} INFO - DAG(s) dict_keys(['example_python_operator']) retrieved from /home/airflow/.local/lib/python3.6/site-packages/airflow/example_dags/example_python_operator.py
[2021-07-12 20:40:12,149] {logging_mixin.py:104} INFO - [2021-07-12 20:40:12,149] {dag.py:1833} INFO - Sync 1 DAGs
[2021-07-12 20:40:12,160] {logging_mixin.py:104} INFO - [2021-07-12 20:40:12,160] {dag.py:2306} INFO - Setting next_dagrun for example_python_operator to None
[2021-07-12 20:40:12,166] {scheduler_job.py:190} INFO - Processing /home/airflow/.local/lib/python3.6/site-packages/airflow/example_dags/example_python_operator.py took 0.048 seconds
[2021-07-12 20:40:42,594] {scheduler_job.py:182} INFO - Started process (PID=1277) to work on /home/airflow/.local/lib/python3.6/site-packages/airflow/example_dags/example_python_operator.py
[2021-07-12 20:40:42,595] {scheduler_job.py:633} INFO - Processing file /home/airflow/.local/lib/python3.6/site-packages/airflow/example_dags/example_python_operator.py for tasks to queue
[2021-07-12 20:40:42,596] {logging_mixin.py:104} INFO - [2021-07-12 20:40:42,596] {dagbag.py:496} INFO - Filling up the DagBag from /home/airflow/.local/lib/python3.6/site-packages/airflow/example_dags/example_python_operator.py
[2021-07-12 20:40:42,606] {scheduler_job.py:643} INFO - DAG(s) dict_keys(['example_python_operator']) retrieved from /home/airflow/.local/lib/python3.6/site-packages/airflow/example_dags/example_python_operator.py
[2021-07-12 20:40:42,618] {logging_mixin.py:104} INFO - [2021-07-12 20:40:42,618] {dag.py:1833} INFO - Sync 1 DAGs
[2021-07-12 20:40:42,627] {logging_mixin.py:104} INFO - [2021-07-12 20:40:42,627] {dag.py:2306} INFO - Setting next_dagrun for example_python_operator to None
[2021-07-12 20:40:42,633] {scheduler_job.py:190} INFO - Processing /home/airflow/.local/lib/python3.6/site-packages/airflow/example_dags/example_python_operator.py took 0.040 seconds
[2021-07-12 20:41:13,027] {scheduler_job.py:182} INFO - Started process (PID=1341) to work on /home/airflow/.local/lib/python3.6/site-packages/airflow/example_dags/example_python_operator.py
[2021-07-12 20:41:13,027] {scheduler_job.py:633} INFO - Processing file /home/airflow/.local/lib/python3.6/site-packages/airflow/example_dags/example_python_operator.py for tasks to queue
[2021-07-12 20:41:13,028] {logging_mixin.py:104} INFO - [2021-07-12 20:41:13,028] {dagbag.py:496} INFO - Filling up the DagBag from /home/airflow/.local/lib/python3.6/site-packages/airflow/example_dags/example_python_operator.py
[2021-07-12 20:41:13,040] {scheduler_job.py:643} INFO - DAG(s) dict_keys(['example_python_operator']) retrieved from /home/airflow/.local/lib/python3.6/site-packages/airflow/example_dags/example_python_operator.py
[2021-07-12 20:41:13,051] {logging_mixin.py:104} INFO - [2021-07-12 20:41:13,051] {dag.py:1833} INFO - Sync 1 DAGs
[2021-07-12 20:41:13,059] {logging_mixin.py:104} INFO - [2021-07-12 20:41:13,059] {dag.py:2306} INFO - Setting next_dagrun for example_python_operator to None
[2021-07-12 20:41:13,064] {scheduler_job.py:190} INFO - Processing /home/airflow/.local/lib/python3.6/site-packages/airflow/example_dags/example_python_operator.py took 0.040 seconds
[2021-07-12 20:41:43,407] {scheduler_job.py:182} INFO - Started process (PID=1404) to work on /home/airflow/.local/lib/python3.6/site-packages/airflow/example_dags/example_python_operator.py
[2021-07-12 20:41:43,407] {scheduler_job.py:633} INFO - Processing file /home/airflow/.local/lib/python3.6/site-packages/airflow/example_dags/example_python_operator.py for tasks to queue
[2021-07-12 20:41:43,408] {logging_mixin.py:104} INFO - [2021-07-12 20:41:43,407] {dagbag.py:496} INFO - Filling up the DagBag from /home/airflow/.local/lib/python3.6/site-packages/airflow/example_dags/example_python_operator.py
[2021-07-12 20:41:43,417] {scheduler_job.py:643} INFO - DAG(s) dict_keys(['example_python_operator']) retrieved from /home/airflow/.local/lib/python3.6/site-packages/airflow/example_dags/example_python_operator.py
[2021-07-12 20:41:43,431] {logging_mixin.py:104} INFO - [2021-07-12 20:41:43,431] {dag.py:1833} INFO - Sync 1 DAGs
[2021-07-12 20:41:43,442] {logging_mixin.py:104} INFO - [2021-07-12 20:41:43,442] {dag.py:2306} INFO - Setting next_dagrun for example_python_operator to None
[2021-07-12 20:41:43,448] {scheduler_job.py:190} INFO - Processing /home/airflow/.local/lib/python3.6/site-packages/airflow/example_dags/example_python_operator.py took 0.042 seconds
[2021-07-12 20:42:13,615] {scheduler_job.py:182} INFO - Started process (PID=1456) to work on /home/airflow/.local/lib/python3.6/site-packages/airflow/example_dags/example_python_operator.py
[2021-07-12 20:42:13,616] {scheduler_job.py:633} INFO - Processing file /home/airflow/.local/lib/python3.6/site-packages/airflow/example_dags/example_python_operator.py for tasks to queue
[2021-07-12 20:42:13,616] {logging_mixin.py:104} INFO - [2021-07-12 20:42:13,616] {dagbag.py:496} INFO - Filling up the DagBag from /home/airflow/.local/lib/python3.6/site-packages/airflow/example_dags/example_python_operator.py
[2021-07-12 20:42:13,628] {scheduler_job.py:643} INFO - DAG(s) dict_keys(['example_python_operator']) retrieved from /home/airflow/.local/lib/python3.6/site-packages/airflow/example_dags/example_python_operator.py
[2021-07-12 20:42:13,639] {logging_mixin.py:104} INFO - [2021-07-12 20:42:13,639] {dag.py:1833} INFO - Sync 1 DAGs
[2021-07-12 20:42:13,647] {logging_mixin.py:104} INFO - [2021-07-12 20:42:13,647] {dag.py:2306} INFO - Setting next_dagrun for example_python_operator to None
[2021-07-12 20:42:13,651] {scheduler_job.py:190} INFO - Processing /home/airflow/.local/lib/python3.6/site-packages/airflow/example_dags/example_python_operator.py took 0.039 seconds
[2021-07-12 20:42:44,726] {scheduler_job.py:182} INFO - Started process (PID=1517) to work on /home/airflow/.local/lib/python3.6/site-packages/airflow/example_dags/example_python_operator.py
[2021-07-12 20:42:44,726] {scheduler_job.py:633} INFO - Processing file /home/airflow/.local/lib/python3.6/site-packages/airflow/example_dags/example_python_operator.py for tasks to queue
[2021-07-12 20:42:44,727] {logging_mixin.py:104} INFO - [2021-07-12 20:42:44,727] {dagbag.py:496} INFO - Filling up the DagBag from /home/airflow/.local/lib/python3.6/site-packages/airflow/example_dags/example_python_operator.py
[2021-07-12 20:42:44,734] {scheduler_job.py:643} INFO - DAG(s) dict_keys(['example_python_operator']) retrieved from /home/airflow/.local/lib/python3.6/site-packages/airflow/example_dags/example_python_operator.py
[2021-07-12 20:42:44,746] {logging_mixin.py:104} INFO - [2021-07-12 20:42:44,746] {dag.py:1833} INFO - Sync 1 DAGs
[2021-07-12 20:42:44,756] {logging_mixin.py:104} INFO - [2021-07-12 20:42:44,756] {dag.py:2306} INFO - Setting next_dagrun for example_python_operator to None
[2021-07-12 20:42:44,760] {scheduler_job.py:190} INFO - Processing /home/airflow/.local/lib/python3.6/site-packages/airflow/example_dags/example_python_operator.py took 0.036 seconds
[2021-07-12 20:43:15,200] {scheduler_job.py:182} INFO - Started process (PID=1578) to work on /home/airflow/.local/lib/python3.6/site-packages/airflow/example_dags/example_python_operator.py
[2021-07-12 20:43:15,201] {scheduler_job.py:633} INFO - Processing file /home/airflow/.local/lib/python3.6/site-packages/airflow/example_dags/example_python_operator.py for tasks to queue
[2021-07-12 20:43:15,201] {logging_mixin.py:104} INFO - [2021-07-12 20:43:15,201] {dagbag.py:496} INFO - Filling up the DagBag from /home/airflow/.local/lib/python3.6/site-packages/airflow/example_dags/example_python_operator.py
[2021-07-12 20:43:15,209] {scheduler_job.py:643} INFO - DAG(s) dict_keys(['example_python_operator']) retrieved from /home/airflow/.local/lib/python3.6/site-packages/airflow/example_dags/example_python_operator.py
[2021-07-12 20:43:15,222] {logging_mixin.py:104} INFO - [2021-07-12 20:43:15,221] {dag.py:1833} INFO - Sync 1 DAGs
[2021-07-12 20:43:15,231] {logging_mixin.py:104} INFO - [2021-07-12 20:43:15,231] {dag.py:2306} INFO - Setting next_dagrun for example_python_operator to None
[2021-07-12 20:43:15,237] {scheduler_job.py:190} INFO - Processing /home/airflow/.local/lib/python3.6/site-packages/airflow/example_dags/example_python_operator.py took 0.038 seconds
[2021-07-12 20:43:45,404] {scheduler_job.py:182} INFO - Started process (PID=1639) to work on /home/airflow/.local/lib/python3.6/site-packages/airflow/example_dags/example_python_operator.py
[2021-07-12 20:43:45,405] {scheduler_job.py:633} INFO - Processing file /home/airflow/.local/lib/python3.6/site-packages/airflow/example_dags/example_python_operator.py for tasks to queue
[2021-07-12 20:43:45,406] {logging_mixin.py:104} INFO - [2021-07-12 20:43:45,405] {dagbag.py:496} INFO - Filling up the DagBag from /home/airflow/.local/lib/python3.6/site-packages/airflow/example_dags/example_python_operator.py
[2021-07-12 20:43:45,415] {scheduler_job.py:643} INFO - DAG(s) dict_keys(['example_python_operator']) retrieved from /home/airflow/.local/lib/python3.6/site-packages/airflow/example_dags/example_python_operator.py
[2021-07-12 20:43:45,427] {logging_mixin.py:104} INFO - [2021-07-12 20:43:45,427] {dag.py:1833} INFO - Sync 1 DAGs
[2021-07-12 20:43:45,436] {logging_mixin.py:104} INFO - [2021-07-12 20:43:45,435] {dag.py:2306} INFO - Setting next_dagrun for example_python_operator to None
[2021-07-12 20:43:45,441] {scheduler_job.py:190} INFO - Processing /home/airflow/.local/lib/python3.6/site-packages/airflow/example_dags/example_python_operator.py took 0.039 seconds
[2021-07-12 20:44:15,560] {scheduler_job.py:182} INFO - Started process (PID=1689) to work on /home/airflow/.local/lib/python3.6/site-packages/airflow/example_dags/example_python_operator.py
[2021-07-12 20:44:15,561] {scheduler_job.py:633} INFO - Processing file /home/airflow/.local/lib/python3.6/site-packages/airflow/example_dags/example_python_operator.py for tasks to queue
[2021-07-12 20:44:15,561] {logging_mixin.py:104} INFO - [2021-07-12 20:44:15,561] {dagbag.py:496} INFO - Filling up the DagBag from /home/airflow/.local/lib/python3.6/site-packages/airflow/example_dags/example_python_operator.py
[2021-07-12 20:44:15,569] {scheduler_job.py:643} INFO - DAG(s) dict_keys(['example_python_operator']) retrieved from /home/airflow/.local/lib/python3.6/site-packages/airflow/example_dags/example_python_operator.py
[2021-07-12 20:44:15,580] {logging_mixin.py:104} INFO - [2021-07-12 20:44:15,580] {dag.py:1833} INFO - Sync 1 DAGs
[2021-07-12 20:44:15,588] {logging_mixin.py:104} INFO - [2021-07-12 20:44:15,587] {dag.py:2306} INFO - Setting next_dagrun for example_python_operator to None
[2021-07-12 20:44:15,592] {scheduler_job.py:190} INFO - Processing /home/airflow/.local/lib/python3.6/site-packages/airflow/example_dags/example_python_operator.py took 0.033 seconds
[2021-07-12 20:44:45,822] {scheduler_job.py:182} INFO - Started process (PID=1750) to work on /home/airflow/.local/lib/python3.6/site-packages/airflow/example_dags/example_python_operator.py
[2021-07-12 20:44:45,823] {scheduler_job.py:633} INFO - Processing file /home/airflow/.local/lib/python3.6/site-packages/airflow/example_dags/example_python_operator.py for tasks to queue
[2021-07-12 20:44:45,823] {logging_mixin.py:104} INFO - [2021-07-12 20:44:45,823] {dagbag.py:496} INFO - Filling up the DagBag from /home/airflow/.local/lib/python3.6/site-packages/airflow/example_dags/example_python_operator.py
[2021-07-12 20:44:45,831] {scheduler_job.py:643} INFO - DAG(s) dict_keys(['example_python_operator']) retrieved from /home/airflow/.local/lib/python3.6/site-packages/airflow/example_dags/example_python_operator.py
[2021-07-12 20:44:45,842] {logging_mixin.py:104} INFO - [2021-07-12 20:44:45,842] {dag.py:1833} INFO - Sync 1 DAGs
[2021-07-12 20:44:45,850] {logging_mixin.py:104} INFO - [2021-07-12 20:44:45,850] {dag.py:2306} INFO - Setting next_dagrun for example_python_operator to None
[2021-07-12 20:44:45,855] {scheduler_job.py:190} INFO - Processing /home/airflow/.local/lib/python3.6/site-packages/airflow/example_dags/example_python_operator.py took 0.035 seconds
[2021-07-12 20:45:17,037] {scheduler_job.py:182} INFO - Started process (PID=1812) to work on /home/airflow/.local/lib/python3.6/site-packages/airflow/example_dags/example_python_operator.py
[2021-07-12 20:45:17,038] {scheduler_job.py:633} INFO - Processing file /home/airflow/.local/lib/python3.6/site-packages/airflow/example_dags/example_python_operator.py for tasks to queue
[2021-07-12 20:45:17,038] {logging_mixin.py:104} INFO - [2021-07-12 20:45:17,038] {dagbag.py:496} INFO - Filling up the DagBag from /home/airflow/.local/lib/python3.6/site-packages/airflow/example_dags/example_python_operator.py
[2021-07-12 20:45:17,048] {scheduler_job.py:643} INFO - DAG(s) dict_keys(['example_python_operator']) retrieved from /home/airflow/.local/lib/python3.6/site-packages/airflow/example_dags/example_python_operator.py
[2021-07-12 20:45:17,063] {logging_mixin.py:104} INFO - [2021-07-12 20:45:17,063] {dag.py:1833} INFO - Sync 1 DAGs
[2021-07-12 20:45:17,073] {logging_mixin.py:104} INFO - [2021-07-12 20:45:17,073] {dag.py:2306} INFO - Setting next_dagrun for example_python_operator to None
[2021-07-12 20:45:17,078] {scheduler_job.py:190} INFO - Processing /home/airflow/.local/lib/python3.6/site-packages/airflow/example_dags/example_python_operator.py took 0.042 seconds
[2021-07-12 20:45:47,271] {scheduler_job.py:182} INFO - Started process (PID=1872) to work on /home/airflow/.local/lib/python3.6/site-packages/airflow/example_dags/example_python_operator.py
[2021-07-12 20:45:47,271] {scheduler_job.py:633} INFO - Processing file /home/airflow/.local/lib/python3.6/site-packages/airflow/example_dags/example_python_operator.py for tasks to queue
[2021-07-12 20:45:47,272] {logging_mixin.py:104} INFO - [2021-07-12 20:45:47,271] {dagbag.py:496} INFO - Filling up the DagBag from /home/airflow/.local/lib/python3.6/site-packages/airflow/example_dags/example_python_operator.py
[2021-07-12 20:45:47,278] {scheduler_job.py:643} INFO - DAG(s) dict_keys(['example_python_operator']) retrieved from /home/airflow/.local/lib/python3.6/site-packages/airflow/example_dags/example_python_operator.py
[2021-07-12 20:45:47,292] {logging_mixin.py:104} INFO - [2021-07-12 20:45:47,292] {dag.py:1833} INFO - Sync 1 DAGs
[2021-07-12 20:45:47,303] {logging_mixin.py:104} INFO - [2021-07-12 20:45:47,303] {dag.py:2306} INFO - Setting next_dagrun for example_python_operator to None
[2021-07-12 20:45:47,308] {scheduler_job.py:190} INFO - Processing /home/airflow/.local/lib/python3.6/site-packages/airflow/example_dags/example_python_operator.py took 0.039 seconds
[2021-07-12 20:46:17,474] {scheduler_job.py:182} INFO - Started process (PID=1924) to work on /home/airflow/.local/lib/python3.6/site-packages/airflow/example_dags/example_python_operator.py
[2021-07-12 20:46:17,474] {scheduler_job.py:633} INFO - Processing file /home/airflow/.local/lib/python3.6/site-packages/airflow/example_dags/example_python_operator.py for tasks to queue
[2021-07-12 20:46:17,474] {logging_mixin.py:104} INFO - [2021-07-12 20:46:17,474] {dagbag.py:496} INFO - Filling up the DagBag from /home/airflow/.local/lib/python3.6/site-packages/airflow/example_dags/example_python_operator.py
[2021-07-12 20:46:17,481] {scheduler_job.py:643} INFO - DAG(s) dict_keys(['example_python_operator']) retrieved from /home/airflow/.local/lib/python3.6/site-packages/airflow/example_dags/example_python_operator.py
[2021-07-12 20:46:17,492] {logging_mixin.py:104} INFO - [2021-07-12 20:46:17,492] {dag.py:1833} INFO - Sync 1 DAGs
[2021-07-12 20:46:17,501] {logging_mixin.py:104} INFO - [2021-07-12 20:46:17,501] {dag.py:2306} INFO - Setting next_dagrun for example_python_operator to None
[2021-07-12 20:46:17,506] {scheduler_job.py:190} INFO - Processing /home/airflow/.local/lib/python3.6/site-packages/airflow/example_dags/example_python_operator.py took 0.034 seconds
[2021-07-12 20:46:47,746] {scheduler_job.py:182} INFO - Started process (PID=1985) to work on /home/airflow/.local/lib/python3.6/site-packages/airflow/example_dags/example_python_operator.py
[2021-07-12 20:46:47,746] {scheduler_job.py:633} INFO - Processing file /home/airflow/.local/lib/python3.6/site-packages/airflow/example_dags/example_python_operator.py for tasks to queue
[2021-07-12 20:46:47,747] {logging_mixin.py:104} INFO - [2021-07-12 20:46:47,747] {dagbag.py:496} INFO - Filling up the DagBag from /home/airflow/.local/lib/python3.6/site-packages/airflow/example_dags/example_python_operator.py
[2021-07-12 20:46:47,755] {scheduler_job.py:643} INFO - DAG(s) dict_keys(['example_python_operator']) retrieved from /home/airflow/.local/lib/python3.6/site-packages/airflow/example_dags/example_python_operator.py
[2021-07-12 20:46:47,771] {logging_mixin.py:104} INFO - [2021-07-12 20:46:47,771] {dag.py:1833} INFO - Sync 1 DAGs
[2021-07-12 20:46:47,779] {logging_mixin.py:104} INFO - [2021-07-12 20:46:47,779] {dag.py:2306} INFO - Setting next_dagrun for example_python_operator to None
[2021-07-12 20:46:47,784] {scheduler_job.py:190} INFO - Processing /home/airflow/.local/lib/python3.6/site-packages/airflow/example_dags/example_python_operator.py took 0.040 seconds
[2021-07-12 20:47:17,961] {scheduler_job.py:182} INFO - Started process (PID=2048) to work on /home/airflow/.local/lib/python3.6/site-packages/airflow/example_dags/example_python_operator.py
[2021-07-12 20:47:17,962] {scheduler_job.py:633} INFO - Processing file /home/airflow/.local/lib/python3.6/site-packages/airflow/example_dags/example_python_operator.py for tasks to queue
[2021-07-12 20:47:17,963] {logging_mixin.py:104} INFO - [2021-07-12 20:47:17,963] {dagbag.py:496} INFO - Filling up the DagBag from /home/airflow/.local/lib/python3.6/site-packages/airflow/example_dags/example_python_operator.py
[2021-07-12 20:47:17,972] {scheduler_job.py:643} INFO - DAG(s) dict_keys(['example_python_operator']) retrieved from /home/airflow/.local/lib/python3.6/site-packages/airflow/example_dags/example_python_operator.py
[2021-07-12 20:47:17,983] {logging_mixin.py:104} INFO - [2021-07-12 20:47:17,983] {dag.py:1833} INFO - Sync 1 DAGs
[2021-07-12 20:47:17,991] {logging_mixin.py:104} INFO - [2021-07-12 20:47:17,991] {dag.py:2306} INFO - Setting next_dagrun for example_python_operator to None
[2021-07-12 20:47:17,995] {scheduler_job.py:190} INFO - Processing /home/airflow/.local/lib/python3.6/site-packages/airflow/example_dags/example_python_operator.py took 0.036 seconds
[2021-07-12 20:47:49,100] {scheduler_job.py:182} INFO - Started process (PID=2101) to work on /home/airflow/.local/lib/python3.6/site-packages/airflow/example_dags/example_python_operator.py
[2021-07-12 20:47:49,101] {scheduler_job.py:633} INFO - Processing file /home/airflow/.local/lib/python3.6/site-packages/airflow/example_dags/example_python_operator.py for tasks to queue
[2021-07-12 20:47:49,102] {logging_mixin.py:104} INFO - [2021-07-12 20:47:49,101] {dagbag.py:496} INFO - Filling up the DagBag from /home/airflow/.local/lib/python3.6/site-packages/airflow/example_dags/example_python_operator.py
[2021-07-12 20:47:49,111] {scheduler_job.py:643} INFO - DAG(s) dict_keys(['example_python_operator']) retrieved from /home/airflow/.local/lib/python3.6/site-packages/airflow/example_dags/example_python_operator.py
[2021-07-12 20:47:49,122] {logging_mixin.py:104} INFO - [2021-07-12 20:47:49,122] {dag.py:1833} INFO - Sync 1 DAGs
[2021-07-12 20:47:49,129] {logging_mixin.py:104} INFO - [2021-07-12 20:47:49,129] {dag.py:2306} INFO - Setting next_dagrun for example_python_operator to None
[2021-07-12 20:47:49,134] {scheduler_job.py:190} INFO - Processing /home/airflow/.local/lib/python3.6/site-packages/airflow/example_dags/example_python_operator.py took 0.035 seconds
[2021-07-12 20:48:20,378] {scheduler_job.py:182} INFO - Started process (PID=2162) to work on /home/airflow/.local/lib/python3.6/site-packages/airflow/example_dags/example_python_operator.py
[2021-07-12 20:48:20,378] {scheduler_job.py:633} INFO - Processing file /home/airflow/.local/lib/python3.6/site-packages/airflow/example_dags/example_python_operator.py for tasks to queue
[2021-07-12 20:48:20,379] {logging_mixin.py:104} INFO - [2021-07-12 20:48:20,379] {dagbag.py:496} INFO - Filling up the DagBag from /home/airflow/.local/lib/python3.6/site-packages/airflow/example_dags/example_python_operator.py
[2021-07-12 20:48:20,388] {scheduler_job.py:643} INFO - DAG(s) dict_keys(['example_python_operator']) retrieved from /home/airflow/.local/lib/python3.6/site-packages/airflow/example_dags/example_python_operator.py
[2021-07-12 20:48:20,399] {logging_mixin.py:104} INFO - [2021-07-12 20:48:20,399] {dag.py:1833} INFO - Sync 1 DAGs
[2021-07-12 20:48:20,407] {logging_mixin.py:104} INFO - [2021-07-12 20:48:20,407] {dag.py:2306} INFO - Setting next_dagrun for example_python_operator to None
[2021-07-12 20:48:20,412] {scheduler_job.py:190} INFO - Processing /home/airflow/.local/lib/python3.6/site-packages/airflow/example_dags/example_python_operator.py took 0.036 seconds
[2021-07-12 20:48:50,456] {scheduler_job.py:182} INFO - Started process (PID=2225) to work on /home/airflow/.local/lib/python3.6/site-packages/airflow/example_dags/example_python_operator.py
[2021-07-12 20:48:50,457] {scheduler_job.py:633} INFO - Processing file /home/airflow/.local/lib/python3.6/site-packages/airflow/example_dags/example_python_operator.py for tasks to queue
[2021-07-12 20:48:50,458] {logging_mixin.py:104} INFO - [2021-07-12 20:48:50,457] {dagbag.py:496} INFO - Filling up the DagBag from /home/airflow/.local/lib/python3.6/site-packages/airflow/example_dags/example_python_operator.py
[2021-07-12 20:48:50,465] {scheduler_job.py:643} INFO - DAG(s) dict_keys(['example_python_operator']) retrieved from /home/airflow/.local/lib/python3.6/site-packages/airflow/example_dags/example_python_operator.py
[2021-07-12 20:48:50,476] {logging_mixin.py:104} INFO - [2021-07-12 20:48:50,476] {dag.py:1833} INFO - Sync 1 DAGs
[2021-07-12 20:48:50,483] {logging_mixin.py:104} INFO - [2021-07-12 20:48:50,483] {dag.py:2306} INFO - Setting next_dagrun for example_python_operator to None
[2021-07-12 20:48:50,487] {scheduler_job.py:190} INFO - Processing /home/airflow/.local/lib/python3.6/site-packages/airflow/example_dags/example_python_operator.py took 0.033 seconds
[2021-07-12 20:49:21,728] {scheduler_job.py:182} INFO - Started process (PID=2287) to work on /home/airflow/.local/lib/python3.6/site-packages/airflow/example_dags/example_python_operator.py
[2021-07-12 20:49:21,729] {scheduler_job.py:633} INFO - Processing file /home/airflow/.local/lib/python3.6/site-packages/airflow/example_dags/example_python_operator.py for tasks to queue
[2021-07-12 20:49:21,730] {logging_mixin.py:104} INFO - [2021-07-12 20:49:21,729] {dagbag.py:496} INFO - Filling up the DagBag from /home/airflow/.local/lib/python3.6/site-packages/airflow/example_dags/example_python_operator.py
[2021-07-12 20:49:21,737] {scheduler_job.py:643} INFO - DAG(s) dict_keys(['example_python_operator']) retrieved from /home/airflow/.local/lib/python3.6/site-packages/airflow/example_dags/example_python_operator.py
[2021-07-12 20:49:21,749] {logging_mixin.py:104} INFO - [2021-07-12 20:49:21,749] {dag.py:1833} INFO - Sync 1 DAGs
[2021-07-12 20:49:21,756] {logging_mixin.py:104} INFO - [2021-07-12 20:49:21,756] {dag.py:2306} INFO - Setting next_dagrun for example_python_operator to None
[2021-07-12 20:49:21,761] {scheduler_job.py:190} INFO - Processing /home/airflow/.local/lib/python3.6/site-packages/airflow/example_dags/example_python_operator.py took 0.034 seconds
[2021-07-12 20:49:51,890] {scheduler_job.py:182} INFO - Started process (PID=2338) to work on /home/airflow/.local/lib/python3.6/site-packages/airflow/example_dags/example_python_operator.py
[2021-07-12 20:49:51,891] {scheduler_job.py:633} INFO - Processing file /home/airflow/.local/lib/python3.6/site-packages/airflow/example_dags/example_python_operator.py for tasks to queue
[2021-07-12 20:49:51,891] {logging_mixin.py:104} INFO - [2021-07-12 20:49:51,891] {dagbag.py:496} INFO - Filling up the DagBag from /home/airflow/.local/lib/python3.6/site-packages/airflow/example_dags/example_python_operator.py
[2021-07-12 20:49:51,900] {scheduler_job.py:643} INFO - DAG(s) dict_keys(['example_python_operator']) retrieved from /home/airflow/.local/lib/python3.6/site-packages/airflow/example_dags/example_python_operator.py
[2021-07-12 20:49:51,914] {logging_mixin.py:104} INFO - [2021-07-12 20:49:51,914] {dag.py:1833} INFO - Sync 1 DAGs
[2021-07-12 20:49:51,922] {logging_mixin.py:104} INFO - [2021-07-12 20:49:51,922] {dag.py:2306} INFO - Setting next_dagrun for example_python_operator to None
[2021-07-12 20:49:51,926] {scheduler_job.py:190} INFO - Processing /home/airflow/.local/lib/python3.6/site-packages/airflow/example_dags/example_python_operator.py took 0.037 seconds
[2021-07-12 20:50:22,238] {scheduler_job.py:182} INFO - Started process (PID=2399) to work on /home/airflow/.local/lib/python3.6/site-packages/airflow/example_dags/example_python_operator.py
[2021-07-12 20:50:22,238] {scheduler_job.py:633} INFO - Processing file /home/airflow/.local/lib/python3.6/site-packages/airflow/example_dags/example_python_operator.py for tasks to queue
[2021-07-12 20:50:22,238] {logging_mixin.py:104} INFO - [2021-07-12 20:50:22,238] {dagbag.py:496} INFO - Filling up the DagBag from /home/airflow/.local/lib/python3.6/site-packages/airflow/example_dags/example_python_operator.py
[2021-07-12 20:50:22,245] {scheduler_job.py:643} INFO - DAG(s) dict_keys(['example_python_operator']) retrieved from /home/airflow/.local/lib/python3.6/site-packages/airflow/example_dags/example_python_operator.py
[2021-07-12 20:50:22,258] {logging_mixin.py:104} INFO - [2021-07-12 20:50:22,257] {dag.py:1833} INFO - Sync 1 DAGs
[2021-07-12 20:50:22,267] {logging_mixin.py:104} INFO - [2021-07-12 20:50:22,267] {dag.py:2306} INFO - Setting next_dagrun for example_python_operator to None
[2021-07-12 20:50:22,271] {scheduler_job.py:190} INFO - Processing /home/airflow/.local/lib/python3.6/site-packages/airflow/example_dags/example_python_operator.py took 0.035 seconds
[2021-07-12 20:50:52,479] {scheduler_job.py:182} INFO - Started process (PID=2464) to work on /home/airflow/.local/lib/python3.6/site-packages/airflow/example_dags/example_python_operator.py
[2021-07-12 20:50:52,479] {scheduler_job.py:633} INFO - Processing file /home/airflow/.local/lib/python3.6/site-packages/airflow/example_dags/example_python_operator.py for tasks to queue
[2021-07-12 20:50:52,479] {logging_mixin.py:104} INFO - [2021-07-12 20:50:52,479] {dagbag.py:496} INFO - Filling up the DagBag from /home/airflow/.local/lib/python3.6/site-packages/airflow/example_dags/example_python_operator.py
[2021-07-12 20:50:52,500] {scheduler_job.py:643} INFO - DAG(s) dict_keys(['example_python_operator']) retrieved from /home/airflow/.local/lib/python3.6/site-packages/airflow/example_dags/example_python_operator.py
[2021-07-12 20:50:52,514] {logging_mixin.py:104} INFO - [2021-07-12 20:50:52,514] {dag.py:1833} INFO - Sync 1 DAGs
[2021-07-12 20:50:52,525] {logging_mixin.py:104} INFO - [2021-07-12 20:50:52,525] {dag.py:2306} INFO - Setting next_dagrun for example_python_operator to None
[2021-07-12 20:50:52,530] {scheduler_job.py:190} INFO - Processing /home/airflow/.local/lib/python3.6/site-packages/airflow/example_dags/example_python_operator.py took 0.053 seconds
[2021-07-12 20:51:22,658] {scheduler_job.py:182} INFO - Started process (PID=2524) to work on /home/airflow/.local/lib/python3.6/site-packages/airflow/example_dags/example_python_operator.py
[2021-07-12 20:51:22,659] {scheduler_job.py:633} INFO - Processing file /home/airflow/.local/lib/python3.6/site-packages/airflow/example_dags/example_python_operator.py for tasks to queue
[2021-07-12 20:51:22,659] {logging_mixin.py:104} INFO - [2021-07-12 20:51:22,659] {dagbag.py:496} INFO - Filling up the DagBag from /home/airflow/.local/lib/python3.6/site-packages/airflow/example_dags/example_python_operator.py
[2021-07-12 20:51:22,666] {scheduler_job.py:643} INFO - DAG(s) dict_keys(['example_python_operator']) retrieved from /home/airflow/.local/lib/python3.6/site-packages/airflow/example_dags/example_python_operator.py
[2021-07-12 20:51:22,680] {logging_mixin.py:104} INFO - [2021-07-12 20:51:22,680] {dag.py:1833} INFO - Sync 1 DAGs
[2021-07-12 20:51:22,692] {logging_mixin.py:104} INFO - [2021-07-12 20:51:22,692] {dag.py:2306} INFO - Setting next_dagrun for example_python_operator to None
[2021-07-12 20:51:22,698] {scheduler_job.py:190} INFO - Processing /home/airflow/.local/lib/python3.6/site-packages/airflow/example_dags/example_python_operator.py took 0.043 seconds
[2021-07-12 20:51:53,022] {scheduler_job.py:182} INFO - Started process (PID=2576) to work on /home/airflow/.local/lib/python3.6/site-packages/airflow/example_dags/example_python_operator.py
[2021-07-12 20:51:53,022] {scheduler_job.py:633} INFO - Processing file /home/airflow/.local/lib/python3.6/site-packages/airflow/example_dags/example_python_operator.py for tasks to queue
[2021-07-12 20:51:53,022] {logging_mixin.py:104} INFO - [2021-07-12 20:51:53,022] {dagbag.py:496} INFO - Filling up the DagBag from /home/airflow/.local/lib/python3.6/site-packages/airflow/example_dags/example_python_operator.py
[2021-07-12 20:51:53,028] {scheduler_job.py:643} INFO - DAG(s) dict_keys(['example_python_operator']) retrieved from /home/airflow/.local/lib/python3.6/site-packages/airflow/example_dags/example_python_operator.py
[2021-07-12 20:51:53,040] {logging_mixin.py:104} INFO - [2021-07-12 20:51:53,040] {dag.py:1833} INFO - Sync 1 DAGs
[2021-07-12 20:51:53,047] {logging_mixin.py:104} INFO - [2021-07-12 20:51:53,047] {dag.py:2306} INFO - Setting next_dagrun for example_python_operator to None
[2021-07-12 20:51:53,052] {scheduler_job.py:190} INFO - Processing /home/airflow/.local/lib/python3.6/site-packages/airflow/example_dags/example_python_operator.py took 0.032 seconds
[2021-07-12 20:52:23,144] {scheduler_job.py:182} INFO - Started process (PID=2638) to work on /home/airflow/.local/lib/python3.6/site-packages/airflow/example_dags/example_python_operator.py
[2021-07-12 20:52:23,146] {scheduler_job.py:633} INFO - Processing file /home/airflow/.local/lib/python3.6/site-packages/airflow/example_dags/example_python_operator.py for tasks to queue
[2021-07-12 20:52:23,146] {logging_mixin.py:104} INFO - [2021-07-12 20:52:23,146] {dagbag.py:496} INFO - Filling up the DagBag from /home/airflow/.local/lib/python3.6/site-packages/airflow/example_dags/example_python_operator.py
[2021-07-12 20:52:23,154] {scheduler_job.py:643} INFO - DAG(s) dict_keys(['example_python_operator']) retrieved from /home/airflow/.local/lib/python3.6/site-packages/airflow/example_dags/example_python_operator.py
[2021-07-12 20:52:23,165] {logging_mixin.py:104} INFO - [2021-07-12 20:52:23,165] {dag.py:1833} INFO - Sync 1 DAGs
[2021-07-12 20:52:23,174] {logging_mixin.py:104} INFO - [2021-07-12 20:52:23,174] {dag.py:2306} INFO - Setting next_dagrun for example_python_operator to None
[2021-07-12 20:52:23,178] {scheduler_job.py:190} INFO - Processing /home/airflow/.local/lib/python3.6/site-packages/airflow/example_dags/example_python_operator.py took 0.037 seconds
[2021-07-12 20:52:54,325] {scheduler_job.py:182} INFO - Started process (PID=2700) to work on /home/airflow/.local/lib/python3.6/site-packages/airflow/example_dags/example_python_operator.py
[2021-07-12 20:52:54,326] {scheduler_job.py:633} INFO - Processing file /home/airflow/.local/lib/python3.6/site-packages/airflow/example_dags/example_python_operator.py for tasks to queue
[2021-07-12 20:52:54,326] {logging_mixin.py:104} INFO - [2021-07-12 20:52:54,326] {dagbag.py:496} INFO - Filling up the DagBag from /home/airflow/.local/lib/python3.6/site-packages/airflow/example_dags/example_python_operator.py
[2021-07-12 20:52:54,333] {scheduler_job.py:643} INFO - DAG(s) dict_keys(['example_python_operator']) retrieved from /home/airflow/.local/lib/python3.6/site-packages/airflow/example_dags/example_python_operator.py
[2021-07-12 20:52:54,344] {logging_mixin.py:104} INFO - [2021-07-12 20:52:54,344] {dag.py:1833} INFO - Sync 1 DAGs
[2021-07-12 20:52:54,353] {logging_mixin.py:104} INFO - [2021-07-12 20:52:54,353] {dag.py:2306} INFO - Setting next_dagrun for example_python_operator to None
[2021-07-12 20:52:54,357] {scheduler_job.py:190} INFO - Processing /home/airflow/.local/lib/python3.6/site-packages/airflow/example_dags/example_python_operator.py took 0.033 seconds
[2021-07-12 20:53:24,397] {scheduler_job.py:182} INFO - Started process (PID=2761) to work on /home/airflow/.local/lib/python3.6/site-packages/airflow/example_dags/example_python_operator.py
[2021-07-12 20:53:24,398] {scheduler_job.py:633} INFO - Processing file /home/airflow/.local/lib/python3.6/site-packages/airflow/example_dags/example_python_operator.py for tasks to queue
[2021-07-12 20:53:24,398] {logging_mixin.py:104} INFO - [2021-07-12 20:53:24,398] {dagbag.py:496} INFO - Filling up the DagBag from /home/airflow/.local/lib/python3.6/site-packages/airflow/example_dags/example_python_operator.py
[2021-07-12 20:53:24,406] {scheduler_job.py:643} INFO - DAG(s) dict_keys(['example_python_operator']) retrieved from /home/airflow/.local/lib/python3.6/site-packages/airflow/example_dags/example_python_operator.py
[2021-07-12 20:53:24,418] {logging_mixin.py:104} INFO - [2021-07-12 20:53:24,418] {dag.py:1833} INFO - Sync 1 DAGs
[2021-07-12 20:53:24,426] {logging_mixin.py:104} INFO - [2021-07-12 20:53:24,426] {dag.py:2306} INFO - Setting next_dagrun for example_python_operator to None
[2021-07-12 20:53:24,431] {scheduler_job.py:190} INFO - Processing /home/airflow/.local/lib/python3.6/site-packages/airflow/example_dags/example_python_operator.py took 0.036 seconds
[2021-07-12 20:53:55,533] {scheduler_job.py:182} INFO - Started process (PID=2813) to work on /home/airflow/.local/lib/python3.6/site-packages/airflow/example_dags/example_python_operator.py
[2021-07-12 20:53:55,533] {scheduler_job.py:633} INFO - Processing file /home/airflow/.local/lib/python3.6/site-packages/airflow/example_dags/example_python_operator.py for tasks to queue
[2021-07-12 20:53:55,533] {logging_mixin.py:104} INFO - [2021-07-12 20:53:55,533] {dagbag.py:496} INFO - Filling up the DagBag from /home/airflow/.local/lib/python3.6/site-packages/airflow/example_dags/example_python_operator.py
[2021-07-12 20:53:55,541] {scheduler_job.py:643} INFO - DAG(s) dict_keys(['example_python_operator']) retrieved from /home/airflow/.local/lib/python3.6/site-packages/airflow/example_dags/example_python_operator.py
[2021-07-12 20:53:55,553] {logging_mixin.py:104} INFO - [2021-07-12 20:53:55,553] {dag.py:1833} INFO - Sync 1 DAGs
[2021-07-12 20:53:55,561] {logging_mixin.py:104} INFO - [2021-07-12 20:53:55,561] {dag.py:2306} INFO - Setting next_dagrun for example_python_operator to None
[2021-07-12 20:53:55,565] {scheduler_job.py:190} INFO - Processing /home/airflow/.local/lib/python3.6/site-packages/airflow/example_dags/example_python_operator.py took 0.034 seconds
[2021-07-12 20:54:25,887] {scheduler_job.py:182} INFO - Started process (PID=2874) to work on /home/airflow/.local/lib/python3.6/site-packages/airflow/example_dags/example_python_operator.py
[2021-07-12 20:54:25,887] {scheduler_job.py:633} INFO - Processing file /home/airflow/.local/lib/python3.6/site-packages/airflow/example_dags/example_python_operator.py for tasks to queue
[2021-07-12 20:54:25,888] {logging_mixin.py:104} INFO - [2021-07-12 20:54:25,887] {dagbag.py:496} INFO - Filling up the DagBag from /home/airflow/.local/lib/python3.6/site-packages/airflow/example_dags/example_python_operator.py
[2021-07-12 20:54:25,895] {scheduler_job.py:643} INFO - DAG(s) dict_keys(['example_python_operator']) retrieved from /home/airflow/.local/lib/python3.6/site-packages/airflow/example_dags/example_python_operator.py
[2021-07-12 20:54:25,908] {logging_mixin.py:104} INFO - [2021-07-12 20:54:25,908] {dag.py:1833} INFO - Sync 1 DAGs
[2021-07-12 20:54:25,916] {logging_mixin.py:104} INFO - [2021-07-12 20:54:25,916] {dag.py:2306} INFO - Setting next_dagrun for example_python_operator to None
[2021-07-12 20:54:25,921] {scheduler_job.py:190} INFO - Processing /home/airflow/.local/lib/python3.6/site-packages/airflow/example_dags/example_python_operator.py took 0.037 seconds
[2021-07-12 20:54:56,127] {scheduler_job.py:182} INFO - Started process (PID=2935) to work on /home/airflow/.local/lib/python3.6/site-packages/airflow/example_dags/example_python_operator.py
[2021-07-12 20:54:56,128] {scheduler_job.py:633} INFO - Processing file /home/airflow/.local/lib/python3.6/site-packages/airflow/example_dags/example_python_operator.py for tasks to queue
[2021-07-12 20:54:56,128] {logging_mixin.py:104} INFO - [2021-07-12 20:54:56,128] {dagbag.py:496} INFO - Filling up the DagBag from /home/airflow/.local/lib/python3.6/site-packages/airflow/example_dags/example_python_operator.py
[2021-07-12 20:54:56,137] {scheduler_job.py:643} INFO - DAG(s) dict_keys(['example_python_operator']) retrieved from /home/airflow/.local/lib/python3.6/site-packages/airflow/example_dags/example_python_operator.py
[2021-07-12 20:54:56,152] {logging_mixin.py:104} INFO - [2021-07-12 20:54:56,152] {dag.py:1833} INFO - Sync 1 DAGs
[2021-07-12 20:54:56,164] {logging_mixin.py:104} INFO - [2021-07-12 20:54:56,164] {dag.py:2306} INFO - Setting next_dagrun for example_python_operator to None
[2021-07-12 20:54:56,170] {scheduler_job.py:190} INFO - Processing /home/airflow/.local/lib/python3.6/site-packages/airflow/example_dags/example_python_operator.py took 0.045 seconds
[2021-07-12 20:55:26,423] {scheduler_job.py:182} INFO - Started process (PID=2986) to work on /home/airflow/.local/lib/python3.6/site-packages/airflow/example_dags/example_python_operator.py
[2021-07-12 20:55:26,424] {scheduler_job.py:633} INFO - Processing file /home/airflow/.local/lib/python3.6/site-packages/airflow/example_dags/example_python_operator.py for tasks to queue
[2021-07-12 20:55:26,424] {logging_mixin.py:104} INFO - [2021-07-12 20:55:26,424] {dagbag.py:496} INFO - Filling up the DagBag from /home/airflow/.local/lib/python3.6/site-packages/airflow/example_dags/example_python_operator.py
[2021-07-12 20:55:26,431] {scheduler_job.py:643} INFO - DAG(s) dict_keys(['example_python_operator']) retrieved from /home/airflow/.local/lib/python3.6/site-packages/airflow/example_dags/example_python_operator.py
[2021-07-12 20:55:26,444] {logging_mixin.py:104} INFO - [2021-07-12 20:55:26,444] {dag.py:1833} INFO - Sync 1 DAGs
[2021-07-12 20:55:26,451] {logging_mixin.py:104} INFO - [2021-07-12 20:55:26,451] {dag.py:2306} INFO - Setting next_dagrun for example_python_operator to None
[2021-07-12 20:55:26,457] {scheduler_job.py:190} INFO - Processing /home/airflow/.local/lib/python3.6/site-packages/airflow/example_dags/example_python_operator.py took 0.035 seconds
[2021-07-12 20:55:56,753] {scheduler_job.py:182} INFO - Started process (PID=3048) to work on /home/airflow/.local/lib/python3.6/site-packages/airflow/example_dags/example_python_operator.py
[2021-07-12 20:55:56,754] {scheduler_job.py:633} INFO - Processing file /home/airflow/.local/lib/python3.6/site-packages/airflow/example_dags/example_python_operator.py for tasks to queue
[2021-07-12 20:55:56,754] {logging_mixin.py:104} INFO - [2021-07-12 20:55:56,754] {dagbag.py:496} INFO - Filling up the DagBag from /home/airflow/.local/lib/python3.6/site-packages/airflow/example_dags/example_python_operator.py
[2021-07-12 20:55:56,763] {scheduler_job.py:643} INFO - DAG(s) dict_keys(['example_python_operator']) retrieved from /home/airflow/.local/lib/python3.6/site-packages/airflow/example_dags/example_python_operator.py
[2021-07-12 20:55:56,777] {logging_mixin.py:104} INFO - [2021-07-12 20:55:56,777] {dag.py:1833} INFO - Sync 1 DAGs
[2021-07-12 20:55:56,787] {logging_mixin.py:104} INFO - [2021-07-12 20:55:56,787] {dag.py:2306} INFO - Setting next_dagrun for example_python_operator to None
[2021-07-12 20:55:56,792] {scheduler_job.py:190} INFO - Processing /home/airflow/.local/lib/python3.6/site-packages/airflow/example_dags/example_python_operator.py took 0.040 seconds
[2021-07-12 20:56:26,980] {scheduler_job.py:182} INFO - Started process (PID=3112) to work on /home/airflow/.local/lib/python3.6/site-packages/airflow/example_dags/example_python_operator.py
[2021-07-12 20:56:26,981] {scheduler_job.py:633} INFO - Processing file /home/airflow/.local/lib/python3.6/site-packages/airflow/example_dags/example_python_operator.py for tasks to queue
[2021-07-12 20:56:26,981] {logging_mixin.py:104} INFO - [2021-07-12 20:56:26,981] {dagbag.py:496} INFO - Filling up the DagBag from /home/airflow/.local/lib/python3.6/site-packages/airflow/example_dags/example_python_operator.py
[2021-07-12 20:56:26,988] {scheduler_job.py:643} INFO - DAG(s) dict_keys(['example_python_operator']) retrieved from /home/airflow/.local/lib/python3.6/site-packages/airflow/example_dags/example_python_operator.py
[2021-07-12 20:56:26,999] {logging_mixin.py:104} INFO - [2021-07-12 20:56:26,999] {dag.py:1833} INFO - Sync 1 DAGs
[2021-07-12 20:56:27,009] {logging_mixin.py:104} INFO - [2021-07-12 20:56:27,008] {dag.py:2306} INFO - Setting next_dagrun for example_python_operator to None
[2021-07-12 20:56:27,015] {scheduler_job.py:190} INFO - Processing /home/airflow/.local/lib/python3.6/site-packages/airflow/example_dags/example_python_operator.py took 0.037 seconds
[2021-07-12 20:56:57,376] {scheduler_job.py:182} INFO - Started process (PID=3170) to work on /home/airflow/.local/lib/python3.6/site-packages/airflow/example_dags/example_python_operator.py
[2021-07-12 20:56:57,376] {scheduler_job.py:633} INFO - Processing file /home/airflow/.local/lib/python3.6/site-packages/airflow/example_dags/example_python_operator.py for tasks to queue
[2021-07-12 20:56:57,377] {logging_mixin.py:104} INFO - [2021-07-12 20:56:57,377] {dagbag.py:496} INFO - Filling up the DagBag from /home/airflow/.local/lib/python3.6/site-packages/airflow/example_dags/example_python_operator.py
[2021-07-12 20:56:57,384] {scheduler_job.py:643} INFO - DAG(s) dict_keys(['example_python_operator']) retrieved from /home/airflow/.local/lib/python3.6/site-packages/airflow/example_dags/example_python_operator.py
[2021-07-12 20:56:57,396] {logging_mixin.py:104} INFO - [2021-07-12 20:56:57,396] {dag.py:1833} INFO - Sync 1 DAGs
[2021-07-12 20:56:57,404] {logging_mixin.py:104} INFO - [2021-07-12 20:56:57,403] {dag.py:2306} INFO - Setting next_dagrun for example_python_operator to None
[2021-07-12 20:56:57,411] {scheduler_job.py:190} INFO - Processing /home/airflow/.local/lib/python3.6/site-packages/airflow/example_dags/example_python_operator.py took 0.036 seconds
[2021-07-12 20:57:27,662] {scheduler_job.py:182} INFO - Started process (PID=3224) to work on /home/airflow/.local/lib/python3.6/site-packages/airflow/example_dags/example_python_operator.py
[2021-07-12 20:57:27,663] {scheduler_job.py:633} INFO - Processing file /home/airflow/.local/lib/python3.6/site-packages/airflow/example_dags/example_python_operator.py for tasks to queue
[2021-07-12 20:57:27,664] {logging_mixin.py:104} INFO - [2021-07-12 20:57:27,664] {dagbag.py:496} INFO - Filling up the DagBag from /home/airflow/.local/lib/python3.6/site-packages/airflow/example_dags/example_python_operator.py
[2021-07-12 20:57:27,672] {scheduler_job.py:643} INFO - DAG(s) dict_keys(['example_python_operator']) retrieved from /home/airflow/.local/lib/python3.6/site-packages/airflow/example_dags/example_python_operator.py
[2021-07-12 20:57:27,688] {logging_mixin.py:104} INFO - [2021-07-12 20:57:27,688] {dag.py:1833} INFO - Sync 1 DAGs
[2021-07-12 20:57:27,699] {logging_mixin.py:104} INFO - [2021-07-12 20:57:27,699] {dag.py:2306} INFO - Setting next_dagrun for example_python_operator to None
[2021-07-12 20:57:27,705] {scheduler_job.py:190} INFO - Processing /home/airflow/.local/lib/python3.6/site-packages/airflow/example_dags/example_python_operator.py took 0.045 seconds
[2021-07-12 20:57:57,903] {scheduler_job.py:182} INFO - Started process (PID=3286) to work on /home/airflow/.local/lib/python3.6/site-packages/airflow/example_dags/example_python_operator.py
[2021-07-12 20:57:57,904] {scheduler_job.py:633} INFO - Processing file /home/airflow/.local/lib/python3.6/site-packages/airflow/example_dags/example_python_operator.py for tasks to queue
[2021-07-12 20:57:57,904] {logging_mixin.py:104} INFO - [2021-07-12 20:57:57,904] {dagbag.py:496} INFO - Filling up the DagBag from /home/airflow/.local/lib/python3.6/site-packages/airflow/example_dags/example_python_operator.py
[2021-07-12 20:57:57,913] {scheduler_job.py:643} INFO - DAG(s) dict_keys(['example_python_operator']) retrieved from /home/airflow/.local/lib/python3.6/site-packages/airflow/example_dags/example_python_operator.py
[2021-07-12 20:57:57,926] {logging_mixin.py:104} INFO - [2021-07-12 20:57:57,926] {dag.py:1833} INFO - Sync 1 DAGs
[2021-07-12 20:57:57,937] {logging_mixin.py:104} INFO - [2021-07-12 20:57:57,937] {dag.py:2306} INFO - Setting next_dagrun for example_python_operator to None
[2021-07-12 20:57:57,944] {scheduler_job.py:190} INFO - Processing /home/airflow/.local/lib/python3.6/site-packages/airflow/example_dags/example_python_operator.py took 0.043 seconds
[2021-07-12 20:58:28,143] {scheduler_job.py:182} INFO - Started process (PID=3347) to work on /home/airflow/.local/lib/python3.6/site-packages/airflow/example_dags/example_python_operator.py
[2021-07-12 20:58:28,144] {scheduler_job.py:633} INFO - Processing file /home/airflow/.local/lib/python3.6/site-packages/airflow/example_dags/example_python_operator.py for tasks to queue
[2021-07-12 20:58:28,144] {logging_mixin.py:104} INFO - [2021-07-12 20:58:28,144] {dagbag.py:496} INFO - Filling up the DagBag from /home/airflow/.local/lib/python3.6/site-packages/airflow/example_dags/example_python_operator.py
[2021-07-12 20:58:28,152] {scheduler_job.py:643} INFO - DAG(s) dict_keys(['example_python_operator']) retrieved from /home/airflow/.local/lib/python3.6/site-packages/airflow/example_dags/example_python_operator.py
[2021-07-12 20:58:28,163] {logging_mixin.py:104} INFO - [2021-07-12 20:58:28,163] {dag.py:1833} INFO - Sync 1 DAGs
[2021-07-12 20:58:28,174] {logging_mixin.py:104} INFO - [2021-07-12 20:58:28,174] {dag.py:2306} INFO - Setting next_dagrun for example_python_operator to None
[2021-07-12 20:58:28,179] {scheduler_job.py:190} INFO - Processing /home/airflow/.local/lib/python3.6/site-packages/airflow/example_dags/example_python_operator.py took 0.037 seconds
[2021-07-12 20:58:59,337] {scheduler_job.py:182} INFO - Started process (PID=3399) to work on /home/airflow/.local/lib/python3.6/site-packages/airflow/example_dags/example_python_operator.py
[2021-07-12 20:58:59,338] {scheduler_job.py:633} INFO - Processing file /home/airflow/.local/lib/python3.6/site-packages/airflow/example_dags/example_python_operator.py for tasks to queue
[2021-07-12 20:58:59,338] {logging_mixin.py:104} INFO - [2021-07-12 20:58:59,338] {dagbag.py:496} INFO - Filling up the DagBag from /home/airflow/.local/lib/python3.6/site-packages/airflow/example_dags/example_python_operator.py
[2021-07-12 20:58:59,349] {scheduler_job.py:643} INFO - DAG(s) dict_keys(['example_python_operator']) retrieved from /home/airflow/.local/lib/python3.6/site-packages/airflow/example_dags/example_python_operator.py
[2021-07-12 20:58:59,360] {logging_mixin.py:104} INFO - [2021-07-12 20:58:59,360] {dag.py:1833} INFO - Sync 1 DAGs
[2021-07-12 20:58:59,369] {logging_mixin.py:104} INFO - [2021-07-12 20:58:59,369] {dag.py:2306} INFO - Setting next_dagrun for example_python_operator to None
[2021-07-12 20:58:59,374] {scheduler_job.py:190} INFO - Processing /home/airflow/.local/lib/python3.6/site-packages/airflow/example_dags/example_python_operator.py took 0.039 seconds
[2021-07-12 20:59:29,526] {scheduler_job.py:182} INFO - Started process (PID=3460) to work on /home/airflow/.local/lib/python3.6/site-packages/airflow/example_dags/example_python_operator.py
[2021-07-12 20:59:29,527] {scheduler_job.py:633} INFO - Processing file /home/airflow/.local/lib/python3.6/site-packages/airflow/example_dags/example_python_operator.py for tasks to queue
[2021-07-12 20:59:29,527] {logging_mixin.py:104} INFO - [2021-07-12 20:59:29,527] {dagbag.py:496} INFO - Filling up the DagBag from /home/airflow/.local/lib/python3.6/site-packages/airflow/example_dags/example_python_operator.py
[2021-07-12 20:59:29,533] {scheduler_job.py:643} INFO - DAG(s) dict_keys(['example_python_operator']) retrieved from /home/airflow/.local/lib/python3.6/site-packages/airflow/example_dags/example_python_operator.py
[2021-07-12 20:59:29,545] {logging_mixin.py:104} INFO - [2021-07-12 20:59:29,545] {dag.py:1833} INFO - Sync 1 DAGs
[2021-07-12 20:59:29,554] {logging_mixin.py:104} INFO - [2021-07-12 20:59:29,554] {dag.py:2306} INFO - Setting next_dagrun for example_python_operator to None
[2021-07-12 20:59:29,559] {scheduler_job.py:190} INFO - Processing /home/airflow/.local/lib/python3.6/site-packages/airflow/example_dags/example_python_operator.py took 0.035 seconds
[2021-07-12 20:59:59,761] {scheduler_job.py:182} INFO - Started process (PID=3521) to work on /home/airflow/.local/lib/python3.6/site-packages/airflow/example_dags/example_python_operator.py
[2021-07-12 20:59:59,761] {scheduler_job.py:633} INFO - Processing file /home/airflow/.local/lib/python3.6/site-packages/airflow/example_dags/example_python_operator.py for tasks to queue
[2021-07-12 20:59:59,762] {logging_mixin.py:104} INFO - [2021-07-12 20:59:59,762] {dagbag.py:496} INFO - Filling up the DagBag from /home/airflow/.local/lib/python3.6/site-packages/airflow/example_dags/example_python_operator.py
[2021-07-12 20:59:59,771] {scheduler_job.py:643} INFO - DAG(s) dict_keys(['example_python_operator']) retrieved from /home/airflow/.local/lib/python3.6/site-packages/airflow/example_dags/example_python_operator.py
[2021-07-12 20:59:59,784] {logging_mixin.py:104} INFO - [2021-07-12 20:59:59,784] {dag.py:1833} INFO - Sync 1 DAGs
[2021-07-12 20:59:59,794] {logging_mixin.py:104} INFO - [2021-07-12 20:59:59,794] {dag.py:2306} INFO - Setting next_dagrun for example_python_operator to None
[2021-07-12 20:59:59,800] {scheduler_job.py:190} INFO - Processing /home/airflow/.local/lib/python3.6/site-packages/airflow/example_dags/example_python_operator.py took 0.042 seconds
[2021-07-12 21:00:30,110] {scheduler_job.py:182} INFO - Started process (PID=3575) to work on /home/airflow/.local/lib/python3.6/site-packages/airflow/example_dags/example_python_operator.py
[2021-07-12 21:00:30,110] {scheduler_job.py:633} INFO - Processing file /home/airflow/.local/lib/python3.6/site-packages/airflow/example_dags/example_python_operator.py for tasks to queue
[2021-07-12 21:00:30,110] {logging_mixin.py:104} INFO - [2021-07-12 21:00:30,110] {dagbag.py:496} INFO - Filling up the DagBag from /home/airflow/.local/lib/python3.6/site-packages/airflow/example_dags/example_python_operator.py
[2021-07-12 21:00:30,120] {scheduler_job.py:643} INFO - DAG(s) dict_keys(['example_python_operator']) retrieved from /home/airflow/.local/lib/python3.6/site-packages/airflow/example_dags/example_python_operator.py
[2021-07-12 21:00:30,133] {logging_mixin.py:104} INFO - [2021-07-12 21:00:30,133] {dag.py:1833} INFO - Sync 1 DAGs
[2021-07-12 21:00:30,144] {logging_mixin.py:104} INFO - [2021-07-12 21:00:30,144] {dag.py:2306} INFO - Setting next_dagrun for example_python_operator to None
[2021-07-12 21:00:30,148] {scheduler_job.py:190} INFO - Processing /home/airflow/.local/lib/python3.6/site-packages/airflow/example_dags/example_python_operator.py took 0.040 seconds
[2021-07-12 21:01:00,421] {scheduler_job.py:182} INFO - Started process (PID=3637) to work on /home/airflow/.local/lib/python3.6/site-packages/airflow/example_dags/example_python_operator.py
[2021-07-12 21:01:00,422] {scheduler_job.py:633} INFO - Processing file /home/airflow/.local/lib/python3.6/site-packages/airflow/example_dags/example_python_operator.py for tasks to queue
[2021-07-12 21:01:00,422] {logging_mixin.py:104} INFO - [2021-07-12 21:01:00,422] {dagbag.py:496} INFO - Filling up the DagBag from /home/airflow/.local/lib/python3.6/site-packages/airflow/example_dags/example_python_operator.py
[2021-07-12 21:01:00,429] {scheduler_job.py:643} INFO - DAG(s) dict_keys(['example_python_operator']) retrieved from /home/airflow/.local/lib/python3.6/site-packages/airflow/example_dags/example_python_operator.py
[2021-07-12 21:01:00,442] {logging_mixin.py:104} INFO - [2021-07-12 21:01:00,442] {dag.py:1833} INFO - Sync 1 DAGs
[2021-07-12 21:01:00,451] {logging_mixin.py:104} INFO - [2021-07-12 21:01:00,451] {dag.py:2306} INFO - Setting next_dagrun for example_python_operator to None
[2021-07-12 21:01:00,456] {scheduler_job.py:190} INFO - Processing /home/airflow/.local/lib/python3.6/site-packages/airflow/example_dags/example_python_operator.py took 0.036 seconds
[2021-07-12 21:01:30,651] {scheduler_job.py:182} INFO - Started process (PID=3697) to work on /home/airflow/.local/lib/python3.6/site-packages/airflow/example_dags/example_python_operator.py
[2021-07-12 21:01:30,651] {scheduler_job.py:633} INFO - Processing file /home/airflow/.local/lib/python3.6/site-packages/airflow/example_dags/example_python_operator.py for tasks to queue
[2021-07-12 21:01:30,651] {logging_mixin.py:104} INFO - [2021-07-12 21:01:30,651] {dagbag.py:496} INFO - Filling up the DagBag from /home/airflow/.local/lib/python3.6/site-packages/airflow/example_dags/example_python_operator.py
[2021-07-12 21:01:30,658] {scheduler_job.py:643} INFO - DAG(s) dict_keys(['example_python_operator']) retrieved from /home/airflow/.local/lib/python3.6/site-packages/airflow/example_dags/example_python_operator.py
[2021-07-12 21:01:30,672] {logging_mixin.py:104} INFO - [2021-07-12 21:01:30,672] {dag.py:1833} INFO - Sync 1 DAGs
[2021-07-12 21:01:30,680] {logging_mixin.py:104} INFO - [2021-07-12 21:01:30,680] {dag.py:2306} INFO - Setting next_dagrun for example_python_operator to None
[2021-07-12 21:01:30,684] {scheduler_job.py:190} INFO - Processing /home/airflow/.local/lib/python3.6/site-packages/airflow/example_dags/example_python_operator.py took 0.035 seconds
[2021-07-12 21:02:00,951] {scheduler_job.py:182} INFO - Started process (PID=3774) to work on /home/airflow/.local/lib/python3.6/site-packages/airflow/example_dags/example_python_operator.py
[2021-07-12 21:02:00,951] {scheduler_job.py:633} INFO - Processing file /home/airflow/.local/lib/python3.6/site-packages/airflow/example_dags/example_python_operator.py for tasks to queue
[2021-07-12 21:02:00,952] {logging_mixin.py:104} INFO - [2021-07-12 21:02:00,951] {dagbag.py:496} INFO - Filling up the DagBag from /home/airflow/.local/lib/python3.6/site-packages/airflow/example_dags/example_python_operator.py
[2021-07-12 21:02:00,958] {scheduler_job.py:643} INFO - DAG(s) dict_keys(['example_python_operator']) retrieved from /home/airflow/.local/lib/python3.6/site-packages/airflow/example_dags/example_python_operator.py
[2021-07-12 21:02:00,969] {logging_mixin.py:104} INFO - [2021-07-12 21:02:00,969] {dag.py:1833} INFO - Sync 1 DAGs
[2021-07-12 21:02:00,978] {logging_mixin.py:104} INFO - [2021-07-12 21:02:00,978] {dag.py:2306} INFO - Setting next_dagrun for example_python_operator to None
[2021-07-12 21:02:00,983] {scheduler_job.py:190} INFO - Processing /home/airflow/.local/lib/python3.6/site-packages/airflow/example_dags/example_python_operator.py took 0.033 seconds
[2021-07-12 21:02:31,219] {scheduler_job.py:182} INFO - Started process (PID=3828) to work on /home/airflow/.local/lib/python3.6/site-packages/airflow/example_dags/example_python_operator.py
[2021-07-12 21:02:31,220] {scheduler_job.py:633} INFO - Processing file /home/airflow/.local/lib/python3.6/site-packages/airflow/example_dags/example_python_operator.py for tasks to queue
[2021-07-12 21:02:31,221] {logging_mixin.py:104} INFO - [2021-07-12 21:02:31,221] {dagbag.py:496} INFO - Filling up the DagBag from /home/airflow/.local/lib/python3.6/site-packages/airflow/example_dags/example_python_operator.py
[2021-07-12 21:02:31,228] {scheduler_job.py:643} INFO - DAG(s) dict_keys(['example_python_operator']) retrieved from /home/airflow/.local/lib/python3.6/site-packages/airflow/example_dags/example_python_operator.py
[2021-07-12 21:02:31,242] {logging_mixin.py:104} INFO - [2021-07-12 21:02:31,242] {dag.py:1833} INFO - Sync 1 DAGs
[2021-07-12 21:02:31,251] {logging_mixin.py:104} INFO - [2021-07-12 21:02:31,251] {dag.py:2306} INFO - Setting next_dagrun for example_python_operator to None
[2021-07-12 21:02:31,256] {scheduler_job.py:190} INFO - Processing /home/airflow/.local/lib/python3.6/site-packages/airflow/example_dags/example_python_operator.py took 0.040 seconds
[2021-07-12 21:03:01,544] {scheduler_job.py:182} INFO - Started process (PID=3890) to work on /home/airflow/.local/lib/python3.6/site-packages/airflow/example_dags/example_python_operator.py
[2021-07-12 21:03:01,544] {scheduler_job.py:633} INFO - Processing file /home/airflow/.local/lib/python3.6/site-packages/airflow/example_dags/example_python_operator.py for tasks to queue
[2021-07-12 21:03:01,545] {logging_mixin.py:104} INFO - [2021-07-12 21:03:01,545] {dagbag.py:496} INFO - Filling up the DagBag from /home/airflow/.local/lib/python3.6/site-packages/airflow/example_dags/example_python_operator.py
[2021-07-12 21:03:01,556] {scheduler_job.py:643} INFO - DAG(s) dict_keys(['example_python_operator']) retrieved from /home/airflow/.local/lib/python3.6/site-packages/airflow/example_dags/example_python_operator.py
[2021-07-12 21:03:01,568] {logging_mixin.py:104} INFO - [2021-07-12 21:03:01,568] {dag.py:1833} INFO - Sync 1 DAGs
[2021-07-12 21:03:01,576] {logging_mixin.py:104} INFO - [2021-07-12 21:03:01,576] {dag.py:2306} INFO - Setting next_dagrun for example_python_operator to None
[2021-07-12 21:03:01,583] {scheduler_job.py:190} INFO - Processing /home/airflow/.local/lib/python3.6/site-packages/airflow/example_dags/example_python_operator.py took 0.040 seconds
[2021-07-12 21:03:31,796] {scheduler_job.py:182} INFO - Started process (PID=3952) to work on /home/airflow/.local/lib/python3.6/site-packages/airflow/example_dags/example_python_operator.py
[2021-07-12 21:03:31,796] {scheduler_job.py:633} INFO - Processing file /home/airflow/.local/lib/python3.6/site-packages/airflow/example_dags/example_python_operator.py for tasks to queue
[2021-07-12 21:03:31,797] {logging_mixin.py:104} INFO - [2021-07-12 21:03:31,796] {dagbag.py:496} INFO - Filling up the DagBag from /home/airflow/.local/lib/python3.6/site-packages/airflow/example_dags/example_python_operator.py
[2021-07-12 21:03:31,803] {scheduler_job.py:643} INFO - DAG(s) dict_keys(['example_python_operator']) retrieved from /home/airflow/.local/lib/python3.6/site-packages/airflow/example_dags/example_python_operator.py
[2021-07-12 21:03:31,816] {logging_mixin.py:104} INFO - [2021-07-12 21:03:31,815] {dag.py:1833} INFO - Sync 1 DAGs
[2021-07-12 21:03:31,824] {logging_mixin.py:104} INFO - [2021-07-12 21:03:31,824] {dag.py:2306} INFO - Setting next_dagrun for example_python_operator to None
[2021-07-12 21:03:31,831] {scheduler_job.py:190} INFO - Processing /home/airflow/.local/lib/python3.6/site-packages/airflow/example_dags/example_python_operator.py took 0.036 seconds
[2021-07-12 21:04:02,016] {scheduler_job.py:182} INFO - Started process (PID=4003) to work on /home/airflow/.local/lib/python3.6/site-packages/airflow/example_dags/example_python_operator.py
[2021-07-12 21:04:02,016] {scheduler_job.py:633} INFO - Processing file /home/airflow/.local/lib/python3.6/site-packages/airflow/example_dags/example_python_operator.py for tasks to queue
[2021-07-12 21:04:02,016] {logging_mixin.py:104} INFO - [2021-07-12 21:04:02,016] {dagbag.py:496} INFO - Filling up the DagBag from /home/airflow/.local/lib/python3.6/site-packages/airflow/example_dags/example_python_operator.py
[2021-07-12 21:04:02,023] {scheduler_job.py:643} INFO - DAG(s) dict_keys(['example_python_operator']) retrieved from /home/airflow/.local/lib/python3.6/site-packages/airflow/example_dags/example_python_operator.py
[2021-07-12 21:04:02,036] {logging_mixin.py:104} INFO - [2021-07-12 21:04:02,036] {dag.py:1833} INFO - Sync 1 DAGs
[2021-07-12 21:04:02,045] {logging_mixin.py:104} INFO - [2021-07-12 21:04:02,045] {dag.py:2306} INFO - Setting next_dagrun for example_python_operator to None
[2021-07-12 21:04:02,049] {scheduler_job.py:190} INFO - Processing /home/airflow/.local/lib/python3.6/site-packages/airflow/example_dags/example_python_operator.py took 0.035 seconds
[2021-07-12 21:04:32,168] {scheduler_job.py:182} INFO - Started process (PID=4064) to work on /home/airflow/.local/lib/python3.6/site-packages/airflow/example_dags/example_python_operator.py
[2021-07-12 21:04:32,169] {scheduler_job.py:633} INFO - Processing file /home/airflow/.local/lib/python3.6/site-packages/airflow/example_dags/example_python_operator.py for tasks to queue
[2021-07-12 21:04:32,169] {logging_mixin.py:104} INFO - [2021-07-12 21:04:32,169] {dagbag.py:496} INFO - Filling up the DagBag from /home/airflow/.local/lib/python3.6/site-packages/airflow/example_dags/example_python_operator.py
[2021-07-12 21:04:32,178] {scheduler_job.py:643} INFO - DAG(s) dict_keys(['example_python_operator']) retrieved from /home/airflow/.local/lib/python3.6/site-packages/airflow/example_dags/example_python_operator.py
[2021-07-12 21:04:32,190] {logging_mixin.py:104} INFO - [2021-07-12 21:04:32,190] {dag.py:1833} INFO - Sync 1 DAGs
[2021-07-12 21:04:32,198] {logging_mixin.py:104} INFO - [2021-07-12 21:04:32,198] {dag.py:2306} INFO - Setting next_dagrun for example_python_operator to None
[2021-07-12 21:04:32,203] {scheduler_job.py:190} INFO - Processing /home/airflow/.local/lib/python3.6/site-packages/airflow/example_dags/example_python_operator.py took 0.037 seconds
[2021-07-12 21:05:02,546] {scheduler_job.py:182} INFO - Started process (PID=4126) to work on /home/airflow/.local/lib/python3.6/site-packages/airflow/example_dags/example_python_operator.py
[2021-07-12 21:05:02,546] {scheduler_job.py:633} INFO - Processing file /home/airflow/.local/lib/python3.6/site-packages/airflow/example_dags/example_python_operator.py for tasks to queue
[2021-07-12 21:05:02,547] {logging_mixin.py:104} INFO - [2021-07-12 21:05:02,547] {dagbag.py:496} INFO - Filling up the DagBag from /home/airflow/.local/lib/python3.6/site-packages/airflow/example_dags/example_python_operator.py
[2021-07-12 21:05:02,554] {scheduler_job.py:643} INFO - DAG(s) dict_keys(['example_python_operator']) retrieved from /home/airflow/.local/lib/python3.6/site-packages/airflow/example_dags/example_python_operator.py
[2021-07-12 21:05:02,566] {logging_mixin.py:104} INFO - [2021-07-12 21:05:02,566] {dag.py:1833} INFO - Sync 1 DAGs
[2021-07-12 21:05:02,575] {logging_mixin.py:104} INFO - [2021-07-12 21:05:02,575] {dag.py:2306} INFO - Setting next_dagrun for example_python_operator to None
[2021-07-12 21:05:02,580] {scheduler_job.py:190} INFO - Processing /home/airflow/.local/lib/python3.6/site-packages/airflow/example_dags/example_python_operator.py took 0.037 seconds
[2021-07-12 21:05:32,858] {scheduler_job.py:182} INFO - Started process (PID=4189) to work on /home/airflow/.local/lib/python3.6/site-packages/airflow/example_dags/example_python_operator.py
[2021-07-12 21:05:32,859] {scheduler_job.py:633} INFO - Processing file /home/airflow/.local/lib/python3.6/site-packages/airflow/example_dags/example_python_operator.py for tasks to queue
[2021-07-12 21:05:32,860] {logging_mixin.py:104} INFO - [2021-07-12 21:05:32,859] {dagbag.py:496} INFO - Filling up the DagBag from /home/airflow/.local/lib/python3.6/site-packages/airflow/example_dags/example_python_operator.py
[2021-07-12 21:05:32,868] {scheduler_job.py:643} INFO - DAG(s) dict_keys(['example_python_operator']) retrieved from /home/airflow/.local/lib/python3.6/site-packages/airflow/example_dags/example_python_operator.py
[2021-07-12 21:05:32,880] {logging_mixin.py:104} INFO - [2021-07-12 21:05:32,880] {dag.py:1833} INFO - Sync 1 DAGs
[2021-07-12 21:05:32,890] {logging_mixin.py:104} INFO - [2021-07-12 21:05:32,890] {dag.py:2306} INFO - Setting next_dagrun for example_python_operator to None
[2021-07-12 21:05:32,896] {scheduler_job.py:190} INFO - Processing /home/airflow/.local/lib/python3.6/site-packages/airflow/example_dags/example_python_operator.py took 0.041 seconds
[2021-07-12 21:06:03,136] {scheduler_job.py:182} INFO - Started process (PID=4240) to work on /home/airflow/.local/lib/python3.6/site-packages/airflow/example_dags/example_python_operator.py
[2021-07-12 21:06:03,137] {scheduler_job.py:633} INFO - Processing file /home/airflow/.local/lib/python3.6/site-packages/airflow/example_dags/example_python_operator.py for tasks to queue
[2021-07-12 21:06:03,137] {logging_mixin.py:104} INFO - [2021-07-12 21:06:03,137] {dagbag.py:496} INFO - Filling up the DagBag from /home/airflow/.local/lib/python3.6/site-packages/airflow/example_dags/example_python_operator.py
[2021-07-12 21:06:03,144] {scheduler_job.py:643} INFO - DAG(s) dict_keys(['example_python_operator']) retrieved from /home/airflow/.local/lib/python3.6/site-packages/airflow/example_dags/example_python_operator.py
[2021-07-12 21:06:03,155] {logging_mixin.py:104} INFO - [2021-07-12 21:06:03,155] {dag.py:1833} INFO - Sync 1 DAGs
[2021-07-12 21:06:03,164] {logging_mixin.py:104} INFO - [2021-07-12 21:06:03,164] {dag.py:2306} INFO - Setting next_dagrun for example_python_operator to None
[2021-07-12 21:06:03,169] {scheduler_job.py:190} INFO - Processing /home/airflow/.local/lib/python3.6/site-packages/airflow/example_dags/example_python_operator.py took 0.035 seconds
[2021-07-12 21:06:33,301] {scheduler_job.py:182} INFO - Started process (PID=4301) to work on /home/airflow/.local/lib/python3.6/site-packages/airflow/example_dags/example_python_operator.py
[2021-07-12 21:06:33,301] {scheduler_job.py:633} INFO - Processing file /home/airflow/.local/lib/python3.6/site-packages/airflow/example_dags/example_python_operator.py for tasks to queue
[2021-07-12 21:06:33,302] {logging_mixin.py:104} INFO - [2021-07-12 21:06:33,302] {dagbag.py:496} INFO - Filling up the DagBag from /home/airflow/.local/lib/python3.6/site-packages/airflow/example_dags/example_python_operator.py
[2021-07-12 21:06:33,309] {scheduler_job.py:643} INFO - DAG(s) dict_keys(['example_python_operator']) retrieved from /home/airflow/.local/lib/python3.6/site-packages/airflow/example_dags/example_python_operator.py
[2021-07-12 21:06:33,323] {logging_mixin.py:104} INFO - [2021-07-12 21:06:33,323] {dag.py:1833} INFO - Sync 1 DAGs
[2021-07-12 21:06:33,333] {logging_mixin.py:104} INFO - [2021-07-12 21:06:33,333] {dag.py:2306} INFO - Setting next_dagrun for example_python_operator to None
[2021-07-12 21:06:33,340] {scheduler_job.py:190} INFO - Processing /home/airflow/.local/lib/python3.6/site-packages/airflow/example_dags/example_python_operator.py took 0.040 seconds
[2021-07-12 21:07:03,752] {scheduler_job.py:182} INFO - Started process (PID=4363) to work on /home/airflow/.local/lib/python3.6/site-packages/airflow/example_dags/example_python_operator.py
[2021-07-12 21:07:03,753] {scheduler_job.py:633} INFO - Processing file /home/airflow/.local/lib/python3.6/site-packages/airflow/example_dags/example_python_operator.py for tasks to queue
[2021-07-12 21:07:03,753] {logging_mixin.py:104} INFO - [2021-07-12 21:07:03,753] {dagbag.py:496} INFO - Filling up the DagBag from /home/airflow/.local/lib/python3.6/site-packages/airflow/example_dags/example_python_operator.py
[2021-07-12 21:07:03,760] {scheduler_job.py:643} INFO - DAG(s) dict_keys(['example_python_operator']) retrieved from /home/airflow/.local/lib/python3.6/site-packages/airflow/example_dags/example_python_operator.py
[2021-07-12 21:07:03,775] {logging_mixin.py:104} INFO - [2021-07-12 21:07:03,774] {dag.py:1833} INFO - Sync 1 DAGs
[2021-07-12 21:07:03,786] {logging_mixin.py:104} INFO - [2021-07-12 21:07:03,786] {dag.py:2306} INFO - Setting next_dagrun for example_python_operator to None
[2021-07-12 21:07:03,792] {scheduler_job.py:190} INFO - Processing /home/airflow/.local/lib/python3.6/site-packages/airflow/example_dags/example_python_operator.py took 0.041 seconds
[2021-07-12 21:07:34,034] {scheduler_job.py:182} INFO - Started process (PID=4413) to work on /home/airflow/.local/lib/python3.6/site-packages/airflow/example_dags/example_python_operator.py
[2021-07-12 21:07:34,035] {scheduler_job.py:633} INFO - Processing file /home/airflow/.local/lib/python3.6/site-packages/airflow/example_dags/example_python_operator.py for tasks to queue
[2021-07-12 21:07:34,036] {logging_mixin.py:104} INFO - [2021-07-12 21:07:34,036] {dagbag.py:496} INFO - Filling up the DagBag from /home/airflow/.local/lib/python3.6/site-packages/airflow/example_dags/example_python_operator.py
[2021-07-12 21:07:34,045] {scheduler_job.py:643} INFO - DAG(s) dict_keys(['example_python_operator']) retrieved from /home/airflow/.local/lib/python3.6/site-packages/airflow/example_dags/example_python_operator.py
[2021-07-12 21:07:34,058] {logging_mixin.py:104} INFO - [2021-07-12 21:07:34,058] {dag.py:1833} INFO - Sync 1 DAGs
[2021-07-12 21:07:34,070] {logging_mixin.py:104} INFO - [2021-07-12 21:07:34,070] {dag.py:2306} INFO - Setting next_dagrun for example_python_operator to None
[2021-07-12 21:07:34,075] {scheduler_job.py:190} INFO - Processing /home/airflow/.local/lib/python3.6/site-packages/airflow/example_dags/example_python_operator.py took 0.043 seconds
[2021-07-12 21:08:04,374] {scheduler_job.py:182} INFO - Started process (PID=4477) to work on /home/airflow/.local/lib/python3.6/site-packages/airflow/example_dags/example_python_operator.py
[2021-07-12 21:08:04,375] {scheduler_job.py:633} INFO - Processing file /home/airflow/.local/lib/python3.6/site-packages/airflow/example_dags/example_python_operator.py for tasks to queue
[2021-07-12 21:08:04,376] {logging_mixin.py:104} INFO - [2021-07-12 21:08:04,375] {dagbag.py:496} INFO - Filling up the DagBag from /home/airflow/.local/lib/python3.6/site-packages/airflow/example_dags/example_python_operator.py
[2021-07-12 21:08:04,385] {scheduler_job.py:643} INFO - DAG(s) dict_keys(['example_python_operator']) retrieved from /home/airflow/.local/lib/python3.6/site-packages/airflow/example_dags/example_python_operator.py
[2021-07-12 21:08:04,400] {logging_mixin.py:104} INFO - [2021-07-12 21:08:04,400] {dag.py:1833} INFO - Sync 1 DAGs
[2021-07-12 21:08:04,411] {logging_mixin.py:104} INFO - [2021-07-12 21:08:04,411] {dag.py:2306} INFO - Setting next_dagrun for example_python_operator to None
[2021-07-12 21:08:04,417] {scheduler_job.py:190} INFO - Processing /home/airflow/.local/lib/python3.6/site-packages/airflow/example_dags/example_python_operator.py took 0.045 seconds
[2021-07-12 21:08:34,558] {scheduler_job.py:182} INFO - Started process (PID=4539) to work on /home/airflow/.local/lib/python3.6/site-packages/airflow/example_dags/example_python_operator.py
[2021-07-12 21:08:34,558] {scheduler_job.py:633} INFO - Processing file /home/airflow/.local/lib/python3.6/site-packages/airflow/example_dags/example_python_operator.py for tasks to queue
[2021-07-12 21:08:34,558] {logging_mixin.py:104} INFO - [2021-07-12 21:08:34,558] {dagbag.py:496} INFO - Filling up the DagBag from /home/airflow/.local/lib/python3.6/site-packages/airflow/example_dags/example_python_operator.py
[2021-07-12 21:08:34,569] {scheduler_job.py:643} INFO - DAG(s) dict_keys(['example_python_operator']) retrieved from /home/airflow/.local/lib/python3.6/site-packages/airflow/example_dags/example_python_operator.py
[2021-07-12 21:08:34,582] {logging_mixin.py:104} INFO - [2021-07-12 21:08:34,582] {dag.py:1833} INFO - Sync 1 DAGs
[2021-07-12 21:08:34,594] {logging_mixin.py:104} INFO - [2021-07-12 21:08:34,594] {dag.py:2306} INFO - Setting next_dagrun for example_python_operator to None
[2021-07-12 21:08:34,602] {scheduler_job.py:190} INFO - Processing /home/airflow/.local/lib/python3.6/site-packages/airflow/example_dags/example_python_operator.py took 0.046 seconds
