[2021-07-12 20:30:04,503] {scheduler_job.py:182} INFO - Started process (PID=40) to work on /home/airflow/.local/lib/python3.6/site-packages/airflow/example_dags/example_skip_dag.py
[2021-07-12 20:30:04,504] {scheduler_job.py:633} INFO - Processing file /home/airflow/.local/lib/python3.6/site-packages/airflow/example_dags/example_skip_dag.py for tasks to queue
[2021-07-12 20:30:04,505] {logging_mixin.py:104} INFO - [2021-07-12 20:30:04,505] {dagbag.py:496} INFO - Filling up the DagBag from /home/airflow/.local/lib/python3.6/site-packages/airflow/example_dags/example_skip_dag.py
[2021-07-12 20:30:04,514] {scheduler_job.py:643} INFO - DAG(s) dict_keys(['example_skip_dag']) retrieved from /home/airflow/.local/lib/python3.6/site-packages/airflow/example_dags/example_skip_dag.py
[2021-07-12 20:30:04,670] {logging_mixin.py:104} INFO - [2021-07-12 20:30:04,670] {dag.py:1833} INFO - Sync 1 DAGs
[2021-07-12 20:30:04,681] {logging_mixin.py:104} INFO - [2021-07-12 20:30:04,680] {dag.py:2306} INFO - Setting next_dagrun for example_skip_dag to 2021-07-10 00:00:00+00:00
[2021-07-12 20:30:04,689] {scheduler_job.py:190} INFO - Processing /home/airflow/.local/lib/python3.6/site-packages/airflow/example_dags/example_skip_dag.py took 0.187 seconds
[2021-07-12 20:30:34,869] {scheduler_job.py:182} INFO - Started process (PID=102) to work on /home/airflow/.local/lib/python3.6/site-packages/airflow/example_dags/example_skip_dag.py
[2021-07-12 20:30:34,870] {scheduler_job.py:633} INFO - Processing file /home/airflow/.local/lib/python3.6/site-packages/airflow/example_dags/example_skip_dag.py for tasks to queue
[2021-07-12 20:30:34,870] {logging_mixin.py:104} INFO - [2021-07-12 20:30:34,870] {dagbag.py:496} INFO - Filling up the DagBag from /home/airflow/.local/lib/python3.6/site-packages/airflow/example_dags/example_skip_dag.py
[2021-07-12 20:30:34,880] {scheduler_job.py:643} INFO - DAG(s) dict_keys(['example_skip_dag']) retrieved from /home/airflow/.local/lib/python3.6/site-packages/airflow/example_dags/example_skip_dag.py
[2021-07-12 20:30:34,893] {logging_mixin.py:104} INFO - [2021-07-12 20:30:34,893] {dag.py:1833} INFO - Sync 1 DAGs
[2021-07-12 20:30:34,901] {logging_mixin.py:104} INFO - [2021-07-12 20:30:34,901] {dag.py:2306} INFO - Setting next_dagrun for example_skip_dag to 2021-07-10 00:00:00+00:00
[2021-07-12 20:30:34,906] {scheduler_job.py:190} INFO - Processing /home/airflow/.local/lib/python3.6/site-packages/airflow/example_dags/example_skip_dag.py took 0.039 seconds
[2021-07-12 20:31:05,156] {scheduler_job.py:182} INFO - Started process (PID=164) to work on /home/airflow/.local/lib/python3.6/site-packages/airflow/example_dags/example_skip_dag.py
[2021-07-12 20:31:05,157] {scheduler_job.py:633} INFO - Processing file /home/airflow/.local/lib/python3.6/site-packages/airflow/example_dags/example_skip_dag.py for tasks to queue
[2021-07-12 20:31:05,157] {logging_mixin.py:104} INFO - [2021-07-12 20:31:05,157] {dagbag.py:496} INFO - Filling up the DagBag from /home/airflow/.local/lib/python3.6/site-packages/airflow/example_dags/example_skip_dag.py
[2021-07-12 20:31:05,163] {scheduler_job.py:643} INFO - DAG(s) dict_keys(['example_skip_dag']) retrieved from /home/airflow/.local/lib/python3.6/site-packages/airflow/example_dags/example_skip_dag.py
[2021-07-12 20:31:05,176] {logging_mixin.py:104} INFO - [2021-07-12 20:31:05,176] {dag.py:1833} INFO - Sync 1 DAGs
[2021-07-12 20:31:05,186] {logging_mixin.py:104} INFO - [2021-07-12 20:31:05,186] {dag.py:2306} INFO - Setting next_dagrun for example_skip_dag to 2021-07-10 00:00:00+00:00
[2021-07-12 20:31:05,192] {scheduler_job.py:190} INFO - Processing /home/airflow/.local/lib/python3.6/site-packages/airflow/example_dags/example_skip_dag.py took 0.038 seconds
[2021-07-12 20:31:35,287] {scheduler_job.py:182} INFO - Started process (PID=217) to work on /home/airflow/.local/lib/python3.6/site-packages/airflow/example_dags/example_skip_dag.py
[2021-07-12 20:31:35,287] {scheduler_job.py:633} INFO - Processing file /home/airflow/.local/lib/python3.6/site-packages/airflow/example_dags/example_skip_dag.py for tasks to queue
[2021-07-12 20:31:35,288] {logging_mixin.py:104} INFO - [2021-07-12 20:31:35,288] {dagbag.py:496} INFO - Filling up the DagBag from /home/airflow/.local/lib/python3.6/site-packages/airflow/example_dags/example_skip_dag.py
[2021-07-12 20:31:35,294] {scheduler_job.py:643} INFO - DAG(s) dict_keys(['example_skip_dag']) retrieved from /home/airflow/.local/lib/python3.6/site-packages/airflow/example_dags/example_skip_dag.py
[2021-07-12 20:31:35,305] {logging_mixin.py:104} INFO - [2021-07-12 20:31:35,305] {dag.py:1833} INFO - Sync 1 DAGs
[2021-07-12 20:31:35,315] {logging_mixin.py:104} INFO - [2021-07-12 20:31:35,315] {dag.py:2306} INFO - Setting next_dagrun for example_skip_dag to 2021-07-10 00:00:00+00:00
[2021-07-12 20:31:35,319] {scheduler_job.py:190} INFO - Processing /home/airflow/.local/lib/python3.6/site-packages/airflow/example_dags/example_skip_dag.py took 0.035 seconds
[2021-07-12 20:32:06,387] {scheduler_job.py:182} INFO - Started process (PID=278) to work on /home/airflow/.local/lib/python3.6/site-packages/airflow/example_dags/example_skip_dag.py
[2021-07-12 20:32:06,387] {scheduler_job.py:633} INFO - Processing file /home/airflow/.local/lib/python3.6/site-packages/airflow/example_dags/example_skip_dag.py for tasks to queue
[2021-07-12 20:32:06,388] {logging_mixin.py:104} INFO - [2021-07-12 20:32:06,388] {dagbag.py:496} INFO - Filling up the DagBag from /home/airflow/.local/lib/python3.6/site-packages/airflow/example_dags/example_skip_dag.py
[2021-07-12 20:32:06,394] {scheduler_job.py:643} INFO - DAG(s) dict_keys(['example_skip_dag']) retrieved from /home/airflow/.local/lib/python3.6/site-packages/airflow/example_dags/example_skip_dag.py
[2021-07-12 20:32:06,409] {logging_mixin.py:104} INFO - [2021-07-12 20:32:06,408] {dag.py:1833} INFO - Sync 1 DAGs
[2021-07-12 20:32:06,417] {logging_mixin.py:104} INFO - [2021-07-12 20:32:06,417] {dag.py:2306} INFO - Setting next_dagrun for example_skip_dag to 2021-07-10 00:00:00+00:00
[2021-07-12 20:32:06,421] {scheduler_job.py:190} INFO - Processing /home/airflow/.local/lib/python3.6/site-packages/airflow/example_dags/example_skip_dag.py took 0.036 seconds
[2021-07-12 20:32:37,581] {scheduler_job.py:182} INFO - Started process (PID=339) to work on /home/airflow/.local/lib/python3.6/site-packages/airflow/example_dags/example_skip_dag.py
[2021-07-12 20:32:37,581] {scheduler_job.py:633} INFO - Processing file /home/airflow/.local/lib/python3.6/site-packages/airflow/example_dags/example_skip_dag.py for tasks to queue
[2021-07-12 20:32:37,582] {logging_mixin.py:104} INFO - [2021-07-12 20:32:37,581] {dagbag.py:496} INFO - Filling up the DagBag from /home/airflow/.local/lib/python3.6/site-packages/airflow/example_dags/example_skip_dag.py
[2021-07-12 20:32:37,589] {scheduler_job.py:643} INFO - DAG(s) dict_keys(['example_skip_dag']) retrieved from /home/airflow/.local/lib/python3.6/site-packages/airflow/example_dags/example_skip_dag.py
[2021-07-12 20:32:37,603] {logging_mixin.py:104} INFO - [2021-07-12 20:32:37,602] {dag.py:1833} INFO - Sync 1 DAGs
[2021-07-12 20:32:37,614] {logging_mixin.py:104} INFO - [2021-07-12 20:32:37,614] {dag.py:2306} INFO - Setting next_dagrun for example_skip_dag to 2021-07-10 00:00:00+00:00
[2021-07-12 20:32:37,621] {scheduler_job.py:190} INFO - Processing /home/airflow/.local/lib/python3.6/site-packages/airflow/example_dags/example_skip_dag.py took 0.041 seconds
[2021-07-12 20:33:07,786] {scheduler_job.py:182} INFO - Started process (PID=400) to work on /home/airflow/.local/lib/python3.6/site-packages/airflow/example_dags/example_skip_dag.py
[2021-07-12 20:33:07,787] {scheduler_job.py:633} INFO - Processing file /home/airflow/.local/lib/python3.6/site-packages/airflow/example_dags/example_skip_dag.py for tasks to queue
[2021-07-12 20:33:07,787] {logging_mixin.py:104} INFO - [2021-07-12 20:33:07,787] {dagbag.py:496} INFO - Filling up the DagBag from /home/airflow/.local/lib/python3.6/site-packages/airflow/example_dags/example_skip_dag.py
[2021-07-12 20:33:07,794] {scheduler_job.py:643} INFO - DAG(s) dict_keys(['example_skip_dag']) retrieved from /home/airflow/.local/lib/python3.6/site-packages/airflow/example_dags/example_skip_dag.py
[2021-07-12 20:33:07,809] {logging_mixin.py:104} INFO - [2021-07-12 20:33:07,809] {dag.py:1833} INFO - Sync 1 DAGs
[2021-07-12 20:33:07,818] {logging_mixin.py:104} INFO - [2021-07-12 20:33:07,818] {dag.py:2306} INFO - Setting next_dagrun for example_skip_dag to 2021-07-10 00:00:00+00:00
[2021-07-12 20:33:07,824] {scheduler_job.py:190} INFO - Processing /home/airflow/.local/lib/python3.6/site-packages/airflow/example_dags/example_skip_dag.py took 0.039 seconds
[2021-07-12 20:33:38,088] {scheduler_job.py:182} INFO - Started process (PID=450) to work on /home/airflow/.local/lib/python3.6/site-packages/airflow/example_dags/example_skip_dag.py
[2021-07-12 20:33:38,089] {scheduler_job.py:633} INFO - Processing file /home/airflow/.local/lib/python3.6/site-packages/airflow/example_dags/example_skip_dag.py for tasks to queue
[2021-07-12 20:33:38,089] {logging_mixin.py:104} INFO - [2021-07-12 20:33:38,089] {dagbag.py:496} INFO - Filling up the DagBag from /home/airflow/.local/lib/python3.6/site-packages/airflow/example_dags/example_skip_dag.py
[2021-07-12 20:33:38,095] {scheduler_job.py:643} INFO - DAG(s) dict_keys(['example_skip_dag']) retrieved from /home/airflow/.local/lib/python3.6/site-packages/airflow/example_dags/example_skip_dag.py
[2021-07-12 20:33:38,111] {logging_mixin.py:104} INFO - [2021-07-12 20:33:38,110] {dag.py:1833} INFO - Sync 1 DAGs
[2021-07-12 20:33:38,122] {logging_mixin.py:104} INFO - [2021-07-12 20:33:38,122] {dag.py:2306} INFO - Setting next_dagrun for example_skip_dag to 2021-07-10 00:00:00+00:00
[2021-07-12 20:33:38,129] {scheduler_job.py:190} INFO - Processing /home/airflow/.local/lib/python3.6/site-packages/airflow/example_dags/example_skip_dag.py took 0.042 seconds
[2021-07-12 20:34:08,243] {scheduler_job.py:182} INFO - Started process (PID=512) to work on /home/airflow/.local/lib/python3.6/site-packages/airflow/example_dags/example_skip_dag.py
[2021-07-12 20:34:08,244] {scheduler_job.py:633} INFO - Processing file /home/airflow/.local/lib/python3.6/site-packages/airflow/example_dags/example_skip_dag.py for tasks to queue
[2021-07-12 20:34:08,244] {logging_mixin.py:104} INFO - [2021-07-12 20:34:08,244] {dagbag.py:496} INFO - Filling up the DagBag from /home/airflow/.local/lib/python3.6/site-packages/airflow/example_dags/example_skip_dag.py
[2021-07-12 20:34:08,253] {scheduler_job.py:643} INFO - DAG(s) dict_keys(['example_skip_dag']) retrieved from /home/airflow/.local/lib/python3.6/site-packages/airflow/example_dags/example_skip_dag.py
[2021-07-12 20:34:08,265] {logging_mixin.py:104} INFO - [2021-07-12 20:34:08,265] {dag.py:1833} INFO - Sync 1 DAGs
[2021-07-12 20:34:08,274] {logging_mixin.py:104} INFO - [2021-07-12 20:34:08,274] {dag.py:2306} INFO - Setting next_dagrun for example_skip_dag to 2021-07-10 00:00:00+00:00
[2021-07-12 20:34:08,279] {scheduler_job.py:190} INFO - Processing /home/airflow/.local/lib/python3.6/site-packages/airflow/example_dags/example_skip_dag.py took 0.038 seconds
[2021-07-12 20:34:39,321] {scheduler_job.py:182} INFO - Started process (PID=576) to work on /home/airflow/.local/lib/python3.6/site-packages/airflow/example_dags/example_skip_dag.py
[2021-07-12 20:34:39,322] {scheduler_job.py:633} INFO - Processing file /home/airflow/.local/lib/python3.6/site-packages/airflow/example_dags/example_skip_dag.py for tasks to queue
[2021-07-12 20:34:39,322] {logging_mixin.py:104} INFO - [2021-07-12 20:34:39,322] {dagbag.py:496} INFO - Filling up the DagBag from /home/airflow/.local/lib/python3.6/site-packages/airflow/example_dags/example_skip_dag.py
[2021-07-12 20:34:39,328] {scheduler_job.py:643} INFO - DAG(s) dict_keys(['example_skip_dag']) retrieved from /home/airflow/.local/lib/python3.6/site-packages/airflow/example_dags/example_skip_dag.py
[2021-07-12 20:34:39,340] {logging_mixin.py:104} INFO - [2021-07-12 20:34:39,340] {dag.py:1833} INFO - Sync 1 DAGs
[2021-07-12 20:34:39,348] {logging_mixin.py:104} INFO - [2021-07-12 20:34:39,348] {dag.py:2306} INFO - Setting next_dagrun for example_skip_dag to 2021-07-10 00:00:00+00:00
[2021-07-12 20:34:39,352] {scheduler_job.py:190} INFO - Processing /home/airflow/.local/lib/python3.6/site-packages/airflow/example_dags/example_skip_dag.py took 0.032 seconds
[2021-07-12 20:35:09,619] {scheduler_job.py:182} INFO - Started process (PID=627) to work on /home/airflow/.local/lib/python3.6/site-packages/airflow/example_dags/example_skip_dag.py
[2021-07-12 20:35:09,620] {scheduler_job.py:633} INFO - Processing file /home/airflow/.local/lib/python3.6/site-packages/airflow/example_dags/example_skip_dag.py for tasks to queue
[2021-07-12 20:35:09,620] {logging_mixin.py:104} INFO - [2021-07-12 20:35:09,620] {dagbag.py:496} INFO - Filling up the DagBag from /home/airflow/.local/lib/python3.6/site-packages/airflow/example_dags/example_skip_dag.py
[2021-07-12 20:35:09,626] {scheduler_job.py:643} INFO - DAG(s) dict_keys(['example_skip_dag']) retrieved from /home/airflow/.local/lib/python3.6/site-packages/airflow/example_dags/example_skip_dag.py
[2021-07-12 20:35:09,638] {logging_mixin.py:104} INFO - [2021-07-12 20:35:09,638] {dag.py:1833} INFO - Sync 1 DAGs
[2021-07-12 20:35:09,647] {logging_mixin.py:104} INFO - [2021-07-12 20:35:09,647] {dag.py:2306} INFO - Setting next_dagrun for example_skip_dag to 2021-07-10 00:00:00+00:00
[2021-07-12 20:35:09,652] {scheduler_job.py:190} INFO - Processing /home/airflow/.local/lib/python3.6/site-packages/airflow/example_dags/example_skip_dag.py took 0.035 seconds
[2021-07-12 20:35:39,842] {scheduler_job.py:182} INFO - Started process (PID=690) to work on /home/airflow/.local/lib/python3.6/site-packages/airflow/example_dags/example_skip_dag.py
[2021-07-12 20:35:39,843] {scheduler_job.py:633} INFO - Processing file /home/airflow/.local/lib/python3.6/site-packages/airflow/example_dags/example_skip_dag.py for tasks to queue
[2021-07-12 20:35:39,843] {logging_mixin.py:104} INFO - [2021-07-12 20:35:39,843] {dagbag.py:496} INFO - Filling up the DagBag from /home/airflow/.local/lib/python3.6/site-packages/airflow/example_dags/example_skip_dag.py
[2021-07-12 20:35:39,852] {scheduler_job.py:643} INFO - DAG(s) dict_keys(['example_skip_dag']) retrieved from /home/airflow/.local/lib/python3.6/site-packages/airflow/example_dags/example_skip_dag.py
[2021-07-12 20:35:39,865] {logging_mixin.py:104} INFO - [2021-07-12 20:35:39,865] {dag.py:1833} INFO - Sync 1 DAGs
[2021-07-12 20:35:39,875] {logging_mixin.py:104} INFO - [2021-07-12 20:35:39,875] {dag.py:2306} INFO - Setting next_dagrun for example_skip_dag to 2021-07-10 00:00:00+00:00
[2021-07-12 20:35:39,882] {scheduler_job.py:190} INFO - Processing /home/airflow/.local/lib/python3.6/site-packages/airflow/example_dags/example_skip_dag.py took 0.041 seconds
[2021-07-12 20:36:10,102] {scheduler_job.py:182} INFO - Started process (PID=757) to work on /home/airflow/.local/lib/python3.6/site-packages/airflow/example_dags/example_skip_dag.py
[2021-07-12 20:36:10,103] {scheduler_job.py:633} INFO - Processing file /home/airflow/.local/lib/python3.6/site-packages/airflow/example_dags/example_skip_dag.py for tasks to queue
[2021-07-12 20:36:10,103] {logging_mixin.py:104} INFO - [2021-07-12 20:36:10,103] {dagbag.py:496} INFO - Filling up the DagBag from /home/airflow/.local/lib/python3.6/site-packages/airflow/example_dags/example_skip_dag.py
[2021-07-12 20:36:10,110] {scheduler_job.py:643} INFO - DAG(s) dict_keys(['example_skip_dag']) retrieved from /home/airflow/.local/lib/python3.6/site-packages/airflow/example_dags/example_skip_dag.py
[2021-07-12 20:36:10,120] {logging_mixin.py:104} INFO - [2021-07-12 20:36:10,120] {dag.py:1833} INFO - Sync 1 DAGs
[2021-07-12 20:36:10,129] {logging_mixin.py:104} INFO - [2021-07-12 20:36:10,129] {dag.py:2306} INFO - Setting next_dagrun for example_skip_dag to 2021-07-10 00:00:00+00:00
[2021-07-12 20:36:10,136] {scheduler_job.py:190} INFO - Processing /home/airflow/.local/lib/python3.6/site-packages/airflow/example_dags/example_skip_dag.py took 0.036 seconds
[2021-07-12 20:36:40,448] {scheduler_job.py:182} INFO - Started process (PID=818) to work on /home/airflow/.local/lib/python3.6/site-packages/airflow/example_dags/example_skip_dag.py
[2021-07-12 20:36:40,449] {scheduler_job.py:633} INFO - Processing file /home/airflow/.local/lib/python3.6/site-packages/airflow/example_dags/example_skip_dag.py for tasks to queue
[2021-07-12 20:36:40,449] {logging_mixin.py:104} INFO - [2021-07-12 20:36:40,449] {dagbag.py:496} INFO - Filling up the DagBag from /home/airflow/.local/lib/python3.6/site-packages/airflow/example_dags/example_skip_dag.py
[2021-07-12 20:36:40,459] {scheduler_job.py:643} INFO - DAG(s) dict_keys(['example_skip_dag']) retrieved from /home/airflow/.local/lib/python3.6/site-packages/airflow/example_dags/example_skip_dag.py
[2021-07-12 20:36:40,472] {logging_mixin.py:104} INFO - [2021-07-12 20:36:40,472] {dag.py:1833} INFO - Sync 1 DAGs
[2021-07-12 20:36:40,481] {logging_mixin.py:104} INFO - [2021-07-12 20:36:40,481] {dag.py:2306} INFO - Setting next_dagrun for example_skip_dag to 2021-07-10 00:00:00+00:00
[2021-07-12 20:36:40,488] {scheduler_job.py:190} INFO - Processing /home/airflow/.local/lib/python3.6/site-packages/airflow/example_dags/example_skip_dag.py took 0.042 seconds
[2021-07-12 20:37:10,714] {scheduler_job.py:182} INFO - Started process (PID=869) to work on /home/airflow/.local/lib/python3.6/site-packages/airflow/example_dags/example_skip_dag.py
[2021-07-12 20:37:10,715] {scheduler_job.py:633} INFO - Processing file /home/airflow/.local/lib/python3.6/site-packages/airflow/example_dags/example_skip_dag.py for tasks to queue
[2021-07-12 20:37:10,715] {logging_mixin.py:104} INFO - [2021-07-12 20:37:10,715] {dagbag.py:496} INFO - Filling up the DagBag from /home/airflow/.local/lib/python3.6/site-packages/airflow/example_dags/example_skip_dag.py
[2021-07-12 20:37:10,723] {scheduler_job.py:643} INFO - DAG(s) dict_keys(['example_skip_dag']) retrieved from /home/airflow/.local/lib/python3.6/site-packages/airflow/example_dags/example_skip_dag.py
[2021-07-12 20:37:10,733] {logging_mixin.py:104} INFO - [2021-07-12 20:37:10,733] {dag.py:1833} INFO - Sync 1 DAGs
[2021-07-12 20:37:10,745] {logging_mixin.py:104} INFO - [2021-07-12 20:37:10,745] {dag.py:2306} INFO - Setting next_dagrun for example_skip_dag to 2021-07-10 00:00:00+00:00
[2021-07-12 20:37:10,750] {scheduler_job.py:190} INFO - Processing /home/airflow/.local/lib/python3.6/site-packages/airflow/example_dags/example_skip_dag.py took 0.037 seconds
[2021-07-12 20:37:40,941] {scheduler_job.py:182} INFO - Started process (PID=930) to work on /home/airflow/.local/lib/python3.6/site-packages/airflow/example_dags/example_skip_dag.py
[2021-07-12 20:37:40,941] {scheduler_job.py:633} INFO - Processing file /home/airflow/.local/lib/python3.6/site-packages/airflow/example_dags/example_skip_dag.py for tasks to queue
[2021-07-12 20:37:40,942] {logging_mixin.py:104} INFO - [2021-07-12 20:37:40,942] {dagbag.py:496} INFO - Filling up the DagBag from /home/airflow/.local/lib/python3.6/site-packages/airflow/example_dags/example_skip_dag.py
[2021-07-12 20:37:40,950] {scheduler_job.py:643} INFO - DAG(s) dict_keys(['example_skip_dag']) retrieved from /home/airflow/.local/lib/python3.6/site-packages/airflow/example_dags/example_skip_dag.py
[2021-07-12 20:37:40,968] {logging_mixin.py:104} INFO - [2021-07-12 20:37:40,968] {dag.py:1833} INFO - Sync 1 DAGs
[2021-07-12 20:37:40,979] {logging_mixin.py:104} INFO - [2021-07-12 20:37:40,979] {dag.py:2306} INFO - Setting next_dagrun for example_skip_dag to 2021-07-10 00:00:00+00:00
[2021-07-12 20:37:40,984] {scheduler_job.py:190} INFO - Processing /home/airflow/.local/lib/python3.6/site-packages/airflow/example_dags/example_skip_dag.py took 0.045 seconds
[2021-07-12 20:38:11,017] {scheduler_job.py:182} INFO - Started process (PID=991) to work on /home/airflow/.local/lib/python3.6/site-packages/airflow/example_dags/example_skip_dag.py
[2021-07-12 20:38:11,018] {scheduler_job.py:633} INFO - Processing file /home/airflow/.local/lib/python3.6/site-packages/airflow/example_dags/example_skip_dag.py for tasks to queue
[2021-07-12 20:38:11,018] {logging_mixin.py:104} INFO - [2021-07-12 20:38:11,018] {dagbag.py:496} INFO - Filling up the DagBag from /home/airflow/.local/lib/python3.6/site-packages/airflow/example_dags/example_skip_dag.py
[2021-07-12 20:38:11,027] {scheduler_job.py:643} INFO - DAG(s) dict_keys(['example_skip_dag']) retrieved from /home/airflow/.local/lib/python3.6/site-packages/airflow/example_dags/example_skip_dag.py
[2021-07-12 20:38:11,042] {logging_mixin.py:104} INFO - [2021-07-12 20:38:11,042] {dag.py:1833} INFO - Sync 1 DAGs
[2021-07-12 20:38:11,056] {logging_mixin.py:104} INFO - [2021-07-12 20:38:11,056] {dag.py:2306} INFO - Setting next_dagrun for example_skip_dag to 2021-07-10 00:00:00+00:00
[2021-07-12 20:38:11,061] {scheduler_job.py:190} INFO - Processing /home/airflow/.local/lib/python3.6/site-packages/airflow/example_dags/example_skip_dag.py took 0.046 seconds
[2021-07-12 20:38:41,442] {scheduler_job.py:182} INFO - Started process (PID=1043) to work on /home/airflow/.local/lib/python3.6/site-packages/airflow/example_dags/example_skip_dag.py
[2021-07-12 20:38:41,443] {scheduler_job.py:633} INFO - Processing file /home/airflow/.local/lib/python3.6/site-packages/airflow/example_dags/example_skip_dag.py for tasks to queue
[2021-07-12 20:38:41,444] {logging_mixin.py:104} INFO - [2021-07-12 20:38:41,443] {dagbag.py:496} INFO - Filling up the DagBag from /home/airflow/.local/lib/python3.6/site-packages/airflow/example_dags/example_skip_dag.py
[2021-07-12 20:38:41,452] {scheduler_job.py:643} INFO - DAG(s) dict_keys(['example_skip_dag']) retrieved from /home/airflow/.local/lib/python3.6/site-packages/airflow/example_dags/example_skip_dag.py
[2021-07-12 20:38:41,465] {logging_mixin.py:104} INFO - [2021-07-12 20:38:41,465] {dag.py:1833} INFO - Sync 1 DAGs
[2021-07-12 20:38:41,479] {logging_mixin.py:104} INFO - [2021-07-12 20:38:41,479] {dag.py:2306} INFO - Setting next_dagrun for example_skip_dag to 2021-07-10 00:00:00+00:00
[2021-07-12 20:38:41,485] {scheduler_job.py:190} INFO - Processing /home/airflow/.local/lib/python3.6/site-packages/airflow/example_dags/example_skip_dag.py took 0.045 seconds
[2021-07-12 20:39:11,706] {scheduler_job.py:182} INFO - Started process (PID=1105) to work on /home/airflow/.local/lib/python3.6/site-packages/airflow/example_dags/example_skip_dag.py
[2021-07-12 20:39:11,707] {scheduler_job.py:633} INFO - Processing file /home/airflow/.local/lib/python3.6/site-packages/airflow/example_dags/example_skip_dag.py for tasks to queue
[2021-07-12 20:39:11,707] {logging_mixin.py:104} INFO - [2021-07-12 20:39:11,707] {dagbag.py:496} INFO - Filling up the DagBag from /home/airflow/.local/lib/python3.6/site-packages/airflow/example_dags/example_skip_dag.py
[2021-07-12 20:39:11,716] {scheduler_job.py:643} INFO - DAG(s) dict_keys(['example_skip_dag']) retrieved from /home/airflow/.local/lib/python3.6/site-packages/airflow/example_dags/example_skip_dag.py
[2021-07-12 20:39:11,730] {logging_mixin.py:104} INFO - [2021-07-12 20:39:11,730] {dag.py:1833} INFO - Sync 1 DAGs
[2021-07-12 20:39:11,743] {logging_mixin.py:104} INFO - [2021-07-12 20:39:11,743] {dag.py:2306} INFO - Setting next_dagrun for example_skip_dag to 2021-07-10 00:00:00+00:00
[2021-07-12 20:39:11,747] {scheduler_job.py:190} INFO - Processing /home/airflow/.local/lib/python3.6/site-packages/airflow/example_dags/example_skip_dag.py took 0.043 seconds
[2021-07-12 20:39:41,865] {scheduler_job.py:182} INFO - Started process (PID=1168) to work on /home/airflow/.local/lib/python3.6/site-packages/airflow/example_dags/example_skip_dag.py
[2021-07-12 20:39:41,866] {scheduler_job.py:633} INFO - Processing file /home/airflow/.local/lib/python3.6/site-packages/airflow/example_dags/example_skip_dag.py for tasks to queue
[2021-07-12 20:39:41,866] {logging_mixin.py:104} INFO - [2021-07-12 20:39:41,866] {dagbag.py:496} INFO - Filling up the DagBag from /home/airflow/.local/lib/python3.6/site-packages/airflow/example_dags/example_skip_dag.py
[2021-07-12 20:39:41,873] {scheduler_job.py:643} INFO - DAG(s) dict_keys(['example_skip_dag']) retrieved from /home/airflow/.local/lib/python3.6/site-packages/airflow/example_dags/example_skip_dag.py
[2021-07-12 20:39:41,885] {logging_mixin.py:104} INFO - [2021-07-12 20:39:41,885] {dag.py:1833} INFO - Sync 1 DAGs
[2021-07-12 20:39:41,895] {logging_mixin.py:104} INFO - [2021-07-12 20:39:41,895] {dag.py:2306} INFO - Setting next_dagrun for example_skip_dag to 2021-07-10 00:00:00+00:00
[2021-07-12 20:39:41,900] {scheduler_job.py:190} INFO - Processing /home/airflow/.local/lib/python3.6/site-packages/airflow/example_dags/example_skip_dag.py took 0.036 seconds
[2021-07-12 20:40:12,277] {scheduler_job.py:182} INFO - Started process (PID=1226) to work on /home/airflow/.local/lib/python3.6/site-packages/airflow/example_dags/example_skip_dag.py
[2021-07-12 20:40:12,277] {scheduler_job.py:633} INFO - Processing file /home/airflow/.local/lib/python3.6/site-packages/airflow/example_dags/example_skip_dag.py for tasks to queue
[2021-07-12 20:40:12,277] {logging_mixin.py:104} INFO - [2021-07-12 20:40:12,277] {dagbag.py:496} INFO - Filling up the DagBag from /home/airflow/.local/lib/python3.6/site-packages/airflow/example_dags/example_skip_dag.py
[2021-07-12 20:40:12,285] {scheduler_job.py:643} INFO - DAG(s) dict_keys(['example_skip_dag']) retrieved from /home/airflow/.local/lib/python3.6/site-packages/airflow/example_dags/example_skip_dag.py
[2021-07-12 20:40:12,300] {logging_mixin.py:104} INFO - [2021-07-12 20:40:12,300] {dag.py:1833} INFO - Sync 1 DAGs
[2021-07-12 20:40:12,311] {logging_mixin.py:104} INFO - [2021-07-12 20:40:12,310] {dag.py:2306} INFO - Setting next_dagrun for example_skip_dag to 2021-07-10 00:00:00+00:00
[2021-07-12 20:40:12,315] {scheduler_job.py:190} INFO - Processing /home/airflow/.local/lib/python3.6/site-packages/airflow/example_dags/example_skip_dag.py took 0.040 seconds
[2021-07-12 20:40:42,730] {scheduler_job.py:182} INFO - Started process (PID=1282) to work on /home/airflow/.local/lib/python3.6/site-packages/airflow/example_dags/example_skip_dag.py
[2021-07-12 20:40:42,731] {scheduler_job.py:633} INFO - Processing file /home/airflow/.local/lib/python3.6/site-packages/airflow/example_dags/example_skip_dag.py for tasks to queue
[2021-07-12 20:40:42,731] {logging_mixin.py:104} INFO - [2021-07-12 20:40:42,731] {dagbag.py:496} INFO - Filling up the DagBag from /home/airflow/.local/lib/python3.6/site-packages/airflow/example_dags/example_skip_dag.py
[2021-07-12 20:40:42,738] {scheduler_job.py:643} INFO - DAG(s) dict_keys(['example_skip_dag']) retrieved from /home/airflow/.local/lib/python3.6/site-packages/airflow/example_dags/example_skip_dag.py
[2021-07-12 20:40:42,752] {logging_mixin.py:104} INFO - [2021-07-12 20:40:42,752] {dag.py:1833} INFO - Sync 1 DAGs
[2021-07-12 20:40:42,762] {logging_mixin.py:104} INFO - [2021-07-12 20:40:42,762] {dag.py:2306} INFO - Setting next_dagrun for example_skip_dag to 2021-07-10 00:00:00+00:00
[2021-07-12 20:40:42,769] {scheduler_job.py:190} INFO - Processing /home/airflow/.local/lib/python3.6/site-packages/airflow/example_dags/example_skip_dag.py took 0.040 seconds
[2021-07-12 20:41:13,219] {scheduler_job.py:182} INFO - Started process (PID=1346) to work on /home/airflow/.local/lib/python3.6/site-packages/airflow/example_dags/example_skip_dag.py
[2021-07-12 20:41:13,219] {scheduler_job.py:633} INFO - Processing file /home/airflow/.local/lib/python3.6/site-packages/airflow/example_dags/example_skip_dag.py for tasks to queue
[2021-07-12 20:41:13,219] {logging_mixin.py:104} INFO - [2021-07-12 20:41:13,219] {dagbag.py:496} INFO - Filling up the DagBag from /home/airflow/.local/lib/python3.6/site-packages/airflow/example_dags/example_skip_dag.py
[2021-07-12 20:41:13,225] {scheduler_job.py:643} INFO - DAG(s) dict_keys(['example_skip_dag']) retrieved from /home/airflow/.local/lib/python3.6/site-packages/airflow/example_dags/example_skip_dag.py
[2021-07-12 20:41:13,242] {logging_mixin.py:104} INFO - [2021-07-12 20:41:13,242] {dag.py:1833} INFO - Sync 1 DAGs
[2021-07-12 20:41:13,252] {logging_mixin.py:104} INFO - [2021-07-12 20:41:13,252] {dag.py:2306} INFO - Setting next_dagrun for example_skip_dag to 2021-07-10 00:00:00+00:00
[2021-07-12 20:41:13,256] {scheduler_job.py:190} INFO - Processing /home/airflow/.local/lib/python3.6/site-packages/airflow/example_dags/example_skip_dag.py took 0.039 seconds
[2021-07-12 20:41:43,547] {scheduler_job.py:182} INFO - Started process (PID=1409) to work on /home/airflow/.local/lib/python3.6/site-packages/airflow/example_dags/example_skip_dag.py
[2021-07-12 20:41:43,548] {scheduler_job.py:633} INFO - Processing file /home/airflow/.local/lib/python3.6/site-packages/airflow/example_dags/example_skip_dag.py for tasks to queue
[2021-07-12 20:41:43,548] {logging_mixin.py:104} INFO - [2021-07-12 20:41:43,548] {dagbag.py:496} INFO - Filling up the DagBag from /home/airflow/.local/lib/python3.6/site-packages/airflow/example_dags/example_skip_dag.py
[2021-07-12 20:41:43,557] {scheduler_job.py:643} INFO - DAG(s) dict_keys(['example_skip_dag']) retrieved from /home/airflow/.local/lib/python3.6/site-packages/airflow/example_dags/example_skip_dag.py
[2021-07-12 20:41:43,573] {logging_mixin.py:104} INFO - [2021-07-12 20:41:43,573] {dag.py:1833} INFO - Sync 1 DAGs
[2021-07-12 20:41:43,581] {logging_mixin.py:104} INFO - [2021-07-12 20:41:43,581] {dag.py:2306} INFO - Setting next_dagrun for example_skip_dag to 2021-07-10 00:00:00+00:00
[2021-07-12 20:41:43,586] {scheduler_job.py:190} INFO - Processing /home/airflow/.local/lib/python3.6/site-packages/airflow/example_dags/example_skip_dag.py took 0.040 seconds
[2021-07-12 20:42:13,782] {scheduler_job.py:182} INFO - Started process (PID=1461) to work on /home/airflow/.local/lib/python3.6/site-packages/airflow/example_dags/example_skip_dag.py
[2021-07-12 20:42:13,782] {scheduler_job.py:633} INFO - Processing file /home/airflow/.local/lib/python3.6/site-packages/airflow/example_dags/example_skip_dag.py for tasks to queue
[2021-07-12 20:42:13,783] {logging_mixin.py:104} INFO - [2021-07-12 20:42:13,783] {dagbag.py:496} INFO - Filling up the DagBag from /home/airflow/.local/lib/python3.6/site-packages/airflow/example_dags/example_skip_dag.py
[2021-07-12 20:42:13,790] {scheduler_job.py:643} INFO - DAG(s) dict_keys(['example_skip_dag']) retrieved from /home/airflow/.local/lib/python3.6/site-packages/airflow/example_dags/example_skip_dag.py
[2021-07-12 20:42:13,804] {logging_mixin.py:104} INFO - [2021-07-12 20:42:13,804] {dag.py:1833} INFO - Sync 1 DAGs
[2021-07-12 20:42:13,814] {logging_mixin.py:104} INFO - [2021-07-12 20:42:13,814] {dag.py:2306} INFO - Setting next_dagrun for example_skip_dag to 2021-07-10 00:00:00+00:00
[2021-07-12 20:42:13,818] {scheduler_job.py:190} INFO - Processing /home/airflow/.local/lib/python3.6/site-packages/airflow/example_dags/example_skip_dag.py took 0.038 seconds
[2021-07-12 20:42:44,963] {scheduler_job.py:182} INFO - Started process (PID=1522) to work on /home/airflow/.local/lib/python3.6/site-packages/airflow/example_dags/example_skip_dag.py
[2021-07-12 20:42:44,964] {scheduler_job.py:633} INFO - Processing file /home/airflow/.local/lib/python3.6/site-packages/airflow/example_dags/example_skip_dag.py for tasks to queue
[2021-07-12 20:42:44,965] {logging_mixin.py:104} INFO - [2021-07-12 20:42:44,965] {dagbag.py:496} INFO - Filling up the DagBag from /home/airflow/.local/lib/python3.6/site-packages/airflow/example_dags/example_skip_dag.py
[2021-07-12 20:42:44,975] {scheduler_job.py:643} INFO - DAG(s) dict_keys(['example_skip_dag']) retrieved from /home/airflow/.local/lib/python3.6/site-packages/airflow/example_dags/example_skip_dag.py
[2021-07-12 20:42:44,990] {logging_mixin.py:104} INFO - [2021-07-12 20:42:44,990] {dag.py:1833} INFO - Sync 1 DAGs
[2021-07-12 20:42:44,998] {logging_mixin.py:104} INFO - [2021-07-12 20:42:44,998] {dag.py:2306} INFO - Setting next_dagrun for example_skip_dag to 2021-07-10 00:00:00+00:00
[2021-07-12 20:42:45,003] {scheduler_job.py:190} INFO - Processing /home/airflow/.local/lib/python3.6/site-packages/airflow/example_dags/example_skip_dag.py took 0.043 seconds
[2021-07-12 20:43:15,374] {scheduler_job.py:182} INFO - Started process (PID=1583) to work on /home/airflow/.local/lib/python3.6/site-packages/airflow/example_dags/example_skip_dag.py
[2021-07-12 20:43:15,374] {scheduler_job.py:633} INFO - Processing file /home/airflow/.local/lib/python3.6/site-packages/airflow/example_dags/example_skip_dag.py for tasks to queue
[2021-07-12 20:43:15,375] {logging_mixin.py:104} INFO - [2021-07-12 20:43:15,375] {dagbag.py:496} INFO - Filling up the DagBag from /home/airflow/.local/lib/python3.6/site-packages/airflow/example_dags/example_skip_dag.py
[2021-07-12 20:43:15,382] {scheduler_job.py:643} INFO - DAG(s) dict_keys(['example_skip_dag']) retrieved from /home/airflow/.local/lib/python3.6/site-packages/airflow/example_dags/example_skip_dag.py
[2021-07-12 20:43:15,392] {logging_mixin.py:104} INFO - [2021-07-12 20:43:15,392] {dag.py:1833} INFO - Sync 1 DAGs
[2021-07-12 20:43:15,400] {logging_mixin.py:104} INFO - [2021-07-12 20:43:15,400] {dag.py:2306} INFO - Setting next_dagrun for example_skip_dag to 2021-07-10 00:00:00+00:00
[2021-07-12 20:43:15,405] {scheduler_job.py:190} INFO - Processing /home/airflow/.local/lib/python3.6/site-packages/airflow/example_dags/example_skip_dag.py took 0.033 seconds
[2021-07-12 20:43:45,656] {scheduler_job.py:182} INFO - Started process (PID=1644) to work on /home/airflow/.local/lib/python3.6/site-packages/airflow/example_dags/example_skip_dag.py
[2021-07-12 20:43:45,656] {scheduler_job.py:633} INFO - Processing file /home/airflow/.local/lib/python3.6/site-packages/airflow/example_dags/example_skip_dag.py for tasks to queue
[2021-07-12 20:43:45,657] {logging_mixin.py:104} INFO - [2021-07-12 20:43:45,657] {dagbag.py:496} INFO - Filling up the DagBag from /home/airflow/.local/lib/python3.6/site-packages/airflow/example_dags/example_skip_dag.py
[2021-07-12 20:43:45,665] {scheduler_job.py:643} INFO - DAG(s) dict_keys(['example_skip_dag']) retrieved from /home/airflow/.local/lib/python3.6/site-packages/airflow/example_dags/example_skip_dag.py
[2021-07-12 20:43:45,677] {logging_mixin.py:104} INFO - [2021-07-12 20:43:45,677] {dag.py:1833} INFO - Sync 1 DAGs
[2021-07-12 20:43:45,687] {logging_mixin.py:104} INFO - [2021-07-12 20:43:45,687] {dag.py:2306} INFO - Setting next_dagrun for example_skip_dag to 2021-07-10 00:00:00+00:00
[2021-07-12 20:43:45,692] {scheduler_job.py:190} INFO - Processing /home/airflow/.local/lib/python3.6/site-packages/airflow/example_dags/example_skip_dag.py took 0.039 seconds
[2021-07-12 20:44:15,888] {scheduler_job.py:182} INFO - Started process (PID=1695) to work on /home/airflow/.local/lib/python3.6/site-packages/airflow/example_dags/example_skip_dag.py
[2021-07-12 20:44:15,888] {scheduler_job.py:633} INFO - Processing file /home/airflow/.local/lib/python3.6/site-packages/airflow/example_dags/example_skip_dag.py for tasks to queue
[2021-07-12 20:44:15,888] {logging_mixin.py:104} INFO - [2021-07-12 20:44:15,888] {dagbag.py:496} INFO - Filling up the DagBag from /home/airflow/.local/lib/python3.6/site-packages/airflow/example_dags/example_skip_dag.py
[2021-07-12 20:44:15,896] {scheduler_job.py:643} INFO - DAG(s) dict_keys(['example_skip_dag']) retrieved from /home/airflow/.local/lib/python3.6/site-packages/airflow/example_dags/example_skip_dag.py
[2021-07-12 20:44:15,910] {logging_mixin.py:104} INFO - [2021-07-12 20:44:15,910] {dag.py:1833} INFO - Sync 1 DAGs
[2021-07-12 20:44:15,921] {logging_mixin.py:104} INFO - [2021-07-12 20:44:15,921] {dag.py:2306} INFO - Setting next_dagrun for example_skip_dag to 2021-07-10 00:00:00+00:00
[2021-07-12 20:44:15,926] {scheduler_job.py:190} INFO - Processing /home/airflow/.local/lib/python3.6/site-packages/airflow/example_dags/example_skip_dag.py took 0.040 seconds
[2021-07-12 20:44:46,017] {scheduler_job.py:182} INFO - Started process (PID=1756) to work on /home/airflow/.local/lib/python3.6/site-packages/airflow/example_dags/example_skip_dag.py
[2021-07-12 20:44:46,018] {scheduler_job.py:633} INFO - Processing file /home/airflow/.local/lib/python3.6/site-packages/airflow/example_dags/example_skip_dag.py for tasks to queue
[2021-07-12 20:44:46,018] {logging_mixin.py:104} INFO - [2021-07-12 20:44:46,018] {dagbag.py:496} INFO - Filling up the DagBag from /home/airflow/.local/lib/python3.6/site-packages/airflow/example_dags/example_skip_dag.py
[2021-07-12 20:44:46,025] {scheduler_job.py:643} INFO - DAG(s) dict_keys(['example_skip_dag']) retrieved from /home/airflow/.local/lib/python3.6/site-packages/airflow/example_dags/example_skip_dag.py
[2021-07-12 20:44:46,039] {logging_mixin.py:104} INFO - [2021-07-12 20:44:46,039] {dag.py:1833} INFO - Sync 1 DAGs
[2021-07-12 20:44:46,047] {logging_mixin.py:104} INFO - [2021-07-12 20:44:46,047] {dag.py:2306} INFO - Setting next_dagrun for example_skip_dag to 2021-07-10 00:00:00+00:00
[2021-07-12 20:44:46,052] {scheduler_job.py:190} INFO - Processing /home/airflow/.local/lib/python3.6/site-packages/airflow/example_dags/example_skip_dag.py took 0.036 seconds
[2021-07-12 20:45:17,230] {scheduler_job.py:182} INFO - Started process (PID=1817) to work on /home/airflow/.local/lib/python3.6/site-packages/airflow/example_dags/example_skip_dag.py
[2021-07-12 20:45:17,231] {scheduler_job.py:633} INFO - Processing file /home/airflow/.local/lib/python3.6/site-packages/airflow/example_dags/example_skip_dag.py for tasks to queue
[2021-07-12 20:45:17,231] {logging_mixin.py:104} INFO - [2021-07-12 20:45:17,231] {dagbag.py:496} INFO - Filling up the DagBag from /home/airflow/.local/lib/python3.6/site-packages/airflow/example_dags/example_skip_dag.py
[2021-07-12 20:45:17,237] {scheduler_job.py:643} INFO - DAG(s) dict_keys(['example_skip_dag']) retrieved from /home/airflow/.local/lib/python3.6/site-packages/airflow/example_dags/example_skip_dag.py
[2021-07-12 20:45:17,250] {logging_mixin.py:104} INFO - [2021-07-12 20:45:17,250] {dag.py:1833} INFO - Sync 1 DAGs
[2021-07-12 20:45:17,265] {logging_mixin.py:104} INFO - [2021-07-12 20:45:17,264] {dag.py:2306} INFO - Setting next_dagrun for example_skip_dag to 2021-07-10 00:00:00+00:00
[2021-07-12 20:45:17,273] {scheduler_job.py:190} INFO - Processing /home/airflow/.local/lib/python3.6/site-packages/airflow/example_dags/example_skip_dag.py took 0.045 seconds
[2021-07-12 20:45:47,521] {scheduler_job.py:182} INFO - Started process (PID=1878) to work on /home/airflow/.local/lib/python3.6/site-packages/airflow/example_dags/example_skip_dag.py
[2021-07-12 20:45:47,521] {scheduler_job.py:633} INFO - Processing file /home/airflow/.local/lib/python3.6/site-packages/airflow/example_dags/example_skip_dag.py for tasks to queue
[2021-07-12 20:45:47,522] {logging_mixin.py:104} INFO - [2021-07-12 20:45:47,522] {dagbag.py:496} INFO - Filling up the DagBag from /home/airflow/.local/lib/python3.6/site-packages/airflow/example_dags/example_skip_dag.py
[2021-07-12 20:45:47,530] {scheduler_job.py:643} INFO - DAG(s) dict_keys(['example_skip_dag']) retrieved from /home/airflow/.local/lib/python3.6/site-packages/airflow/example_dags/example_skip_dag.py
[2021-07-12 20:45:47,541] {logging_mixin.py:104} INFO - [2021-07-12 20:45:47,541] {dag.py:1833} INFO - Sync 1 DAGs
[2021-07-12 20:45:47,549] {logging_mixin.py:104} INFO - [2021-07-12 20:45:47,549] {dag.py:2306} INFO - Setting next_dagrun for example_skip_dag to 2021-07-10 00:00:00+00:00
[2021-07-12 20:45:47,554] {scheduler_job.py:190} INFO - Processing /home/airflow/.local/lib/python3.6/site-packages/airflow/example_dags/example_skip_dag.py took 0.036 seconds
[2021-07-12 20:46:17,728] {scheduler_job.py:182} INFO - Started process (PID=1930) to work on /home/airflow/.local/lib/python3.6/site-packages/airflow/example_dags/example_skip_dag.py
[2021-07-12 20:46:17,728] {scheduler_job.py:633} INFO - Processing file /home/airflow/.local/lib/python3.6/site-packages/airflow/example_dags/example_skip_dag.py for tasks to queue
[2021-07-12 20:46:17,728] {logging_mixin.py:104} INFO - [2021-07-12 20:46:17,728] {dagbag.py:496} INFO - Filling up the DagBag from /home/airflow/.local/lib/python3.6/site-packages/airflow/example_dags/example_skip_dag.py
[2021-07-12 20:46:17,735] {scheduler_job.py:643} INFO - DAG(s) dict_keys(['example_skip_dag']) retrieved from /home/airflow/.local/lib/python3.6/site-packages/airflow/example_dags/example_skip_dag.py
[2021-07-12 20:46:17,746] {logging_mixin.py:104} INFO - [2021-07-12 20:46:17,746] {dag.py:1833} INFO - Sync 1 DAGs
[2021-07-12 20:46:17,754] {logging_mixin.py:104} INFO - [2021-07-12 20:46:17,754] {dag.py:2306} INFO - Setting next_dagrun for example_skip_dag to 2021-07-10 00:00:00+00:00
[2021-07-12 20:46:17,759] {scheduler_job.py:190} INFO - Processing /home/airflow/.local/lib/python3.6/site-packages/airflow/example_dags/example_skip_dag.py took 0.033 seconds
[2021-07-12 20:46:48,035] {scheduler_job.py:182} INFO - Started process (PID=1991) to work on /home/airflow/.local/lib/python3.6/site-packages/airflow/example_dags/example_skip_dag.py
[2021-07-12 20:46:48,036] {scheduler_job.py:633} INFO - Processing file /home/airflow/.local/lib/python3.6/site-packages/airflow/example_dags/example_skip_dag.py for tasks to queue
[2021-07-12 20:46:48,036] {logging_mixin.py:104} INFO - [2021-07-12 20:46:48,036] {dagbag.py:496} INFO - Filling up the DagBag from /home/airflow/.local/lib/python3.6/site-packages/airflow/example_dags/example_skip_dag.py
[2021-07-12 20:46:48,045] {scheduler_job.py:643} INFO - DAG(s) dict_keys(['example_skip_dag']) retrieved from /home/airflow/.local/lib/python3.6/site-packages/airflow/example_dags/example_skip_dag.py
[2021-07-12 20:46:48,056] {logging_mixin.py:104} INFO - [2021-07-12 20:46:48,056] {dag.py:1833} INFO - Sync 1 DAGs
[2021-07-12 20:46:48,064] {logging_mixin.py:104} INFO - [2021-07-12 20:46:48,064] {dag.py:2306} INFO - Setting next_dagrun for example_skip_dag to 2021-07-10 00:00:00+00:00
[2021-07-12 20:46:48,070] {scheduler_job.py:190} INFO - Processing /home/airflow/.local/lib/python3.6/site-packages/airflow/example_dags/example_skip_dag.py took 0.038 seconds
[2021-07-12 20:47:18,187] {scheduler_job.py:182} INFO - Started process (PID=2054) to work on /home/airflow/.local/lib/python3.6/site-packages/airflow/example_dags/example_skip_dag.py
[2021-07-12 20:47:18,188] {scheduler_job.py:633} INFO - Processing file /home/airflow/.local/lib/python3.6/site-packages/airflow/example_dags/example_skip_dag.py for tasks to queue
[2021-07-12 20:47:18,188] {logging_mixin.py:104} INFO - [2021-07-12 20:47:18,188] {dagbag.py:496} INFO - Filling up the DagBag from /home/airflow/.local/lib/python3.6/site-packages/airflow/example_dags/example_skip_dag.py
[2021-07-12 20:47:18,194] {scheduler_job.py:643} INFO - DAG(s) dict_keys(['example_skip_dag']) retrieved from /home/airflow/.local/lib/python3.6/site-packages/airflow/example_dags/example_skip_dag.py
[2021-07-12 20:47:18,204] {logging_mixin.py:104} INFO - [2021-07-12 20:47:18,204] {dag.py:1833} INFO - Sync 1 DAGs
[2021-07-12 20:47:18,213] {logging_mixin.py:104} INFO - [2021-07-12 20:47:18,213] {dag.py:2306} INFO - Setting next_dagrun for example_skip_dag to 2021-07-10 00:00:00+00:00
[2021-07-12 20:47:18,218] {scheduler_job.py:190} INFO - Processing /home/airflow/.local/lib/python3.6/site-packages/airflow/example_dags/example_skip_dag.py took 0.033 seconds
[2021-07-12 20:47:49,265] {scheduler_job.py:182} INFO - Started process (PID=2106) to work on /home/airflow/.local/lib/python3.6/site-packages/airflow/example_dags/example_skip_dag.py
[2021-07-12 20:47:49,266] {scheduler_job.py:633} INFO - Processing file /home/airflow/.local/lib/python3.6/site-packages/airflow/example_dags/example_skip_dag.py for tasks to queue
[2021-07-12 20:47:49,266] {logging_mixin.py:104} INFO - [2021-07-12 20:47:49,266] {dagbag.py:496} INFO - Filling up the DagBag from /home/airflow/.local/lib/python3.6/site-packages/airflow/example_dags/example_skip_dag.py
[2021-07-12 20:47:49,275] {scheduler_job.py:643} INFO - DAG(s) dict_keys(['example_skip_dag']) retrieved from /home/airflow/.local/lib/python3.6/site-packages/airflow/example_dags/example_skip_dag.py
[2021-07-12 20:47:49,286] {logging_mixin.py:104} INFO - [2021-07-12 20:47:49,286] {dag.py:1833} INFO - Sync 1 DAGs
[2021-07-12 20:47:49,296] {logging_mixin.py:104} INFO - [2021-07-12 20:47:49,296] {dag.py:2306} INFO - Setting next_dagrun for example_skip_dag to 2021-07-10 00:00:00+00:00
[2021-07-12 20:47:49,300] {scheduler_job.py:190} INFO - Processing /home/airflow/.local/lib/python3.6/site-packages/airflow/example_dags/example_skip_dag.py took 0.037 seconds
[2021-07-12 20:48:20,527] {scheduler_job.py:182} INFO - Started process (PID=2167) to work on /home/airflow/.local/lib/python3.6/site-packages/airflow/example_dags/example_skip_dag.py
[2021-07-12 20:48:20,528] {scheduler_job.py:633} INFO - Processing file /home/airflow/.local/lib/python3.6/site-packages/airflow/example_dags/example_skip_dag.py for tasks to queue
[2021-07-12 20:48:20,528] {logging_mixin.py:104} INFO - [2021-07-12 20:48:20,528] {dagbag.py:496} INFO - Filling up the DagBag from /home/airflow/.local/lib/python3.6/site-packages/airflow/example_dags/example_skip_dag.py
[2021-07-12 20:48:20,534] {scheduler_job.py:643} INFO - DAG(s) dict_keys(['example_skip_dag']) retrieved from /home/airflow/.local/lib/python3.6/site-packages/airflow/example_dags/example_skip_dag.py
[2021-07-12 20:48:20,544] {logging_mixin.py:104} INFO - [2021-07-12 20:48:20,544] {dag.py:1833} INFO - Sync 1 DAGs
[2021-07-12 20:48:20,552] {logging_mixin.py:104} INFO - [2021-07-12 20:48:20,552] {dag.py:2306} INFO - Setting next_dagrun for example_skip_dag to 2021-07-10 00:00:00+00:00
[2021-07-12 20:48:20,557] {scheduler_job.py:190} INFO - Processing /home/airflow/.local/lib/python3.6/site-packages/airflow/example_dags/example_skip_dag.py took 0.031 seconds
[2021-07-12 20:48:50,650] {scheduler_job.py:182} INFO - Started process (PID=2230) to work on /home/airflow/.local/lib/python3.6/site-packages/airflow/example_dags/example_skip_dag.py
[2021-07-12 20:48:50,650] {scheduler_job.py:633} INFO - Processing file /home/airflow/.local/lib/python3.6/site-packages/airflow/example_dags/example_skip_dag.py for tasks to queue
[2021-07-12 20:48:50,650] {logging_mixin.py:104} INFO - [2021-07-12 20:48:50,650] {dagbag.py:496} INFO - Filling up the DagBag from /home/airflow/.local/lib/python3.6/site-packages/airflow/example_dags/example_skip_dag.py
[2021-07-12 20:48:50,656] {scheduler_job.py:643} INFO - DAG(s) dict_keys(['example_skip_dag']) retrieved from /home/airflow/.local/lib/python3.6/site-packages/airflow/example_dags/example_skip_dag.py
[2021-07-12 20:48:50,667] {logging_mixin.py:104} INFO - [2021-07-12 20:48:50,666] {dag.py:1833} INFO - Sync 1 DAGs
[2021-07-12 20:48:50,675] {logging_mixin.py:104} INFO - [2021-07-12 20:48:50,674] {dag.py:2306} INFO - Setting next_dagrun for example_skip_dag to 2021-07-10 00:00:00+00:00
[2021-07-12 20:48:50,679] {scheduler_job.py:190} INFO - Processing /home/airflow/.local/lib/python3.6/site-packages/airflow/example_dags/example_skip_dag.py took 0.031 seconds
[2021-07-12 20:49:21,897] {scheduler_job.py:182} INFO - Started process (PID=2292) to work on /home/airflow/.local/lib/python3.6/site-packages/airflow/example_dags/example_skip_dag.py
[2021-07-12 20:49:21,897] {scheduler_job.py:633} INFO - Processing file /home/airflow/.local/lib/python3.6/site-packages/airflow/example_dags/example_skip_dag.py for tasks to queue
[2021-07-12 20:49:21,898] {logging_mixin.py:104} INFO - [2021-07-12 20:49:21,898] {dagbag.py:496} INFO - Filling up the DagBag from /home/airflow/.local/lib/python3.6/site-packages/airflow/example_dags/example_skip_dag.py
[2021-07-12 20:49:21,908] {scheduler_job.py:643} INFO - DAG(s) dict_keys(['example_skip_dag']) retrieved from /home/airflow/.local/lib/python3.6/site-packages/airflow/example_dags/example_skip_dag.py
[2021-07-12 20:49:21,922] {logging_mixin.py:104} INFO - [2021-07-12 20:49:21,922] {dag.py:1833} INFO - Sync 1 DAGs
[2021-07-12 20:49:21,931] {logging_mixin.py:104} INFO - [2021-07-12 20:49:21,931] {dag.py:2306} INFO - Setting next_dagrun for example_skip_dag to 2021-07-10 00:00:00+00:00
[2021-07-12 20:49:21,937] {scheduler_job.py:190} INFO - Processing /home/airflow/.local/lib/python3.6/site-packages/airflow/example_dags/example_skip_dag.py took 0.042 seconds
[2021-07-12 20:49:52,089] {scheduler_job.py:182} INFO - Started process (PID=2343) to work on /home/airflow/.local/lib/python3.6/site-packages/airflow/example_dags/example_skip_dag.py
[2021-07-12 20:49:52,089] {scheduler_job.py:633} INFO - Processing file /home/airflow/.local/lib/python3.6/site-packages/airflow/example_dags/example_skip_dag.py for tasks to queue
[2021-07-12 20:49:52,089] {logging_mixin.py:104} INFO - [2021-07-12 20:49:52,089] {dagbag.py:496} INFO - Filling up the DagBag from /home/airflow/.local/lib/python3.6/site-packages/airflow/example_dags/example_skip_dag.py
[2021-07-12 20:49:52,095] {scheduler_job.py:643} INFO - DAG(s) dict_keys(['example_skip_dag']) retrieved from /home/airflow/.local/lib/python3.6/site-packages/airflow/example_dags/example_skip_dag.py
[2021-07-12 20:49:52,106] {logging_mixin.py:104} INFO - [2021-07-12 20:49:52,106] {dag.py:1833} INFO - Sync 1 DAGs
[2021-07-12 20:49:52,114] {logging_mixin.py:104} INFO - [2021-07-12 20:49:52,114] {dag.py:2306} INFO - Setting next_dagrun for example_skip_dag to 2021-07-10 00:00:00+00:00
[2021-07-12 20:49:52,118] {scheduler_job.py:190} INFO - Processing /home/airflow/.local/lib/python3.6/site-packages/airflow/example_dags/example_skip_dag.py took 0.031 seconds
[2021-07-12 20:50:22,471] {scheduler_job.py:182} INFO - Started process (PID=2404) to work on /home/airflow/.local/lib/python3.6/site-packages/airflow/example_dags/example_skip_dag.py
[2021-07-12 20:50:22,471] {scheduler_job.py:633} INFO - Processing file /home/airflow/.local/lib/python3.6/site-packages/airflow/example_dags/example_skip_dag.py for tasks to queue
[2021-07-12 20:50:22,472] {logging_mixin.py:104} INFO - [2021-07-12 20:50:22,471] {dagbag.py:496} INFO - Filling up the DagBag from /home/airflow/.local/lib/python3.6/site-packages/airflow/example_dags/example_skip_dag.py
[2021-07-12 20:50:22,477] {scheduler_job.py:643} INFO - DAG(s) dict_keys(['example_skip_dag']) retrieved from /home/airflow/.local/lib/python3.6/site-packages/airflow/example_dags/example_skip_dag.py
[2021-07-12 20:50:22,488] {logging_mixin.py:104} INFO - [2021-07-12 20:50:22,488] {dag.py:1833} INFO - Sync 1 DAGs
[2021-07-12 20:50:22,498] {logging_mixin.py:104} INFO - [2021-07-12 20:50:22,498] {dag.py:2306} INFO - Setting next_dagrun for example_skip_dag to 2021-07-10 00:00:00+00:00
[2021-07-12 20:50:22,502] {scheduler_job.py:190} INFO - Processing /home/airflow/.local/lib/python3.6/site-packages/airflow/example_dags/example_skip_dag.py took 0.033 seconds
[2021-07-12 20:50:52,673] {scheduler_job.py:182} INFO - Started process (PID=2469) to work on /home/airflow/.local/lib/python3.6/site-packages/airflow/example_dags/example_skip_dag.py
[2021-07-12 20:50:52,674] {scheduler_job.py:633} INFO - Processing file /home/airflow/.local/lib/python3.6/site-packages/airflow/example_dags/example_skip_dag.py for tasks to queue
[2021-07-12 20:50:52,674] {logging_mixin.py:104} INFO - [2021-07-12 20:50:52,674] {dagbag.py:496} INFO - Filling up the DagBag from /home/airflow/.local/lib/python3.6/site-packages/airflow/example_dags/example_skip_dag.py
[2021-07-12 20:50:52,680] {scheduler_job.py:643} INFO - DAG(s) dict_keys(['example_skip_dag']) retrieved from /home/airflow/.local/lib/python3.6/site-packages/airflow/example_dags/example_skip_dag.py
[2021-07-12 20:50:52,695] {logging_mixin.py:104} INFO - [2021-07-12 20:50:52,695] {dag.py:1833} INFO - Sync 1 DAGs
[2021-07-12 20:50:52,708] {logging_mixin.py:104} INFO - [2021-07-12 20:50:52,708] {dag.py:2306} INFO - Setting next_dagrun for example_skip_dag to 2021-07-10 00:00:00+00:00
[2021-07-12 20:50:52,713] {scheduler_job.py:190} INFO - Processing /home/airflow/.local/lib/python3.6/site-packages/airflow/example_dags/example_skip_dag.py took 0.042 seconds
[2021-07-12 20:51:22,914] {scheduler_job.py:182} INFO - Started process (PID=2530) to work on /home/airflow/.local/lib/python3.6/site-packages/airflow/example_dags/example_skip_dag.py
[2021-07-12 20:51:22,914] {scheduler_job.py:633} INFO - Processing file /home/airflow/.local/lib/python3.6/site-packages/airflow/example_dags/example_skip_dag.py for tasks to queue
[2021-07-12 20:51:22,915] {logging_mixin.py:104} INFO - [2021-07-12 20:51:22,915] {dagbag.py:496} INFO - Filling up the DagBag from /home/airflow/.local/lib/python3.6/site-packages/airflow/example_dags/example_skip_dag.py
[2021-07-12 20:51:22,921] {scheduler_job.py:643} INFO - DAG(s) dict_keys(['example_skip_dag']) retrieved from /home/airflow/.local/lib/python3.6/site-packages/airflow/example_dags/example_skip_dag.py
[2021-07-12 20:51:22,934] {logging_mixin.py:104} INFO - [2021-07-12 20:51:22,934] {dag.py:1833} INFO - Sync 1 DAGs
[2021-07-12 20:51:22,943] {logging_mixin.py:104} INFO - [2021-07-12 20:51:22,943] {dag.py:2306} INFO - Setting next_dagrun for example_skip_dag to 2021-07-10 00:00:00+00:00
[2021-07-12 20:51:22,947] {scheduler_job.py:190} INFO - Processing /home/airflow/.local/lib/python3.6/site-packages/airflow/example_dags/example_skip_dag.py took 0.035 seconds
[2021-07-12 20:51:53,299] {scheduler_job.py:182} INFO - Started process (PID=2582) to work on /home/airflow/.local/lib/python3.6/site-packages/airflow/example_dags/example_skip_dag.py
[2021-07-12 20:51:53,300] {scheduler_job.py:633} INFO - Processing file /home/airflow/.local/lib/python3.6/site-packages/airflow/example_dags/example_skip_dag.py for tasks to queue
[2021-07-12 20:51:53,300] {logging_mixin.py:104} INFO - [2021-07-12 20:51:53,300] {dagbag.py:496} INFO - Filling up the DagBag from /home/airflow/.local/lib/python3.6/site-packages/airflow/example_dags/example_skip_dag.py
[2021-07-12 20:51:53,307] {scheduler_job.py:643} INFO - DAG(s) dict_keys(['example_skip_dag']) retrieved from /home/airflow/.local/lib/python3.6/site-packages/airflow/example_dags/example_skip_dag.py
[2021-07-12 20:51:53,319] {logging_mixin.py:104} INFO - [2021-07-12 20:51:53,319] {dag.py:1833} INFO - Sync 1 DAGs
[2021-07-12 20:51:53,327] {logging_mixin.py:104} INFO - [2021-07-12 20:51:53,327] {dag.py:2306} INFO - Setting next_dagrun for example_skip_dag to 2021-07-10 00:00:00+00:00
[2021-07-12 20:51:53,332] {scheduler_job.py:190} INFO - Processing /home/airflow/.local/lib/python3.6/site-packages/airflow/example_dags/example_skip_dag.py took 0.036 seconds
[2021-07-12 20:52:24,465] {scheduler_job.py:182} INFO - Started process (PID=2644) to work on /home/airflow/.local/lib/python3.6/site-packages/airflow/example_dags/example_skip_dag.py
[2021-07-12 20:52:24,466] {scheduler_job.py:633} INFO - Processing file /home/airflow/.local/lib/python3.6/site-packages/airflow/example_dags/example_skip_dag.py for tasks to queue
[2021-07-12 20:52:24,467] {logging_mixin.py:104} INFO - [2021-07-12 20:52:24,467] {dagbag.py:496} INFO - Filling up the DagBag from /home/airflow/.local/lib/python3.6/site-packages/airflow/example_dags/example_skip_dag.py
[2021-07-12 20:52:24,473] {scheduler_job.py:643} INFO - DAG(s) dict_keys(['example_skip_dag']) retrieved from /home/airflow/.local/lib/python3.6/site-packages/airflow/example_dags/example_skip_dag.py
[2021-07-12 20:52:24,485] {logging_mixin.py:104} INFO - [2021-07-12 20:52:24,485] {dag.py:1833} INFO - Sync 1 DAGs
[2021-07-12 20:52:24,493] {logging_mixin.py:104} INFO - [2021-07-12 20:52:24,493] {dag.py:2306} INFO - Setting next_dagrun for example_skip_dag to 2021-07-10 00:00:00+00:00
[2021-07-12 20:52:24,498] {scheduler_job.py:190} INFO - Processing /home/airflow/.local/lib/python3.6/site-packages/airflow/example_dags/example_skip_dag.py took 0.034 seconds
[2021-07-12 20:52:55,634] {scheduler_job.py:182} INFO - Started process (PID=2706) to work on /home/airflow/.local/lib/python3.6/site-packages/airflow/example_dags/example_skip_dag.py
[2021-07-12 20:52:55,635] {scheduler_job.py:633} INFO - Processing file /home/airflow/.local/lib/python3.6/site-packages/airflow/example_dags/example_skip_dag.py for tasks to queue
[2021-07-12 20:52:55,635] {logging_mixin.py:104} INFO - [2021-07-12 20:52:55,635] {dagbag.py:496} INFO - Filling up the DagBag from /home/airflow/.local/lib/python3.6/site-packages/airflow/example_dags/example_skip_dag.py
[2021-07-12 20:52:55,641] {scheduler_job.py:643} INFO - DAG(s) dict_keys(['example_skip_dag']) retrieved from /home/airflow/.local/lib/python3.6/site-packages/airflow/example_dags/example_skip_dag.py
[2021-07-12 20:52:55,652] {logging_mixin.py:104} INFO - [2021-07-12 20:52:55,652] {dag.py:1833} INFO - Sync 1 DAGs
[2021-07-12 20:52:55,661] {logging_mixin.py:104} INFO - [2021-07-12 20:52:55,661] {dag.py:2306} INFO - Setting next_dagrun for example_skip_dag to 2021-07-10 00:00:00+00:00
[2021-07-12 20:52:55,666] {scheduler_job.py:190} INFO - Processing /home/airflow/.local/lib/python3.6/site-packages/airflow/example_dags/example_skip_dag.py took 0.033 seconds
[2021-07-12 20:53:26,580] {scheduler_job.py:182} INFO - Started process (PID=2768) to work on /home/airflow/.local/lib/python3.6/site-packages/airflow/example_dags/example_skip_dag.py
[2021-07-12 20:53:26,581] {scheduler_job.py:633} INFO - Processing file /home/airflow/.local/lib/python3.6/site-packages/airflow/example_dags/example_skip_dag.py for tasks to queue
[2021-07-12 20:53:26,581] {logging_mixin.py:104} INFO - [2021-07-12 20:53:26,581] {dagbag.py:496} INFO - Filling up the DagBag from /home/airflow/.local/lib/python3.6/site-packages/airflow/example_dags/example_skip_dag.py
[2021-07-12 20:53:26,590] {scheduler_job.py:643} INFO - DAG(s) dict_keys(['example_skip_dag']) retrieved from /home/airflow/.local/lib/python3.6/site-packages/airflow/example_dags/example_skip_dag.py
[2021-07-12 20:53:26,600] {logging_mixin.py:104} INFO - [2021-07-12 20:53:26,600] {dag.py:1833} INFO - Sync 1 DAGs
[2021-07-12 20:53:26,609] {logging_mixin.py:104} INFO - [2021-07-12 20:53:26,609] {dag.py:2306} INFO - Setting next_dagrun for example_skip_dag to 2021-07-10 00:00:00+00:00
[2021-07-12 20:53:26,614] {scheduler_job.py:190} INFO - Processing /home/airflow/.local/lib/python3.6/site-packages/airflow/example_dags/example_skip_dag.py took 0.036 seconds
[2021-07-12 20:53:56,833] {scheduler_job.py:182} INFO - Started process (PID=2819) to work on /home/airflow/.local/lib/python3.6/site-packages/airflow/example_dags/example_skip_dag.py
[2021-07-12 20:53:56,834] {scheduler_job.py:633} INFO - Processing file /home/airflow/.local/lib/python3.6/site-packages/airflow/example_dags/example_skip_dag.py for tasks to queue
[2021-07-12 20:53:56,834] {logging_mixin.py:104} INFO - [2021-07-12 20:53:56,834] {dagbag.py:496} INFO - Filling up the DagBag from /home/airflow/.local/lib/python3.6/site-packages/airflow/example_dags/example_skip_dag.py
[2021-07-12 20:53:56,841] {scheduler_job.py:643} INFO - DAG(s) dict_keys(['example_skip_dag']) retrieved from /home/airflow/.local/lib/python3.6/site-packages/airflow/example_dags/example_skip_dag.py
[2021-07-12 20:53:56,857] {logging_mixin.py:104} INFO - [2021-07-12 20:53:56,856] {dag.py:1833} INFO - Sync 1 DAGs
[2021-07-12 20:53:56,865] {logging_mixin.py:104} INFO - [2021-07-12 20:53:56,865] {dag.py:2306} INFO - Setting next_dagrun for example_skip_dag to 2021-07-10 00:00:00+00:00
[2021-07-12 20:53:56,871] {scheduler_job.py:190} INFO - Processing /home/airflow/.local/lib/python3.6/site-packages/airflow/example_dags/example_skip_dag.py took 0.040 seconds
[2021-07-12 20:54:27,086] {scheduler_job.py:182} INFO - Started process (PID=2880) to work on /home/airflow/.local/lib/python3.6/site-packages/airflow/example_dags/example_skip_dag.py
[2021-07-12 20:54:27,086] {scheduler_job.py:633} INFO - Processing file /home/airflow/.local/lib/python3.6/site-packages/airflow/example_dags/example_skip_dag.py for tasks to queue
[2021-07-12 20:54:27,086] {logging_mixin.py:104} INFO - [2021-07-12 20:54:27,086] {dagbag.py:496} INFO - Filling up the DagBag from /home/airflow/.local/lib/python3.6/site-packages/airflow/example_dags/example_skip_dag.py
[2021-07-12 20:54:27,092] {scheduler_job.py:643} INFO - DAG(s) dict_keys(['example_skip_dag']) retrieved from /home/airflow/.local/lib/python3.6/site-packages/airflow/example_dags/example_skip_dag.py
[2021-07-12 20:54:27,105] {logging_mixin.py:104} INFO - [2021-07-12 20:54:27,105] {dag.py:1833} INFO - Sync 1 DAGs
[2021-07-12 20:54:27,114] {logging_mixin.py:104} INFO - [2021-07-12 20:54:27,114] {dag.py:2306} INFO - Setting next_dagrun for example_skip_dag to 2021-07-10 00:00:00+00:00
[2021-07-12 20:54:27,118] {scheduler_job.py:190} INFO - Processing /home/airflow/.local/lib/python3.6/site-packages/airflow/example_dags/example_skip_dag.py took 0.034 seconds
[2021-07-12 20:54:57,354] {scheduler_job.py:182} INFO - Started process (PID=2941) to work on /home/airflow/.local/lib/python3.6/site-packages/airflow/example_dags/example_skip_dag.py
[2021-07-12 20:54:57,354] {scheduler_job.py:633} INFO - Processing file /home/airflow/.local/lib/python3.6/site-packages/airflow/example_dags/example_skip_dag.py for tasks to queue
[2021-07-12 20:54:57,354] {logging_mixin.py:104} INFO - [2021-07-12 20:54:57,354] {dagbag.py:496} INFO - Filling up the DagBag from /home/airflow/.local/lib/python3.6/site-packages/airflow/example_dags/example_skip_dag.py
[2021-07-12 20:54:57,361] {scheduler_job.py:643} INFO - DAG(s) dict_keys(['example_skip_dag']) retrieved from /home/airflow/.local/lib/python3.6/site-packages/airflow/example_dags/example_skip_dag.py
[2021-07-12 20:54:57,373] {logging_mixin.py:104} INFO - [2021-07-12 20:54:57,373] {dag.py:1833} INFO - Sync 1 DAGs
[2021-07-12 20:54:57,384] {logging_mixin.py:104} INFO - [2021-07-12 20:54:57,383] {dag.py:2306} INFO - Setting next_dagrun for example_skip_dag to 2021-07-10 00:00:00+00:00
[2021-07-12 20:54:57,388] {scheduler_job.py:190} INFO - Processing /home/airflow/.local/lib/python3.6/site-packages/airflow/example_dags/example_skip_dag.py took 0.036 seconds
[2021-07-12 20:55:27,739] {scheduler_job.py:182} INFO - Started process (PID=3000) to work on /home/airflow/.local/lib/python3.6/site-packages/airflow/example_dags/example_skip_dag.py
[2021-07-12 20:55:27,740] {scheduler_job.py:633} INFO - Processing file /home/airflow/.local/lib/python3.6/site-packages/airflow/example_dags/example_skip_dag.py for tasks to queue
[2021-07-12 20:55:27,741] {logging_mixin.py:104} INFO - [2021-07-12 20:55:27,741] {dagbag.py:496} INFO - Filling up the DagBag from /home/airflow/.local/lib/python3.6/site-packages/airflow/example_dags/example_skip_dag.py
[2021-07-12 20:55:27,747] {scheduler_job.py:643} INFO - DAG(s) dict_keys(['example_skip_dag']) retrieved from /home/airflow/.local/lib/python3.6/site-packages/airflow/example_dags/example_skip_dag.py
[2021-07-12 20:55:27,761] {logging_mixin.py:104} INFO - [2021-07-12 20:55:27,761] {dag.py:1833} INFO - Sync 1 DAGs
[2021-07-12 20:55:27,773] {logging_mixin.py:104} INFO - [2021-07-12 20:55:27,773] {dag.py:2306} INFO - Setting next_dagrun for example_skip_dag to 2021-07-10 00:00:00+00:00
[2021-07-12 20:55:27,780] {scheduler_job.py:190} INFO - Processing /home/airflow/.local/lib/python3.6/site-packages/airflow/example_dags/example_skip_dag.py took 0.043 seconds
[2021-07-12 20:55:58,072] {scheduler_job.py:182} INFO - Started process (PID=3054) to work on /home/airflow/.local/lib/python3.6/site-packages/airflow/example_dags/example_skip_dag.py
[2021-07-12 20:55:58,072] {scheduler_job.py:633} INFO - Processing file /home/airflow/.local/lib/python3.6/site-packages/airflow/example_dags/example_skip_dag.py for tasks to queue
[2021-07-12 20:55:58,073] {logging_mixin.py:104} INFO - [2021-07-12 20:55:58,073] {dagbag.py:496} INFO - Filling up the DagBag from /home/airflow/.local/lib/python3.6/site-packages/airflow/example_dags/example_skip_dag.py
[2021-07-12 20:55:58,080] {scheduler_job.py:643} INFO - DAG(s) dict_keys(['example_skip_dag']) retrieved from /home/airflow/.local/lib/python3.6/site-packages/airflow/example_dags/example_skip_dag.py
[2021-07-12 20:55:58,094] {logging_mixin.py:104} INFO - [2021-07-12 20:55:58,094] {dag.py:1833} INFO - Sync 1 DAGs
[2021-07-12 20:55:58,103] {logging_mixin.py:104} INFO - [2021-07-12 20:55:58,103] {dag.py:2306} INFO - Setting next_dagrun for example_skip_dag to 2021-07-10 00:00:00+00:00
[2021-07-12 20:55:58,109] {scheduler_job.py:190} INFO - Processing /home/airflow/.local/lib/python3.6/site-packages/airflow/example_dags/example_skip_dag.py took 0.040 seconds
[2021-07-12 20:56:28,186] {scheduler_job.py:182} INFO - Started process (PID=3118) to work on /home/airflow/.local/lib/python3.6/site-packages/airflow/example_dags/example_skip_dag.py
[2021-07-12 20:56:28,186] {scheduler_job.py:633} INFO - Processing file /home/airflow/.local/lib/python3.6/site-packages/airflow/example_dags/example_skip_dag.py for tasks to queue
[2021-07-12 20:56:28,186] {logging_mixin.py:104} INFO - [2021-07-12 20:56:28,186] {dagbag.py:496} INFO - Filling up the DagBag from /home/airflow/.local/lib/python3.6/site-packages/airflow/example_dags/example_skip_dag.py
[2021-07-12 20:56:28,192] {scheduler_job.py:643} INFO - DAG(s) dict_keys(['example_skip_dag']) retrieved from /home/airflow/.local/lib/python3.6/site-packages/airflow/example_dags/example_skip_dag.py
[2021-07-12 20:56:28,206] {logging_mixin.py:104} INFO - [2021-07-12 20:56:28,206] {dag.py:1833} INFO - Sync 1 DAGs
[2021-07-12 20:56:28,216] {logging_mixin.py:104} INFO - [2021-07-12 20:56:28,216] {dag.py:2306} INFO - Setting next_dagrun for example_skip_dag to 2021-07-10 00:00:00+00:00
[2021-07-12 20:56:28,221] {scheduler_job.py:190} INFO - Processing /home/airflow/.local/lib/python3.6/site-packages/airflow/example_dags/example_skip_dag.py took 0.036 seconds
[2021-07-12 20:56:58,603] {scheduler_job.py:182} INFO - Started process (PID=3179) to work on /home/airflow/.local/lib/python3.6/site-packages/airflow/example_dags/example_skip_dag.py
[2021-07-12 20:56:58,604] {scheduler_job.py:633} INFO - Processing file /home/airflow/.local/lib/python3.6/site-packages/airflow/example_dags/example_skip_dag.py for tasks to queue
[2021-07-12 20:56:58,604] {logging_mixin.py:104} INFO - [2021-07-12 20:56:58,604] {dagbag.py:496} INFO - Filling up the DagBag from /home/airflow/.local/lib/python3.6/site-packages/airflow/example_dags/example_skip_dag.py
[2021-07-12 20:56:58,614] {scheduler_job.py:643} INFO - DAG(s) dict_keys(['example_skip_dag']) retrieved from /home/airflow/.local/lib/python3.6/site-packages/airflow/example_dags/example_skip_dag.py
[2021-07-12 20:56:58,626] {logging_mixin.py:104} INFO - [2021-07-12 20:56:58,626] {dag.py:1833} INFO - Sync 1 DAGs
[2021-07-12 20:56:58,635] {logging_mixin.py:104} INFO - [2021-07-12 20:56:58,634] {dag.py:2306} INFO - Setting next_dagrun for example_skip_dag to 2021-07-10 00:00:00+00:00
[2021-07-12 20:56:58,640] {scheduler_job.py:190} INFO - Processing /home/airflow/.local/lib/python3.6/site-packages/airflow/example_dags/example_skip_dag.py took 0.039 seconds
[2021-07-12 20:57:28,912] {scheduler_job.py:182} INFO - Started process (PID=3230) to work on /home/airflow/.local/lib/python3.6/site-packages/airflow/example_dags/example_skip_dag.py
[2021-07-12 20:57:28,913] {scheduler_job.py:633} INFO - Processing file /home/airflow/.local/lib/python3.6/site-packages/airflow/example_dags/example_skip_dag.py for tasks to queue
[2021-07-12 20:57:28,913] {logging_mixin.py:104} INFO - [2021-07-12 20:57:28,913] {dagbag.py:496} INFO - Filling up the DagBag from /home/airflow/.local/lib/python3.6/site-packages/airflow/example_dags/example_skip_dag.py
[2021-07-12 20:57:28,919] {scheduler_job.py:643} INFO - DAG(s) dict_keys(['example_skip_dag']) retrieved from /home/airflow/.local/lib/python3.6/site-packages/airflow/example_dags/example_skip_dag.py
[2021-07-12 20:57:28,931] {logging_mixin.py:104} INFO - [2021-07-12 20:57:28,931] {dag.py:1833} INFO - Sync 1 DAGs
[2021-07-12 20:57:28,942] {logging_mixin.py:104} INFO - [2021-07-12 20:57:28,942] {dag.py:2306} INFO - Setting next_dagrun for example_skip_dag to 2021-07-10 00:00:00+00:00
[2021-07-12 20:57:28,947] {scheduler_job.py:190} INFO - Processing /home/airflow/.local/lib/python3.6/site-packages/airflow/example_dags/example_skip_dag.py took 0.037 seconds
[2021-07-12 20:57:59,134] {scheduler_job.py:182} INFO - Started process (PID=3292) to work on /home/airflow/.local/lib/python3.6/site-packages/airflow/example_dags/example_skip_dag.py
[2021-07-12 20:57:59,135] {scheduler_job.py:633} INFO - Processing file /home/airflow/.local/lib/python3.6/site-packages/airflow/example_dags/example_skip_dag.py for tasks to queue
[2021-07-12 20:57:59,135] {logging_mixin.py:104} INFO - [2021-07-12 20:57:59,135] {dagbag.py:496} INFO - Filling up the DagBag from /home/airflow/.local/lib/python3.6/site-packages/airflow/example_dags/example_skip_dag.py
[2021-07-12 20:57:59,141] {scheduler_job.py:643} INFO - DAG(s) dict_keys(['example_skip_dag']) retrieved from /home/airflow/.local/lib/python3.6/site-packages/airflow/example_dags/example_skip_dag.py
[2021-07-12 20:57:59,156] {logging_mixin.py:104} INFO - [2021-07-12 20:57:59,156] {dag.py:1833} INFO - Sync 1 DAGs
[2021-07-12 20:57:59,164] {logging_mixin.py:104} INFO - [2021-07-12 20:57:59,164] {dag.py:2306} INFO - Setting next_dagrun for example_skip_dag to 2021-07-10 00:00:00+00:00
[2021-07-12 20:57:59,169] {scheduler_job.py:190} INFO - Processing /home/airflow/.local/lib/python3.6/site-packages/airflow/example_dags/example_skip_dag.py took 0.036 seconds
[2021-07-12 20:58:29,454] {scheduler_job.py:182} INFO - Started process (PID=3353) to work on /home/airflow/.local/lib/python3.6/site-packages/airflow/example_dags/example_skip_dag.py
[2021-07-12 20:58:29,455] {scheduler_job.py:633} INFO - Processing file /home/airflow/.local/lib/python3.6/site-packages/airflow/example_dags/example_skip_dag.py for tasks to queue
[2021-07-12 20:58:29,455] {logging_mixin.py:104} INFO - [2021-07-12 20:58:29,455] {dagbag.py:496} INFO - Filling up the DagBag from /home/airflow/.local/lib/python3.6/site-packages/airflow/example_dags/example_skip_dag.py
[2021-07-12 20:58:29,463] {scheduler_job.py:643} INFO - DAG(s) dict_keys(['example_skip_dag']) retrieved from /home/airflow/.local/lib/python3.6/site-packages/airflow/example_dags/example_skip_dag.py
[2021-07-12 20:58:29,476] {logging_mixin.py:104} INFO - [2021-07-12 20:58:29,476] {dag.py:1833} INFO - Sync 1 DAGs
[2021-07-12 20:58:29,484] {logging_mixin.py:104} INFO - [2021-07-12 20:58:29,484] {dag.py:2306} INFO - Setting next_dagrun for example_skip_dag to 2021-07-10 00:00:00+00:00
[2021-07-12 20:58:29,489] {scheduler_job.py:190} INFO - Processing /home/airflow/.local/lib/python3.6/site-packages/airflow/example_dags/example_skip_dag.py took 0.036 seconds
[2021-07-12 20:58:59,555] {scheduler_job.py:182} INFO - Started process (PID=3405) to work on /home/airflow/.local/lib/python3.6/site-packages/airflow/example_dags/example_skip_dag.py
[2021-07-12 20:58:59,555] {scheduler_job.py:633} INFO - Processing file /home/airflow/.local/lib/python3.6/site-packages/airflow/example_dags/example_skip_dag.py for tasks to queue
[2021-07-12 20:58:59,555] {logging_mixin.py:104} INFO - [2021-07-12 20:58:59,555] {dagbag.py:496} INFO - Filling up the DagBag from /home/airflow/.local/lib/python3.6/site-packages/airflow/example_dags/example_skip_dag.py
[2021-07-12 20:58:59,562] {scheduler_job.py:643} INFO - DAG(s) dict_keys(['example_skip_dag']) retrieved from /home/airflow/.local/lib/python3.6/site-packages/airflow/example_dags/example_skip_dag.py
[2021-07-12 20:58:59,576] {logging_mixin.py:104} INFO - [2021-07-12 20:58:59,576] {dag.py:1833} INFO - Sync 1 DAGs
[2021-07-12 20:58:59,586] {logging_mixin.py:104} INFO - [2021-07-12 20:58:59,586] {dag.py:2306} INFO - Setting next_dagrun for example_skip_dag to 2021-07-10 00:00:00+00:00
[2021-07-12 20:58:59,592] {scheduler_job.py:190} INFO - Processing /home/airflow/.local/lib/python3.6/site-packages/airflow/example_dags/example_skip_dag.py took 0.039 seconds
[2021-07-12 20:59:29,812] {scheduler_job.py:182} INFO - Started process (PID=3466) to work on /home/airflow/.local/lib/python3.6/site-packages/airflow/example_dags/example_skip_dag.py
[2021-07-12 20:59:29,812] {scheduler_job.py:633} INFO - Processing file /home/airflow/.local/lib/python3.6/site-packages/airflow/example_dags/example_skip_dag.py for tasks to queue
[2021-07-12 20:59:29,812] {logging_mixin.py:104} INFO - [2021-07-12 20:59:29,812] {dagbag.py:496} INFO - Filling up the DagBag from /home/airflow/.local/lib/python3.6/site-packages/airflow/example_dags/example_skip_dag.py
[2021-07-12 20:59:29,818] {scheduler_job.py:643} INFO - DAG(s) dict_keys(['example_skip_dag']) retrieved from /home/airflow/.local/lib/python3.6/site-packages/airflow/example_dags/example_skip_dag.py
[2021-07-12 20:59:29,830] {logging_mixin.py:104} INFO - [2021-07-12 20:59:29,830] {dag.py:1833} INFO - Sync 1 DAGs
[2021-07-12 20:59:29,839] {logging_mixin.py:104} INFO - [2021-07-12 20:59:29,839] {dag.py:2306} INFO - Setting next_dagrun for example_skip_dag to 2021-07-10 00:00:00+00:00
[2021-07-12 20:59:29,846] {scheduler_job.py:190} INFO - Processing /home/airflow/.local/lib/python3.6/site-packages/airflow/example_dags/example_skip_dag.py took 0.037 seconds
[2021-07-12 21:00:00,032] {scheduler_job.py:182} INFO - Started process (PID=3527) to work on /home/airflow/.local/lib/python3.6/site-packages/airflow/example_dags/example_skip_dag.py
[2021-07-12 21:00:00,032] {scheduler_job.py:633} INFO - Processing file /home/airflow/.local/lib/python3.6/site-packages/airflow/example_dags/example_skip_dag.py for tasks to queue
[2021-07-12 21:00:00,032] {logging_mixin.py:104} INFO - [2021-07-12 21:00:00,032] {dagbag.py:496} INFO - Filling up the DagBag from /home/airflow/.local/lib/python3.6/site-packages/airflow/example_dags/example_skip_dag.py
[2021-07-12 21:00:00,040] {scheduler_job.py:643} INFO - DAG(s) dict_keys(['example_skip_dag']) retrieved from /home/airflow/.local/lib/python3.6/site-packages/airflow/example_dags/example_skip_dag.py
[2021-07-12 21:00:00,052] {logging_mixin.py:104} INFO - [2021-07-12 21:00:00,052] {dag.py:1833} INFO - Sync 1 DAGs
[2021-07-12 21:00:00,063] {logging_mixin.py:104} INFO - [2021-07-12 21:00:00,063] {dag.py:2306} INFO - Setting next_dagrun for example_skip_dag to 2021-07-10 00:00:00+00:00
[2021-07-12 21:00:00,069] {scheduler_job.py:190} INFO - Processing /home/airflow/.local/lib/python3.6/site-packages/airflow/example_dags/example_skip_dag.py took 0.039 seconds
[2021-07-12 21:00:30,412] {scheduler_job.py:182} INFO - Started process (PID=3582) to work on /home/airflow/.local/lib/python3.6/site-packages/airflow/example_dags/example_skip_dag.py
[2021-07-12 21:00:30,413] {scheduler_job.py:633} INFO - Processing file /home/airflow/.local/lib/python3.6/site-packages/airflow/example_dags/example_skip_dag.py for tasks to queue
[2021-07-12 21:00:30,413] {logging_mixin.py:104} INFO - [2021-07-12 21:00:30,413] {dagbag.py:496} INFO - Filling up the DagBag from /home/airflow/.local/lib/python3.6/site-packages/airflow/example_dags/example_skip_dag.py
[2021-07-12 21:00:30,419] {scheduler_job.py:643} INFO - DAG(s) dict_keys(['example_skip_dag']) retrieved from /home/airflow/.local/lib/python3.6/site-packages/airflow/example_dags/example_skip_dag.py
[2021-07-12 21:00:30,431] {logging_mixin.py:104} INFO - [2021-07-12 21:00:30,430] {dag.py:1833} INFO - Sync 1 DAGs
[2021-07-12 21:00:30,442] {logging_mixin.py:104} INFO - [2021-07-12 21:00:30,442] {dag.py:2306} INFO - Setting next_dagrun for example_skip_dag to 2021-07-10 00:00:00+00:00
[2021-07-12 21:00:30,446] {scheduler_job.py:190} INFO - Processing /home/airflow/.local/lib/python3.6/site-packages/airflow/example_dags/example_skip_dag.py took 0.036 seconds
[2021-07-12 21:01:00,657] {scheduler_job.py:182} INFO - Started process (PID=3642) to work on /home/airflow/.local/lib/python3.6/site-packages/airflow/example_dags/example_skip_dag.py
[2021-07-12 21:01:00,658] {scheduler_job.py:633} INFO - Processing file /home/airflow/.local/lib/python3.6/site-packages/airflow/example_dags/example_skip_dag.py for tasks to queue
[2021-07-12 21:01:00,658] {logging_mixin.py:104} INFO - [2021-07-12 21:01:00,658] {dagbag.py:496} INFO - Filling up the DagBag from /home/airflow/.local/lib/python3.6/site-packages/airflow/example_dags/example_skip_dag.py
[2021-07-12 21:01:00,665] {scheduler_job.py:643} INFO - DAG(s) dict_keys(['example_skip_dag']) retrieved from /home/airflow/.local/lib/python3.6/site-packages/airflow/example_dags/example_skip_dag.py
[2021-07-12 21:01:00,679] {logging_mixin.py:104} INFO - [2021-07-12 21:01:00,679] {dag.py:1833} INFO - Sync 1 DAGs
[2021-07-12 21:01:00,689] {logging_mixin.py:104} INFO - [2021-07-12 21:01:00,689] {dag.py:2306} INFO - Setting next_dagrun for example_skip_dag to 2021-07-10 00:00:00+00:00
[2021-07-12 21:01:00,693] {scheduler_job.py:190} INFO - Processing /home/airflow/.local/lib/python3.6/site-packages/airflow/example_dags/example_skip_dag.py took 0.037 seconds
[2021-07-12 21:01:30,955] {scheduler_job.py:182} INFO - Started process (PID=3703) to work on /home/airflow/.local/lib/python3.6/site-packages/airflow/example_dags/example_skip_dag.py
[2021-07-12 21:01:30,955] {scheduler_job.py:633} INFO - Processing file /home/airflow/.local/lib/python3.6/site-packages/airflow/example_dags/example_skip_dag.py for tasks to queue
[2021-07-12 21:01:30,956] {logging_mixin.py:104} INFO - [2021-07-12 21:01:30,956] {dagbag.py:496} INFO - Filling up the DagBag from /home/airflow/.local/lib/python3.6/site-packages/airflow/example_dags/example_skip_dag.py
[2021-07-12 21:01:30,964] {scheduler_job.py:643} INFO - DAG(s) dict_keys(['example_skip_dag']) retrieved from /home/airflow/.local/lib/python3.6/site-packages/airflow/example_dags/example_skip_dag.py
[2021-07-12 21:01:30,978] {logging_mixin.py:104} INFO - [2021-07-12 21:01:30,978] {dag.py:1833} INFO - Sync 1 DAGs
[2021-07-12 21:01:30,989] {logging_mixin.py:104} INFO - [2021-07-12 21:01:30,989] {dag.py:2306} INFO - Setting next_dagrun for example_skip_dag to 2021-07-10 00:00:00+00:00
[2021-07-12 21:01:30,994] {scheduler_job.py:190} INFO - Processing /home/airflow/.local/lib/python3.6/site-packages/airflow/example_dags/example_skip_dag.py took 0.041 seconds
[2021-07-12 21:02:01,251] {scheduler_job.py:182} INFO - Started process (PID=3780) to work on /home/airflow/.local/lib/python3.6/site-packages/airflow/example_dags/example_skip_dag.py
[2021-07-12 21:02:01,252] {scheduler_job.py:633} INFO - Processing file /home/airflow/.local/lib/python3.6/site-packages/airflow/example_dags/example_skip_dag.py for tasks to queue
[2021-07-12 21:02:01,252] {logging_mixin.py:104} INFO - [2021-07-12 21:02:01,252] {dagbag.py:496} INFO - Filling up the DagBag from /home/airflow/.local/lib/python3.6/site-packages/airflow/example_dags/example_skip_dag.py
[2021-07-12 21:02:01,262] {scheduler_job.py:643} INFO - DAG(s) dict_keys(['example_skip_dag']) retrieved from /home/airflow/.local/lib/python3.6/site-packages/airflow/example_dags/example_skip_dag.py
[2021-07-12 21:02:01,275] {logging_mixin.py:104} INFO - [2021-07-12 21:02:01,275] {dag.py:1833} INFO - Sync 1 DAGs
[2021-07-12 21:02:01,283] {logging_mixin.py:104} INFO - [2021-07-12 21:02:01,283] {dag.py:2306} INFO - Setting next_dagrun for example_skip_dag to 2021-07-10 00:00:00+00:00
[2021-07-12 21:02:01,287] {scheduler_job.py:190} INFO - Processing /home/airflow/.local/lib/python3.6/site-packages/airflow/example_dags/example_skip_dag.py took 0.038 seconds
[2021-07-12 21:02:31,488] {scheduler_job.py:182} INFO - Started process (PID=3834) to work on /home/airflow/.local/lib/python3.6/site-packages/airflow/example_dags/example_skip_dag.py
[2021-07-12 21:02:31,489] {scheduler_job.py:633} INFO - Processing file /home/airflow/.local/lib/python3.6/site-packages/airflow/example_dags/example_skip_dag.py for tasks to queue
[2021-07-12 21:02:31,489] {logging_mixin.py:104} INFO - [2021-07-12 21:02:31,489] {dagbag.py:496} INFO - Filling up the DagBag from /home/airflow/.local/lib/python3.6/site-packages/airflow/example_dags/example_skip_dag.py
[2021-07-12 21:02:31,495] {scheduler_job.py:643} INFO - DAG(s) dict_keys(['example_skip_dag']) retrieved from /home/airflow/.local/lib/python3.6/site-packages/airflow/example_dags/example_skip_dag.py
[2021-07-12 21:02:31,512] {logging_mixin.py:104} INFO - [2021-07-12 21:02:31,511] {dag.py:1833} INFO - Sync 1 DAGs
[2021-07-12 21:02:31,524] {logging_mixin.py:104} INFO - [2021-07-12 21:02:31,524] {dag.py:2306} INFO - Setting next_dagrun for example_skip_dag to 2021-07-10 00:00:00+00:00
[2021-07-12 21:02:31,531] {scheduler_job.py:190} INFO - Processing /home/airflow/.local/lib/python3.6/site-packages/airflow/example_dags/example_skip_dag.py took 0.044 seconds
[2021-07-12 21:03:01,790] {scheduler_job.py:182} INFO - Started process (PID=3895) to work on /home/airflow/.local/lib/python3.6/site-packages/airflow/example_dags/example_skip_dag.py
[2021-07-12 21:03:01,791] {scheduler_job.py:633} INFO - Processing file /home/airflow/.local/lib/python3.6/site-packages/airflow/example_dags/example_skip_dag.py for tasks to queue
[2021-07-12 21:03:01,791] {logging_mixin.py:104} INFO - [2021-07-12 21:03:01,791] {dagbag.py:496} INFO - Filling up the DagBag from /home/airflow/.local/lib/python3.6/site-packages/airflow/example_dags/example_skip_dag.py
[2021-07-12 21:03:01,797] {scheduler_job.py:643} INFO - DAG(s) dict_keys(['example_skip_dag']) retrieved from /home/airflow/.local/lib/python3.6/site-packages/airflow/example_dags/example_skip_dag.py
[2021-07-12 21:03:01,813] {logging_mixin.py:104} INFO - [2021-07-12 21:03:01,812] {dag.py:1833} INFO - Sync 1 DAGs
[2021-07-12 21:03:01,824] {logging_mixin.py:104} INFO - [2021-07-12 21:03:01,824] {dag.py:2306} INFO - Setting next_dagrun for example_skip_dag to 2021-07-10 00:00:00+00:00
[2021-07-12 21:03:01,829] {scheduler_job.py:190} INFO - Processing /home/airflow/.local/lib/python3.6/site-packages/airflow/example_dags/example_skip_dag.py took 0.040 seconds
[2021-07-12 21:03:31,976] {scheduler_job.py:182} INFO - Started process (PID=3957) to work on /home/airflow/.local/lib/python3.6/site-packages/airflow/example_dags/example_skip_dag.py
[2021-07-12 21:03:31,977] {scheduler_job.py:633} INFO - Processing file /home/airflow/.local/lib/python3.6/site-packages/airflow/example_dags/example_skip_dag.py for tasks to queue
[2021-07-12 21:03:31,978] {logging_mixin.py:104} INFO - [2021-07-12 21:03:31,978] {dagbag.py:496} INFO - Filling up the DagBag from /home/airflow/.local/lib/python3.6/site-packages/airflow/example_dags/example_skip_dag.py
[2021-07-12 21:03:31,987] {scheduler_job.py:643} INFO - DAG(s) dict_keys(['example_skip_dag']) retrieved from /home/airflow/.local/lib/python3.6/site-packages/airflow/example_dags/example_skip_dag.py
[2021-07-12 21:03:31,999] {logging_mixin.py:104} INFO - [2021-07-12 21:03:31,999] {dag.py:1833} INFO - Sync 1 DAGs
[2021-07-12 21:03:32,008] {logging_mixin.py:104} INFO - [2021-07-12 21:03:32,008] {dag.py:2306} INFO - Setting next_dagrun for example_skip_dag to 2021-07-10 00:00:00+00:00
[2021-07-12 21:03:32,014] {scheduler_job.py:190} INFO - Processing /home/airflow/.local/lib/python3.6/site-packages/airflow/example_dags/example_skip_dag.py took 0.040 seconds
[2021-07-12 21:04:02,207] {scheduler_job.py:182} INFO - Started process (PID=4009) to work on /home/airflow/.local/lib/python3.6/site-packages/airflow/example_dags/example_skip_dag.py
[2021-07-12 21:04:02,208] {scheduler_job.py:633} INFO - Processing file /home/airflow/.local/lib/python3.6/site-packages/airflow/example_dags/example_skip_dag.py for tasks to queue
[2021-07-12 21:04:02,208] {logging_mixin.py:104} INFO - [2021-07-12 21:04:02,208] {dagbag.py:496} INFO - Filling up the DagBag from /home/airflow/.local/lib/python3.6/site-packages/airflow/example_dags/example_skip_dag.py
[2021-07-12 21:04:02,216] {scheduler_job.py:643} INFO - DAG(s) dict_keys(['example_skip_dag']) retrieved from /home/airflow/.local/lib/python3.6/site-packages/airflow/example_dags/example_skip_dag.py
[2021-07-12 21:04:02,229] {logging_mixin.py:104} INFO - [2021-07-12 21:04:02,229] {dag.py:1833} INFO - Sync 1 DAGs
[2021-07-12 21:04:02,243] {logging_mixin.py:104} INFO - [2021-07-12 21:04:02,242] {dag.py:2306} INFO - Setting next_dagrun for example_skip_dag to 2021-07-10 00:00:00+00:00
[2021-07-12 21:04:02,249] {scheduler_job.py:190} INFO - Processing /home/airflow/.local/lib/python3.6/site-packages/airflow/example_dags/example_skip_dag.py took 0.046 seconds
[2021-07-12 21:04:32,503] {scheduler_job.py:182} INFO - Started process (PID=4070) to work on /home/airflow/.local/lib/python3.6/site-packages/airflow/example_dags/example_skip_dag.py
[2021-07-12 21:04:32,503] {scheduler_job.py:633} INFO - Processing file /home/airflow/.local/lib/python3.6/site-packages/airflow/example_dags/example_skip_dag.py for tasks to queue
[2021-07-12 21:04:32,504] {logging_mixin.py:104} INFO - [2021-07-12 21:04:32,503] {dagbag.py:496} INFO - Filling up the DagBag from /home/airflow/.local/lib/python3.6/site-packages/airflow/example_dags/example_skip_dag.py
[2021-07-12 21:04:32,510] {scheduler_job.py:643} INFO - DAG(s) dict_keys(['example_skip_dag']) retrieved from /home/airflow/.local/lib/python3.6/site-packages/airflow/example_dags/example_skip_dag.py
[2021-07-12 21:04:32,522] {logging_mixin.py:104} INFO - [2021-07-12 21:04:32,522] {dag.py:1833} INFO - Sync 1 DAGs
[2021-07-12 21:04:32,532] {logging_mixin.py:104} INFO - [2021-07-12 21:04:32,532] {dag.py:2306} INFO - Setting next_dagrun for example_skip_dag to 2021-07-10 00:00:00+00:00
[2021-07-12 21:04:32,540] {scheduler_job.py:190} INFO - Processing /home/airflow/.local/lib/python3.6/site-packages/airflow/example_dags/example_skip_dag.py took 0.040 seconds
[2021-07-12 21:05:02,805] {scheduler_job.py:182} INFO - Started process (PID=4132) to work on /home/airflow/.local/lib/python3.6/site-packages/airflow/example_dags/example_skip_dag.py
[2021-07-12 21:05:02,806] {scheduler_job.py:633} INFO - Processing file /home/airflow/.local/lib/python3.6/site-packages/airflow/example_dags/example_skip_dag.py for tasks to queue
[2021-07-12 21:05:02,806] {logging_mixin.py:104} INFO - [2021-07-12 21:05:02,806] {dagbag.py:496} INFO - Filling up the DagBag from /home/airflow/.local/lib/python3.6/site-packages/airflow/example_dags/example_skip_dag.py
[2021-07-12 21:05:02,812] {scheduler_job.py:643} INFO - DAG(s) dict_keys(['example_skip_dag']) retrieved from /home/airflow/.local/lib/python3.6/site-packages/airflow/example_dags/example_skip_dag.py
[2021-07-12 21:05:02,825] {logging_mixin.py:104} INFO - [2021-07-12 21:05:02,825] {dag.py:1833} INFO - Sync 1 DAGs
[2021-07-12 21:05:02,834] {logging_mixin.py:104} INFO - [2021-07-12 21:05:02,834] {dag.py:2306} INFO - Setting next_dagrun for example_skip_dag to 2021-07-10 00:00:00+00:00
[2021-07-12 21:05:02,840] {scheduler_job.py:190} INFO - Processing /home/airflow/.local/lib/python3.6/site-packages/airflow/example_dags/example_skip_dag.py took 0.036 seconds
[2021-07-12 21:05:33,051] {scheduler_job.py:182} INFO - Started process (PID=4194) to work on /home/airflow/.local/lib/python3.6/site-packages/airflow/example_dags/example_skip_dag.py
[2021-07-12 21:05:33,051] {scheduler_job.py:633} INFO - Processing file /home/airflow/.local/lib/python3.6/site-packages/airflow/example_dags/example_skip_dag.py for tasks to queue
[2021-07-12 21:05:33,051] {logging_mixin.py:104} INFO - [2021-07-12 21:05:33,051] {dagbag.py:496} INFO - Filling up the DagBag from /home/airflow/.local/lib/python3.6/site-packages/airflow/example_dags/example_skip_dag.py
[2021-07-12 21:05:33,060] {scheduler_job.py:643} INFO - DAG(s) dict_keys(['example_skip_dag']) retrieved from /home/airflow/.local/lib/python3.6/site-packages/airflow/example_dags/example_skip_dag.py
[2021-07-12 21:05:33,077] {logging_mixin.py:104} INFO - [2021-07-12 21:05:33,077] {dag.py:1833} INFO - Sync 1 DAGs
[2021-07-12 21:05:33,085] {logging_mixin.py:104} INFO - [2021-07-12 21:05:33,085] {dag.py:2306} INFO - Setting next_dagrun for example_skip_dag to 2021-07-10 00:00:00+00:00
[2021-07-12 21:05:33,090] {scheduler_job.py:190} INFO - Processing /home/airflow/.local/lib/python3.6/site-packages/airflow/example_dags/example_skip_dag.py took 0.041 seconds
[2021-07-12 21:06:03,309] {scheduler_job.py:182} INFO - Started process (PID=4245) to work on /home/airflow/.local/lib/python3.6/site-packages/airflow/example_dags/example_skip_dag.py
[2021-07-12 21:06:03,309] {scheduler_job.py:633} INFO - Processing file /home/airflow/.local/lib/python3.6/site-packages/airflow/example_dags/example_skip_dag.py for tasks to queue
[2021-07-12 21:06:03,310] {logging_mixin.py:104} INFO - [2021-07-12 21:06:03,310] {dagbag.py:496} INFO - Filling up the DagBag from /home/airflow/.local/lib/python3.6/site-packages/airflow/example_dags/example_skip_dag.py
[2021-07-12 21:06:03,317] {scheduler_job.py:643} INFO - DAG(s) dict_keys(['example_skip_dag']) retrieved from /home/airflow/.local/lib/python3.6/site-packages/airflow/example_dags/example_skip_dag.py
[2021-07-12 21:06:03,329] {logging_mixin.py:104} INFO - [2021-07-12 21:06:03,329] {dag.py:1833} INFO - Sync 1 DAGs
[2021-07-12 21:06:03,341] {logging_mixin.py:104} INFO - [2021-07-12 21:06:03,341] {dag.py:2306} INFO - Setting next_dagrun for example_skip_dag to 2021-07-10 00:00:00+00:00
[2021-07-12 21:06:03,346] {scheduler_job.py:190} INFO - Processing /home/airflow/.local/lib/python3.6/site-packages/airflow/example_dags/example_skip_dag.py took 0.038 seconds
[2021-07-12 21:06:33,612] {scheduler_job.py:182} INFO - Started process (PID=4307) to work on /home/airflow/.local/lib/python3.6/site-packages/airflow/example_dags/example_skip_dag.py
[2021-07-12 21:06:33,613] {scheduler_job.py:633} INFO - Processing file /home/airflow/.local/lib/python3.6/site-packages/airflow/example_dags/example_skip_dag.py for tasks to queue
[2021-07-12 21:06:33,614] {logging_mixin.py:104} INFO - [2021-07-12 21:06:33,614] {dagbag.py:496} INFO - Filling up the DagBag from /home/airflow/.local/lib/python3.6/site-packages/airflow/example_dags/example_skip_dag.py
[2021-07-12 21:06:33,623] {scheduler_job.py:643} INFO - DAG(s) dict_keys(['example_skip_dag']) retrieved from /home/airflow/.local/lib/python3.6/site-packages/airflow/example_dags/example_skip_dag.py
[2021-07-12 21:06:33,645] {logging_mixin.py:104} INFO - [2021-07-12 21:06:33,645] {dag.py:1833} INFO - Sync 1 DAGs
[2021-07-12 21:06:33,660] {logging_mixin.py:104} INFO - [2021-07-12 21:06:33,660] {dag.py:2306} INFO - Setting next_dagrun for example_skip_dag to 2021-07-10 00:00:00+00:00
[2021-07-12 21:06:33,667] {scheduler_job.py:190} INFO - Processing /home/airflow/.local/lib/python3.6/site-packages/airflow/example_dags/example_skip_dag.py took 0.057 seconds
[2021-07-12 21:07:04,029] {scheduler_job.py:182} INFO - Started process (PID=4369) to work on /home/airflow/.local/lib/python3.6/site-packages/airflow/example_dags/example_skip_dag.py
[2021-07-12 21:07:04,030] {scheduler_job.py:633} INFO - Processing file /home/airflow/.local/lib/python3.6/site-packages/airflow/example_dags/example_skip_dag.py for tasks to queue
[2021-07-12 21:07:04,030] {logging_mixin.py:104} INFO - [2021-07-12 21:07:04,030] {dagbag.py:496} INFO - Filling up the DagBag from /home/airflow/.local/lib/python3.6/site-packages/airflow/example_dags/example_skip_dag.py
[2021-07-12 21:07:04,038] {scheduler_job.py:643} INFO - DAG(s) dict_keys(['example_skip_dag']) retrieved from /home/airflow/.local/lib/python3.6/site-packages/airflow/example_dags/example_skip_dag.py
[2021-07-12 21:07:04,053] {logging_mixin.py:104} INFO - [2021-07-12 21:07:04,053] {dag.py:1833} INFO - Sync 1 DAGs
[2021-07-12 21:07:04,062] {logging_mixin.py:104} INFO - [2021-07-12 21:07:04,062] {dag.py:2306} INFO - Setting next_dagrun for example_skip_dag to 2021-07-10 00:00:00+00:00
[2021-07-12 21:07:04,068] {scheduler_job.py:190} INFO - Processing /home/airflow/.local/lib/python3.6/site-packages/airflow/example_dags/example_skip_dag.py took 0.041 seconds
[2021-07-12 21:07:34,271] {scheduler_job.py:182} INFO - Started process (PID=4419) to work on /home/airflow/.local/lib/python3.6/site-packages/airflow/example_dags/example_skip_dag.py
[2021-07-12 21:07:34,271] {scheduler_job.py:633} INFO - Processing file /home/airflow/.local/lib/python3.6/site-packages/airflow/example_dags/example_skip_dag.py for tasks to queue
[2021-07-12 21:07:34,272] {logging_mixin.py:104} INFO - [2021-07-12 21:07:34,272] {dagbag.py:496} INFO - Filling up the DagBag from /home/airflow/.local/lib/python3.6/site-packages/airflow/example_dags/example_skip_dag.py
[2021-07-12 21:07:34,277] {scheduler_job.py:643} INFO - DAG(s) dict_keys(['example_skip_dag']) retrieved from /home/airflow/.local/lib/python3.6/site-packages/airflow/example_dags/example_skip_dag.py
[2021-07-12 21:07:34,288] {logging_mixin.py:104} INFO - [2021-07-12 21:07:34,288] {dag.py:1833} INFO - Sync 1 DAGs
[2021-07-12 21:07:34,296] {logging_mixin.py:104} INFO - [2021-07-12 21:07:34,296] {dag.py:2306} INFO - Setting next_dagrun for example_skip_dag to 2021-07-10 00:00:00+00:00
[2021-07-12 21:07:34,304] {scheduler_job.py:190} INFO - Processing /home/airflow/.local/lib/python3.6/site-packages/airflow/example_dags/example_skip_dag.py took 0.035 seconds
[2021-07-12 21:08:04,533] {scheduler_job.py:182} INFO - Started process (PID=4482) to work on /home/airflow/.local/lib/python3.6/site-packages/airflow/example_dags/example_skip_dag.py
[2021-07-12 21:08:04,534] {scheduler_job.py:633} INFO - Processing file /home/airflow/.local/lib/python3.6/site-packages/airflow/example_dags/example_skip_dag.py for tasks to queue
[2021-07-12 21:08:04,534] {logging_mixin.py:104} INFO - [2021-07-12 21:08:04,534] {dagbag.py:496} INFO - Filling up the DagBag from /home/airflow/.local/lib/python3.6/site-packages/airflow/example_dags/example_skip_dag.py
[2021-07-12 21:08:04,540] {scheduler_job.py:643} INFO - DAG(s) dict_keys(['example_skip_dag']) retrieved from /home/airflow/.local/lib/python3.6/site-packages/airflow/example_dags/example_skip_dag.py
[2021-07-12 21:08:04,552] {logging_mixin.py:104} INFO - [2021-07-12 21:08:04,552] {dag.py:1833} INFO - Sync 1 DAGs
[2021-07-12 21:08:04,561] {logging_mixin.py:104} INFO - [2021-07-12 21:08:04,561] {dag.py:2306} INFO - Setting next_dagrun for example_skip_dag to 2021-07-10 00:00:00+00:00
[2021-07-12 21:08:04,566] {scheduler_job.py:190} INFO - Processing /home/airflow/.local/lib/python3.6/site-packages/airflow/example_dags/example_skip_dag.py took 0.034 seconds
[2021-07-12 21:08:34,752] {scheduler_job.py:182} INFO - Started process (PID=4544) to work on /home/airflow/.local/lib/python3.6/site-packages/airflow/example_dags/example_skip_dag.py
[2021-07-12 21:08:34,752] {scheduler_job.py:633} INFO - Processing file /home/airflow/.local/lib/python3.6/site-packages/airflow/example_dags/example_skip_dag.py for tasks to queue
[2021-07-12 21:08:34,752] {logging_mixin.py:104} INFO - [2021-07-12 21:08:34,752] {dagbag.py:496} INFO - Filling up the DagBag from /home/airflow/.local/lib/python3.6/site-packages/airflow/example_dags/example_skip_dag.py
[2021-07-12 21:08:34,758] {scheduler_job.py:643} INFO - DAG(s) dict_keys(['example_skip_dag']) retrieved from /home/airflow/.local/lib/python3.6/site-packages/airflow/example_dags/example_skip_dag.py
[2021-07-12 21:08:34,771] {logging_mixin.py:104} INFO - [2021-07-12 21:08:34,771] {dag.py:1833} INFO - Sync 1 DAGs
[2021-07-12 21:08:34,781] {logging_mixin.py:104} INFO - [2021-07-12 21:08:34,781] {dag.py:2306} INFO - Setting next_dagrun for example_skip_dag to 2021-07-10 00:00:00+00:00
[2021-07-12 21:08:34,788] {scheduler_job.py:190} INFO - Processing /home/airflow/.local/lib/python3.6/site-packages/airflow/example_dags/example_skip_dag.py took 0.038 seconds
