[2021-07-12 20:30:03,274] {scheduler_job.py:182} INFO - Started process (PID=29) to work on /home/airflow/.local/lib/python3.6/site-packages/airflow/example_dags/example_dag_decorator.py
[2021-07-12 20:30:03,275] {scheduler_job.py:633} INFO - Processing file /home/airflow/.local/lib/python3.6/site-packages/airflow/example_dags/example_dag_decorator.py for tasks to queue
[2021-07-12 20:30:03,275] {logging_mixin.py:104} INFO - [2021-07-12 20:30:03,275] {dagbag.py:496} INFO - Filling up the DagBag from /home/airflow/.local/lib/python3.6/site-packages/airflow/example_dags/example_dag_decorator.py
[2021-07-12 20:30:03,327] {scheduler_job.py:643} INFO - DAG(s) dict_keys(['example_dag_decorator']) retrieved from /home/airflow/.local/lib/python3.6/site-packages/airflow/example_dags/example_dag_decorator.py
[2021-07-12 20:30:03,498] {logging_mixin.py:104} INFO - [2021-07-12 20:30:03,498] {dag.py:1833} INFO - Sync 1 DAGs
[2021-07-12 20:30:03,509] {logging_mixin.py:104} INFO - [2021-07-12 20:30:03,509] {dag.py:2306} INFO - Setting next_dagrun for example_dag_decorator to None
[2021-07-12 20:30:03,519] {scheduler_job.py:190} INFO - Processing /home/airflow/.local/lib/python3.6/site-packages/airflow/example_dags/example_dag_decorator.py took 0.246 seconds
[2021-07-12 20:30:34,312] {scheduler_job.py:182} INFO - Started process (PID=91) to work on /home/airflow/.local/lib/python3.6/site-packages/airflow/example_dags/example_dag_decorator.py
[2021-07-12 20:30:34,313] {scheduler_job.py:633} INFO - Processing file /home/airflow/.local/lib/python3.6/site-packages/airflow/example_dags/example_dag_decorator.py for tasks to queue
[2021-07-12 20:30:34,313] {logging_mixin.py:104} INFO - [2021-07-12 20:30:34,313] {dagbag.py:496} INFO - Filling up the DagBag from /home/airflow/.local/lib/python3.6/site-packages/airflow/example_dags/example_dag_decorator.py
[2021-07-12 20:30:34,324] {scheduler_job.py:643} INFO - DAG(s) dict_keys(['example_dag_decorator']) retrieved from /home/airflow/.local/lib/python3.6/site-packages/airflow/example_dags/example_dag_decorator.py
[2021-07-12 20:30:34,445] {logging_mixin.py:104} INFO - [2021-07-12 20:30:34,445] {dag.py:1833} INFO - Sync 1 DAGs
[2021-07-12 20:30:34,454] {logging_mixin.py:104} INFO - [2021-07-12 20:30:34,454] {dag.py:2306} INFO - Setting next_dagrun for example_dag_decorator to None
[2021-07-12 20:30:34,462] {scheduler_job.py:190} INFO - Processing /home/airflow/.local/lib/python3.6/site-packages/airflow/example_dags/example_dag_decorator.py took 0.152 seconds
[2021-07-12 20:31:04,562] {scheduler_job.py:182} INFO - Started process (PID=153) to work on /home/airflow/.local/lib/python3.6/site-packages/airflow/example_dags/example_dag_decorator.py
[2021-07-12 20:31:04,563] {scheduler_job.py:633} INFO - Processing file /home/airflow/.local/lib/python3.6/site-packages/airflow/example_dags/example_dag_decorator.py for tasks to queue
[2021-07-12 20:31:04,564] {logging_mixin.py:104} INFO - [2021-07-12 20:31:04,564] {dagbag.py:496} INFO - Filling up the DagBag from /home/airflow/.local/lib/python3.6/site-packages/airflow/example_dags/example_dag_decorator.py
[2021-07-12 20:31:04,576] {scheduler_job.py:643} INFO - DAG(s) dict_keys(['example_dag_decorator']) retrieved from /home/airflow/.local/lib/python3.6/site-packages/airflow/example_dags/example_dag_decorator.py
[2021-07-12 20:31:04,695] {logging_mixin.py:104} INFO - [2021-07-12 20:31:04,695] {dag.py:1833} INFO - Sync 1 DAGs
[2021-07-12 20:31:04,702] {logging_mixin.py:104} INFO - [2021-07-12 20:31:04,702] {dag.py:2306} INFO - Setting next_dagrun for example_dag_decorator to None
[2021-07-12 20:31:04,707] {scheduler_job.py:190} INFO - Processing /home/airflow/.local/lib/python3.6/site-packages/airflow/example_dags/example_dag_decorator.py took 0.147 seconds
[2021-07-12 20:31:34,819] {scheduler_job.py:182} INFO - Started process (PID=206) to work on /home/airflow/.local/lib/python3.6/site-packages/airflow/example_dags/example_dag_decorator.py
[2021-07-12 20:31:34,820] {scheduler_job.py:633} INFO - Processing file /home/airflow/.local/lib/python3.6/site-packages/airflow/example_dags/example_dag_decorator.py for tasks to queue
[2021-07-12 20:31:34,820] {logging_mixin.py:104} INFO - [2021-07-12 20:31:34,820] {dagbag.py:496} INFO - Filling up the DagBag from /home/airflow/.local/lib/python3.6/site-packages/airflow/example_dags/example_dag_decorator.py
[2021-07-12 20:31:34,829] {scheduler_job.py:643} INFO - DAG(s) dict_keys(['example_dag_decorator']) retrieved from /home/airflow/.local/lib/python3.6/site-packages/airflow/example_dags/example_dag_decorator.py
[2021-07-12 20:31:34,949] {logging_mixin.py:104} INFO - [2021-07-12 20:31:34,949] {dag.py:1833} INFO - Sync 1 DAGs
[2021-07-12 20:31:34,956] {logging_mixin.py:104} INFO - [2021-07-12 20:31:34,956] {dag.py:2306} INFO - Setting next_dagrun for example_dag_decorator to None
[2021-07-12 20:31:34,962] {scheduler_job.py:190} INFO - Processing /home/airflow/.local/lib/python3.6/site-packages/airflow/example_dags/example_dag_decorator.py took 0.144 seconds
[2021-07-12 20:32:05,925] {scheduler_job.py:182} INFO - Started process (PID=267) to work on /home/airflow/.local/lib/python3.6/site-packages/airflow/example_dags/example_dag_decorator.py
[2021-07-12 20:32:05,926] {scheduler_job.py:633} INFO - Processing file /home/airflow/.local/lib/python3.6/site-packages/airflow/example_dags/example_dag_decorator.py for tasks to queue
[2021-07-12 20:32:05,926] {logging_mixin.py:104} INFO - [2021-07-12 20:32:05,926] {dagbag.py:496} INFO - Filling up the DagBag from /home/airflow/.local/lib/python3.6/site-packages/airflow/example_dags/example_dag_decorator.py
[2021-07-12 20:32:05,943] {scheduler_job.py:643} INFO - DAG(s) dict_keys(['example_dag_decorator']) retrieved from /home/airflow/.local/lib/python3.6/site-packages/airflow/example_dags/example_dag_decorator.py
[2021-07-12 20:32:06,083] {logging_mixin.py:104} INFO - [2021-07-12 20:32:06,083] {dag.py:1833} INFO - Sync 1 DAGs
[2021-07-12 20:32:06,093] {logging_mixin.py:104} INFO - [2021-07-12 20:32:06,093] {dag.py:2306} INFO - Setting next_dagrun for example_dag_decorator to None
[2021-07-12 20:32:06,099] {scheduler_job.py:190} INFO - Processing /home/airflow/.local/lib/python3.6/site-packages/airflow/example_dags/example_dag_decorator.py took 0.176 seconds
[2021-07-12 20:32:37,022] {scheduler_job.py:182} INFO - Started process (PID=328) to work on /home/airflow/.local/lib/python3.6/site-packages/airflow/example_dags/example_dag_decorator.py
[2021-07-12 20:32:37,023] {scheduler_job.py:633} INFO - Processing file /home/airflow/.local/lib/python3.6/site-packages/airflow/example_dags/example_dag_decorator.py for tasks to queue
[2021-07-12 20:32:37,024] {logging_mixin.py:104} INFO - [2021-07-12 20:32:37,024] {dagbag.py:496} INFO - Filling up the DagBag from /home/airflow/.local/lib/python3.6/site-packages/airflow/example_dags/example_dag_decorator.py
[2021-07-12 20:32:37,039] {scheduler_job.py:643} INFO - DAG(s) dict_keys(['example_dag_decorator']) retrieved from /home/airflow/.local/lib/python3.6/site-packages/airflow/example_dags/example_dag_decorator.py
[2021-07-12 20:32:37,164] {logging_mixin.py:104} INFO - [2021-07-12 20:32:37,164] {dag.py:1833} INFO - Sync 1 DAGs
[2021-07-12 20:32:37,173] {logging_mixin.py:104} INFO - [2021-07-12 20:32:37,173] {dag.py:2306} INFO - Setting next_dagrun for example_dag_decorator to None
[2021-07-12 20:32:37,213] {scheduler_job.py:190} INFO - Processing /home/airflow/.local/lib/python3.6/site-packages/airflow/example_dags/example_dag_decorator.py took 0.193 seconds
[2021-07-12 20:33:07,367] {scheduler_job.py:182} INFO - Started process (PID=389) to work on /home/airflow/.local/lib/python3.6/site-packages/airflow/example_dags/example_dag_decorator.py
[2021-07-12 20:33:07,368] {scheduler_job.py:633} INFO - Processing file /home/airflow/.local/lib/python3.6/site-packages/airflow/example_dags/example_dag_decorator.py for tasks to queue
[2021-07-12 20:33:07,368] {logging_mixin.py:104} INFO - [2021-07-12 20:33:07,368] {dagbag.py:496} INFO - Filling up the DagBag from /home/airflow/.local/lib/python3.6/site-packages/airflow/example_dags/example_dag_decorator.py
[2021-07-12 20:33:07,381] {scheduler_job.py:643} INFO - DAG(s) dict_keys(['example_dag_decorator']) retrieved from /home/airflow/.local/lib/python3.6/site-packages/airflow/example_dags/example_dag_decorator.py
[2021-07-12 20:33:07,391] {logging_mixin.py:104} INFO - [2021-07-12 20:33:07,391] {dag.py:1833} INFO - Sync 1 DAGs
[2021-07-12 20:33:07,401] {logging_mixin.py:104} INFO - [2021-07-12 20:33:07,401] {dag.py:2306} INFO - Setting next_dagrun for example_dag_decorator to None
[2021-07-12 20:33:07,447] {scheduler_job.py:190} INFO - Processing /home/airflow/.local/lib/python3.6/site-packages/airflow/example_dags/example_dag_decorator.py took 0.083 seconds
[2021-07-12 20:33:37,460] {scheduler_job.py:182} INFO - Started process (PID=439) to work on /home/airflow/.local/lib/python3.6/site-packages/airflow/example_dags/example_dag_decorator.py
[2021-07-12 20:33:37,461] {scheduler_job.py:633} INFO - Processing file /home/airflow/.local/lib/python3.6/site-packages/airflow/example_dags/example_dag_decorator.py for tasks to queue
[2021-07-12 20:33:37,462] {logging_mixin.py:104} INFO - [2021-07-12 20:33:37,462] {dagbag.py:496} INFO - Filling up the DagBag from /home/airflow/.local/lib/python3.6/site-packages/airflow/example_dags/example_dag_decorator.py
[2021-07-12 20:33:37,475] {scheduler_job.py:643} INFO - DAG(s) dict_keys(['example_dag_decorator']) retrieved from /home/airflow/.local/lib/python3.6/site-packages/airflow/example_dags/example_dag_decorator.py
[2021-07-12 20:33:37,601] {logging_mixin.py:104} INFO - [2021-07-12 20:33:37,601] {dag.py:1833} INFO - Sync 1 DAGs
[2021-07-12 20:33:37,609] {logging_mixin.py:104} INFO - [2021-07-12 20:33:37,608] {dag.py:2306} INFO - Setting next_dagrun for example_dag_decorator to None
[2021-07-12 20:33:37,652] {scheduler_job.py:190} INFO - Processing /home/airflow/.local/lib/python3.6/site-packages/airflow/example_dags/example_dag_decorator.py took 0.195 seconds
[2021-07-12 20:34:07,850] {scheduler_job.py:182} INFO - Started process (PID=501) to work on /home/airflow/.local/lib/python3.6/site-packages/airflow/example_dags/example_dag_decorator.py
[2021-07-12 20:34:07,851] {scheduler_job.py:633} INFO - Processing file /home/airflow/.local/lib/python3.6/site-packages/airflow/example_dags/example_dag_decorator.py for tasks to queue
[2021-07-12 20:34:07,851] {logging_mixin.py:104} INFO - [2021-07-12 20:34:07,851] {dagbag.py:496} INFO - Filling up the DagBag from /home/airflow/.local/lib/python3.6/site-packages/airflow/example_dags/example_dag_decorator.py
[2021-07-12 20:34:07,861] {scheduler_job.py:643} INFO - DAG(s) dict_keys(['example_dag_decorator']) retrieved from /home/airflow/.local/lib/python3.6/site-packages/airflow/example_dags/example_dag_decorator.py
[2021-07-12 20:34:07,874] {logging_mixin.py:104} INFO - [2021-07-12 20:34:07,874] {dag.py:1833} INFO - Sync 1 DAGs
[2021-07-12 20:34:07,884] {logging_mixin.py:104} INFO - [2021-07-12 20:34:07,884] {dag.py:2306} INFO - Setting next_dagrun for example_dag_decorator to None
[2021-07-12 20:34:07,927] {scheduler_job.py:190} INFO - Processing /home/airflow/.local/lib/python3.6/site-packages/airflow/example_dags/example_dag_decorator.py took 0.078 seconds
[2021-07-12 20:34:38,879] {scheduler_job.py:182} INFO - Started process (PID=565) to work on /home/airflow/.local/lib/python3.6/site-packages/airflow/example_dags/example_dag_decorator.py
[2021-07-12 20:34:38,880] {scheduler_job.py:633} INFO - Processing file /home/airflow/.local/lib/python3.6/site-packages/airflow/example_dags/example_dag_decorator.py for tasks to queue
[2021-07-12 20:34:38,880] {logging_mixin.py:104} INFO - [2021-07-12 20:34:38,880] {dagbag.py:496} INFO - Filling up the DagBag from /home/airflow/.local/lib/python3.6/site-packages/airflow/example_dags/example_dag_decorator.py
[2021-07-12 20:34:38,890] {scheduler_job.py:643} INFO - DAG(s) dict_keys(['example_dag_decorator']) retrieved from /home/airflow/.local/lib/python3.6/site-packages/airflow/example_dags/example_dag_decorator.py
[2021-07-12 20:34:39,019] {logging_mixin.py:104} INFO - [2021-07-12 20:34:39,019] {dag.py:1833} INFO - Sync 1 DAGs
[2021-07-12 20:34:39,028] {logging_mixin.py:104} INFO - [2021-07-12 20:34:39,028] {dag.py:2306} INFO - Setting next_dagrun for example_dag_decorator to None
[2021-07-12 20:34:39,034] {scheduler_job.py:190} INFO - Processing /home/airflow/.local/lib/python3.6/site-packages/airflow/example_dags/example_dag_decorator.py took 0.157 seconds
[2021-07-12 20:35:09,072] {scheduler_job.py:182} INFO - Started process (PID=616) to work on /home/airflow/.local/lib/python3.6/site-packages/airflow/example_dags/example_dag_decorator.py
[2021-07-12 20:35:09,073] {scheduler_job.py:633} INFO - Processing file /home/airflow/.local/lib/python3.6/site-packages/airflow/example_dags/example_dag_decorator.py for tasks to queue
[2021-07-12 20:35:09,073] {logging_mixin.py:104} INFO - [2021-07-12 20:35:09,073] {dagbag.py:496} INFO - Filling up the DagBag from /home/airflow/.local/lib/python3.6/site-packages/airflow/example_dags/example_dag_decorator.py
[2021-07-12 20:35:09,084] {scheduler_job.py:643} INFO - DAG(s) dict_keys(['example_dag_decorator']) retrieved from /home/airflow/.local/lib/python3.6/site-packages/airflow/example_dags/example_dag_decorator.py
[2021-07-12 20:35:09,211] {logging_mixin.py:104} INFO - [2021-07-12 20:35:09,211] {dag.py:1833} INFO - Sync 1 DAGs
[2021-07-12 20:35:09,218] {logging_mixin.py:104} INFO - [2021-07-12 20:35:09,218] {dag.py:2306} INFO - Setting next_dagrun for example_dag_decorator to None
[2021-07-12 20:35:09,224] {scheduler_job.py:190} INFO - Processing /home/airflow/.local/lib/python3.6/site-packages/airflow/example_dags/example_dag_decorator.py took 0.154 seconds
[2021-07-12 20:35:39,398] {scheduler_job.py:182} INFO - Started process (PID=679) to work on /home/airflow/.local/lib/python3.6/site-packages/airflow/example_dags/example_dag_decorator.py
[2021-07-12 20:35:39,398] {scheduler_job.py:633} INFO - Processing file /home/airflow/.local/lib/python3.6/site-packages/airflow/example_dags/example_dag_decorator.py for tasks to queue
[2021-07-12 20:35:39,399] {logging_mixin.py:104} INFO - [2021-07-12 20:35:39,399] {dagbag.py:496} INFO - Filling up the DagBag from /home/airflow/.local/lib/python3.6/site-packages/airflow/example_dags/example_dag_decorator.py
[2021-07-12 20:35:39,411] {scheduler_job.py:643} INFO - DAG(s) dict_keys(['example_dag_decorator']) retrieved from /home/airflow/.local/lib/python3.6/site-packages/airflow/example_dags/example_dag_decorator.py
[2021-07-12 20:35:39,425] {logging_mixin.py:104} INFO - [2021-07-12 20:35:39,425] {dag.py:1833} INFO - Sync 1 DAGs
[2021-07-12 20:35:39,437] {logging_mixin.py:104} INFO - [2021-07-12 20:35:39,437] {dag.py:2306} INFO - Setting next_dagrun for example_dag_decorator to None
[2021-07-12 20:35:39,482] {scheduler_job.py:190} INFO - Processing /home/airflow/.local/lib/python3.6/site-packages/airflow/example_dags/example_dag_decorator.py took 0.086 seconds
[2021-07-12 20:36:09,531] {scheduler_job.py:182} INFO - Started process (PID=746) to work on /home/airflow/.local/lib/python3.6/site-packages/airflow/example_dags/example_dag_decorator.py
[2021-07-12 20:36:09,531] {scheduler_job.py:633} INFO - Processing file /home/airflow/.local/lib/python3.6/site-packages/airflow/example_dags/example_dag_decorator.py for tasks to queue
[2021-07-12 20:36:09,532] {logging_mixin.py:104} INFO - [2021-07-12 20:36:09,532] {dagbag.py:496} INFO - Filling up the DagBag from /home/airflow/.local/lib/python3.6/site-packages/airflow/example_dags/example_dag_decorator.py
[2021-07-12 20:36:09,543] {scheduler_job.py:643} INFO - DAG(s) dict_keys(['example_dag_decorator']) retrieved from /home/airflow/.local/lib/python3.6/site-packages/airflow/example_dags/example_dag_decorator.py
[2021-07-12 20:36:09,665] {logging_mixin.py:104} INFO - [2021-07-12 20:36:09,665] {dag.py:1833} INFO - Sync 1 DAGs
[2021-07-12 20:36:09,673] {logging_mixin.py:104} INFO - [2021-07-12 20:36:09,673] {dag.py:2306} INFO - Setting next_dagrun for example_dag_decorator to None
[2021-07-12 20:36:09,719] {scheduler_job.py:190} INFO - Processing /home/airflow/.local/lib/python3.6/site-packages/airflow/example_dags/example_dag_decorator.py took 0.190 seconds
[2021-07-12 20:36:39,858] {scheduler_job.py:182} INFO - Started process (PID=807) to work on /home/airflow/.local/lib/python3.6/site-packages/airflow/example_dags/example_dag_decorator.py
[2021-07-12 20:36:39,858] {scheduler_job.py:633} INFO - Processing file /home/airflow/.local/lib/python3.6/site-packages/airflow/example_dags/example_dag_decorator.py for tasks to queue
[2021-07-12 20:36:39,859] {logging_mixin.py:104} INFO - [2021-07-12 20:36:39,859] {dagbag.py:496} INFO - Filling up the DagBag from /home/airflow/.local/lib/python3.6/site-packages/airflow/example_dags/example_dag_decorator.py
[2021-07-12 20:36:39,869] {scheduler_job.py:643} INFO - DAG(s) dict_keys(['example_dag_decorator']) retrieved from /home/airflow/.local/lib/python3.6/site-packages/airflow/example_dags/example_dag_decorator.py
[2021-07-12 20:36:39,996] {logging_mixin.py:104} INFO - [2021-07-12 20:36:39,996] {dag.py:1833} INFO - Sync 1 DAGs
[2021-07-12 20:36:40,005] {logging_mixin.py:104} INFO - [2021-07-12 20:36:40,005] {dag.py:2306} INFO - Setting next_dagrun for example_dag_decorator to None
[2021-07-12 20:36:40,014] {scheduler_job.py:190} INFO - Processing /home/airflow/.local/lib/python3.6/site-packages/airflow/example_dags/example_dag_decorator.py took 0.157 seconds
[2021-07-12 20:37:10,122] {scheduler_job.py:182} INFO - Started process (PID=858) to work on /home/airflow/.local/lib/python3.6/site-packages/airflow/example_dags/example_dag_decorator.py
[2021-07-12 20:37:10,124] {scheduler_job.py:633} INFO - Processing file /home/airflow/.local/lib/python3.6/site-packages/airflow/example_dags/example_dag_decorator.py for tasks to queue
[2021-07-12 20:37:10,124] {logging_mixin.py:104} INFO - [2021-07-12 20:37:10,124] {dagbag.py:496} INFO - Filling up the DagBag from /home/airflow/.local/lib/python3.6/site-packages/airflow/example_dags/example_dag_decorator.py
[2021-07-12 20:37:10,135] {scheduler_job.py:643} INFO - DAG(s) dict_keys(['example_dag_decorator']) retrieved from /home/airflow/.local/lib/python3.6/site-packages/airflow/example_dags/example_dag_decorator.py
[2021-07-12 20:37:10,260] {logging_mixin.py:104} INFO - [2021-07-12 20:37:10,260] {dag.py:1833} INFO - Sync 1 DAGs
[2021-07-12 20:37:10,268] {logging_mixin.py:104} INFO - [2021-07-12 20:37:10,268] {dag.py:2306} INFO - Setting next_dagrun for example_dag_decorator to None
[2021-07-12 20:37:10,277] {scheduler_job.py:190} INFO - Processing /home/airflow/.local/lib/python3.6/site-packages/airflow/example_dags/example_dag_decorator.py took 0.157 seconds
[2021-07-12 20:37:40,403] {scheduler_job.py:182} INFO - Started process (PID=919) to work on /home/airflow/.local/lib/python3.6/site-packages/airflow/example_dags/example_dag_decorator.py
[2021-07-12 20:37:40,404] {scheduler_job.py:633} INFO - Processing file /home/airflow/.local/lib/python3.6/site-packages/airflow/example_dags/example_dag_decorator.py for tasks to queue
[2021-07-12 20:37:40,405] {logging_mixin.py:104} INFO - [2021-07-12 20:37:40,405] {dagbag.py:496} INFO - Filling up the DagBag from /home/airflow/.local/lib/python3.6/site-packages/airflow/example_dags/example_dag_decorator.py
[2021-07-12 20:37:40,416] {scheduler_job.py:643} INFO - DAG(s) dict_keys(['example_dag_decorator']) retrieved from /home/airflow/.local/lib/python3.6/site-packages/airflow/example_dags/example_dag_decorator.py
[2021-07-12 20:37:40,541] {logging_mixin.py:104} INFO - [2021-07-12 20:37:40,541] {dag.py:1833} INFO - Sync 1 DAGs
[2021-07-12 20:37:40,548] {logging_mixin.py:104} INFO - [2021-07-12 20:37:40,548] {dag.py:2306} INFO - Setting next_dagrun for example_dag_decorator to None
[2021-07-12 20:37:40,591] {scheduler_job.py:190} INFO - Processing /home/airflow/.local/lib/python3.6/site-packages/airflow/example_dags/example_dag_decorator.py took 0.191 seconds
[2021-07-12 20:38:10,720] {scheduler_job.py:182} INFO - Started process (PID=981) to work on /home/airflow/.local/lib/python3.6/site-packages/airflow/example_dags/example_dag_decorator.py
[2021-07-12 20:38:10,721] {scheduler_job.py:633} INFO - Processing file /home/airflow/.local/lib/python3.6/site-packages/airflow/example_dags/example_dag_decorator.py for tasks to queue
[2021-07-12 20:38:10,722] {logging_mixin.py:104} INFO - [2021-07-12 20:38:10,721] {dagbag.py:496} INFO - Filling up the DagBag from /home/airflow/.local/lib/python3.6/site-packages/airflow/example_dags/example_dag_decorator.py
[2021-07-12 20:38:10,732] {scheduler_job.py:643} INFO - DAG(s) dict_keys(['example_dag_decorator']) retrieved from /home/airflow/.local/lib/python3.6/site-packages/airflow/example_dags/example_dag_decorator.py
[2021-07-12 20:38:10,747] {logging_mixin.py:104} INFO - [2021-07-12 20:38:10,747] {dag.py:1833} INFO - Sync 1 DAGs
[2021-07-12 20:38:10,758] {logging_mixin.py:104} INFO - [2021-07-12 20:38:10,758] {dag.py:2306} INFO - Setting next_dagrun for example_dag_decorator to None
[2021-07-12 20:38:10,803] {scheduler_job.py:190} INFO - Processing /home/airflow/.local/lib/python3.6/site-packages/airflow/example_dags/example_dag_decorator.py took 0.085 seconds
[2021-07-12 20:38:40,837] {scheduler_job.py:182} INFO - Started process (PID=1032) to work on /home/airflow/.local/lib/python3.6/site-packages/airflow/example_dags/example_dag_decorator.py
[2021-07-12 20:38:40,837] {scheduler_job.py:633} INFO - Processing file /home/airflow/.local/lib/python3.6/site-packages/airflow/example_dags/example_dag_decorator.py for tasks to queue
[2021-07-12 20:38:40,839] {logging_mixin.py:104} INFO - [2021-07-12 20:38:40,838] {dagbag.py:496} INFO - Filling up the DagBag from /home/airflow/.local/lib/python3.6/site-packages/airflow/example_dags/example_dag_decorator.py
[2021-07-12 20:38:40,856] {scheduler_job.py:643} INFO - DAG(s) dict_keys(['example_dag_decorator']) retrieved from /home/airflow/.local/lib/python3.6/site-packages/airflow/example_dags/example_dag_decorator.py
[2021-07-12 20:38:41,007] {logging_mixin.py:104} INFO - [2021-07-12 20:38:41,006] {dag.py:1833} INFO - Sync 1 DAGs
[2021-07-12 20:38:41,016] {logging_mixin.py:104} INFO - [2021-07-12 20:38:41,016] {dag.py:2306} INFO - Setting next_dagrun for example_dag_decorator to None
[2021-07-12 20:38:41,058] {scheduler_job.py:190} INFO - Processing /home/airflow/.local/lib/python3.6/site-packages/airflow/example_dags/example_dag_decorator.py took 0.223 seconds
[2021-07-12 20:39:11,261] {scheduler_job.py:182} INFO - Started process (PID=1094) to work on /home/airflow/.local/lib/python3.6/site-packages/airflow/example_dags/example_dag_decorator.py
[2021-07-12 20:39:11,261] {scheduler_job.py:633} INFO - Processing file /home/airflow/.local/lib/python3.6/site-packages/airflow/example_dags/example_dag_decorator.py for tasks to queue
[2021-07-12 20:39:11,262] {logging_mixin.py:104} INFO - [2021-07-12 20:39:11,262] {dagbag.py:496} INFO - Filling up the DagBag from /home/airflow/.local/lib/python3.6/site-packages/airflow/example_dags/example_dag_decorator.py
[2021-07-12 20:39:11,275] {scheduler_job.py:643} INFO - DAG(s) dict_keys(['example_dag_decorator']) retrieved from /home/airflow/.local/lib/python3.6/site-packages/airflow/example_dags/example_dag_decorator.py
[2021-07-12 20:39:11,290] {logging_mixin.py:104} INFO - [2021-07-12 20:39:11,290] {dag.py:1833} INFO - Sync 1 DAGs
[2021-07-12 20:39:11,299] {logging_mixin.py:104} INFO - [2021-07-12 20:39:11,299] {dag.py:2306} INFO - Setting next_dagrun for example_dag_decorator to None
[2021-07-12 20:39:11,341] {scheduler_job.py:190} INFO - Processing /home/airflow/.local/lib/python3.6/site-packages/airflow/example_dags/example_dag_decorator.py took 0.082 seconds
[2021-07-12 20:39:41,472] {scheduler_job.py:182} INFO - Started process (PID=1157) to work on /home/airflow/.local/lib/python3.6/site-packages/airflow/example_dags/example_dag_decorator.py
[2021-07-12 20:39:41,472] {scheduler_job.py:633} INFO - Processing file /home/airflow/.local/lib/python3.6/site-packages/airflow/example_dags/example_dag_decorator.py for tasks to queue
[2021-07-12 20:39:41,473] {logging_mixin.py:104} INFO - [2021-07-12 20:39:41,473] {dagbag.py:496} INFO - Filling up the DagBag from /home/airflow/.local/lib/python3.6/site-packages/airflow/example_dags/example_dag_decorator.py
[2021-07-12 20:39:41,483] {scheduler_job.py:643} INFO - DAG(s) dict_keys(['example_dag_decorator']) retrieved from /home/airflow/.local/lib/python3.6/site-packages/airflow/example_dags/example_dag_decorator.py
[2021-07-12 20:39:41,603] {logging_mixin.py:104} INFO - [2021-07-12 20:39:41,603] {dag.py:1833} INFO - Sync 1 DAGs
[2021-07-12 20:39:41,611] {logging_mixin.py:104} INFO - [2021-07-12 20:39:41,611] {dag.py:2306} INFO - Setting next_dagrun for example_dag_decorator to None
[2021-07-12 20:39:41,616] {scheduler_job.py:190} INFO - Processing /home/airflow/.local/lib/python3.6/site-packages/airflow/example_dags/example_dag_decorator.py took 0.147 seconds
[2021-07-12 20:40:11,659] {scheduler_job.py:182} INFO - Started process (PID=1208) to work on /home/airflow/.local/lib/python3.6/site-packages/airflow/example_dags/example_dag_decorator.py
[2021-07-12 20:40:11,660] {scheduler_job.py:633} INFO - Processing file /home/airflow/.local/lib/python3.6/site-packages/airflow/example_dags/example_dag_decorator.py for tasks to queue
[2021-07-12 20:40:11,660] {logging_mixin.py:104} INFO - [2021-07-12 20:40:11,660] {dagbag.py:496} INFO - Filling up the DagBag from /home/airflow/.local/lib/python3.6/site-packages/airflow/example_dags/example_dag_decorator.py
[2021-07-12 20:40:11,674] {scheduler_job.py:643} INFO - DAG(s) dict_keys(['example_dag_decorator']) retrieved from /home/airflow/.local/lib/python3.6/site-packages/airflow/example_dags/example_dag_decorator.py
[2021-07-12 20:40:11,797] {logging_mixin.py:104} INFO - [2021-07-12 20:40:11,797] {dag.py:1833} INFO - Sync 1 DAGs
[2021-07-12 20:40:11,807] {logging_mixin.py:104} INFO - [2021-07-12 20:40:11,807] {dag.py:2306} INFO - Setting next_dagrun for example_dag_decorator to None
[2021-07-12 20:40:11,844] {scheduler_job.py:190} INFO - Processing /home/airflow/.local/lib/python3.6/site-packages/airflow/example_dags/example_dag_decorator.py took 0.187 seconds
[2021-07-12 20:40:42,122] {scheduler_job.py:182} INFO - Started process (PID=1271) to work on /home/airflow/.local/lib/python3.6/site-packages/airflow/example_dags/example_dag_decorator.py
[2021-07-12 20:40:42,123] {scheduler_job.py:633} INFO - Processing file /home/airflow/.local/lib/python3.6/site-packages/airflow/example_dags/example_dag_decorator.py for tasks to queue
[2021-07-12 20:40:42,123] {logging_mixin.py:104} INFO - [2021-07-12 20:40:42,123] {dagbag.py:496} INFO - Filling up the DagBag from /home/airflow/.local/lib/python3.6/site-packages/airflow/example_dags/example_dag_decorator.py
[2021-07-12 20:40:42,138] {scheduler_job.py:643} INFO - DAG(s) dict_keys(['example_dag_decorator']) retrieved from /home/airflow/.local/lib/python3.6/site-packages/airflow/example_dags/example_dag_decorator.py
[2021-07-12 20:40:42,268] {logging_mixin.py:104} INFO - [2021-07-12 20:40:42,268] {dag.py:1833} INFO - Sync 1 DAGs
[2021-07-12 20:40:42,275] {logging_mixin.py:104} INFO - [2021-07-12 20:40:42,275] {dag.py:2306} INFO - Setting next_dagrun for example_dag_decorator to None
[2021-07-12 20:40:42,314] {scheduler_job.py:190} INFO - Processing /home/airflow/.local/lib/python3.6/site-packages/airflow/example_dags/example_dag_decorator.py took 0.194 seconds
[2021-07-12 20:41:12,543] {scheduler_job.py:182} INFO - Started process (PID=1335) to work on /home/airflow/.local/lib/python3.6/site-packages/airflow/example_dags/example_dag_decorator.py
[2021-07-12 20:41:12,544] {scheduler_job.py:633} INFO - Processing file /home/airflow/.local/lib/python3.6/site-packages/airflow/example_dags/example_dag_decorator.py for tasks to queue
[2021-07-12 20:41:12,544] {logging_mixin.py:104} INFO - [2021-07-12 20:41:12,544] {dagbag.py:496} INFO - Filling up the DagBag from /home/airflow/.local/lib/python3.6/site-packages/airflow/example_dags/example_dag_decorator.py
[2021-07-12 20:41:12,555] {scheduler_job.py:643} INFO - DAG(s) dict_keys(['example_dag_decorator']) retrieved from /home/airflow/.local/lib/python3.6/site-packages/airflow/example_dags/example_dag_decorator.py
[2021-07-12 20:41:12,732] {logging_mixin.py:104} INFO - [2021-07-12 20:41:12,732] {dag.py:1833} INFO - Sync 1 DAGs
[2021-07-12 20:41:12,742] {logging_mixin.py:104} INFO - [2021-07-12 20:41:12,742] {dag.py:2306} INFO - Setting next_dagrun for example_dag_decorator to None
[2021-07-12 20:41:12,749] {scheduler_job.py:190} INFO - Processing /home/airflow/.local/lib/python3.6/site-packages/airflow/example_dags/example_dag_decorator.py took 0.208 seconds
[2021-07-12 20:41:42,952] {scheduler_job.py:182} INFO - Started process (PID=1398) to work on /home/airflow/.local/lib/python3.6/site-packages/airflow/example_dags/example_dag_decorator.py
[2021-07-12 20:41:42,953] {scheduler_job.py:633} INFO - Processing file /home/airflow/.local/lib/python3.6/site-packages/airflow/example_dags/example_dag_decorator.py for tasks to queue
[2021-07-12 20:41:42,953] {logging_mixin.py:104} INFO - [2021-07-12 20:41:42,953] {dagbag.py:496} INFO - Filling up the DagBag from /home/airflow/.local/lib/python3.6/site-packages/airflow/example_dags/example_dag_decorator.py
[2021-07-12 20:41:42,968] {scheduler_job.py:643} INFO - DAG(s) dict_keys(['example_dag_decorator']) retrieved from /home/airflow/.local/lib/python3.6/site-packages/airflow/example_dags/example_dag_decorator.py
[2021-07-12 20:41:43,097] {logging_mixin.py:104} INFO - [2021-07-12 20:41:43,097] {dag.py:1833} INFO - Sync 1 DAGs
[2021-07-12 20:41:43,107] {logging_mixin.py:104} INFO - [2021-07-12 20:41:43,107] {dag.py:2306} INFO - Setting next_dagrun for example_dag_decorator to None
[2021-07-12 20:41:43,113] {scheduler_job.py:190} INFO - Processing /home/airflow/.local/lib/python3.6/site-packages/airflow/example_dags/example_dag_decorator.py took 0.163 seconds
[2021-07-12 20:42:13,329] {scheduler_job.py:182} INFO - Started process (PID=1450) to work on /home/airflow/.local/lib/python3.6/site-packages/airflow/example_dags/example_dag_decorator.py
[2021-07-12 20:42:13,330] {scheduler_job.py:633} INFO - Processing file /home/airflow/.local/lib/python3.6/site-packages/airflow/example_dags/example_dag_decorator.py for tasks to queue
[2021-07-12 20:42:13,330] {logging_mixin.py:104} INFO - [2021-07-12 20:42:13,330] {dagbag.py:496} INFO - Filling up the DagBag from /home/airflow/.local/lib/python3.6/site-packages/airflow/example_dags/example_dag_decorator.py
[2021-07-12 20:42:13,342] {scheduler_job.py:643} INFO - DAG(s) dict_keys(['example_dag_decorator']) retrieved from /home/airflow/.local/lib/python3.6/site-packages/airflow/example_dags/example_dag_decorator.py
[2021-07-12 20:42:13,468] {logging_mixin.py:104} INFO - [2021-07-12 20:42:13,468] {dag.py:1833} INFO - Sync 1 DAGs
[2021-07-12 20:42:13,476] {logging_mixin.py:104} INFO - [2021-07-12 20:42:13,476] {dag.py:2306} INFO - Setting next_dagrun for example_dag_decorator to None
[2021-07-12 20:42:13,516] {scheduler_job.py:190} INFO - Processing /home/airflow/.local/lib/python3.6/site-packages/airflow/example_dags/example_dag_decorator.py took 0.189 seconds
[2021-07-12 20:42:44,467] {scheduler_job.py:182} INFO - Started process (PID=1511) to work on /home/airflow/.local/lib/python3.6/site-packages/airflow/example_dags/example_dag_decorator.py
[2021-07-12 20:42:44,468] {scheduler_job.py:633} INFO - Processing file /home/airflow/.local/lib/python3.6/site-packages/airflow/example_dags/example_dag_decorator.py for tasks to queue
[2021-07-12 20:42:44,469] {logging_mixin.py:104} INFO - [2021-07-12 20:42:44,468] {dagbag.py:496} INFO - Filling up the DagBag from /home/airflow/.local/lib/python3.6/site-packages/airflow/example_dags/example_dag_decorator.py
[2021-07-12 20:42:44,484] {scheduler_job.py:643} INFO - DAG(s) dict_keys(['example_dag_decorator']) retrieved from /home/airflow/.local/lib/python3.6/site-packages/airflow/example_dags/example_dag_decorator.py
[2021-07-12 20:42:44,597] {logging_mixin.py:104} INFO - [2021-07-12 20:42:44,597] {dag.py:1833} INFO - Sync 1 DAGs
[2021-07-12 20:42:44,605] {logging_mixin.py:104} INFO - [2021-07-12 20:42:44,605] {dag.py:2306} INFO - Setting next_dagrun for example_dag_decorator to None
[2021-07-12 20:42:44,621] {scheduler_job.py:190} INFO - Processing /home/airflow/.local/lib/python3.6/site-packages/airflow/example_dags/example_dag_decorator.py took 0.156 seconds
[2021-07-12 20:43:14,730] {scheduler_job.py:182} INFO - Started process (PID=1572) to work on /home/airflow/.local/lib/python3.6/site-packages/airflow/example_dags/example_dag_decorator.py
[2021-07-12 20:43:14,731] {scheduler_job.py:633} INFO - Processing file /home/airflow/.local/lib/python3.6/site-packages/airflow/example_dags/example_dag_decorator.py for tasks to queue
[2021-07-12 20:43:14,731] {logging_mixin.py:104} INFO - [2021-07-12 20:43:14,731] {dagbag.py:496} INFO - Filling up the DagBag from /home/airflow/.local/lib/python3.6/site-packages/airflow/example_dags/example_dag_decorator.py
[2021-07-12 20:43:14,742] {scheduler_job.py:643} INFO - DAG(s) dict_keys(['example_dag_decorator']) retrieved from /home/airflow/.local/lib/python3.6/site-packages/airflow/example_dags/example_dag_decorator.py
[2021-07-12 20:43:14,857] {logging_mixin.py:104} INFO - [2021-07-12 20:43:14,857] {dag.py:1833} INFO - Sync 1 DAGs
[2021-07-12 20:43:14,866] {logging_mixin.py:104} INFO - [2021-07-12 20:43:14,865] {dag.py:2306} INFO - Setting next_dagrun for example_dag_decorator to None
[2021-07-12 20:43:14,911] {scheduler_job.py:190} INFO - Processing /home/airflow/.local/lib/python3.6/site-packages/airflow/example_dags/example_dag_decorator.py took 0.183 seconds
[2021-07-12 20:43:45,146] {scheduler_job.py:182} INFO - Started process (PID=1633) to work on /home/airflow/.local/lib/python3.6/site-packages/airflow/example_dags/example_dag_decorator.py
[2021-07-12 20:43:45,147] {scheduler_job.py:633} INFO - Processing file /home/airflow/.local/lib/python3.6/site-packages/airflow/example_dags/example_dag_decorator.py for tasks to queue
[2021-07-12 20:43:45,147] {logging_mixin.py:104} INFO - [2021-07-12 20:43:45,147] {dagbag.py:496} INFO - Filling up the DagBag from /home/airflow/.local/lib/python3.6/site-packages/airflow/example_dags/example_dag_decorator.py
[2021-07-12 20:43:45,159] {scheduler_job.py:643} INFO - DAG(s) dict_keys(['example_dag_decorator']) retrieved from /home/airflow/.local/lib/python3.6/site-packages/airflow/example_dags/example_dag_decorator.py
[2021-07-12 20:43:45,280] {logging_mixin.py:104} INFO - [2021-07-12 20:43:45,280] {dag.py:1833} INFO - Sync 1 DAGs
[2021-07-12 20:43:45,288] {logging_mixin.py:104} INFO - [2021-07-12 20:43:45,288] {dag.py:2306} INFO - Setting next_dagrun for example_dag_decorator to None
[2021-07-12 20:43:45,294] {scheduler_job.py:190} INFO - Processing /home/airflow/.local/lib/python3.6/site-packages/airflow/example_dags/example_dag_decorator.py took 0.150 seconds
[2021-07-12 20:44:15,347] {scheduler_job.py:182} INFO - Started process (PID=1684) to work on /home/airflow/.local/lib/python3.6/site-packages/airflow/example_dags/example_dag_decorator.py
[2021-07-12 20:44:15,348] {scheduler_job.py:633} INFO - Processing file /home/airflow/.local/lib/python3.6/site-packages/airflow/example_dags/example_dag_decorator.py for tasks to queue
[2021-07-12 20:44:15,348] {logging_mixin.py:104} INFO - [2021-07-12 20:44:15,348] {dagbag.py:496} INFO - Filling up the DagBag from /home/airflow/.local/lib/python3.6/site-packages/airflow/example_dags/example_dag_decorator.py
[2021-07-12 20:44:15,362] {scheduler_job.py:643} INFO - DAG(s) dict_keys(['example_dag_decorator']) retrieved from /home/airflow/.local/lib/python3.6/site-packages/airflow/example_dags/example_dag_decorator.py
[2021-07-12 20:44:15,490] {logging_mixin.py:104} INFO - [2021-07-12 20:44:15,490] {dag.py:1833} INFO - Sync 1 DAGs
[2021-07-12 20:44:15,497] {logging_mixin.py:104} INFO - [2021-07-12 20:44:15,497] {dag.py:2306} INFO - Setting next_dagrun for example_dag_decorator to None
[2021-07-12 20:44:15,502] {scheduler_job.py:190} INFO - Processing /home/airflow/.local/lib/python3.6/site-packages/airflow/example_dags/example_dag_decorator.py took 0.158 seconds
[2021-07-12 20:44:45,621] {scheduler_job.py:182} INFO - Started process (PID=1745) to work on /home/airflow/.local/lib/python3.6/site-packages/airflow/example_dags/example_dag_decorator.py
[2021-07-12 20:44:45,622] {scheduler_job.py:633} INFO - Processing file /home/airflow/.local/lib/python3.6/site-packages/airflow/example_dags/example_dag_decorator.py for tasks to queue
[2021-07-12 20:44:45,622] {logging_mixin.py:104} INFO - [2021-07-12 20:44:45,622] {dagbag.py:496} INFO - Filling up the DagBag from /home/airflow/.local/lib/python3.6/site-packages/airflow/example_dags/example_dag_decorator.py
[2021-07-12 20:44:45,634] {scheduler_job.py:643} INFO - DAG(s) dict_keys(['example_dag_decorator']) retrieved from /home/airflow/.local/lib/python3.6/site-packages/airflow/example_dags/example_dag_decorator.py
[2021-07-12 20:44:45,756] {logging_mixin.py:104} INFO - [2021-07-12 20:44:45,756] {dag.py:1833} INFO - Sync 1 DAGs
[2021-07-12 20:44:45,763] {logging_mixin.py:104} INFO - [2021-07-12 20:44:45,763] {dag.py:2306} INFO - Setting next_dagrun for example_dag_decorator to None
[2021-07-12 20:44:45,769] {scheduler_job.py:190} INFO - Processing /home/airflow/.local/lib/python3.6/site-packages/airflow/example_dags/example_dag_decorator.py took 0.150 seconds
[2021-07-12 20:45:16,731] {scheduler_job.py:182} INFO - Started process (PID=1806) to work on /home/airflow/.local/lib/python3.6/site-packages/airflow/example_dags/example_dag_decorator.py
[2021-07-12 20:45:16,732] {scheduler_job.py:633} INFO - Processing file /home/airflow/.local/lib/python3.6/site-packages/airflow/example_dags/example_dag_decorator.py for tasks to queue
[2021-07-12 20:45:16,732] {logging_mixin.py:104} INFO - [2021-07-12 20:45:16,732] {dagbag.py:496} INFO - Filling up the DagBag from /home/airflow/.local/lib/python3.6/site-packages/airflow/example_dags/example_dag_decorator.py
[2021-07-12 20:45:16,744] {scheduler_job.py:643} INFO - DAG(s) dict_keys(['example_dag_decorator']) retrieved from /home/airflow/.local/lib/python3.6/site-packages/airflow/example_dags/example_dag_decorator.py
[2021-07-12 20:45:16,879] {logging_mixin.py:104} INFO - [2021-07-12 20:45:16,879] {dag.py:1833} INFO - Sync 1 DAGs
[2021-07-12 20:45:16,887] {logging_mixin.py:104} INFO - [2021-07-12 20:45:16,887] {dag.py:2306} INFO - Setting next_dagrun for example_dag_decorator to None
[2021-07-12 20:45:16,894] {scheduler_job.py:190} INFO - Processing /home/airflow/.local/lib/python3.6/site-packages/airflow/example_dags/example_dag_decorator.py took 0.166 seconds
[2021-07-12 20:45:47,014] {scheduler_job.py:182} INFO - Started process (PID=1857) to work on /home/airflow/.local/lib/python3.6/site-packages/airflow/example_dags/example_dag_decorator.py
[2021-07-12 20:45:47,014] {scheduler_job.py:633} INFO - Processing file /home/airflow/.local/lib/python3.6/site-packages/airflow/example_dags/example_dag_decorator.py for tasks to queue
[2021-07-12 20:45:47,015] {logging_mixin.py:104} INFO - [2021-07-12 20:45:47,015] {dagbag.py:496} INFO - Filling up the DagBag from /home/airflow/.local/lib/python3.6/site-packages/airflow/example_dags/example_dag_decorator.py
[2021-07-12 20:45:47,024] {scheduler_job.py:643} INFO - DAG(s) dict_keys(['example_dag_decorator']) retrieved from /home/airflow/.local/lib/python3.6/site-packages/airflow/example_dags/example_dag_decorator.py
[2021-07-12 20:45:47,150] {logging_mixin.py:104} INFO - [2021-07-12 20:45:47,150] {dag.py:1833} INFO - Sync 1 DAGs
[2021-07-12 20:45:47,158] {logging_mixin.py:104} INFO - [2021-07-12 20:45:47,158] {dag.py:2306} INFO - Setting next_dagrun for example_dag_decorator to None
[2021-07-12 20:45:47,164] {scheduler_job.py:190} INFO - Processing /home/airflow/.local/lib/python3.6/site-packages/airflow/example_dags/example_dag_decorator.py took 0.152 seconds
[2021-07-12 20:46:17,208] {scheduler_job.py:182} INFO - Started process (PID=1919) to work on /home/airflow/.local/lib/python3.6/site-packages/airflow/example_dags/example_dag_decorator.py
[2021-07-12 20:46:17,209] {scheduler_job.py:633} INFO - Processing file /home/airflow/.local/lib/python3.6/site-packages/airflow/example_dags/example_dag_decorator.py for tasks to queue
[2021-07-12 20:46:17,209] {logging_mixin.py:104} INFO - [2021-07-12 20:46:17,209] {dagbag.py:496} INFO - Filling up the DagBag from /home/airflow/.local/lib/python3.6/site-packages/airflow/example_dags/example_dag_decorator.py
[2021-07-12 20:46:17,219] {scheduler_job.py:643} INFO - DAG(s) dict_keys(['example_dag_decorator']) retrieved from /home/airflow/.local/lib/python3.6/site-packages/airflow/example_dags/example_dag_decorator.py
[2021-07-12 20:46:17,348] {logging_mixin.py:104} INFO - [2021-07-12 20:46:17,348] {dag.py:1833} INFO - Sync 1 DAGs
[2021-07-12 20:46:17,356] {logging_mixin.py:104} INFO - [2021-07-12 20:46:17,355] {dag.py:2306} INFO - Setting next_dagrun for example_dag_decorator to None
[2021-07-12 20:46:17,362] {scheduler_job.py:190} INFO - Processing /home/airflow/.local/lib/python3.6/site-packages/airflow/example_dags/example_dag_decorator.py took 0.156 seconds
[2021-07-12 20:46:47,528] {scheduler_job.py:182} INFO - Started process (PID=1980) to work on /home/airflow/.local/lib/python3.6/site-packages/airflow/example_dags/example_dag_decorator.py
[2021-07-12 20:46:47,529] {scheduler_job.py:633} INFO - Processing file /home/airflow/.local/lib/python3.6/site-packages/airflow/example_dags/example_dag_decorator.py for tasks to queue
[2021-07-12 20:46:47,529] {logging_mixin.py:104} INFO - [2021-07-12 20:46:47,529] {dagbag.py:496} INFO - Filling up the DagBag from /home/airflow/.local/lib/python3.6/site-packages/airflow/example_dags/example_dag_decorator.py
[2021-07-12 20:46:47,543] {scheduler_job.py:643} INFO - DAG(s) dict_keys(['example_dag_decorator']) retrieved from /home/airflow/.local/lib/python3.6/site-packages/airflow/example_dags/example_dag_decorator.py
[2021-07-12 20:46:47,667] {logging_mixin.py:104} INFO - [2021-07-12 20:46:47,667] {dag.py:1833} INFO - Sync 1 DAGs
[2021-07-12 20:46:47,675] {logging_mixin.py:104} INFO - [2021-07-12 20:46:47,675] {dag.py:2306} INFO - Setting next_dagrun for example_dag_decorator to None
[2021-07-12 20:46:47,681] {scheduler_job.py:190} INFO - Processing /home/airflow/.local/lib/python3.6/site-packages/airflow/example_dags/example_dag_decorator.py took 0.154 seconds
[2021-07-12 20:47:17,714] {scheduler_job.py:182} INFO - Started process (PID=2043) to work on /home/airflow/.local/lib/python3.6/site-packages/airflow/example_dags/example_dag_decorator.py
[2021-07-12 20:47:17,715] {scheduler_job.py:633} INFO - Processing file /home/airflow/.local/lib/python3.6/site-packages/airflow/example_dags/example_dag_decorator.py for tasks to queue
[2021-07-12 20:47:17,715] {logging_mixin.py:104} INFO - [2021-07-12 20:47:17,715] {dagbag.py:496} INFO - Filling up the DagBag from /home/airflow/.local/lib/python3.6/site-packages/airflow/example_dags/example_dag_decorator.py
[2021-07-12 20:47:17,727] {scheduler_job.py:643} INFO - DAG(s) dict_keys(['example_dag_decorator']) retrieved from /home/airflow/.local/lib/python3.6/site-packages/airflow/example_dags/example_dag_decorator.py
[2021-07-12 20:47:17,859] {logging_mixin.py:104} INFO - [2021-07-12 20:47:17,859] {dag.py:1833} INFO - Sync 1 DAGs
[2021-07-12 20:47:17,866] {logging_mixin.py:104} INFO - [2021-07-12 20:47:17,866] {dag.py:2306} INFO - Setting next_dagrun for example_dag_decorator to None
[2021-07-12 20:47:17,873] {scheduler_job.py:190} INFO - Processing /home/airflow/.local/lib/python3.6/site-packages/airflow/example_dags/example_dag_decorator.py took 0.161 seconds
[2021-07-12 20:47:48,817] {scheduler_job.py:182} INFO - Started process (PID=2095) to work on /home/airflow/.local/lib/python3.6/site-packages/airflow/example_dags/example_dag_decorator.py
[2021-07-12 20:47:48,818] {scheduler_job.py:633} INFO - Processing file /home/airflow/.local/lib/python3.6/site-packages/airflow/example_dags/example_dag_decorator.py for tasks to queue
[2021-07-12 20:47:48,818] {logging_mixin.py:104} INFO - [2021-07-12 20:47:48,818] {dagbag.py:496} INFO - Filling up the DagBag from /home/airflow/.local/lib/python3.6/site-packages/airflow/example_dags/example_dag_decorator.py
[2021-07-12 20:47:48,829] {scheduler_job.py:643} INFO - DAG(s) dict_keys(['example_dag_decorator']) retrieved from /home/airflow/.local/lib/python3.6/site-packages/airflow/example_dags/example_dag_decorator.py
[2021-07-12 20:47:48,948] {logging_mixin.py:104} INFO - [2021-07-12 20:47:48,948] {dag.py:1833} INFO - Sync 1 DAGs
[2021-07-12 20:47:48,958] {logging_mixin.py:104} INFO - [2021-07-12 20:47:48,958] {dag.py:2306} INFO - Setting next_dagrun for example_dag_decorator to None
[2021-07-12 20:47:49,003] {scheduler_job.py:190} INFO - Processing /home/airflow/.local/lib/python3.6/site-packages/airflow/example_dags/example_dag_decorator.py took 0.188 seconds
[2021-07-12 20:48:19,954] {scheduler_job.py:182} INFO - Started process (PID=2156) to work on /home/airflow/.local/lib/python3.6/site-packages/airflow/example_dags/example_dag_decorator.py
[2021-07-12 20:48:19,955] {scheduler_job.py:633} INFO - Processing file /home/airflow/.local/lib/python3.6/site-packages/airflow/example_dags/example_dag_decorator.py for tasks to queue
[2021-07-12 20:48:19,955] {logging_mixin.py:104} INFO - [2021-07-12 20:48:19,955] {dagbag.py:496} INFO - Filling up the DagBag from /home/airflow/.local/lib/python3.6/site-packages/airflow/example_dags/example_dag_decorator.py
[2021-07-12 20:48:19,967] {scheduler_job.py:643} INFO - DAG(s) dict_keys(['example_dag_decorator']) retrieved from /home/airflow/.local/lib/python3.6/site-packages/airflow/example_dags/example_dag_decorator.py
[2021-07-12 20:48:20,086] {logging_mixin.py:104} INFO - [2021-07-12 20:48:20,086] {dag.py:1833} INFO - Sync 1 DAGs
[2021-07-12 20:48:20,094] {logging_mixin.py:104} INFO - [2021-07-12 20:48:20,094] {dag.py:2306} INFO - Setting next_dagrun for example_dag_decorator to None
[2021-07-12 20:48:20,133] {scheduler_job.py:190} INFO - Processing /home/airflow/.local/lib/python3.6/site-packages/airflow/example_dags/example_dag_decorator.py took 0.181 seconds
[2021-07-12 20:48:50,173] {scheduler_job.py:182} INFO - Started process (PID=2219) to work on /home/airflow/.local/lib/python3.6/site-packages/airflow/example_dags/example_dag_decorator.py
[2021-07-12 20:48:50,174] {scheduler_job.py:633} INFO - Processing file /home/airflow/.local/lib/python3.6/site-packages/airflow/example_dags/example_dag_decorator.py for tasks to queue
[2021-07-12 20:48:50,175] {logging_mixin.py:104} INFO - [2021-07-12 20:48:50,174] {dagbag.py:496} INFO - Filling up the DagBag from /home/airflow/.local/lib/python3.6/site-packages/airflow/example_dags/example_dag_decorator.py
[2021-07-12 20:48:50,186] {scheduler_job.py:643} INFO - DAG(s) dict_keys(['example_dag_decorator']) retrieved from /home/airflow/.local/lib/python3.6/site-packages/airflow/example_dags/example_dag_decorator.py
[2021-07-12 20:48:50,314] {logging_mixin.py:104} INFO - [2021-07-12 20:48:50,314] {dag.py:1833} INFO - Sync 1 DAGs
[2021-07-12 20:48:50,322] {logging_mixin.py:104} INFO - [2021-07-12 20:48:50,322] {dag.py:2306} INFO - Setting next_dagrun for example_dag_decorator to None
[2021-07-12 20:48:50,358] {scheduler_job.py:190} INFO - Processing /home/airflow/.local/lib/python3.6/site-packages/airflow/example_dags/example_dag_decorator.py took 0.187 seconds
[2021-07-12 20:49:21,286] {scheduler_job.py:182} INFO - Started process (PID=2281) to work on /home/airflow/.local/lib/python3.6/site-packages/airflow/example_dags/example_dag_decorator.py
[2021-07-12 20:49:21,286] {scheduler_job.py:633} INFO - Processing file /home/airflow/.local/lib/python3.6/site-packages/airflow/example_dags/example_dag_decorator.py for tasks to queue
[2021-07-12 20:49:21,287] {logging_mixin.py:104} INFO - [2021-07-12 20:49:21,287] {dagbag.py:496} INFO - Filling up the DagBag from /home/airflow/.local/lib/python3.6/site-packages/airflow/example_dags/example_dag_decorator.py
[2021-07-12 20:49:21,298] {scheduler_job.py:643} INFO - DAG(s) dict_keys(['example_dag_decorator']) retrieved from /home/airflow/.local/lib/python3.6/site-packages/airflow/example_dags/example_dag_decorator.py
[2021-07-12 20:49:21,422] {logging_mixin.py:104} INFO - [2021-07-12 20:49:21,422] {dag.py:1833} INFO - Sync 1 DAGs
[2021-07-12 20:49:21,434] {logging_mixin.py:104} INFO - [2021-07-12 20:49:21,434] {dag.py:2306} INFO - Setting next_dagrun for example_dag_decorator to None
[2021-07-12 20:49:21,475] {scheduler_job.py:190} INFO - Processing /home/airflow/.local/lib/python3.6/site-packages/airflow/example_dags/example_dag_decorator.py took 0.192 seconds
[2021-07-12 20:49:51,613] {scheduler_job.py:182} INFO - Started process (PID=2332) to work on /home/airflow/.local/lib/python3.6/site-packages/airflow/example_dags/example_dag_decorator.py
[2021-07-12 20:49:51,613] {scheduler_job.py:633} INFO - Processing file /home/airflow/.local/lib/python3.6/site-packages/airflow/example_dags/example_dag_decorator.py for tasks to queue
[2021-07-12 20:49:51,614] {logging_mixin.py:104} INFO - [2021-07-12 20:49:51,614] {dagbag.py:496} INFO - Filling up the DagBag from /home/airflow/.local/lib/python3.6/site-packages/airflow/example_dags/example_dag_decorator.py
[2021-07-12 20:49:51,627] {scheduler_job.py:643} INFO - DAG(s) dict_keys(['example_dag_decorator']) retrieved from /home/airflow/.local/lib/python3.6/site-packages/airflow/example_dags/example_dag_decorator.py
[2021-07-12 20:49:51,742] {logging_mixin.py:104} INFO - [2021-07-12 20:49:51,742] {dag.py:1833} INFO - Sync 1 DAGs
[2021-07-12 20:49:51,752] {logging_mixin.py:104} INFO - [2021-07-12 20:49:51,752] {dag.py:2306} INFO - Setting next_dagrun for example_dag_decorator to None
[2021-07-12 20:49:51,790] {scheduler_job.py:190} INFO - Processing /home/airflow/.local/lib/python3.6/site-packages/airflow/example_dags/example_dag_decorator.py took 0.179 seconds
[2021-07-12 20:50:21,892] {scheduler_job.py:182} INFO - Started process (PID=2393) to work on /home/airflow/.local/lib/python3.6/site-packages/airflow/example_dags/example_dag_decorator.py
[2021-07-12 20:50:21,892] {scheduler_job.py:633} INFO - Processing file /home/airflow/.local/lib/python3.6/site-packages/airflow/example_dags/example_dag_decorator.py for tasks to queue
[2021-07-12 20:50:21,893] {logging_mixin.py:104} INFO - [2021-07-12 20:50:21,893] {dagbag.py:496} INFO - Filling up the DagBag from /home/airflow/.local/lib/python3.6/site-packages/airflow/example_dags/example_dag_decorator.py
[2021-07-12 20:50:21,906] {scheduler_job.py:643} INFO - DAG(s) dict_keys(['example_dag_decorator']) retrieved from /home/airflow/.local/lib/python3.6/site-packages/airflow/example_dags/example_dag_decorator.py
[2021-07-12 20:50:22,027] {logging_mixin.py:104} INFO - [2021-07-12 20:50:22,026] {dag.py:1833} INFO - Sync 1 DAGs
[2021-07-12 20:50:22,036] {logging_mixin.py:104} INFO - [2021-07-12 20:50:22,036] {dag.py:2306} INFO - Setting next_dagrun for example_dag_decorator to None
[2021-07-12 20:50:22,081] {scheduler_job.py:190} INFO - Processing /home/airflow/.local/lib/python3.6/site-packages/airflow/example_dags/example_dag_decorator.py took 0.191 seconds
[2021-07-12 20:50:52,206] {scheduler_job.py:182} INFO - Started process (PID=2458) to work on /home/airflow/.local/lib/python3.6/site-packages/airflow/example_dags/example_dag_decorator.py
[2021-07-12 20:50:52,207] {scheduler_job.py:633} INFO - Processing file /home/airflow/.local/lib/python3.6/site-packages/airflow/example_dags/example_dag_decorator.py for tasks to queue
[2021-07-12 20:50:52,208] {logging_mixin.py:104} INFO - [2021-07-12 20:50:52,208] {dagbag.py:496} INFO - Filling up the DagBag from /home/airflow/.local/lib/python3.6/site-packages/airflow/example_dags/example_dag_decorator.py
[2021-07-12 20:50:52,218] {scheduler_job.py:643} INFO - DAG(s) dict_keys(['example_dag_decorator']) retrieved from /home/airflow/.local/lib/python3.6/site-packages/airflow/example_dags/example_dag_decorator.py
[2021-07-12 20:50:52,346] {logging_mixin.py:104} INFO - [2021-07-12 20:50:52,346] {dag.py:1833} INFO - Sync 1 DAGs
[2021-07-12 20:50:52,354] {logging_mixin.py:104} INFO - [2021-07-12 20:50:52,354] {dag.py:2306} INFO - Setting next_dagrun for example_dag_decorator to None
[2021-07-12 20:50:52,360] {scheduler_job.py:190} INFO - Processing /home/airflow/.local/lib/python3.6/site-packages/airflow/example_dags/example_dag_decorator.py took 0.157 seconds
[2021-07-12 20:51:22,412] {scheduler_job.py:182} INFO - Started process (PID=2519) to work on /home/airflow/.local/lib/python3.6/site-packages/airflow/example_dags/example_dag_decorator.py
[2021-07-12 20:51:22,412] {scheduler_job.py:633} INFO - Processing file /home/airflow/.local/lib/python3.6/site-packages/airflow/example_dags/example_dag_decorator.py for tasks to queue
[2021-07-12 20:51:22,413] {logging_mixin.py:104} INFO - [2021-07-12 20:51:22,412] {dagbag.py:496} INFO - Filling up the DagBag from /home/airflow/.local/lib/python3.6/site-packages/airflow/example_dags/example_dag_decorator.py
[2021-07-12 20:51:22,423] {scheduler_job.py:643} INFO - DAG(s) dict_keys(['example_dag_decorator']) retrieved from /home/airflow/.local/lib/python3.6/site-packages/airflow/example_dags/example_dag_decorator.py
[2021-07-12 20:51:22,540] {logging_mixin.py:104} INFO - [2021-07-12 20:51:22,540] {dag.py:1833} INFO - Sync 1 DAGs
[2021-07-12 20:51:22,547] {logging_mixin.py:104} INFO - [2021-07-12 20:51:22,547] {dag.py:2306} INFO - Setting next_dagrun for example_dag_decorator to None
[2021-07-12 20:51:22,553] {scheduler_job.py:190} INFO - Processing /home/airflow/.local/lib/python3.6/site-packages/airflow/example_dags/example_dag_decorator.py took 0.143 seconds
[2021-07-12 20:51:52,735] {scheduler_job.py:182} INFO - Started process (PID=2571) to work on /home/airflow/.local/lib/python3.6/site-packages/airflow/example_dags/example_dag_decorator.py
[2021-07-12 20:51:52,736] {scheduler_job.py:633} INFO - Processing file /home/airflow/.local/lib/python3.6/site-packages/airflow/example_dags/example_dag_decorator.py for tasks to queue
[2021-07-12 20:51:52,736] {logging_mixin.py:104} INFO - [2021-07-12 20:51:52,736] {dagbag.py:496} INFO - Filling up the DagBag from /home/airflow/.local/lib/python3.6/site-packages/airflow/example_dags/example_dag_decorator.py
[2021-07-12 20:51:52,750] {scheduler_job.py:643} INFO - DAG(s) dict_keys(['example_dag_decorator']) retrieved from /home/airflow/.local/lib/python3.6/site-packages/airflow/example_dags/example_dag_decorator.py
[2021-07-12 20:51:52,869] {logging_mixin.py:104} INFO - [2021-07-12 20:51:52,869] {dag.py:1833} INFO - Sync 1 DAGs
[2021-07-12 20:51:52,876] {logging_mixin.py:104} INFO - [2021-07-12 20:51:52,876] {dag.py:2306} INFO - Setting next_dagrun for example_dag_decorator to None
[2021-07-12 20:51:52,921] {scheduler_job.py:190} INFO - Processing /home/airflow/.local/lib/python3.6/site-packages/airflow/example_dags/example_dag_decorator.py took 0.188 seconds
[2021-07-12 20:52:22,958] {scheduler_job.py:182} INFO - Started process (PID=2633) to work on /home/airflow/.local/lib/python3.6/site-packages/airflow/example_dags/example_dag_decorator.py
[2021-07-12 20:52:22,959] {scheduler_job.py:633} INFO - Processing file /home/airflow/.local/lib/python3.6/site-packages/airflow/example_dags/example_dag_decorator.py for tasks to queue
[2021-07-12 20:52:22,959] {logging_mixin.py:104} INFO - [2021-07-12 20:52:22,959] {dagbag.py:496} INFO - Filling up the DagBag from /home/airflow/.local/lib/python3.6/site-packages/airflow/example_dags/example_dag_decorator.py
[2021-07-12 20:52:22,970] {scheduler_job.py:643} INFO - DAG(s) dict_keys(['example_dag_decorator']) retrieved from /home/airflow/.local/lib/python3.6/site-packages/airflow/example_dags/example_dag_decorator.py
[2021-07-12 20:52:23,099] {logging_mixin.py:104} INFO - [2021-07-12 20:52:23,099] {dag.py:1833} INFO - Sync 1 DAGs
[2021-07-12 20:52:23,107] {logging_mixin.py:104} INFO - [2021-07-12 20:52:23,107] {dag.py:2306} INFO - Setting next_dagrun for example_dag_decorator to None
[2021-07-12 20:52:23,112] {scheduler_job.py:190} INFO - Processing /home/airflow/.local/lib/python3.6/site-packages/airflow/example_dags/example_dag_decorator.py took 0.156 seconds
[2021-07-12 20:52:54,042] {scheduler_job.py:182} INFO - Started process (PID=2695) to work on /home/airflow/.local/lib/python3.6/site-packages/airflow/example_dags/example_dag_decorator.py
[2021-07-12 20:52:54,042] {scheduler_job.py:633} INFO - Processing file /home/airflow/.local/lib/python3.6/site-packages/airflow/example_dags/example_dag_decorator.py for tasks to queue
[2021-07-12 20:52:54,043] {logging_mixin.py:104} INFO - [2021-07-12 20:52:54,043] {dagbag.py:496} INFO - Filling up the DagBag from /home/airflow/.local/lib/python3.6/site-packages/airflow/example_dags/example_dag_decorator.py
[2021-07-12 20:52:54,054] {scheduler_job.py:643} INFO - DAG(s) dict_keys(['example_dag_decorator']) retrieved from /home/airflow/.local/lib/python3.6/site-packages/airflow/example_dags/example_dag_decorator.py
[2021-07-12 20:52:54,171] {logging_mixin.py:104} INFO - [2021-07-12 20:52:54,171] {dag.py:1833} INFO - Sync 1 DAGs
[2021-07-12 20:52:54,178] {logging_mixin.py:104} INFO - [2021-07-12 20:52:54,178] {dag.py:2306} INFO - Setting next_dagrun for example_dag_decorator to None
[2021-07-12 20:52:54,223] {scheduler_job.py:190} INFO - Processing /home/airflow/.local/lib/python3.6/site-packages/airflow/example_dags/example_dag_decorator.py took 0.183 seconds
[2021-07-12 20:53:24,300] {scheduler_job.py:182} INFO - Started process (PID=2754) to work on /home/airflow/.local/lib/python3.6/site-packages/airflow/example_dags/example_dag_decorator.py
[2021-07-12 20:53:24,300] {scheduler_job.py:633} INFO - Processing file /home/airflow/.local/lib/python3.6/site-packages/airflow/example_dags/example_dag_decorator.py for tasks to queue
[2021-07-12 20:53:24,301] {logging_mixin.py:104} INFO - [2021-07-12 20:53:24,301] {dagbag.py:496} INFO - Filling up the DagBag from /home/airflow/.local/lib/python3.6/site-packages/airflow/example_dags/example_dag_decorator.py
[2021-07-12 20:53:24,314] {scheduler_job.py:643} INFO - DAG(s) dict_keys(['example_dag_decorator']) retrieved from /home/airflow/.local/lib/python3.6/site-packages/airflow/example_dags/example_dag_decorator.py
[2021-07-12 20:53:24,327] {logging_mixin.py:104} INFO - [2021-07-12 20:53:24,327] {dag.py:1833} INFO - Sync 1 DAGs
[2021-07-12 20:53:24,335] {logging_mixin.py:104} INFO - [2021-07-12 20:53:24,335] {dag.py:2306} INFO - Setting next_dagrun for example_dag_decorator to None
[2021-07-12 20:53:24,342] {scheduler_job.py:190} INFO - Processing /home/airflow/.local/lib/python3.6/site-packages/airflow/example_dags/example_dag_decorator.py took 0.045 seconds
[2021-07-12 20:53:55,226] {scheduler_job.py:182} INFO - Started process (PID=2808) to work on /home/airflow/.local/lib/python3.6/site-packages/airflow/example_dags/example_dag_decorator.py
[2021-07-12 20:53:55,227] {scheduler_job.py:633} INFO - Processing file /home/airflow/.local/lib/python3.6/site-packages/airflow/example_dags/example_dag_decorator.py for tasks to queue
[2021-07-12 20:53:55,227] {logging_mixin.py:104} INFO - [2021-07-12 20:53:55,227] {dagbag.py:496} INFO - Filling up the DagBag from /home/airflow/.local/lib/python3.6/site-packages/airflow/example_dags/example_dag_decorator.py
[2021-07-12 20:53:55,239] {scheduler_job.py:643} INFO - DAG(s) dict_keys(['example_dag_decorator']) retrieved from /home/airflow/.local/lib/python3.6/site-packages/airflow/example_dags/example_dag_decorator.py
[2021-07-12 20:53:55,382] {logging_mixin.py:104} INFO - [2021-07-12 20:53:55,382] {dag.py:1833} INFO - Sync 1 DAGs
[2021-07-12 20:53:55,389] {logging_mixin.py:104} INFO - [2021-07-12 20:53:55,389] {dag.py:2306} INFO - Setting next_dagrun for example_dag_decorator to None
[2021-07-12 20:53:55,435] {scheduler_job.py:190} INFO - Processing /home/airflow/.local/lib/python3.6/site-packages/airflow/example_dags/example_dag_decorator.py took 0.211 seconds
[2021-07-12 20:54:25,584] {scheduler_job.py:182} INFO - Started process (PID=2869) to work on /home/airflow/.local/lib/python3.6/site-packages/airflow/example_dags/example_dag_decorator.py
[2021-07-12 20:54:25,584] {scheduler_job.py:633} INFO - Processing file /home/airflow/.local/lib/python3.6/site-packages/airflow/example_dags/example_dag_decorator.py for tasks to queue
[2021-07-12 20:54:25,585] {logging_mixin.py:104} INFO - [2021-07-12 20:54:25,585] {dagbag.py:496} INFO - Filling up the DagBag from /home/airflow/.local/lib/python3.6/site-packages/airflow/example_dags/example_dag_decorator.py
[2021-07-12 20:54:25,595] {scheduler_job.py:643} INFO - DAG(s) dict_keys(['example_dag_decorator']) retrieved from /home/airflow/.local/lib/python3.6/site-packages/airflow/example_dags/example_dag_decorator.py
[2021-07-12 20:54:25,733] {logging_mixin.py:104} INFO - [2021-07-12 20:54:25,733] {dag.py:1833} INFO - Sync 1 DAGs
[2021-07-12 20:54:25,744] {logging_mixin.py:104} INFO - [2021-07-12 20:54:25,743] {dag.py:2306} INFO - Setting next_dagrun for example_dag_decorator to None
[2021-07-12 20:54:25,782] {scheduler_job.py:190} INFO - Processing /home/airflow/.local/lib/python3.6/site-packages/airflow/example_dags/example_dag_decorator.py took 0.200 seconds
[2021-07-12 20:54:55,841] {scheduler_job.py:182} INFO - Started process (PID=2930) to work on /home/airflow/.local/lib/python3.6/site-packages/airflow/example_dags/example_dag_decorator.py
[2021-07-12 20:54:55,842] {scheduler_job.py:633} INFO - Processing file /home/airflow/.local/lib/python3.6/site-packages/airflow/example_dags/example_dag_decorator.py for tasks to queue
[2021-07-12 20:54:55,842] {logging_mixin.py:104} INFO - [2021-07-12 20:54:55,842] {dagbag.py:496} INFO - Filling up the DagBag from /home/airflow/.local/lib/python3.6/site-packages/airflow/example_dags/example_dag_decorator.py
[2021-07-12 20:54:55,855] {scheduler_job.py:643} INFO - DAG(s) dict_keys(['example_dag_decorator']) retrieved from /home/airflow/.local/lib/python3.6/site-packages/airflow/example_dags/example_dag_decorator.py
[2021-07-12 20:54:56,002] {logging_mixin.py:104} INFO - [2021-07-12 20:54:56,002] {dag.py:1833} INFO - Sync 1 DAGs
[2021-07-12 20:54:56,011] {logging_mixin.py:104} INFO - [2021-07-12 20:54:56,011] {dag.py:2306} INFO - Setting next_dagrun for example_dag_decorator to None
[2021-07-12 20:54:56,055] {scheduler_job.py:190} INFO - Processing /home/airflow/.local/lib/python3.6/site-packages/airflow/example_dags/example_dag_decorator.py took 0.215 seconds
[2021-07-12 20:55:26,070] {scheduler_job.py:182} INFO - Started process (PID=2981) to work on /home/airflow/.local/lib/python3.6/site-packages/airflow/example_dags/example_dag_decorator.py
[2021-07-12 20:55:26,071] {scheduler_job.py:633} INFO - Processing file /home/airflow/.local/lib/python3.6/site-packages/airflow/example_dags/example_dag_decorator.py for tasks to queue
[2021-07-12 20:55:26,072] {logging_mixin.py:104} INFO - [2021-07-12 20:55:26,072] {dagbag.py:496} INFO - Filling up the DagBag from /home/airflow/.local/lib/python3.6/site-packages/airflow/example_dags/example_dag_decorator.py
[2021-07-12 20:55:26,085] {scheduler_job.py:643} INFO - DAG(s) dict_keys(['example_dag_decorator']) retrieved from /home/airflow/.local/lib/python3.6/site-packages/airflow/example_dags/example_dag_decorator.py
[2021-07-12 20:55:26,211] {logging_mixin.py:104} INFO - [2021-07-12 20:55:26,211] {dag.py:1833} INFO - Sync 1 DAGs
[2021-07-12 20:55:26,218] {logging_mixin.py:104} INFO - [2021-07-12 20:55:26,218] {dag.py:2306} INFO - Setting next_dagrun for example_dag_decorator to None
[2021-07-12 20:55:26,265] {scheduler_job.py:190} INFO - Processing /home/airflow/.local/lib/python3.6/site-packages/airflow/example_dags/example_dag_decorator.py took 0.197 seconds
[2021-07-12 20:55:56,489] {scheduler_job.py:182} INFO - Started process (PID=3043) to work on /home/airflow/.local/lib/python3.6/site-packages/airflow/example_dags/example_dag_decorator.py
[2021-07-12 20:55:56,490] {scheduler_job.py:633} INFO - Processing file /home/airflow/.local/lib/python3.6/site-packages/airflow/example_dags/example_dag_decorator.py for tasks to queue
[2021-07-12 20:55:56,490] {logging_mixin.py:104} INFO - [2021-07-12 20:55:56,490] {dagbag.py:496} INFO - Filling up the DagBag from /home/airflow/.local/lib/python3.6/site-packages/airflow/example_dags/example_dag_decorator.py
[2021-07-12 20:55:56,500] {scheduler_job.py:643} INFO - DAG(s) dict_keys(['example_dag_decorator']) retrieved from /home/airflow/.local/lib/python3.6/site-packages/airflow/example_dags/example_dag_decorator.py
[2021-07-12 20:55:56,632] {logging_mixin.py:104} INFO - [2021-07-12 20:55:56,632] {dag.py:1833} INFO - Sync 1 DAGs
[2021-07-12 20:55:56,643] {logging_mixin.py:104} INFO - [2021-07-12 20:55:56,643] {dag.py:2306} INFO - Setting next_dagrun for example_dag_decorator to None
[2021-07-12 20:55:56,649] {scheduler_job.py:190} INFO - Processing /home/airflow/.local/lib/python3.6/site-packages/airflow/example_dags/example_dag_decorator.py took 0.161 seconds
[2021-07-12 20:56:26,807] {scheduler_job.py:182} INFO - Started process (PID=3107) to work on /home/airflow/.local/lib/python3.6/site-packages/airflow/example_dags/example_dag_decorator.py
[2021-07-12 20:56:26,808] {scheduler_job.py:633} INFO - Processing file /home/airflow/.local/lib/python3.6/site-packages/airflow/example_dags/example_dag_decorator.py for tasks to queue
[2021-07-12 20:56:26,809] {logging_mixin.py:104} INFO - [2021-07-12 20:56:26,809] {dagbag.py:496} INFO - Filling up the DagBag from /home/airflow/.local/lib/python3.6/site-packages/airflow/example_dags/example_dag_decorator.py
[2021-07-12 20:56:26,820] {scheduler_job.py:643} INFO - DAG(s) dict_keys(['example_dag_decorator']) retrieved from /home/airflow/.local/lib/python3.6/site-packages/airflow/example_dags/example_dag_decorator.py
[2021-07-12 20:56:26,832] {logging_mixin.py:104} INFO - [2021-07-12 20:56:26,832] {dag.py:1833} INFO - Sync 1 DAGs
[2021-07-12 20:56:26,841] {logging_mixin.py:104} INFO - [2021-07-12 20:56:26,841] {dag.py:2306} INFO - Setting next_dagrun for example_dag_decorator to None
[2021-07-12 20:56:26,847] {scheduler_job.py:190} INFO - Processing /home/airflow/.local/lib/python3.6/site-packages/airflow/example_dags/example_dag_decorator.py took 0.042 seconds
[2021-07-12 20:56:56,994] {scheduler_job.py:182} INFO - Started process (PID=3158) to work on /home/airflow/.local/lib/python3.6/site-packages/airflow/example_dags/example_dag_decorator.py
[2021-07-12 20:56:56,995] {scheduler_job.py:633} INFO - Processing file /home/airflow/.local/lib/python3.6/site-packages/airflow/example_dags/example_dag_decorator.py for tasks to queue
[2021-07-12 20:56:56,995] {logging_mixin.py:104} INFO - [2021-07-12 20:56:56,995] {dagbag.py:496} INFO - Filling up the DagBag from /home/airflow/.local/lib/python3.6/site-packages/airflow/example_dags/example_dag_decorator.py
[2021-07-12 20:56:57,008] {scheduler_job.py:643} INFO - DAG(s) dict_keys(['example_dag_decorator']) retrieved from /home/airflow/.local/lib/python3.6/site-packages/airflow/example_dags/example_dag_decorator.py
[2021-07-12 20:56:57,185] {logging_mixin.py:104} INFO - [2021-07-12 20:56:57,185] {dag.py:1833} INFO - Sync 1 DAGs
[2021-07-12 20:56:57,193] {logging_mixin.py:104} INFO - [2021-07-12 20:56:57,193] {dag.py:2306} INFO - Setting next_dagrun for example_dag_decorator to None
[2021-07-12 20:56:57,239] {scheduler_job.py:190} INFO - Processing /home/airflow/.local/lib/python3.6/site-packages/airflow/example_dags/example_dag_decorator.py took 0.247 seconds
[2021-07-12 20:57:27,346] {scheduler_job.py:182} INFO - Started process (PID=3219) to work on /home/airflow/.local/lib/python3.6/site-packages/airflow/example_dags/example_dag_decorator.py
[2021-07-12 20:57:27,347] {scheduler_job.py:633} INFO - Processing file /home/airflow/.local/lib/python3.6/site-packages/airflow/example_dags/example_dag_decorator.py for tasks to queue
[2021-07-12 20:57:27,348] {logging_mixin.py:104} INFO - [2021-07-12 20:57:27,348] {dagbag.py:496} INFO - Filling up the DagBag from /home/airflow/.local/lib/python3.6/site-packages/airflow/example_dags/example_dag_decorator.py
[2021-07-12 20:57:27,359] {scheduler_job.py:643} INFO - DAG(s) dict_keys(['example_dag_decorator']) retrieved from /home/airflow/.local/lib/python3.6/site-packages/airflow/example_dags/example_dag_decorator.py
[2021-07-12 20:57:27,491] {logging_mixin.py:104} INFO - [2021-07-12 20:57:27,490] {dag.py:1833} INFO - Sync 1 DAGs
[2021-07-12 20:57:27,499] {logging_mixin.py:104} INFO - [2021-07-12 20:57:27,499] {dag.py:2306} INFO - Setting next_dagrun for example_dag_decorator to None
[2021-07-12 20:57:27,552] {scheduler_job.py:190} INFO - Processing /home/airflow/.local/lib/python3.6/site-packages/airflow/example_dags/example_dag_decorator.py took 0.208 seconds
[2021-07-12 20:57:57,644] {scheduler_job.py:182} INFO - Started process (PID=3281) to work on /home/airflow/.local/lib/python3.6/site-packages/airflow/example_dags/example_dag_decorator.py
[2021-07-12 20:57:57,645] {scheduler_job.py:633} INFO - Processing file /home/airflow/.local/lib/python3.6/site-packages/airflow/example_dags/example_dag_decorator.py for tasks to queue
[2021-07-12 20:57:57,645] {logging_mixin.py:104} INFO - [2021-07-12 20:57:57,645] {dagbag.py:496} INFO - Filling up the DagBag from /home/airflow/.local/lib/python3.6/site-packages/airflow/example_dags/example_dag_decorator.py
[2021-07-12 20:57:57,659] {scheduler_job.py:643} INFO - DAG(s) dict_keys(['example_dag_decorator']) retrieved from /home/airflow/.local/lib/python3.6/site-packages/airflow/example_dags/example_dag_decorator.py
[2021-07-12 20:57:57,788] {logging_mixin.py:104} INFO - [2021-07-12 20:57:57,788] {dag.py:1833} INFO - Sync 1 DAGs
[2021-07-12 20:57:57,796] {logging_mixin.py:104} INFO - [2021-07-12 20:57:57,796] {dag.py:2306} INFO - Setting next_dagrun for example_dag_decorator to None
[2021-07-12 20:57:57,803] {scheduler_job.py:190} INFO - Processing /home/airflow/.local/lib/python3.6/site-packages/airflow/example_dags/example_dag_decorator.py took 0.161 seconds
[2021-07-12 20:58:27,875] {scheduler_job.py:182} INFO - Started process (PID=3342) to work on /home/airflow/.local/lib/python3.6/site-packages/airflow/example_dags/example_dag_decorator.py
[2021-07-12 20:58:27,876] {scheduler_job.py:633} INFO - Processing file /home/airflow/.local/lib/python3.6/site-packages/airflow/example_dags/example_dag_decorator.py for tasks to queue
[2021-07-12 20:58:27,876] {logging_mixin.py:104} INFO - [2021-07-12 20:58:27,876] {dagbag.py:496} INFO - Filling up the DagBag from /home/airflow/.local/lib/python3.6/site-packages/airflow/example_dags/example_dag_decorator.py
[2021-07-12 20:58:27,892] {scheduler_job.py:643} INFO - DAG(s) dict_keys(['example_dag_decorator']) retrieved from /home/airflow/.local/lib/python3.6/site-packages/airflow/example_dags/example_dag_decorator.py
[2021-07-12 20:58:28,048] {logging_mixin.py:104} INFO - [2021-07-12 20:58:28,048] {dag.py:1833} INFO - Sync 1 DAGs
[2021-07-12 20:58:28,059] {logging_mixin.py:104} INFO - [2021-07-12 20:58:28,059] {dag.py:2306} INFO - Setting next_dagrun for example_dag_decorator to None
[2021-07-12 20:58:28,082] {scheduler_job.py:190} INFO - Processing /home/airflow/.local/lib/python3.6/site-packages/airflow/example_dags/example_dag_decorator.py took 0.211 seconds
[2021-07-12 20:58:59,084] {scheduler_job.py:182} INFO - Started process (PID=3394) to work on /home/airflow/.local/lib/python3.6/site-packages/airflow/example_dags/example_dag_decorator.py
[2021-07-12 20:58:59,085] {scheduler_job.py:633} INFO - Processing file /home/airflow/.local/lib/python3.6/site-packages/airflow/example_dags/example_dag_decorator.py for tasks to queue
[2021-07-12 20:58:59,085] {logging_mixin.py:104} INFO - [2021-07-12 20:58:59,085] {dagbag.py:496} INFO - Filling up the DagBag from /home/airflow/.local/lib/python3.6/site-packages/airflow/example_dags/example_dag_decorator.py
[2021-07-12 20:58:59,098] {scheduler_job.py:643} INFO - DAG(s) dict_keys(['example_dag_decorator']) retrieved from /home/airflow/.local/lib/python3.6/site-packages/airflow/example_dags/example_dag_decorator.py
[2021-07-12 20:58:59,226] {logging_mixin.py:104} INFO - [2021-07-12 20:58:59,225] {dag.py:1833} INFO - Sync 1 DAGs
[2021-07-12 20:58:59,234] {logging_mixin.py:104} INFO - [2021-07-12 20:58:59,234] {dag.py:2306} INFO - Setting next_dagrun for example_dag_decorator to None
[2021-07-12 20:58:59,241] {scheduler_job.py:190} INFO - Processing /home/airflow/.local/lib/python3.6/site-packages/airflow/example_dags/example_dag_decorator.py took 0.158 seconds
[2021-07-12 20:59:29,315] {scheduler_job.py:182} INFO - Started process (PID=3455) to work on /home/airflow/.local/lib/python3.6/site-packages/airflow/example_dags/example_dag_decorator.py
[2021-07-12 20:59:29,316] {scheduler_job.py:633} INFO - Processing file /home/airflow/.local/lib/python3.6/site-packages/airflow/example_dags/example_dag_decorator.py for tasks to queue
[2021-07-12 20:59:29,316] {logging_mixin.py:104} INFO - [2021-07-12 20:59:29,316] {dagbag.py:496} INFO - Filling up the DagBag from /home/airflow/.local/lib/python3.6/site-packages/airflow/example_dags/example_dag_decorator.py
[2021-07-12 20:59:29,325] {scheduler_job.py:643} INFO - DAG(s) dict_keys(['example_dag_decorator']) retrieved from /home/airflow/.local/lib/python3.6/site-packages/airflow/example_dags/example_dag_decorator.py
[2021-07-12 20:59:29,459] {logging_mixin.py:104} INFO - [2021-07-12 20:59:29,459] {dag.py:1833} INFO - Sync 1 DAGs
[2021-07-12 20:59:29,470] {logging_mixin.py:104} INFO - [2021-07-12 20:59:29,470] {dag.py:2306} INFO - Setting next_dagrun for example_dag_decorator to None
[2021-07-12 20:59:29,476] {scheduler_job.py:190} INFO - Processing /home/airflow/.local/lib/python3.6/site-packages/airflow/example_dags/example_dag_decorator.py took 0.163 seconds
[2021-07-12 20:59:59,488] {scheduler_job.py:182} INFO - Started process (PID=3516) to work on /home/airflow/.local/lib/python3.6/site-packages/airflow/example_dags/example_dag_decorator.py
[2021-07-12 20:59:59,488] {scheduler_job.py:633} INFO - Processing file /home/airflow/.local/lib/python3.6/site-packages/airflow/example_dags/example_dag_decorator.py for tasks to queue
[2021-07-12 20:59:59,489] {logging_mixin.py:104} INFO - [2021-07-12 20:59:59,489] {dagbag.py:496} INFO - Filling up the DagBag from /home/airflow/.local/lib/python3.6/site-packages/airflow/example_dags/example_dag_decorator.py
[2021-07-12 20:59:59,502] {scheduler_job.py:643} INFO - DAG(s) dict_keys(['example_dag_decorator']) retrieved from /home/airflow/.local/lib/python3.6/site-packages/airflow/example_dags/example_dag_decorator.py
[2021-07-12 20:59:59,630] {logging_mixin.py:104} INFO - [2021-07-12 20:59:59,630] {dag.py:1833} INFO - Sync 1 DAGs
[2021-07-12 20:59:59,640] {logging_mixin.py:104} INFO - [2021-07-12 20:59:59,640] {dag.py:2306} INFO - Setting next_dagrun for example_dag_decorator to None
[2021-07-12 20:59:59,681] {scheduler_job.py:190} INFO - Processing /home/airflow/.local/lib/python3.6/site-packages/airflow/example_dags/example_dag_decorator.py took 0.196 seconds
[2021-07-12 21:00:29,763] {scheduler_job.py:182} INFO - Started process (PID=3569) to work on /home/airflow/.local/lib/python3.6/site-packages/airflow/example_dags/example_dag_decorator.py
[2021-07-12 21:00:29,764] {scheduler_job.py:633} INFO - Processing file /home/airflow/.local/lib/python3.6/site-packages/airflow/example_dags/example_dag_decorator.py for tasks to queue
[2021-07-12 21:00:29,764] {logging_mixin.py:104} INFO - [2021-07-12 21:00:29,764] {dagbag.py:496} INFO - Filling up the DagBag from /home/airflow/.local/lib/python3.6/site-packages/airflow/example_dags/example_dag_decorator.py
[2021-07-12 21:00:29,777] {scheduler_job.py:643} INFO - DAG(s) dict_keys(['example_dag_decorator']) retrieved from /home/airflow/.local/lib/python3.6/site-packages/airflow/example_dags/example_dag_decorator.py
[2021-07-12 21:00:29,906] {logging_mixin.py:104} INFO - [2021-07-12 21:00:29,906] {dag.py:1833} INFO - Sync 1 DAGs
[2021-07-12 21:00:29,916] {logging_mixin.py:104} INFO - [2021-07-12 21:00:29,916] {dag.py:2306} INFO - Setting next_dagrun for example_dag_decorator to None
[2021-07-12 21:00:29,953] {scheduler_job.py:190} INFO - Processing /home/airflow/.local/lib/python3.6/site-packages/airflow/example_dags/example_dag_decorator.py took 0.192 seconds
[2021-07-12 21:01:00,153] {scheduler_job.py:182} INFO - Started process (PID=3631) to work on /home/airflow/.local/lib/python3.6/site-packages/airflow/example_dags/example_dag_decorator.py
[2021-07-12 21:01:00,153] {scheduler_job.py:633} INFO - Processing file /home/airflow/.local/lib/python3.6/site-packages/airflow/example_dags/example_dag_decorator.py for tasks to queue
[2021-07-12 21:01:00,154] {logging_mixin.py:104} INFO - [2021-07-12 21:01:00,154] {dagbag.py:496} INFO - Filling up the DagBag from /home/airflow/.local/lib/python3.6/site-packages/airflow/example_dags/example_dag_decorator.py
[2021-07-12 21:01:00,164] {scheduler_job.py:643} INFO - DAG(s) dict_keys(['example_dag_decorator']) retrieved from /home/airflow/.local/lib/python3.6/site-packages/airflow/example_dags/example_dag_decorator.py
[2021-07-12 21:01:00,307] {logging_mixin.py:104} INFO - [2021-07-12 21:01:00,307] {dag.py:1833} INFO - Sync 1 DAGs
[2021-07-12 21:01:00,315] {logging_mixin.py:104} INFO - [2021-07-12 21:01:00,315] {dag.py:2306} INFO - Setting next_dagrun for example_dag_decorator to None
[2021-07-12 21:01:00,323] {scheduler_job.py:190} INFO - Processing /home/airflow/.local/lib/python3.6/site-packages/airflow/example_dags/example_dag_decorator.py took 0.172 seconds
[2021-07-12 21:01:30,503] {scheduler_job.py:182} INFO - Started process (PID=3692) to work on /home/airflow/.local/lib/python3.6/site-packages/airflow/example_dags/example_dag_decorator.py
[2021-07-12 21:01:30,504] {scheduler_job.py:633} INFO - Processing file /home/airflow/.local/lib/python3.6/site-packages/airflow/example_dags/example_dag_decorator.py for tasks to queue
[2021-07-12 21:01:30,504] {logging_mixin.py:104} INFO - [2021-07-12 21:01:30,504] {dagbag.py:496} INFO - Filling up the DagBag from /home/airflow/.local/lib/python3.6/site-packages/airflow/example_dags/example_dag_decorator.py
[2021-07-12 21:01:30,517] {scheduler_job.py:643} INFO - DAG(s) dict_keys(['example_dag_decorator']) retrieved from /home/airflow/.local/lib/python3.6/site-packages/airflow/example_dags/example_dag_decorator.py
[2021-07-12 21:01:30,529] {logging_mixin.py:104} INFO - [2021-07-12 21:01:30,529] {dag.py:1833} INFO - Sync 1 DAGs
[2021-07-12 21:01:30,542] {logging_mixin.py:104} INFO - [2021-07-12 21:01:30,542] {dag.py:2306} INFO - Setting next_dagrun for example_dag_decorator to None
[2021-07-12 21:01:30,588] {scheduler_job.py:190} INFO - Processing /home/airflow/.local/lib/python3.6/site-packages/airflow/example_dags/example_dag_decorator.py took 0.088 seconds
[2021-07-12 21:02:00,739] {scheduler_job.py:182} INFO - Started process (PID=3769) to work on /home/airflow/.local/lib/python3.6/site-packages/airflow/example_dags/example_dag_decorator.py
[2021-07-12 21:02:00,740] {scheduler_job.py:633} INFO - Processing file /home/airflow/.local/lib/python3.6/site-packages/airflow/example_dags/example_dag_decorator.py for tasks to queue
[2021-07-12 21:02:00,740] {logging_mixin.py:104} INFO - [2021-07-12 21:02:00,740] {dagbag.py:496} INFO - Filling up the DagBag from /home/airflow/.local/lib/python3.6/site-packages/airflow/example_dags/example_dag_decorator.py
[2021-07-12 21:02:00,754] {scheduler_job.py:643} INFO - DAG(s) dict_keys(['example_dag_decorator']) retrieved from /home/airflow/.local/lib/python3.6/site-packages/airflow/example_dags/example_dag_decorator.py
[2021-07-12 21:02:00,872] {logging_mixin.py:104} INFO - [2021-07-12 21:02:00,872] {dag.py:1833} INFO - Sync 1 DAGs
[2021-07-12 21:02:00,880] {logging_mixin.py:104} INFO - [2021-07-12 21:02:00,880] {dag.py:2306} INFO - Setting next_dagrun for example_dag_decorator to None
[2021-07-12 21:02:00,886] {scheduler_job.py:190} INFO - Processing /home/airflow/.local/lib/python3.6/site-packages/airflow/example_dags/example_dag_decorator.py took 0.149 seconds
[2021-07-12 21:02:30,919] {scheduler_job.py:182} INFO - Started process (PID=3823) to work on /home/airflow/.local/lib/python3.6/site-packages/airflow/example_dags/example_dag_decorator.py
[2021-07-12 21:02:30,920] {scheduler_job.py:633} INFO - Processing file /home/airflow/.local/lib/python3.6/site-packages/airflow/example_dags/example_dag_decorator.py for tasks to queue
[2021-07-12 21:02:30,920] {logging_mixin.py:104} INFO - [2021-07-12 21:02:30,920] {dagbag.py:496} INFO - Filling up the DagBag from /home/airflow/.local/lib/python3.6/site-packages/airflow/example_dags/example_dag_decorator.py
[2021-07-12 21:02:30,931] {scheduler_job.py:643} INFO - DAG(s) dict_keys(['example_dag_decorator']) retrieved from /home/airflow/.local/lib/python3.6/site-packages/airflow/example_dags/example_dag_decorator.py
[2021-07-12 21:02:31,060] {logging_mixin.py:104} INFO - [2021-07-12 21:02:31,060] {dag.py:1833} INFO - Sync 1 DAGs
[2021-07-12 21:02:31,069] {logging_mixin.py:104} INFO - [2021-07-12 21:02:31,068] {dag.py:2306} INFO - Setting next_dagrun for example_dag_decorator to None
[2021-07-12 21:02:31,115] {scheduler_job.py:190} INFO - Processing /home/airflow/.local/lib/python3.6/site-packages/airflow/example_dags/example_dag_decorator.py took 0.198 seconds
[2021-07-12 21:03:01,255] {scheduler_job.py:182} INFO - Started process (PID=3884) to work on /home/airflow/.local/lib/python3.6/site-packages/airflow/example_dags/example_dag_decorator.py
[2021-07-12 21:03:01,255] {scheduler_job.py:633} INFO - Processing file /home/airflow/.local/lib/python3.6/site-packages/airflow/example_dags/example_dag_decorator.py for tasks to queue
[2021-07-12 21:03:01,256] {logging_mixin.py:104} INFO - [2021-07-12 21:03:01,256] {dagbag.py:496} INFO - Filling up the DagBag from /home/airflow/.local/lib/python3.6/site-packages/airflow/example_dags/example_dag_decorator.py
[2021-07-12 21:03:01,267] {scheduler_job.py:643} INFO - DAG(s) dict_keys(['example_dag_decorator']) retrieved from /home/airflow/.local/lib/python3.6/site-packages/airflow/example_dags/example_dag_decorator.py
[2021-07-12 21:03:01,419] {logging_mixin.py:104} INFO - [2021-07-12 21:03:01,419] {dag.py:1833} INFO - Sync 1 DAGs
[2021-07-12 21:03:01,426] {logging_mixin.py:104} INFO - [2021-07-12 21:03:01,426] {dag.py:2306} INFO - Setting next_dagrun for example_dag_decorator to None
[2021-07-12 21:03:01,432] {scheduler_job.py:190} INFO - Processing /home/airflow/.local/lib/python3.6/site-packages/airflow/example_dags/example_dag_decorator.py took 0.180 seconds
[2021-07-12 21:03:31,581] {scheduler_job.py:182} INFO - Started process (PID=3946) to work on /home/airflow/.local/lib/python3.6/site-packages/airflow/example_dags/example_dag_decorator.py
[2021-07-12 21:03:31,582] {scheduler_job.py:633} INFO - Processing file /home/airflow/.local/lib/python3.6/site-packages/airflow/example_dags/example_dag_decorator.py for tasks to queue
[2021-07-12 21:03:31,582] {logging_mixin.py:104} INFO - [2021-07-12 21:03:31,582] {dagbag.py:496} INFO - Filling up the DagBag from /home/airflow/.local/lib/python3.6/site-packages/airflow/example_dags/example_dag_decorator.py
[2021-07-12 21:03:31,594] {scheduler_job.py:643} INFO - DAG(s) dict_keys(['example_dag_decorator']) retrieved from /home/airflow/.local/lib/python3.6/site-packages/airflow/example_dags/example_dag_decorator.py
[2021-07-12 21:03:31,604] {logging_mixin.py:104} INFO - [2021-07-12 21:03:31,604] {dag.py:1833} INFO - Sync 1 DAGs
[2021-07-12 21:03:31,613] {logging_mixin.py:104} INFO - [2021-07-12 21:03:31,613] {dag.py:2306} INFO - Setting next_dagrun for example_dag_decorator to None
[2021-07-12 21:03:31,657] {scheduler_job.py:190} INFO - Processing /home/airflow/.local/lib/python3.6/site-packages/airflow/example_dags/example_dag_decorator.py took 0.080 seconds
[2021-07-12 21:04:01,678] {scheduler_job.py:182} INFO - Started process (PID=3998) to work on /home/airflow/.local/lib/python3.6/site-packages/airflow/example_dags/example_dag_decorator.py
[2021-07-12 21:04:01,678] {scheduler_job.py:633} INFO - Processing file /home/airflow/.local/lib/python3.6/site-packages/airflow/example_dags/example_dag_decorator.py for tasks to queue
[2021-07-12 21:04:01,679] {logging_mixin.py:104} INFO - [2021-07-12 21:04:01,678] {dagbag.py:496} INFO - Filling up the DagBag from /home/airflow/.local/lib/python3.6/site-packages/airflow/example_dags/example_dag_decorator.py
[2021-07-12 21:04:01,688] {scheduler_job.py:643} INFO - DAG(s) dict_keys(['example_dag_decorator']) retrieved from /home/airflow/.local/lib/python3.6/site-packages/airflow/example_dags/example_dag_decorator.py
[2021-07-12 21:04:01,807] {logging_mixin.py:104} INFO - [2021-07-12 21:04:01,807] {dag.py:1833} INFO - Sync 1 DAGs
[2021-07-12 21:04:01,815] {logging_mixin.py:104} INFO - [2021-07-12 21:04:01,815] {dag.py:2306} INFO - Setting next_dagrun for example_dag_decorator to None
[2021-07-12 21:04:01,859] {scheduler_job.py:190} INFO - Processing /home/airflow/.local/lib/python3.6/site-packages/airflow/example_dags/example_dag_decorator.py took 0.183 seconds
[2021-07-12 21:04:31,978] {scheduler_job.py:182} INFO - Started process (PID=4059) to work on /home/airflow/.local/lib/python3.6/site-packages/airflow/example_dags/example_dag_decorator.py
[2021-07-12 21:04:31,979] {scheduler_job.py:633} INFO - Processing file /home/airflow/.local/lib/python3.6/site-packages/airflow/example_dags/example_dag_decorator.py for tasks to queue
[2021-07-12 21:04:31,979] {logging_mixin.py:104} INFO - [2021-07-12 21:04:31,979] {dagbag.py:496} INFO - Filling up the DagBag from /home/airflow/.local/lib/python3.6/site-packages/airflow/example_dags/example_dag_decorator.py
[2021-07-12 21:04:31,995] {scheduler_job.py:643} INFO - DAG(s) dict_keys(['example_dag_decorator']) retrieved from /home/airflow/.local/lib/python3.6/site-packages/airflow/example_dags/example_dag_decorator.py
[2021-07-12 21:04:32,011] {logging_mixin.py:104} INFO - [2021-07-12 21:04:32,011] {dag.py:1833} INFO - Sync 1 DAGs
[2021-07-12 21:04:32,021] {logging_mixin.py:104} INFO - [2021-07-12 21:04:32,021] {dag.py:2306} INFO - Setting next_dagrun for example_dag_decorator to None
[2021-07-12 21:04:32,064] {scheduler_job.py:190} INFO - Processing /home/airflow/.local/lib/python3.6/site-packages/airflow/example_dags/example_dag_decorator.py took 0.088 seconds
[2021-07-12 21:05:02,253] {scheduler_job.py:182} INFO - Started process (PID=4121) to work on /home/airflow/.local/lib/python3.6/site-packages/airflow/example_dags/example_dag_decorator.py
[2021-07-12 21:05:02,254] {scheduler_job.py:633} INFO - Processing file /home/airflow/.local/lib/python3.6/site-packages/airflow/example_dags/example_dag_decorator.py for tasks to queue
[2021-07-12 21:05:02,254] {logging_mixin.py:104} INFO - [2021-07-12 21:05:02,254] {dagbag.py:496} INFO - Filling up the DagBag from /home/airflow/.local/lib/python3.6/site-packages/airflow/example_dags/example_dag_decorator.py
[2021-07-12 21:05:02,265] {scheduler_job.py:643} INFO - DAG(s) dict_keys(['example_dag_decorator']) retrieved from /home/airflow/.local/lib/python3.6/site-packages/airflow/example_dags/example_dag_decorator.py
[2021-07-12 21:05:02,414] {logging_mixin.py:104} INFO - [2021-07-12 21:05:02,414] {dag.py:1833} INFO - Sync 1 DAGs
[2021-07-12 21:05:02,422] {logging_mixin.py:104} INFO - [2021-07-12 21:05:02,422] {dag.py:2306} INFO - Setting next_dagrun for example_dag_decorator to None
[2021-07-12 21:05:02,443] {scheduler_job.py:190} INFO - Processing /home/airflow/.local/lib/python3.6/site-packages/airflow/example_dags/example_dag_decorator.py took 0.192 seconds
[2021-07-12 21:05:32,546] {scheduler_job.py:182} INFO - Started process (PID=4180) to work on /home/airflow/.local/lib/python3.6/site-packages/airflow/example_dags/example_dag_decorator.py
[2021-07-12 21:05:32,547] {scheduler_job.py:633} INFO - Processing file /home/airflow/.local/lib/python3.6/site-packages/airflow/example_dags/example_dag_decorator.py for tasks to queue
[2021-07-12 21:05:32,547] {logging_mixin.py:104} INFO - [2021-07-12 21:05:32,547] {dagbag.py:496} INFO - Filling up the DagBag from /home/airflow/.local/lib/python3.6/site-packages/airflow/example_dags/example_dag_decorator.py
[2021-07-12 21:05:32,560] {scheduler_job.py:643} INFO - DAG(s) dict_keys(['example_dag_decorator']) retrieved from /home/airflow/.local/lib/python3.6/site-packages/airflow/example_dags/example_dag_decorator.py
[2021-07-12 21:05:32,682] {logging_mixin.py:104} INFO - [2021-07-12 21:05:32,682] {dag.py:1833} INFO - Sync 1 DAGs
[2021-07-12 21:05:32,690] {logging_mixin.py:104} INFO - [2021-07-12 21:05:32,690] {dag.py:2306} INFO - Setting next_dagrun for example_dag_decorator to None
[2021-07-12 21:05:32,695] {scheduler_job.py:190} INFO - Processing /home/airflow/.local/lib/python3.6/site-packages/airflow/example_dags/example_dag_decorator.py took 0.151 seconds
[2021-07-12 21:06:02,849] {scheduler_job.py:182} INFO - Started process (PID=4234) to work on /home/airflow/.local/lib/python3.6/site-packages/airflow/example_dags/example_dag_decorator.py
[2021-07-12 21:06:02,850] {scheduler_job.py:633} INFO - Processing file /home/airflow/.local/lib/python3.6/site-packages/airflow/example_dags/example_dag_decorator.py for tasks to queue
[2021-07-12 21:06:02,851] {logging_mixin.py:104} INFO - [2021-07-12 21:06:02,851] {dagbag.py:496} INFO - Filling up the DagBag from /home/airflow/.local/lib/python3.6/site-packages/airflow/example_dags/example_dag_decorator.py
[2021-07-12 21:06:02,862] {scheduler_job.py:643} INFO - DAG(s) dict_keys(['example_dag_decorator']) retrieved from /home/airflow/.local/lib/python3.6/site-packages/airflow/example_dags/example_dag_decorator.py
[2021-07-12 21:06:02,996] {logging_mixin.py:104} INFO - [2021-07-12 21:06:02,996] {dag.py:1833} INFO - Sync 1 DAGs
[2021-07-12 21:06:03,006] {logging_mixin.py:104} INFO - [2021-07-12 21:06:03,006] {dag.py:2306} INFO - Setting next_dagrun for example_dag_decorator to None
[2021-07-12 21:06:03,014] {scheduler_job.py:190} INFO - Processing /home/airflow/.local/lib/python3.6/site-packages/airflow/example_dags/example_dag_decorator.py took 0.167 seconds
[2021-07-12 21:06:33,031] {scheduler_job.py:182} INFO - Started process (PID=4296) to work on /home/airflow/.local/lib/python3.6/site-packages/airflow/example_dags/example_dag_decorator.py
[2021-07-12 21:06:33,031] {scheduler_job.py:633} INFO - Processing file /home/airflow/.local/lib/python3.6/site-packages/airflow/example_dags/example_dag_decorator.py for tasks to queue
[2021-07-12 21:06:33,032] {logging_mixin.py:104} INFO - [2021-07-12 21:06:33,032] {dagbag.py:496} INFO - Filling up the DagBag from /home/airflow/.local/lib/python3.6/site-packages/airflow/example_dags/example_dag_decorator.py
[2021-07-12 21:06:33,042] {scheduler_job.py:643} INFO - DAG(s) dict_keys(['example_dag_decorator']) retrieved from /home/airflow/.local/lib/python3.6/site-packages/airflow/example_dags/example_dag_decorator.py
[2021-07-12 21:06:33,172] {logging_mixin.py:104} INFO - [2021-07-12 21:06:33,171] {dag.py:1833} INFO - Sync 1 DAGs
[2021-07-12 21:06:33,183] {logging_mixin.py:104} INFO - [2021-07-12 21:06:33,183] {dag.py:2306} INFO - Setting next_dagrun for example_dag_decorator to None
[2021-07-12 21:06:33,229] {scheduler_job.py:190} INFO - Processing /home/airflow/.local/lib/python3.6/site-packages/airflow/example_dags/example_dag_decorator.py took 0.200 seconds
[2021-07-12 21:07:03,449] {scheduler_job.py:182} INFO - Started process (PID=4358) to work on /home/airflow/.local/lib/python3.6/site-packages/airflow/example_dags/example_dag_decorator.py
[2021-07-12 21:07:03,451] {scheduler_job.py:633} INFO - Processing file /home/airflow/.local/lib/python3.6/site-packages/airflow/example_dags/example_dag_decorator.py for tasks to queue
[2021-07-12 21:07:03,451] {logging_mixin.py:104} INFO - [2021-07-12 21:07:03,451] {dagbag.py:496} INFO - Filling up the DagBag from /home/airflow/.local/lib/python3.6/site-packages/airflow/example_dags/example_dag_decorator.py
[2021-07-12 21:07:03,462] {scheduler_job.py:643} INFO - DAG(s) dict_keys(['example_dag_decorator']) retrieved from /home/airflow/.local/lib/python3.6/site-packages/airflow/example_dags/example_dag_decorator.py
[2021-07-12 21:07:03,589] {logging_mixin.py:104} INFO - [2021-07-12 21:07:03,589] {dag.py:1833} INFO - Sync 1 DAGs
[2021-07-12 21:07:03,598] {logging_mixin.py:104} INFO - [2021-07-12 21:07:03,598] {dag.py:2306} INFO - Setting next_dagrun for example_dag_decorator to None
[2021-07-12 21:07:03,641] {scheduler_job.py:190} INFO - Processing /home/airflow/.local/lib/python3.6/site-packages/airflow/example_dags/example_dag_decorator.py took 0.195 seconds
[2021-07-12 21:07:33,732] {scheduler_job.py:182} INFO - Started process (PID=4408) to work on /home/airflow/.local/lib/python3.6/site-packages/airflow/example_dags/example_dag_decorator.py
[2021-07-12 21:07:33,733] {scheduler_job.py:633} INFO - Processing file /home/airflow/.local/lib/python3.6/site-packages/airflow/example_dags/example_dag_decorator.py for tasks to queue
[2021-07-12 21:07:33,734] {logging_mixin.py:104} INFO - [2021-07-12 21:07:33,733] {dagbag.py:496} INFO - Filling up the DagBag from /home/airflow/.local/lib/python3.6/site-packages/airflow/example_dags/example_dag_decorator.py
[2021-07-12 21:07:33,744] {scheduler_job.py:643} INFO - DAG(s) dict_keys(['example_dag_decorator']) retrieved from /home/airflow/.local/lib/python3.6/site-packages/airflow/example_dags/example_dag_decorator.py
[2021-07-12 21:07:33,871] {logging_mixin.py:104} INFO - [2021-07-12 21:07:33,871] {dag.py:1833} INFO - Sync 1 DAGs
[2021-07-12 21:07:33,879] {logging_mixin.py:104} INFO - [2021-07-12 21:07:33,879] {dag.py:2306} INFO - Setting next_dagrun for example_dag_decorator to None
[2021-07-12 21:07:33,924] {scheduler_job.py:190} INFO - Processing /home/airflow/.local/lib/python3.6/site-packages/airflow/example_dags/example_dag_decorator.py took 0.195 seconds
[2021-07-12 21:08:04,065] {scheduler_job.py:182} INFO - Started process (PID=4472) to work on /home/airflow/.local/lib/python3.6/site-packages/airflow/example_dags/example_dag_decorator.py
[2021-07-12 21:08:04,065] {scheduler_job.py:633} INFO - Processing file /home/airflow/.local/lib/python3.6/site-packages/airflow/example_dags/example_dag_decorator.py for tasks to queue
[2021-07-12 21:08:04,066] {logging_mixin.py:104} INFO - [2021-07-12 21:08:04,066] {dagbag.py:496} INFO - Filling up the DagBag from /home/airflow/.local/lib/python3.6/site-packages/airflow/example_dags/example_dag_decorator.py
[2021-07-12 21:08:04,078] {scheduler_job.py:643} INFO - DAG(s) dict_keys(['example_dag_decorator']) retrieved from /home/airflow/.local/lib/python3.6/site-packages/airflow/example_dags/example_dag_decorator.py
[2021-07-12 21:08:04,215] {logging_mixin.py:104} INFO - [2021-07-12 21:08:04,215] {dag.py:1833} INFO - Sync 1 DAGs
[2021-07-12 21:08:04,225] {logging_mixin.py:104} INFO - [2021-07-12 21:08:04,225] {dag.py:2306} INFO - Setting next_dagrun for example_dag_decorator to None
[2021-07-12 21:08:04,267] {scheduler_job.py:190} INFO - Processing /home/airflow/.local/lib/python3.6/site-packages/airflow/example_dags/example_dag_decorator.py took 0.205 seconds
[2021-07-12 21:08:34,376] {scheduler_job.py:182} INFO - Started process (PID=4534) to work on /home/airflow/.local/lib/python3.6/site-packages/airflow/example_dags/example_dag_decorator.py
[2021-07-12 21:08:34,377] {scheduler_job.py:633} INFO - Processing file /home/airflow/.local/lib/python3.6/site-packages/airflow/example_dags/example_dag_decorator.py for tasks to queue
[2021-07-12 21:08:34,377] {logging_mixin.py:104} INFO - [2021-07-12 21:08:34,377] {dagbag.py:496} INFO - Filling up the DagBag from /home/airflow/.local/lib/python3.6/site-packages/airflow/example_dags/example_dag_decorator.py
[2021-07-12 21:08:34,388] {scheduler_job.py:643} INFO - DAG(s) dict_keys(['example_dag_decorator']) retrieved from /home/airflow/.local/lib/python3.6/site-packages/airflow/example_dags/example_dag_decorator.py
[2021-07-12 21:08:34,400] {logging_mixin.py:104} INFO - [2021-07-12 21:08:34,400] {dag.py:1833} INFO - Sync 1 DAGs
[2021-07-12 21:08:34,409] {logging_mixin.py:104} INFO - [2021-07-12 21:08:34,409] {dag.py:2306} INFO - Setting next_dagrun for example_dag_decorator to None
[2021-07-12 21:08:34,452] {scheduler_job.py:190} INFO - Processing /home/airflow/.local/lib/python3.6/site-packages/airflow/example_dags/example_dag_decorator.py took 0.079 seconds
