[2021-07-12 20:30:02,627] {scheduler_job.py:182} INFO - Started process (PID=25) to work on /home/airflow/.local/lib/python3.6/site-packages/airflow/example_dags/example_complex.py
[2021-07-12 20:30:02,628] {scheduler_job.py:633} INFO - Processing file /home/airflow/.local/lib/python3.6/site-packages/airflow/example_dags/example_complex.py for tasks to queue
[2021-07-12 20:30:02,628] {logging_mixin.py:104} INFO - [2021-07-12 20:30:02,628] {dagbag.py:496} INFO - Filling up the DagBag from /home/airflow/.local/lib/python3.6/site-packages/airflow/example_dags/example_complex.py
[2021-07-12 20:30:02,652] {scheduler_job.py:643} INFO - DAG(s) dict_keys(['example_complex']) retrieved from /home/airflow/.local/lib/python3.6/site-packages/airflow/example_dags/example_complex.py
[2021-07-12 20:30:03,018] {logging_mixin.py:104} INFO - [2021-07-12 20:30:03,017] {dag.py:1833} INFO - Sync 1 DAGs
[2021-07-12 20:30:03,028] {logging_mixin.py:104} INFO - [2021-07-12 20:30:03,028] {dag.py:2306} INFO - Setting next_dagrun for example_complex to None
[2021-07-12 20:30:03,039] {scheduler_job.py:190} INFO - Processing /home/airflow/.local/lib/python3.6/site-packages/airflow/example_dags/example_complex.py took 0.414 seconds
[2021-07-12 20:30:33,152] {scheduler_job.py:182} INFO - Started process (PID=87) to work on /home/airflow/.local/lib/python3.6/site-packages/airflow/example_dags/example_complex.py
[2021-07-12 20:30:33,153] {scheduler_job.py:633} INFO - Processing file /home/airflow/.local/lib/python3.6/site-packages/airflow/example_dags/example_complex.py for tasks to queue
[2021-07-12 20:30:33,153] {logging_mixin.py:104} INFO - [2021-07-12 20:30:33,153] {dagbag.py:496} INFO - Filling up the DagBag from /home/airflow/.local/lib/python3.6/site-packages/airflow/example_dags/example_complex.py
[2021-07-12 20:30:33,167] {scheduler_job.py:643} INFO - DAG(s) dict_keys(['example_complex']) retrieved from /home/airflow/.local/lib/python3.6/site-packages/airflow/example_dags/example_complex.py
[2021-07-12 20:30:33,194] {logging_mixin.py:104} INFO - [2021-07-12 20:30:33,194] {dag.py:1833} INFO - Sync 1 DAGs
[2021-07-12 20:30:33,207] {logging_mixin.py:104} INFO - [2021-07-12 20:30:33,207] {dag.py:2306} INFO - Setting next_dagrun for example_complex to None
[2021-07-12 20:30:33,216] {scheduler_job.py:190} INFO - Processing /home/airflow/.local/lib/python3.6/site-packages/airflow/example_dags/example_complex.py took 0.066 seconds
[2021-07-12 20:31:03,388] {scheduler_job.py:182} INFO - Started process (PID=139) to work on /home/airflow/.local/lib/python3.6/site-packages/airflow/example_dags/example_complex.py
[2021-07-12 20:31:03,388] {scheduler_job.py:633} INFO - Processing file /home/airflow/.local/lib/python3.6/site-packages/airflow/example_dags/example_complex.py for tasks to queue
[2021-07-12 20:31:03,389] {logging_mixin.py:104} INFO - [2021-07-12 20:31:03,389] {dagbag.py:496} INFO - Filling up the DagBag from /home/airflow/.local/lib/python3.6/site-packages/airflow/example_dags/example_complex.py
[2021-07-12 20:31:03,402] {scheduler_job.py:643} INFO - DAG(s) dict_keys(['example_complex']) retrieved from /home/airflow/.local/lib/python3.6/site-packages/airflow/example_dags/example_complex.py
[2021-07-12 20:31:03,419] {logging_mixin.py:104} INFO - [2021-07-12 20:31:03,419] {dag.py:1833} INFO - Sync 1 DAGs
[2021-07-12 20:31:03,428] {logging_mixin.py:104} INFO - [2021-07-12 20:31:03,428] {dag.py:2306} INFO - Setting next_dagrun for example_complex to None
[2021-07-12 20:31:03,467] {scheduler_job.py:190} INFO - Processing /home/airflow/.local/lib/python3.6/site-packages/airflow/example_dags/example_complex.py took 0.082 seconds
[2021-07-12 20:31:33,761] {scheduler_job.py:182} INFO - Started process (PID=202) to work on /home/airflow/.local/lib/python3.6/site-packages/airflow/example_dags/example_complex.py
[2021-07-12 20:31:33,762] {scheduler_job.py:633} INFO - Processing file /home/airflow/.local/lib/python3.6/site-packages/airflow/example_dags/example_complex.py for tasks to queue
[2021-07-12 20:31:33,762] {logging_mixin.py:104} INFO - [2021-07-12 20:31:33,762] {dagbag.py:496} INFO - Filling up the DagBag from /home/airflow/.local/lib/python3.6/site-packages/airflow/example_dags/example_complex.py
[2021-07-12 20:31:33,774] {scheduler_job.py:643} INFO - DAG(s) dict_keys(['example_complex']) retrieved from /home/airflow/.local/lib/python3.6/site-packages/airflow/example_dags/example_complex.py
[2021-07-12 20:31:33,794] {logging_mixin.py:104} INFO - [2021-07-12 20:31:33,794] {dag.py:1833} INFO - Sync 1 DAGs
[2021-07-12 20:31:33,804] {logging_mixin.py:104} INFO - [2021-07-12 20:31:33,804] {dag.py:2306} INFO - Setting next_dagrun for example_complex to None
[2021-07-12 20:31:33,810] {scheduler_job.py:190} INFO - Processing /home/airflow/.local/lib/python3.6/site-packages/airflow/example_dags/example_complex.py took 0.053 seconds
[2021-07-12 20:32:03,869] {scheduler_job.py:182} INFO - Started process (PID=263) to work on /home/airflow/.local/lib/python3.6/site-packages/airflow/example_dags/example_complex.py
[2021-07-12 20:32:03,870] {scheduler_job.py:633} INFO - Processing file /home/airflow/.local/lib/python3.6/site-packages/airflow/example_dags/example_complex.py for tasks to queue
[2021-07-12 20:32:03,871] {logging_mixin.py:104} INFO - [2021-07-12 20:32:03,871] {dagbag.py:496} INFO - Filling up the DagBag from /home/airflow/.local/lib/python3.6/site-packages/airflow/example_dags/example_complex.py
[2021-07-12 20:32:03,886] {scheduler_job.py:643} INFO - DAG(s) dict_keys(['example_complex']) retrieved from /home/airflow/.local/lib/python3.6/site-packages/airflow/example_dags/example_complex.py
[2021-07-12 20:32:03,904] {logging_mixin.py:104} INFO - [2021-07-12 20:32:03,904] {dag.py:1833} INFO - Sync 1 DAGs
[2021-07-12 20:32:03,914] {logging_mixin.py:104} INFO - [2021-07-12 20:32:03,914] {dag.py:2306} INFO - Setting next_dagrun for example_complex to None
[2021-07-12 20:32:03,947] {scheduler_job.py:190} INFO - Processing /home/airflow/.local/lib/python3.6/site-packages/airflow/example_dags/example_complex.py took 0.081 seconds
[2021-07-12 20:32:34,889] {scheduler_job.py:182} INFO - Started process (PID=324) to work on /home/airflow/.local/lib/python3.6/site-packages/airflow/example_dags/example_complex.py
[2021-07-12 20:32:34,890] {scheduler_job.py:633} INFO - Processing file /home/airflow/.local/lib/python3.6/site-packages/airflow/example_dags/example_complex.py for tasks to queue
[2021-07-12 20:32:34,890] {logging_mixin.py:104} INFO - [2021-07-12 20:32:34,890] {dagbag.py:496} INFO - Filling up the DagBag from /home/airflow/.local/lib/python3.6/site-packages/airflow/example_dags/example_complex.py
[2021-07-12 20:32:34,905] {scheduler_job.py:643} INFO - DAG(s) dict_keys(['example_complex']) retrieved from /home/airflow/.local/lib/python3.6/site-packages/airflow/example_dags/example_complex.py
[2021-07-12 20:32:34,922] {logging_mixin.py:104} INFO - [2021-07-12 20:32:34,921] {dag.py:1833} INFO - Sync 1 DAGs
[2021-07-12 20:32:34,930] {logging_mixin.py:104} INFO - [2021-07-12 20:32:34,930] {dag.py:2306} INFO - Setting next_dagrun for example_complex to None
[2021-07-12 20:32:34,963] {scheduler_job.py:190} INFO - Processing /home/airflow/.local/lib/python3.6/site-packages/airflow/example_dags/example_complex.py took 0.076 seconds
[2021-07-12 20:33:05,234] {scheduler_job.py:182} INFO - Started process (PID=375) to work on /home/airflow/.local/lib/python3.6/site-packages/airflow/example_dags/example_complex.py
[2021-07-12 20:33:05,236] {scheduler_job.py:633} INFO - Processing file /home/airflow/.local/lib/python3.6/site-packages/airflow/example_dags/example_complex.py for tasks to queue
[2021-07-12 20:33:05,236] {logging_mixin.py:104} INFO - [2021-07-12 20:33:05,236] {dagbag.py:496} INFO - Filling up the DagBag from /home/airflow/.local/lib/python3.6/site-packages/airflow/example_dags/example_complex.py
[2021-07-12 20:33:05,249] {scheduler_job.py:643} INFO - DAG(s) dict_keys(['example_complex']) retrieved from /home/airflow/.local/lib/python3.6/site-packages/airflow/example_dags/example_complex.py
[2021-07-12 20:33:05,267] {logging_mixin.py:104} INFO - [2021-07-12 20:33:05,267] {dag.py:1833} INFO - Sync 1 DAGs
[2021-07-12 20:33:05,277] {logging_mixin.py:104} INFO - [2021-07-12 20:33:05,277] {dag.py:2306} INFO - Setting next_dagrun for example_complex to None
[2021-07-12 20:33:05,312] {scheduler_job.py:190} INFO - Processing /home/airflow/.local/lib/python3.6/site-packages/airflow/example_dags/example_complex.py took 0.080 seconds
[2021-07-12 20:33:35,334] {scheduler_job.py:182} INFO - Started process (PID=435) to work on /home/airflow/.local/lib/python3.6/site-packages/airflow/example_dags/example_complex.py
[2021-07-12 20:33:35,334] {scheduler_job.py:633} INFO - Processing file /home/airflow/.local/lib/python3.6/site-packages/airflow/example_dags/example_complex.py for tasks to queue
[2021-07-12 20:33:35,335] {logging_mixin.py:104} INFO - [2021-07-12 20:33:35,335] {dagbag.py:496} INFO - Filling up the DagBag from /home/airflow/.local/lib/python3.6/site-packages/airflow/example_dags/example_complex.py
[2021-07-12 20:33:35,351] {scheduler_job.py:643} INFO - DAG(s) dict_keys(['example_complex']) retrieved from /home/airflow/.local/lib/python3.6/site-packages/airflow/example_dags/example_complex.py
[2021-07-12 20:33:35,365] {logging_mixin.py:104} INFO - [2021-07-12 20:33:35,365] {dag.py:1833} INFO - Sync 1 DAGs
[2021-07-12 20:33:35,375] {logging_mixin.py:104} INFO - [2021-07-12 20:33:35,375] {dag.py:2306} INFO - Setting next_dagrun for example_complex to None
[2021-07-12 20:33:35,405] {scheduler_job.py:190} INFO - Processing /home/airflow/.local/lib/python3.6/site-packages/airflow/example_dags/example_complex.py took 0.073 seconds
[2021-07-12 20:34:05,744] {scheduler_job.py:182} INFO - Started process (PID=497) to work on /home/airflow/.local/lib/python3.6/site-packages/airflow/example_dags/example_complex.py
[2021-07-12 20:34:05,745] {scheduler_job.py:633} INFO - Processing file /home/airflow/.local/lib/python3.6/site-packages/airflow/example_dags/example_complex.py for tasks to queue
[2021-07-12 20:34:05,745] {logging_mixin.py:104} INFO - [2021-07-12 20:34:05,745] {dagbag.py:496} INFO - Filling up the DagBag from /home/airflow/.local/lib/python3.6/site-packages/airflow/example_dags/example_complex.py
[2021-07-12 20:34:05,760] {scheduler_job.py:643} INFO - DAG(s) dict_keys(['example_complex']) retrieved from /home/airflow/.local/lib/python3.6/site-packages/airflow/example_dags/example_complex.py
[2021-07-12 20:34:05,777] {logging_mixin.py:104} INFO - [2021-07-12 20:34:05,777] {dag.py:1833} INFO - Sync 1 DAGs
[2021-07-12 20:34:05,790] {logging_mixin.py:104} INFO - [2021-07-12 20:34:05,790] {dag.py:2306} INFO - Setting next_dagrun for example_complex to None
[2021-07-12 20:34:05,796] {scheduler_job.py:190} INFO - Processing /home/airflow/.local/lib/python3.6/site-packages/airflow/example_dags/example_complex.py took 0.054 seconds
[2021-07-12 20:34:35,816] {scheduler_job.py:182} INFO - Started process (PID=549) to work on /home/airflow/.local/lib/python3.6/site-packages/airflow/example_dags/example_complex.py
[2021-07-12 20:34:35,816] {scheduler_job.py:633} INFO - Processing file /home/airflow/.local/lib/python3.6/site-packages/airflow/example_dags/example_complex.py for tasks to queue
[2021-07-12 20:34:35,816] {logging_mixin.py:104} INFO - [2021-07-12 20:34:35,816] {dagbag.py:496} INFO - Filling up the DagBag from /home/airflow/.local/lib/python3.6/site-packages/airflow/example_dags/example_complex.py
[2021-07-12 20:34:35,830] {scheduler_job.py:643} INFO - DAG(s) dict_keys(['example_complex']) retrieved from /home/airflow/.local/lib/python3.6/site-packages/airflow/example_dags/example_complex.py
[2021-07-12 20:34:35,846] {logging_mixin.py:104} INFO - [2021-07-12 20:34:35,846] {dag.py:1833} INFO - Sync 1 DAGs
[2021-07-12 20:34:35,854] {logging_mixin.py:104} INFO - [2021-07-12 20:34:35,854] {dag.py:2306} INFO - Setting next_dagrun for example_complex to None
[2021-07-12 20:34:35,860] {scheduler_job.py:190} INFO - Processing /home/airflow/.local/lib/python3.6/site-packages/airflow/example_dags/example_complex.py took 0.045 seconds
[2021-07-12 20:35:05,976] {scheduler_job.py:182} INFO - Started process (PID=612) to work on /home/airflow/.local/lib/python3.6/site-packages/airflow/example_dags/example_complex.py
[2021-07-12 20:35:05,977] {scheduler_job.py:633} INFO - Processing file /home/airflow/.local/lib/python3.6/site-packages/airflow/example_dags/example_complex.py for tasks to queue
[2021-07-12 20:35:05,977] {logging_mixin.py:104} INFO - [2021-07-12 20:35:05,977] {dagbag.py:496} INFO - Filling up the DagBag from /home/airflow/.local/lib/python3.6/site-packages/airflow/example_dags/example_complex.py
[2021-07-12 20:35:05,991] {scheduler_job.py:643} INFO - DAG(s) dict_keys(['example_complex']) retrieved from /home/airflow/.local/lib/python3.6/site-packages/airflow/example_dags/example_complex.py
[2021-07-12 20:35:06,012] {logging_mixin.py:104} INFO - [2021-07-12 20:35:06,012] {dag.py:1833} INFO - Sync 1 DAGs
[2021-07-12 20:35:06,021] {logging_mixin.py:104} INFO - [2021-07-12 20:35:06,021] {dag.py:2306} INFO - Setting next_dagrun for example_complex to None
[2021-07-12 20:35:06,026] {scheduler_job.py:190} INFO - Processing /home/airflow/.local/lib/python3.6/site-packages/airflow/example_dags/example_complex.py took 0.053 seconds
[2021-07-12 20:35:36,262] {scheduler_job.py:182} INFO - Started process (PID=675) to work on /home/airflow/.local/lib/python3.6/site-packages/airflow/example_dags/example_complex.py
[2021-07-12 20:35:36,262] {scheduler_job.py:633} INFO - Processing file /home/airflow/.local/lib/python3.6/site-packages/airflow/example_dags/example_complex.py for tasks to queue
[2021-07-12 20:35:36,263] {logging_mixin.py:104} INFO - [2021-07-12 20:35:36,263] {dagbag.py:496} INFO - Filling up the DagBag from /home/airflow/.local/lib/python3.6/site-packages/airflow/example_dags/example_complex.py
[2021-07-12 20:35:36,276] {scheduler_job.py:643} INFO - DAG(s) dict_keys(['example_complex']) retrieved from /home/airflow/.local/lib/python3.6/site-packages/airflow/example_dags/example_complex.py
[2021-07-12 20:35:36,291] {logging_mixin.py:104} INFO - [2021-07-12 20:35:36,291] {dag.py:1833} INFO - Sync 1 DAGs
[2021-07-12 20:35:36,299] {logging_mixin.py:104} INFO - [2021-07-12 20:35:36,299] {dag.py:2306} INFO - Setting next_dagrun for example_complex to None
[2021-07-12 20:35:36,337] {scheduler_job.py:190} INFO - Processing /home/airflow/.local/lib/python3.6/site-packages/airflow/example_dags/example_complex.py took 0.078 seconds
[2021-07-12 20:36:06,385] {scheduler_job.py:182} INFO - Started process (PID=742) to work on /home/airflow/.local/lib/python3.6/site-packages/airflow/example_dags/example_complex.py
[2021-07-12 20:36:06,386] {scheduler_job.py:633} INFO - Processing file /home/airflow/.local/lib/python3.6/site-packages/airflow/example_dags/example_complex.py for tasks to queue
[2021-07-12 20:36:06,386] {logging_mixin.py:104} INFO - [2021-07-12 20:36:06,386] {dagbag.py:496} INFO - Filling up the DagBag from /home/airflow/.local/lib/python3.6/site-packages/airflow/example_dags/example_complex.py
[2021-07-12 20:36:06,402] {scheduler_job.py:643} INFO - DAG(s) dict_keys(['example_complex']) retrieved from /home/airflow/.local/lib/python3.6/site-packages/airflow/example_dags/example_complex.py
[2021-07-12 20:36:06,418] {logging_mixin.py:104} INFO - [2021-07-12 20:36:06,418] {dag.py:1833} INFO - Sync 1 DAGs
[2021-07-12 20:36:06,426] {logging_mixin.py:104} INFO - [2021-07-12 20:36:06,425] {dag.py:2306} INFO - Setting next_dagrun for example_complex to None
[2021-07-12 20:36:06,466] {scheduler_job.py:190} INFO - Processing /home/airflow/.local/lib/python3.6/site-packages/airflow/example_dags/example_complex.py took 0.083 seconds
[2021-07-12 20:36:36,764] {scheduler_job.py:182} INFO - Started process (PID=793) to work on /home/airflow/.local/lib/python3.6/site-packages/airflow/example_dags/example_complex.py
[2021-07-12 20:36:36,764] {scheduler_job.py:633} INFO - Processing file /home/airflow/.local/lib/python3.6/site-packages/airflow/example_dags/example_complex.py for tasks to queue
[2021-07-12 20:36:36,765] {logging_mixin.py:104} INFO - [2021-07-12 20:36:36,765] {dagbag.py:496} INFO - Filling up the DagBag from /home/airflow/.local/lib/python3.6/site-packages/airflow/example_dags/example_complex.py
[2021-07-12 20:36:36,778] {scheduler_job.py:643} INFO - DAG(s) dict_keys(['example_complex']) retrieved from /home/airflow/.local/lib/python3.6/site-packages/airflow/example_dags/example_complex.py
[2021-07-12 20:36:36,795] {logging_mixin.py:104} INFO - [2021-07-12 20:36:36,795] {dag.py:1833} INFO - Sync 1 DAGs
[2021-07-12 20:36:36,806] {logging_mixin.py:104} INFO - [2021-07-12 20:36:36,806] {dag.py:2306} INFO - Setting next_dagrun for example_complex to None
[2021-07-12 20:36:36,813] {scheduler_job.py:190} INFO - Processing /home/airflow/.local/lib/python3.6/site-packages/airflow/example_dags/example_complex.py took 0.051 seconds
[2021-07-12 20:37:06,986] {scheduler_job.py:182} INFO - Started process (PID=854) to work on /home/airflow/.local/lib/python3.6/site-packages/airflow/example_dags/example_complex.py
[2021-07-12 20:37:06,987] {scheduler_job.py:633} INFO - Processing file /home/airflow/.local/lib/python3.6/site-packages/airflow/example_dags/example_complex.py for tasks to queue
[2021-07-12 20:37:06,988] {logging_mixin.py:104} INFO - [2021-07-12 20:37:06,988] {dagbag.py:496} INFO - Filling up the DagBag from /home/airflow/.local/lib/python3.6/site-packages/airflow/example_dags/example_complex.py
[2021-07-12 20:37:07,000] {scheduler_job.py:643} INFO - DAG(s) dict_keys(['example_complex']) retrieved from /home/airflow/.local/lib/python3.6/site-packages/airflow/example_dags/example_complex.py
[2021-07-12 20:37:07,014] {logging_mixin.py:104} INFO - [2021-07-12 20:37:07,014] {dag.py:1833} INFO - Sync 1 DAGs
[2021-07-12 20:37:07,022] {logging_mixin.py:104} INFO - [2021-07-12 20:37:07,022] {dag.py:2306} INFO - Setting next_dagrun for example_complex to None
[2021-07-12 20:37:07,066] {scheduler_job.py:190} INFO - Processing /home/airflow/.local/lib/python3.6/site-packages/airflow/example_dags/example_complex.py took 0.082 seconds
[2021-07-12 20:37:37,259] {scheduler_job.py:182} INFO - Started process (PID=915) to work on /home/airflow/.local/lib/python3.6/site-packages/airflow/example_dags/example_complex.py
[2021-07-12 20:37:37,260] {scheduler_job.py:633} INFO - Processing file /home/airflow/.local/lib/python3.6/site-packages/airflow/example_dags/example_complex.py for tasks to queue
[2021-07-12 20:37:37,260] {logging_mixin.py:104} INFO - [2021-07-12 20:37:37,260] {dagbag.py:496} INFO - Filling up the DagBag from /home/airflow/.local/lib/python3.6/site-packages/airflow/example_dags/example_complex.py
[2021-07-12 20:37:37,276] {scheduler_job.py:643} INFO - DAG(s) dict_keys(['example_complex']) retrieved from /home/airflow/.local/lib/python3.6/site-packages/airflow/example_dags/example_complex.py
[2021-07-12 20:37:37,294] {logging_mixin.py:104} INFO - [2021-07-12 20:37:37,294] {dag.py:1833} INFO - Sync 1 DAGs
[2021-07-12 20:37:37,304] {logging_mixin.py:104} INFO - [2021-07-12 20:37:37,304] {dag.py:2306} INFO - Setting next_dagrun for example_complex to None
[2021-07-12 20:37:37,337] {scheduler_job.py:190} INFO - Processing /home/airflow/.local/lib/python3.6/site-packages/airflow/example_dags/example_complex.py took 0.081 seconds
[2021-07-12 20:38:07,600] {scheduler_job.py:182} INFO - Started process (PID=967) to work on /home/airflow/.local/lib/python3.6/site-packages/airflow/example_dags/example_complex.py
[2021-07-12 20:38:07,601] {scheduler_job.py:633} INFO - Processing file /home/airflow/.local/lib/python3.6/site-packages/airflow/example_dags/example_complex.py for tasks to queue
[2021-07-12 20:38:07,601] {logging_mixin.py:104} INFO - [2021-07-12 20:38:07,601] {dagbag.py:496} INFO - Filling up the DagBag from /home/airflow/.local/lib/python3.6/site-packages/airflow/example_dags/example_complex.py
[2021-07-12 20:38:07,616] {scheduler_job.py:643} INFO - DAG(s) dict_keys(['example_complex']) retrieved from /home/airflow/.local/lib/python3.6/site-packages/airflow/example_dags/example_complex.py
[2021-07-12 20:38:07,631] {logging_mixin.py:104} INFO - [2021-07-12 20:38:07,631] {dag.py:1833} INFO - Sync 1 DAGs
[2021-07-12 20:38:07,641] {logging_mixin.py:104} INFO - [2021-07-12 20:38:07,641] {dag.py:2306} INFO - Setting next_dagrun for example_complex to None
[2021-07-12 20:38:07,657] {scheduler_job.py:190} INFO - Processing /home/airflow/.local/lib/python3.6/site-packages/airflow/example_dags/example_complex.py took 0.060 seconds
[2021-07-12 20:38:37,684] {scheduler_job.py:182} INFO - Started process (PID=1028) to work on /home/airflow/.local/lib/python3.6/site-packages/airflow/example_dags/example_complex.py
[2021-07-12 20:38:37,685] {scheduler_job.py:633} INFO - Processing file /home/airflow/.local/lib/python3.6/site-packages/airflow/example_dags/example_complex.py for tasks to queue
[2021-07-12 20:38:37,685] {logging_mixin.py:104} INFO - [2021-07-12 20:38:37,685] {dagbag.py:496} INFO - Filling up the DagBag from /home/airflow/.local/lib/python3.6/site-packages/airflow/example_dags/example_complex.py
[2021-07-12 20:38:37,702] {scheduler_job.py:643} INFO - DAG(s) dict_keys(['example_complex']) retrieved from /home/airflow/.local/lib/python3.6/site-packages/airflow/example_dags/example_complex.py
[2021-07-12 20:38:37,716] {logging_mixin.py:104} INFO - [2021-07-12 20:38:37,716] {dag.py:1833} INFO - Sync 1 DAGs
[2021-07-12 20:38:37,724] {logging_mixin.py:104} INFO - [2021-07-12 20:38:37,724] {dag.py:2306} INFO - Setting next_dagrun for example_complex to None
[2021-07-12 20:38:37,729] {scheduler_job.py:190} INFO - Processing /home/airflow/.local/lib/python3.6/site-packages/airflow/example_dags/example_complex.py took 0.047 seconds
[2021-07-12 20:39:08,118] {scheduler_job.py:182} INFO - Started process (PID=1090) to work on /home/airflow/.local/lib/python3.6/site-packages/airflow/example_dags/example_complex.py
[2021-07-12 20:39:08,119] {scheduler_job.py:633} INFO - Processing file /home/airflow/.local/lib/python3.6/site-packages/airflow/example_dags/example_complex.py for tasks to queue
[2021-07-12 20:39:08,119] {logging_mixin.py:104} INFO - [2021-07-12 20:39:08,119] {dagbag.py:496} INFO - Filling up the DagBag from /home/airflow/.local/lib/python3.6/site-packages/airflow/example_dags/example_complex.py
[2021-07-12 20:39:08,133] {scheduler_job.py:643} INFO - DAG(s) dict_keys(['example_complex']) retrieved from /home/airflow/.local/lib/python3.6/site-packages/airflow/example_dags/example_complex.py
[2021-07-12 20:39:08,146] {logging_mixin.py:104} INFO - [2021-07-12 20:39:08,146] {dag.py:1833} INFO - Sync 1 DAGs
[2021-07-12 20:39:08,155] {logging_mixin.py:104} INFO - [2021-07-12 20:39:08,155] {dag.py:2306} INFO - Setting next_dagrun for example_complex to None
[2021-07-12 20:39:08,200] {scheduler_job.py:190} INFO - Processing /home/airflow/.local/lib/python3.6/site-packages/airflow/example_dags/example_complex.py took 0.084 seconds
[2021-07-12 20:39:38,370] {scheduler_job.py:182} INFO - Started process (PID=1142) to work on /home/airflow/.local/lib/python3.6/site-packages/airflow/example_dags/example_complex.py
[2021-07-12 20:39:38,371] {scheduler_job.py:633} INFO - Processing file /home/airflow/.local/lib/python3.6/site-packages/airflow/example_dags/example_complex.py for tasks to queue
[2021-07-12 20:39:38,371] {logging_mixin.py:104} INFO - [2021-07-12 20:39:38,371] {dagbag.py:496} INFO - Filling up the DagBag from /home/airflow/.local/lib/python3.6/site-packages/airflow/example_dags/example_complex.py
[2021-07-12 20:39:38,387] {scheduler_job.py:643} INFO - DAG(s) dict_keys(['example_complex']) retrieved from /home/airflow/.local/lib/python3.6/site-packages/airflow/example_dags/example_complex.py
[2021-07-12 20:39:38,405] {logging_mixin.py:104} INFO - [2021-07-12 20:39:38,405] {dag.py:1833} INFO - Sync 1 DAGs
[2021-07-12 20:39:38,415] {logging_mixin.py:104} INFO - [2021-07-12 20:39:38,415] {dag.py:2306} INFO - Setting next_dagrun for example_complex to None
[2021-07-12 20:39:38,422] {scheduler_job.py:190} INFO - Processing /home/airflow/.local/lib/python3.6/site-packages/airflow/example_dags/example_complex.py took 0.054 seconds
[2021-07-12 20:40:08,515] {scheduler_job.py:182} INFO - Started process (PID=1204) to work on /home/airflow/.local/lib/python3.6/site-packages/airflow/example_dags/example_complex.py
[2021-07-12 20:40:08,516] {scheduler_job.py:633} INFO - Processing file /home/airflow/.local/lib/python3.6/site-packages/airflow/example_dags/example_complex.py for tasks to queue
[2021-07-12 20:40:08,517] {logging_mixin.py:104} INFO - [2021-07-12 20:40:08,517] {dagbag.py:496} INFO - Filling up the DagBag from /home/airflow/.local/lib/python3.6/site-packages/airflow/example_dags/example_complex.py
[2021-07-12 20:40:08,531] {scheduler_job.py:643} INFO - DAG(s) dict_keys(['example_complex']) retrieved from /home/airflow/.local/lib/python3.6/site-packages/airflow/example_dags/example_complex.py
[2021-07-12 20:40:08,550] {logging_mixin.py:104} INFO - [2021-07-12 20:40:08,550] {dag.py:1833} INFO - Sync 1 DAGs
[2021-07-12 20:40:08,558] {logging_mixin.py:104} INFO - [2021-07-12 20:40:08,558] {dag.py:2306} INFO - Setting next_dagrun for example_complex to None
[2021-07-12 20:40:08,594] {scheduler_job.py:190} INFO - Processing /home/airflow/.local/lib/python3.6/site-packages/airflow/example_dags/example_complex.py took 0.081 seconds
[2021-07-12 20:40:38,974] {scheduler_job.py:182} INFO - Started process (PID=1267) to work on /home/airflow/.local/lib/python3.6/site-packages/airflow/example_dags/example_complex.py
[2021-07-12 20:40:38,974] {scheduler_job.py:633} INFO - Processing file /home/airflow/.local/lib/python3.6/site-packages/airflow/example_dags/example_complex.py for tasks to queue
[2021-07-12 20:40:38,974] {logging_mixin.py:104} INFO - [2021-07-12 20:40:38,974] {dagbag.py:496} INFO - Filling up the DagBag from /home/airflow/.local/lib/python3.6/site-packages/airflow/example_dags/example_complex.py
[2021-07-12 20:40:38,992] {scheduler_job.py:643} INFO - DAG(s) dict_keys(['example_complex']) retrieved from /home/airflow/.local/lib/python3.6/site-packages/airflow/example_dags/example_complex.py
[2021-07-12 20:40:39,019] {logging_mixin.py:104} INFO - [2021-07-12 20:40:39,019] {dag.py:1833} INFO - Sync 1 DAGs
[2021-07-12 20:40:39,027] {logging_mixin.py:104} INFO - [2021-07-12 20:40:39,027] {dag.py:2306} INFO - Setting next_dagrun for example_complex to None
[2021-07-12 20:40:39,057] {scheduler_job.py:190} INFO - Processing /home/airflow/.local/lib/python3.6/site-packages/airflow/example_dags/example_complex.py took 0.085 seconds
[2021-07-12 20:41:09,417] {scheduler_job.py:182} INFO - Started process (PID=1331) to work on /home/airflow/.local/lib/python3.6/site-packages/airflow/example_dags/example_complex.py
[2021-07-12 20:41:09,417] {scheduler_job.py:633} INFO - Processing file /home/airflow/.local/lib/python3.6/site-packages/airflow/example_dags/example_complex.py for tasks to queue
[2021-07-12 20:41:09,418] {logging_mixin.py:104} INFO - [2021-07-12 20:41:09,417] {dagbag.py:496} INFO - Filling up the DagBag from /home/airflow/.local/lib/python3.6/site-packages/airflow/example_dags/example_complex.py
[2021-07-12 20:41:09,432] {scheduler_job.py:643} INFO - DAG(s) dict_keys(['example_complex']) retrieved from /home/airflow/.local/lib/python3.6/site-packages/airflow/example_dags/example_complex.py
[2021-07-12 20:41:09,449] {logging_mixin.py:104} INFO - [2021-07-12 20:41:09,449] {dag.py:1833} INFO - Sync 1 DAGs
[2021-07-12 20:41:09,457] {logging_mixin.py:104} INFO - [2021-07-12 20:41:09,457] {dag.py:2306} INFO - Setting next_dagrun for example_complex to None
[2021-07-12 20:41:09,482] {scheduler_job.py:190} INFO - Processing /home/airflow/.local/lib/python3.6/site-packages/airflow/example_dags/example_complex.py took 0.066 seconds
[2021-07-12 20:41:39,850] {scheduler_job.py:182} INFO - Started process (PID=1384) to work on /home/airflow/.local/lib/python3.6/site-packages/airflow/example_dags/example_complex.py
[2021-07-12 20:41:39,851] {scheduler_job.py:633} INFO - Processing file /home/airflow/.local/lib/python3.6/site-packages/airflow/example_dags/example_complex.py for tasks to queue
[2021-07-12 20:41:39,851] {logging_mixin.py:104} INFO - [2021-07-12 20:41:39,851] {dagbag.py:496} INFO - Filling up the DagBag from /home/airflow/.local/lib/python3.6/site-packages/airflow/example_dags/example_complex.py
[2021-07-12 20:41:39,865] {scheduler_job.py:643} INFO - DAG(s) dict_keys(['example_complex']) retrieved from /home/airflow/.local/lib/python3.6/site-packages/airflow/example_dags/example_complex.py
[2021-07-12 20:41:39,880] {logging_mixin.py:104} INFO - [2021-07-12 20:41:39,880] {dag.py:1833} INFO - Sync 1 DAGs
[2021-07-12 20:41:39,887] {logging_mixin.py:104} INFO - [2021-07-12 20:41:39,887] {dag.py:2306} INFO - Setting next_dagrun for example_complex to None
[2021-07-12 20:41:39,893] {scheduler_job.py:190} INFO - Processing /home/airflow/.local/lib/python3.6/site-packages/airflow/example_dags/example_complex.py took 0.045 seconds
[2021-07-12 20:42:10,228] {scheduler_job.py:182} INFO - Started process (PID=1446) to work on /home/airflow/.local/lib/python3.6/site-packages/airflow/example_dags/example_complex.py
[2021-07-12 20:42:10,229] {scheduler_job.py:633} INFO - Processing file /home/airflow/.local/lib/python3.6/site-packages/airflow/example_dags/example_complex.py for tasks to queue
[2021-07-12 20:42:10,229] {logging_mixin.py:104} INFO - [2021-07-12 20:42:10,229] {dagbag.py:496} INFO - Filling up the DagBag from /home/airflow/.local/lib/python3.6/site-packages/airflow/example_dags/example_complex.py
[2021-07-12 20:42:10,242] {scheduler_job.py:643} INFO - DAG(s) dict_keys(['example_complex']) retrieved from /home/airflow/.local/lib/python3.6/site-packages/airflow/example_dags/example_complex.py
[2021-07-12 20:42:10,256] {logging_mixin.py:104} INFO - [2021-07-12 20:42:10,256] {dag.py:1833} INFO - Sync 1 DAGs
[2021-07-12 20:42:10,263] {logging_mixin.py:104} INFO - [2021-07-12 20:42:10,263] {dag.py:2306} INFO - Setting next_dagrun for example_complex to None
[2021-07-12 20:42:10,269] {scheduler_job.py:190} INFO - Processing /home/airflow/.local/lib/python3.6/site-packages/airflow/example_dags/example_complex.py took 0.042 seconds
[2021-07-12 20:42:40,367] {scheduler_job.py:182} INFO - Started process (PID=1507) to work on /home/airflow/.local/lib/python3.6/site-packages/airflow/example_dags/example_complex.py
[2021-07-12 20:42:40,368] {scheduler_job.py:633} INFO - Processing file /home/airflow/.local/lib/python3.6/site-packages/airflow/example_dags/example_complex.py for tasks to queue
[2021-07-12 20:42:40,369] {logging_mixin.py:104} INFO - [2021-07-12 20:42:40,369] {dagbag.py:496} INFO - Filling up the DagBag from /home/airflow/.local/lib/python3.6/site-packages/airflow/example_dags/example_complex.py
[2021-07-12 20:42:40,382] {scheduler_job.py:643} INFO - DAG(s) dict_keys(['example_complex']) retrieved from /home/airflow/.local/lib/python3.6/site-packages/airflow/example_dags/example_complex.py
[2021-07-12 20:42:40,397] {logging_mixin.py:104} INFO - [2021-07-12 20:42:40,397] {dag.py:1833} INFO - Sync 1 DAGs
[2021-07-12 20:42:40,406] {logging_mixin.py:104} INFO - [2021-07-12 20:42:40,406] {dag.py:2306} INFO - Setting next_dagrun for example_complex to None
[2021-07-12 20:42:40,411] {scheduler_job.py:190} INFO - Processing /home/airflow/.local/lib/python3.6/site-packages/airflow/example_dags/example_complex.py took 0.046 seconds
[2021-07-12 20:43:10,618] {scheduler_job.py:182} INFO - Started process (PID=1558) to work on /home/airflow/.local/lib/python3.6/site-packages/airflow/example_dags/example_complex.py
[2021-07-12 20:43:10,619] {scheduler_job.py:633} INFO - Processing file /home/airflow/.local/lib/python3.6/site-packages/airflow/example_dags/example_complex.py for tasks to queue
[2021-07-12 20:43:10,620] {logging_mixin.py:104} INFO - [2021-07-12 20:43:10,620] {dagbag.py:496} INFO - Filling up the DagBag from /home/airflow/.local/lib/python3.6/site-packages/airflow/example_dags/example_complex.py
[2021-07-12 20:43:10,634] {scheduler_job.py:643} INFO - DAG(s) dict_keys(['example_complex']) retrieved from /home/airflow/.local/lib/python3.6/site-packages/airflow/example_dags/example_complex.py
[2021-07-12 20:43:10,649] {logging_mixin.py:104} INFO - [2021-07-12 20:43:10,649] {dag.py:1833} INFO - Sync 1 DAGs
[2021-07-12 20:43:10,657] {logging_mixin.py:104} INFO - [2021-07-12 20:43:10,657] {dag.py:2306} INFO - Setting next_dagrun for example_complex to None
[2021-07-12 20:43:10,668] {scheduler_job.py:190} INFO - Processing /home/airflow/.local/lib/python3.6/site-packages/airflow/example_dags/example_complex.py took 0.052 seconds
[2021-07-12 20:43:41,048] {scheduler_job.py:182} INFO - Started process (PID=1619) to work on /home/airflow/.local/lib/python3.6/site-packages/airflow/example_dags/example_complex.py
[2021-07-12 20:43:41,049] {scheduler_job.py:633} INFO - Processing file /home/airflow/.local/lib/python3.6/site-packages/airflow/example_dags/example_complex.py for tasks to queue
[2021-07-12 20:43:41,050] {logging_mixin.py:104} INFO - [2021-07-12 20:43:41,049] {dagbag.py:496} INFO - Filling up the DagBag from /home/airflow/.local/lib/python3.6/site-packages/airflow/example_dags/example_complex.py
[2021-07-12 20:43:41,065] {scheduler_job.py:643} INFO - DAG(s) dict_keys(['example_complex']) retrieved from /home/airflow/.local/lib/python3.6/site-packages/airflow/example_dags/example_complex.py
[2021-07-12 20:43:41,078] {logging_mixin.py:104} INFO - [2021-07-12 20:43:41,078] {dag.py:1833} INFO - Sync 1 DAGs
[2021-07-12 20:43:41,085] {logging_mixin.py:104} INFO - [2021-07-12 20:43:41,085] {dag.py:2306} INFO - Setting next_dagrun for example_complex to None
[2021-07-12 20:43:41,091] {scheduler_job.py:190} INFO - Processing /home/airflow/.local/lib/python3.6/site-packages/airflow/example_dags/example_complex.py took 0.045 seconds
[2021-07-12 20:44:11,252] {scheduler_job.py:182} INFO - Started process (PID=1680) to work on /home/airflow/.local/lib/python3.6/site-packages/airflow/example_dags/example_complex.py
[2021-07-12 20:44:11,253] {scheduler_job.py:633} INFO - Processing file /home/airflow/.local/lib/python3.6/site-packages/airflow/example_dags/example_complex.py for tasks to queue
[2021-07-12 20:44:11,253] {logging_mixin.py:104} INFO - [2021-07-12 20:44:11,253] {dagbag.py:496} INFO - Filling up the DagBag from /home/airflow/.local/lib/python3.6/site-packages/airflow/example_dags/example_complex.py
[2021-07-12 20:44:11,269] {scheduler_job.py:643} INFO - DAG(s) dict_keys(['example_complex']) retrieved from /home/airflow/.local/lib/python3.6/site-packages/airflow/example_dags/example_complex.py
[2021-07-12 20:44:11,281] {logging_mixin.py:104} INFO - [2021-07-12 20:44:11,281] {dag.py:1833} INFO - Sync 1 DAGs
[2021-07-12 20:44:11,288] {logging_mixin.py:104} INFO - [2021-07-12 20:44:11,288] {dag.py:2306} INFO - Setting next_dagrun for example_complex to None
[2021-07-12 20:44:11,293] {scheduler_job.py:190} INFO - Processing /home/airflow/.local/lib/python3.6/site-packages/airflow/example_dags/example_complex.py took 0.042 seconds
[2021-07-12 20:44:41,513] {scheduler_job.py:182} INFO - Started process (PID=1741) to work on /home/airflow/.local/lib/python3.6/site-packages/airflow/example_dags/example_complex.py
[2021-07-12 20:44:41,514] {scheduler_job.py:633} INFO - Processing file /home/airflow/.local/lib/python3.6/site-packages/airflow/example_dags/example_complex.py for tasks to queue
[2021-07-12 20:44:41,515] {logging_mixin.py:104} INFO - [2021-07-12 20:44:41,515] {dagbag.py:496} INFO - Filling up the DagBag from /home/airflow/.local/lib/python3.6/site-packages/airflow/example_dags/example_complex.py
[2021-07-12 20:44:41,528] {scheduler_job.py:643} INFO - DAG(s) dict_keys(['example_complex']) retrieved from /home/airflow/.local/lib/python3.6/site-packages/airflow/example_dags/example_complex.py
[2021-07-12 20:44:41,546] {logging_mixin.py:104} INFO - [2021-07-12 20:44:41,546] {dag.py:1833} INFO - Sync 1 DAGs
[2021-07-12 20:44:41,556] {logging_mixin.py:104} INFO - [2021-07-12 20:44:41,556] {dag.py:2306} INFO - Setting next_dagrun for example_complex to None
[2021-07-12 20:44:41,563] {scheduler_job.py:190} INFO - Processing /home/airflow/.local/lib/python3.6/site-packages/airflow/example_dags/example_complex.py took 0.052 seconds
[2021-07-12 20:45:11,593] {scheduler_job.py:182} INFO - Started process (PID=1791) to work on /home/airflow/.local/lib/python3.6/site-packages/airflow/example_dags/example_complex.py
[2021-07-12 20:45:11,594] {scheduler_job.py:633} INFO - Processing file /home/airflow/.local/lib/python3.6/site-packages/airflow/example_dags/example_complex.py for tasks to queue
[2021-07-12 20:45:11,594] {logging_mixin.py:104} INFO - [2021-07-12 20:45:11,594] {dagbag.py:496} INFO - Filling up the DagBag from /home/airflow/.local/lib/python3.6/site-packages/airflow/example_dags/example_complex.py
[2021-07-12 20:45:11,609] {scheduler_job.py:643} INFO - DAG(s) dict_keys(['example_complex']) retrieved from /home/airflow/.local/lib/python3.6/site-packages/airflow/example_dags/example_complex.py
[2021-07-12 20:45:11,621] {logging_mixin.py:104} INFO - [2021-07-12 20:45:11,621] {dag.py:1833} INFO - Sync 1 DAGs
[2021-07-12 20:45:11,629] {logging_mixin.py:104} INFO - [2021-07-12 20:45:11,629] {dag.py:2306} INFO - Setting next_dagrun for example_complex to None
[2021-07-12 20:45:11,670] {scheduler_job.py:190} INFO - Processing /home/airflow/.local/lib/python3.6/site-packages/airflow/example_dags/example_complex.py took 0.080 seconds
[2021-07-12 20:45:41,869] {scheduler_job.py:182} INFO - Started process (PID=1853) to work on /home/airflow/.local/lib/python3.6/site-packages/airflow/example_dags/example_complex.py
[2021-07-12 20:45:41,870] {scheduler_job.py:633} INFO - Processing file /home/airflow/.local/lib/python3.6/site-packages/airflow/example_dags/example_complex.py for tasks to queue
[2021-07-12 20:45:41,871] {logging_mixin.py:104} INFO - [2021-07-12 20:45:41,871] {dagbag.py:496} INFO - Filling up the DagBag from /home/airflow/.local/lib/python3.6/site-packages/airflow/example_dags/example_complex.py
[2021-07-12 20:45:41,885] {scheduler_job.py:643} INFO - DAG(s) dict_keys(['example_complex']) retrieved from /home/airflow/.local/lib/python3.6/site-packages/airflow/example_dags/example_complex.py
[2021-07-12 20:45:41,904] {logging_mixin.py:104} INFO - [2021-07-12 20:45:41,904] {dag.py:1833} INFO - Sync 1 DAGs
[2021-07-12 20:45:41,912] {logging_mixin.py:104} INFO - [2021-07-12 20:45:41,912] {dag.py:2306} INFO - Setting next_dagrun for example_complex to None
[2021-07-12 20:45:41,945] {scheduler_job.py:190} INFO - Processing /home/airflow/.local/lib/python3.6/site-packages/airflow/example_dags/example_complex.py took 0.079 seconds
[2021-07-12 20:46:12,022] {scheduler_job.py:182} INFO - Started process (PID=1915) to work on /home/airflow/.local/lib/python3.6/site-packages/airflow/example_dags/example_complex.py
[2021-07-12 20:46:12,022] {scheduler_job.py:633} INFO - Processing file /home/airflow/.local/lib/python3.6/site-packages/airflow/example_dags/example_complex.py for tasks to queue
[2021-07-12 20:46:12,023] {logging_mixin.py:104} INFO - [2021-07-12 20:46:12,023] {dagbag.py:496} INFO - Filling up the DagBag from /home/airflow/.local/lib/python3.6/site-packages/airflow/example_dags/example_complex.py
[2021-07-12 20:46:12,035] {scheduler_job.py:643} INFO - DAG(s) dict_keys(['example_complex']) retrieved from /home/airflow/.local/lib/python3.6/site-packages/airflow/example_dags/example_complex.py
[2021-07-12 20:46:12,048] {logging_mixin.py:104} INFO - [2021-07-12 20:46:12,048] {dag.py:1833} INFO - Sync 1 DAGs
[2021-07-12 20:46:12,055] {logging_mixin.py:104} INFO - [2021-07-12 20:46:12,055] {dag.py:2306} INFO - Setting next_dagrun for example_complex to None
[2021-07-12 20:46:12,099] {scheduler_job.py:190} INFO - Processing /home/airflow/.local/lib/python3.6/site-packages/airflow/example_dags/example_complex.py took 0.079 seconds
[2021-07-12 20:46:42,386] {scheduler_job.py:182} INFO - Started process (PID=1966) to work on /home/airflow/.local/lib/python3.6/site-packages/airflow/example_dags/example_complex.py
[2021-07-12 20:46:42,387] {scheduler_job.py:633} INFO - Processing file /home/airflow/.local/lib/python3.6/site-packages/airflow/example_dags/example_complex.py for tasks to queue
[2021-07-12 20:46:42,388] {logging_mixin.py:104} INFO - [2021-07-12 20:46:42,387] {dagbag.py:496} INFO - Filling up the DagBag from /home/airflow/.local/lib/python3.6/site-packages/airflow/example_dags/example_complex.py
[2021-07-12 20:46:42,402] {scheduler_job.py:643} INFO - DAG(s) dict_keys(['example_complex']) retrieved from /home/airflow/.local/lib/python3.6/site-packages/airflow/example_dags/example_complex.py
[2021-07-12 20:46:42,415] {logging_mixin.py:104} INFO - [2021-07-12 20:46:42,415] {dag.py:1833} INFO - Sync 1 DAGs
[2021-07-12 20:46:42,423] {logging_mixin.py:104} INFO - [2021-07-12 20:46:42,423] {dag.py:2306} INFO - Setting next_dagrun for example_complex to None
[2021-07-12 20:46:42,461] {scheduler_job.py:190} INFO - Processing /home/airflow/.local/lib/python3.6/site-packages/airflow/example_dags/example_complex.py took 0.077 seconds
[2021-07-12 20:47:12,527] {scheduler_job.py:182} INFO - Started process (PID=2028) to work on /home/airflow/.local/lib/python3.6/site-packages/airflow/example_dags/example_complex.py
[2021-07-12 20:47:12,528] {scheduler_job.py:633} INFO - Processing file /home/airflow/.local/lib/python3.6/site-packages/airflow/example_dags/example_complex.py for tasks to queue
[2021-07-12 20:47:12,529] {logging_mixin.py:104} INFO - [2021-07-12 20:47:12,528] {dagbag.py:496} INFO - Filling up the DagBag from /home/airflow/.local/lib/python3.6/site-packages/airflow/example_dags/example_complex.py
[2021-07-12 20:47:12,544] {scheduler_job.py:643} INFO - DAG(s) dict_keys(['example_complex']) retrieved from /home/airflow/.local/lib/python3.6/site-packages/airflow/example_dags/example_complex.py
[2021-07-12 20:47:12,557] {logging_mixin.py:104} INFO - [2021-07-12 20:47:12,557] {dag.py:1833} INFO - Sync 1 DAGs
[2021-07-12 20:47:12,565] {logging_mixin.py:104} INFO - [2021-07-12 20:47:12,565] {dag.py:2306} INFO - Setting next_dagrun for example_complex to None
[2021-07-12 20:47:12,610] {scheduler_job.py:190} INFO - Processing /home/airflow/.local/lib/python3.6/site-packages/airflow/example_dags/example_complex.py took 0.085 seconds
[2021-07-12 20:47:42,674] {scheduler_job.py:182} INFO - Started process (PID=2091) to work on /home/airflow/.local/lib/python3.6/site-packages/airflow/example_dags/example_complex.py
[2021-07-12 20:47:42,675] {scheduler_job.py:633} INFO - Processing file /home/airflow/.local/lib/python3.6/site-packages/airflow/example_dags/example_complex.py for tasks to queue
[2021-07-12 20:47:42,675] {logging_mixin.py:104} INFO - [2021-07-12 20:47:42,675] {dagbag.py:496} INFO - Filling up the DagBag from /home/airflow/.local/lib/python3.6/site-packages/airflow/example_dags/example_complex.py
[2021-07-12 20:47:42,688] {scheduler_job.py:643} INFO - DAG(s) dict_keys(['example_complex']) retrieved from /home/airflow/.local/lib/python3.6/site-packages/airflow/example_dags/example_complex.py
[2021-07-12 20:47:42,706] {logging_mixin.py:104} INFO - [2021-07-12 20:47:42,706] {dag.py:1833} INFO - Sync 1 DAGs
[2021-07-12 20:47:42,714] {logging_mixin.py:104} INFO - [2021-07-12 20:47:42,714] {dag.py:2306} INFO - Setting next_dagrun for example_complex to None
[2021-07-12 20:47:42,749] {scheduler_job.py:190} INFO - Processing /home/airflow/.local/lib/python3.6/site-packages/airflow/example_dags/example_complex.py took 0.077 seconds
[2021-07-12 20:48:12,830] {scheduler_job.py:182} INFO - Started process (PID=2152) to work on /home/airflow/.local/lib/python3.6/site-packages/airflow/example_dags/example_complex.py
[2021-07-12 20:48:12,831] {scheduler_job.py:633} INFO - Processing file /home/airflow/.local/lib/python3.6/site-packages/airflow/example_dags/example_complex.py for tasks to queue
[2021-07-12 20:48:12,831] {logging_mixin.py:104} INFO - [2021-07-12 20:48:12,831] {dagbag.py:496} INFO - Filling up the DagBag from /home/airflow/.local/lib/python3.6/site-packages/airflow/example_dags/example_complex.py
[2021-07-12 20:48:12,844] {scheduler_job.py:643} INFO - DAG(s) dict_keys(['example_complex']) retrieved from /home/airflow/.local/lib/python3.6/site-packages/airflow/example_dags/example_complex.py
[2021-07-12 20:48:12,862] {logging_mixin.py:104} INFO - [2021-07-12 20:48:12,862] {dag.py:1833} INFO - Sync 1 DAGs
[2021-07-12 20:48:12,871] {logging_mixin.py:104} INFO - [2021-07-12 20:48:12,871] {dag.py:2306} INFO - Setting next_dagrun for example_complex to None
[2021-07-12 20:48:12,877] {scheduler_job.py:190} INFO - Processing /home/airflow/.local/lib/python3.6/site-packages/airflow/example_dags/example_complex.py took 0.050 seconds
[2021-07-12 20:48:43,038] {scheduler_job.py:182} INFO - Started process (PID=2203) to work on /home/airflow/.local/lib/python3.6/site-packages/airflow/example_dags/example_complex.py
[2021-07-12 20:48:43,039] {scheduler_job.py:633} INFO - Processing file /home/airflow/.local/lib/python3.6/site-packages/airflow/example_dags/example_complex.py for tasks to queue
[2021-07-12 20:48:43,040] {logging_mixin.py:104} INFO - [2021-07-12 20:48:43,040] {dagbag.py:496} INFO - Filling up the DagBag from /home/airflow/.local/lib/python3.6/site-packages/airflow/example_dags/example_complex.py
[2021-07-12 20:48:43,050] {scheduler_job.py:643} INFO - DAG(s) dict_keys(['example_complex']) retrieved from /home/airflow/.local/lib/python3.6/site-packages/airflow/example_dags/example_complex.py
[2021-07-12 20:48:43,063] {logging_mixin.py:104} INFO - [2021-07-12 20:48:43,063] {dag.py:1833} INFO - Sync 1 DAGs
[2021-07-12 20:48:43,070] {logging_mixin.py:104} INFO - [2021-07-12 20:48:43,070] {dag.py:2306} INFO - Setting next_dagrun for example_complex to None
[2021-07-12 20:48:43,113] {scheduler_job.py:190} INFO - Processing /home/airflow/.local/lib/python3.6/site-packages/airflow/example_dags/example_complex.py took 0.077 seconds
[2021-07-12 20:49:13,176] {scheduler_job.py:182} INFO - Started process (PID=2267) to work on /home/airflow/.local/lib/python3.6/site-packages/airflow/example_dags/example_complex.py
[2021-07-12 20:49:13,177] {scheduler_job.py:633} INFO - Processing file /home/airflow/.local/lib/python3.6/site-packages/airflow/example_dags/example_complex.py for tasks to queue
[2021-07-12 20:49:13,177] {logging_mixin.py:104} INFO - [2021-07-12 20:49:13,177] {dagbag.py:496} INFO - Filling up the DagBag from /home/airflow/.local/lib/python3.6/site-packages/airflow/example_dags/example_complex.py
[2021-07-12 20:49:13,191] {scheduler_job.py:643} INFO - DAG(s) dict_keys(['example_complex']) retrieved from /home/airflow/.local/lib/python3.6/site-packages/airflow/example_dags/example_complex.py
[2021-07-12 20:49:13,213] {logging_mixin.py:104} INFO - [2021-07-12 20:49:13,213] {dag.py:1833} INFO - Sync 1 DAGs
[2021-07-12 20:49:13,223] {logging_mixin.py:104} INFO - [2021-07-12 20:49:13,223] {dag.py:2306} INFO - Setting next_dagrun for example_complex to None
[2021-07-12 20:49:13,229] {scheduler_job.py:190} INFO - Processing /home/airflow/.local/lib/python3.6/site-packages/airflow/example_dags/example_complex.py took 0.055 seconds
[2021-07-12 20:49:43,452] {scheduler_job.py:182} INFO - Started process (PID=2328) to work on /home/airflow/.local/lib/python3.6/site-packages/airflow/example_dags/example_complex.py
[2021-07-12 20:49:43,452] {scheduler_job.py:633} INFO - Processing file /home/airflow/.local/lib/python3.6/site-packages/airflow/example_dags/example_complex.py for tasks to queue
[2021-07-12 20:49:43,453] {logging_mixin.py:104} INFO - [2021-07-12 20:49:43,453] {dagbag.py:496} INFO - Filling up the DagBag from /home/airflow/.local/lib/python3.6/site-packages/airflow/example_dags/example_complex.py
[2021-07-12 20:49:43,465] {scheduler_job.py:643} INFO - DAG(s) dict_keys(['example_complex']) retrieved from /home/airflow/.local/lib/python3.6/site-packages/airflow/example_dags/example_complex.py
[2021-07-12 20:49:43,482] {logging_mixin.py:104} INFO - [2021-07-12 20:49:43,482] {dag.py:1833} INFO - Sync 1 DAGs
[2021-07-12 20:49:43,492] {logging_mixin.py:104} INFO - [2021-07-12 20:49:43,492] {dag.py:2306} INFO - Setting next_dagrun for example_complex to None
[2021-07-12 20:49:43,533] {scheduler_job.py:190} INFO - Processing /home/airflow/.local/lib/python3.6/site-packages/airflow/example_dags/example_complex.py took 0.084 seconds
[2021-07-12 20:50:13,743] {scheduler_job.py:182} INFO - Started process (PID=2379) to work on /home/airflow/.local/lib/python3.6/site-packages/airflow/example_dags/example_complex.py
[2021-07-12 20:50:13,744] {scheduler_job.py:633} INFO - Processing file /home/airflow/.local/lib/python3.6/site-packages/airflow/example_dags/example_complex.py for tasks to queue
[2021-07-12 20:50:13,744] {logging_mixin.py:104} INFO - [2021-07-12 20:50:13,744] {dagbag.py:496} INFO - Filling up the DagBag from /home/airflow/.local/lib/python3.6/site-packages/airflow/example_dags/example_complex.py
[2021-07-12 20:50:13,755] {scheduler_job.py:643} INFO - DAG(s) dict_keys(['example_complex']) retrieved from /home/airflow/.local/lib/python3.6/site-packages/airflow/example_dags/example_complex.py
[2021-07-12 20:50:13,773] {logging_mixin.py:104} INFO - [2021-07-12 20:50:13,773] {dag.py:1833} INFO - Sync 1 DAGs
[2021-07-12 20:50:13,783] {logging_mixin.py:104} INFO - [2021-07-12 20:50:13,783] {dag.py:2306} INFO - Setting next_dagrun for example_complex to None
[2021-07-12 20:50:13,820] {scheduler_job.py:190} INFO - Processing /home/airflow/.local/lib/python3.6/site-packages/airflow/example_dags/example_complex.py took 0.078 seconds
[2021-07-12 20:50:44,060] {scheduler_job.py:182} INFO - Started process (PID=2440) to work on /home/airflow/.local/lib/python3.6/site-packages/airflow/example_dags/example_complex.py
[2021-07-12 20:50:44,061] {scheduler_job.py:633} INFO - Processing file /home/airflow/.local/lib/python3.6/site-packages/airflow/example_dags/example_complex.py for tasks to queue
[2021-07-12 20:50:44,061] {logging_mixin.py:104} INFO - [2021-07-12 20:50:44,061] {dagbag.py:496} INFO - Filling up the DagBag from /home/airflow/.local/lib/python3.6/site-packages/airflow/example_dags/example_complex.py
[2021-07-12 20:50:44,074] {scheduler_job.py:643} INFO - DAG(s) dict_keys(['example_complex']) retrieved from /home/airflow/.local/lib/python3.6/site-packages/airflow/example_dags/example_complex.py
[2021-07-12 20:50:44,088] {logging_mixin.py:104} INFO - [2021-07-12 20:50:44,088] {dag.py:1833} INFO - Sync 1 DAGs
[2021-07-12 20:50:44,096] {logging_mixin.py:104} INFO - [2021-07-12 20:50:44,096] {dag.py:2306} INFO - Setting next_dagrun for example_complex to None
[2021-07-12 20:50:44,135] {scheduler_job.py:190} INFO - Processing /home/airflow/.local/lib/python3.6/site-packages/airflow/example_dags/example_complex.py took 0.078 seconds
[2021-07-12 20:51:14,272] {scheduler_job.py:182} INFO - Started process (PID=2505) to work on /home/airflow/.local/lib/python3.6/site-packages/airflow/example_dags/example_complex.py
[2021-07-12 20:51:14,272] {scheduler_job.py:633} INFO - Processing file /home/airflow/.local/lib/python3.6/site-packages/airflow/example_dags/example_complex.py for tasks to queue
[2021-07-12 20:51:14,273] {logging_mixin.py:104} INFO - [2021-07-12 20:51:14,273] {dagbag.py:496} INFO - Filling up the DagBag from /home/airflow/.local/lib/python3.6/site-packages/airflow/example_dags/example_complex.py
[2021-07-12 20:51:14,287] {scheduler_job.py:643} INFO - DAG(s) dict_keys(['example_complex']) retrieved from /home/airflow/.local/lib/python3.6/site-packages/airflow/example_dags/example_complex.py
[2021-07-12 20:51:14,306] {logging_mixin.py:104} INFO - [2021-07-12 20:51:14,306] {dag.py:1833} INFO - Sync 1 DAGs
[2021-07-12 20:51:14,315] {logging_mixin.py:104} INFO - [2021-07-12 20:51:14,314] {dag.py:2306} INFO - Setting next_dagrun for example_complex to None
[2021-07-12 20:51:14,345] {scheduler_job.py:190} INFO - Processing /home/airflow/.local/lib/python3.6/site-packages/airflow/example_dags/example_complex.py took 0.075 seconds
[2021-07-12 20:51:44,593] {scheduler_job.py:182} INFO - Started process (PID=2567) to work on /home/airflow/.local/lib/python3.6/site-packages/airflow/example_dags/example_complex.py
[2021-07-12 20:51:44,594] {scheduler_job.py:633} INFO - Processing file /home/airflow/.local/lib/python3.6/site-packages/airflow/example_dags/example_complex.py for tasks to queue
[2021-07-12 20:51:44,595] {logging_mixin.py:104} INFO - [2021-07-12 20:51:44,594] {dagbag.py:496} INFO - Filling up the DagBag from /home/airflow/.local/lib/python3.6/site-packages/airflow/example_dags/example_complex.py
[2021-07-12 20:51:44,607] {scheduler_job.py:643} INFO - DAG(s) dict_keys(['example_complex']) retrieved from /home/airflow/.local/lib/python3.6/site-packages/airflow/example_dags/example_complex.py
[2021-07-12 20:51:44,621] {logging_mixin.py:104} INFO - [2021-07-12 20:51:44,621] {dag.py:1833} INFO - Sync 1 DAGs
[2021-07-12 20:51:44,629] {logging_mixin.py:104} INFO - [2021-07-12 20:51:44,629] {dag.py:2306} INFO - Setting next_dagrun for example_complex to None
[2021-07-12 20:51:44,667] {scheduler_job.py:190} INFO - Processing /home/airflow/.local/lib/python3.6/site-packages/airflow/example_dags/example_complex.py took 0.076 seconds
[2021-07-12 20:52:14,836] {scheduler_job.py:182} INFO - Started process (PID=2619) to work on /home/airflow/.local/lib/python3.6/site-packages/airflow/example_dags/example_complex.py
[2021-07-12 20:52:14,837] {scheduler_job.py:633} INFO - Processing file /home/airflow/.local/lib/python3.6/site-packages/airflow/example_dags/example_complex.py for tasks to queue
[2021-07-12 20:52:14,837] {logging_mixin.py:104} INFO - [2021-07-12 20:52:14,837] {dagbag.py:496} INFO - Filling up the DagBag from /home/airflow/.local/lib/python3.6/site-packages/airflow/example_dags/example_complex.py
[2021-07-12 20:52:14,857] {scheduler_job.py:643} INFO - DAG(s) dict_keys(['example_complex']) retrieved from /home/airflow/.local/lib/python3.6/site-packages/airflow/example_dags/example_complex.py
[2021-07-12 20:52:14,874] {logging_mixin.py:104} INFO - [2021-07-12 20:52:14,874] {dag.py:1833} INFO - Sync 1 DAGs
[2021-07-12 20:52:14,884] {logging_mixin.py:104} INFO - [2021-07-12 20:52:14,884] {dag.py:2306} INFO - Setting next_dagrun for example_complex to None
[2021-07-12 20:52:14,892] {scheduler_job.py:190} INFO - Processing /home/airflow/.local/lib/python3.6/site-packages/airflow/example_dags/example_complex.py took 0.058 seconds
[2021-07-12 20:52:44,928] {scheduler_job.py:182} INFO - Started process (PID=2681) to work on /home/airflow/.local/lib/python3.6/site-packages/airflow/example_dags/example_complex.py
[2021-07-12 20:52:44,928] {scheduler_job.py:633} INFO - Processing file /home/airflow/.local/lib/python3.6/site-packages/airflow/example_dags/example_complex.py for tasks to queue
[2021-07-12 20:52:44,929] {logging_mixin.py:104} INFO - [2021-07-12 20:52:44,929] {dagbag.py:496} INFO - Filling up the DagBag from /home/airflow/.local/lib/python3.6/site-packages/airflow/example_dags/example_complex.py
[2021-07-12 20:52:44,942] {scheduler_job.py:643} INFO - DAG(s) dict_keys(['example_complex']) retrieved from /home/airflow/.local/lib/python3.6/site-packages/airflow/example_dags/example_complex.py
[2021-07-12 20:52:44,959] {logging_mixin.py:104} INFO - [2021-07-12 20:52:44,959] {dag.py:1833} INFO - Sync 1 DAGs
[2021-07-12 20:52:44,967] {logging_mixin.py:104} INFO - [2021-07-12 20:52:44,967] {dag.py:2306} INFO - Setting next_dagrun for example_complex to None
[2021-07-12 20:52:44,972] {scheduler_job.py:190} INFO - Processing /home/airflow/.local/lib/python3.6/site-packages/airflow/example_dags/example_complex.py took 0.047 seconds
[2021-07-12 20:53:15,168] {scheduler_job.py:182} INFO - Started process (PID=2742) to work on /home/airflow/.local/lib/python3.6/site-packages/airflow/example_dags/example_complex.py
[2021-07-12 20:53:15,169] {scheduler_job.py:633} INFO - Processing file /home/airflow/.local/lib/python3.6/site-packages/airflow/example_dags/example_complex.py for tasks to queue
[2021-07-12 20:53:15,170] {logging_mixin.py:104} INFO - [2021-07-12 20:53:15,170] {dagbag.py:496} INFO - Filling up the DagBag from /home/airflow/.local/lib/python3.6/site-packages/airflow/example_dags/example_complex.py
[2021-07-12 20:53:15,183] {scheduler_job.py:643} INFO - DAG(s) dict_keys(['example_complex']) retrieved from /home/airflow/.local/lib/python3.6/site-packages/airflow/example_dags/example_complex.py
[2021-07-12 20:53:15,200] {logging_mixin.py:104} INFO - [2021-07-12 20:53:15,200] {dag.py:1833} INFO - Sync 1 DAGs
[2021-07-12 20:53:15,211] {logging_mixin.py:104} INFO - [2021-07-12 20:53:15,211] {dag.py:2306} INFO - Setting next_dagrun for example_complex to None
[2021-07-12 20:53:15,216] {scheduler_job.py:190} INFO - Processing /home/airflow/.local/lib/python3.6/site-packages/airflow/example_dags/example_complex.py took 0.050 seconds
[2021-07-12 20:53:46,069] {scheduler_job.py:182} INFO - Started process (PID=2794) to work on /home/airflow/.local/lib/python3.6/site-packages/airflow/example_dags/example_complex.py
[2021-07-12 20:53:46,070] {scheduler_job.py:633} INFO - Processing file /home/airflow/.local/lib/python3.6/site-packages/airflow/example_dags/example_complex.py for tasks to queue
[2021-07-12 20:53:46,071] {logging_mixin.py:104} INFO - [2021-07-12 20:53:46,071] {dagbag.py:496} INFO - Filling up the DagBag from /home/airflow/.local/lib/python3.6/site-packages/airflow/example_dags/example_complex.py
[2021-07-12 20:53:46,084] {scheduler_job.py:643} INFO - DAG(s) dict_keys(['example_complex']) retrieved from /home/airflow/.local/lib/python3.6/site-packages/airflow/example_dags/example_complex.py
[2021-07-12 20:53:46,098] {logging_mixin.py:104} INFO - [2021-07-12 20:53:46,098] {dag.py:1833} INFO - Sync 1 DAGs
[2021-07-12 20:53:46,107] {logging_mixin.py:104} INFO - [2021-07-12 20:53:46,107] {dag.py:2306} INFO - Setting next_dagrun for example_complex to None
[2021-07-12 20:53:46,151] {scheduler_job.py:190} INFO - Processing /home/airflow/.local/lib/python3.6/site-packages/airflow/example_dags/example_complex.py took 0.083 seconds
[2021-07-12 20:54:16,425] {scheduler_job.py:182} INFO - Started process (PID=2855) to work on /home/airflow/.local/lib/python3.6/site-packages/airflow/example_dags/example_complex.py
[2021-07-12 20:54:16,426] {scheduler_job.py:633} INFO - Processing file /home/airflow/.local/lib/python3.6/site-packages/airflow/example_dags/example_complex.py for tasks to queue
[2021-07-12 20:54:16,426] {logging_mixin.py:104} INFO - [2021-07-12 20:54:16,426] {dagbag.py:496} INFO - Filling up the DagBag from /home/airflow/.local/lib/python3.6/site-packages/airflow/example_dags/example_complex.py
[2021-07-12 20:54:16,440] {scheduler_job.py:643} INFO - DAG(s) dict_keys(['example_complex']) retrieved from /home/airflow/.local/lib/python3.6/site-packages/airflow/example_dags/example_complex.py
[2021-07-12 20:54:16,458] {logging_mixin.py:104} INFO - [2021-07-12 20:54:16,458] {dag.py:1833} INFO - Sync 1 DAGs
[2021-07-12 20:54:16,467] {logging_mixin.py:104} INFO - [2021-07-12 20:54:16,467] {dag.py:2306} INFO - Setting next_dagrun for example_complex to None
[2021-07-12 20:54:16,502] {scheduler_job.py:190} INFO - Processing /home/airflow/.local/lib/python3.6/site-packages/airflow/example_dags/example_complex.py took 0.080 seconds
[2021-07-12 20:54:46,687] {scheduler_job.py:182} INFO - Started process (PID=2916) to work on /home/airflow/.local/lib/python3.6/site-packages/airflow/example_dags/example_complex.py
[2021-07-12 20:54:46,688] {scheduler_job.py:633} INFO - Processing file /home/airflow/.local/lib/python3.6/site-packages/airflow/example_dags/example_complex.py for tasks to queue
[2021-07-12 20:54:46,688] {logging_mixin.py:104} INFO - [2021-07-12 20:54:46,688] {dagbag.py:496} INFO - Filling up the DagBag from /home/airflow/.local/lib/python3.6/site-packages/airflow/example_dags/example_complex.py
[2021-07-12 20:54:46,703] {scheduler_job.py:643} INFO - DAG(s) dict_keys(['example_complex']) retrieved from /home/airflow/.local/lib/python3.6/site-packages/airflow/example_dags/example_complex.py
[2021-07-12 20:54:46,715] {logging_mixin.py:104} INFO - [2021-07-12 20:54:46,715] {dag.py:1833} INFO - Sync 1 DAGs
[2021-07-12 20:54:46,722] {logging_mixin.py:104} INFO - [2021-07-12 20:54:46,722] {dag.py:2306} INFO - Setting next_dagrun for example_complex to None
[2021-07-12 20:54:46,764] {scheduler_job.py:190} INFO - Processing /home/airflow/.local/lib/python3.6/site-packages/airflow/example_dags/example_complex.py took 0.080 seconds
[2021-07-12 20:55:16,875] {scheduler_job.py:182} INFO - Started process (PID=2977) to work on /home/airflow/.local/lib/python3.6/site-packages/airflow/example_dags/example_complex.py
[2021-07-12 20:55:16,876] {scheduler_job.py:633} INFO - Processing file /home/airflow/.local/lib/python3.6/site-packages/airflow/example_dags/example_complex.py for tasks to queue
[2021-07-12 20:55:16,877] {logging_mixin.py:104} INFO - [2021-07-12 20:55:16,876] {dagbag.py:496} INFO - Filling up the DagBag from /home/airflow/.local/lib/python3.6/site-packages/airflow/example_dags/example_complex.py
[2021-07-12 20:55:16,891] {scheduler_job.py:643} INFO - DAG(s) dict_keys(['example_complex']) retrieved from /home/airflow/.local/lib/python3.6/site-packages/airflow/example_dags/example_complex.py
[2021-07-12 20:55:16,911] {logging_mixin.py:104} INFO - [2021-07-12 20:55:16,911] {dag.py:1833} INFO - Sync 1 DAGs
[2021-07-12 20:55:16,922] {logging_mixin.py:104} INFO - [2021-07-12 20:55:16,922] {dag.py:2306} INFO - Setting next_dagrun for example_complex to None
[2021-07-12 20:55:16,955] {scheduler_job.py:190} INFO - Processing /home/airflow/.local/lib/python3.6/site-packages/airflow/example_dags/example_complex.py took 0.083 seconds
[2021-07-12 20:55:47,316] {scheduler_job.py:182} INFO - Started process (PID=3029) to work on /home/airflow/.local/lib/python3.6/site-packages/airflow/example_dags/example_complex.py
[2021-07-12 20:55:47,317] {scheduler_job.py:633} INFO - Processing file /home/airflow/.local/lib/python3.6/site-packages/airflow/example_dags/example_complex.py for tasks to queue
[2021-07-12 20:55:47,317] {logging_mixin.py:104} INFO - [2021-07-12 20:55:47,317] {dagbag.py:496} INFO - Filling up the DagBag from /home/airflow/.local/lib/python3.6/site-packages/airflow/example_dags/example_complex.py
[2021-07-12 20:55:47,328] {scheduler_job.py:643} INFO - DAG(s) dict_keys(['example_complex']) retrieved from /home/airflow/.local/lib/python3.6/site-packages/airflow/example_dags/example_complex.py
[2021-07-12 20:55:47,344] {logging_mixin.py:104} INFO - [2021-07-12 20:55:47,344] {dag.py:1833} INFO - Sync 1 DAGs
[2021-07-12 20:55:47,353] {logging_mixin.py:104} INFO - [2021-07-12 20:55:47,353] {dag.py:2306} INFO - Setting next_dagrun for example_complex to None
[2021-07-12 20:55:47,394] {scheduler_job.py:190} INFO - Processing /home/airflow/.local/lib/python3.6/site-packages/airflow/example_dags/example_complex.py took 0.080 seconds
[2021-07-12 20:56:17,653] {scheduler_job.py:182} INFO - Started process (PID=3092) to work on /home/airflow/.local/lib/python3.6/site-packages/airflow/example_dags/example_complex.py
[2021-07-12 20:56:17,654] {scheduler_job.py:633} INFO - Processing file /home/airflow/.local/lib/python3.6/site-packages/airflow/example_dags/example_complex.py for tasks to queue
[2021-07-12 20:56:17,654] {logging_mixin.py:104} INFO - [2021-07-12 20:56:17,654] {dagbag.py:496} INFO - Filling up the DagBag from /home/airflow/.local/lib/python3.6/site-packages/airflow/example_dags/example_complex.py
[2021-07-12 20:56:17,670] {scheduler_job.py:643} INFO - DAG(s) dict_keys(['example_complex']) retrieved from /home/airflow/.local/lib/python3.6/site-packages/airflow/example_dags/example_complex.py
[2021-07-12 20:56:17,689] {logging_mixin.py:104} INFO - [2021-07-12 20:56:17,689] {dag.py:1833} INFO - Sync 1 DAGs
[2021-07-12 20:56:17,698] {logging_mixin.py:104} INFO - [2021-07-12 20:56:17,698] {dag.py:2306} INFO - Setting next_dagrun for example_complex to None
[2021-07-12 20:56:17,726] {scheduler_job.py:190} INFO - Processing /home/airflow/.local/lib/python3.6/site-packages/airflow/example_dags/example_complex.py took 0.075 seconds
[2021-07-12 20:56:47,834] {scheduler_job.py:182} INFO - Started process (PID=3154) to work on /home/airflow/.local/lib/python3.6/site-packages/airflow/example_dags/example_complex.py
[2021-07-12 20:56:47,834] {scheduler_job.py:633} INFO - Processing file /home/airflow/.local/lib/python3.6/site-packages/airflow/example_dags/example_complex.py for tasks to queue
[2021-07-12 20:56:47,835] {logging_mixin.py:104} INFO - [2021-07-12 20:56:47,835] {dagbag.py:496} INFO - Filling up the DagBag from /home/airflow/.local/lib/python3.6/site-packages/airflow/example_dags/example_complex.py
[2021-07-12 20:56:47,852] {scheduler_job.py:643} INFO - DAG(s) dict_keys(['example_complex']) retrieved from /home/airflow/.local/lib/python3.6/site-packages/airflow/example_dags/example_complex.py
[2021-07-12 20:56:47,869] {logging_mixin.py:104} INFO - [2021-07-12 20:56:47,869] {dag.py:1833} INFO - Sync 1 DAGs
[2021-07-12 20:56:47,880] {logging_mixin.py:104} INFO - [2021-07-12 20:56:47,880] {dag.py:2306} INFO - Setting next_dagrun for example_complex to None
[2021-07-12 20:56:47,910] {scheduler_job.py:190} INFO - Processing /home/airflow/.local/lib/python3.6/site-packages/airflow/example_dags/example_complex.py took 0.078 seconds
[2021-07-12 20:57:18,226] {scheduler_job.py:182} INFO - Started process (PID=3205) to work on /home/airflow/.local/lib/python3.6/site-packages/airflow/example_dags/example_complex.py
[2021-07-12 20:57:18,228] {scheduler_job.py:633} INFO - Processing file /home/airflow/.local/lib/python3.6/site-packages/airflow/example_dags/example_complex.py for tasks to queue
[2021-07-12 20:57:18,228] {logging_mixin.py:104} INFO - [2021-07-12 20:57:18,228] {dagbag.py:496} INFO - Filling up the DagBag from /home/airflow/.local/lib/python3.6/site-packages/airflow/example_dags/example_complex.py
[2021-07-12 20:57:18,243] {scheduler_job.py:643} INFO - DAG(s) dict_keys(['example_complex']) retrieved from /home/airflow/.local/lib/python3.6/site-packages/airflow/example_dags/example_complex.py
[2021-07-12 20:57:18,257] {logging_mixin.py:104} INFO - [2021-07-12 20:57:18,257] {dag.py:1833} INFO - Sync 1 DAGs
[2021-07-12 20:57:18,265] {logging_mixin.py:104} INFO - [2021-07-12 20:57:18,265] {dag.py:2306} INFO - Setting next_dagrun for example_complex to None
[2021-07-12 20:57:18,272] {scheduler_job.py:190} INFO - Processing /home/airflow/.local/lib/python3.6/site-packages/airflow/example_dags/example_complex.py took 0.047 seconds
[2021-07-12 20:57:48,543] {scheduler_job.py:182} INFO - Started process (PID=3267) to work on /home/airflow/.local/lib/python3.6/site-packages/airflow/example_dags/example_complex.py
[2021-07-12 20:57:48,544] {scheduler_job.py:633} INFO - Processing file /home/airflow/.local/lib/python3.6/site-packages/airflow/example_dags/example_complex.py for tasks to queue
[2021-07-12 20:57:48,544] {logging_mixin.py:104} INFO - [2021-07-12 20:57:48,544] {dagbag.py:496} INFO - Filling up the DagBag from /home/airflow/.local/lib/python3.6/site-packages/airflow/example_dags/example_complex.py
[2021-07-12 20:57:48,558] {scheduler_job.py:643} INFO - DAG(s) dict_keys(['example_complex']) retrieved from /home/airflow/.local/lib/python3.6/site-packages/airflow/example_dags/example_complex.py
[2021-07-12 20:57:48,580] {logging_mixin.py:104} INFO - [2021-07-12 20:57:48,580] {dag.py:1833} INFO - Sync 1 DAGs
[2021-07-12 20:57:48,588] {logging_mixin.py:104} INFO - [2021-07-12 20:57:48,588] {dag.py:2306} INFO - Setting next_dagrun for example_complex to None
[2021-07-12 20:57:48,593] {scheduler_job.py:190} INFO - Processing /home/airflow/.local/lib/python3.6/site-packages/airflow/example_dags/example_complex.py took 0.052 seconds
[2021-07-12 20:58:18,794] {scheduler_job.py:182} INFO - Started process (PID=3328) to work on /home/airflow/.local/lib/python3.6/site-packages/airflow/example_dags/example_complex.py
[2021-07-12 20:58:18,795] {scheduler_job.py:633} INFO - Processing file /home/airflow/.local/lib/python3.6/site-packages/airflow/example_dags/example_complex.py for tasks to queue
[2021-07-12 20:58:18,795] {logging_mixin.py:104} INFO - [2021-07-12 20:58:18,795] {dagbag.py:496} INFO - Filling up the DagBag from /home/airflow/.local/lib/python3.6/site-packages/airflow/example_dags/example_complex.py
[2021-07-12 20:58:18,809] {scheduler_job.py:643} INFO - DAG(s) dict_keys(['example_complex']) retrieved from /home/airflow/.local/lib/python3.6/site-packages/airflow/example_dags/example_complex.py
[2021-07-12 20:58:18,823] {logging_mixin.py:104} INFO - [2021-07-12 20:58:18,823] {dag.py:1833} INFO - Sync 1 DAGs
[2021-07-12 20:58:18,831] {logging_mixin.py:104} INFO - [2021-07-12 20:58:18,831] {dag.py:2306} INFO - Setting next_dagrun for example_complex to None
[2021-07-12 20:58:18,837] {scheduler_job.py:190} INFO - Processing /home/airflow/.local/lib/python3.6/site-packages/airflow/example_dags/example_complex.py took 0.046 seconds
[2021-07-12 20:58:48,956] {scheduler_job.py:182} INFO - Started process (PID=3380) to work on /home/airflow/.local/lib/python3.6/site-packages/airflow/example_dags/example_complex.py
[2021-07-12 20:58:48,957] {scheduler_job.py:633} INFO - Processing file /home/airflow/.local/lib/python3.6/site-packages/airflow/example_dags/example_complex.py for tasks to queue
[2021-07-12 20:58:48,957] {logging_mixin.py:104} INFO - [2021-07-12 20:58:48,957] {dagbag.py:496} INFO - Filling up the DagBag from /home/airflow/.local/lib/python3.6/site-packages/airflow/example_dags/example_complex.py
[2021-07-12 20:58:48,972] {scheduler_job.py:643} INFO - DAG(s) dict_keys(['example_complex']) retrieved from /home/airflow/.local/lib/python3.6/site-packages/airflow/example_dags/example_complex.py
[2021-07-12 20:58:48,992] {logging_mixin.py:104} INFO - [2021-07-12 20:58:48,992] {dag.py:1833} INFO - Sync 1 DAGs
[2021-07-12 20:58:49,004] {logging_mixin.py:104} INFO - [2021-07-12 20:58:49,004] {dag.py:2306} INFO - Setting next_dagrun for example_complex to None
[2021-07-12 20:58:49,012] {scheduler_job.py:190} INFO - Processing /home/airflow/.local/lib/python3.6/site-packages/airflow/example_dags/example_complex.py took 0.059 seconds
[2021-07-12 20:59:19,161] {scheduler_job.py:182} INFO - Started process (PID=3441) to work on /home/airflow/.local/lib/python3.6/site-packages/airflow/example_dags/example_complex.py
[2021-07-12 20:59:19,162] {scheduler_job.py:633} INFO - Processing file /home/airflow/.local/lib/python3.6/site-packages/airflow/example_dags/example_complex.py for tasks to queue
[2021-07-12 20:59:19,162] {logging_mixin.py:104} INFO - [2021-07-12 20:59:19,162] {dagbag.py:496} INFO - Filling up the DagBag from /home/airflow/.local/lib/python3.6/site-packages/airflow/example_dags/example_complex.py
[2021-07-12 20:59:19,179] {scheduler_job.py:643} INFO - DAG(s) dict_keys(['example_complex']) retrieved from /home/airflow/.local/lib/python3.6/site-packages/airflow/example_dags/example_complex.py
[2021-07-12 20:59:19,195] {logging_mixin.py:104} INFO - [2021-07-12 20:59:19,195] {dag.py:1833} INFO - Sync 1 DAGs
[2021-07-12 20:59:19,206] {logging_mixin.py:104} INFO - [2021-07-12 20:59:19,206] {dag.py:2306} INFO - Setting next_dagrun for example_complex to None
[2021-07-12 20:59:19,237] {scheduler_job.py:190} INFO - Processing /home/airflow/.local/lib/python3.6/site-packages/airflow/example_dags/example_complex.py took 0.078 seconds
[2021-07-12 20:59:49,318] {scheduler_job.py:182} INFO - Started process (PID=3502) to work on /home/airflow/.local/lib/python3.6/site-packages/airflow/example_dags/example_complex.py
[2021-07-12 20:59:49,319] {scheduler_job.py:633} INFO - Processing file /home/airflow/.local/lib/python3.6/site-packages/airflow/example_dags/example_complex.py for tasks to queue
[2021-07-12 20:59:49,320] {logging_mixin.py:104} INFO - [2021-07-12 20:59:49,320] {dagbag.py:496} INFO - Filling up the DagBag from /home/airflow/.local/lib/python3.6/site-packages/airflow/example_dags/example_complex.py
[2021-07-12 20:59:49,337] {scheduler_job.py:643} INFO - DAG(s) dict_keys(['example_complex']) retrieved from /home/airflow/.local/lib/python3.6/site-packages/airflow/example_dags/example_complex.py
[2021-07-12 20:59:49,353] {logging_mixin.py:104} INFO - [2021-07-12 20:59:49,353] {dag.py:1833} INFO - Sync 1 DAGs
[2021-07-12 20:59:49,362] {logging_mixin.py:104} INFO - [2021-07-12 20:59:49,362] {dag.py:2306} INFO - Setting next_dagrun for example_complex to None
[2021-07-12 20:59:49,402] {scheduler_job.py:190} INFO - Processing /home/airflow/.local/lib/python3.6/site-packages/airflow/example_dags/example_complex.py took 0.087 seconds
[2021-07-12 21:00:19,604] {scheduler_job.py:182} INFO - Started process (PID=3565) to work on /home/airflow/.local/lib/python3.6/site-packages/airflow/example_dags/example_complex.py
[2021-07-12 21:00:19,605] {scheduler_job.py:633} INFO - Processing file /home/airflow/.local/lib/python3.6/site-packages/airflow/example_dags/example_complex.py for tasks to queue
[2021-07-12 21:00:19,605] {logging_mixin.py:104} INFO - [2021-07-12 21:00:19,605] {dagbag.py:496} INFO - Filling up the DagBag from /home/airflow/.local/lib/python3.6/site-packages/airflow/example_dags/example_complex.py
[2021-07-12 21:00:19,618] {scheduler_job.py:643} INFO - DAG(s) dict_keys(['example_complex']) retrieved from /home/airflow/.local/lib/python3.6/site-packages/airflow/example_dags/example_complex.py
[2021-07-12 21:00:19,636] {logging_mixin.py:104} INFO - [2021-07-12 21:00:19,636] {dag.py:1833} INFO - Sync 1 DAGs
[2021-07-12 21:00:19,647] {logging_mixin.py:104} INFO - [2021-07-12 21:00:19,647] {dag.py:2306} INFO - Setting next_dagrun for example_complex to None
[2021-07-12 21:00:19,678] {scheduler_job.py:190} INFO - Processing /home/airflow/.local/lib/python3.6/site-packages/airflow/example_dags/example_complex.py took 0.077 seconds
[2021-07-12 21:00:49,995] {scheduler_job.py:182} INFO - Started process (PID=3616) to work on /home/airflow/.local/lib/python3.6/site-packages/airflow/example_dags/example_complex.py
[2021-07-12 21:00:49,996] {scheduler_job.py:633} INFO - Processing file /home/airflow/.local/lib/python3.6/site-packages/airflow/example_dags/example_complex.py for tasks to queue
[2021-07-12 21:00:49,996] {logging_mixin.py:104} INFO - [2021-07-12 21:00:49,996] {dagbag.py:496} INFO - Filling up the DagBag from /home/airflow/.local/lib/python3.6/site-packages/airflow/example_dags/example_complex.py
[2021-07-12 21:00:50,008] {scheduler_job.py:643} INFO - DAG(s) dict_keys(['example_complex']) retrieved from /home/airflow/.local/lib/python3.6/site-packages/airflow/example_dags/example_complex.py
[2021-07-12 21:00:50,022] {logging_mixin.py:104} INFO - [2021-07-12 21:00:50,022] {dag.py:1833} INFO - Sync 1 DAGs
[2021-07-12 21:00:50,032] {logging_mixin.py:104} INFO - [2021-07-12 21:00:50,032] {dag.py:2306} INFO - Setting next_dagrun for example_complex to None
[2021-07-12 21:00:50,070] {scheduler_job.py:190} INFO - Processing /home/airflow/.local/lib/python3.6/site-packages/airflow/example_dags/example_complex.py took 0.078 seconds
[2021-07-12 21:01:20,309] {scheduler_job.py:182} INFO - Started process (PID=3678) to work on /home/airflow/.local/lib/python3.6/site-packages/airflow/example_dags/example_complex.py
[2021-07-12 21:01:20,310] {scheduler_job.py:633} INFO - Processing file /home/airflow/.local/lib/python3.6/site-packages/airflow/example_dags/example_complex.py for tasks to queue
[2021-07-12 21:01:20,310] {logging_mixin.py:104} INFO - [2021-07-12 21:01:20,310] {dagbag.py:496} INFO - Filling up the DagBag from /home/airflow/.local/lib/python3.6/site-packages/airflow/example_dags/example_complex.py
[2021-07-12 21:01:20,327] {scheduler_job.py:643} INFO - DAG(s) dict_keys(['example_complex']) retrieved from /home/airflow/.local/lib/python3.6/site-packages/airflow/example_dags/example_complex.py
[2021-07-12 21:01:20,346] {logging_mixin.py:104} INFO - [2021-07-12 21:01:20,346] {dag.py:1833} INFO - Sync 1 DAGs
[2021-07-12 21:01:20,354] {logging_mixin.py:104} INFO - [2021-07-12 21:01:20,354] {dag.py:2306} INFO - Setting next_dagrun for example_complex to None
[2021-07-12 21:01:20,389] {scheduler_job.py:190} INFO - Processing /home/airflow/.local/lib/python3.6/site-packages/airflow/example_dags/example_complex.py took 0.083 seconds
[2021-07-12 21:01:50,575] {scheduler_job.py:182} INFO - Started process (PID=3754) to work on /home/airflow/.local/lib/python3.6/site-packages/airflow/example_dags/example_complex.py
[2021-07-12 21:01:50,576] {scheduler_job.py:633} INFO - Processing file /home/airflow/.local/lib/python3.6/site-packages/airflow/example_dags/example_complex.py for tasks to queue
[2021-07-12 21:01:50,577] {logging_mixin.py:104} INFO - [2021-07-12 21:01:50,577] {dagbag.py:496} INFO - Filling up the DagBag from /home/airflow/.local/lib/python3.6/site-packages/airflow/example_dags/example_complex.py
[2021-07-12 21:01:50,588] {scheduler_job.py:643} INFO - DAG(s) dict_keys(['example_complex']) retrieved from /home/airflow/.local/lib/python3.6/site-packages/airflow/example_dags/example_complex.py
[2021-07-12 21:01:50,603] {logging_mixin.py:104} INFO - [2021-07-12 21:01:50,603] {dag.py:1833} INFO - Sync 1 DAGs
[2021-07-12 21:01:50,612] {logging_mixin.py:104} INFO - [2021-07-12 21:01:50,612] {dag.py:2306} INFO - Setting next_dagrun for example_complex to None
[2021-07-12 21:01:50,656] {scheduler_job.py:190} INFO - Processing /home/airflow/.local/lib/python3.6/site-packages/airflow/example_dags/example_complex.py took 0.083 seconds
[2021-07-12 21:02:20,721] {scheduler_job.py:182} INFO - Started process (PID=3806) to work on /home/airflow/.local/lib/python3.6/site-packages/airflow/example_dags/example_complex.py
[2021-07-12 21:02:20,722] {scheduler_job.py:633} INFO - Processing file /home/airflow/.local/lib/python3.6/site-packages/airflow/example_dags/example_complex.py for tasks to queue
[2021-07-12 21:02:20,723] {logging_mixin.py:104} INFO - [2021-07-12 21:02:20,723] {dagbag.py:496} INFO - Filling up the DagBag from /home/airflow/.local/lib/python3.6/site-packages/airflow/example_dags/example_complex.py
[2021-07-12 21:02:20,735] {scheduler_job.py:643} INFO - DAG(s) dict_keys(['example_complex']) retrieved from /home/airflow/.local/lib/python3.6/site-packages/airflow/example_dags/example_complex.py
[2021-07-12 21:02:20,750] {logging_mixin.py:104} INFO - [2021-07-12 21:02:20,750] {dag.py:1833} INFO - Sync 1 DAGs
[2021-07-12 21:02:20,759] {logging_mixin.py:104} INFO - [2021-07-12 21:02:20,758] {dag.py:2306} INFO - Setting next_dagrun for example_complex to None
[2021-07-12 21:02:20,803] {scheduler_job.py:190} INFO - Processing /home/airflow/.local/lib/python3.6/site-packages/airflow/example_dags/example_complex.py took 0.084 seconds
[2021-07-12 21:02:51,134] {scheduler_job.py:182} INFO - Started process (PID=3870) to work on /home/airflow/.local/lib/python3.6/site-packages/airflow/example_dags/example_complex.py
[2021-07-12 21:02:51,135] {scheduler_job.py:633} INFO - Processing file /home/airflow/.local/lib/python3.6/site-packages/airflow/example_dags/example_complex.py for tasks to queue
[2021-07-12 21:02:51,135] {logging_mixin.py:104} INFO - [2021-07-12 21:02:51,135] {dagbag.py:496} INFO - Filling up the DagBag from /home/airflow/.local/lib/python3.6/site-packages/airflow/example_dags/example_complex.py
[2021-07-12 21:02:51,147] {scheduler_job.py:643} INFO - DAG(s) dict_keys(['example_complex']) retrieved from /home/airflow/.local/lib/python3.6/site-packages/airflow/example_dags/example_complex.py
[2021-07-12 21:02:51,162] {logging_mixin.py:104} INFO - [2021-07-12 21:02:51,162] {dag.py:1833} INFO - Sync 1 DAGs
[2021-07-12 21:02:51,170] {logging_mixin.py:104} INFO - [2021-07-12 21:02:51,170] {dag.py:2306} INFO - Setting next_dagrun for example_complex to None
[2021-07-12 21:02:51,214] {scheduler_job.py:190} INFO - Processing /home/airflow/.local/lib/python3.6/site-packages/airflow/example_dags/example_complex.py took 0.082 seconds
[2021-07-12 21:03:21,411] {scheduler_job.py:182} INFO - Started process (PID=3932) to work on /home/airflow/.local/lib/python3.6/site-packages/airflow/example_dags/example_complex.py
[2021-07-12 21:03:21,412] {scheduler_job.py:633} INFO - Processing file /home/airflow/.local/lib/python3.6/site-packages/airflow/example_dags/example_complex.py for tasks to queue
[2021-07-12 21:03:21,413] {logging_mixin.py:104} INFO - [2021-07-12 21:03:21,412] {dagbag.py:496} INFO - Filling up the DagBag from /home/airflow/.local/lib/python3.6/site-packages/airflow/example_dags/example_complex.py
[2021-07-12 21:03:21,430] {scheduler_job.py:643} INFO - DAG(s) dict_keys(['example_complex']) retrieved from /home/airflow/.local/lib/python3.6/site-packages/airflow/example_dags/example_complex.py
[2021-07-12 21:03:21,448] {logging_mixin.py:104} INFO - [2021-07-12 21:03:21,448] {dag.py:1833} INFO - Sync 1 DAGs
[2021-07-12 21:03:21,458] {logging_mixin.py:104} INFO - [2021-07-12 21:03:21,458] {dag.py:2306} INFO - Setting next_dagrun for example_complex to None
[2021-07-12 21:03:21,495] {scheduler_job.py:190} INFO - Processing /home/airflow/.local/lib/python3.6/site-packages/airflow/example_dags/example_complex.py took 0.087 seconds
[2021-07-12 21:03:52,483] {scheduler_job.py:182} INFO - Started process (PID=3994) to work on /home/airflow/.local/lib/python3.6/site-packages/airflow/example_dags/example_complex.py
[2021-07-12 21:03:52,483] {scheduler_job.py:633} INFO - Processing file /home/airflow/.local/lib/python3.6/site-packages/airflow/example_dags/example_complex.py for tasks to queue
[2021-07-12 21:03:52,484] {logging_mixin.py:104} INFO - [2021-07-12 21:03:52,484] {dagbag.py:496} INFO - Filling up the DagBag from /home/airflow/.local/lib/python3.6/site-packages/airflow/example_dags/example_complex.py
[2021-07-12 21:03:52,495] {scheduler_job.py:643} INFO - DAG(s) dict_keys(['example_complex']) retrieved from /home/airflow/.local/lib/python3.6/site-packages/airflow/example_dags/example_complex.py
[2021-07-12 21:03:52,511] {logging_mixin.py:104} INFO - [2021-07-12 21:03:52,511] {dag.py:1833} INFO - Sync 1 DAGs
[2021-07-12 21:03:52,520] {logging_mixin.py:104} INFO - [2021-07-12 21:03:52,520] {dag.py:2306} INFO - Setting next_dagrun for example_complex to None
[2021-07-12 21:03:52,564] {scheduler_job.py:190} INFO - Processing /home/airflow/.local/lib/python3.6/site-packages/airflow/example_dags/example_complex.py took 0.084 seconds
[2021-07-12 21:04:22,818] {scheduler_job.py:182} INFO - Started process (PID=4045) to work on /home/airflow/.local/lib/python3.6/site-packages/airflow/example_dags/example_complex.py
[2021-07-12 21:04:22,819] {scheduler_job.py:633} INFO - Processing file /home/airflow/.local/lib/python3.6/site-packages/airflow/example_dags/example_complex.py for tasks to queue
[2021-07-12 21:04:22,819] {logging_mixin.py:104} INFO - [2021-07-12 21:04:22,819] {dagbag.py:496} INFO - Filling up the DagBag from /home/airflow/.local/lib/python3.6/site-packages/airflow/example_dags/example_complex.py
[2021-07-12 21:04:22,832] {scheduler_job.py:643} INFO - DAG(s) dict_keys(['example_complex']) retrieved from /home/airflow/.local/lib/python3.6/site-packages/airflow/example_dags/example_complex.py
[2021-07-12 21:04:22,850] {logging_mixin.py:104} INFO - [2021-07-12 21:04:22,850] {dag.py:1833} INFO - Sync 1 DAGs
[2021-07-12 21:04:22,858] {logging_mixin.py:104} INFO - [2021-07-12 21:04:22,858] {dag.py:2306} INFO - Setting next_dagrun for example_complex to None
[2021-07-12 21:04:22,897] {scheduler_job.py:190} INFO - Processing /home/airflow/.local/lib/python3.6/site-packages/airflow/example_dags/example_complex.py took 0.080 seconds
[2021-07-12 21:04:53,129] {scheduler_job.py:182} INFO - Started process (PID=4107) to work on /home/airflow/.local/lib/python3.6/site-packages/airflow/example_dags/example_complex.py
[2021-07-12 21:04:53,130] {scheduler_job.py:633} INFO - Processing file /home/airflow/.local/lib/python3.6/site-packages/airflow/example_dags/example_complex.py for tasks to queue
[2021-07-12 21:04:53,130] {logging_mixin.py:104} INFO - [2021-07-12 21:04:53,130] {dagbag.py:496} INFO - Filling up the DagBag from /home/airflow/.local/lib/python3.6/site-packages/airflow/example_dags/example_complex.py
[2021-07-12 21:04:53,144] {scheduler_job.py:643} INFO - DAG(s) dict_keys(['example_complex']) retrieved from /home/airflow/.local/lib/python3.6/site-packages/airflow/example_dags/example_complex.py
[2021-07-12 21:04:53,160] {logging_mixin.py:104} INFO - [2021-07-12 21:04:53,160] {dag.py:1833} INFO - Sync 1 DAGs
[2021-07-12 21:04:53,169] {logging_mixin.py:104} INFO - [2021-07-12 21:04:53,169] {dag.py:2306} INFO - Setting next_dagrun for example_complex to None
[2021-07-12 21:04:53,176] {scheduler_job.py:190} INFO - Processing /home/airflow/.local/lib/python3.6/site-packages/airflow/example_dags/example_complex.py took 0.050 seconds
[2021-07-12 21:05:23,385] {scheduler_job.py:182} INFO - Started process (PID=4169) to work on /home/airflow/.local/lib/python3.6/site-packages/airflow/example_dags/example_complex.py
[2021-07-12 21:05:23,386] {scheduler_job.py:633} INFO - Processing file /home/airflow/.local/lib/python3.6/site-packages/airflow/example_dags/example_complex.py for tasks to queue
[2021-07-12 21:05:23,386] {logging_mixin.py:104} INFO - [2021-07-12 21:05:23,386] {dagbag.py:496} INFO - Filling up the DagBag from /home/airflow/.local/lib/python3.6/site-packages/airflow/example_dags/example_complex.py
[2021-07-12 21:05:23,401] {scheduler_job.py:643} INFO - DAG(s) dict_keys(['example_complex']) retrieved from /home/airflow/.local/lib/python3.6/site-packages/airflow/example_dags/example_complex.py
[2021-07-12 21:05:23,417] {logging_mixin.py:104} INFO - [2021-07-12 21:05:23,417] {dag.py:1833} INFO - Sync 1 DAGs
[2021-07-12 21:05:23,425] {logging_mixin.py:104} INFO - [2021-07-12 21:05:23,425] {dag.py:2306} INFO - Setting next_dagrun for example_complex to None
[2021-07-12 21:05:23,462] {scheduler_job.py:190} INFO - Processing /home/airflow/.local/lib/python3.6/site-packages/airflow/example_dags/example_complex.py took 0.079 seconds
[2021-07-12 21:05:53,697] {scheduler_job.py:182} INFO - Started process (PID=4220) to work on /home/airflow/.local/lib/python3.6/site-packages/airflow/example_dags/example_complex.py
[2021-07-12 21:05:53,698] {scheduler_job.py:633} INFO - Processing file /home/airflow/.local/lib/python3.6/site-packages/airflow/example_dags/example_complex.py for tasks to queue
[2021-07-12 21:05:53,699] {logging_mixin.py:104} INFO - [2021-07-12 21:05:53,698] {dagbag.py:496} INFO - Filling up the DagBag from /home/airflow/.local/lib/python3.6/site-packages/airflow/example_dags/example_complex.py
[2021-07-12 21:05:53,711] {scheduler_job.py:643} INFO - DAG(s) dict_keys(['example_complex']) retrieved from /home/airflow/.local/lib/python3.6/site-packages/airflow/example_dags/example_complex.py
[2021-07-12 21:05:53,726] {logging_mixin.py:104} INFO - [2021-07-12 21:05:53,726] {dag.py:1833} INFO - Sync 1 DAGs
[2021-07-12 21:05:53,736] {logging_mixin.py:104} INFO - [2021-07-12 21:05:53,736] {dag.py:2306} INFO - Setting next_dagrun for example_complex to None
[2021-07-12 21:05:53,773] {scheduler_job.py:190} INFO - Processing /home/airflow/.local/lib/python3.6/site-packages/airflow/example_dags/example_complex.py took 0.078 seconds
[2021-07-12 21:06:23,902] {scheduler_job.py:182} INFO - Started process (PID=4281) to work on /home/airflow/.local/lib/python3.6/site-packages/airflow/example_dags/example_complex.py
[2021-07-12 21:06:23,903] {scheduler_job.py:633} INFO - Processing file /home/airflow/.local/lib/python3.6/site-packages/airflow/example_dags/example_complex.py for tasks to queue
[2021-07-12 21:06:23,903] {logging_mixin.py:104} INFO - [2021-07-12 21:06:23,903] {dagbag.py:496} INFO - Filling up the DagBag from /home/airflow/.local/lib/python3.6/site-packages/airflow/example_dags/example_complex.py
[2021-07-12 21:06:23,916] {scheduler_job.py:643} INFO - DAG(s) dict_keys(['example_complex']) retrieved from /home/airflow/.local/lib/python3.6/site-packages/airflow/example_dags/example_complex.py
[2021-07-12 21:06:23,931] {logging_mixin.py:104} INFO - [2021-07-12 21:06:23,931] {dag.py:1833} INFO - Sync 1 DAGs
[2021-07-12 21:06:23,940] {logging_mixin.py:104} INFO - [2021-07-12 21:06:23,940] {dag.py:2306} INFO - Setting next_dagrun for example_complex to None
[2021-07-12 21:06:23,946] {scheduler_job.py:190} INFO - Processing /home/airflow/.local/lib/python3.6/site-packages/airflow/example_dags/example_complex.py took 0.046 seconds
[2021-07-12 21:06:54,290] {scheduler_job.py:182} INFO - Started process (PID=4343) to work on /home/airflow/.local/lib/python3.6/site-packages/airflow/example_dags/example_complex.py
[2021-07-12 21:06:54,291] {scheduler_job.py:633} INFO - Processing file /home/airflow/.local/lib/python3.6/site-packages/airflow/example_dags/example_complex.py for tasks to queue
[2021-07-12 21:06:54,292] {logging_mixin.py:104} INFO - [2021-07-12 21:06:54,291] {dagbag.py:496} INFO - Filling up the DagBag from /home/airflow/.local/lib/python3.6/site-packages/airflow/example_dags/example_complex.py
[2021-07-12 21:06:54,306] {scheduler_job.py:643} INFO - DAG(s) dict_keys(['example_complex']) retrieved from /home/airflow/.local/lib/python3.6/site-packages/airflow/example_dags/example_complex.py
[2021-07-12 21:06:54,320] {logging_mixin.py:104} INFO - [2021-07-12 21:06:54,320] {dag.py:1833} INFO - Sync 1 DAGs
[2021-07-12 21:06:54,328] {logging_mixin.py:104} INFO - [2021-07-12 21:06:54,328] {dag.py:2306} INFO - Setting next_dagrun for example_complex to None
[2021-07-12 21:06:54,368] {scheduler_job.py:190} INFO - Processing /home/airflow/.local/lib/python3.6/site-packages/airflow/example_dags/example_complex.py took 0.080 seconds
[2021-07-12 21:07:24,593] {scheduler_job.py:182} INFO - Started process (PID=4401) to work on /home/airflow/.local/lib/python3.6/site-packages/airflow/example_dags/example_complex.py
[2021-07-12 21:07:24,594] {scheduler_job.py:633} INFO - Processing file /home/airflow/.local/lib/python3.6/site-packages/airflow/example_dags/example_complex.py for tasks to queue
[2021-07-12 21:07:24,595] {logging_mixin.py:104} INFO - [2021-07-12 21:07:24,595] {dagbag.py:496} INFO - Filling up the DagBag from /home/airflow/.local/lib/python3.6/site-packages/airflow/example_dags/example_complex.py
[2021-07-12 21:07:24,616] {scheduler_job.py:643} INFO - DAG(s) dict_keys(['example_complex']) retrieved from /home/airflow/.local/lib/python3.6/site-packages/airflow/example_dags/example_complex.py
[2021-07-12 21:07:24,631] {logging_mixin.py:104} INFO - [2021-07-12 21:07:24,631] {dag.py:1833} INFO - Sync 1 DAGs
[2021-07-12 21:07:24,644] {logging_mixin.py:104} INFO - [2021-07-12 21:07:24,644] {dag.py:2306} INFO - Setting next_dagrun for example_complex to None
[2021-07-12 21:07:24,653] {scheduler_job.py:190} INFO - Processing /home/airflow/.local/lib/python3.6/site-packages/airflow/example_dags/example_complex.py took 0.062 seconds
[2021-07-12 21:07:54,906] {scheduler_job.py:182} INFO - Started process (PID=4458) to work on /home/airflow/.local/lib/python3.6/site-packages/airflow/example_dags/example_complex.py
[2021-07-12 21:07:54,906] {scheduler_job.py:633} INFO - Processing file /home/airflow/.local/lib/python3.6/site-packages/airflow/example_dags/example_complex.py for tasks to queue
[2021-07-12 21:07:54,907] {logging_mixin.py:104} INFO - [2021-07-12 21:07:54,907] {dagbag.py:496} INFO - Filling up the DagBag from /home/airflow/.local/lib/python3.6/site-packages/airflow/example_dags/example_complex.py
[2021-07-12 21:07:54,920] {scheduler_job.py:643} INFO - DAG(s) dict_keys(['example_complex']) retrieved from /home/airflow/.local/lib/python3.6/site-packages/airflow/example_dags/example_complex.py
[2021-07-12 21:07:54,940] {logging_mixin.py:104} INFO - [2021-07-12 21:07:54,940] {dag.py:1833} INFO - Sync 1 DAGs
[2021-07-12 21:07:54,948] {logging_mixin.py:104} INFO - [2021-07-12 21:07:54,948] {dag.py:2306} INFO - Setting next_dagrun for example_complex to None
[2021-07-12 21:07:54,986] {scheduler_job.py:190} INFO - Processing /home/airflow/.local/lib/python3.6/site-packages/airflow/example_dags/example_complex.py took 0.084 seconds
[2021-07-12 21:08:25,213] {scheduler_job.py:182} INFO - Started process (PID=4520) to work on /home/airflow/.local/lib/python3.6/site-packages/airflow/example_dags/example_complex.py
[2021-07-12 21:08:25,214] {scheduler_job.py:633} INFO - Processing file /home/airflow/.local/lib/python3.6/site-packages/airflow/example_dags/example_complex.py for tasks to queue
[2021-07-12 21:08:25,215] {logging_mixin.py:104} INFO - [2021-07-12 21:08:25,215] {dagbag.py:496} INFO - Filling up the DagBag from /home/airflow/.local/lib/python3.6/site-packages/airflow/example_dags/example_complex.py
[2021-07-12 21:08:25,227] {scheduler_job.py:643} INFO - DAG(s) dict_keys(['example_complex']) retrieved from /home/airflow/.local/lib/python3.6/site-packages/airflow/example_dags/example_complex.py
[2021-07-12 21:08:25,245] {logging_mixin.py:104} INFO - [2021-07-12 21:08:25,245] {dag.py:1833} INFO - Sync 1 DAGs
[2021-07-12 21:08:25,253] {logging_mixin.py:104} INFO - [2021-07-12 21:08:25,253] {dag.py:2306} INFO - Setting next_dagrun for example_complex to None
[2021-07-12 21:08:25,292] {scheduler_job.py:190} INFO - Processing /home/airflow/.local/lib/python3.6/site-packages/airflow/example_dags/example_complex.py took 0.081 seconds
