[2021-07-12 20:30:03,717] {scheduler_job.py:182} INFO - Started process (PID=33) to work on /home/airflow/.local/lib/python3.6/site-packages/airflow/example_dags/example_bash_operator.py
[2021-07-12 20:30:03,717] {scheduler_job.py:633} INFO - Processing file /home/airflow/.local/lib/python3.6/site-packages/airflow/example_dags/example_bash_operator.py for tasks to queue
[2021-07-12 20:30:03,717] {logging_mixin.py:104} INFO - [2021-07-12 20:30:03,717] {dagbag.py:496} INFO - Filling up the DagBag from /home/airflow/.local/lib/python3.6/site-packages/airflow/example_dags/example_bash_operator.py
[2021-07-12 20:30:03,728] {scheduler_job.py:643} INFO - DAG(s) dict_keys(['example_bash_operator']) retrieved from /home/airflow/.local/lib/python3.6/site-packages/airflow/example_dags/example_bash_operator.py
[2021-07-12 20:30:03,891] {logging_mixin.py:104} INFO - [2021-07-12 20:30:03,891] {dag.py:1833} INFO - Sync 1 DAGs
[2021-07-12 20:30:03,903] {logging_mixin.py:104} INFO - [2021-07-12 20:30:03,903] {dag.py:2306} INFO - Setting next_dagrun for example_bash_operator to 2021-07-10 00:00:00+00:00
[2021-07-12 20:30:03,914] {scheduler_job.py:190} INFO - Processing /home/airflow/.local/lib/python3.6/site-packages/airflow/example_dags/example_bash_operator.py took 0.199 seconds
[2021-07-12 20:30:34,572] {scheduler_job.py:182} INFO - Started process (PID=95) to work on /home/airflow/.local/lib/python3.6/site-packages/airflow/example_dags/example_bash_operator.py
[2021-07-12 20:30:34,573] {scheduler_job.py:633} INFO - Processing file /home/airflow/.local/lib/python3.6/site-packages/airflow/example_dags/example_bash_operator.py for tasks to queue
[2021-07-12 20:30:34,573] {logging_mixin.py:104} INFO - [2021-07-12 20:30:34,573] {dagbag.py:496} INFO - Filling up the DagBag from /home/airflow/.local/lib/python3.6/site-packages/airflow/example_dags/example_bash_operator.py
[2021-07-12 20:30:34,584] {scheduler_job.py:643} INFO - DAG(s) dict_keys(['example_bash_operator']) retrieved from /home/airflow/.local/lib/python3.6/site-packages/airflow/example_dags/example_bash_operator.py
[2021-07-12 20:30:34,596] {logging_mixin.py:104} INFO - [2021-07-12 20:30:34,596] {dag.py:1833} INFO - Sync 1 DAGs
[2021-07-12 20:30:34,607] {logging_mixin.py:104} INFO - [2021-07-12 20:30:34,607] {dag.py:2306} INFO - Setting next_dagrun for example_bash_operator to 2021-07-10 00:00:00+00:00
[2021-07-12 20:30:34,612] {scheduler_job.py:190} INFO - Processing /home/airflow/.local/lib/python3.6/site-packages/airflow/example_dags/example_bash_operator.py took 0.042 seconds
[2021-07-12 20:31:04,825] {scheduler_job.py:182} INFO - Started process (PID=157) to work on /home/airflow/.local/lib/python3.6/site-packages/airflow/example_dags/example_bash_operator.py
[2021-07-12 20:31:04,825] {scheduler_job.py:633} INFO - Processing file /home/airflow/.local/lib/python3.6/site-packages/airflow/example_dags/example_bash_operator.py for tasks to queue
[2021-07-12 20:31:04,825] {logging_mixin.py:104} INFO - [2021-07-12 20:31:04,825] {dagbag.py:496} INFO - Filling up the DagBag from /home/airflow/.local/lib/python3.6/site-packages/airflow/example_dags/example_bash_operator.py
[2021-07-12 20:31:04,833] {scheduler_job.py:643} INFO - DAG(s) dict_keys(['example_bash_operator']) retrieved from /home/airflow/.local/lib/python3.6/site-packages/airflow/example_dags/example_bash_operator.py
[2021-07-12 20:31:04,848] {logging_mixin.py:104} INFO - [2021-07-12 20:31:04,847] {dag.py:1833} INFO - Sync 1 DAGs
[2021-07-12 20:31:04,861] {logging_mixin.py:104} INFO - [2021-07-12 20:31:04,861] {dag.py:2306} INFO - Setting next_dagrun for example_bash_operator to 2021-07-10 00:00:00+00:00
[2021-07-12 20:31:04,867] {scheduler_job.py:190} INFO - Processing /home/airflow/.local/lib/python3.6/site-packages/airflow/example_dags/example_bash_operator.py took 0.044 seconds
[2021-07-12 20:31:35,064] {scheduler_job.py:182} INFO - Started process (PID=210) to work on /home/airflow/.local/lib/python3.6/site-packages/airflow/example_dags/example_bash_operator.py
[2021-07-12 20:31:35,064] {scheduler_job.py:633} INFO - Processing file /home/airflow/.local/lib/python3.6/site-packages/airflow/example_dags/example_bash_operator.py for tasks to queue
[2021-07-12 20:31:35,065] {logging_mixin.py:104} INFO - [2021-07-12 20:31:35,065] {dagbag.py:496} INFO - Filling up the DagBag from /home/airflow/.local/lib/python3.6/site-packages/airflow/example_dags/example_bash_operator.py
[2021-07-12 20:31:35,072] {scheduler_job.py:643} INFO - DAG(s) dict_keys(['example_bash_operator']) retrieved from /home/airflow/.local/lib/python3.6/site-packages/airflow/example_dags/example_bash_operator.py
[2021-07-12 20:31:35,088] {logging_mixin.py:104} INFO - [2021-07-12 20:31:35,088] {dag.py:1833} INFO - Sync 1 DAGs
[2021-07-12 20:31:35,100] {logging_mixin.py:104} INFO - [2021-07-12 20:31:35,100] {dag.py:2306} INFO - Setting next_dagrun for example_bash_operator to 2021-07-10 00:00:00+00:00
[2021-07-12 20:31:35,104] {scheduler_job.py:190} INFO - Processing /home/airflow/.local/lib/python3.6/site-packages/airflow/example_dags/example_bash_operator.py took 0.042 seconds
[2021-07-12 20:32:06,147] {scheduler_job.py:182} INFO - Started process (PID=271) to work on /home/airflow/.local/lib/python3.6/site-packages/airflow/example_dags/example_bash_operator.py
[2021-07-12 20:32:06,148] {scheduler_job.py:633} INFO - Processing file /home/airflow/.local/lib/python3.6/site-packages/airflow/example_dags/example_bash_operator.py for tasks to queue
[2021-07-12 20:32:06,148] {logging_mixin.py:104} INFO - [2021-07-12 20:32:06,148] {dagbag.py:496} INFO - Filling up the DagBag from /home/airflow/.local/lib/python3.6/site-packages/airflow/example_dags/example_bash_operator.py
[2021-07-12 20:32:06,159] {scheduler_job.py:643} INFO - DAG(s) dict_keys(['example_bash_operator']) retrieved from /home/airflow/.local/lib/python3.6/site-packages/airflow/example_dags/example_bash_operator.py
[2021-07-12 20:32:06,173] {logging_mixin.py:104} INFO - [2021-07-12 20:32:06,173] {dag.py:1833} INFO - Sync 1 DAGs
[2021-07-12 20:32:06,185] {logging_mixin.py:104} INFO - [2021-07-12 20:32:06,185] {dag.py:2306} INFO - Setting next_dagrun for example_bash_operator to 2021-07-10 00:00:00+00:00
[2021-07-12 20:32:06,193] {scheduler_job.py:190} INFO - Processing /home/airflow/.local/lib/python3.6/site-packages/airflow/example_dags/example_bash_operator.py took 0.048 seconds
[2021-07-12 20:32:37,278] {scheduler_job.py:182} INFO - Started process (PID=332) to work on /home/airflow/.local/lib/python3.6/site-packages/airflow/example_dags/example_bash_operator.py
[2021-07-12 20:32:37,278] {scheduler_job.py:633} INFO - Processing file /home/airflow/.local/lib/python3.6/site-packages/airflow/example_dags/example_bash_operator.py for tasks to queue
[2021-07-12 20:32:37,279] {logging_mixin.py:104} INFO - [2021-07-12 20:32:37,278] {dagbag.py:496} INFO - Filling up the DagBag from /home/airflow/.local/lib/python3.6/site-packages/airflow/example_dags/example_bash_operator.py
[2021-07-12 20:32:37,288] {scheduler_job.py:643} INFO - DAG(s) dict_keys(['example_bash_operator']) retrieved from /home/airflow/.local/lib/python3.6/site-packages/airflow/example_dags/example_bash_operator.py
[2021-07-12 20:32:37,300] {logging_mixin.py:104} INFO - [2021-07-12 20:32:37,300] {dag.py:1833} INFO - Sync 1 DAGs
[2021-07-12 20:32:37,311] {logging_mixin.py:104} INFO - [2021-07-12 20:32:37,311] {dag.py:2306} INFO - Setting next_dagrun for example_bash_operator to 2021-07-10 00:00:00+00:00
[2021-07-12 20:32:37,316] {scheduler_job.py:190} INFO - Processing /home/airflow/.local/lib/python3.6/site-packages/airflow/example_dags/example_bash_operator.py took 0.040 seconds
[2021-07-12 20:33:07,542] {scheduler_job.py:182} INFO - Started process (PID=393) to work on /home/airflow/.local/lib/python3.6/site-packages/airflow/example_dags/example_bash_operator.py
[2021-07-12 20:33:07,543] {scheduler_job.py:633} INFO - Processing file /home/airflow/.local/lib/python3.6/site-packages/airflow/example_dags/example_bash_operator.py for tasks to queue
[2021-07-12 20:33:07,543] {logging_mixin.py:104} INFO - [2021-07-12 20:33:07,543] {dagbag.py:496} INFO - Filling up the DagBag from /home/airflow/.local/lib/python3.6/site-packages/airflow/example_dags/example_bash_operator.py
[2021-07-12 20:33:07,554] {scheduler_job.py:643} INFO - DAG(s) dict_keys(['example_bash_operator']) retrieved from /home/airflow/.local/lib/python3.6/site-packages/airflow/example_dags/example_bash_operator.py
[2021-07-12 20:33:07,569] {logging_mixin.py:104} INFO - [2021-07-12 20:33:07,568] {dag.py:1833} INFO - Sync 1 DAGs
[2021-07-12 20:33:07,584] {logging_mixin.py:104} INFO - [2021-07-12 20:33:07,584] {dag.py:2306} INFO - Setting next_dagrun for example_bash_operator to 2021-07-10 00:00:00+00:00
[2021-07-12 20:33:07,592] {scheduler_job.py:190} INFO - Processing /home/airflow/.local/lib/python3.6/site-packages/airflow/example_dags/example_bash_operator.py took 0.052 seconds
[2021-07-12 20:33:37,763] {scheduler_job.py:182} INFO - Started process (PID=443) to work on /home/airflow/.local/lib/python3.6/site-packages/airflow/example_dags/example_bash_operator.py
[2021-07-12 20:33:37,763] {scheduler_job.py:633} INFO - Processing file /home/airflow/.local/lib/python3.6/site-packages/airflow/example_dags/example_bash_operator.py for tasks to queue
[2021-07-12 20:33:37,764] {logging_mixin.py:104} INFO - [2021-07-12 20:33:37,764] {dagbag.py:496} INFO - Filling up the DagBag from /home/airflow/.local/lib/python3.6/site-packages/airflow/example_dags/example_bash_operator.py
[2021-07-12 20:33:37,774] {scheduler_job.py:643} INFO - DAG(s) dict_keys(['example_bash_operator']) retrieved from /home/airflow/.local/lib/python3.6/site-packages/airflow/example_dags/example_bash_operator.py
[2021-07-12 20:33:37,802] {logging_mixin.py:104} INFO - [2021-07-12 20:33:37,802] {dag.py:1833} INFO - Sync 1 DAGs
[2021-07-12 20:33:37,813] {logging_mixin.py:104} INFO - [2021-07-12 20:33:37,813] {dag.py:2306} INFO - Setting next_dagrun for example_bash_operator to 2021-07-10 00:00:00+00:00
[2021-07-12 20:33:37,818] {scheduler_job.py:190} INFO - Processing /home/airflow/.local/lib/python3.6/site-packages/airflow/example_dags/example_bash_operator.py took 0.057 seconds
[2021-07-12 20:34:08,016] {scheduler_job.py:182} INFO - Started process (PID=505) to work on /home/airflow/.local/lib/python3.6/site-packages/airflow/example_dags/example_bash_operator.py
[2021-07-12 20:34:08,016] {scheduler_job.py:633} INFO - Processing file /home/airflow/.local/lib/python3.6/site-packages/airflow/example_dags/example_bash_operator.py for tasks to queue
[2021-07-12 20:34:08,016] {logging_mixin.py:104} INFO - [2021-07-12 20:34:08,016] {dagbag.py:496} INFO - Filling up the DagBag from /home/airflow/.local/lib/python3.6/site-packages/airflow/example_dags/example_bash_operator.py
[2021-07-12 20:34:08,024] {scheduler_job.py:643} INFO - DAG(s) dict_keys(['example_bash_operator']) retrieved from /home/airflow/.local/lib/python3.6/site-packages/airflow/example_dags/example_bash_operator.py
[2021-07-12 20:34:08,037] {logging_mixin.py:104} INFO - [2021-07-12 20:34:08,037] {dag.py:1833} INFO - Sync 1 DAGs
[2021-07-12 20:34:08,047] {logging_mixin.py:104} INFO - [2021-07-12 20:34:08,047] {dag.py:2306} INFO - Setting next_dagrun for example_bash_operator to 2021-07-10 00:00:00+00:00
[2021-07-12 20:34:08,052] {scheduler_job.py:190} INFO - Processing /home/airflow/.local/lib/python3.6/site-packages/airflow/example_dags/example_bash_operator.py took 0.037 seconds
[2021-07-12 20:34:39,090] {scheduler_job.py:182} INFO - Started process (PID=569) to work on /home/airflow/.local/lib/python3.6/site-packages/airflow/example_dags/example_bash_operator.py
[2021-07-12 20:34:39,091] {scheduler_job.py:633} INFO - Processing file /home/airflow/.local/lib/python3.6/site-packages/airflow/example_dags/example_bash_operator.py for tasks to queue
[2021-07-12 20:34:39,091] {logging_mixin.py:104} INFO - [2021-07-12 20:34:39,091] {dagbag.py:496} INFO - Filling up the DagBag from /home/airflow/.local/lib/python3.6/site-packages/airflow/example_dags/example_bash_operator.py
[2021-07-12 20:34:39,101] {scheduler_job.py:643} INFO - DAG(s) dict_keys(['example_bash_operator']) retrieved from /home/airflow/.local/lib/python3.6/site-packages/airflow/example_dags/example_bash_operator.py
[2021-07-12 20:34:39,116] {logging_mixin.py:104} INFO - [2021-07-12 20:34:39,116] {dag.py:1833} INFO - Sync 1 DAGs
[2021-07-12 20:34:39,129] {logging_mixin.py:104} INFO - [2021-07-12 20:34:39,128] {dag.py:2306} INFO - Setting next_dagrun for example_bash_operator to 2021-07-10 00:00:00+00:00
[2021-07-12 20:34:39,134] {scheduler_job.py:190} INFO - Processing /home/airflow/.local/lib/python3.6/site-packages/airflow/example_dags/example_bash_operator.py took 0.046 seconds
[2021-07-12 20:35:09,282] {scheduler_job.py:182} INFO - Started process (PID=620) to work on /home/airflow/.local/lib/python3.6/site-packages/airflow/example_dags/example_bash_operator.py
[2021-07-12 20:35:09,283] {scheduler_job.py:633} INFO - Processing file /home/airflow/.local/lib/python3.6/site-packages/airflow/example_dags/example_bash_operator.py for tasks to queue
[2021-07-12 20:35:09,284] {logging_mixin.py:104} INFO - [2021-07-12 20:35:09,284] {dagbag.py:496} INFO - Filling up the DagBag from /home/airflow/.local/lib/python3.6/site-packages/airflow/example_dags/example_bash_operator.py
[2021-07-12 20:35:09,292] {scheduler_job.py:643} INFO - DAG(s) dict_keys(['example_bash_operator']) retrieved from /home/airflow/.local/lib/python3.6/site-packages/airflow/example_dags/example_bash_operator.py
[2021-07-12 20:35:09,302] {logging_mixin.py:104} INFO - [2021-07-12 20:35:09,302] {dag.py:1833} INFO - Sync 1 DAGs
[2021-07-12 20:35:09,314] {logging_mixin.py:104} INFO - [2021-07-12 20:35:09,314] {dag.py:2306} INFO - Setting next_dagrun for example_bash_operator to 2021-07-10 00:00:00+00:00
[2021-07-12 20:35:09,319] {scheduler_job.py:190} INFO - Processing /home/airflow/.local/lib/python3.6/site-packages/airflow/example_dags/example_bash_operator.py took 0.039 seconds
[2021-07-12 20:35:39,575] {scheduler_job.py:182} INFO - Started process (PID=683) to work on /home/airflow/.local/lib/python3.6/site-packages/airflow/example_dags/example_bash_operator.py
[2021-07-12 20:35:39,575] {scheduler_job.py:633} INFO - Processing file /home/airflow/.local/lib/python3.6/site-packages/airflow/example_dags/example_bash_operator.py for tasks to queue
[2021-07-12 20:35:39,576] {logging_mixin.py:104} INFO - [2021-07-12 20:35:39,575] {dagbag.py:496} INFO - Filling up the DagBag from /home/airflow/.local/lib/python3.6/site-packages/airflow/example_dags/example_bash_operator.py
[2021-07-12 20:35:39,584] {scheduler_job.py:643} INFO - DAG(s) dict_keys(['example_bash_operator']) retrieved from /home/airflow/.local/lib/python3.6/site-packages/airflow/example_dags/example_bash_operator.py
[2021-07-12 20:35:39,600] {logging_mixin.py:104} INFO - [2021-07-12 20:35:39,600] {dag.py:1833} INFO - Sync 1 DAGs
[2021-07-12 20:35:39,612] {logging_mixin.py:104} INFO - [2021-07-12 20:35:39,612] {dag.py:2306} INFO - Setting next_dagrun for example_bash_operator to 2021-07-10 00:00:00+00:00
[2021-07-12 20:35:39,618] {scheduler_job.py:190} INFO - Processing /home/airflow/.local/lib/python3.6/site-packages/airflow/example_dags/example_bash_operator.py took 0.044 seconds
[2021-07-12 20:36:09,831] {scheduler_job.py:182} INFO - Started process (PID=750) to work on /home/airflow/.local/lib/python3.6/site-packages/airflow/example_dags/example_bash_operator.py
[2021-07-12 20:36:09,831] {scheduler_job.py:633} INFO - Processing file /home/airflow/.local/lib/python3.6/site-packages/airflow/example_dags/example_bash_operator.py for tasks to queue
[2021-07-12 20:36:09,832] {logging_mixin.py:104} INFO - [2021-07-12 20:36:09,832] {dagbag.py:496} INFO - Filling up the DagBag from /home/airflow/.local/lib/python3.6/site-packages/airflow/example_dags/example_bash_operator.py
[2021-07-12 20:36:09,841] {scheduler_job.py:643} INFO - DAG(s) dict_keys(['example_bash_operator']) retrieved from /home/airflow/.local/lib/python3.6/site-packages/airflow/example_dags/example_bash_operator.py
[2021-07-12 20:36:09,853] {logging_mixin.py:104} INFO - [2021-07-12 20:36:09,853] {dag.py:1833} INFO - Sync 1 DAGs
[2021-07-12 20:36:09,864] {logging_mixin.py:104} INFO - [2021-07-12 20:36:09,864] {dag.py:2306} INFO - Setting next_dagrun for example_bash_operator to 2021-07-10 00:00:00+00:00
[2021-07-12 20:36:09,869] {scheduler_job.py:190} INFO - Processing /home/airflow/.local/lib/python3.6/site-packages/airflow/example_dags/example_bash_operator.py took 0.039 seconds
[2021-07-12 20:36:40,025] {scheduler_job.py:182} INFO - Started process (PID=811) to work on /home/airflow/.local/lib/python3.6/site-packages/airflow/example_dags/example_bash_operator.py
[2021-07-12 20:36:40,025] {scheduler_job.py:633} INFO - Processing file /home/airflow/.local/lib/python3.6/site-packages/airflow/example_dags/example_bash_operator.py for tasks to queue
[2021-07-12 20:36:40,026] {logging_mixin.py:104} INFO - [2021-07-12 20:36:40,026] {dagbag.py:496} INFO - Filling up the DagBag from /home/airflow/.local/lib/python3.6/site-packages/airflow/example_dags/example_bash_operator.py
[2021-07-12 20:36:40,035] {scheduler_job.py:643} INFO - DAG(s) dict_keys(['example_bash_operator']) retrieved from /home/airflow/.local/lib/python3.6/site-packages/airflow/example_dags/example_bash_operator.py
[2021-07-12 20:36:40,049] {logging_mixin.py:104} INFO - [2021-07-12 20:36:40,049] {dag.py:1833} INFO - Sync 1 DAGs
[2021-07-12 20:36:40,065] {logging_mixin.py:104} INFO - [2021-07-12 20:36:40,065] {dag.py:2306} INFO - Setting next_dagrun for example_bash_operator to 2021-07-10 00:00:00+00:00
[2021-07-12 20:36:40,072] {scheduler_job.py:190} INFO - Processing /home/airflow/.local/lib/python3.6/site-packages/airflow/example_dags/example_bash_operator.py took 0.050 seconds
[2021-07-12 20:37:10,254] {scheduler_job.py:182} INFO - Started process (PID=861) to work on /home/airflow/.local/lib/python3.6/site-packages/airflow/example_dags/example_bash_operator.py
[2021-07-12 20:37:10,255] {scheduler_job.py:633} INFO - Processing file /home/airflow/.local/lib/python3.6/site-packages/airflow/example_dags/example_bash_operator.py for tasks to queue
[2021-07-12 20:37:10,255] {logging_mixin.py:104} INFO - [2021-07-12 20:37:10,255] {dagbag.py:496} INFO - Filling up the DagBag from /home/airflow/.local/lib/python3.6/site-packages/airflow/example_dags/example_bash_operator.py
[2021-07-12 20:37:10,262] {scheduler_job.py:643} INFO - DAG(s) dict_keys(['example_bash_operator']) retrieved from /home/airflow/.local/lib/python3.6/site-packages/airflow/example_dags/example_bash_operator.py
[2021-07-12 20:37:10,276] {logging_mixin.py:104} INFO - [2021-07-12 20:37:10,276] {dag.py:1833} INFO - Sync 1 DAGs
[2021-07-12 20:37:10,288] {logging_mixin.py:104} INFO - [2021-07-12 20:37:10,288] {dag.py:2306} INFO - Setting next_dagrun for example_bash_operator to 2021-07-10 00:00:00+00:00
[2021-07-12 20:37:10,294] {scheduler_job.py:190} INFO - Processing /home/airflow/.local/lib/python3.6/site-packages/airflow/example_dags/example_bash_operator.py took 0.042 seconds
[2021-07-12 20:37:40,653] {scheduler_job.py:182} INFO - Started process (PID=923) to work on /home/airflow/.local/lib/python3.6/site-packages/airflow/example_dags/example_bash_operator.py
[2021-07-12 20:37:40,653] {scheduler_job.py:633} INFO - Processing file /home/airflow/.local/lib/python3.6/site-packages/airflow/example_dags/example_bash_operator.py for tasks to queue
[2021-07-12 20:37:40,654] {logging_mixin.py:104} INFO - [2021-07-12 20:37:40,654] {dagbag.py:496} INFO - Filling up the DagBag from /home/airflow/.local/lib/python3.6/site-packages/airflow/example_dags/example_bash_operator.py
[2021-07-12 20:37:40,665] {scheduler_job.py:643} INFO - DAG(s) dict_keys(['example_bash_operator']) retrieved from /home/airflow/.local/lib/python3.6/site-packages/airflow/example_dags/example_bash_operator.py
[2021-07-12 20:37:40,678] {logging_mixin.py:104} INFO - [2021-07-12 20:37:40,678] {dag.py:1833} INFO - Sync 1 DAGs
[2021-07-12 20:37:40,691] {logging_mixin.py:104} INFO - [2021-07-12 20:37:40,691] {dag.py:2306} INFO - Setting next_dagrun for example_bash_operator to 2021-07-10 00:00:00+00:00
[2021-07-12 20:37:40,698] {scheduler_job.py:190} INFO - Processing /home/airflow/.local/lib/python3.6/site-packages/airflow/example_dags/example_bash_operator.py took 0.047 seconds
[2021-07-12 20:38:10,861] {scheduler_job.py:182} INFO - Started process (PID=985) to work on /home/airflow/.local/lib/python3.6/site-packages/airflow/example_dags/example_bash_operator.py
[2021-07-12 20:38:10,862] {scheduler_job.py:633} INFO - Processing file /home/airflow/.local/lib/python3.6/site-packages/airflow/example_dags/example_bash_operator.py for tasks to queue
[2021-07-12 20:38:10,862] {logging_mixin.py:104} INFO - [2021-07-12 20:38:10,862] {dagbag.py:496} INFO - Filling up the DagBag from /home/airflow/.local/lib/python3.6/site-packages/airflow/example_dags/example_bash_operator.py
[2021-07-12 20:38:10,873] {scheduler_job.py:643} INFO - DAG(s) dict_keys(['example_bash_operator']) retrieved from /home/airflow/.local/lib/python3.6/site-packages/airflow/example_dags/example_bash_operator.py
[2021-07-12 20:38:10,884] {logging_mixin.py:104} INFO - [2021-07-12 20:38:10,884] {dag.py:1833} INFO - Sync 1 DAGs
[2021-07-12 20:38:10,899] {logging_mixin.py:104} INFO - [2021-07-12 20:38:10,899] {dag.py:2306} INFO - Setting next_dagrun for example_bash_operator to 2021-07-10 00:00:00+00:00
[2021-07-12 20:38:10,907] {scheduler_job.py:190} INFO - Processing /home/airflow/.local/lib/python3.6/site-packages/airflow/example_dags/example_bash_operator.py took 0.048 seconds
[2021-07-12 20:38:41,116] {scheduler_job.py:182} INFO - Started process (PID=1036) to work on /home/airflow/.local/lib/python3.6/site-packages/airflow/example_dags/example_bash_operator.py
[2021-07-12 20:38:41,117] {scheduler_job.py:633} INFO - Processing file /home/airflow/.local/lib/python3.6/site-packages/airflow/example_dags/example_bash_operator.py for tasks to queue
[2021-07-12 20:38:41,117] {logging_mixin.py:104} INFO - [2021-07-12 20:38:41,117] {dagbag.py:496} INFO - Filling up the DagBag from /home/airflow/.local/lib/python3.6/site-packages/airflow/example_dags/example_bash_operator.py
[2021-07-12 20:38:41,125] {scheduler_job.py:643} INFO - DAG(s) dict_keys(['example_bash_operator']) retrieved from /home/airflow/.local/lib/python3.6/site-packages/airflow/example_dags/example_bash_operator.py
[2021-07-12 20:38:41,140] {logging_mixin.py:104} INFO - [2021-07-12 20:38:41,140] {dag.py:1833} INFO - Sync 1 DAGs
[2021-07-12 20:38:41,157] {logging_mixin.py:104} INFO - [2021-07-12 20:38:41,156] {dag.py:2306} INFO - Setting next_dagrun for example_bash_operator to 2021-07-10 00:00:00+00:00
[2021-07-12 20:38:41,163] {scheduler_job.py:190} INFO - Processing /home/airflow/.local/lib/python3.6/site-packages/airflow/example_dags/example_bash_operator.py took 0.048 seconds
[2021-07-12 20:39:11,399] {scheduler_job.py:182} INFO - Started process (PID=1098) to work on /home/airflow/.local/lib/python3.6/site-packages/airflow/example_dags/example_bash_operator.py
[2021-07-12 20:39:11,400] {scheduler_job.py:633} INFO - Processing file /home/airflow/.local/lib/python3.6/site-packages/airflow/example_dags/example_bash_operator.py for tasks to queue
[2021-07-12 20:39:11,400] {logging_mixin.py:104} INFO - [2021-07-12 20:39:11,400] {dagbag.py:496} INFO - Filling up the DagBag from /home/airflow/.local/lib/python3.6/site-packages/airflow/example_dags/example_bash_operator.py
[2021-07-12 20:39:11,412] {scheduler_job.py:643} INFO - DAG(s) dict_keys(['example_bash_operator']) retrieved from /home/airflow/.local/lib/python3.6/site-packages/airflow/example_dags/example_bash_operator.py
[2021-07-12 20:39:11,427] {logging_mixin.py:104} INFO - [2021-07-12 20:39:11,427] {dag.py:1833} INFO - Sync 1 DAGs
[2021-07-12 20:39:11,437] {logging_mixin.py:104} INFO - [2021-07-12 20:39:11,437] {dag.py:2306} INFO - Setting next_dagrun for example_bash_operator to 2021-07-10 00:00:00+00:00
[2021-07-12 20:39:11,442] {scheduler_job.py:190} INFO - Processing /home/airflow/.local/lib/python3.6/site-packages/airflow/example_dags/example_bash_operator.py took 0.045 seconds
[2021-07-12 20:39:41,625] {scheduler_job.py:182} INFO - Started process (PID=1161) to work on /home/airflow/.local/lib/python3.6/site-packages/airflow/example_dags/example_bash_operator.py
[2021-07-12 20:39:41,626] {scheduler_job.py:633} INFO - Processing file /home/airflow/.local/lib/python3.6/site-packages/airflow/example_dags/example_bash_operator.py for tasks to queue
[2021-07-12 20:39:41,626] {logging_mixin.py:104} INFO - [2021-07-12 20:39:41,626] {dagbag.py:496} INFO - Filling up the DagBag from /home/airflow/.local/lib/python3.6/site-packages/airflow/example_dags/example_bash_operator.py
[2021-07-12 20:39:41,634] {scheduler_job.py:643} INFO - DAG(s) dict_keys(['example_bash_operator']) retrieved from /home/airflow/.local/lib/python3.6/site-packages/airflow/example_dags/example_bash_operator.py
[2021-07-12 20:39:41,649] {logging_mixin.py:104} INFO - [2021-07-12 20:39:41,649] {dag.py:1833} INFO - Sync 1 DAGs
[2021-07-12 20:39:41,662] {logging_mixin.py:104} INFO - [2021-07-12 20:39:41,662] {dag.py:2306} INFO - Setting next_dagrun for example_bash_operator to 2021-07-10 00:00:00+00:00
[2021-07-12 20:39:41,667] {scheduler_job.py:190} INFO - Processing /home/airflow/.local/lib/python3.6/site-packages/airflow/example_dags/example_bash_operator.py took 0.043 seconds
[2021-07-12 20:40:11,902] {scheduler_job.py:182} INFO - Started process (PID=1212) to work on /home/airflow/.local/lib/python3.6/site-packages/airflow/example_dags/example_bash_operator.py
[2021-07-12 20:40:11,903] {scheduler_job.py:633} INFO - Processing file /home/airflow/.local/lib/python3.6/site-packages/airflow/example_dags/example_bash_operator.py for tasks to queue
[2021-07-12 20:40:11,903] {logging_mixin.py:104} INFO - [2021-07-12 20:40:11,903] {dagbag.py:496} INFO - Filling up the DagBag from /home/airflow/.local/lib/python3.6/site-packages/airflow/example_dags/example_bash_operator.py
[2021-07-12 20:40:11,910] {scheduler_job.py:643} INFO - DAG(s) dict_keys(['example_bash_operator']) retrieved from /home/airflow/.local/lib/python3.6/site-packages/airflow/example_dags/example_bash_operator.py
[2021-07-12 20:40:11,922] {logging_mixin.py:104} INFO - [2021-07-12 20:40:11,921] {dag.py:1833} INFO - Sync 1 DAGs
[2021-07-12 20:40:11,931] {logging_mixin.py:104} INFO - [2021-07-12 20:40:11,931] {dag.py:2306} INFO - Setting next_dagrun for example_bash_operator to 2021-07-10 00:00:00+00:00
[2021-07-12 20:40:11,936] {scheduler_job.py:190} INFO - Processing /home/airflow/.local/lib/python3.6/site-packages/airflow/example_dags/example_bash_operator.py took 0.036 seconds
[2021-07-12 20:40:42,375] {scheduler_job.py:182} INFO - Started process (PID=1275) to work on /home/airflow/.local/lib/python3.6/site-packages/airflow/example_dags/example_bash_operator.py
[2021-07-12 20:40:42,375] {scheduler_job.py:633} INFO - Processing file /home/airflow/.local/lib/python3.6/site-packages/airflow/example_dags/example_bash_operator.py for tasks to queue
[2021-07-12 20:40:42,376] {logging_mixin.py:104} INFO - [2021-07-12 20:40:42,376] {dagbag.py:496} INFO - Filling up the DagBag from /home/airflow/.local/lib/python3.6/site-packages/airflow/example_dags/example_bash_operator.py
[2021-07-12 20:40:42,386] {scheduler_job.py:643} INFO - DAG(s) dict_keys(['example_bash_operator']) retrieved from /home/airflow/.local/lib/python3.6/site-packages/airflow/example_dags/example_bash_operator.py
[2021-07-12 20:40:42,397] {logging_mixin.py:104} INFO - [2021-07-12 20:40:42,397] {dag.py:1833} INFO - Sync 1 DAGs
[2021-07-12 20:40:42,408] {logging_mixin.py:104} INFO - [2021-07-12 20:40:42,408] {dag.py:2306} INFO - Setting next_dagrun for example_bash_operator to 2021-07-10 00:00:00+00:00
[2021-07-12 20:40:42,412] {scheduler_job.py:190} INFO - Processing /home/airflow/.local/lib/python3.6/site-packages/airflow/example_dags/example_bash_operator.py took 0.040 seconds
[2021-07-12 20:41:12,812] {scheduler_job.py:182} INFO - Started process (PID=1339) to work on /home/airflow/.local/lib/python3.6/site-packages/airflow/example_dags/example_bash_operator.py
[2021-07-12 20:41:12,814] {scheduler_job.py:633} INFO - Processing file /home/airflow/.local/lib/python3.6/site-packages/airflow/example_dags/example_bash_operator.py for tasks to queue
[2021-07-12 20:41:12,814] {logging_mixin.py:104} INFO - [2021-07-12 20:41:12,814] {dagbag.py:496} INFO - Filling up the DagBag from /home/airflow/.local/lib/python3.6/site-packages/airflow/example_dags/example_bash_operator.py
[2021-07-12 20:41:12,826] {scheduler_job.py:643} INFO - DAG(s) dict_keys(['example_bash_operator']) retrieved from /home/airflow/.local/lib/python3.6/site-packages/airflow/example_dags/example_bash_operator.py
[2021-07-12 20:41:12,839] {logging_mixin.py:104} INFO - [2021-07-12 20:41:12,839] {dag.py:1833} INFO - Sync 1 DAGs
[2021-07-12 20:41:12,852] {logging_mixin.py:104} INFO - [2021-07-12 20:41:12,852] {dag.py:2306} INFO - Setting next_dagrun for example_bash_operator to 2021-07-10 00:00:00+00:00
[2021-07-12 20:41:12,857] {scheduler_job.py:190} INFO - Processing /home/airflow/.local/lib/python3.6/site-packages/airflow/example_dags/example_bash_operator.py took 0.047 seconds
[2021-07-12 20:41:43,175] {scheduler_job.py:182} INFO - Started process (PID=1402) to work on /home/airflow/.local/lib/python3.6/site-packages/airflow/example_dags/example_bash_operator.py
[2021-07-12 20:41:43,176] {scheduler_job.py:633} INFO - Processing file /home/airflow/.local/lib/python3.6/site-packages/airflow/example_dags/example_bash_operator.py for tasks to queue
[2021-07-12 20:41:43,176] {logging_mixin.py:104} INFO - [2021-07-12 20:41:43,176] {dagbag.py:496} INFO - Filling up the DagBag from /home/airflow/.local/lib/python3.6/site-packages/airflow/example_dags/example_bash_operator.py
[2021-07-12 20:41:43,188] {scheduler_job.py:643} INFO - DAG(s) dict_keys(['example_bash_operator']) retrieved from /home/airflow/.local/lib/python3.6/site-packages/airflow/example_dags/example_bash_operator.py
[2021-07-12 20:41:43,203] {logging_mixin.py:104} INFO - [2021-07-12 20:41:43,203] {dag.py:1833} INFO - Sync 1 DAGs
[2021-07-12 20:41:43,216] {logging_mixin.py:104} INFO - [2021-07-12 20:41:43,216] {dag.py:2306} INFO - Setting next_dagrun for example_bash_operator to 2021-07-10 00:00:00+00:00
[2021-07-12 20:41:43,220] {scheduler_job.py:190} INFO - Processing /home/airflow/.local/lib/python3.6/site-packages/airflow/example_dags/example_bash_operator.py took 0.048 seconds
[2021-07-12 20:42:13,569] {scheduler_job.py:182} INFO - Started process (PID=1454) to work on /home/airflow/.local/lib/python3.6/site-packages/airflow/example_dags/example_bash_operator.py
[2021-07-12 20:42:13,570] {scheduler_job.py:633} INFO - Processing file /home/airflow/.local/lib/python3.6/site-packages/airflow/example_dags/example_bash_operator.py for tasks to queue
[2021-07-12 20:42:13,570] {logging_mixin.py:104} INFO - [2021-07-12 20:42:13,570] {dagbag.py:496} INFO - Filling up the DagBag from /home/airflow/.local/lib/python3.6/site-packages/airflow/example_dags/example_bash_operator.py
[2021-07-12 20:42:13,580] {scheduler_job.py:643} INFO - DAG(s) dict_keys(['example_bash_operator']) retrieved from /home/airflow/.local/lib/python3.6/site-packages/airflow/example_dags/example_bash_operator.py
[2021-07-12 20:42:13,591] {logging_mixin.py:104} INFO - [2021-07-12 20:42:13,590] {dag.py:1833} INFO - Sync 1 DAGs
[2021-07-12 20:42:13,600] {logging_mixin.py:104} INFO - [2021-07-12 20:42:13,600] {dag.py:2306} INFO - Setting next_dagrun for example_bash_operator to 2021-07-10 00:00:00+00:00
[2021-07-12 20:42:13,605] {scheduler_job.py:190} INFO - Processing /home/airflow/.local/lib/python3.6/site-packages/airflow/example_dags/example_bash_operator.py took 0.038 seconds
[2021-07-12 20:42:44,679] {scheduler_job.py:182} INFO - Started process (PID=1515) to work on /home/airflow/.local/lib/python3.6/site-packages/airflow/example_dags/example_bash_operator.py
[2021-07-12 20:42:44,680] {scheduler_job.py:633} INFO - Processing file /home/airflow/.local/lib/python3.6/site-packages/airflow/example_dags/example_bash_operator.py for tasks to queue
[2021-07-12 20:42:44,680] {logging_mixin.py:104} INFO - [2021-07-12 20:42:44,680] {dagbag.py:496} INFO - Filling up the DagBag from /home/airflow/.local/lib/python3.6/site-packages/airflow/example_dags/example_bash_operator.py
[2021-07-12 20:42:44,692] {scheduler_job.py:643} INFO - DAG(s) dict_keys(['example_bash_operator']) retrieved from /home/airflow/.local/lib/python3.6/site-packages/airflow/example_dags/example_bash_operator.py
[2021-07-12 20:42:44,703] {logging_mixin.py:104} INFO - [2021-07-12 20:42:44,703] {dag.py:1833} INFO - Sync 1 DAGs
[2021-07-12 20:42:44,714] {logging_mixin.py:104} INFO - [2021-07-12 20:42:44,714] {dag.py:2306} INFO - Setting next_dagrun for example_bash_operator to 2021-07-10 00:00:00+00:00
[2021-07-12 20:42:44,719] {scheduler_job.py:190} INFO - Processing /home/airflow/.local/lib/python3.6/site-packages/airflow/example_dags/example_bash_operator.py took 0.042 seconds
[2021-07-12 20:43:14,981] {scheduler_job.py:182} INFO - Started process (PID=1576) to work on /home/airflow/.local/lib/python3.6/site-packages/airflow/example_dags/example_bash_operator.py
[2021-07-12 20:43:14,981] {scheduler_job.py:633} INFO - Processing file /home/airflow/.local/lib/python3.6/site-packages/airflow/example_dags/example_bash_operator.py for tasks to queue
[2021-07-12 20:43:14,982] {logging_mixin.py:104} INFO - [2021-07-12 20:43:14,982] {dagbag.py:496} INFO - Filling up the DagBag from /home/airflow/.local/lib/python3.6/site-packages/airflow/example_dags/example_bash_operator.py
[2021-07-12 20:43:14,991] {scheduler_job.py:643} INFO - DAG(s) dict_keys(['example_bash_operator']) retrieved from /home/airflow/.local/lib/python3.6/site-packages/airflow/example_dags/example_bash_operator.py
[2021-07-12 20:43:15,005] {logging_mixin.py:104} INFO - [2021-07-12 20:43:15,005] {dag.py:1833} INFO - Sync 1 DAGs
[2021-07-12 20:43:15,019] {logging_mixin.py:104} INFO - [2021-07-12 20:43:15,019] {dag.py:2306} INFO - Setting next_dagrun for example_bash_operator to 2021-07-10 00:00:00+00:00
[2021-07-12 20:43:15,025] {scheduler_job.py:190} INFO - Processing /home/airflow/.local/lib/python3.6/site-packages/airflow/example_dags/example_bash_operator.py took 0.046 seconds
[2021-07-12 20:43:45,356] {scheduler_job.py:182} INFO - Started process (PID=1637) to work on /home/airflow/.local/lib/python3.6/site-packages/airflow/example_dags/example_bash_operator.py
[2021-07-12 20:43:45,357] {scheduler_job.py:633} INFO - Processing file /home/airflow/.local/lib/python3.6/site-packages/airflow/example_dags/example_bash_operator.py for tasks to queue
[2021-07-12 20:43:45,357] {logging_mixin.py:104} INFO - [2021-07-12 20:43:45,357] {dagbag.py:496} INFO - Filling up the DagBag from /home/airflow/.local/lib/python3.6/site-packages/airflow/example_dags/example_bash_operator.py
[2021-07-12 20:43:45,368] {scheduler_job.py:643} INFO - DAG(s) dict_keys(['example_bash_operator']) retrieved from /home/airflow/.local/lib/python3.6/site-packages/airflow/example_dags/example_bash_operator.py
[2021-07-12 20:43:45,379] {logging_mixin.py:104} INFO - [2021-07-12 20:43:45,379] {dag.py:1833} INFO - Sync 1 DAGs
[2021-07-12 20:43:45,389] {logging_mixin.py:104} INFO - [2021-07-12 20:43:45,389] {dag.py:2306} INFO - Setting next_dagrun for example_bash_operator to 2021-07-10 00:00:00+00:00
[2021-07-12 20:43:45,393] {scheduler_job.py:190} INFO - Processing /home/airflow/.local/lib/python3.6/site-packages/airflow/example_dags/example_bash_operator.py took 0.039 seconds
[2021-07-12 20:44:15,549] {scheduler_job.py:182} INFO - Started process (PID=1688) to work on /home/airflow/.local/lib/python3.6/site-packages/airflow/example_dags/example_bash_operator.py
[2021-07-12 20:44:15,549] {scheduler_job.py:633} INFO - Processing file /home/airflow/.local/lib/python3.6/site-packages/airflow/example_dags/example_bash_operator.py for tasks to queue
[2021-07-12 20:44:15,550] {logging_mixin.py:104} INFO - [2021-07-12 20:44:15,550] {dagbag.py:496} INFO - Filling up the DagBag from /home/airflow/.local/lib/python3.6/site-packages/airflow/example_dags/example_bash_operator.py
[2021-07-12 20:44:15,561] {scheduler_job.py:643} INFO - DAG(s) dict_keys(['example_bash_operator']) retrieved from /home/airflow/.local/lib/python3.6/site-packages/airflow/example_dags/example_bash_operator.py
[2021-07-12 20:44:15,573] {logging_mixin.py:104} INFO - [2021-07-12 20:44:15,573] {dag.py:1833} INFO - Sync 1 DAGs
[2021-07-12 20:44:15,583] {logging_mixin.py:104} INFO - [2021-07-12 20:44:15,582] {dag.py:2306} INFO - Setting next_dagrun for example_bash_operator to 2021-07-10 00:00:00+00:00
[2021-07-12 20:44:15,587] {scheduler_job.py:190} INFO - Processing /home/airflow/.local/lib/python3.6/site-packages/airflow/example_dags/example_bash_operator.py took 0.040 seconds
[2021-07-12 20:44:45,810] {scheduler_job.py:182} INFO - Started process (PID=1749) to work on /home/airflow/.local/lib/python3.6/site-packages/airflow/example_dags/example_bash_operator.py
[2021-07-12 20:44:45,811] {scheduler_job.py:633} INFO - Processing file /home/airflow/.local/lib/python3.6/site-packages/airflow/example_dags/example_bash_operator.py for tasks to queue
[2021-07-12 20:44:45,812] {logging_mixin.py:104} INFO - [2021-07-12 20:44:45,811] {dagbag.py:496} INFO - Filling up the DagBag from /home/airflow/.local/lib/python3.6/site-packages/airflow/example_dags/example_bash_operator.py
[2021-07-12 20:44:45,822] {scheduler_job.py:643} INFO - DAG(s) dict_keys(['example_bash_operator']) retrieved from /home/airflow/.local/lib/python3.6/site-packages/airflow/example_dags/example_bash_operator.py
[2021-07-12 20:44:45,832] {logging_mixin.py:104} INFO - [2021-07-12 20:44:45,832] {dag.py:1833} INFO - Sync 1 DAGs
[2021-07-12 20:44:45,842] {logging_mixin.py:104} INFO - [2021-07-12 20:44:45,842] {dag.py:2306} INFO - Setting next_dagrun for example_bash_operator to 2021-07-10 00:00:00+00:00
[2021-07-12 20:44:45,846] {scheduler_job.py:190} INFO - Processing /home/airflow/.local/lib/python3.6/site-packages/airflow/example_dags/example_bash_operator.py took 0.038 seconds
[2021-07-12 20:45:16,958] {scheduler_job.py:182} INFO - Started process (PID=1810) to work on /home/airflow/.local/lib/python3.6/site-packages/airflow/example_dags/example_bash_operator.py
[2021-07-12 20:45:16,958] {scheduler_job.py:633} INFO - Processing file /home/airflow/.local/lib/python3.6/site-packages/airflow/example_dags/example_bash_operator.py for tasks to queue
[2021-07-12 20:45:16,959] {logging_mixin.py:104} INFO - [2021-07-12 20:45:16,958] {dagbag.py:496} INFO - Filling up the DagBag from /home/airflow/.local/lib/python3.6/site-packages/airflow/example_dags/example_bash_operator.py
[2021-07-12 20:45:16,969] {scheduler_job.py:643} INFO - DAG(s) dict_keys(['example_bash_operator']) retrieved from /home/airflow/.local/lib/python3.6/site-packages/airflow/example_dags/example_bash_operator.py
[2021-07-12 20:45:17,004] {logging_mixin.py:104} INFO - [2021-07-12 20:45:17,004] {dag.py:1833} INFO - Sync 1 DAGs
[2021-07-12 20:45:17,017] {logging_mixin.py:104} INFO - [2021-07-12 20:45:17,017] {dag.py:2306} INFO - Setting next_dagrun for example_bash_operator to 2021-07-10 00:00:00+00:00
[2021-07-12 20:45:17,026] {scheduler_job.py:190} INFO - Processing /home/airflow/.local/lib/python3.6/site-packages/airflow/example_dags/example_bash_operator.py took 0.070 seconds
[2021-07-12 20:45:47,215] {scheduler_job.py:182} INFO - Started process (PID=1868) to work on /home/airflow/.local/lib/python3.6/site-packages/airflow/example_dags/example_bash_operator.py
[2021-07-12 20:45:47,216] {scheduler_job.py:633} INFO - Processing file /home/airflow/.local/lib/python3.6/site-packages/airflow/example_dags/example_bash_operator.py for tasks to queue
[2021-07-12 20:45:47,217] {logging_mixin.py:104} INFO - [2021-07-12 20:45:47,217] {dagbag.py:496} INFO - Filling up the DagBag from /home/airflow/.local/lib/python3.6/site-packages/airflow/example_dags/example_bash_operator.py
[2021-07-12 20:45:47,226] {scheduler_job.py:643} INFO - DAG(s) dict_keys(['example_bash_operator']) retrieved from /home/airflow/.local/lib/python3.6/site-packages/airflow/example_dags/example_bash_operator.py
[2021-07-12 20:45:47,242] {logging_mixin.py:104} INFO - [2021-07-12 20:45:47,242] {dag.py:1833} INFO - Sync 1 DAGs
[2021-07-12 20:45:47,255] {logging_mixin.py:104} INFO - [2021-07-12 20:45:47,255] {dag.py:2306} INFO - Setting next_dagrun for example_bash_operator to 2021-07-10 00:00:00+00:00
[2021-07-12 20:45:47,261] {scheduler_job.py:190} INFO - Processing /home/airflow/.local/lib/python3.6/site-packages/airflow/example_dags/example_bash_operator.py took 0.048 seconds
[2021-07-12 20:46:17,420] {scheduler_job.py:182} INFO - Started process (PID=1923) to work on /home/airflow/.local/lib/python3.6/site-packages/airflow/example_dags/example_bash_operator.py
[2021-07-12 20:46:17,421] {scheduler_job.py:633} INFO - Processing file /home/airflow/.local/lib/python3.6/site-packages/airflow/example_dags/example_bash_operator.py for tasks to queue
[2021-07-12 20:46:17,421] {logging_mixin.py:104} INFO - [2021-07-12 20:46:17,421] {dagbag.py:496} INFO - Filling up the DagBag from /home/airflow/.local/lib/python3.6/site-packages/airflow/example_dags/example_bash_operator.py
[2021-07-12 20:46:17,430] {scheduler_job.py:643} INFO - DAG(s) dict_keys(['example_bash_operator']) retrieved from /home/airflow/.local/lib/python3.6/site-packages/airflow/example_dags/example_bash_operator.py
[2021-07-12 20:46:17,444] {logging_mixin.py:104} INFO - [2021-07-12 20:46:17,444] {dag.py:1833} INFO - Sync 1 DAGs
[2021-07-12 20:46:17,458] {logging_mixin.py:104} INFO - [2021-07-12 20:46:17,458] {dag.py:2306} INFO - Setting next_dagrun for example_bash_operator to 2021-07-10 00:00:00+00:00
[2021-07-12 20:46:17,465] {scheduler_job.py:190} INFO - Processing /home/airflow/.local/lib/python3.6/site-packages/airflow/example_dags/example_bash_operator.py took 0.046 seconds
[2021-07-12 20:46:47,738] {scheduler_job.py:182} INFO - Started process (PID=1984) to work on /home/airflow/.local/lib/python3.6/site-packages/airflow/example_dags/example_bash_operator.py
[2021-07-12 20:46:47,738] {scheduler_job.py:633} INFO - Processing file /home/airflow/.local/lib/python3.6/site-packages/airflow/example_dags/example_bash_operator.py for tasks to queue
[2021-07-12 20:46:47,738] {logging_mixin.py:104} INFO - [2021-07-12 20:46:47,738] {dagbag.py:496} INFO - Filling up the DagBag from /home/airflow/.local/lib/python3.6/site-packages/airflow/example_dags/example_bash_operator.py
[2021-07-12 20:46:47,747] {scheduler_job.py:643} INFO - DAG(s) dict_keys(['example_bash_operator']) retrieved from /home/airflow/.local/lib/python3.6/site-packages/airflow/example_dags/example_bash_operator.py
[2021-07-12 20:46:47,758] {logging_mixin.py:104} INFO - [2021-07-12 20:46:47,758] {dag.py:1833} INFO - Sync 1 DAGs
[2021-07-12 20:46:47,768] {logging_mixin.py:104} INFO - [2021-07-12 20:46:47,768] {dag.py:2306} INFO - Setting next_dagrun for example_bash_operator to 2021-07-10 00:00:00+00:00
[2021-07-12 20:46:47,774] {scheduler_job.py:190} INFO - Processing /home/airflow/.local/lib/python3.6/site-packages/airflow/example_dags/example_bash_operator.py took 0.038 seconds
[2021-07-12 20:47:17,923] {scheduler_job.py:182} INFO - Started process (PID=2047) to work on /home/airflow/.local/lib/python3.6/site-packages/airflow/example_dags/example_bash_operator.py
[2021-07-12 20:47:17,924] {scheduler_job.py:633} INFO - Processing file /home/airflow/.local/lib/python3.6/site-packages/airflow/example_dags/example_bash_operator.py for tasks to queue
[2021-07-12 20:47:17,924] {logging_mixin.py:104} INFO - [2021-07-12 20:47:17,924] {dagbag.py:496} INFO - Filling up the DagBag from /home/airflow/.local/lib/python3.6/site-packages/airflow/example_dags/example_bash_operator.py
[2021-07-12 20:47:17,931] {scheduler_job.py:643} INFO - DAG(s) dict_keys(['example_bash_operator']) retrieved from /home/airflow/.local/lib/python3.6/site-packages/airflow/example_dags/example_bash_operator.py
[2021-07-12 20:47:17,942] {logging_mixin.py:104} INFO - [2021-07-12 20:47:17,942] {dag.py:1833} INFO - Sync 1 DAGs
[2021-07-12 20:47:17,951] {logging_mixin.py:104} INFO - [2021-07-12 20:47:17,951] {dag.py:2306} INFO - Setting next_dagrun for example_bash_operator to 2021-07-10 00:00:00+00:00
[2021-07-12 20:47:17,956] {scheduler_job.py:190} INFO - Processing /home/airflow/.local/lib/python3.6/site-packages/airflow/example_dags/example_bash_operator.py took 0.035 seconds
[2021-07-12 20:47:49,057] {scheduler_job.py:182} INFO - Started process (PID=2099) to work on /home/airflow/.local/lib/python3.6/site-packages/airflow/example_dags/example_bash_operator.py
[2021-07-12 20:47:49,057] {scheduler_job.py:633} INFO - Processing file /home/airflow/.local/lib/python3.6/site-packages/airflow/example_dags/example_bash_operator.py for tasks to queue
[2021-07-12 20:47:49,058] {logging_mixin.py:104} INFO - [2021-07-12 20:47:49,058] {dagbag.py:496} INFO - Filling up the DagBag from /home/airflow/.local/lib/python3.6/site-packages/airflow/example_dags/example_bash_operator.py
[2021-07-12 20:47:49,065] {scheduler_job.py:643} INFO - DAG(s) dict_keys(['example_bash_operator']) retrieved from /home/airflow/.local/lib/python3.6/site-packages/airflow/example_dags/example_bash_operator.py
[2021-07-12 20:47:49,076] {logging_mixin.py:104} INFO - [2021-07-12 20:47:49,076] {dag.py:1833} INFO - Sync 1 DAGs
[2021-07-12 20:47:49,085] {logging_mixin.py:104} INFO - [2021-07-12 20:47:49,085] {dag.py:2306} INFO - Setting next_dagrun for example_bash_operator to 2021-07-10 00:00:00+00:00
[2021-07-12 20:47:49,089] {scheduler_job.py:190} INFO - Processing /home/airflow/.local/lib/python3.6/site-packages/airflow/example_dags/example_bash_operator.py took 0.034 seconds
[2021-07-12 20:48:20,189] {scheduler_job.py:182} INFO - Started process (PID=2160) to work on /home/airflow/.local/lib/python3.6/site-packages/airflow/example_dags/example_bash_operator.py
[2021-07-12 20:48:20,190] {scheduler_job.py:633} INFO - Processing file /home/airflow/.local/lib/python3.6/site-packages/airflow/example_dags/example_bash_operator.py for tasks to queue
[2021-07-12 20:48:20,190] {logging_mixin.py:104} INFO - [2021-07-12 20:48:20,190] {dagbag.py:496} INFO - Filling up the DagBag from /home/airflow/.local/lib/python3.6/site-packages/airflow/example_dags/example_bash_operator.py
[2021-07-12 20:48:20,197] {scheduler_job.py:643} INFO - DAG(s) dict_keys(['example_bash_operator']) retrieved from /home/airflow/.local/lib/python3.6/site-packages/airflow/example_dags/example_bash_operator.py
[2021-07-12 20:48:20,207] {logging_mixin.py:104} INFO - [2021-07-12 20:48:20,207] {dag.py:1833} INFO - Sync 1 DAGs
[2021-07-12 20:48:20,216] {logging_mixin.py:104} INFO - [2021-07-12 20:48:20,216] {dag.py:2306} INFO - Setting next_dagrun for example_bash_operator to 2021-07-10 00:00:00+00:00
[2021-07-12 20:48:20,221] {scheduler_job.py:190} INFO - Processing /home/airflow/.local/lib/python3.6/site-packages/airflow/example_dags/example_bash_operator.py took 0.033 seconds
[2021-07-12 20:48:50,411] {scheduler_job.py:182} INFO - Started process (PID=2223) to work on /home/airflow/.local/lib/python3.6/site-packages/airflow/example_dags/example_bash_operator.py
[2021-07-12 20:48:50,412] {scheduler_job.py:633} INFO - Processing file /home/airflow/.local/lib/python3.6/site-packages/airflow/example_dags/example_bash_operator.py for tasks to queue
[2021-07-12 20:48:50,412] {logging_mixin.py:104} INFO - [2021-07-12 20:48:50,412] {dagbag.py:496} INFO - Filling up the DagBag from /home/airflow/.local/lib/python3.6/site-packages/airflow/example_dags/example_bash_operator.py
[2021-07-12 20:48:50,421] {scheduler_job.py:643} INFO - DAG(s) dict_keys(['example_bash_operator']) retrieved from /home/airflow/.local/lib/python3.6/site-packages/airflow/example_dags/example_bash_operator.py
[2021-07-12 20:48:50,432] {logging_mixin.py:104} INFO - [2021-07-12 20:48:50,432] {dag.py:1833} INFO - Sync 1 DAGs
[2021-07-12 20:48:50,441] {logging_mixin.py:104} INFO - [2021-07-12 20:48:50,441] {dag.py:2306} INFO - Setting next_dagrun for example_bash_operator to 2021-07-10 00:00:00+00:00
[2021-07-12 20:48:50,447] {scheduler_job.py:190} INFO - Processing /home/airflow/.local/lib/python3.6/site-packages/airflow/example_dags/example_bash_operator.py took 0.038 seconds
[2021-07-12 20:49:21,537] {scheduler_job.py:182} INFO - Started process (PID=2285) to work on /home/airflow/.local/lib/python3.6/site-packages/airflow/example_dags/example_bash_operator.py
[2021-07-12 20:49:21,537] {scheduler_job.py:633} INFO - Processing file /home/airflow/.local/lib/python3.6/site-packages/airflow/example_dags/example_bash_operator.py for tasks to queue
[2021-07-12 20:49:21,538] {logging_mixin.py:104} INFO - [2021-07-12 20:49:21,538] {dagbag.py:496} INFO - Filling up the DagBag from /home/airflow/.local/lib/python3.6/site-packages/airflow/example_dags/example_bash_operator.py
[2021-07-12 20:49:21,545] {scheduler_job.py:643} INFO - DAG(s) dict_keys(['example_bash_operator']) retrieved from /home/airflow/.local/lib/python3.6/site-packages/airflow/example_dags/example_bash_operator.py
[2021-07-12 20:49:21,555] {logging_mixin.py:104} INFO - [2021-07-12 20:49:21,555] {dag.py:1833} INFO - Sync 1 DAGs
[2021-07-12 20:49:21,566] {logging_mixin.py:104} INFO - [2021-07-12 20:49:21,566] {dag.py:2306} INFO - Setting next_dagrun for example_bash_operator to 2021-07-10 00:00:00+00:00
[2021-07-12 20:49:21,571] {scheduler_job.py:190} INFO - Processing /home/airflow/.local/lib/python3.6/site-packages/airflow/example_dags/example_bash_operator.py took 0.035 seconds
[2021-07-12 20:49:51,841] {scheduler_job.py:182} INFO - Started process (PID=2336) to work on /home/airflow/.local/lib/python3.6/site-packages/airflow/example_dags/example_bash_operator.py
[2021-07-12 20:49:51,842] {scheduler_job.py:633} INFO - Processing file /home/airflow/.local/lib/python3.6/site-packages/airflow/example_dags/example_bash_operator.py for tasks to queue
[2021-07-12 20:49:51,842] {logging_mixin.py:104} INFO - [2021-07-12 20:49:51,842] {dagbag.py:496} INFO - Filling up the DagBag from /home/airflow/.local/lib/python3.6/site-packages/airflow/example_dags/example_bash_operator.py
[2021-07-12 20:49:51,854] {scheduler_job.py:643} INFO - DAG(s) dict_keys(['example_bash_operator']) retrieved from /home/airflow/.local/lib/python3.6/site-packages/airflow/example_dags/example_bash_operator.py
[2021-07-12 20:49:51,866] {logging_mixin.py:104} INFO - [2021-07-12 20:49:51,866] {dag.py:1833} INFO - Sync 1 DAGs
[2021-07-12 20:49:51,878] {logging_mixin.py:104} INFO - [2021-07-12 20:49:51,877] {dag.py:2306} INFO - Setting next_dagrun for example_bash_operator to 2021-07-10 00:00:00+00:00
[2021-07-12 20:49:51,883] {scheduler_job.py:190} INFO - Processing /home/airflow/.local/lib/python3.6/site-packages/airflow/example_dags/example_bash_operator.py took 0.044 seconds
[2021-07-12 20:50:22,190] {scheduler_job.py:182} INFO - Started process (PID=2397) to work on /home/airflow/.local/lib/python3.6/site-packages/airflow/example_dags/example_bash_operator.py
[2021-07-12 20:50:22,190] {scheduler_job.py:633} INFO - Processing file /home/airflow/.local/lib/python3.6/site-packages/airflow/example_dags/example_bash_operator.py for tasks to queue
[2021-07-12 20:50:22,191] {logging_mixin.py:104} INFO - [2021-07-12 20:50:22,191] {dagbag.py:496} INFO - Filling up the DagBag from /home/airflow/.local/lib/python3.6/site-packages/airflow/example_dags/example_bash_operator.py
[2021-07-12 20:50:22,202] {scheduler_job.py:643} INFO - DAG(s) dict_keys(['example_bash_operator']) retrieved from /home/airflow/.local/lib/python3.6/site-packages/airflow/example_dags/example_bash_operator.py
[2021-07-12 20:50:22,214] {logging_mixin.py:104} INFO - [2021-07-12 20:50:22,214] {dag.py:1833} INFO - Sync 1 DAGs
[2021-07-12 20:50:22,224] {logging_mixin.py:104} INFO - [2021-07-12 20:50:22,224] {dag.py:2306} INFO - Setting next_dagrun for example_bash_operator to 2021-07-10 00:00:00+00:00
[2021-07-12 20:50:22,231] {scheduler_job.py:190} INFO - Processing /home/airflow/.local/lib/python3.6/site-packages/airflow/example_dags/example_bash_operator.py took 0.043 seconds
[2021-07-12 20:50:52,420] {scheduler_job.py:182} INFO - Started process (PID=2462) to work on /home/airflow/.local/lib/python3.6/site-packages/airflow/example_dags/example_bash_operator.py
[2021-07-12 20:50:52,421] {scheduler_job.py:633} INFO - Processing file /home/airflow/.local/lib/python3.6/site-packages/airflow/example_dags/example_bash_operator.py for tasks to queue
[2021-07-12 20:50:52,421] {logging_mixin.py:104} INFO - [2021-07-12 20:50:52,421] {dagbag.py:496} INFO - Filling up the DagBag from /home/airflow/.local/lib/python3.6/site-packages/airflow/example_dags/example_bash_operator.py
[2021-07-12 20:50:52,431] {scheduler_job.py:643} INFO - DAG(s) dict_keys(['example_bash_operator']) retrieved from /home/airflow/.local/lib/python3.6/site-packages/airflow/example_dags/example_bash_operator.py
[2021-07-12 20:50:52,443] {logging_mixin.py:104} INFO - [2021-07-12 20:50:52,443] {dag.py:1833} INFO - Sync 1 DAGs
[2021-07-12 20:50:52,453] {logging_mixin.py:104} INFO - [2021-07-12 20:50:52,453] {dag.py:2306} INFO - Setting next_dagrun for example_bash_operator to 2021-07-10 00:00:00+00:00
[2021-07-12 20:50:52,458] {scheduler_job.py:190} INFO - Processing /home/airflow/.local/lib/python3.6/site-packages/airflow/example_dags/example_bash_operator.py took 0.040 seconds
[2021-07-12 20:51:22,608] {scheduler_job.py:182} INFO - Started process (PID=2523) to work on /home/airflow/.local/lib/python3.6/site-packages/airflow/example_dags/example_bash_operator.py
[2021-07-12 20:51:22,609] {scheduler_job.py:633} INFO - Processing file /home/airflow/.local/lib/python3.6/site-packages/airflow/example_dags/example_bash_operator.py for tasks to queue
[2021-07-12 20:51:22,609] {logging_mixin.py:104} INFO - [2021-07-12 20:51:22,609] {dagbag.py:496} INFO - Filling up the DagBag from /home/airflow/.local/lib/python3.6/site-packages/airflow/example_dags/example_bash_operator.py
[2021-07-12 20:51:22,617] {scheduler_job.py:643} INFO - DAG(s) dict_keys(['example_bash_operator']) retrieved from /home/airflow/.local/lib/python3.6/site-packages/airflow/example_dags/example_bash_operator.py
[2021-07-12 20:51:22,632] {logging_mixin.py:104} INFO - [2021-07-12 20:51:22,632] {dag.py:1833} INFO - Sync 1 DAGs
[2021-07-12 20:51:22,643] {logging_mixin.py:104} INFO - [2021-07-12 20:51:22,643] {dag.py:2306} INFO - Setting next_dagrun for example_bash_operator to 2021-07-10 00:00:00+00:00
[2021-07-12 20:51:22,648] {scheduler_job.py:190} INFO - Processing /home/airflow/.local/lib/python3.6/site-packages/airflow/example_dags/example_bash_operator.py took 0.042 seconds
[2021-07-12 20:51:52,981] {scheduler_job.py:182} INFO - Started process (PID=2575) to work on /home/airflow/.local/lib/python3.6/site-packages/airflow/example_dags/example_bash_operator.py
[2021-07-12 20:51:52,981] {scheduler_job.py:633} INFO - Processing file /home/airflow/.local/lib/python3.6/site-packages/airflow/example_dags/example_bash_operator.py for tasks to queue
[2021-07-12 20:51:52,982] {logging_mixin.py:104} INFO - [2021-07-12 20:51:52,982] {dagbag.py:496} INFO - Filling up the DagBag from /home/airflow/.local/lib/python3.6/site-packages/airflow/example_dags/example_bash_operator.py
[2021-07-12 20:51:52,989] {scheduler_job.py:643} INFO - DAG(s) dict_keys(['example_bash_operator']) retrieved from /home/airflow/.local/lib/python3.6/site-packages/airflow/example_dags/example_bash_operator.py
[2021-07-12 20:51:52,999] {logging_mixin.py:104} INFO - [2021-07-12 20:51:52,999] {dag.py:1833} INFO - Sync 1 DAGs
[2021-07-12 20:51:53,011] {logging_mixin.py:104} INFO - [2021-07-12 20:51:53,011] {dag.py:2306} INFO - Setting next_dagrun for example_bash_operator to 2021-07-10 00:00:00+00:00
[2021-07-12 20:51:53,016] {scheduler_job.py:190} INFO - Processing /home/airflow/.local/lib/python3.6/site-packages/airflow/example_dags/example_bash_operator.py took 0.036 seconds
[2021-07-12 20:52:23,120] {scheduler_job.py:182} INFO - Started process (PID=2637) to work on /home/airflow/.local/lib/python3.6/site-packages/airflow/example_dags/example_bash_operator.py
[2021-07-12 20:52:23,121] {scheduler_job.py:633} INFO - Processing file /home/airflow/.local/lib/python3.6/site-packages/airflow/example_dags/example_bash_operator.py for tasks to queue
[2021-07-12 20:52:23,122] {logging_mixin.py:104} INFO - [2021-07-12 20:52:23,121] {dagbag.py:496} INFO - Filling up the DagBag from /home/airflow/.local/lib/python3.6/site-packages/airflow/example_dags/example_bash_operator.py
[2021-07-12 20:52:23,129] {scheduler_job.py:643} INFO - DAG(s) dict_keys(['example_bash_operator']) retrieved from /home/airflow/.local/lib/python3.6/site-packages/airflow/example_dags/example_bash_operator.py
[2021-07-12 20:52:23,140] {logging_mixin.py:104} INFO - [2021-07-12 20:52:23,140] {dag.py:1833} INFO - Sync 1 DAGs
[2021-07-12 20:52:23,152] {logging_mixin.py:104} INFO - [2021-07-12 20:52:23,152] {dag.py:2306} INFO - Setting next_dagrun for example_bash_operator to 2021-07-10 00:00:00+00:00
[2021-07-12 20:52:23,157] {scheduler_job.py:190} INFO - Processing /home/airflow/.local/lib/python3.6/site-packages/airflow/example_dags/example_bash_operator.py took 0.038 seconds
[2021-07-12 20:52:54,284] {scheduler_job.py:182} INFO - Started process (PID=2699) to work on /home/airflow/.local/lib/python3.6/site-packages/airflow/example_dags/example_bash_operator.py
[2021-07-12 20:52:54,284] {scheduler_job.py:633} INFO - Processing file /home/airflow/.local/lib/python3.6/site-packages/airflow/example_dags/example_bash_operator.py for tasks to queue
[2021-07-12 20:52:54,285] {logging_mixin.py:104} INFO - [2021-07-12 20:52:54,285] {dagbag.py:496} INFO - Filling up the DagBag from /home/airflow/.local/lib/python3.6/site-packages/airflow/example_dags/example_bash_operator.py
[2021-07-12 20:52:54,293] {scheduler_job.py:643} INFO - DAG(s) dict_keys(['example_bash_operator']) retrieved from /home/airflow/.local/lib/python3.6/site-packages/airflow/example_dags/example_bash_operator.py
[2021-07-12 20:52:54,307] {logging_mixin.py:104} INFO - [2021-07-12 20:52:54,307] {dag.py:1833} INFO - Sync 1 DAGs
[2021-07-12 20:52:54,317] {logging_mixin.py:104} INFO - [2021-07-12 20:52:54,317] {dag.py:2306} INFO - Setting next_dagrun for example_bash_operator to 2021-07-10 00:00:00+00:00
[2021-07-12 20:52:54,323] {scheduler_job.py:190} INFO - Processing /home/airflow/.local/lib/python3.6/site-packages/airflow/example_dags/example_bash_operator.py took 0.041 seconds
[2021-07-12 20:53:24,391] {scheduler_job.py:182} INFO - Started process (PID=2760) to work on /home/airflow/.local/lib/python3.6/site-packages/airflow/example_dags/example_bash_operator.py
[2021-07-12 20:53:24,392] {scheduler_job.py:633} INFO - Processing file /home/airflow/.local/lib/python3.6/site-packages/airflow/example_dags/example_bash_operator.py for tasks to queue
[2021-07-12 20:53:24,392] {logging_mixin.py:104} INFO - [2021-07-12 20:53:24,392] {dagbag.py:496} INFO - Filling up the DagBag from /home/airflow/.local/lib/python3.6/site-packages/airflow/example_dags/example_bash_operator.py
[2021-07-12 20:53:24,400] {scheduler_job.py:643} INFO - DAG(s) dict_keys(['example_bash_operator']) retrieved from /home/airflow/.local/lib/python3.6/site-packages/airflow/example_dags/example_bash_operator.py
[2021-07-12 20:53:24,417] {logging_mixin.py:104} INFO - [2021-07-12 20:53:24,417] {dag.py:1833} INFO - Sync 1 DAGs
[2021-07-12 20:53:24,427] {logging_mixin.py:104} INFO - [2021-07-12 20:53:24,427] {dag.py:2306} INFO - Setting next_dagrun for example_bash_operator to 2021-07-10 00:00:00+00:00
[2021-07-12 20:53:24,432] {scheduler_job.py:190} INFO - Processing /home/airflow/.local/lib/python3.6/site-packages/airflow/example_dags/example_bash_operator.py took 0.042 seconds
[2021-07-12 20:53:55,492] {scheduler_job.py:182} INFO - Started process (PID=2812) to work on /home/airflow/.local/lib/python3.6/site-packages/airflow/example_dags/example_bash_operator.py
[2021-07-12 20:53:55,493] {scheduler_job.py:633} INFO - Processing file /home/airflow/.local/lib/python3.6/site-packages/airflow/example_dags/example_bash_operator.py for tasks to queue
[2021-07-12 20:53:55,493] {logging_mixin.py:104} INFO - [2021-07-12 20:53:55,493] {dagbag.py:496} INFO - Filling up the DagBag from /home/airflow/.local/lib/python3.6/site-packages/airflow/example_dags/example_bash_operator.py
[2021-07-12 20:53:55,505] {scheduler_job.py:643} INFO - DAG(s) dict_keys(['example_bash_operator']) retrieved from /home/airflow/.local/lib/python3.6/site-packages/airflow/example_dags/example_bash_operator.py
[2021-07-12 20:53:55,518] {logging_mixin.py:104} INFO - [2021-07-12 20:53:55,518] {dag.py:1833} INFO - Sync 1 DAGs
[2021-07-12 20:53:55,529] {logging_mixin.py:104} INFO - [2021-07-12 20:53:55,529] {dag.py:2306} INFO - Setting next_dagrun for example_bash_operator to 2021-07-10 00:00:00+00:00
[2021-07-12 20:53:55,535] {scheduler_job.py:190} INFO - Processing /home/airflow/.local/lib/python3.6/site-packages/airflow/example_dags/example_bash_operator.py took 0.045 seconds
[2021-07-12 20:54:25,841] {scheduler_job.py:182} INFO - Started process (PID=2873) to work on /home/airflow/.local/lib/python3.6/site-packages/airflow/example_dags/example_bash_operator.py
[2021-07-12 20:54:25,842] {scheduler_job.py:633} INFO - Processing file /home/airflow/.local/lib/python3.6/site-packages/airflow/example_dags/example_bash_operator.py for tasks to queue
[2021-07-12 20:54:25,842] {logging_mixin.py:104} INFO - [2021-07-12 20:54:25,842] {dagbag.py:496} INFO - Filling up the DagBag from /home/airflow/.local/lib/python3.6/site-packages/airflow/example_dags/example_bash_operator.py
[2021-07-12 20:54:25,854] {scheduler_job.py:643} INFO - DAG(s) dict_keys(['example_bash_operator']) retrieved from /home/airflow/.local/lib/python3.6/site-packages/airflow/example_dags/example_bash_operator.py
[2021-07-12 20:54:25,866] {logging_mixin.py:104} INFO - [2021-07-12 20:54:25,866] {dag.py:1833} INFO - Sync 1 DAGs
[2021-07-12 20:54:25,879] {logging_mixin.py:104} INFO - [2021-07-12 20:54:25,879] {dag.py:2306} INFO - Setting next_dagrun for example_bash_operator to 2021-07-10 00:00:00+00:00
[2021-07-12 20:54:25,885] {scheduler_job.py:190} INFO - Processing /home/airflow/.local/lib/python3.6/site-packages/airflow/example_dags/example_bash_operator.py took 0.047 seconds
[2021-07-12 20:54:56,118] {scheduler_job.py:182} INFO - Started process (PID=2934) to work on /home/airflow/.local/lib/python3.6/site-packages/airflow/example_dags/example_bash_operator.py
[2021-07-12 20:54:56,119] {scheduler_job.py:633} INFO - Processing file /home/airflow/.local/lib/python3.6/site-packages/airflow/example_dags/example_bash_operator.py for tasks to queue
[2021-07-12 20:54:56,119] {logging_mixin.py:104} INFO - [2021-07-12 20:54:56,119] {dagbag.py:496} INFO - Filling up the DagBag from /home/airflow/.local/lib/python3.6/site-packages/airflow/example_dags/example_bash_operator.py
[2021-07-12 20:54:56,130] {scheduler_job.py:643} INFO - DAG(s) dict_keys(['example_bash_operator']) retrieved from /home/airflow/.local/lib/python3.6/site-packages/airflow/example_dags/example_bash_operator.py
[2021-07-12 20:54:56,146] {logging_mixin.py:104} INFO - [2021-07-12 20:54:56,146] {dag.py:1833} INFO - Sync 1 DAGs
[2021-07-12 20:54:56,158] {logging_mixin.py:104} INFO - [2021-07-12 20:54:56,158] {dag.py:2306} INFO - Setting next_dagrun for example_bash_operator to 2021-07-10 00:00:00+00:00
[2021-07-12 20:54:56,165] {scheduler_job.py:190} INFO - Processing /home/airflow/.local/lib/python3.6/site-packages/airflow/example_dags/example_bash_operator.py took 0.048 seconds
[2021-07-12 20:55:26,370] {scheduler_job.py:182} INFO - Started process (PID=2985) to work on /home/airflow/.local/lib/python3.6/site-packages/airflow/example_dags/example_bash_operator.py
[2021-07-12 20:55:26,371] {scheduler_job.py:633} INFO - Processing file /home/airflow/.local/lib/python3.6/site-packages/airflow/example_dags/example_bash_operator.py for tasks to queue
[2021-07-12 20:55:26,372] {logging_mixin.py:104} INFO - [2021-07-12 20:55:26,372] {dagbag.py:496} INFO - Filling up the DagBag from /home/airflow/.local/lib/python3.6/site-packages/airflow/example_dags/example_bash_operator.py
[2021-07-12 20:55:26,381] {scheduler_job.py:643} INFO - DAG(s) dict_keys(['example_bash_operator']) retrieved from /home/airflow/.local/lib/python3.6/site-packages/airflow/example_dags/example_bash_operator.py
[2021-07-12 20:55:26,395] {logging_mixin.py:104} INFO - [2021-07-12 20:55:26,395] {dag.py:1833} INFO - Sync 1 DAGs
[2021-07-12 20:55:26,411] {logging_mixin.py:104} INFO - [2021-07-12 20:55:26,411] {dag.py:2306} INFO - Setting next_dagrun for example_bash_operator to 2021-07-10 00:00:00+00:00
[2021-07-12 20:55:26,415] {scheduler_job.py:190} INFO - Processing /home/airflow/.local/lib/python3.6/site-packages/airflow/example_dags/example_bash_operator.py took 0.048 seconds
[2021-07-12 20:55:56,709] {scheduler_job.py:182} INFO - Started process (PID=3047) to work on /home/airflow/.local/lib/python3.6/site-packages/airflow/example_dags/example_bash_operator.py
[2021-07-12 20:55:56,710] {scheduler_job.py:633} INFO - Processing file /home/airflow/.local/lib/python3.6/site-packages/airflow/example_dags/example_bash_operator.py for tasks to queue
[2021-07-12 20:55:56,711] {logging_mixin.py:104} INFO - [2021-07-12 20:55:56,711] {dagbag.py:496} INFO - Filling up the DagBag from /home/airflow/.local/lib/python3.6/site-packages/airflow/example_dags/example_bash_operator.py
[2021-07-12 20:55:56,720] {scheduler_job.py:643} INFO - DAG(s) dict_keys(['example_bash_operator']) retrieved from /home/airflow/.local/lib/python3.6/site-packages/airflow/example_dags/example_bash_operator.py
[2021-07-12 20:55:56,730] {logging_mixin.py:104} INFO - [2021-07-12 20:55:56,730] {dag.py:1833} INFO - Sync 1 DAGs
[2021-07-12 20:55:56,743] {logging_mixin.py:104} INFO - [2021-07-12 20:55:56,743] {dag.py:2306} INFO - Setting next_dagrun for example_bash_operator to 2021-07-10 00:00:00+00:00
[2021-07-12 20:55:56,747] {scheduler_job.py:190} INFO - Processing /home/airflow/.local/lib/python3.6/site-packages/airflow/example_dags/example_bash_operator.py took 0.040 seconds
[2021-07-12 20:56:26,951] {scheduler_job.py:182} INFO - Started process (PID=3111) to work on /home/airflow/.local/lib/python3.6/site-packages/airflow/example_dags/example_bash_operator.py
[2021-07-12 20:56:26,951] {scheduler_job.py:633} INFO - Processing file /home/airflow/.local/lib/python3.6/site-packages/airflow/example_dags/example_bash_operator.py for tasks to queue
[2021-07-12 20:56:26,952] {logging_mixin.py:104} INFO - [2021-07-12 20:56:26,952] {dagbag.py:496} INFO - Filling up the DagBag from /home/airflow/.local/lib/python3.6/site-packages/airflow/example_dags/example_bash_operator.py
[2021-07-12 20:56:26,959] {scheduler_job.py:643} INFO - DAG(s) dict_keys(['example_bash_operator']) retrieved from /home/airflow/.local/lib/python3.6/site-packages/airflow/example_dags/example_bash_operator.py
[2021-07-12 20:56:26,973] {logging_mixin.py:104} INFO - [2021-07-12 20:56:26,973] {dag.py:1833} INFO - Sync 1 DAGs
[2021-07-12 20:56:26,987] {logging_mixin.py:104} INFO - [2021-07-12 20:56:26,987] {dag.py:2306} INFO - Setting next_dagrun for example_bash_operator to 2021-07-10 00:00:00+00:00
[2021-07-12 20:56:26,992] {scheduler_job.py:190} INFO - Processing /home/airflow/.local/lib/python3.6/site-packages/airflow/example_dags/example_bash_operator.py took 0.044 seconds
[2021-07-12 20:56:57,376] {scheduler_job.py:182} INFO - Started process (PID=3169) to work on /home/airflow/.local/lib/python3.6/site-packages/airflow/example_dags/example_bash_operator.py
[2021-07-12 20:56:57,377] {scheduler_job.py:633} INFO - Processing file /home/airflow/.local/lib/python3.6/site-packages/airflow/example_dags/example_bash_operator.py for tasks to queue
[2021-07-12 20:56:57,377] {logging_mixin.py:104} INFO - [2021-07-12 20:56:57,377] {dagbag.py:496} INFO - Filling up the DagBag from /home/airflow/.local/lib/python3.6/site-packages/airflow/example_dags/example_bash_operator.py
[2021-07-12 20:56:57,387] {scheduler_job.py:643} INFO - DAG(s) dict_keys(['example_bash_operator']) retrieved from /home/airflow/.local/lib/python3.6/site-packages/airflow/example_dags/example_bash_operator.py
[2021-07-12 20:56:57,399] {logging_mixin.py:104} INFO - [2021-07-12 20:56:57,399] {dag.py:1833} INFO - Sync 1 DAGs
[2021-07-12 20:56:57,413] {logging_mixin.py:104} INFO - [2021-07-12 20:56:57,413] {dag.py:2306} INFO - Setting next_dagrun for example_bash_operator to 2021-07-10 00:00:00+00:00
[2021-07-12 20:56:57,418] {scheduler_job.py:190} INFO - Processing /home/airflow/.local/lib/python3.6/site-packages/airflow/example_dags/example_bash_operator.py took 0.046 seconds
[2021-07-12 20:57:27,614] {scheduler_job.py:182} INFO - Started process (PID=3223) to work on /home/airflow/.local/lib/python3.6/site-packages/airflow/example_dags/example_bash_operator.py
[2021-07-12 20:57:27,615] {scheduler_job.py:633} INFO - Processing file /home/airflow/.local/lib/python3.6/site-packages/airflow/example_dags/example_bash_operator.py for tasks to queue
[2021-07-12 20:57:27,616] {logging_mixin.py:104} INFO - [2021-07-12 20:57:27,616] {dagbag.py:496} INFO - Filling up the DagBag from /home/airflow/.local/lib/python3.6/site-packages/airflow/example_dags/example_bash_operator.py
[2021-07-12 20:57:27,625] {scheduler_job.py:643} INFO - DAG(s) dict_keys(['example_bash_operator']) retrieved from /home/airflow/.local/lib/python3.6/site-packages/airflow/example_dags/example_bash_operator.py
[2021-07-12 20:57:27,637] {logging_mixin.py:104} INFO - [2021-07-12 20:57:27,637] {dag.py:1833} INFO - Sync 1 DAGs
[2021-07-12 20:57:27,650] {logging_mixin.py:104} INFO - [2021-07-12 20:57:27,650] {dag.py:2306} INFO - Setting next_dagrun for example_bash_operator to 2021-07-10 00:00:00+00:00
[2021-07-12 20:57:27,656] {scheduler_job.py:190} INFO - Processing /home/airflow/.local/lib/python3.6/site-packages/airflow/example_dags/example_bash_operator.py took 0.043 seconds
[2021-07-12 20:57:57,858] {scheduler_job.py:182} INFO - Started process (PID=3285) to work on /home/airflow/.local/lib/python3.6/site-packages/airflow/example_dags/example_bash_operator.py
[2021-07-12 20:57:57,859] {scheduler_job.py:633} INFO - Processing file /home/airflow/.local/lib/python3.6/site-packages/airflow/example_dags/example_bash_operator.py for tasks to queue
[2021-07-12 20:57:57,859] {logging_mixin.py:104} INFO - [2021-07-12 20:57:57,859] {dagbag.py:496} INFO - Filling up the DagBag from /home/airflow/.local/lib/python3.6/site-packages/airflow/example_dags/example_bash_operator.py
[2021-07-12 20:57:57,868] {scheduler_job.py:643} INFO - DAG(s) dict_keys(['example_bash_operator']) retrieved from /home/airflow/.local/lib/python3.6/site-packages/airflow/example_dags/example_bash_operator.py
[2021-07-12 20:57:57,880] {logging_mixin.py:104} INFO - [2021-07-12 20:57:57,880] {dag.py:1833} INFO - Sync 1 DAGs
[2021-07-12 20:57:57,890] {logging_mixin.py:104} INFO - [2021-07-12 20:57:57,890] {dag.py:2306} INFO - Setting next_dagrun for example_bash_operator to 2021-07-10 00:00:00+00:00
[2021-07-12 20:57:57,894] {scheduler_job.py:190} INFO - Processing /home/airflow/.local/lib/python3.6/site-packages/airflow/example_dags/example_bash_operator.py took 0.037 seconds
[2021-07-12 20:58:28,139] {scheduler_job.py:182} INFO - Started process (PID=3346) to work on /home/airflow/.local/lib/python3.6/site-packages/airflow/example_dags/example_bash_operator.py
[2021-07-12 20:58:28,140] {scheduler_job.py:633} INFO - Processing file /home/airflow/.local/lib/python3.6/site-packages/airflow/example_dags/example_bash_operator.py for tasks to queue
[2021-07-12 20:58:28,140] {logging_mixin.py:104} INFO - [2021-07-12 20:58:28,140] {dagbag.py:496} INFO - Filling up the DagBag from /home/airflow/.local/lib/python3.6/site-packages/airflow/example_dags/example_bash_operator.py
[2021-07-12 20:58:28,148] {scheduler_job.py:643} INFO - DAG(s) dict_keys(['example_bash_operator']) retrieved from /home/airflow/.local/lib/python3.6/site-packages/airflow/example_dags/example_bash_operator.py
[2021-07-12 20:58:28,160] {logging_mixin.py:104} INFO - [2021-07-12 20:58:28,159] {dag.py:1833} INFO - Sync 1 DAGs
[2021-07-12 20:58:28,174] {logging_mixin.py:104} INFO - [2021-07-12 20:58:28,174] {dag.py:2306} INFO - Setting next_dagrun for example_bash_operator to 2021-07-10 00:00:00+00:00
[2021-07-12 20:58:28,179] {scheduler_job.py:190} INFO - Processing /home/airflow/.local/lib/python3.6/site-packages/airflow/example_dags/example_bash_operator.py took 0.041 seconds
[2021-07-12 20:58:59,293] {scheduler_job.py:182} INFO - Started process (PID=3398) to work on /home/airflow/.local/lib/python3.6/site-packages/airflow/example_dags/example_bash_operator.py
[2021-07-12 20:58:59,293] {scheduler_job.py:633} INFO - Processing file /home/airflow/.local/lib/python3.6/site-packages/airflow/example_dags/example_bash_operator.py for tasks to queue
[2021-07-12 20:58:59,293] {logging_mixin.py:104} INFO - [2021-07-12 20:58:59,293] {dagbag.py:496} INFO - Filling up the DagBag from /home/airflow/.local/lib/python3.6/site-packages/airflow/example_dags/example_bash_operator.py
[2021-07-12 20:58:59,302] {scheduler_job.py:643} INFO - DAG(s) dict_keys(['example_bash_operator']) retrieved from /home/airflow/.local/lib/python3.6/site-packages/airflow/example_dags/example_bash_operator.py
[2021-07-12 20:58:59,313] {logging_mixin.py:104} INFO - [2021-07-12 20:58:59,313] {dag.py:1833} INFO - Sync 1 DAGs
[2021-07-12 20:58:59,323] {logging_mixin.py:104} INFO - [2021-07-12 20:58:59,323] {dag.py:2306} INFO - Setting next_dagrun for example_bash_operator to 2021-07-10 00:00:00+00:00
[2021-07-12 20:58:59,328] {scheduler_job.py:190} INFO - Processing /home/airflow/.local/lib/python3.6/site-packages/airflow/example_dags/example_bash_operator.py took 0.037 seconds
[2021-07-12 20:59:29,522] {scheduler_job.py:182} INFO - Started process (PID=3459) to work on /home/airflow/.local/lib/python3.6/site-packages/airflow/example_dags/example_bash_operator.py
[2021-07-12 20:59:29,523] {scheduler_job.py:633} INFO - Processing file /home/airflow/.local/lib/python3.6/site-packages/airflow/example_dags/example_bash_operator.py for tasks to queue
[2021-07-12 20:59:29,523] {logging_mixin.py:104} INFO - [2021-07-12 20:59:29,523] {dagbag.py:496} INFO - Filling up the DagBag from /home/airflow/.local/lib/python3.6/site-packages/airflow/example_dags/example_bash_operator.py
[2021-07-12 20:59:29,532] {scheduler_job.py:643} INFO - DAG(s) dict_keys(['example_bash_operator']) retrieved from /home/airflow/.local/lib/python3.6/site-packages/airflow/example_dags/example_bash_operator.py
[2021-07-12 20:59:29,547] {logging_mixin.py:104} INFO - [2021-07-12 20:59:29,546] {dag.py:1833} INFO - Sync 1 DAGs
[2021-07-12 20:59:29,556] {logging_mixin.py:104} INFO - [2021-07-12 20:59:29,556] {dag.py:2306} INFO - Setting next_dagrun for example_bash_operator to 2021-07-10 00:00:00+00:00
[2021-07-12 20:59:29,562] {scheduler_job.py:190} INFO - Processing /home/airflow/.local/lib/python3.6/site-packages/airflow/example_dags/example_bash_operator.py took 0.041 seconds
[2021-07-12 20:59:59,750] {scheduler_job.py:182} INFO - Started process (PID=3520) to work on /home/airflow/.local/lib/python3.6/site-packages/airflow/example_dags/example_bash_operator.py
[2021-07-12 20:59:59,750] {scheduler_job.py:633} INFO - Processing file /home/airflow/.local/lib/python3.6/site-packages/airflow/example_dags/example_bash_operator.py for tasks to queue
[2021-07-12 20:59:59,751] {logging_mixin.py:104} INFO - [2021-07-12 20:59:59,750] {dagbag.py:496} INFO - Filling up the DagBag from /home/airflow/.local/lib/python3.6/site-packages/airflow/example_dags/example_bash_operator.py
[2021-07-12 20:59:59,760] {scheduler_job.py:643} INFO - DAG(s) dict_keys(['example_bash_operator']) retrieved from /home/airflow/.local/lib/python3.6/site-packages/airflow/example_dags/example_bash_operator.py
[2021-07-12 20:59:59,773] {logging_mixin.py:104} INFO - [2021-07-12 20:59:59,773] {dag.py:1833} INFO - Sync 1 DAGs
[2021-07-12 20:59:59,784] {logging_mixin.py:104} INFO - [2021-07-12 20:59:59,784] {dag.py:2306} INFO - Setting next_dagrun for example_bash_operator to 2021-07-10 00:00:00+00:00
[2021-07-12 20:59:59,791] {scheduler_job.py:190} INFO - Processing /home/airflow/.local/lib/python3.6/site-packages/airflow/example_dags/example_bash_operator.py took 0.044 seconds
[2021-07-12 21:00:30,059] {scheduler_job.py:182} INFO - Started process (PID=3573) to work on /home/airflow/.local/lib/python3.6/site-packages/airflow/example_dags/example_bash_operator.py
[2021-07-12 21:00:30,060] {scheduler_job.py:633} INFO - Processing file /home/airflow/.local/lib/python3.6/site-packages/airflow/example_dags/example_bash_operator.py for tasks to queue
[2021-07-12 21:00:30,060] {logging_mixin.py:104} INFO - [2021-07-12 21:00:30,060] {dagbag.py:496} INFO - Filling up the DagBag from /home/airflow/.local/lib/python3.6/site-packages/airflow/example_dags/example_bash_operator.py
[2021-07-12 21:00:30,072] {scheduler_job.py:643} INFO - DAG(s) dict_keys(['example_bash_operator']) retrieved from /home/airflow/.local/lib/python3.6/site-packages/airflow/example_dags/example_bash_operator.py
[2021-07-12 21:00:30,082] {logging_mixin.py:104} INFO - [2021-07-12 21:00:30,082] {dag.py:1833} INFO - Sync 1 DAGs
[2021-07-12 21:00:30,094] {logging_mixin.py:104} INFO - [2021-07-12 21:00:30,094] {dag.py:2306} INFO - Setting next_dagrun for example_bash_operator to 2021-07-10 00:00:00+00:00
[2021-07-12 21:00:30,100] {scheduler_job.py:190} INFO - Processing /home/airflow/.local/lib/python3.6/site-packages/airflow/example_dags/example_bash_operator.py took 0.043 seconds
[2021-07-12 21:01:00,371] {scheduler_job.py:182} INFO - Started process (PID=3635) to work on /home/airflow/.local/lib/python3.6/site-packages/airflow/example_dags/example_bash_operator.py
[2021-07-12 21:01:00,372] {scheduler_job.py:633} INFO - Processing file /home/airflow/.local/lib/python3.6/site-packages/airflow/example_dags/example_bash_operator.py for tasks to queue
[2021-07-12 21:01:00,372] {logging_mixin.py:104} INFO - [2021-07-12 21:01:00,372] {dagbag.py:496} INFO - Filling up the DagBag from /home/airflow/.local/lib/python3.6/site-packages/airflow/example_dags/example_bash_operator.py
[2021-07-12 21:01:00,380] {scheduler_job.py:643} INFO - DAG(s) dict_keys(['example_bash_operator']) retrieved from /home/airflow/.local/lib/python3.6/site-packages/airflow/example_dags/example_bash_operator.py
[2021-07-12 21:01:00,394] {logging_mixin.py:104} INFO - [2021-07-12 21:01:00,394] {dag.py:1833} INFO - Sync 1 DAGs
[2021-07-12 21:01:00,407] {logging_mixin.py:104} INFO - [2021-07-12 21:01:00,407] {dag.py:2306} INFO - Setting next_dagrun for example_bash_operator to 2021-07-10 00:00:00+00:00
[2021-07-12 21:01:00,414] {scheduler_job.py:190} INFO - Processing /home/airflow/.local/lib/python3.6/site-packages/airflow/example_dags/example_bash_operator.py took 0.044 seconds
[2021-07-12 21:01:30,645] {scheduler_job.py:182} INFO - Started process (PID=3696) to work on /home/airflow/.local/lib/python3.6/site-packages/airflow/example_dags/example_bash_operator.py
[2021-07-12 21:01:30,646] {scheduler_job.py:633} INFO - Processing file /home/airflow/.local/lib/python3.6/site-packages/airflow/example_dags/example_bash_operator.py for tasks to queue
[2021-07-12 21:01:30,646] {logging_mixin.py:104} INFO - [2021-07-12 21:01:30,646] {dagbag.py:496} INFO - Filling up the DagBag from /home/airflow/.local/lib/python3.6/site-packages/airflow/example_dags/example_bash_operator.py
[2021-07-12 21:01:30,656] {scheduler_job.py:643} INFO - DAG(s) dict_keys(['example_bash_operator']) retrieved from /home/airflow/.local/lib/python3.6/site-packages/airflow/example_dags/example_bash_operator.py
[2021-07-12 21:01:30,670] {logging_mixin.py:104} INFO - [2021-07-12 21:01:30,670] {dag.py:1833} INFO - Sync 1 DAGs
[2021-07-12 21:01:30,684] {logging_mixin.py:104} INFO - [2021-07-12 21:01:30,684] {dag.py:2306} INFO - Setting next_dagrun for example_bash_operator to 2021-07-10 00:00:00+00:00
[2021-07-12 21:01:30,690] {scheduler_job.py:190} INFO - Processing /home/airflow/.local/lib/python3.6/site-packages/airflow/example_dags/example_bash_operator.py took 0.046 seconds
[2021-07-12 21:02:00,947] {scheduler_job.py:182} INFO - Started process (PID=3773) to work on /home/airflow/.local/lib/python3.6/site-packages/airflow/example_dags/example_bash_operator.py
[2021-07-12 21:02:00,947] {scheduler_job.py:633} INFO - Processing file /home/airflow/.local/lib/python3.6/site-packages/airflow/example_dags/example_bash_operator.py for tasks to queue
[2021-07-12 21:02:00,948] {logging_mixin.py:104} INFO - [2021-07-12 21:02:00,948] {dagbag.py:496} INFO - Filling up the DagBag from /home/airflow/.local/lib/python3.6/site-packages/airflow/example_dags/example_bash_operator.py
[2021-07-12 21:02:00,957] {scheduler_job.py:643} INFO - DAG(s) dict_keys(['example_bash_operator']) retrieved from /home/airflow/.local/lib/python3.6/site-packages/airflow/example_dags/example_bash_operator.py
[2021-07-12 21:02:00,969] {logging_mixin.py:104} INFO - [2021-07-12 21:02:00,969] {dag.py:1833} INFO - Sync 1 DAGs
[2021-07-12 21:02:00,979] {logging_mixin.py:104} INFO - [2021-07-12 21:02:00,979] {dag.py:2306} INFO - Setting next_dagrun for example_bash_operator to 2021-07-12 00:00:00+00:00
[2021-07-12 21:02:00,984] {scheduler_job.py:190} INFO - Processing /home/airflow/.local/lib/python3.6/site-packages/airflow/example_dags/example_bash_operator.py took 0.039 seconds
[2021-07-12 21:02:31,176] {scheduler_job.py:182} INFO - Started process (PID=3827) to work on /home/airflow/.local/lib/python3.6/site-packages/airflow/example_dags/example_bash_operator.py
[2021-07-12 21:02:31,177] {scheduler_job.py:633} INFO - Processing file /home/airflow/.local/lib/python3.6/site-packages/airflow/example_dags/example_bash_operator.py for tasks to queue
[2021-07-12 21:02:31,177] {logging_mixin.py:104} INFO - [2021-07-12 21:02:31,177] {dagbag.py:496} INFO - Filling up the DagBag from /home/airflow/.local/lib/python3.6/site-packages/airflow/example_dags/example_bash_operator.py
[2021-07-12 21:02:31,186] {scheduler_job.py:643} INFO - DAG(s) dict_keys(['example_bash_operator']) retrieved from /home/airflow/.local/lib/python3.6/site-packages/airflow/example_dags/example_bash_operator.py
[2021-07-12 21:02:31,201] {logging_mixin.py:104} INFO - [2021-07-12 21:02:31,201] {dag.py:1833} INFO - Sync 1 DAGs
[2021-07-12 21:02:31,213] {logging_mixin.py:104} INFO - [2021-07-12 21:02:31,213] {dag.py:2306} INFO - Setting next_dagrun for example_bash_operator to 2021-07-12 00:00:00+00:00
[2021-07-12 21:02:31,220] {scheduler_job.py:190} INFO - Processing /home/airflow/.local/lib/python3.6/site-packages/airflow/example_dags/example_bash_operator.py took 0.047 seconds
[2021-07-12 21:03:01,499] {scheduler_job.py:182} INFO - Started process (PID=3888) to work on /home/airflow/.local/lib/python3.6/site-packages/airflow/example_dags/example_bash_operator.py
[2021-07-12 21:03:01,500] {scheduler_job.py:633} INFO - Processing file /home/airflow/.local/lib/python3.6/site-packages/airflow/example_dags/example_bash_operator.py for tasks to queue
[2021-07-12 21:03:01,500] {logging_mixin.py:104} INFO - [2021-07-12 21:03:01,500] {dagbag.py:496} INFO - Filling up the DagBag from /home/airflow/.local/lib/python3.6/site-packages/airflow/example_dags/example_bash_operator.py
[2021-07-12 21:03:01,508] {scheduler_job.py:643} INFO - DAG(s) dict_keys(['example_bash_operator']) retrieved from /home/airflow/.local/lib/python3.6/site-packages/airflow/example_dags/example_bash_operator.py
[2021-07-12 21:03:01,521] {logging_mixin.py:104} INFO - [2021-07-12 21:03:01,521] {dag.py:1833} INFO - Sync 1 DAGs
[2021-07-12 21:03:01,529] {logging_mixin.py:104} INFO - [2021-07-12 21:03:01,529] {dag.py:2306} INFO - Setting next_dagrun for example_bash_operator to 2021-07-12 00:00:00+00:00
[2021-07-12 21:03:01,534] {scheduler_job.py:190} INFO - Processing /home/airflow/.local/lib/python3.6/site-packages/airflow/example_dags/example_bash_operator.py took 0.036 seconds
[2021-07-12 21:03:31,752] {scheduler_job.py:182} INFO - Started process (PID=3950) to work on /home/airflow/.local/lib/python3.6/site-packages/airflow/example_dags/example_bash_operator.py
[2021-07-12 21:03:31,753] {scheduler_job.py:633} INFO - Processing file /home/airflow/.local/lib/python3.6/site-packages/airflow/example_dags/example_bash_operator.py for tasks to queue
[2021-07-12 21:03:31,753] {logging_mixin.py:104} INFO - [2021-07-12 21:03:31,753] {dagbag.py:496} INFO - Filling up the DagBag from /home/airflow/.local/lib/python3.6/site-packages/airflow/example_dags/example_bash_operator.py
[2021-07-12 21:03:31,761] {scheduler_job.py:643} INFO - DAG(s) dict_keys(['example_bash_operator']) retrieved from /home/airflow/.local/lib/python3.6/site-packages/airflow/example_dags/example_bash_operator.py
[2021-07-12 21:03:31,773] {logging_mixin.py:104} INFO - [2021-07-12 21:03:31,772] {dag.py:1833} INFO - Sync 1 DAGs
[2021-07-12 21:03:31,783] {logging_mixin.py:104} INFO - [2021-07-12 21:03:31,783] {dag.py:2306} INFO - Setting next_dagrun for example_bash_operator to 2021-07-12 00:00:00+00:00
[2021-07-12 21:03:31,788] {scheduler_job.py:190} INFO - Processing /home/airflow/.local/lib/python3.6/site-packages/airflow/example_dags/example_bash_operator.py took 0.037 seconds
[2021-07-12 21:04:01,966] {scheduler_job.py:182} INFO - Started process (PID=4002) to work on /home/airflow/.local/lib/python3.6/site-packages/airflow/example_dags/example_bash_operator.py
[2021-07-12 21:04:01,966] {scheduler_job.py:633} INFO - Processing file /home/airflow/.local/lib/python3.6/site-packages/airflow/example_dags/example_bash_operator.py for tasks to queue
[2021-07-12 21:04:01,967] {logging_mixin.py:104} INFO - [2021-07-12 21:04:01,967] {dagbag.py:496} INFO - Filling up the DagBag from /home/airflow/.local/lib/python3.6/site-packages/airflow/example_dags/example_bash_operator.py
[2021-07-12 21:04:01,976] {scheduler_job.py:643} INFO - DAG(s) dict_keys(['example_bash_operator']) retrieved from /home/airflow/.local/lib/python3.6/site-packages/airflow/example_dags/example_bash_operator.py
[2021-07-12 21:04:01,989] {logging_mixin.py:104} INFO - [2021-07-12 21:04:01,988] {dag.py:1833} INFO - Sync 1 DAGs
[2021-07-12 21:04:02,000] {logging_mixin.py:104} INFO - [2021-07-12 21:04:02,000] {dag.py:2306} INFO - Setting next_dagrun for example_bash_operator to 2021-07-12 00:00:00+00:00
[2021-07-12 21:04:02,007] {scheduler_job.py:190} INFO - Processing /home/airflow/.local/lib/python3.6/site-packages/airflow/example_dags/example_bash_operator.py took 0.043 seconds
[2021-07-12 21:04:32,122] {scheduler_job.py:182} INFO - Started process (PID=4063) to work on /home/airflow/.local/lib/python3.6/site-packages/airflow/example_dags/example_bash_operator.py
[2021-07-12 21:04:32,122] {scheduler_job.py:633} INFO - Processing file /home/airflow/.local/lib/python3.6/site-packages/airflow/example_dags/example_bash_operator.py for tasks to queue
[2021-07-12 21:04:32,123] {logging_mixin.py:104} INFO - [2021-07-12 21:04:32,123] {dagbag.py:496} INFO - Filling up the DagBag from /home/airflow/.local/lib/python3.6/site-packages/airflow/example_dags/example_bash_operator.py
[2021-07-12 21:04:32,130] {scheduler_job.py:643} INFO - DAG(s) dict_keys(['example_bash_operator']) retrieved from /home/airflow/.local/lib/python3.6/site-packages/airflow/example_dags/example_bash_operator.py
[2021-07-12 21:04:32,145] {logging_mixin.py:104} INFO - [2021-07-12 21:04:32,145] {dag.py:1833} INFO - Sync 1 DAGs
[2021-07-12 21:04:32,154] {logging_mixin.py:104} INFO - [2021-07-12 21:04:32,154] {dag.py:2306} INFO - Setting next_dagrun for example_bash_operator to 2021-07-12 00:00:00+00:00
[2021-07-12 21:04:32,159] {scheduler_job.py:190} INFO - Processing /home/airflow/.local/lib/python3.6/site-packages/airflow/example_dags/example_bash_operator.py took 0.038 seconds
[2021-07-12 21:05:02,503] {scheduler_job.py:182} INFO - Started process (PID=4125) to work on /home/airflow/.local/lib/python3.6/site-packages/airflow/example_dags/example_bash_operator.py
[2021-07-12 21:05:02,504] {scheduler_job.py:633} INFO - Processing file /home/airflow/.local/lib/python3.6/site-packages/airflow/example_dags/example_bash_operator.py for tasks to queue
[2021-07-12 21:05:02,504] {logging_mixin.py:104} INFO - [2021-07-12 21:05:02,504] {dagbag.py:496} INFO - Filling up the DagBag from /home/airflow/.local/lib/python3.6/site-packages/airflow/example_dags/example_bash_operator.py
[2021-07-12 21:05:02,514] {scheduler_job.py:643} INFO - DAG(s) dict_keys(['example_bash_operator']) retrieved from /home/airflow/.local/lib/python3.6/site-packages/airflow/example_dags/example_bash_operator.py
[2021-07-12 21:05:02,525] {logging_mixin.py:104} INFO - [2021-07-12 21:05:02,524] {dag.py:1833} INFO - Sync 1 DAGs
[2021-07-12 21:05:02,533] {logging_mixin.py:104} INFO - [2021-07-12 21:05:02,533] {dag.py:2306} INFO - Setting next_dagrun for example_bash_operator to 2021-07-12 00:00:00+00:00
[2021-07-12 21:05:02,539] {scheduler_job.py:190} INFO - Processing /home/airflow/.local/lib/python3.6/site-packages/airflow/example_dags/example_bash_operator.py took 0.040 seconds
[2021-07-12 21:05:32,804] {scheduler_job.py:182} INFO - Started process (PID=4186) to work on /home/airflow/.local/lib/python3.6/site-packages/airflow/example_dags/example_bash_operator.py
[2021-07-12 21:05:32,805] {scheduler_job.py:633} INFO - Processing file /home/airflow/.local/lib/python3.6/site-packages/airflow/example_dags/example_bash_operator.py for tasks to queue
[2021-07-12 21:05:32,805] {logging_mixin.py:104} INFO - [2021-07-12 21:05:32,805] {dagbag.py:496} INFO - Filling up the DagBag from /home/airflow/.local/lib/python3.6/site-packages/airflow/example_dags/example_bash_operator.py
[2021-07-12 21:05:32,817] {scheduler_job.py:643} INFO - DAG(s) dict_keys(['example_bash_operator']) retrieved from /home/airflow/.local/lib/python3.6/site-packages/airflow/example_dags/example_bash_operator.py
[2021-07-12 21:05:32,830] {logging_mixin.py:104} INFO - [2021-07-12 21:05:32,830] {dag.py:1833} INFO - Sync 1 DAGs
[2021-07-12 21:05:32,842] {logging_mixin.py:104} INFO - [2021-07-12 21:05:32,842] {dag.py:2306} INFO - Setting next_dagrun for example_bash_operator to 2021-07-12 00:00:00+00:00
[2021-07-12 21:05:32,848] {scheduler_job.py:190} INFO - Processing /home/airflow/.local/lib/python3.6/site-packages/airflow/example_dags/example_bash_operator.py took 0.047 seconds
[2021-07-12 21:06:03,089] {scheduler_job.py:182} INFO - Started process (PID=4238) to work on /home/airflow/.local/lib/python3.6/site-packages/airflow/example_dags/example_bash_operator.py
[2021-07-12 21:06:03,089] {scheduler_job.py:633} INFO - Processing file /home/airflow/.local/lib/python3.6/site-packages/airflow/example_dags/example_bash_operator.py for tasks to queue
[2021-07-12 21:06:03,090] {logging_mixin.py:104} INFO - [2021-07-12 21:06:03,090] {dagbag.py:496} INFO - Filling up the DagBag from /home/airflow/.local/lib/python3.6/site-packages/airflow/example_dags/example_bash_operator.py
[2021-07-12 21:06:03,097] {scheduler_job.py:643} INFO - DAG(s) dict_keys(['example_bash_operator']) retrieved from /home/airflow/.local/lib/python3.6/site-packages/airflow/example_dags/example_bash_operator.py
[2021-07-12 21:06:03,112] {logging_mixin.py:104} INFO - [2021-07-12 21:06:03,112] {dag.py:1833} INFO - Sync 1 DAGs
[2021-07-12 21:06:03,122] {logging_mixin.py:104} INFO - [2021-07-12 21:06:03,122] {dag.py:2306} INFO - Setting next_dagrun for example_bash_operator to 2021-07-12 00:00:00+00:00
[2021-07-12 21:06:03,127] {scheduler_job.py:190} INFO - Processing /home/airflow/.local/lib/python3.6/site-packages/airflow/example_dags/example_bash_operator.py took 0.039 seconds
[2021-07-12 21:06:33,299] {scheduler_job.py:182} INFO - Started process (PID=4300) to work on /home/airflow/.local/lib/python3.6/site-packages/airflow/example_dags/example_bash_operator.py
[2021-07-12 21:06:33,300] {scheduler_job.py:633} INFO - Processing file /home/airflow/.local/lib/python3.6/site-packages/airflow/example_dags/example_bash_operator.py for tasks to queue
[2021-07-12 21:06:33,300] {logging_mixin.py:104} INFO - [2021-07-12 21:06:33,300] {dagbag.py:496} INFO - Filling up the DagBag from /home/airflow/.local/lib/python3.6/site-packages/airflow/example_dags/example_bash_operator.py
[2021-07-12 21:06:33,312] {scheduler_job.py:643} INFO - DAG(s) dict_keys(['example_bash_operator']) retrieved from /home/airflow/.local/lib/python3.6/site-packages/airflow/example_dags/example_bash_operator.py
[2021-07-12 21:06:33,323] {logging_mixin.py:104} INFO - [2021-07-12 21:06:33,323] {dag.py:1833} INFO - Sync 1 DAGs
[2021-07-12 21:06:33,336] {logging_mixin.py:104} INFO - [2021-07-12 21:06:33,336] {dag.py:2306} INFO - Setting next_dagrun for example_bash_operator to 2021-07-12 00:00:00+00:00
[2021-07-12 21:06:33,342] {scheduler_job.py:190} INFO - Processing /home/airflow/.local/lib/python3.6/site-packages/airflow/example_dags/example_bash_operator.py took 0.045 seconds
[2021-07-12 21:07:03,704] {scheduler_job.py:182} INFO - Started process (PID=4362) to work on /home/airflow/.local/lib/python3.6/site-packages/airflow/example_dags/example_bash_operator.py
[2021-07-12 21:07:03,705] {scheduler_job.py:633} INFO - Processing file /home/airflow/.local/lib/python3.6/site-packages/airflow/example_dags/example_bash_operator.py for tasks to queue
[2021-07-12 21:07:03,705] {logging_mixin.py:104} INFO - [2021-07-12 21:07:03,705] {dagbag.py:496} INFO - Filling up the DagBag from /home/airflow/.local/lib/python3.6/site-packages/airflow/example_dags/example_bash_operator.py
[2021-07-12 21:07:03,714] {scheduler_job.py:643} INFO - DAG(s) dict_keys(['example_bash_operator']) retrieved from /home/airflow/.local/lib/python3.6/site-packages/airflow/example_dags/example_bash_operator.py
[2021-07-12 21:07:03,727] {logging_mixin.py:104} INFO - [2021-07-12 21:07:03,726] {dag.py:1833} INFO - Sync 1 DAGs
[2021-07-12 21:07:03,740] {logging_mixin.py:104} INFO - [2021-07-12 21:07:03,740] {dag.py:2306} INFO - Setting next_dagrun for example_bash_operator to 2021-07-12 00:00:00+00:00
[2021-07-12 21:07:03,748] {scheduler_job.py:190} INFO - Processing /home/airflow/.local/lib/python3.6/site-packages/airflow/example_dags/example_bash_operator.py took 0.046 seconds
[2021-07-12 21:07:33,989] {scheduler_job.py:182} INFO - Started process (PID=4412) to work on /home/airflow/.local/lib/python3.6/site-packages/airflow/example_dags/example_bash_operator.py
[2021-07-12 21:07:33,990] {scheduler_job.py:633} INFO - Processing file /home/airflow/.local/lib/python3.6/site-packages/airflow/example_dags/example_bash_operator.py for tasks to queue
[2021-07-12 21:07:33,990] {logging_mixin.py:104} INFO - [2021-07-12 21:07:33,990] {dagbag.py:496} INFO - Filling up the DagBag from /home/airflow/.local/lib/python3.6/site-packages/airflow/example_dags/example_bash_operator.py
[2021-07-12 21:07:34,001] {scheduler_job.py:643} INFO - DAG(s) dict_keys(['example_bash_operator']) retrieved from /home/airflow/.local/lib/python3.6/site-packages/airflow/example_dags/example_bash_operator.py
[2021-07-12 21:07:34,015] {logging_mixin.py:104} INFO - [2021-07-12 21:07:34,015] {dag.py:1833} INFO - Sync 1 DAGs
[2021-07-12 21:07:34,028] {logging_mixin.py:104} INFO - [2021-07-12 21:07:34,028] {dag.py:2306} INFO - Setting next_dagrun for example_bash_operator to 2021-07-12 00:00:00+00:00
[2021-07-12 21:07:34,037] {scheduler_job.py:190} INFO - Processing /home/airflow/.local/lib/python3.6/site-packages/airflow/example_dags/example_bash_operator.py took 0.050 seconds
[2021-07-12 21:08:04,330] {scheduler_job.py:182} INFO - Started process (PID=4476) to work on /home/airflow/.local/lib/python3.6/site-packages/airflow/example_dags/example_bash_operator.py
[2021-07-12 21:08:04,331] {scheduler_job.py:633} INFO - Processing file /home/airflow/.local/lib/python3.6/site-packages/airflow/example_dags/example_bash_operator.py for tasks to queue
[2021-07-12 21:08:04,331] {logging_mixin.py:104} INFO - [2021-07-12 21:08:04,331] {dagbag.py:496} INFO - Filling up the DagBag from /home/airflow/.local/lib/python3.6/site-packages/airflow/example_dags/example_bash_operator.py
[2021-07-12 21:08:04,343] {scheduler_job.py:643} INFO - DAG(s) dict_keys(['example_bash_operator']) retrieved from /home/airflow/.local/lib/python3.6/site-packages/airflow/example_dags/example_bash_operator.py
[2021-07-12 21:08:04,357] {logging_mixin.py:104} INFO - [2021-07-12 21:08:04,357] {dag.py:1833} INFO - Sync 1 DAGs
[2021-07-12 21:08:04,366] {logging_mixin.py:104} INFO - [2021-07-12 21:08:04,366] {dag.py:2306} INFO - Setting next_dagrun for example_bash_operator to 2021-07-12 00:00:00+00:00
[2021-07-12 21:08:04,373] {scheduler_job.py:190} INFO - Processing /home/airflow/.local/lib/python3.6/site-packages/airflow/example_dags/example_bash_operator.py took 0.046 seconds
[2021-07-12 21:08:34,541] {scheduler_job.py:182} INFO - Started process (PID=4538) to work on /home/airflow/.local/lib/python3.6/site-packages/airflow/example_dags/example_bash_operator.py
[2021-07-12 21:08:34,541] {scheduler_job.py:633} INFO - Processing file /home/airflow/.local/lib/python3.6/site-packages/airflow/example_dags/example_bash_operator.py for tasks to queue
[2021-07-12 21:08:34,541] {logging_mixin.py:104} INFO - [2021-07-12 21:08:34,541] {dagbag.py:496} INFO - Filling up the DagBag from /home/airflow/.local/lib/python3.6/site-packages/airflow/example_dags/example_bash_operator.py
[2021-07-12 21:08:34,550] {scheduler_job.py:643} INFO - DAG(s) dict_keys(['example_bash_operator']) retrieved from /home/airflow/.local/lib/python3.6/site-packages/airflow/example_dags/example_bash_operator.py
[2021-07-12 21:08:34,564] {logging_mixin.py:104} INFO - [2021-07-12 21:08:34,564] {dag.py:1833} INFO - Sync 1 DAGs
[2021-07-12 21:08:34,577] {logging_mixin.py:104} INFO - [2021-07-12 21:08:34,577] {dag.py:2306} INFO - Setting next_dagrun for example_bash_operator to 2021-07-12 00:00:00+00:00
[2021-07-12 21:08:34,583] {scheduler_job.py:190} INFO - Processing /home/airflow/.local/lib/python3.6/site-packages/airflow/example_dags/example_bash_operator.py took 0.044 seconds
