[2021-07-12 20:30:02,629] {scheduler_job.py:182} INFO - Started process (PID=26) to work on /home/airflow/.local/lib/python3.6/site-packages/airflow/example_dags/example_branch_labels.py
[2021-07-12 20:30:02,630] {scheduler_job.py:633} INFO - Processing file /home/airflow/.local/lib/python3.6/site-packages/airflow/example_dags/example_branch_labels.py for tasks to queue
[2021-07-12 20:30:02,630] {logging_mixin.py:104} INFO - [2021-07-12 20:30:02,630] {dagbag.py:496} INFO - Filling up the DagBag from /home/airflow/.local/lib/python3.6/site-packages/airflow/example_dags/example_branch_labels.py
[2021-07-12 20:30:02,647] {scheduler_job.py:643} INFO - DAG(s) dict_keys(['example_branch_labels']) retrieved from /home/airflow/.local/lib/python3.6/site-packages/airflow/example_dags/example_branch_labels.py
[2021-07-12 20:30:03,015] {logging_mixin.py:104} INFO - [2021-07-12 20:30:03,014] {dag.py:1833} INFO - Sync 1 DAGs
[2021-07-12 20:30:03,029] {logging_mixin.py:104} INFO - [2021-07-12 20:30:03,029] {dag.py:2306} INFO - Setting next_dagrun for example_branch_labels to 2021-07-10 00:00:00+00:00
[2021-07-12 20:30:03,036] {scheduler_job.py:190} INFO - Processing /home/airflow/.local/lib/python3.6/site-packages/airflow/example_dags/example_branch_labels.py took 0.409 seconds
[2021-07-12 20:30:33,155] {scheduler_job.py:182} INFO - Started process (PID=88) to work on /home/airflow/.local/lib/python3.6/site-packages/airflow/example_dags/example_branch_labels.py
[2021-07-12 20:30:33,160] {scheduler_job.py:633} INFO - Processing file /home/airflow/.local/lib/python3.6/site-packages/airflow/example_dags/example_branch_labels.py for tasks to queue
[2021-07-12 20:30:33,161] {logging_mixin.py:104} INFO - [2021-07-12 20:30:33,160] {dagbag.py:496} INFO - Filling up the DagBag from /home/airflow/.local/lib/python3.6/site-packages/airflow/example_dags/example_branch_labels.py
[2021-07-12 20:30:33,181] {scheduler_job.py:643} INFO - DAG(s) dict_keys(['example_branch_labels']) retrieved from /home/airflow/.local/lib/python3.6/site-packages/airflow/example_dags/example_branch_labels.py
[2021-07-12 20:30:33,197] {logging_mixin.py:104} INFO - [2021-07-12 20:30:33,197] {dag.py:1833} INFO - Sync 1 DAGs
[2021-07-12 20:30:33,212] {logging_mixin.py:104} INFO - [2021-07-12 20:30:33,212] {dag.py:2306} INFO - Setting next_dagrun for example_branch_labels to 2021-07-10 00:00:00+00:00
[2021-07-12 20:30:33,221] {scheduler_job.py:190} INFO - Processing /home/airflow/.local/lib/python3.6/site-packages/airflow/example_dags/example_branch_labels.py took 0.068 seconds
[2021-07-12 20:31:03,389] {scheduler_job.py:182} INFO - Started process (PID=140) to work on /home/airflow/.local/lib/python3.6/site-packages/airflow/example_dags/example_branch_labels.py
[2021-07-12 20:31:03,389] {scheduler_job.py:633} INFO - Processing file /home/airflow/.local/lib/python3.6/site-packages/airflow/example_dags/example_branch_labels.py for tasks to queue
[2021-07-12 20:31:03,390] {logging_mixin.py:104} INFO - [2021-07-12 20:31:03,389] {dagbag.py:496} INFO - Filling up the DagBag from /home/airflow/.local/lib/python3.6/site-packages/airflow/example_dags/example_branch_labels.py
[2021-07-12 20:31:03,398] {scheduler_job.py:643} INFO - DAG(s) dict_keys(['example_branch_labels']) retrieved from /home/airflow/.local/lib/python3.6/site-packages/airflow/example_dags/example_branch_labels.py
[2021-07-12 20:31:03,412] {logging_mixin.py:104} INFO - [2021-07-12 20:31:03,412] {dag.py:1833} INFO - Sync 1 DAGs
[2021-07-12 20:31:03,423] {logging_mixin.py:104} INFO - [2021-07-12 20:31:03,423] {dag.py:2306} INFO - Setting next_dagrun for example_branch_labels to 2021-07-10 00:00:00+00:00
[2021-07-12 20:31:03,467] {scheduler_job.py:190} INFO - Processing /home/airflow/.local/lib/python3.6/site-packages/airflow/example_dags/example_branch_labels.py took 0.080 seconds
[2021-07-12 20:31:33,762] {scheduler_job.py:182} INFO - Started process (PID=203) to work on /home/airflow/.local/lib/python3.6/site-packages/airflow/example_dags/example_branch_labels.py
[2021-07-12 20:31:33,762] {scheduler_job.py:633} INFO - Processing file /home/airflow/.local/lib/python3.6/site-packages/airflow/example_dags/example_branch_labels.py for tasks to queue
[2021-07-12 20:31:33,763] {logging_mixin.py:104} INFO - [2021-07-12 20:31:33,763] {dagbag.py:496} INFO - Filling up the DagBag from /home/airflow/.local/lib/python3.6/site-packages/airflow/example_dags/example_branch_labels.py
[2021-07-12 20:31:33,769] {scheduler_job.py:643} INFO - DAG(s) dict_keys(['example_branch_labels']) retrieved from /home/airflow/.local/lib/python3.6/site-packages/airflow/example_dags/example_branch_labels.py
[2021-07-12 20:31:33,785] {logging_mixin.py:104} INFO - [2021-07-12 20:31:33,785] {dag.py:1833} INFO - Sync 1 DAGs
[2021-07-12 20:31:33,799] {logging_mixin.py:104} INFO - [2021-07-12 20:31:33,798] {dag.py:2306} INFO - Setting next_dagrun for example_branch_labels to 2021-07-10 00:00:00+00:00
[2021-07-12 20:31:33,810] {scheduler_job.py:190} INFO - Processing /home/airflow/.local/lib/python3.6/site-packages/airflow/example_dags/example_branch_labels.py took 0.051 seconds
[2021-07-12 20:32:03,871] {scheduler_job.py:182} INFO - Started process (PID=264) to work on /home/airflow/.local/lib/python3.6/site-packages/airflow/example_dags/example_branch_labels.py
[2021-07-12 20:32:03,872] {scheduler_job.py:633} INFO - Processing file /home/airflow/.local/lib/python3.6/site-packages/airflow/example_dags/example_branch_labels.py for tasks to queue
[2021-07-12 20:32:03,873] {logging_mixin.py:104} INFO - [2021-07-12 20:32:03,872] {dagbag.py:496} INFO - Filling up the DagBag from /home/airflow/.local/lib/python3.6/site-packages/airflow/example_dags/example_branch_labels.py
[2021-07-12 20:32:03,881] {scheduler_job.py:643} INFO - DAG(s) dict_keys(['example_branch_labels']) retrieved from /home/airflow/.local/lib/python3.6/site-packages/airflow/example_dags/example_branch_labels.py
[2021-07-12 20:32:03,893] {logging_mixin.py:104} INFO - [2021-07-12 20:32:03,892] {dag.py:1833} INFO - Sync 1 DAGs
[2021-07-12 20:32:03,903] {logging_mixin.py:104} INFO - [2021-07-12 20:32:03,903] {dag.py:2306} INFO - Setting next_dagrun for example_branch_labels to 2021-07-10 00:00:00+00:00
[2021-07-12 20:32:03,947] {scheduler_job.py:190} INFO - Processing /home/airflow/.local/lib/python3.6/site-packages/airflow/example_dags/example_branch_labels.py took 0.079 seconds
[2021-07-12 20:32:34,890] {scheduler_job.py:182} INFO - Started process (PID=325) to work on /home/airflow/.local/lib/python3.6/site-packages/airflow/example_dags/example_branch_labels.py
[2021-07-12 20:32:34,890] {scheduler_job.py:633} INFO - Processing file /home/airflow/.local/lib/python3.6/site-packages/airflow/example_dags/example_branch_labels.py for tasks to queue
[2021-07-12 20:32:34,890] {logging_mixin.py:104} INFO - [2021-07-12 20:32:34,890] {dagbag.py:496} INFO - Filling up the DagBag from /home/airflow/.local/lib/python3.6/site-packages/airflow/example_dags/example_branch_labels.py
[2021-07-12 20:32:34,896] {scheduler_job.py:643} INFO - DAG(s) dict_keys(['example_branch_labels']) retrieved from /home/airflow/.local/lib/python3.6/site-packages/airflow/example_dags/example_branch_labels.py
[2021-07-12 20:32:34,910] {logging_mixin.py:104} INFO - [2021-07-12 20:32:34,910] {dag.py:1833} INFO - Sync 1 DAGs
[2021-07-12 20:32:34,920] {logging_mixin.py:104} INFO - [2021-07-12 20:32:34,920] {dag.py:2306} INFO - Setting next_dagrun for example_branch_labels to 2021-07-10 00:00:00+00:00
[2021-07-12 20:32:34,963] {scheduler_job.py:190} INFO - Processing /home/airflow/.local/lib/python3.6/site-packages/airflow/example_dags/example_branch_labels.py took 0.074 seconds
[2021-07-12 20:33:05,235] {scheduler_job.py:182} INFO - Started process (PID=376) to work on /home/airflow/.local/lib/python3.6/site-packages/airflow/example_dags/example_branch_labels.py
[2021-07-12 20:33:05,236] {scheduler_job.py:633} INFO - Processing file /home/airflow/.local/lib/python3.6/site-packages/airflow/example_dags/example_branch_labels.py for tasks to queue
[2021-07-12 20:33:05,236] {logging_mixin.py:104} INFO - [2021-07-12 20:33:05,236] {dagbag.py:496} INFO - Filling up the DagBag from /home/airflow/.local/lib/python3.6/site-packages/airflow/example_dags/example_branch_labels.py
[2021-07-12 20:33:05,244] {scheduler_job.py:643} INFO - DAG(s) dict_keys(['example_branch_labels']) retrieved from /home/airflow/.local/lib/python3.6/site-packages/airflow/example_dags/example_branch_labels.py
[2021-07-12 20:33:05,255] {logging_mixin.py:104} INFO - [2021-07-12 20:33:05,255] {dag.py:1833} INFO - Sync 1 DAGs
[2021-07-12 20:33:05,267] {logging_mixin.py:104} INFO - [2021-07-12 20:33:05,267] {dag.py:2306} INFO - Setting next_dagrun for example_branch_labels to 2021-07-10 00:00:00+00:00
[2021-07-12 20:33:05,312] {scheduler_job.py:190} INFO - Processing /home/airflow/.local/lib/python3.6/site-packages/airflow/example_dags/example_branch_labels.py took 0.080 seconds
[2021-07-12 20:33:35,334] {scheduler_job.py:182} INFO - Started process (PID=436) to work on /home/airflow/.local/lib/python3.6/site-packages/airflow/example_dags/example_branch_labels.py
[2021-07-12 20:33:35,334] {scheduler_job.py:633} INFO - Processing file /home/airflow/.local/lib/python3.6/site-packages/airflow/example_dags/example_branch_labels.py for tasks to queue
[2021-07-12 20:33:35,334] {logging_mixin.py:104} INFO - [2021-07-12 20:33:35,334] {dagbag.py:496} INFO - Filling up the DagBag from /home/airflow/.local/lib/python3.6/site-packages/airflow/example_dags/example_branch_labels.py
[2021-07-12 20:33:35,341] {scheduler_job.py:643} INFO - DAG(s) dict_keys(['example_branch_labels']) retrieved from /home/airflow/.local/lib/python3.6/site-packages/airflow/example_dags/example_branch_labels.py
[2021-07-12 20:33:35,352] {logging_mixin.py:104} INFO - [2021-07-12 20:33:35,352] {dag.py:1833} INFO - Sync 1 DAGs
[2021-07-12 20:33:35,362] {logging_mixin.py:104} INFO - [2021-07-12 20:33:35,362] {dag.py:2306} INFO - Setting next_dagrun for example_branch_labels to 2021-07-10 00:00:00+00:00
[2021-07-12 20:33:35,405] {scheduler_job.py:190} INFO - Processing /home/airflow/.local/lib/python3.6/site-packages/airflow/example_dags/example_branch_labels.py took 0.072 seconds
[2021-07-12 20:34:05,746] {scheduler_job.py:182} INFO - Started process (PID=498) to work on /home/airflow/.local/lib/python3.6/site-packages/airflow/example_dags/example_branch_labels.py
[2021-07-12 20:34:05,746] {scheduler_job.py:633} INFO - Processing file /home/airflow/.local/lib/python3.6/site-packages/airflow/example_dags/example_branch_labels.py for tasks to queue
[2021-07-12 20:34:05,747] {logging_mixin.py:104} INFO - [2021-07-12 20:34:05,746] {dagbag.py:496} INFO - Filling up the DagBag from /home/airflow/.local/lib/python3.6/site-packages/airflow/example_dags/example_branch_labels.py
[2021-07-12 20:34:05,755] {scheduler_job.py:643} INFO - DAG(s) dict_keys(['example_branch_labels']) retrieved from /home/airflow/.local/lib/python3.6/site-packages/airflow/example_dags/example_branch_labels.py
[2021-07-12 20:34:05,771] {logging_mixin.py:104} INFO - [2021-07-12 20:34:05,771] {dag.py:1833} INFO - Sync 1 DAGs
[2021-07-12 20:34:05,785] {logging_mixin.py:104} INFO - [2021-07-12 20:34:05,785] {dag.py:2306} INFO - Setting next_dagrun for example_branch_labels to 2021-07-10 00:00:00+00:00
[2021-07-12 20:34:05,790] {scheduler_job.py:190} INFO - Processing /home/airflow/.local/lib/python3.6/site-packages/airflow/example_dags/example_branch_labels.py took 0.046 seconds
[2021-07-12 20:34:35,819] {scheduler_job.py:182} INFO - Started process (PID=550) to work on /home/airflow/.local/lib/python3.6/site-packages/airflow/example_dags/example_branch_labels.py
[2021-07-12 20:34:35,820] {scheduler_job.py:633} INFO - Processing file /home/airflow/.local/lib/python3.6/site-packages/airflow/example_dags/example_branch_labels.py for tasks to queue
[2021-07-12 20:34:35,820] {logging_mixin.py:104} INFO - [2021-07-12 20:34:35,820] {dagbag.py:496} INFO - Filling up the DagBag from /home/airflow/.local/lib/python3.6/site-packages/airflow/example_dags/example_branch_labels.py
[2021-07-12 20:34:35,827] {scheduler_job.py:643} INFO - DAG(s) dict_keys(['example_branch_labels']) retrieved from /home/airflow/.local/lib/python3.6/site-packages/airflow/example_dags/example_branch_labels.py
[2021-07-12 20:34:35,840] {logging_mixin.py:104} INFO - [2021-07-12 20:34:35,840] {dag.py:1833} INFO - Sync 1 DAGs
[2021-07-12 20:34:35,850] {logging_mixin.py:104} INFO - [2021-07-12 20:34:35,850] {dag.py:2306} INFO - Setting next_dagrun for example_branch_labels to 2021-07-10 00:00:00+00:00
[2021-07-12 20:34:35,855] {scheduler_job.py:190} INFO - Processing /home/airflow/.local/lib/python3.6/site-packages/airflow/example_dags/example_branch_labels.py took 0.038 seconds
[2021-07-12 20:35:05,978] {scheduler_job.py:182} INFO - Started process (PID=613) to work on /home/airflow/.local/lib/python3.6/site-packages/airflow/example_dags/example_branch_labels.py
[2021-07-12 20:35:05,978] {scheduler_job.py:633} INFO - Processing file /home/airflow/.local/lib/python3.6/site-packages/airflow/example_dags/example_branch_labels.py for tasks to queue
[2021-07-12 20:35:05,979] {logging_mixin.py:104} INFO - [2021-07-12 20:35:05,979] {dagbag.py:496} INFO - Filling up the DagBag from /home/airflow/.local/lib/python3.6/site-packages/airflow/example_dags/example_branch_labels.py
[2021-07-12 20:35:05,985] {scheduler_job.py:643} INFO - DAG(s) dict_keys(['example_branch_labels']) retrieved from /home/airflow/.local/lib/python3.6/site-packages/airflow/example_dags/example_branch_labels.py
[2021-07-12 20:35:05,997] {logging_mixin.py:104} INFO - [2021-07-12 20:35:05,997] {dag.py:1833} INFO - Sync 1 DAGs
[2021-07-12 20:35:06,008] {logging_mixin.py:104} INFO - [2021-07-12 20:35:06,008] {dag.py:2306} INFO - Setting next_dagrun for example_branch_labels to 2021-07-10 00:00:00+00:00
[2021-07-12 20:35:06,012] {scheduler_job.py:190} INFO - Processing /home/airflow/.local/lib/python3.6/site-packages/airflow/example_dags/example_branch_labels.py took 0.036 seconds
[2021-07-12 20:35:36,262] {scheduler_job.py:182} INFO - Started process (PID=676) to work on /home/airflow/.local/lib/python3.6/site-packages/airflow/example_dags/example_branch_labels.py
[2021-07-12 20:35:36,263] {scheduler_job.py:633} INFO - Processing file /home/airflow/.local/lib/python3.6/site-packages/airflow/example_dags/example_branch_labels.py for tasks to queue
[2021-07-12 20:35:36,264] {logging_mixin.py:104} INFO - [2021-07-12 20:35:36,263] {dagbag.py:496} INFO - Filling up the DagBag from /home/airflow/.local/lib/python3.6/site-packages/airflow/example_dags/example_branch_labels.py
[2021-07-12 20:35:36,270] {scheduler_job.py:643} INFO - DAG(s) dict_keys(['example_branch_labels']) retrieved from /home/airflow/.local/lib/python3.6/site-packages/airflow/example_dags/example_branch_labels.py
[2021-07-12 20:35:36,282] {logging_mixin.py:104} INFO - [2021-07-12 20:35:36,282] {dag.py:1833} INFO - Sync 1 DAGs
[2021-07-12 20:35:36,295] {logging_mixin.py:104} INFO - [2021-07-12 20:35:36,295] {dag.py:2306} INFO - Setting next_dagrun for example_branch_labels to 2021-07-10 00:00:00+00:00
[2021-07-12 20:35:36,337] {scheduler_job.py:190} INFO - Processing /home/airflow/.local/lib/python3.6/site-packages/airflow/example_dags/example_branch_labels.py took 0.076 seconds
[2021-07-12 20:36:06,386] {scheduler_job.py:182} INFO - Started process (PID=743) to work on /home/airflow/.local/lib/python3.6/site-packages/airflow/example_dags/example_branch_labels.py
[2021-07-12 20:36:06,387] {scheduler_job.py:633} INFO - Processing file /home/airflow/.local/lib/python3.6/site-packages/airflow/example_dags/example_branch_labels.py for tasks to queue
[2021-07-12 20:36:06,387] {logging_mixin.py:104} INFO - [2021-07-12 20:36:06,387] {dagbag.py:496} INFO - Filling up the DagBag from /home/airflow/.local/lib/python3.6/site-packages/airflow/example_dags/example_branch_labels.py
[2021-07-12 20:36:06,396] {scheduler_job.py:643} INFO - DAG(s) dict_keys(['example_branch_labels']) retrieved from /home/airflow/.local/lib/python3.6/site-packages/airflow/example_dags/example_branch_labels.py
[2021-07-12 20:36:06,410] {logging_mixin.py:104} INFO - [2021-07-12 20:36:06,410] {dag.py:1833} INFO - Sync 1 DAGs
[2021-07-12 20:36:06,422] {logging_mixin.py:104} INFO - [2021-07-12 20:36:06,422] {dag.py:2306} INFO - Setting next_dagrun for example_branch_labels to 2021-07-10 00:00:00+00:00
[2021-07-12 20:36:06,465] {scheduler_job.py:190} INFO - Processing /home/airflow/.local/lib/python3.6/site-packages/airflow/example_dags/example_branch_labels.py took 0.081 seconds
[2021-07-12 20:36:36,765] {scheduler_job.py:182} INFO - Started process (PID=794) to work on /home/airflow/.local/lib/python3.6/site-packages/airflow/example_dags/example_branch_labels.py
[2021-07-12 20:36:36,765] {scheduler_job.py:633} INFO - Processing file /home/airflow/.local/lib/python3.6/site-packages/airflow/example_dags/example_branch_labels.py for tasks to queue
[2021-07-12 20:36:36,766] {logging_mixin.py:104} INFO - [2021-07-12 20:36:36,766] {dagbag.py:496} INFO - Filling up the DagBag from /home/airflow/.local/lib/python3.6/site-packages/airflow/example_dags/example_branch_labels.py
[2021-07-12 20:36:36,775] {scheduler_job.py:643} INFO - DAG(s) dict_keys(['example_branch_labels']) retrieved from /home/airflow/.local/lib/python3.6/site-packages/airflow/example_dags/example_branch_labels.py
[2021-07-12 20:36:36,785] {logging_mixin.py:104} INFO - [2021-07-12 20:36:36,785] {dag.py:1833} INFO - Sync 1 DAGs
[2021-07-12 20:36:36,795] {logging_mixin.py:104} INFO - [2021-07-12 20:36:36,795] {dag.py:2306} INFO - Setting next_dagrun for example_branch_labels to 2021-07-10 00:00:00+00:00
[2021-07-12 20:36:36,799] {scheduler_job.py:190} INFO - Processing /home/airflow/.local/lib/python3.6/site-packages/airflow/example_dags/example_branch_labels.py took 0.037 seconds
[2021-07-12 20:37:06,990] {scheduler_job.py:182} INFO - Started process (PID=855) to work on /home/airflow/.local/lib/python3.6/site-packages/airflow/example_dags/example_branch_labels.py
[2021-07-12 20:37:06,991] {scheduler_job.py:633} INFO - Processing file /home/airflow/.local/lib/python3.6/site-packages/airflow/example_dags/example_branch_labels.py for tasks to queue
[2021-07-12 20:37:06,992] {logging_mixin.py:104} INFO - [2021-07-12 20:37:06,992] {dagbag.py:496} INFO - Filling up the DagBag from /home/airflow/.local/lib/python3.6/site-packages/airflow/example_dags/example_branch_labels.py
[2021-07-12 20:37:06,999] {scheduler_job.py:643} INFO - DAG(s) dict_keys(['example_branch_labels']) retrieved from /home/airflow/.local/lib/python3.6/site-packages/airflow/example_dags/example_branch_labels.py
[2021-07-12 20:37:07,011] {logging_mixin.py:104} INFO - [2021-07-12 20:37:07,011] {dag.py:1833} INFO - Sync 1 DAGs
[2021-07-12 20:37:07,023] {logging_mixin.py:104} INFO - [2021-07-12 20:37:07,022] {dag.py:2306} INFO - Setting next_dagrun for example_branch_labels to 2021-07-10 00:00:00+00:00
[2021-07-12 20:37:07,065] {scheduler_job.py:190} INFO - Processing /home/airflow/.local/lib/python3.6/site-packages/airflow/example_dags/example_branch_labels.py took 0.078 seconds
[2021-07-12 20:37:37,260] {scheduler_job.py:182} INFO - Started process (PID=916) to work on /home/airflow/.local/lib/python3.6/site-packages/airflow/example_dags/example_branch_labels.py
[2021-07-12 20:37:37,260] {scheduler_job.py:633} INFO - Processing file /home/airflow/.local/lib/python3.6/site-packages/airflow/example_dags/example_branch_labels.py for tasks to queue
[2021-07-12 20:37:37,260] {logging_mixin.py:104} INFO - [2021-07-12 20:37:37,260] {dagbag.py:496} INFO - Filling up the DagBag from /home/airflow/.local/lib/python3.6/site-packages/airflow/example_dags/example_branch_labels.py
[2021-07-12 20:37:37,266] {scheduler_job.py:643} INFO - DAG(s) dict_keys(['example_branch_labels']) retrieved from /home/airflow/.local/lib/python3.6/site-packages/airflow/example_dags/example_branch_labels.py
[2021-07-12 20:37:37,280] {logging_mixin.py:104} INFO - [2021-07-12 20:37:37,280] {dag.py:1833} INFO - Sync 1 DAGs
[2021-07-12 20:37:37,292] {logging_mixin.py:104} INFO - [2021-07-12 20:37:37,292] {dag.py:2306} INFO - Setting next_dagrun for example_branch_labels to 2021-07-10 00:00:00+00:00
[2021-07-12 20:37:37,337] {scheduler_job.py:190} INFO - Processing /home/airflow/.local/lib/python3.6/site-packages/airflow/example_dags/example_branch_labels.py took 0.079 seconds
[2021-07-12 20:38:07,601] {scheduler_job.py:182} INFO - Started process (PID=968) to work on /home/airflow/.local/lib/python3.6/site-packages/airflow/example_dags/example_branch_labels.py
[2021-07-12 20:38:07,603] {scheduler_job.py:633} INFO - Processing file /home/airflow/.local/lib/python3.6/site-packages/airflow/example_dags/example_branch_labels.py for tasks to queue
[2021-07-12 20:38:07,603] {logging_mixin.py:104} INFO - [2021-07-12 20:38:07,603] {dagbag.py:496} INFO - Filling up the DagBag from /home/airflow/.local/lib/python3.6/site-packages/airflow/example_dags/example_branch_labels.py
[2021-07-12 20:38:07,614] {scheduler_job.py:643} INFO - DAG(s) dict_keys(['example_branch_labels']) retrieved from /home/airflow/.local/lib/python3.6/site-packages/airflow/example_dags/example_branch_labels.py
[2021-07-12 20:38:07,628] {logging_mixin.py:104} INFO - [2021-07-12 20:38:07,628] {dag.py:1833} INFO - Sync 1 DAGs
[2021-07-12 20:38:07,644] {logging_mixin.py:104} INFO - [2021-07-12 20:38:07,644] {dag.py:2306} INFO - Setting next_dagrun for example_branch_labels to 2021-07-10 00:00:00+00:00
[2021-07-12 20:38:07,657] {scheduler_job.py:190} INFO - Processing /home/airflow/.local/lib/python3.6/site-packages/airflow/example_dags/example_branch_labels.py took 0.058 seconds
[2021-07-12 20:38:37,687] {scheduler_job.py:182} INFO - Started process (PID=1029) to work on /home/airflow/.local/lib/python3.6/site-packages/airflow/example_dags/example_branch_labels.py
[2021-07-12 20:38:37,688] {scheduler_job.py:633} INFO - Processing file /home/airflow/.local/lib/python3.6/site-packages/airflow/example_dags/example_branch_labels.py for tasks to queue
[2021-07-12 20:38:37,688] {logging_mixin.py:104} INFO - [2021-07-12 20:38:37,688] {dagbag.py:496} INFO - Filling up the DagBag from /home/airflow/.local/lib/python3.6/site-packages/airflow/example_dags/example_branch_labels.py
[2021-07-12 20:38:37,698] {scheduler_job.py:643} INFO - DAG(s) dict_keys(['example_branch_labels']) retrieved from /home/airflow/.local/lib/python3.6/site-packages/airflow/example_dags/example_branch_labels.py
[2021-07-12 20:38:37,710] {logging_mixin.py:104} INFO - [2021-07-12 20:38:37,710] {dag.py:1833} INFO - Sync 1 DAGs
[2021-07-12 20:38:37,721] {logging_mixin.py:104} INFO - [2021-07-12 20:38:37,721] {dag.py:2306} INFO - Setting next_dagrun for example_branch_labels to 2021-07-10 00:00:00+00:00
[2021-07-12 20:38:37,725] {scheduler_job.py:190} INFO - Processing /home/airflow/.local/lib/python3.6/site-packages/airflow/example_dags/example_branch_labels.py took 0.040 seconds
[2021-07-12 20:39:08,120] {scheduler_job.py:182} INFO - Started process (PID=1091) to work on /home/airflow/.local/lib/python3.6/site-packages/airflow/example_dags/example_branch_labels.py
[2021-07-12 20:39:08,121] {scheduler_job.py:633} INFO - Processing file /home/airflow/.local/lib/python3.6/site-packages/airflow/example_dags/example_branch_labels.py for tasks to queue
[2021-07-12 20:39:08,122] {logging_mixin.py:104} INFO - [2021-07-12 20:39:08,122] {dagbag.py:496} INFO - Filling up the DagBag from /home/airflow/.local/lib/python3.6/site-packages/airflow/example_dags/example_branch_labels.py
[2021-07-12 20:39:08,131] {scheduler_job.py:643} INFO - DAG(s) dict_keys(['example_branch_labels']) retrieved from /home/airflow/.local/lib/python3.6/site-packages/airflow/example_dags/example_branch_labels.py
[2021-07-12 20:39:08,142] {logging_mixin.py:104} INFO - [2021-07-12 20:39:08,142] {dag.py:1833} INFO - Sync 1 DAGs
[2021-07-12 20:39:08,156] {logging_mixin.py:104} INFO - [2021-07-12 20:39:08,156] {dag.py:2306} INFO - Setting next_dagrun for example_branch_labels to 2021-07-10 00:00:00+00:00
[2021-07-12 20:39:08,200] {scheduler_job.py:190} INFO - Processing /home/airflow/.local/lib/python3.6/site-packages/airflow/example_dags/example_branch_labels.py took 0.083 seconds
[2021-07-12 20:39:38,371] {scheduler_job.py:182} INFO - Started process (PID=1143) to work on /home/airflow/.local/lib/python3.6/site-packages/airflow/example_dags/example_branch_labels.py
[2021-07-12 20:39:38,371] {scheduler_job.py:633} INFO - Processing file /home/airflow/.local/lib/python3.6/site-packages/airflow/example_dags/example_branch_labels.py for tasks to queue
[2021-07-12 20:39:38,371] {logging_mixin.py:104} INFO - [2021-07-12 20:39:38,371] {dagbag.py:496} INFO - Filling up the DagBag from /home/airflow/.local/lib/python3.6/site-packages/airflow/example_dags/example_branch_labels.py
[2021-07-12 20:39:38,377] {scheduler_job.py:643} INFO - DAG(s) dict_keys(['example_branch_labels']) retrieved from /home/airflow/.local/lib/python3.6/site-packages/airflow/example_dags/example_branch_labels.py
[2021-07-12 20:39:38,390] {logging_mixin.py:104} INFO - [2021-07-12 20:39:38,390] {dag.py:1833} INFO - Sync 1 DAGs
[2021-07-12 20:39:38,403] {logging_mixin.py:104} INFO - [2021-07-12 20:39:38,403] {dag.py:2306} INFO - Setting next_dagrun for example_branch_labels to 2021-07-10 00:00:00+00:00
[2021-07-12 20:39:38,408] {scheduler_job.py:190} INFO - Processing /home/airflow/.local/lib/python3.6/site-packages/airflow/example_dags/example_branch_labels.py took 0.039 seconds
[2021-07-12 20:40:08,517] {scheduler_job.py:182} INFO - Started process (PID=1205) to work on /home/airflow/.local/lib/python3.6/site-packages/airflow/example_dags/example_branch_labels.py
[2021-07-12 20:40:08,518] {scheduler_job.py:633} INFO - Processing file /home/airflow/.local/lib/python3.6/site-packages/airflow/example_dags/example_branch_labels.py for tasks to queue
[2021-07-12 20:40:08,518] {logging_mixin.py:104} INFO - [2021-07-12 20:40:08,518] {dagbag.py:496} INFO - Filling up the DagBag from /home/airflow/.local/lib/python3.6/site-packages/airflow/example_dags/example_branch_labels.py
[2021-07-12 20:40:08,524] {scheduler_job.py:643} INFO - DAG(s) dict_keys(['example_branch_labels']) retrieved from /home/airflow/.local/lib/python3.6/site-packages/airflow/example_dags/example_branch_labels.py
[2021-07-12 20:40:08,538] {logging_mixin.py:104} INFO - [2021-07-12 20:40:08,538] {dag.py:1833} INFO - Sync 1 DAGs
[2021-07-12 20:40:08,550] {logging_mixin.py:104} INFO - [2021-07-12 20:40:08,550] {dag.py:2306} INFO - Setting next_dagrun for example_branch_labels to 2021-07-10 00:00:00+00:00
[2021-07-12 20:40:08,594] {scheduler_job.py:190} INFO - Processing /home/airflow/.local/lib/python3.6/site-packages/airflow/example_dags/example_branch_labels.py took 0.078 seconds
[2021-07-12 20:40:38,973] {scheduler_job.py:182} INFO - Started process (PID=1268) to work on /home/airflow/.local/lib/python3.6/site-packages/airflow/example_dags/example_branch_labels.py
[2021-07-12 20:40:38,974] {scheduler_job.py:633} INFO - Processing file /home/airflow/.local/lib/python3.6/site-packages/airflow/example_dags/example_branch_labels.py for tasks to queue
[2021-07-12 20:40:38,974] {logging_mixin.py:104} INFO - [2021-07-12 20:40:38,974] {dagbag.py:496} INFO - Filling up the DagBag from /home/airflow/.local/lib/python3.6/site-packages/airflow/example_dags/example_branch_labels.py
[2021-07-12 20:40:38,982] {scheduler_job.py:643} INFO - DAG(s) dict_keys(['example_branch_labels']) retrieved from /home/airflow/.local/lib/python3.6/site-packages/airflow/example_dags/example_branch_labels.py
[2021-07-12 20:40:38,999] {logging_mixin.py:104} INFO - [2021-07-12 20:40:38,999] {dag.py:1833} INFO - Sync 1 DAGs
[2021-07-12 20:40:39,013] {logging_mixin.py:104} INFO - [2021-07-12 20:40:39,013] {dag.py:2306} INFO - Setting next_dagrun for example_branch_labels to 2021-07-10 00:00:00+00:00
[2021-07-12 20:40:39,057] {scheduler_job.py:190} INFO - Processing /home/airflow/.local/lib/python3.6/site-packages/airflow/example_dags/example_branch_labels.py took 0.086 seconds
[2021-07-12 20:41:09,420] {scheduler_job.py:182} INFO - Started process (PID=1332) to work on /home/airflow/.local/lib/python3.6/site-packages/airflow/example_dags/example_branch_labels.py
[2021-07-12 20:41:09,420] {scheduler_job.py:633} INFO - Processing file /home/airflow/.local/lib/python3.6/site-packages/airflow/example_dags/example_branch_labels.py for tasks to queue
[2021-07-12 20:41:09,421] {logging_mixin.py:104} INFO - [2021-07-12 20:41:09,421] {dagbag.py:496} INFO - Filling up the DagBag from /home/airflow/.local/lib/python3.6/site-packages/airflow/example_dags/example_branch_labels.py
[2021-07-12 20:41:09,429] {scheduler_job.py:643} INFO - DAG(s) dict_keys(['example_branch_labels']) retrieved from /home/airflow/.local/lib/python3.6/site-packages/airflow/example_dags/example_branch_labels.py
[2021-07-12 20:41:09,445] {logging_mixin.py:104} INFO - [2021-07-12 20:41:09,445] {dag.py:1833} INFO - Sync 1 DAGs
[2021-07-12 20:41:09,455] {logging_mixin.py:104} INFO - [2021-07-12 20:41:09,455] {dag.py:2306} INFO - Setting next_dagrun for example_branch_labels to 2021-07-10 00:00:00+00:00
[2021-07-12 20:41:09,482] {scheduler_job.py:190} INFO - Processing /home/airflow/.local/lib/python3.6/site-packages/airflow/example_dags/example_branch_labels.py took 0.064 seconds
[2021-07-12 20:41:39,853] {scheduler_job.py:182} INFO - Started process (PID=1385) to work on /home/airflow/.local/lib/python3.6/site-packages/airflow/example_dags/example_branch_labels.py
[2021-07-12 20:41:39,854] {scheduler_job.py:633} INFO - Processing file /home/airflow/.local/lib/python3.6/site-packages/airflow/example_dags/example_branch_labels.py for tasks to queue
[2021-07-12 20:41:39,854] {logging_mixin.py:104} INFO - [2021-07-12 20:41:39,854] {dagbag.py:496} INFO - Filling up the DagBag from /home/airflow/.local/lib/python3.6/site-packages/airflow/example_dags/example_branch_labels.py
[2021-07-12 20:41:39,863] {scheduler_job.py:643} INFO - DAG(s) dict_keys(['example_branch_labels']) retrieved from /home/airflow/.local/lib/python3.6/site-packages/airflow/example_dags/example_branch_labels.py
[2021-07-12 20:41:39,879] {logging_mixin.py:104} INFO - [2021-07-12 20:41:39,879] {dag.py:1833} INFO - Sync 1 DAGs
[2021-07-12 20:41:39,889] {logging_mixin.py:104} INFO - [2021-07-12 20:41:39,888] {dag.py:2306} INFO - Setting next_dagrun for example_branch_labels to 2021-07-10 00:00:00+00:00
[2021-07-12 20:41:39,893] {scheduler_job.py:190} INFO - Processing /home/airflow/.local/lib/python3.6/site-packages/airflow/example_dags/example_branch_labels.py took 0.042 seconds
[2021-07-12 20:42:10,230] {scheduler_job.py:182} INFO - Started process (PID=1447) to work on /home/airflow/.local/lib/python3.6/site-packages/airflow/example_dags/example_branch_labels.py
[2021-07-12 20:42:10,231] {scheduler_job.py:633} INFO - Processing file /home/airflow/.local/lib/python3.6/site-packages/airflow/example_dags/example_branch_labels.py for tasks to queue
[2021-07-12 20:42:10,231] {logging_mixin.py:104} INFO - [2021-07-12 20:42:10,231] {dagbag.py:496} INFO - Filling up the DagBag from /home/airflow/.local/lib/python3.6/site-packages/airflow/example_dags/example_branch_labels.py
[2021-07-12 20:42:10,238] {scheduler_job.py:643} INFO - DAG(s) dict_keys(['example_branch_labels']) retrieved from /home/airflow/.local/lib/python3.6/site-packages/airflow/example_dags/example_branch_labels.py
[2021-07-12 20:42:10,249] {logging_mixin.py:104} INFO - [2021-07-12 20:42:10,249] {dag.py:1833} INFO - Sync 1 DAGs
[2021-07-12 20:42:10,262] {logging_mixin.py:104} INFO - [2021-07-12 20:42:10,262] {dag.py:2306} INFO - Setting next_dagrun for example_branch_labels to 2021-07-10 00:00:00+00:00
[2021-07-12 20:42:10,266] {scheduler_job.py:190} INFO - Processing /home/airflow/.local/lib/python3.6/site-packages/airflow/example_dags/example_branch_labels.py took 0.038 seconds
[2021-07-12 20:42:40,370] {scheduler_job.py:182} INFO - Started process (PID=1508) to work on /home/airflow/.local/lib/python3.6/site-packages/airflow/example_dags/example_branch_labels.py
[2021-07-12 20:42:40,370] {scheduler_job.py:633} INFO - Processing file /home/airflow/.local/lib/python3.6/site-packages/airflow/example_dags/example_branch_labels.py for tasks to queue
[2021-07-12 20:42:40,371] {logging_mixin.py:104} INFO - [2021-07-12 20:42:40,371] {dagbag.py:496} INFO - Filling up the DagBag from /home/airflow/.local/lib/python3.6/site-packages/airflow/example_dags/example_branch_labels.py
[2021-07-12 20:42:40,379] {scheduler_job.py:643} INFO - DAG(s) dict_keys(['example_branch_labels']) retrieved from /home/airflow/.local/lib/python3.6/site-packages/airflow/example_dags/example_branch_labels.py
[2021-07-12 20:42:40,390] {logging_mixin.py:104} INFO - [2021-07-12 20:42:40,390] {dag.py:1833} INFO - Sync 1 DAGs
[2021-07-12 20:42:40,400] {logging_mixin.py:104} INFO - [2021-07-12 20:42:40,399] {dag.py:2306} INFO - Setting next_dagrun for example_branch_labels to 2021-07-10 00:00:00+00:00
[2021-07-12 20:42:40,404] {scheduler_job.py:190} INFO - Processing /home/airflow/.local/lib/python3.6/site-packages/airflow/example_dags/example_branch_labels.py took 0.037 seconds
[2021-07-12 20:43:10,619] {scheduler_job.py:182} INFO - Started process (PID=1559) to work on /home/airflow/.local/lib/python3.6/site-packages/airflow/example_dags/example_branch_labels.py
[2021-07-12 20:43:10,619] {scheduler_job.py:633} INFO - Processing file /home/airflow/.local/lib/python3.6/site-packages/airflow/example_dags/example_branch_labels.py for tasks to queue
[2021-07-12 20:43:10,620] {logging_mixin.py:104} INFO - [2021-07-12 20:43:10,620] {dagbag.py:496} INFO - Filling up the DagBag from /home/airflow/.local/lib/python3.6/site-packages/airflow/example_dags/example_branch_labels.py
[2021-07-12 20:43:10,628] {scheduler_job.py:643} INFO - DAG(s) dict_keys(['example_branch_labels']) retrieved from /home/airflow/.local/lib/python3.6/site-packages/airflow/example_dags/example_branch_labels.py
[2021-07-12 20:43:10,642] {logging_mixin.py:104} INFO - [2021-07-12 20:43:10,641] {dag.py:1833} INFO - Sync 1 DAGs
[2021-07-12 20:43:10,651] {logging_mixin.py:104} INFO - [2021-07-12 20:43:10,650] {dag.py:2306} INFO - Setting next_dagrun for example_branch_labels to 2021-07-10 00:00:00+00:00
[2021-07-12 20:43:10,668] {scheduler_job.py:190} INFO - Processing /home/airflow/.local/lib/python3.6/site-packages/airflow/example_dags/example_branch_labels.py took 0.050 seconds
[2021-07-12 20:43:41,050] {scheduler_job.py:182} INFO - Started process (PID=1620) to work on /home/airflow/.local/lib/python3.6/site-packages/airflow/example_dags/example_branch_labels.py
[2021-07-12 20:43:41,051] {scheduler_job.py:633} INFO - Processing file /home/airflow/.local/lib/python3.6/site-packages/airflow/example_dags/example_branch_labels.py for tasks to queue
[2021-07-12 20:43:41,051] {logging_mixin.py:104} INFO - [2021-07-12 20:43:41,051] {dagbag.py:496} INFO - Filling up the DagBag from /home/airflow/.local/lib/python3.6/site-packages/airflow/example_dags/example_branch_labels.py
[2021-07-12 20:43:41,060] {scheduler_job.py:643} INFO - DAG(s) dict_keys(['example_branch_labels']) retrieved from /home/airflow/.local/lib/python3.6/site-packages/airflow/example_dags/example_branch_labels.py
[2021-07-12 20:43:41,075] {logging_mixin.py:104} INFO - [2021-07-12 20:43:41,074] {dag.py:1833} INFO - Sync 1 DAGs
[2021-07-12 20:43:41,084] {logging_mixin.py:104} INFO - [2021-07-12 20:43:41,084] {dag.py:2306} INFO - Setting next_dagrun for example_branch_labels to 2021-07-10 00:00:00+00:00
[2021-07-12 20:43:41,088] {scheduler_job.py:190} INFO - Processing /home/airflow/.local/lib/python3.6/site-packages/airflow/example_dags/example_branch_labels.py took 0.040 seconds
[2021-07-12 20:44:11,255] {scheduler_job.py:182} INFO - Started process (PID=1681) to work on /home/airflow/.local/lib/python3.6/site-packages/airflow/example_dags/example_branch_labels.py
[2021-07-12 20:44:11,256] {scheduler_job.py:633} INFO - Processing file /home/airflow/.local/lib/python3.6/site-packages/airflow/example_dags/example_branch_labels.py for tasks to queue
[2021-07-12 20:44:11,256] {logging_mixin.py:104} INFO - [2021-07-12 20:44:11,256] {dagbag.py:496} INFO - Filling up the DagBag from /home/airflow/.local/lib/python3.6/site-packages/airflow/example_dags/example_branch_labels.py
[2021-07-12 20:44:11,266] {scheduler_job.py:643} INFO - DAG(s) dict_keys(['example_branch_labels']) retrieved from /home/airflow/.local/lib/python3.6/site-packages/airflow/example_dags/example_branch_labels.py
[2021-07-12 20:44:11,278] {logging_mixin.py:104} INFO - [2021-07-12 20:44:11,278] {dag.py:1833} INFO - Sync 1 DAGs
[2021-07-12 20:44:11,288] {logging_mixin.py:104} INFO - [2021-07-12 20:44:11,287] {dag.py:2306} INFO - Setting next_dagrun for example_branch_labels to 2021-07-10 00:00:00+00:00
[2021-07-12 20:44:11,291] {scheduler_job.py:190} INFO - Processing /home/airflow/.local/lib/python3.6/site-packages/airflow/example_dags/example_branch_labels.py took 0.039 seconds
[2021-07-12 20:44:41,515] {scheduler_job.py:182} INFO - Started process (PID=1742) to work on /home/airflow/.local/lib/python3.6/site-packages/airflow/example_dags/example_branch_labels.py
[2021-07-12 20:44:41,515] {scheduler_job.py:633} INFO - Processing file /home/airflow/.local/lib/python3.6/site-packages/airflow/example_dags/example_branch_labels.py for tasks to queue
[2021-07-12 20:44:41,516] {logging_mixin.py:104} INFO - [2021-07-12 20:44:41,516] {dagbag.py:496} INFO - Filling up the DagBag from /home/airflow/.local/lib/python3.6/site-packages/airflow/example_dags/example_branch_labels.py
[2021-07-12 20:44:41,524] {scheduler_job.py:643} INFO - DAG(s) dict_keys(['example_branch_labels']) retrieved from /home/airflow/.local/lib/python3.6/site-packages/airflow/example_dags/example_branch_labels.py
[2021-07-12 20:44:41,538] {logging_mixin.py:104} INFO - [2021-07-12 20:44:41,537] {dag.py:1833} INFO - Sync 1 DAGs
[2021-07-12 20:44:41,550] {logging_mixin.py:104} INFO - [2021-07-12 20:44:41,549] {dag.py:2306} INFO - Setting next_dagrun for example_branch_labels to 2021-07-10 00:00:00+00:00
[2021-07-12 20:44:41,553] {scheduler_job.py:190} INFO - Processing /home/airflow/.local/lib/python3.6/site-packages/airflow/example_dags/example_branch_labels.py took 0.041 seconds
[2021-07-12 20:45:11,595] {scheduler_job.py:182} INFO - Started process (PID=1792) to work on /home/airflow/.local/lib/python3.6/site-packages/airflow/example_dags/example_branch_labels.py
[2021-07-12 20:45:11,596] {scheduler_job.py:633} INFO - Processing file /home/airflow/.local/lib/python3.6/site-packages/airflow/example_dags/example_branch_labels.py for tasks to queue
[2021-07-12 20:45:11,596] {logging_mixin.py:104} INFO - [2021-07-12 20:45:11,596] {dagbag.py:496} INFO - Filling up the DagBag from /home/airflow/.local/lib/python3.6/site-packages/airflow/example_dags/example_branch_labels.py
[2021-07-12 20:45:11,606] {scheduler_job.py:643} INFO - DAG(s) dict_keys(['example_branch_labels']) retrieved from /home/airflow/.local/lib/python3.6/site-packages/airflow/example_dags/example_branch_labels.py
[2021-07-12 20:45:11,619] {logging_mixin.py:104} INFO - [2021-07-12 20:45:11,619] {dag.py:1833} INFO - Sync 1 DAGs
[2021-07-12 20:45:11,628] {logging_mixin.py:104} INFO - [2021-07-12 20:45:11,628] {dag.py:2306} INFO - Setting next_dagrun for example_branch_labels to 2021-07-10 00:00:00+00:00
[2021-07-12 20:45:11,671] {scheduler_job.py:190} INFO - Processing /home/airflow/.local/lib/python3.6/site-packages/airflow/example_dags/example_branch_labels.py took 0.078 seconds
[2021-07-12 20:45:41,869] {scheduler_job.py:182} INFO - Started process (PID=1854) to work on /home/airflow/.local/lib/python3.6/site-packages/airflow/example_dags/example_branch_labels.py
[2021-07-12 20:45:41,870] {scheduler_job.py:633} INFO - Processing file /home/airflow/.local/lib/python3.6/site-packages/airflow/example_dags/example_branch_labels.py for tasks to queue
[2021-07-12 20:45:41,870] {logging_mixin.py:104} INFO - [2021-07-12 20:45:41,870] {dagbag.py:496} INFO - Filling up the DagBag from /home/airflow/.local/lib/python3.6/site-packages/airflow/example_dags/example_branch_labels.py
[2021-07-12 20:45:41,876] {scheduler_job.py:643} INFO - DAG(s) dict_keys(['example_branch_labels']) retrieved from /home/airflow/.local/lib/python3.6/site-packages/airflow/example_dags/example_branch_labels.py
[2021-07-12 20:45:41,891] {logging_mixin.py:104} INFO - [2021-07-12 20:45:41,890] {dag.py:1833} INFO - Sync 1 DAGs
[2021-07-12 20:45:41,901] {logging_mixin.py:104} INFO - [2021-07-12 20:45:41,901] {dag.py:2306} INFO - Setting next_dagrun for example_branch_labels to 2021-07-10 00:00:00+00:00
[2021-07-12 20:45:41,945] {scheduler_job.py:190} INFO - Processing /home/airflow/.local/lib/python3.6/site-packages/airflow/example_dags/example_branch_labels.py took 0.077 seconds
[2021-07-12 20:46:12,024] {scheduler_job.py:182} INFO - Started process (PID=1916) to work on /home/airflow/.local/lib/python3.6/site-packages/airflow/example_dags/example_branch_labels.py
[2021-07-12 20:46:12,025] {scheduler_job.py:633} INFO - Processing file /home/airflow/.local/lib/python3.6/site-packages/airflow/example_dags/example_branch_labels.py for tasks to queue
[2021-07-12 20:46:12,025] {logging_mixin.py:104} INFO - [2021-07-12 20:46:12,025] {dagbag.py:496} INFO - Filling up the DagBag from /home/airflow/.local/lib/python3.6/site-packages/airflow/example_dags/example_branch_labels.py
[2021-07-12 20:46:12,034] {scheduler_job.py:643} INFO - DAG(s) dict_keys(['example_branch_labels']) retrieved from /home/airflow/.local/lib/python3.6/site-packages/airflow/example_dags/example_branch_labels.py
[2021-07-12 20:46:12,045] {logging_mixin.py:104} INFO - [2021-07-12 20:46:12,045] {dag.py:1833} INFO - Sync 1 DAGs
[2021-07-12 20:46:12,055] {logging_mixin.py:104} INFO - [2021-07-12 20:46:12,055] {dag.py:2306} INFO - Setting next_dagrun for example_branch_labels to 2021-07-10 00:00:00+00:00
[2021-07-12 20:46:12,099] {scheduler_job.py:190} INFO - Processing /home/airflow/.local/lib/python3.6/site-packages/airflow/example_dags/example_branch_labels.py took 0.077 seconds
[2021-07-12 20:46:42,387] {scheduler_job.py:182} INFO - Started process (PID=1967) to work on /home/airflow/.local/lib/python3.6/site-packages/airflow/example_dags/example_branch_labels.py
[2021-07-12 20:46:42,387] {scheduler_job.py:633} INFO - Processing file /home/airflow/.local/lib/python3.6/site-packages/airflow/example_dags/example_branch_labels.py for tasks to queue
[2021-07-12 20:46:42,387] {logging_mixin.py:104} INFO - [2021-07-12 20:46:42,387] {dagbag.py:496} INFO - Filling up the DagBag from /home/airflow/.local/lib/python3.6/site-packages/airflow/example_dags/example_branch_labels.py
[2021-07-12 20:46:42,393] {scheduler_job.py:643} INFO - DAG(s) dict_keys(['example_branch_labels']) retrieved from /home/airflow/.local/lib/python3.6/site-packages/airflow/example_dags/example_branch_labels.py
[2021-07-12 20:46:42,407] {logging_mixin.py:104} INFO - [2021-07-12 20:46:42,407] {dag.py:1833} INFO - Sync 1 DAGs
[2021-07-12 20:46:42,417] {logging_mixin.py:104} INFO - [2021-07-12 20:46:42,417] {dag.py:2306} INFO - Setting next_dagrun for example_branch_labels to 2021-07-10 00:00:00+00:00
[2021-07-12 20:46:42,461] {scheduler_job.py:190} INFO - Processing /home/airflow/.local/lib/python3.6/site-packages/airflow/example_dags/example_branch_labels.py took 0.075 seconds
[2021-07-12 20:47:12,529] {scheduler_job.py:182} INFO - Started process (PID=2029) to work on /home/airflow/.local/lib/python3.6/site-packages/airflow/example_dags/example_branch_labels.py
[2021-07-12 20:47:12,530] {scheduler_job.py:633} INFO - Processing file /home/airflow/.local/lib/python3.6/site-packages/airflow/example_dags/example_branch_labels.py for tasks to queue
[2021-07-12 20:47:12,531] {logging_mixin.py:104} INFO - [2021-07-12 20:47:12,531] {dagbag.py:496} INFO - Filling up the DagBag from /home/airflow/.local/lib/python3.6/site-packages/airflow/example_dags/example_branch_labels.py
[2021-07-12 20:47:12,539] {scheduler_job.py:643} INFO - DAG(s) dict_keys(['example_branch_labels']) retrieved from /home/airflow/.local/lib/python3.6/site-packages/airflow/example_dags/example_branch_labels.py
[2021-07-12 20:47:12,552] {logging_mixin.py:104} INFO - [2021-07-12 20:47:12,552] {dag.py:1833} INFO - Sync 1 DAGs
[2021-07-12 20:47:12,566] {logging_mixin.py:104} INFO - [2021-07-12 20:47:12,566] {dag.py:2306} INFO - Setting next_dagrun for example_branch_labels to 2021-07-10 00:00:00+00:00
[2021-07-12 20:47:12,610] {scheduler_job.py:190} INFO - Processing /home/airflow/.local/lib/python3.6/site-packages/airflow/example_dags/example_branch_labels.py took 0.083 seconds
[2021-07-12 20:47:42,676] {scheduler_job.py:182} INFO - Started process (PID=2092) to work on /home/airflow/.local/lib/python3.6/site-packages/airflow/example_dags/example_branch_labels.py
[2021-07-12 20:47:42,676] {scheduler_job.py:633} INFO - Processing file /home/airflow/.local/lib/python3.6/site-packages/airflow/example_dags/example_branch_labels.py for tasks to queue
[2021-07-12 20:47:42,677] {logging_mixin.py:104} INFO - [2021-07-12 20:47:42,677] {dagbag.py:496} INFO - Filling up the DagBag from /home/airflow/.local/lib/python3.6/site-packages/airflow/example_dags/example_branch_labels.py
[2021-07-12 20:47:42,687] {scheduler_job.py:643} INFO - DAG(s) dict_keys(['example_branch_labels']) retrieved from /home/airflow/.local/lib/python3.6/site-packages/airflow/example_dags/example_branch_labels.py
[2021-07-12 20:47:42,698] {logging_mixin.py:104} INFO - [2021-07-12 20:47:42,698] {dag.py:1833} INFO - Sync 1 DAGs
[2021-07-12 20:47:42,707] {logging_mixin.py:104} INFO - [2021-07-12 20:47:42,707] {dag.py:2306} INFO - Setting next_dagrun for example_branch_labels to 2021-07-10 00:00:00+00:00
[2021-07-12 20:47:42,750] {scheduler_job.py:190} INFO - Processing /home/airflow/.local/lib/python3.6/site-packages/airflow/example_dags/example_branch_labels.py took 0.076 seconds
[2021-07-12 20:48:12,833] {scheduler_job.py:182} INFO - Started process (PID=2153) to work on /home/airflow/.local/lib/python3.6/site-packages/airflow/example_dags/example_branch_labels.py
[2021-07-12 20:48:12,833] {scheduler_job.py:633} INFO - Processing file /home/airflow/.local/lib/python3.6/site-packages/airflow/example_dags/example_branch_labels.py for tasks to queue
[2021-07-12 20:48:12,834] {logging_mixin.py:104} INFO - [2021-07-12 20:48:12,834] {dagbag.py:496} INFO - Filling up the DagBag from /home/airflow/.local/lib/python3.6/site-packages/airflow/example_dags/example_branch_labels.py
[2021-07-12 20:48:12,843] {scheduler_job.py:643} INFO - DAG(s) dict_keys(['example_branch_labels']) retrieved from /home/airflow/.local/lib/python3.6/site-packages/airflow/example_dags/example_branch_labels.py
[2021-07-12 20:48:12,857] {logging_mixin.py:104} INFO - [2021-07-12 20:48:12,857] {dag.py:1833} INFO - Sync 1 DAGs
[2021-07-12 20:48:12,872] {logging_mixin.py:104} INFO - [2021-07-12 20:48:12,872] {dag.py:2306} INFO - Setting next_dagrun for example_branch_labels to 2021-07-10 00:00:00+00:00
[2021-07-12 20:48:12,876] {scheduler_job.py:190} INFO - Processing /home/airflow/.local/lib/python3.6/site-packages/airflow/example_dags/example_branch_labels.py took 0.046 seconds
[2021-07-12 20:48:43,040] {scheduler_job.py:182} INFO - Started process (PID=2204) to work on /home/airflow/.local/lib/python3.6/site-packages/airflow/example_dags/example_branch_labels.py
[2021-07-12 20:48:43,041] {scheduler_job.py:633} INFO - Processing file /home/airflow/.local/lib/python3.6/site-packages/airflow/example_dags/example_branch_labels.py for tasks to queue
[2021-07-12 20:48:43,041] {logging_mixin.py:104} INFO - [2021-07-12 20:48:43,041] {dagbag.py:496} INFO - Filling up the DagBag from /home/airflow/.local/lib/python3.6/site-packages/airflow/example_dags/example_branch_labels.py
[2021-07-12 20:48:43,050] {scheduler_job.py:643} INFO - DAG(s) dict_keys(['example_branch_labels']) retrieved from /home/airflow/.local/lib/python3.6/site-packages/airflow/example_dags/example_branch_labels.py
[2021-07-12 20:48:43,061] {logging_mixin.py:104} INFO - [2021-07-12 20:48:43,061] {dag.py:1833} INFO - Sync 1 DAGs
[2021-07-12 20:48:43,070] {logging_mixin.py:104} INFO - [2021-07-12 20:48:43,070] {dag.py:2306} INFO - Setting next_dagrun for example_branch_labels to 2021-07-10 00:00:00+00:00
[2021-07-12 20:48:43,112] {scheduler_job.py:190} INFO - Processing /home/airflow/.local/lib/python3.6/site-packages/airflow/example_dags/example_branch_labels.py took 0.074 seconds
[2021-07-12 20:49:13,177] {scheduler_job.py:182} INFO - Started process (PID=2268) to work on /home/airflow/.local/lib/python3.6/site-packages/airflow/example_dags/example_branch_labels.py
[2021-07-12 20:49:13,177] {scheduler_job.py:633} INFO - Processing file /home/airflow/.local/lib/python3.6/site-packages/airflow/example_dags/example_branch_labels.py for tasks to queue
[2021-07-12 20:49:13,178] {logging_mixin.py:104} INFO - [2021-07-12 20:49:13,178] {dagbag.py:496} INFO - Filling up the DagBag from /home/airflow/.local/lib/python3.6/site-packages/airflow/example_dags/example_branch_labels.py
[2021-07-12 20:49:13,185] {scheduler_job.py:643} INFO - DAG(s) dict_keys(['example_branch_labels']) retrieved from /home/airflow/.local/lib/python3.6/site-packages/airflow/example_dags/example_branch_labels.py
[2021-07-12 20:49:13,200] {logging_mixin.py:104} INFO - [2021-07-12 20:49:13,200] {dag.py:1833} INFO - Sync 1 DAGs
[2021-07-12 20:49:13,210] {logging_mixin.py:104} INFO - [2021-07-12 20:49:13,210] {dag.py:2306} INFO - Setting next_dagrun for example_branch_labels to 2021-07-10 00:00:00+00:00
[2021-07-12 20:49:13,214] {scheduler_job.py:190} INFO - Processing /home/airflow/.local/lib/python3.6/site-packages/airflow/example_dags/example_branch_labels.py took 0.038 seconds
[2021-07-12 20:49:43,453] {scheduler_job.py:182} INFO - Started process (PID=2329) to work on /home/airflow/.local/lib/python3.6/site-packages/airflow/example_dags/example_branch_labels.py
[2021-07-12 20:49:43,454] {scheduler_job.py:633} INFO - Processing file /home/airflow/.local/lib/python3.6/site-packages/airflow/example_dags/example_branch_labels.py for tasks to queue
[2021-07-12 20:49:43,454] {logging_mixin.py:104} INFO - [2021-07-12 20:49:43,454] {dagbag.py:496} INFO - Filling up the DagBag from /home/airflow/.local/lib/python3.6/site-packages/airflow/example_dags/example_branch_labels.py
[2021-07-12 20:49:43,463] {scheduler_job.py:643} INFO - DAG(s) dict_keys(['example_branch_labels']) retrieved from /home/airflow/.local/lib/python3.6/site-packages/airflow/example_dags/example_branch_labels.py
[2021-07-12 20:49:43,476] {logging_mixin.py:104} INFO - [2021-07-12 20:49:43,475] {dag.py:1833} INFO - Sync 1 DAGs
[2021-07-12 20:49:43,489] {logging_mixin.py:104} INFO - [2021-07-12 20:49:43,489] {dag.py:2306} INFO - Setting next_dagrun for example_branch_labels to 2021-07-10 00:00:00+00:00
[2021-07-12 20:49:43,533] {scheduler_job.py:190} INFO - Processing /home/airflow/.local/lib/python3.6/site-packages/airflow/example_dags/example_branch_labels.py took 0.082 seconds
[2021-07-12 20:50:13,746] {scheduler_job.py:182} INFO - Started process (PID=2380) to work on /home/airflow/.local/lib/python3.6/site-packages/airflow/example_dags/example_branch_labels.py
[2021-07-12 20:50:13,747] {scheduler_job.py:633} INFO - Processing file /home/airflow/.local/lib/python3.6/site-packages/airflow/example_dags/example_branch_labels.py for tasks to queue
[2021-07-12 20:50:13,747] {logging_mixin.py:104} INFO - [2021-07-12 20:50:13,747] {dagbag.py:496} INFO - Filling up the DagBag from /home/airflow/.local/lib/python3.6/site-packages/airflow/example_dags/example_branch_labels.py
[2021-07-12 20:50:13,755] {scheduler_job.py:643} INFO - DAG(s) dict_keys(['example_branch_labels']) retrieved from /home/airflow/.local/lib/python3.6/site-packages/airflow/example_dags/example_branch_labels.py
[2021-07-12 20:50:13,766] {logging_mixin.py:104} INFO - [2021-07-12 20:50:13,766] {dag.py:1833} INFO - Sync 1 DAGs
[2021-07-12 20:50:13,777] {logging_mixin.py:104} INFO - [2021-07-12 20:50:13,776] {dag.py:2306} INFO - Setting next_dagrun for example_branch_labels to 2021-07-10 00:00:00+00:00
[2021-07-12 20:50:13,820] {scheduler_job.py:190} INFO - Processing /home/airflow/.local/lib/python3.6/site-packages/airflow/example_dags/example_branch_labels.py took 0.075 seconds
[2021-07-12 20:50:44,062] {scheduler_job.py:182} INFO - Started process (PID=2441) to work on /home/airflow/.local/lib/python3.6/site-packages/airflow/example_dags/example_branch_labels.py
[2021-07-12 20:50:44,062] {scheduler_job.py:633} INFO - Processing file /home/airflow/.local/lib/python3.6/site-packages/airflow/example_dags/example_branch_labels.py for tasks to queue
[2021-07-12 20:50:44,063] {logging_mixin.py:104} INFO - [2021-07-12 20:50:44,063] {dagbag.py:496} INFO - Filling up the DagBag from /home/airflow/.local/lib/python3.6/site-packages/airflow/example_dags/example_branch_labels.py
[2021-07-12 20:50:44,069] {scheduler_job.py:643} INFO - DAG(s) dict_keys(['example_branch_labels']) retrieved from /home/airflow/.local/lib/python3.6/site-packages/airflow/example_dags/example_branch_labels.py
[2021-07-12 20:50:44,082] {logging_mixin.py:104} INFO - [2021-07-12 20:50:44,082] {dag.py:1833} INFO - Sync 1 DAGs
[2021-07-12 20:50:44,092] {logging_mixin.py:104} INFO - [2021-07-12 20:50:44,092] {dag.py:2306} INFO - Setting next_dagrun for example_branch_labels to 2021-07-10 00:00:00+00:00
[2021-07-12 20:50:44,135] {scheduler_job.py:190} INFO - Processing /home/airflow/.local/lib/python3.6/site-packages/airflow/example_dags/example_branch_labels.py took 0.076 seconds
[2021-07-12 20:51:14,273] {scheduler_job.py:182} INFO - Started process (PID=2506) to work on /home/airflow/.local/lib/python3.6/site-packages/airflow/example_dags/example_branch_labels.py
[2021-07-12 20:51:14,273] {scheduler_job.py:633} INFO - Processing file /home/airflow/.local/lib/python3.6/site-packages/airflow/example_dags/example_branch_labels.py for tasks to queue
[2021-07-12 20:51:14,274] {logging_mixin.py:104} INFO - [2021-07-12 20:51:14,274] {dagbag.py:496} INFO - Filling up the DagBag from /home/airflow/.local/lib/python3.6/site-packages/airflow/example_dags/example_branch_labels.py
[2021-07-12 20:51:14,281] {scheduler_job.py:643} INFO - DAG(s) dict_keys(['example_branch_labels']) retrieved from /home/airflow/.local/lib/python3.6/site-packages/airflow/example_dags/example_branch_labels.py
[2021-07-12 20:51:14,292] {logging_mixin.py:104} INFO - [2021-07-12 20:51:14,292] {dag.py:1833} INFO - Sync 1 DAGs
[2021-07-12 20:51:14,302] {logging_mixin.py:104} INFO - [2021-07-12 20:51:14,302] {dag.py:2306} INFO - Setting next_dagrun for example_branch_labels to 2021-07-10 00:00:00+00:00
[2021-07-12 20:51:14,345] {scheduler_job.py:190} INFO - Processing /home/airflow/.local/lib/python3.6/site-packages/airflow/example_dags/example_branch_labels.py took 0.074 seconds
[2021-07-12 20:51:44,596] {scheduler_job.py:182} INFO - Started process (PID=2568) to work on /home/airflow/.local/lib/python3.6/site-packages/airflow/example_dags/example_branch_labels.py
[2021-07-12 20:51:44,597] {scheduler_job.py:633} INFO - Processing file /home/airflow/.local/lib/python3.6/site-packages/airflow/example_dags/example_branch_labels.py for tasks to queue
[2021-07-12 20:51:44,597] {logging_mixin.py:104} INFO - [2021-07-12 20:51:44,597] {dagbag.py:496} INFO - Filling up the DagBag from /home/airflow/.local/lib/python3.6/site-packages/airflow/example_dags/example_branch_labels.py
[2021-07-12 20:51:44,604] {scheduler_job.py:643} INFO - DAG(s) dict_keys(['example_branch_labels']) retrieved from /home/airflow/.local/lib/python3.6/site-packages/airflow/example_dags/example_branch_labels.py
[2021-07-12 20:51:44,615] {logging_mixin.py:104} INFO - [2021-07-12 20:51:44,615] {dag.py:1833} INFO - Sync 1 DAGs
[2021-07-12 20:51:44,624] {logging_mixin.py:104} INFO - [2021-07-12 20:51:44,624] {dag.py:2306} INFO - Setting next_dagrun for example_branch_labels to 2021-07-10 00:00:00+00:00
[2021-07-12 20:51:44,668] {scheduler_job.py:190} INFO - Processing /home/airflow/.local/lib/python3.6/site-packages/airflow/example_dags/example_branch_labels.py took 0.074 seconds
[2021-07-12 20:52:14,837] {scheduler_job.py:182} INFO - Started process (PID=2620) to work on /home/airflow/.local/lib/python3.6/site-packages/airflow/example_dags/example_branch_labels.py
[2021-07-12 20:52:14,837] {scheduler_job.py:633} INFO - Processing file /home/airflow/.local/lib/python3.6/site-packages/airflow/example_dags/example_branch_labels.py for tasks to queue
[2021-07-12 20:52:14,838] {logging_mixin.py:104} INFO - [2021-07-12 20:52:14,838] {dagbag.py:496} INFO - Filling up the DagBag from /home/airflow/.local/lib/python3.6/site-packages/airflow/example_dags/example_branch_labels.py
[2021-07-12 20:52:14,847] {scheduler_job.py:643} INFO - DAG(s) dict_keys(['example_branch_labels']) retrieved from /home/airflow/.local/lib/python3.6/site-packages/airflow/example_dags/example_branch_labels.py
[2021-07-12 20:52:14,860] {logging_mixin.py:104} INFO - [2021-07-12 20:52:14,860] {dag.py:1833} INFO - Sync 1 DAGs
[2021-07-12 20:52:14,875] {logging_mixin.py:104} INFO - [2021-07-12 20:52:14,874] {dag.py:2306} INFO - Setting next_dagrun for example_branch_labels to 2021-07-10 00:00:00+00:00
[2021-07-12 20:52:14,880] {scheduler_job.py:190} INFO - Processing /home/airflow/.local/lib/python3.6/site-packages/airflow/example_dags/example_branch_labels.py took 0.044 seconds
[2021-07-12 20:52:44,929] {scheduler_job.py:182} INFO - Started process (PID=2682) to work on /home/airflow/.local/lib/python3.6/site-packages/airflow/example_dags/example_branch_labels.py
[2021-07-12 20:52:44,929] {scheduler_job.py:633} INFO - Processing file /home/airflow/.local/lib/python3.6/site-packages/airflow/example_dags/example_branch_labels.py for tasks to queue
[2021-07-12 20:52:44,930] {logging_mixin.py:104} INFO - [2021-07-12 20:52:44,930] {dagbag.py:496} INFO - Filling up the DagBag from /home/airflow/.local/lib/python3.6/site-packages/airflow/example_dags/example_branch_labels.py
[2021-07-12 20:52:44,936] {scheduler_job.py:643} INFO - DAG(s) dict_keys(['example_branch_labels']) retrieved from /home/airflow/.local/lib/python3.6/site-packages/airflow/example_dags/example_branch_labels.py
[2021-07-12 20:52:44,951] {logging_mixin.py:104} INFO - [2021-07-12 20:52:44,951] {dag.py:1833} INFO - Sync 1 DAGs
[2021-07-12 20:52:44,962] {logging_mixin.py:104} INFO - [2021-07-12 20:52:44,962] {dag.py:2306} INFO - Setting next_dagrun for example_branch_labels to 2021-07-10 00:00:00+00:00
[2021-07-12 20:52:44,966] {scheduler_job.py:190} INFO - Processing /home/airflow/.local/lib/python3.6/site-packages/airflow/example_dags/example_branch_labels.py took 0.039 seconds
[2021-07-12 20:53:15,170] {scheduler_job.py:182} INFO - Started process (PID=2743) to work on /home/airflow/.local/lib/python3.6/site-packages/airflow/example_dags/example_branch_labels.py
[2021-07-12 20:53:15,171] {scheduler_job.py:633} INFO - Processing file /home/airflow/.local/lib/python3.6/site-packages/airflow/example_dags/example_branch_labels.py for tasks to queue
[2021-07-12 20:53:15,172] {logging_mixin.py:104} INFO - [2021-07-12 20:53:15,172] {dagbag.py:496} INFO - Filling up the DagBag from /home/airflow/.local/lib/python3.6/site-packages/airflow/example_dags/example_branch_labels.py
[2021-07-12 20:53:15,178] {scheduler_job.py:643} INFO - DAG(s) dict_keys(['example_branch_labels']) retrieved from /home/airflow/.local/lib/python3.6/site-packages/airflow/example_dags/example_branch_labels.py
[2021-07-12 20:53:15,191] {logging_mixin.py:104} INFO - [2021-07-12 20:53:15,191] {dag.py:1833} INFO - Sync 1 DAGs
[2021-07-12 20:53:15,204] {logging_mixin.py:104} INFO - [2021-07-12 20:53:15,204] {dag.py:2306} INFO - Setting next_dagrun for example_branch_labels to 2021-07-10 00:00:00+00:00
[2021-07-12 20:53:15,209] {scheduler_job.py:190} INFO - Processing /home/airflow/.local/lib/python3.6/site-packages/airflow/example_dags/example_branch_labels.py took 0.041 seconds
[2021-07-12 20:53:46,072] {scheduler_job.py:182} INFO - Started process (PID=2795) to work on /home/airflow/.local/lib/python3.6/site-packages/airflow/example_dags/example_branch_labels.py
[2021-07-12 20:53:46,073] {scheduler_job.py:633} INFO - Processing file /home/airflow/.local/lib/python3.6/site-packages/airflow/example_dags/example_branch_labels.py for tasks to queue
[2021-07-12 20:53:46,073] {logging_mixin.py:104} INFO - [2021-07-12 20:53:46,073] {dagbag.py:496} INFO - Filling up the DagBag from /home/airflow/.local/lib/python3.6/site-packages/airflow/example_dags/example_branch_labels.py
[2021-07-12 20:53:46,079] {scheduler_job.py:643} INFO - DAG(s) dict_keys(['example_branch_labels']) retrieved from /home/airflow/.local/lib/python3.6/site-packages/airflow/example_dags/example_branch_labels.py
[2021-07-12 20:53:46,092] {logging_mixin.py:104} INFO - [2021-07-12 20:53:46,092] {dag.py:1833} INFO - Sync 1 DAGs
[2021-07-12 20:53:46,107] {logging_mixin.py:104} INFO - [2021-07-12 20:53:46,106] {dag.py:2306} INFO - Setting next_dagrun for example_branch_labels to 2021-07-10 00:00:00+00:00
[2021-07-12 20:53:46,150] {scheduler_job.py:190} INFO - Processing /home/airflow/.local/lib/python3.6/site-packages/airflow/example_dags/example_branch_labels.py took 0.080 seconds
[2021-07-12 20:54:16,426] {scheduler_job.py:182} INFO - Started process (PID=2856) to work on /home/airflow/.local/lib/python3.6/site-packages/airflow/example_dags/example_branch_labels.py
[2021-07-12 20:54:16,426] {scheduler_job.py:633} INFO - Processing file /home/airflow/.local/lib/python3.6/site-packages/airflow/example_dags/example_branch_labels.py for tasks to queue
[2021-07-12 20:54:16,426] {logging_mixin.py:104} INFO - [2021-07-12 20:54:16,426] {dagbag.py:496} INFO - Filling up the DagBag from /home/airflow/.local/lib/python3.6/site-packages/airflow/example_dags/example_branch_labels.py
[2021-07-12 20:54:16,432] {scheduler_job.py:643} INFO - DAG(s) dict_keys(['example_branch_labels']) retrieved from /home/airflow/.local/lib/python3.6/site-packages/airflow/example_dags/example_branch_labels.py
[2021-07-12 20:54:16,445] {logging_mixin.py:104} INFO - [2021-07-12 20:54:16,445] {dag.py:1833} INFO - Sync 1 DAGs
[2021-07-12 20:54:16,458] {logging_mixin.py:104} INFO - [2021-07-12 20:54:16,458] {dag.py:2306} INFO - Setting next_dagrun for example_branch_labels to 2021-07-10 00:00:00+00:00
[2021-07-12 20:54:16,502] {scheduler_job.py:190} INFO - Processing /home/airflow/.local/lib/python3.6/site-packages/airflow/example_dags/example_branch_labels.py took 0.078 seconds
[2021-07-12 20:54:46,689] {scheduler_job.py:182} INFO - Started process (PID=2917) to work on /home/airflow/.local/lib/python3.6/site-packages/airflow/example_dags/example_branch_labels.py
[2021-07-12 20:54:46,690] {scheduler_job.py:633} INFO - Processing file /home/airflow/.local/lib/python3.6/site-packages/airflow/example_dags/example_branch_labels.py for tasks to queue
[2021-07-12 20:54:46,690] {logging_mixin.py:104} INFO - [2021-07-12 20:54:46,690] {dagbag.py:496} INFO - Filling up the DagBag from /home/airflow/.local/lib/python3.6/site-packages/airflow/example_dags/example_branch_labels.py
[2021-07-12 20:54:46,698] {scheduler_job.py:643} INFO - DAG(s) dict_keys(['example_branch_labels']) retrieved from /home/airflow/.local/lib/python3.6/site-packages/airflow/example_dags/example_branch_labels.py
[2021-07-12 20:54:46,711] {logging_mixin.py:104} INFO - [2021-07-12 20:54:46,711] {dag.py:1833} INFO - Sync 1 DAGs
[2021-07-12 20:54:46,721] {logging_mixin.py:104} INFO - [2021-07-12 20:54:46,721] {dag.py:2306} INFO - Setting next_dagrun for example_branch_labels to 2021-07-10 00:00:00+00:00
[2021-07-12 20:54:46,764] {scheduler_job.py:190} INFO - Processing /home/airflow/.local/lib/python3.6/site-packages/airflow/example_dags/example_branch_labels.py took 0.077 seconds
[2021-07-12 20:55:16,878] {scheduler_job.py:182} INFO - Started process (PID=2978) to work on /home/airflow/.local/lib/python3.6/site-packages/airflow/example_dags/example_branch_labels.py
[2021-07-12 20:55:16,878] {scheduler_job.py:633} INFO - Processing file /home/airflow/.local/lib/python3.6/site-packages/airflow/example_dags/example_branch_labels.py for tasks to queue
[2021-07-12 20:55:16,879] {logging_mixin.py:104} INFO - [2021-07-12 20:55:16,879] {dagbag.py:496} INFO - Filling up the DagBag from /home/airflow/.local/lib/python3.6/site-packages/airflow/example_dags/example_branch_labels.py
[2021-07-12 20:55:16,888] {scheduler_job.py:643} INFO - DAG(s) dict_keys(['example_branch_labels']) retrieved from /home/airflow/.local/lib/python3.6/site-packages/airflow/example_dags/example_branch_labels.py
[2021-07-12 20:55:16,901] {logging_mixin.py:104} INFO - [2021-07-12 20:55:16,901] {dag.py:1833} INFO - Sync 1 DAGs
[2021-07-12 20:55:16,912] {logging_mixin.py:104} INFO - [2021-07-12 20:55:16,912] {dag.py:2306} INFO - Setting next_dagrun for example_branch_labels to 2021-07-10 00:00:00+00:00
[2021-07-12 20:55:16,955] {scheduler_job.py:190} INFO - Processing /home/airflow/.local/lib/python3.6/site-packages/airflow/example_dags/example_branch_labels.py took 0.079 seconds
[2021-07-12 20:55:47,317] {scheduler_job.py:182} INFO - Started process (PID=3030) to work on /home/airflow/.local/lib/python3.6/site-packages/airflow/example_dags/example_branch_labels.py
[2021-07-12 20:55:47,318] {scheduler_job.py:633} INFO - Processing file /home/airflow/.local/lib/python3.6/site-packages/airflow/example_dags/example_branch_labels.py for tasks to queue
[2021-07-12 20:55:47,318] {logging_mixin.py:104} INFO - [2021-07-12 20:55:47,318] {dagbag.py:496} INFO - Filling up the DagBag from /home/airflow/.local/lib/python3.6/site-packages/airflow/example_dags/example_branch_labels.py
[2021-07-12 20:55:47,324] {scheduler_job.py:643} INFO - DAG(s) dict_keys(['example_branch_labels']) retrieved from /home/airflow/.local/lib/python3.6/site-packages/airflow/example_dags/example_branch_labels.py
[2021-07-12 20:55:47,339] {logging_mixin.py:104} INFO - [2021-07-12 20:55:47,339] {dag.py:1833} INFO - Sync 1 DAGs
[2021-07-12 20:55:47,350] {logging_mixin.py:104} INFO - [2021-07-12 20:55:47,350] {dag.py:2306} INFO - Setting next_dagrun for example_branch_labels to 2021-07-10 00:00:00+00:00
[2021-07-12 20:55:47,392] {scheduler_job.py:190} INFO - Processing /home/airflow/.local/lib/python3.6/site-packages/airflow/example_dags/example_branch_labels.py took 0.077 seconds
[2021-07-12 20:56:17,655] {scheduler_job.py:182} INFO - Started process (PID=3093) to work on /home/airflow/.local/lib/python3.6/site-packages/airflow/example_dags/example_branch_labels.py
[2021-07-12 20:56:17,655] {scheduler_job.py:633} INFO - Processing file /home/airflow/.local/lib/python3.6/site-packages/airflow/example_dags/example_branch_labels.py for tasks to queue
[2021-07-12 20:56:17,655] {logging_mixin.py:104} INFO - [2021-07-12 20:56:17,655] {dagbag.py:496} INFO - Filling up the DagBag from /home/airflow/.local/lib/python3.6/site-packages/airflow/example_dags/example_branch_labels.py
[2021-07-12 20:56:17,663] {scheduler_job.py:643} INFO - DAG(s) dict_keys(['example_branch_labels']) retrieved from /home/airflow/.local/lib/python3.6/site-packages/airflow/example_dags/example_branch_labels.py
[2021-07-12 20:56:17,680] {logging_mixin.py:104} INFO - [2021-07-12 20:56:17,680] {dag.py:1833} INFO - Sync 1 DAGs
[2021-07-12 20:56:17,693] {logging_mixin.py:104} INFO - [2021-07-12 20:56:17,693] {dag.py:2306} INFO - Setting next_dagrun for example_branch_labels to 2021-07-10 00:00:00+00:00
[2021-07-12 20:56:17,727] {scheduler_job.py:190} INFO - Processing /home/airflow/.local/lib/python3.6/site-packages/airflow/example_dags/example_branch_labels.py took 0.073 seconds
[2021-07-12 20:56:47,835] {scheduler_job.py:182} INFO - Started process (PID=3155) to work on /home/airflow/.local/lib/python3.6/site-packages/airflow/example_dags/example_branch_labels.py
[2021-07-12 20:56:47,836] {scheduler_job.py:633} INFO - Processing file /home/airflow/.local/lib/python3.6/site-packages/airflow/example_dags/example_branch_labels.py for tasks to queue
[2021-07-12 20:56:47,836] {logging_mixin.py:104} INFO - [2021-07-12 20:56:47,836] {dagbag.py:496} INFO - Filling up the DagBag from /home/airflow/.local/lib/python3.6/site-packages/airflow/example_dags/example_branch_labels.py
[2021-07-12 20:56:47,845] {scheduler_job.py:643} INFO - DAG(s) dict_keys(['example_branch_labels']) retrieved from /home/airflow/.local/lib/python3.6/site-packages/airflow/example_dags/example_branch_labels.py
[2021-07-12 20:56:47,856] {logging_mixin.py:104} INFO - [2021-07-12 20:56:47,856] {dag.py:1833} INFO - Sync 1 DAGs
[2021-07-12 20:56:47,866] {logging_mixin.py:104} INFO - [2021-07-12 20:56:47,866] {dag.py:2306} INFO - Setting next_dagrun for example_branch_labels to 2021-07-10 00:00:00+00:00
[2021-07-12 20:56:47,909] {scheduler_job.py:190} INFO - Processing /home/airflow/.local/lib/python3.6/site-packages/airflow/example_dags/example_branch_labels.py took 0.076 seconds
[2021-07-12 20:57:18,230] {scheduler_job.py:182} INFO - Started process (PID=3206) to work on /home/airflow/.local/lib/python3.6/site-packages/airflow/example_dags/example_branch_labels.py
[2021-07-12 20:57:18,231] {scheduler_job.py:633} INFO - Processing file /home/airflow/.local/lib/python3.6/site-packages/airflow/example_dags/example_branch_labels.py for tasks to queue
[2021-07-12 20:57:18,232] {logging_mixin.py:104} INFO - [2021-07-12 20:57:18,232] {dagbag.py:496} INFO - Filling up the DagBag from /home/airflow/.local/lib/python3.6/site-packages/airflow/example_dags/example_branch_labels.py
[2021-07-12 20:57:18,241] {scheduler_job.py:643} INFO - DAG(s) dict_keys(['example_branch_labels']) retrieved from /home/airflow/.local/lib/python3.6/site-packages/airflow/example_dags/example_branch_labels.py
[2021-07-12 20:57:18,251] {logging_mixin.py:104} INFO - [2021-07-12 20:57:18,251] {dag.py:1833} INFO - Sync 1 DAGs
[2021-07-12 20:57:18,261] {logging_mixin.py:104} INFO - [2021-07-12 20:57:18,261] {dag.py:2306} INFO - Setting next_dagrun for example_branch_labels to 2021-07-10 00:00:00+00:00
[2021-07-12 20:57:18,265] {scheduler_job.py:190} INFO - Processing /home/airflow/.local/lib/python3.6/site-packages/airflow/example_dags/example_branch_labels.py took 0.037 seconds
[2021-07-12 20:57:48,544] {scheduler_job.py:182} INFO - Started process (PID=3268) to work on /home/airflow/.local/lib/python3.6/site-packages/airflow/example_dags/example_branch_labels.py
[2021-07-12 20:57:48,545] {scheduler_job.py:633} INFO - Processing file /home/airflow/.local/lib/python3.6/site-packages/airflow/example_dags/example_branch_labels.py for tasks to queue
[2021-07-12 20:57:48,545] {logging_mixin.py:104} INFO - [2021-07-12 20:57:48,545] {dagbag.py:496} INFO - Filling up the DagBag from /home/airflow/.local/lib/python3.6/site-packages/airflow/example_dags/example_branch_labels.py
[2021-07-12 20:57:48,554] {scheduler_job.py:643} INFO - DAG(s) dict_keys(['example_branch_labels']) retrieved from /home/airflow/.local/lib/python3.6/site-packages/airflow/example_dags/example_branch_labels.py
[2021-07-12 20:57:48,574] {logging_mixin.py:104} INFO - [2021-07-12 20:57:48,574] {dag.py:1833} INFO - Sync 1 DAGs
[2021-07-12 20:57:48,586] {logging_mixin.py:104} INFO - [2021-07-12 20:57:48,586] {dag.py:2306} INFO - Setting next_dagrun for example_branch_labels to 2021-07-10 00:00:00+00:00
[2021-07-12 20:57:48,590] {scheduler_job.py:190} INFO - Processing /home/airflow/.local/lib/python3.6/site-packages/airflow/example_dags/example_branch_labels.py took 0.047 seconds
[2021-07-12 20:58:18,794] {scheduler_job.py:182} INFO - Started process (PID=3329) to work on /home/airflow/.local/lib/python3.6/site-packages/airflow/example_dags/example_branch_labels.py
[2021-07-12 20:58:18,795] {scheduler_job.py:633} INFO - Processing file /home/airflow/.local/lib/python3.6/site-packages/airflow/example_dags/example_branch_labels.py for tasks to queue
[2021-07-12 20:58:18,795] {logging_mixin.py:104} INFO - [2021-07-12 20:58:18,795] {dagbag.py:496} INFO - Filling up the DagBag from /home/airflow/.local/lib/python3.6/site-packages/airflow/example_dags/example_branch_labels.py
[2021-07-12 20:58:18,802] {scheduler_job.py:643} INFO - DAG(s) dict_keys(['example_branch_labels']) retrieved from /home/airflow/.local/lib/python3.6/site-packages/airflow/example_dags/example_branch_labels.py
[2021-07-12 20:58:18,817] {logging_mixin.py:104} INFO - [2021-07-12 20:58:18,816] {dag.py:1833} INFO - Sync 1 DAGs
[2021-07-12 20:58:18,828] {logging_mixin.py:104} INFO - [2021-07-12 20:58:18,827] {dag.py:2306} INFO - Setting next_dagrun for example_branch_labels to 2021-07-10 00:00:00+00:00
[2021-07-12 20:58:18,833] {scheduler_job.py:190} INFO - Processing /home/airflow/.local/lib/python3.6/site-packages/airflow/example_dags/example_branch_labels.py took 0.040 seconds
[2021-07-12 20:58:48,960] {scheduler_job.py:182} INFO - Started process (PID=3381) to work on /home/airflow/.local/lib/python3.6/site-packages/airflow/example_dags/example_branch_labels.py
[2021-07-12 20:58:48,960] {scheduler_job.py:633} INFO - Processing file /home/airflow/.local/lib/python3.6/site-packages/airflow/example_dags/example_branch_labels.py for tasks to queue
[2021-07-12 20:58:48,961] {logging_mixin.py:104} INFO - [2021-07-12 20:58:48,961] {dagbag.py:496} INFO - Filling up the DagBag from /home/airflow/.local/lib/python3.6/site-packages/airflow/example_dags/example_branch_labels.py
[2021-07-12 20:58:48,969] {scheduler_job.py:643} INFO - DAG(s) dict_keys(['example_branch_labels']) retrieved from /home/airflow/.local/lib/python3.6/site-packages/airflow/example_dags/example_branch_labels.py
[2021-07-12 20:58:48,981] {logging_mixin.py:104} INFO - [2021-07-12 20:58:48,981] {dag.py:1833} INFO - Sync 1 DAGs
[2021-07-12 20:58:48,993] {logging_mixin.py:104} INFO - [2021-07-12 20:58:48,993] {dag.py:2306} INFO - Setting next_dagrun for example_branch_labels to 2021-07-10 00:00:00+00:00
[2021-07-12 20:58:48,999] {scheduler_job.py:190} INFO - Processing /home/airflow/.local/lib/python3.6/site-packages/airflow/example_dags/example_branch_labels.py took 0.044 seconds
[2021-07-12 20:59:19,163] {scheduler_job.py:182} INFO - Started process (PID=3442) to work on /home/airflow/.local/lib/python3.6/site-packages/airflow/example_dags/example_branch_labels.py
[2021-07-12 20:59:19,163] {scheduler_job.py:633} INFO - Processing file /home/airflow/.local/lib/python3.6/site-packages/airflow/example_dags/example_branch_labels.py for tasks to queue
[2021-07-12 20:59:19,164] {logging_mixin.py:104} INFO - [2021-07-12 20:59:19,164] {dagbag.py:496} INFO - Filling up the DagBag from /home/airflow/.local/lib/python3.6/site-packages/airflow/example_dags/example_branch_labels.py
[2021-07-12 20:59:19,173] {scheduler_job.py:643} INFO - DAG(s) dict_keys(['example_branch_labels']) retrieved from /home/airflow/.local/lib/python3.6/site-packages/airflow/example_dags/example_branch_labels.py
[2021-07-12 20:59:19,184] {logging_mixin.py:104} INFO - [2021-07-12 20:59:19,184] {dag.py:1833} INFO - Sync 1 DAGs
[2021-07-12 20:59:19,194] {logging_mixin.py:104} INFO - [2021-07-12 20:59:19,194] {dag.py:2306} INFO - Setting next_dagrun for example_branch_labels to 2021-07-10 00:00:00+00:00
[2021-07-12 20:59:19,238] {scheduler_job.py:190} INFO - Processing /home/airflow/.local/lib/python3.6/site-packages/airflow/example_dags/example_branch_labels.py took 0.077 seconds
[2021-07-12 20:59:49,321] {scheduler_job.py:182} INFO - Started process (PID=3503) to work on /home/airflow/.local/lib/python3.6/site-packages/airflow/example_dags/example_branch_labels.py
[2021-07-12 20:59:49,322] {scheduler_job.py:633} INFO - Processing file /home/airflow/.local/lib/python3.6/site-packages/airflow/example_dags/example_branch_labels.py for tasks to queue
[2021-07-12 20:59:49,323] {logging_mixin.py:104} INFO - [2021-07-12 20:59:49,322] {dagbag.py:496} INFO - Filling up the DagBag from /home/airflow/.local/lib/python3.6/site-packages/airflow/example_dags/example_branch_labels.py
[2021-07-12 20:59:49,331] {scheduler_job.py:643} INFO - DAG(s) dict_keys(['example_branch_labels']) retrieved from /home/airflow/.local/lib/python3.6/site-packages/airflow/example_dags/example_branch_labels.py
[2021-07-12 20:59:49,346] {logging_mixin.py:104} INFO - [2021-07-12 20:59:49,346] {dag.py:1833} INFO - Sync 1 DAGs
[2021-07-12 20:59:49,357] {logging_mixin.py:104} INFO - [2021-07-12 20:59:49,357] {dag.py:2306} INFO - Setting next_dagrun for example_branch_labels to 2021-07-10 00:00:00+00:00
[2021-07-12 20:59:49,402] {scheduler_job.py:190} INFO - Processing /home/airflow/.local/lib/python3.6/site-packages/airflow/example_dags/example_branch_labels.py took 0.084 seconds
[2021-07-12 21:00:19,605] {scheduler_job.py:182} INFO - Started process (PID=3566) to work on /home/airflow/.local/lib/python3.6/site-packages/airflow/example_dags/example_branch_labels.py
[2021-07-12 21:00:19,606] {scheduler_job.py:633} INFO - Processing file /home/airflow/.local/lib/python3.6/site-packages/airflow/example_dags/example_branch_labels.py for tasks to queue
[2021-07-12 21:00:19,606] {logging_mixin.py:104} INFO - [2021-07-12 21:00:19,606] {dagbag.py:496} INFO - Filling up the DagBag from /home/airflow/.local/lib/python3.6/site-packages/airflow/example_dags/example_branch_labels.py
[2021-07-12 21:00:19,612] {scheduler_job.py:643} INFO - DAG(s) dict_keys(['example_branch_labels']) retrieved from /home/airflow/.local/lib/python3.6/site-packages/airflow/example_dags/example_branch_labels.py
[2021-07-12 21:00:19,624] {logging_mixin.py:104} INFO - [2021-07-12 21:00:19,623] {dag.py:1833} INFO - Sync 1 DAGs
[2021-07-12 21:00:19,634] {logging_mixin.py:104} INFO - [2021-07-12 21:00:19,634] {dag.py:2306} INFO - Setting next_dagrun for example_branch_labels to 2021-07-10 00:00:00+00:00
[2021-07-12 21:00:19,678] {scheduler_job.py:190} INFO - Processing /home/airflow/.local/lib/python3.6/site-packages/airflow/example_dags/example_branch_labels.py took 0.074 seconds
[2021-07-12 21:00:49,997] {scheduler_job.py:182} INFO - Started process (PID=3617) to work on /home/airflow/.local/lib/python3.6/site-packages/airflow/example_dags/example_branch_labels.py
[2021-07-12 21:00:49,998] {scheduler_job.py:633} INFO - Processing file /home/airflow/.local/lib/python3.6/site-packages/airflow/example_dags/example_branch_labels.py for tasks to queue
[2021-07-12 21:00:49,998] {logging_mixin.py:104} INFO - [2021-07-12 21:00:49,998] {dagbag.py:496} INFO - Filling up the DagBag from /home/airflow/.local/lib/python3.6/site-packages/airflow/example_dags/example_branch_labels.py
[2021-07-12 21:00:50,005] {scheduler_job.py:643} INFO - DAG(s) dict_keys(['example_branch_labels']) retrieved from /home/airflow/.local/lib/python3.6/site-packages/airflow/example_dags/example_branch_labels.py
[2021-07-12 21:00:50,016] {logging_mixin.py:104} INFO - [2021-07-12 21:00:50,016] {dag.py:1833} INFO - Sync 1 DAGs
[2021-07-12 21:00:50,026] {logging_mixin.py:104} INFO - [2021-07-12 21:00:50,026] {dag.py:2306} INFO - Setting next_dagrun for example_branch_labels to 2021-07-10 00:00:00+00:00
[2021-07-12 21:00:50,070] {scheduler_job.py:190} INFO - Processing /home/airflow/.local/lib/python3.6/site-packages/airflow/example_dags/example_branch_labels.py took 0.074 seconds
[2021-07-12 21:01:20,312] {scheduler_job.py:182} INFO - Started process (PID=3679) to work on /home/airflow/.local/lib/python3.6/site-packages/airflow/example_dags/example_branch_labels.py
[2021-07-12 21:01:20,313] {scheduler_job.py:633} INFO - Processing file /home/airflow/.local/lib/python3.6/site-packages/airflow/example_dags/example_branch_labels.py for tasks to queue
[2021-07-12 21:01:20,313] {logging_mixin.py:104} INFO - [2021-07-12 21:01:20,313] {dagbag.py:496} INFO - Filling up the DagBag from /home/airflow/.local/lib/python3.6/site-packages/airflow/example_dags/example_branch_labels.py
[2021-07-12 21:01:20,322] {scheduler_job.py:643} INFO - DAG(s) dict_keys(['example_branch_labels']) retrieved from /home/airflow/.local/lib/python3.6/site-packages/airflow/example_dags/example_branch_labels.py
[2021-07-12 21:01:20,335] {logging_mixin.py:104} INFO - [2021-07-12 21:01:20,335] {dag.py:1833} INFO - Sync 1 DAGs
[2021-07-12 21:01:20,346] {logging_mixin.py:104} INFO - [2021-07-12 21:01:20,346] {dag.py:2306} INFO - Setting next_dagrun for example_branch_labels to 2021-07-10 00:00:00+00:00
[2021-07-12 21:01:20,389] {scheduler_job.py:190} INFO - Processing /home/airflow/.local/lib/python3.6/site-packages/airflow/example_dags/example_branch_labels.py took 0.079 seconds
[2021-07-12 21:01:50,578] {scheduler_job.py:182} INFO - Started process (PID=3755) to work on /home/airflow/.local/lib/python3.6/site-packages/airflow/example_dags/example_branch_labels.py
[2021-07-12 21:01:50,579] {scheduler_job.py:633} INFO - Processing file /home/airflow/.local/lib/python3.6/site-packages/airflow/example_dags/example_branch_labels.py for tasks to queue
[2021-07-12 21:01:50,579] {logging_mixin.py:104} INFO - [2021-07-12 21:01:50,579] {dagbag.py:496} INFO - Filling up the DagBag from /home/airflow/.local/lib/python3.6/site-packages/airflow/example_dags/example_branch_labels.py
[2021-07-12 21:01:50,587] {scheduler_job.py:643} INFO - DAG(s) dict_keys(['example_branch_labels']) retrieved from /home/airflow/.local/lib/python3.6/site-packages/airflow/example_dags/example_branch_labels.py
[2021-07-12 21:01:50,604] {logging_mixin.py:104} INFO - [2021-07-12 21:01:50,604] {dag.py:1833} INFO - Sync 1 DAGs
[2021-07-12 21:01:50,616] {logging_mixin.py:104} INFO - [2021-07-12 21:01:50,616] {dag.py:2306} INFO - Setting next_dagrun for example_branch_labels to 2021-07-10 00:00:00+00:00
[2021-07-12 21:01:50,657] {scheduler_job.py:190} INFO - Processing /home/airflow/.local/lib/python3.6/site-packages/airflow/example_dags/example_branch_labels.py took 0.081 seconds
[2021-07-12 21:02:20,724] {scheduler_job.py:182} INFO - Started process (PID=3807) to work on /home/airflow/.local/lib/python3.6/site-packages/airflow/example_dags/example_branch_labels.py
[2021-07-12 21:02:20,725] {scheduler_job.py:633} INFO - Processing file /home/airflow/.local/lib/python3.6/site-packages/airflow/example_dags/example_branch_labels.py for tasks to queue
[2021-07-12 21:02:20,725] {logging_mixin.py:104} INFO - [2021-07-12 21:02:20,725] {dagbag.py:496} INFO - Filling up the DagBag from /home/airflow/.local/lib/python3.6/site-packages/airflow/example_dags/example_branch_labels.py
[2021-07-12 21:02:20,732] {scheduler_job.py:643} INFO - DAG(s) dict_keys(['example_branch_labels']) retrieved from /home/airflow/.local/lib/python3.6/site-packages/airflow/example_dags/example_branch_labels.py
[2021-07-12 21:02:20,749] {logging_mixin.py:104} INFO - [2021-07-12 21:02:20,749] {dag.py:1833} INFO - Sync 1 DAGs
[2021-07-12 21:02:20,761] {logging_mixin.py:104} INFO - [2021-07-12 21:02:20,760] {dag.py:2306} INFO - Setting next_dagrun for example_branch_labels to 2021-07-10 00:00:00+00:00
[2021-07-12 21:02:20,803] {scheduler_job.py:190} INFO - Processing /home/airflow/.local/lib/python3.6/site-packages/airflow/example_dags/example_branch_labels.py took 0.081 seconds
[2021-07-12 21:02:51,136] {scheduler_job.py:182} INFO - Started process (PID=3871) to work on /home/airflow/.local/lib/python3.6/site-packages/airflow/example_dags/example_branch_labels.py
[2021-07-12 21:02:51,137] {scheduler_job.py:633} INFO - Processing file /home/airflow/.local/lib/python3.6/site-packages/airflow/example_dags/example_branch_labels.py for tasks to queue
[2021-07-12 21:02:51,137] {logging_mixin.py:104} INFO - [2021-07-12 21:02:51,137] {dagbag.py:496} INFO - Filling up the DagBag from /home/airflow/.local/lib/python3.6/site-packages/airflow/example_dags/example_branch_labels.py
[2021-07-12 21:02:51,148] {scheduler_job.py:643} INFO - DAG(s) dict_keys(['example_branch_labels']) retrieved from /home/airflow/.local/lib/python3.6/site-packages/airflow/example_dags/example_branch_labels.py
[2021-07-12 21:02:51,158] {logging_mixin.py:104} INFO - [2021-07-12 21:02:51,158] {dag.py:1833} INFO - Sync 1 DAGs
[2021-07-12 21:02:51,169] {logging_mixin.py:104} INFO - [2021-07-12 21:02:51,169] {dag.py:2306} INFO - Setting next_dagrun for example_branch_labels to 2021-07-10 00:00:00+00:00
[2021-07-12 21:02:51,214] {scheduler_job.py:190} INFO - Processing /home/airflow/.local/lib/python3.6/site-packages/airflow/example_dags/example_branch_labels.py took 0.080 seconds
[2021-07-12 21:03:21,414] {scheduler_job.py:182} INFO - Started process (PID=3933) to work on /home/airflow/.local/lib/python3.6/site-packages/airflow/example_dags/example_branch_labels.py
[2021-07-12 21:03:21,415] {scheduler_job.py:633} INFO - Processing file /home/airflow/.local/lib/python3.6/site-packages/airflow/example_dags/example_branch_labels.py for tasks to queue
[2021-07-12 21:03:21,415] {logging_mixin.py:104} INFO - [2021-07-12 21:03:21,415] {dagbag.py:496} INFO - Filling up the DagBag from /home/airflow/.local/lib/python3.6/site-packages/airflow/example_dags/example_branch_labels.py
[2021-07-12 21:03:21,424] {scheduler_job.py:643} INFO - DAG(s) dict_keys(['example_branch_labels']) retrieved from /home/airflow/.local/lib/python3.6/site-packages/airflow/example_dags/example_branch_labels.py
[2021-07-12 21:03:21,437] {logging_mixin.py:104} INFO - [2021-07-12 21:03:21,436] {dag.py:1833} INFO - Sync 1 DAGs
[2021-07-12 21:03:21,451] {logging_mixin.py:104} INFO - [2021-07-12 21:03:21,451] {dag.py:2306} INFO - Setting next_dagrun for example_branch_labels to 2021-07-10 00:00:00+00:00
[2021-07-12 21:03:21,495] {scheduler_job.py:190} INFO - Processing /home/airflow/.local/lib/python3.6/site-packages/airflow/example_dags/example_branch_labels.py took 0.084 seconds
[2021-07-12 21:03:52,485] {scheduler_job.py:182} INFO - Started process (PID=3995) to work on /home/airflow/.local/lib/python3.6/site-packages/airflow/example_dags/example_branch_labels.py
[2021-07-12 21:03:52,486] {scheduler_job.py:633} INFO - Processing file /home/airflow/.local/lib/python3.6/site-packages/airflow/example_dags/example_branch_labels.py for tasks to queue
[2021-07-12 21:03:52,487] {logging_mixin.py:104} INFO - [2021-07-12 21:03:52,487] {dagbag.py:496} INFO - Filling up the DagBag from /home/airflow/.local/lib/python3.6/site-packages/airflow/example_dags/example_branch_labels.py
[2021-07-12 21:03:52,495] {scheduler_job.py:643} INFO - DAG(s) dict_keys(['example_branch_labels']) retrieved from /home/airflow/.local/lib/python3.6/site-packages/airflow/example_dags/example_branch_labels.py
[2021-07-12 21:03:52,507] {logging_mixin.py:104} INFO - [2021-07-12 21:03:52,507] {dag.py:1833} INFO - Sync 1 DAGs
[2021-07-12 21:03:52,521] {logging_mixin.py:104} INFO - [2021-07-12 21:03:52,521] {dag.py:2306} INFO - Setting next_dagrun for example_branch_labels to 2021-07-10 00:00:00+00:00
[2021-07-12 21:03:52,565] {scheduler_job.py:190} INFO - Processing /home/airflow/.local/lib/python3.6/site-packages/airflow/example_dags/example_branch_labels.py took 0.082 seconds
[2021-07-12 21:04:22,820] {scheduler_job.py:182} INFO - Started process (PID=4046) to work on /home/airflow/.local/lib/python3.6/site-packages/airflow/example_dags/example_branch_labels.py
[2021-07-12 21:04:22,821] {scheduler_job.py:633} INFO - Processing file /home/airflow/.local/lib/python3.6/site-packages/airflow/example_dags/example_branch_labels.py for tasks to queue
[2021-07-12 21:04:22,821] {logging_mixin.py:104} INFO - [2021-07-12 21:04:22,821] {dagbag.py:496} INFO - Filling up the DagBag from /home/airflow/.local/lib/python3.6/site-packages/airflow/example_dags/example_branch_labels.py
[2021-07-12 21:04:22,829] {scheduler_job.py:643} INFO - DAG(s) dict_keys(['example_branch_labels']) retrieved from /home/airflow/.local/lib/python3.6/site-packages/airflow/example_dags/example_branch_labels.py
[2021-07-12 21:04:22,842] {logging_mixin.py:104} INFO - [2021-07-12 21:04:22,842] {dag.py:1833} INFO - Sync 1 DAGs
[2021-07-12 21:04:22,853] {logging_mixin.py:104} INFO - [2021-07-12 21:04:22,853] {dag.py:2306} INFO - Setting next_dagrun for example_branch_labels to 2021-07-10 00:00:00+00:00
[2021-07-12 21:04:22,896] {scheduler_job.py:190} INFO - Processing /home/airflow/.local/lib/python3.6/site-packages/airflow/example_dags/example_branch_labels.py took 0.078 seconds
[2021-07-12 21:04:53,131] {scheduler_job.py:182} INFO - Started process (PID=4108) to work on /home/airflow/.local/lib/python3.6/site-packages/airflow/example_dags/example_branch_labels.py
[2021-07-12 21:04:53,131] {scheduler_job.py:633} INFO - Processing file /home/airflow/.local/lib/python3.6/site-packages/airflow/example_dags/example_branch_labels.py for tasks to queue
[2021-07-12 21:04:53,132] {logging_mixin.py:104} INFO - [2021-07-12 21:04:53,132] {dagbag.py:496} INFO - Filling up the DagBag from /home/airflow/.local/lib/python3.6/site-packages/airflow/example_dags/example_branch_labels.py
[2021-07-12 21:04:53,140] {scheduler_job.py:643} INFO - DAG(s) dict_keys(['example_branch_labels']) retrieved from /home/airflow/.local/lib/python3.6/site-packages/airflow/example_dags/example_branch_labels.py
[2021-07-12 21:04:53,153] {logging_mixin.py:104} INFO - [2021-07-12 21:04:53,153] {dag.py:1833} INFO - Sync 1 DAGs
[2021-07-12 21:04:53,166] {logging_mixin.py:104} INFO - [2021-07-12 21:04:53,166] {dag.py:2306} INFO - Setting next_dagrun for example_branch_labels to 2021-07-10 00:00:00+00:00
[2021-07-12 21:04:53,171] {scheduler_job.py:190} INFO - Processing /home/airflow/.local/lib/python3.6/site-packages/airflow/example_dags/example_branch_labels.py took 0.043 seconds
[2021-07-12 21:05:23,386] {scheduler_job.py:182} INFO - Started process (PID=4170) to work on /home/airflow/.local/lib/python3.6/site-packages/airflow/example_dags/example_branch_labels.py
[2021-07-12 21:05:23,387] {scheduler_job.py:633} INFO - Processing file /home/airflow/.local/lib/python3.6/site-packages/airflow/example_dags/example_branch_labels.py for tasks to queue
[2021-07-12 21:05:23,387] {logging_mixin.py:104} INFO - [2021-07-12 21:05:23,387] {dagbag.py:496} INFO - Filling up the DagBag from /home/airflow/.local/lib/python3.6/site-packages/airflow/example_dags/example_branch_labels.py
[2021-07-12 21:05:23,394] {scheduler_job.py:643} INFO - DAG(s) dict_keys(['example_branch_labels']) retrieved from /home/airflow/.local/lib/python3.6/site-packages/airflow/example_dags/example_branch_labels.py
[2021-07-12 21:05:23,408] {logging_mixin.py:104} INFO - [2021-07-12 21:05:23,408] {dag.py:1833} INFO - Sync 1 DAGs
[2021-07-12 21:05:23,418] {logging_mixin.py:104} INFO - [2021-07-12 21:05:23,418] {dag.py:2306} INFO - Setting next_dagrun for example_branch_labels to 2021-07-10 00:00:00+00:00
[2021-07-12 21:05:23,461] {scheduler_job.py:190} INFO - Processing /home/airflow/.local/lib/python3.6/site-packages/airflow/example_dags/example_branch_labels.py took 0.077 seconds
[2021-07-12 21:05:53,699] {scheduler_job.py:182} INFO - Started process (PID=4221) to work on /home/airflow/.local/lib/python3.6/site-packages/airflow/example_dags/example_branch_labels.py
[2021-07-12 21:05:53,699] {scheduler_job.py:633} INFO - Processing file /home/airflow/.local/lib/python3.6/site-packages/airflow/example_dags/example_branch_labels.py for tasks to queue
[2021-07-12 21:05:53,700] {logging_mixin.py:104} INFO - [2021-07-12 21:05:53,700] {dagbag.py:496} INFO - Filling up the DagBag from /home/airflow/.local/lib/python3.6/site-packages/airflow/example_dags/example_branch_labels.py
[2021-07-12 21:05:53,708] {scheduler_job.py:643} INFO - DAG(s) dict_keys(['example_branch_labels']) retrieved from /home/airflow/.local/lib/python3.6/site-packages/airflow/example_dags/example_branch_labels.py
[2021-07-12 21:05:53,720] {logging_mixin.py:104} INFO - [2021-07-12 21:05:53,720] {dag.py:1833} INFO - Sync 1 DAGs
[2021-07-12 21:05:53,729] {logging_mixin.py:104} INFO - [2021-07-12 21:05:53,729] {dag.py:2306} INFO - Setting next_dagrun for example_branch_labels to 2021-07-10 00:00:00+00:00
[2021-07-12 21:05:53,773] {scheduler_job.py:190} INFO - Processing /home/airflow/.local/lib/python3.6/site-packages/airflow/example_dags/example_branch_labels.py took 0.076 seconds
[2021-07-12 21:06:23,906] {scheduler_job.py:182} INFO - Started process (PID=4282) to work on /home/airflow/.local/lib/python3.6/site-packages/airflow/example_dags/example_branch_labels.py
[2021-07-12 21:06:23,908] {scheduler_job.py:633} INFO - Processing file /home/airflow/.local/lib/python3.6/site-packages/airflow/example_dags/example_branch_labels.py for tasks to queue
[2021-07-12 21:06:23,909] {logging_mixin.py:104} INFO - [2021-07-12 21:06:23,909] {dagbag.py:496} INFO - Filling up the DagBag from /home/airflow/.local/lib/python3.6/site-packages/airflow/example_dags/example_branch_labels.py
[2021-07-12 21:06:23,916] {scheduler_job.py:643} INFO - DAG(s) dict_keys(['example_branch_labels']) retrieved from /home/airflow/.local/lib/python3.6/site-packages/airflow/example_dags/example_branch_labels.py
[2021-07-12 21:06:23,928] {logging_mixin.py:104} INFO - [2021-07-12 21:06:23,928] {dag.py:1833} INFO - Sync 1 DAGs
[2021-07-12 21:06:23,944] {logging_mixin.py:104} INFO - [2021-07-12 21:06:23,944] {dag.py:2306} INFO - Setting next_dagrun for example_branch_labels to 2021-07-10 00:00:00+00:00
[2021-07-12 21:06:23,948] {scheduler_job.py:190} INFO - Processing /home/airflow/.local/lib/python3.6/site-packages/airflow/example_dags/example_branch_labels.py took 0.045 seconds
[2021-07-12 21:06:54,292] {scheduler_job.py:182} INFO - Started process (PID=4344) to work on /home/airflow/.local/lib/python3.6/site-packages/airflow/example_dags/example_branch_labels.py
[2021-07-12 21:06:54,293] {scheduler_job.py:633} INFO - Processing file /home/airflow/.local/lib/python3.6/site-packages/airflow/example_dags/example_branch_labels.py for tasks to queue
[2021-07-12 21:06:54,293] {logging_mixin.py:104} INFO - [2021-07-12 21:06:54,293] {dagbag.py:496} INFO - Filling up the DagBag from /home/airflow/.local/lib/python3.6/site-packages/airflow/example_dags/example_branch_labels.py
[2021-07-12 21:06:54,301] {scheduler_job.py:643} INFO - DAG(s) dict_keys(['example_branch_labels']) retrieved from /home/airflow/.local/lib/python3.6/site-packages/airflow/example_dags/example_branch_labels.py
[2021-07-12 21:06:54,313] {logging_mixin.py:104} INFO - [2021-07-12 21:06:54,312] {dag.py:1833} INFO - Sync 1 DAGs
[2021-07-12 21:06:54,323] {logging_mixin.py:104} INFO - [2021-07-12 21:06:54,323] {dag.py:2306} INFO - Setting next_dagrun for example_branch_labels to 2021-07-10 00:00:00+00:00
[2021-07-12 21:06:54,367] {scheduler_job.py:190} INFO - Processing /home/airflow/.local/lib/python3.6/site-packages/airflow/example_dags/example_branch_labels.py took 0.078 seconds
[2021-07-12 21:07:24,606] {scheduler_job.py:182} INFO - Started process (PID=4402) to work on /home/airflow/.local/lib/python3.6/site-packages/airflow/example_dags/example_branch_labels.py
[2021-07-12 21:07:24,607] {scheduler_job.py:633} INFO - Processing file /home/airflow/.local/lib/python3.6/site-packages/airflow/example_dags/example_branch_labels.py for tasks to queue
[2021-07-12 21:07:24,607] {logging_mixin.py:104} INFO - [2021-07-12 21:07:24,607] {dagbag.py:496} INFO - Filling up the DagBag from /home/airflow/.local/lib/python3.6/site-packages/airflow/example_dags/example_branch_labels.py
[2021-07-12 21:07:24,617] {scheduler_job.py:643} INFO - DAG(s) dict_keys(['example_branch_labels']) retrieved from /home/airflow/.local/lib/python3.6/site-packages/airflow/example_dags/example_branch_labels.py
[2021-07-12 21:07:24,627] {logging_mixin.py:104} INFO - [2021-07-12 21:07:24,627] {dag.py:1833} INFO - Sync 1 DAGs
[2021-07-12 21:07:24,645] {logging_mixin.py:104} INFO - [2021-07-12 21:07:24,645] {dag.py:2306} INFO - Setting next_dagrun for example_branch_labels to 2021-07-10 00:00:00+00:00
[2021-07-12 21:07:24,651] {scheduler_job.py:190} INFO - Processing /home/airflow/.local/lib/python3.6/site-packages/airflow/example_dags/example_branch_labels.py took 0.047 seconds
[2021-07-12 21:07:54,909] {scheduler_job.py:182} INFO - Started process (PID=4459) to work on /home/airflow/.local/lib/python3.6/site-packages/airflow/example_dags/example_branch_labels.py
[2021-07-12 21:07:54,910] {scheduler_job.py:633} INFO - Processing file /home/airflow/.local/lib/python3.6/site-packages/airflow/example_dags/example_branch_labels.py for tasks to queue
[2021-07-12 21:07:54,910] {logging_mixin.py:104} INFO - [2021-07-12 21:07:54,910] {dagbag.py:496} INFO - Filling up the DagBag from /home/airflow/.local/lib/python3.6/site-packages/airflow/example_dags/example_branch_labels.py
[2021-07-12 21:07:54,917] {scheduler_job.py:643} INFO - DAG(s) dict_keys(['example_branch_labels']) retrieved from /home/airflow/.local/lib/python3.6/site-packages/airflow/example_dags/example_branch_labels.py
[2021-07-12 21:07:54,929] {logging_mixin.py:104} INFO - [2021-07-12 21:07:54,929] {dag.py:1833} INFO - Sync 1 DAGs
[2021-07-12 21:07:54,942] {logging_mixin.py:104} INFO - [2021-07-12 21:07:54,942] {dag.py:2306} INFO - Setting next_dagrun for example_branch_labels to 2021-07-10 00:00:00+00:00
[2021-07-12 21:07:54,986] {scheduler_job.py:190} INFO - Processing /home/airflow/.local/lib/python3.6/site-packages/airflow/example_dags/example_branch_labels.py took 0.080 seconds
[2021-07-12 21:08:25,215] {scheduler_job.py:182} INFO - Started process (PID=4521) to work on /home/airflow/.local/lib/python3.6/site-packages/airflow/example_dags/example_branch_labels.py
[2021-07-12 21:08:25,215] {scheduler_job.py:633} INFO - Processing file /home/airflow/.local/lib/python3.6/site-packages/airflow/example_dags/example_branch_labels.py for tasks to queue
[2021-07-12 21:08:25,216] {logging_mixin.py:104} INFO - [2021-07-12 21:08:25,216] {dagbag.py:496} INFO - Filling up the DagBag from /home/airflow/.local/lib/python3.6/site-packages/airflow/example_dags/example_branch_labels.py
[2021-07-12 21:08:25,223] {scheduler_job.py:643} INFO - DAG(s) dict_keys(['example_branch_labels']) retrieved from /home/airflow/.local/lib/python3.6/site-packages/airflow/example_dags/example_branch_labels.py
[2021-07-12 21:08:25,237] {logging_mixin.py:104} INFO - [2021-07-12 21:08:25,237] {dag.py:1833} INFO - Sync 1 DAGs
[2021-07-12 21:08:25,249] {logging_mixin.py:104} INFO - [2021-07-12 21:08:25,249] {dag.py:2306} INFO - Setting next_dagrun for example_branch_labels to 2021-07-10 00:00:00+00:00
[2021-07-12 21:08:25,292] {scheduler_job.py:190} INFO - Processing /home/airflow/.local/lib/python3.6/site-packages/airflow/example_dags/example_branch_labels.py took 0.079 seconds
