[2021-07-12 20:30:03,046] {scheduler_job.py:182} INFO - Started process (PID=27) to work on /home/airflow/.local/lib/python3.6/site-packages/airflow/example_dags/example_xcom.py
[2021-07-12 20:30:03,047] {scheduler_job.py:633} INFO - Processing file /home/airflow/.local/lib/python3.6/site-packages/airflow/example_dags/example_xcom.py for tasks to queue
[2021-07-12 20:30:03,047] {logging_mixin.py:104} INFO - [2021-07-12 20:30:03,047] {dagbag.py:496} INFO - Filling up the DagBag from /home/airflow/.local/lib/python3.6/site-packages/airflow/example_dags/example_xcom.py
[2021-07-12 20:30:03,056] {scheduler_job.py:643} INFO - DAG(s) dict_keys(['example_xcom']) retrieved from /home/airflow/.local/lib/python3.6/site-packages/airflow/example_dags/example_xcom.py
[2021-07-12 20:30:03,243] {logging_mixin.py:104} INFO - [2021-07-12 20:30:03,243] {dag.py:1833} INFO - Sync 1 DAGs
[2021-07-12 20:30:03,254] {logging_mixin.py:104} INFO - [2021-07-12 20:30:03,254] {dag.py:2306} INFO - Setting next_dagrun for example_xcom to 2021-07-10 00:00:00+00:00
[2021-07-12 20:30:03,263] {scheduler_job.py:190} INFO - Processing /home/airflow/.local/lib/python3.6/site-packages/airflow/example_dags/example_xcom.py took 0.219 seconds
[2021-07-12 20:30:34,229] {scheduler_job.py:182} INFO - Started process (PID=89) to work on /home/airflow/.local/lib/python3.6/site-packages/airflow/example_dags/example_xcom.py
[2021-07-12 20:30:34,230] {scheduler_job.py:633} INFO - Processing file /home/airflow/.local/lib/python3.6/site-packages/airflow/example_dags/example_xcom.py for tasks to queue
[2021-07-12 20:30:34,230] {logging_mixin.py:104} INFO - [2021-07-12 20:30:34,230] {dagbag.py:496} INFO - Filling up the DagBag from /home/airflow/.local/lib/python3.6/site-packages/airflow/example_dags/example_xcom.py
[2021-07-12 20:30:34,239] {scheduler_job.py:643} INFO - DAG(s) dict_keys(['example_xcom']) retrieved from /home/airflow/.local/lib/python3.6/site-packages/airflow/example_dags/example_xcom.py
[2021-07-12 20:30:34,249] {logging_mixin.py:104} INFO - [2021-07-12 20:30:34,249] {dag.py:1833} INFO - Sync 1 DAGs
[2021-07-12 20:30:34,259] {logging_mixin.py:104} INFO - [2021-07-12 20:30:34,258] {dag.py:2306} INFO - Setting next_dagrun for example_xcom to 2021-07-10 00:00:00+00:00
[2021-07-12 20:30:34,302] {scheduler_job.py:190} INFO - Processing /home/airflow/.local/lib/python3.6/site-packages/airflow/example_dags/example_xcom.py took 0.075 seconds
[2021-07-12 20:31:04,480] {scheduler_job.py:182} INFO - Started process (PID=151) to work on /home/airflow/.local/lib/python3.6/site-packages/airflow/example_dags/example_xcom.py
[2021-07-12 20:31:04,481] {scheduler_job.py:633} INFO - Processing file /home/airflow/.local/lib/python3.6/site-packages/airflow/example_dags/example_xcom.py for tasks to queue
[2021-07-12 20:31:04,481] {logging_mixin.py:104} INFO - [2021-07-12 20:31:04,481] {dagbag.py:496} INFO - Filling up the DagBag from /home/airflow/.local/lib/python3.6/site-packages/airflow/example_dags/example_xcom.py
[2021-07-12 20:31:04,490] {scheduler_job.py:643} INFO - DAG(s) dict_keys(['example_xcom']) retrieved from /home/airflow/.local/lib/python3.6/site-packages/airflow/example_dags/example_xcom.py
[2021-07-12 20:31:04,502] {logging_mixin.py:104} INFO - [2021-07-12 20:31:04,502] {dag.py:1833} INFO - Sync 1 DAGs
[2021-07-12 20:31:04,510] {logging_mixin.py:104} INFO - [2021-07-12 20:31:04,510] {dag.py:2306} INFO - Setting next_dagrun for example_xcom to 2021-07-10 00:00:00+00:00
[2021-07-12 20:31:04,554] {scheduler_job.py:190} INFO - Processing /home/airflow/.local/lib/python3.6/site-packages/airflow/example_dags/example_xcom.py took 0.076 seconds
[2021-07-12 20:31:34,770] {scheduler_job.py:182} INFO - Started process (PID=204) to work on /home/airflow/.local/lib/python3.6/site-packages/airflow/example_dags/example_xcom.py
[2021-07-12 20:31:34,771] {scheduler_job.py:633} INFO - Processing file /home/airflow/.local/lib/python3.6/site-packages/airflow/example_dags/example_xcom.py for tasks to queue
[2021-07-12 20:31:34,772] {logging_mixin.py:104} INFO - [2021-07-12 20:31:34,772] {dagbag.py:496} INFO - Filling up the DagBag from /home/airflow/.local/lib/python3.6/site-packages/airflow/example_dags/example_xcom.py
[2021-07-12 20:31:34,780] {scheduler_job.py:643} INFO - DAG(s) dict_keys(['example_xcom']) retrieved from /home/airflow/.local/lib/python3.6/site-packages/airflow/example_dags/example_xcom.py
[2021-07-12 20:31:34,795] {logging_mixin.py:104} INFO - [2021-07-12 20:31:34,795] {dag.py:1833} INFO - Sync 1 DAGs
[2021-07-12 20:31:34,806] {logging_mixin.py:104} INFO - [2021-07-12 20:31:34,806] {dag.py:2306} INFO - Setting next_dagrun for example_xcom to 2021-07-10 00:00:00+00:00
[2021-07-12 20:31:34,812] {scheduler_job.py:190} INFO - Processing /home/airflow/.local/lib/python3.6/site-packages/airflow/example_dags/example_xcom.py took 0.044 seconds
[2021-07-12 20:32:04,878] {scheduler_job.py:182} INFO - Started process (PID=265) to work on /home/airflow/.local/lib/python3.6/site-packages/airflow/example_dags/example_xcom.py
[2021-07-12 20:32:04,880] {scheduler_job.py:633} INFO - Processing file /home/airflow/.local/lib/python3.6/site-packages/airflow/example_dags/example_xcom.py for tasks to queue
[2021-07-12 20:32:04,880] {logging_mixin.py:104} INFO - [2021-07-12 20:32:04,880] {dagbag.py:496} INFO - Filling up the DagBag from /home/airflow/.local/lib/python3.6/site-packages/airflow/example_dags/example_xcom.py
[2021-07-12 20:32:04,887] {scheduler_job.py:643} INFO - DAG(s) dict_keys(['example_xcom']) retrieved from /home/airflow/.local/lib/python3.6/site-packages/airflow/example_dags/example_xcom.py
[2021-07-12 20:32:04,900] {logging_mixin.py:104} INFO - [2021-07-12 20:32:04,900] {dag.py:1833} INFO - Sync 1 DAGs
[2021-07-12 20:32:04,912] {logging_mixin.py:104} INFO - [2021-07-12 20:32:04,911] {dag.py:2306} INFO - Setting next_dagrun for example_xcom to 2021-07-10 00:00:00+00:00
[2021-07-12 20:32:04,918] {scheduler_job.py:190} INFO - Processing /home/airflow/.local/lib/python3.6/site-packages/airflow/example_dags/example_xcom.py took 0.041 seconds
[2021-07-12 20:32:34,974] {scheduler_job.py:182} INFO - Started process (PID=326) to work on /home/airflow/.local/lib/python3.6/site-packages/airflow/example_dags/example_xcom.py
[2021-07-12 20:32:34,974] {scheduler_job.py:633} INFO - Processing file /home/airflow/.local/lib/python3.6/site-packages/airflow/example_dags/example_xcom.py for tasks to queue
[2021-07-12 20:32:34,974] {logging_mixin.py:104} INFO - [2021-07-12 20:32:34,974] {dagbag.py:496} INFO - Filling up the DagBag from /home/airflow/.local/lib/python3.6/site-packages/airflow/example_dags/example_xcom.py
[2021-07-12 20:32:34,982] {scheduler_job.py:643} INFO - DAG(s) dict_keys(['example_xcom']) retrieved from /home/airflow/.local/lib/python3.6/site-packages/airflow/example_dags/example_xcom.py
[2021-07-12 20:32:34,993] {logging_mixin.py:104} INFO - [2021-07-12 20:32:34,993] {dag.py:1833} INFO - Sync 1 DAGs
[2021-07-12 20:32:35,002] {logging_mixin.py:104} INFO - [2021-07-12 20:32:35,002] {dag.py:2306} INFO - Setting next_dagrun for example_xcom to 2021-07-10 00:00:00+00:00
[2021-07-12 20:32:35,007] {scheduler_job.py:190} INFO - Processing /home/airflow/.local/lib/python3.6/site-packages/airflow/example_dags/example_xcom.py took 0.035 seconds
[2021-07-12 20:33:05,320] {scheduler_job.py:182} INFO - Started process (PID=377) to work on /home/airflow/.local/lib/python3.6/site-packages/airflow/example_dags/example_xcom.py
[2021-07-12 20:33:05,321] {scheduler_job.py:633} INFO - Processing file /home/airflow/.local/lib/python3.6/site-packages/airflow/example_dags/example_xcom.py for tasks to queue
[2021-07-12 20:33:05,321] {logging_mixin.py:104} INFO - [2021-07-12 20:33:05,321] {dagbag.py:496} INFO - Filling up the DagBag from /home/airflow/.local/lib/python3.6/site-packages/airflow/example_dags/example_xcom.py
[2021-07-12 20:33:05,327] {scheduler_job.py:643} INFO - DAG(s) dict_keys(['example_xcom']) retrieved from /home/airflow/.local/lib/python3.6/site-packages/airflow/example_dags/example_xcom.py
[2021-07-12 20:33:05,338] {logging_mixin.py:104} INFO - [2021-07-12 20:33:05,338] {dag.py:1833} INFO - Sync 1 DAGs
[2021-07-12 20:33:05,346] {logging_mixin.py:104} INFO - [2021-07-12 20:33:05,346] {dag.py:2306} INFO - Setting next_dagrun for example_xcom to 2021-07-10 00:00:00+00:00
[2021-07-12 20:33:05,351] {scheduler_job.py:190} INFO - Processing /home/airflow/.local/lib/python3.6/site-packages/airflow/example_dags/example_xcom.py took 0.032 seconds
[2021-07-12 20:33:35,413] {scheduler_job.py:182} INFO - Started process (PID=437) to work on /home/airflow/.local/lib/python3.6/site-packages/airflow/example_dags/example_xcom.py
[2021-07-12 20:33:35,413] {scheduler_job.py:633} INFO - Processing file /home/airflow/.local/lib/python3.6/site-packages/airflow/example_dags/example_xcom.py for tasks to queue
[2021-07-12 20:33:35,414] {logging_mixin.py:104} INFO - [2021-07-12 20:33:35,414] {dagbag.py:496} INFO - Filling up the DagBag from /home/airflow/.local/lib/python3.6/site-packages/airflow/example_dags/example_xcom.py
[2021-07-12 20:33:35,419] {scheduler_job.py:643} INFO - DAG(s) dict_keys(['example_xcom']) retrieved from /home/airflow/.local/lib/python3.6/site-packages/airflow/example_dags/example_xcom.py
[2021-07-12 20:33:35,431] {logging_mixin.py:104} INFO - [2021-07-12 20:33:35,431] {dag.py:1833} INFO - Sync 1 DAGs
[2021-07-12 20:33:35,440] {logging_mixin.py:104} INFO - [2021-07-12 20:33:35,440] {dag.py:2306} INFO - Setting next_dagrun for example_xcom to 2021-07-10 00:00:00+00:00
[2021-07-12 20:33:35,445] {scheduler_job.py:190} INFO - Processing /home/airflow/.local/lib/python3.6/site-packages/airflow/example_dags/example_xcom.py took 0.033 seconds
[2021-07-12 20:34:05,797] {scheduler_job.py:182} INFO - Started process (PID=499) to work on /home/airflow/.local/lib/python3.6/site-packages/airflow/example_dags/example_xcom.py
[2021-07-12 20:34:05,798] {scheduler_job.py:633} INFO - Processing file /home/airflow/.local/lib/python3.6/site-packages/airflow/example_dags/example_xcom.py for tasks to queue
[2021-07-12 20:34:05,798] {logging_mixin.py:104} INFO - [2021-07-12 20:34:05,798] {dagbag.py:496} INFO - Filling up the DagBag from /home/airflow/.local/lib/python3.6/site-packages/airflow/example_dags/example_xcom.py
[2021-07-12 20:34:05,806] {scheduler_job.py:643} INFO - DAG(s) dict_keys(['example_xcom']) retrieved from /home/airflow/.local/lib/python3.6/site-packages/airflow/example_dags/example_xcom.py
[2021-07-12 20:34:05,817] {logging_mixin.py:104} INFO - [2021-07-12 20:34:05,816] {dag.py:1833} INFO - Sync 1 DAGs
[2021-07-12 20:34:05,827] {logging_mixin.py:104} INFO - [2021-07-12 20:34:05,827] {dag.py:2306} INFO - Setting next_dagrun for example_xcom to 2021-07-10 00:00:00+00:00
[2021-07-12 20:34:05,834] {scheduler_job.py:190} INFO - Processing /home/airflow/.local/lib/python3.6/site-packages/airflow/example_dags/example_xcom.py took 0.039 seconds
[2021-07-12 20:34:35,864] {scheduler_job.py:182} INFO - Started process (PID=551) to work on /home/airflow/.local/lib/python3.6/site-packages/airflow/example_dags/example_xcom.py
[2021-07-12 20:34:35,864] {scheduler_job.py:633} INFO - Processing file /home/airflow/.local/lib/python3.6/site-packages/airflow/example_dags/example_xcom.py for tasks to queue
[2021-07-12 20:34:35,865] {logging_mixin.py:104} INFO - [2021-07-12 20:34:35,865] {dagbag.py:496} INFO - Filling up the DagBag from /home/airflow/.local/lib/python3.6/site-packages/airflow/example_dags/example_xcom.py
[2021-07-12 20:34:35,873] {scheduler_job.py:643} INFO - DAG(s) dict_keys(['example_xcom']) retrieved from /home/airflow/.local/lib/python3.6/site-packages/airflow/example_dags/example_xcom.py
[2021-07-12 20:34:35,889] {logging_mixin.py:104} INFO - [2021-07-12 20:34:35,889] {dag.py:1833} INFO - Sync 1 DAGs
[2021-07-12 20:34:35,900] {logging_mixin.py:104} INFO - [2021-07-12 20:34:35,900] {dag.py:2306} INFO - Setting next_dagrun for example_xcom to 2021-07-10 00:00:00+00:00
[2021-07-12 20:34:35,907] {scheduler_job.py:190} INFO - Processing /home/airflow/.local/lib/python3.6/site-packages/airflow/example_dags/example_xcom.py took 0.045 seconds
[2021-07-12 20:35:06,019] {scheduler_job.py:182} INFO - Started process (PID=614) to work on /home/airflow/.local/lib/python3.6/site-packages/airflow/example_dags/example_xcom.py
[2021-07-12 20:35:06,020] {scheduler_job.py:633} INFO - Processing file /home/airflow/.local/lib/python3.6/site-packages/airflow/example_dags/example_xcom.py for tasks to queue
[2021-07-12 20:35:06,020] {logging_mixin.py:104} INFO - [2021-07-12 20:35:06,020] {dagbag.py:496} INFO - Filling up the DagBag from /home/airflow/.local/lib/python3.6/site-packages/airflow/example_dags/example_xcom.py
[2021-07-12 20:35:06,026] {scheduler_job.py:643} INFO - DAG(s) dict_keys(['example_xcom']) retrieved from /home/airflow/.local/lib/python3.6/site-packages/airflow/example_dags/example_xcom.py
[2021-07-12 20:35:06,039] {logging_mixin.py:104} INFO - [2021-07-12 20:35:06,039] {dag.py:1833} INFO - Sync 1 DAGs
[2021-07-12 20:35:06,047] {logging_mixin.py:104} INFO - [2021-07-12 20:35:06,047] {dag.py:2306} INFO - Setting next_dagrun for example_xcom to 2021-07-10 00:00:00+00:00
[2021-07-12 20:35:06,054] {scheduler_job.py:190} INFO - Processing /home/airflow/.local/lib/python3.6/site-packages/airflow/example_dags/example_xcom.py took 0.037 seconds
[2021-07-12 20:35:36,344] {scheduler_job.py:182} INFO - Started process (PID=677) to work on /home/airflow/.local/lib/python3.6/site-packages/airflow/example_dags/example_xcom.py
[2021-07-12 20:35:36,344] {scheduler_job.py:633} INFO - Processing file /home/airflow/.local/lib/python3.6/site-packages/airflow/example_dags/example_xcom.py for tasks to queue
[2021-07-12 20:35:36,345] {logging_mixin.py:104} INFO - [2021-07-12 20:35:36,344] {dagbag.py:496} INFO - Filling up the DagBag from /home/airflow/.local/lib/python3.6/site-packages/airflow/example_dags/example_xcom.py
[2021-07-12 20:35:36,353] {scheduler_job.py:643} INFO - DAG(s) dict_keys(['example_xcom']) retrieved from /home/airflow/.local/lib/python3.6/site-packages/airflow/example_dags/example_xcom.py
[2021-07-12 20:35:36,365] {logging_mixin.py:104} INFO - [2021-07-12 20:35:36,365] {dag.py:1833} INFO - Sync 1 DAGs
[2021-07-12 20:35:36,374] {logging_mixin.py:104} INFO - [2021-07-12 20:35:36,373] {dag.py:2306} INFO - Setting next_dagrun for example_xcom to 2021-07-10 00:00:00+00:00
[2021-07-12 20:35:36,379] {scheduler_job.py:190} INFO - Processing /home/airflow/.local/lib/python3.6/site-packages/airflow/example_dags/example_xcom.py took 0.037 seconds
[2021-07-12 20:36:06,474] {scheduler_job.py:182} INFO - Started process (PID=744) to work on /home/airflow/.local/lib/python3.6/site-packages/airflow/example_dags/example_xcom.py
[2021-07-12 20:36:06,475] {scheduler_job.py:633} INFO - Processing file /home/airflow/.local/lib/python3.6/site-packages/airflow/example_dags/example_xcom.py for tasks to queue
[2021-07-12 20:36:06,476] {logging_mixin.py:104} INFO - [2021-07-12 20:36:06,476] {dagbag.py:496} INFO - Filling up the DagBag from /home/airflow/.local/lib/python3.6/site-packages/airflow/example_dags/example_xcom.py
[2021-07-12 20:36:06,483] {scheduler_job.py:643} INFO - DAG(s) dict_keys(['example_xcom']) retrieved from /home/airflow/.local/lib/python3.6/site-packages/airflow/example_dags/example_xcom.py
[2021-07-12 20:36:06,496] {logging_mixin.py:104} INFO - [2021-07-12 20:36:06,496] {dag.py:1833} INFO - Sync 1 DAGs
[2021-07-12 20:36:06,508] {logging_mixin.py:104} INFO - [2021-07-12 20:36:06,508] {dag.py:2306} INFO - Setting next_dagrun for example_xcom to 2021-07-10 00:00:00+00:00
[2021-07-12 20:36:06,514] {scheduler_job.py:190} INFO - Processing /home/airflow/.local/lib/python3.6/site-packages/airflow/example_dags/example_xcom.py took 0.042 seconds
[2021-07-12 20:36:36,809] {scheduler_job.py:182} INFO - Started process (PID=795) to work on /home/airflow/.local/lib/python3.6/site-packages/airflow/example_dags/example_xcom.py
[2021-07-12 20:36:36,810] {scheduler_job.py:633} INFO - Processing file /home/airflow/.local/lib/python3.6/site-packages/airflow/example_dags/example_xcom.py for tasks to queue
[2021-07-12 20:36:36,810] {logging_mixin.py:104} INFO - [2021-07-12 20:36:36,810] {dagbag.py:496} INFO - Filling up the DagBag from /home/airflow/.local/lib/python3.6/site-packages/airflow/example_dags/example_xcom.py
[2021-07-12 20:36:36,816] {scheduler_job.py:643} INFO - DAG(s) dict_keys(['example_xcom']) retrieved from /home/airflow/.local/lib/python3.6/site-packages/airflow/example_dags/example_xcom.py
[2021-07-12 20:36:36,826] {logging_mixin.py:104} INFO - [2021-07-12 20:36:36,826] {dag.py:1833} INFO - Sync 1 DAGs
[2021-07-12 20:36:36,836] {logging_mixin.py:104} INFO - [2021-07-12 20:36:36,836] {dag.py:2306} INFO - Setting next_dagrun for example_xcom to 2021-07-10 00:00:00+00:00
[2021-07-12 20:36:36,842] {scheduler_job.py:190} INFO - Processing /home/airflow/.local/lib/python3.6/site-packages/airflow/example_dags/example_xcom.py took 0.034 seconds
[2021-07-12 20:37:07,075] {scheduler_job.py:182} INFO - Started process (PID=856) to work on /home/airflow/.local/lib/python3.6/site-packages/airflow/example_dags/example_xcom.py
[2021-07-12 20:37:07,075] {scheduler_job.py:633} INFO - Processing file /home/airflow/.local/lib/python3.6/site-packages/airflow/example_dags/example_xcom.py for tasks to queue
[2021-07-12 20:37:07,076] {logging_mixin.py:104} INFO - [2021-07-12 20:37:07,075] {dagbag.py:496} INFO - Filling up the DagBag from /home/airflow/.local/lib/python3.6/site-packages/airflow/example_dags/example_xcom.py
[2021-07-12 20:37:07,081] {scheduler_job.py:643} INFO - DAG(s) dict_keys(['example_xcom']) retrieved from /home/airflow/.local/lib/python3.6/site-packages/airflow/example_dags/example_xcom.py
[2021-07-12 20:37:07,091] {logging_mixin.py:104} INFO - [2021-07-12 20:37:07,090] {dag.py:1833} INFO - Sync 1 DAGs
[2021-07-12 20:37:07,099] {logging_mixin.py:104} INFO - [2021-07-12 20:37:07,099] {dag.py:2306} INFO - Setting next_dagrun for example_xcom to 2021-07-10 00:00:00+00:00
[2021-07-12 20:37:07,105] {scheduler_job.py:190} INFO - Processing /home/airflow/.local/lib/python3.6/site-packages/airflow/example_dags/example_xcom.py took 0.031 seconds
[2021-07-12 20:37:37,347] {scheduler_job.py:182} INFO - Started process (PID=917) to work on /home/airflow/.local/lib/python3.6/site-packages/airflow/example_dags/example_xcom.py
[2021-07-12 20:37:37,347] {scheduler_job.py:633} INFO - Processing file /home/airflow/.local/lib/python3.6/site-packages/airflow/example_dags/example_xcom.py for tasks to queue
[2021-07-12 20:37:37,348] {logging_mixin.py:104} INFO - [2021-07-12 20:37:37,348] {dagbag.py:496} INFO - Filling up the DagBag from /home/airflow/.local/lib/python3.6/site-packages/airflow/example_dags/example_xcom.py
[2021-07-12 20:37:37,355] {scheduler_job.py:643} INFO - DAG(s) dict_keys(['example_xcom']) retrieved from /home/airflow/.local/lib/python3.6/site-packages/airflow/example_dags/example_xcom.py
[2021-07-12 20:37:37,368] {logging_mixin.py:104} INFO - [2021-07-12 20:37:37,368] {dag.py:1833} INFO - Sync 1 DAGs
[2021-07-12 20:37:37,379] {logging_mixin.py:104} INFO - [2021-07-12 20:37:37,379] {dag.py:2306} INFO - Setting next_dagrun for example_xcom to 2021-07-10 00:00:00+00:00
[2021-07-12 20:37:37,384] {scheduler_job.py:190} INFO - Processing /home/airflow/.local/lib/python3.6/site-packages/airflow/example_dags/example_xcom.py took 0.039 seconds
[2021-07-12 20:38:07,665] {scheduler_job.py:182} INFO - Started process (PID=969) to work on /home/airflow/.local/lib/python3.6/site-packages/airflow/example_dags/example_xcom.py
[2021-07-12 20:38:07,666] {scheduler_job.py:633} INFO - Processing file /home/airflow/.local/lib/python3.6/site-packages/airflow/example_dags/example_xcom.py for tasks to queue
[2021-07-12 20:38:07,666] {logging_mixin.py:104} INFO - [2021-07-12 20:38:07,666] {dagbag.py:496} INFO - Filling up the DagBag from /home/airflow/.local/lib/python3.6/site-packages/airflow/example_dags/example_xcom.py
[2021-07-12 20:38:07,672] {scheduler_job.py:643} INFO - DAG(s) dict_keys(['example_xcom']) retrieved from /home/airflow/.local/lib/python3.6/site-packages/airflow/example_dags/example_xcom.py
[2021-07-12 20:38:07,684] {logging_mixin.py:104} INFO - [2021-07-12 20:38:07,684] {dag.py:1833} INFO - Sync 1 DAGs
[2021-07-12 20:38:07,697] {logging_mixin.py:104} INFO - [2021-07-12 20:38:07,697] {dag.py:2306} INFO - Setting next_dagrun for example_xcom to 2021-07-10 00:00:00+00:00
[2021-07-12 20:38:07,703] {scheduler_job.py:190} INFO - Processing /home/airflow/.local/lib/python3.6/site-packages/airflow/example_dags/example_xcom.py took 0.039 seconds
[2021-07-12 20:38:37,736] {scheduler_job.py:182} INFO - Started process (PID=1030) to work on /home/airflow/.local/lib/python3.6/site-packages/airflow/example_dags/example_xcom.py
[2021-07-12 20:38:37,737] {scheduler_job.py:633} INFO - Processing file /home/airflow/.local/lib/python3.6/site-packages/airflow/example_dags/example_xcom.py for tasks to queue
[2021-07-12 20:38:37,737] {logging_mixin.py:104} INFO - [2021-07-12 20:38:37,737] {dagbag.py:496} INFO - Filling up the DagBag from /home/airflow/.local/lib/python3.6/site-packages/airflow/example_dags/example_xcom.py
[2021-07-12 20:38:37,745] {scheduler_job.py:643} INFO - DAG(s) dict_keys(['example_xcom']) retrieved from /home/airflow/.local/lib/python3.6/site-packages/airflow/example_dags/example_xcom.py
[2021-07-12 20:38:37,758] {logging_mixin.py:104} INFO - [2021-07-12 20:38:37,758] {dag.py:1833} INFO - Sync 1 DAGs
[2021-07-12 20:38:37,769] {logging_mixin.py:104} INFO - [2021-07-12 20:38:37,769] {dag.py:2306} INFO - Setting next_dagrun for example_xcom to 2021-07-10 00:00:00+00:00
[2021-07-12 20:38:37,775] {scheduler_job.py:190} INFO - Processing /home/airflow/.local/lib/python3.6/site-packages/airflow/example_dags/example_xcom.py took 0.041 seconds
[2021-07-12 20:39:08,209] {scheduler_job.py:182} INFO - Started process (PID=1092) to work on /home/airflow/.local/lib/python3.6/site-packages/airflow/example_dags/example_xcom.py
[2021-07-12 20:39:08,209] {scheduler_job.py:633} INFO - Processing file /home/airflow/.local/lib/python3.6/site-packages/airflow/example_dags/example_xcom.py for tasks to queue
[2021-07-12 20:39:08,209] {logging_mixin.py:104} INFO - [2021-07-12 20:39:08,209] {dagbag.py:496} INFO - Filling up the DagBag from /home/airflow/.local/lib/python3.6/site-packages/airflow/example_dags/example_xcom.py
[2021-07-12 20:39:08,215] {scheduler_job.py:643} INFO - DAG(s) dict_keys(['example_xcom']) retrieved from /home/airflow/.local/lib/python3.6/site-packages/airflow/example_dags/example_xcom.py
[2021-07-12 20:39:08,228] {logging_mixin.py:104} INFO - [2021-07-12 20:39:08,227] {dag.py:1833} INFO - Sync 1 DAGs
[2021-07-12 20:39:08,237] {logging_mixin.py:104} INFO - [2021-07-12 20:39:08,237] {dag.py:2306} INFO - Setting next_dagrun for example_xcom to 2021-07-10 00:00:00+00:00
[2021-07-12 20:39:08,241] {scheduler_job.py:190} INFO - Processing /home/airflow/.local/lib/python3.6/site-packages/airflow/example_dags/example_xcom.py took 0.034 seconds
[2021-07-12 20:39:38,416] {scheduler_job.py:182} INFO - Started process (PID=1144) to work on /home/airflow/.local/lib/python3.6/site-packages/airflow/example_dags/example_xcom.py
[2021-07-12 20:39:38,417] {scheduler_job.py:633} INFO - Processing file /home/airflow/.local/lib/python3.6/site-packages/airflow/example_dags/example_xcom.py for tasks to queue
[2021-07-12 20:39:38,417] {logging_mixin.py:104} INFO - [2021-07-12 20:39:38,417] {dagbag.py:496} INFO - Filling up the DagBag from /home/airflow/.local/lib/python3.6/site-packages/airflow/example_dags/example_xcom.py
[2021-07-12 20:39:38,425] {scheduler_job.py:643} INFO - DAG(s) dict_keys(['example_xcom']) retrieved from /home/airflow/.local/lib/python3.6/site-packages/airflow/example_dags/example_xcom.py
[2021-07-12 20:39:38,441] {logging_mixin.py:104} INFO - [2021-07-12 20:39:38,441] {dag.py:1833} INFO - Sync 1 DAGs
[2021-07-12 20:39:38,448] {logging_mixin.py:104} INFO - [2021-07-12 20:39:38,448] {dag.py:2306} INFO - Setting next_dagrun for example_xcom to 2021-07-10 00:00:00+00:00
[2021-07-12 20:39:38,454] {scheduler_job.py:190} INFO - Processing /home/airflow/.local/lib/python3.6/site-packages/airflow/example_dags/example_xcom.py took 0.040 seconds
[2021-07-12 20:40:08,604] {scheduler_job.py:182} INFO - Started process (PID=1206) to work on /home/airflow/.local/lib/python3.6/site-packages/airflow/example_dags/example_xcom.py
[2021-07-12 20:40:08,604] {scheduler_job.py:633} INFO - Processing file /home/airflow/.local/lib/python3.6/site-packages/airflow/example_dags/example_xcom.py for tasks to queue
[2021-07-12 20:40:08,605] {logging_mixin.py:104} INFO - [2021-07-12 20:40:08,605] {dagbag.py:496} INFO - Filling up the DagBag from /home/airflow/.local/lib/python3.6/site-packages/airflow/example_dags/example_xcom.py
[2021-07-12 20:40:08,611] {scheduler_job.py:643} INFO - DAG(s) dict_keys(['example_xcom']) retrieved from /home/airflow/.local/lib/python3.6/site-packages/airflow/example_dags/example_xcom.py
[2021-07-12 20:40:08,624] {logging_mixin.py:104} INFO - [2021-07-12 20:40:08,624] {dag.py:1833} INFO - Sync 1 DAGs
[2021-07-12 20:40:08,633] {logging_mixin.py:104} INFO - [2021-07-12 20:40:08,633] {dag.py:2306} INFO - Setting next_dagrun for example_xcom to 2021-07-10 00:00:00+00:00
[2021-07-12 20:40:08,640] {scheduler_job.py:190} INFO - Processing /home/airflow/.local/lib/python3.6/site-packages/airflow/example_dags/example_xcom.py took 0.039 seconds
[2021-07-12 20:40:39,070] {scheduler_job.py:182} INFO - Started process (PID=1269) to work on /home/airflow/.local/lib/python3.6/site-packages/airflow/example_dags/example_xcom.py
[2021-07-12 20:40:39,070] {scheduler_job.py:633} INFO - Processing file /home/airflow/.local/lib/python3.6/site-packages/airflow/example_dags/example_xcom.py for tasks to queue
[2021-07-12 20:40:39,071] {logging_mixin.py:104} INFO - [2021-07-12 20:40:39,071] {dagbag.py:496} INFO - Filling up the DagBag from /home/airflow/.local/lib/python3.6/site-packages/airflow/example_dags/example_xcom.py
[2021-07-12 20:40:39,079] {scheduler_job.py:643} INFO - DAG(s) dict_keys(['example_xcom']) retrieved from /home/airflow/.local/lib/python3.6/site-packages/airflow/example_dags/example_xcom.py
[2021-07-12 20:40:39,093] {logging_mixin.py:104} INFO - [2021-07-12 20:40:39,092] {dag.py:1833} INFO - Sync 1 DAGs
[2021-07-12 20:40:39,104] {logging_mixin.py:104} INFO - [2021-07-12 20:40:39,104] {dag.py:2306} INFO - Setting next_dagrun for example_xcom to 2021-07-10 00:00:00+00:00
[2021-07-12 20:40:39,109] {scheduler_job.py:190} INFO - Processing /home/airflow/.local/lib/python3.6/site-packages/airflow/example_dags/example_xcom.py took 0.041 seconds
[2021-07-12 20:41:09,489] {scheduler_job.py:182} INFO - Started process (PID=1333) to work on /home/airflow/.local/lib/python3.6/site-packages/airflow/example_dags/example_xcom.py
[2021-07-12 20:41:09,490] {scheduler_job.py:633} INFO - Processing file /home/airflow/.local/lib/python3.6/site-packages/airflow/example_dags/example_xcom.py for tasks to queue
[2021-07-12 20:41:09,490] {logging_mixin.py:104} INFO - [2021-07-12 20:41:09,490] {dagbag.py:496} INFO - Filling up the DagBag from /home/airflow/.local/lib/python3.6/site-packages/airflow/example_dags/example_xcom.py
[2021-07-12 20:41:09,499] {scheduler_job.py:643} INFO - DAG(s) dict_keys(['example_xcom']) retrieved from /home/airflow/.local/lib/python3.6/site-packages/airflow/example_dags/example_xcom.py
[2021-07-12 20:41:09,514] {logging_mixin.py:104} INFO - [2021-07-12 20:41:09,513] {dag.py:1833} INFO - Sync 1 DAGs
[2021-07-12 20:41:09,521] {logging_mixin.py:104} INFO - [2021-07-12 20:41:09,521] {dag.py:2306} INFO - Setting next_dagrun for example_xcom to 2021-07-10 00:00:00+00:00
[2021-07-12 20:41:09,525] {scheduler_job.py:190} INFO - Processing /home/airflow/.local/lib/python3.6/site-packages/airflow/example_dags/example_xcom.py took 0.037 seconds
[2021-07-12 20:41:39,899] {scheduler_job.py:182} INFO - Started process (PID=1386) to work on /home/airflow/.local/lib/python3.6/site-packages/airflow/example_dags/example_xcom.py
[2021-07-12 20:41:39,900] {scheduler_job.py:633} INFO - Processing file /home/airflow/.local/lib/python3.6/site-packages/airflow/example_dags/example_xcom.py for tasks to queue
[2021-07-12 20:41:39,900] {logging_mixin.py:104} INFO - [2021-07-12 20:41:39,900] {dagbag.py:496} INFO - Filling up the DagBag from /home/airflow/.local/lib/python3.6/site-packages/airflow/example_dags/example_xcom.py
[2021-07-12 20:41:39,908] {scheduler_job.py:643} INFO - DAG(s) dict_keys(['example_xcom']) retrieved from /home/airflow/.local/lib/python3.6/site-packages/airflow/example_dags/example_xcom.py
[2021-07-12 20:41:39,918] {logging_mixin.py:104} INFO - [2021-07-12 20:41:39,918] {dag.py:1833} INFO - Sync 1 DAGs
[2021-07-12 20:41:39,929] {logging_mixin.py:104} INFO - [2021-07-12 20:41:39,929] {dag.py:2306} INFO - Setting next_dagrun for example_xcom to 2021-07-10 00:00:00+00:00
[2021-07-12 20:41:39,934] {scheduler_job.py:190} INFO - Processing /home/airflow/.local/lib/python3.6/site-packages/airflow/example_dags/example_xcom.py took 0.036 seconds
[2021-07-12 20:42:10,276] {scheduler_job.py:182} INFO - Started process (PID=1448) to work on /home/airflow/.local/lib/python3.6/site-packages/airflow/example_dags/example_xcom.py
[2021-07-12 20:42:10,277] {scheduler_job.py:633} INFO - Processing file /home/airflow/.local/lib/python3.6/site-packages/airflow/example_dags/example_xcom.py for tasks to queue
[2021-07-12 20:42:10,277] {logging_mixin.py:104} INFO - [2021-07-12 20:42:10,277] {dagbag.py:496} INFO - Filling up the DagBag from /home/airflow/.local/lib/python3.6/site-packages/airflow/example_dags/example_xcom.py
[2021-07-12 20:42:10,285] {scheduler_job.py:643} INFO - DAG(s) dict_keys(['example_xcom']) retrieved from /home/airflow/.local/lib/python3.6/site-packages/airflow/example_dags/example_xcom.py
[2021-07-12 20:42:10,298] {logging_mixin.py:104} INFO - [2021-07-12 20:42:10,298] {dag.py:1833} INFO - Sync 1 DAGs
[2021-07-12 20:42:10,307] {logging_mixin.py:104} INFO - [2021-07-12 20:42:10,307] {dag.py:2306} INFO - Setting next_dagrun for example_xcom to 2021-07-10 00:00:00+00:00
[2021-07-12 20:42:10,312] {scheduler_job.py:190} INFO - Processing /home/airflow/.local/lib/python3.6/site-packages/airflow/example_dags/example_xcom.py took 0.038 seconds
[2021-07-12 20:42:40,411] {scheduler_job.py:182} INFO - Started process (PID=1509) to work on /home/airflow/.local/lib/python3.6/site-packages/airflow/example_dags/example_xcom.py
[2021-07-12 20:42:40,412] {scheduler_job.py:633} INFO - Processing file /home/airflow/.local/lib/python3.6/site-packages/airflow/example_dags/example_xcom.py for tasks to queue
[2021-07-12 20:42:40,412] {logging_mixin.py:104} INFO - [2021-07-12 20:42:40,412] {dagbag.py:496} INFO - Filling up the DagBag from /home/airflow/.local/lib/python3.6/site-packages/airflow/example_dags/example_xcom.py
[2021-07-12 20:42:40,420] {scheduler_job.py:643} INFO - DAG(s) dict_keys(['example_xcom']) retrieved from /home/airflow/.local/lib/python3.6/site-packages/airflow/example_dags/example_xcom.py
[2021-07-12 20:42:40,432] {logging_mixin.py:104} INFO - [2021-07-12 20:42:40,432] {dag.py:1833} INFO - Sync 1 DAGs
[2021-07-12 20:42:40,441] {logging_mixin.py:104} INFO - [2021-07-12 20:42:40,441] {dag.py:2306} INFO - Setting next_dagrun for example_xcom to 2021-07-10 00:00:00+00:00
[2021-07-12 20:42:40,447] {scheduler_job.py:190} INFO - Processing /home/airflow/.local/lib/python3.6/site-packages/airflow/example_dags/example_xcom.py took 0.037 seconds
[2021-07-12 20:43:10,676] {scheduler_job.py:182} INFO - Started process (PID=1560) to work on /home/airflow/.local/lib/python3.6/site-packages/airflow/example_dags/example_xcom.py
[2021-07-12 20:43:10,677] {scheduler_job.py:633} INFO - Processing file /home/airflow/.local/lib/python3.6/site-packages/airflow/example_dags/example_xcom.py for tasks to queue
[2021-07-12 20:43:10,677] {logging_mixin.py:104} INFO - [2021-07-12 20:43:10,677] {dagbag.py:496} INFO - Filling up the DagBag from /home/airflow/.local/lib/python3.6/site-packages/airflow/example_dags/example_xcom.py
[2021-07-12 20:43:10,684] {scheduler_job.py:643} INFO - DAG(s) dict_keys(['example_xcom']) retrieved from /home/airflow/.local/lib/python3.6/site-packages/airflow/example_dags/example_xcom.py
[2021-07-12 20:43:10,695] {logging_mixin.py:104} INFO - [2021-07-12 20:43:10,695] {dag.py:1833} INFO - Sync 1 DAGs
[2021-07-12 20:43:10,703] {logging_mixin.py:104} INFO - [2021-07-12 20:43:10,703] {dag.py:2306} INFO - Setting next_dagrun for example_xcom to 2021-07-10 00:00:00+00:00
[2021-07-12 20:43:10,707] {scheduler_job.py:190} INFO - Processing /home/airflow/.local/lib/python3.6/site-packages/airflow/example_dags/example_xcom.py took 0.032 seconds
[2021-07-12 20:43:41,096] {scheduler_job.py:182} INFO - Started process (PID=1621) to work on /home/airflow/.local/lib/python3.6/site-packages/airflow/example_dags/example_xcom.py
[2021-07-12 20:43:41,096] {scheduler_job.py:633} INFO - Processing file /home/airflow/.local/lib/python3.6/site-packages/airflow/example_dags/example_xcom.py for tasks to queue
[2021-07-12 20:43:41,096] {logging_mixin.py:104} INFO - [2021-07-12 20:43:41,096] {dagbag.py:496} INFO - Filling up the DagBag from /home/airflow/.local/lib/python3.6/site-packages/airflow/example_dags/example_xcom.py
[2021-07-12 20:43:41,103] {scheduler_job.py:643} INFO - DAG(s) dict_keys(['example_xcom']) retrieved from /home/airflow/.local/lib/python3.6/site-packages/airflow/example_dags/example_xcom.py
[2021-07-12 20:43:41,114] {logging_mixin.py:104} INFO - [2021-07-12 20:43:41,114] {dag.py:1833} INFO - Sync 1 DAGs
[2021-07-12 20:43:41,122] {logging_mixin.py:104} INFO - [2021-07-12 20:43:41,121] {dag.py:2306} INFO - Setting next_dagrun for example_xcom to 2021-07-10 00:00:00+00:00
[2021-07-12 20:43:41,126] {scheduler_job.py:190} INFO - Processing /home/airflow/.local/lib/python3.6/site-packages/airflow/example_dags/example_xcom.py took 0.032 seconds
[2021-07-12 20:44:11,298] {scheduler_job.py:182} INFO - Started process (PID=1682) to work on /home/airflow/.local/lib/python3.6/site-packages/airflow/example_dags/example_xcom.py
[2021-07-12 20:44:11,298] {scheduler_job.py:633} INFO - Processing file /home/airflow/.local/lib/python3.6/site-packages/airflow/example_dags/example_xcom.py for tasks to queue
[2021-07-12 20:44:11,299] {logging_mixin.py:104} INFO - [2021-07-12 20:44:11,298] {dagbag.py:496} INFO - Filling up the DagBag from /home/airflow/.local/lib/python3.6/site-packages/airflow/example_dags/example_xcom.py
[2021-07-12 20:44:11,305] {scheduler_job.py:643} INFO - DAG(s) dict_keys(['example_xcom']) retrieved from /home/airflow/.local/lib/python3.6/site-packages/airflow/example_dags/example_xcom.py
[2021-07-12 20:44:11,315] {logging_mixin.py:104} INFO - [2021-07-12 20:44:11,315] {dag.py:1833} INFO - Sync 1 DAGs
[2021-07-12 20:44:11,322] {logging_mixin.py:104} INFO - [2021-07-12 20:44:11,322] {dag.py:2306} INFO - Setting next_dagrun for example_xcom to 2021-07-10 00:00:00+00:00
[2021-07-12 20:44:11,326] {scheduler_job.py:190} INFO - Processing /home/airflow/.local/lib/python3.6/site-packages/airflow/example_dags/example_xcom.py took 0.029 seconds
[2021-07-12 20:44:41,562] {scheduler_job.py:182} INFO - Started process (PID=1743) to work on /home/airflow/.local/lib/python3.6/site-packages/airflow/example_dags/example_xcom.py
[2021-07-12 20:44:41,562] {scheduler_job.py:633} INFO - Processing file /home/airflow/.local/lib/python3.6/site-packages/airflow/example_dags/example_xcom.py for tasks to queue
[2021-07-12 20:44:41,563] {logging_mixin.py:104} INFO - [2021-07-12 20:44:41,563] {dagbag.py:496} INFO - Filling up the DagBag from /home/airflow/.local/lib/python3.6/site-packages/airflow/example_dags/example_xcom.py
[2021-07-12 20:44:41,571] {scheduler_job.py:643} INFO - DAG(s) dict_keys(['example_xcom']) retrieved from /home/airflow/.local/lib/python3.6/site-packages/airflow/example_dags/example_xcom.py
[2021-07-12 20:44:41,583] {logging_mixin.py:104} INFO - [2021-07-12 20:44:41,583] {dag.py:1833} INFO - Sync 1 DAGs
[2021-07-12 20:44:41,594] {logging_mixin.py:104} INFO - [2021-07-12 20:44:41,593] {dag.py:2306} INFO - Setting next_dagrun for example_xcom to 2021-07-10 00:00:00+00:00
[2021-07-12 20:44:41,599] {scheduler_job.py:190} INFO - Processing /home/airflow/.local/lib/python3.6/site-packages/airflow/example_dags/example_xcom.py took 0.040 seconds
[2021-07-12 20:45:11,680] {scheduler_job.py:182} INFO - Started process (PID=1793) to work on /home/airflow/.local/lib/python3.6/site-packages/airflow/example_dags/example_xcom.py
[2021-07-12 20:45:11,680] {scheduler_job.py:633} INFO - Processing file /home/airflow/.local/lib/python3.6/site-packages/airflow/example_dags/example_xcom.py for tasks to queue
[2021-07-12 20:45:11,681] {logging_mixin.py:104} INFO - [2021-07-12 20:45:11,681] {dagbag.py:496} INFO - Filling up the DagBag from /home/airflow/.local/lib/python3.6/site-packages/airflow/example_dags/example_xcom.py
[2021-07-12 20:45:11,686] {scheduler_job.py:643} INFO - DAG(s) dict_keys(['example_xcom']) retrieved from /home/airflow/.local/lib/python3.6/site-packages/airflow/example_dags/example_xcom.py
[2021-07-12 20:45:11,697] {logging_mixin.py:104} INFO - [2021-07-12 20:45:11,696] {dag.py:1833} INFO - Sync 1 DAGs
[2021-07-12 20:45:11,704] {logging_mixin.py:104} INFO - [2021-07-12 20:45:11,704] {dag.py:2306} INFO - Setting next_dagrun for example_xcom to 2021-07-10 00:00:00+00:00
[2021-07-12 20:45:11,708] {scheduler_job.py:190} INFO - Processing /home/airflow/.local/lib/python3.6/site-packages/airflow/example_dags/example_xcom.py took 0.030 seconds
[2021-07-12 20:45:41,955] {scheduler_job.py:182} INFO - Started process (PID=1855) to work on /home/airflow/.local/lib/python3.6/site-packages/airflow/example_dags/example_xcom.py
[2021-07-12 20:45:41,956] {scheduler_job.py:633} INFO - Processing file /home/airflow/.local/lib/python3.6/site-packages/airflow/example_dags/example_xcom.py for tasks to queue
[2021-07-12 20:45:41,956] {logging_mixin.py:104} INFO - [2021-07-12 20:45:41,956] {dagbag.py:496} INFO - Filling up the DagBag from /home/airflow/.local/lib/python3.6/site-packages/airflow/example_dags/example_xcom.py
[2021-07-12 20:45:41,962] {scheduler_job.py:643} INFO - DAG(s) dict_keys(['example_xcom']) retrieved from /home/airflow/.local/lib/python3.6/site-packages/airflow/example_dags/example_xcom.py
[2021-07-12 20:45:41,977] {logging_mixin.py:104} INFO - [2021-07-12 20:45:41,977] {dag.py:1833} INFO - Sync 1 DAGs
[2021-07-12 20:45:41,985] {logging_mixin.py:104} INFO - [2021-07-12 20:45:41,985] {dag.py:2306} INFO - Setting next_dagrun for example_xcom to 2021-07-10 00:00:00+00:00
[2021-07-12 20:45:41,990] {scheduler_job.py:190} INFO - Processing /home/airflow/.local/lib/python3.6/site-packages/airflow/example_dags/example_xcom.py took 0.037 seconds
[2021-07-12 20:46:12,109] {scheduler_job.py:182} INFO - Started process (PID=1917) to work on /home/airflow/.local/lib/python3.6/site-packages/airflow/example_dags/example_xcom.py
[2021-07-12 20:46:12,110] {scheduler_job.py:633} INFO - Processing file /home/airflow/.local/lib/python3.6/site-packages/airflow/example_dags/example_xcom.py for tasks to queue
[2021-07-12 20:46:12,110] {logging_mixin.py:104} INFO - [2021-07-12 20:46:12,110] {dagbag.py:496} INFO - Filling up the DagBag from /home/airflow/.local/lib/python3.6/site-packages/airflow/example_dags/example_xcom.py
[2021-07-12 20:46:12,118] {scheduler_job.py:643} INFO - DAG(s) dict_keys(['example_xcom']) retrieved from /home/airflow/.local/lib/python3.6/site-packages/airflow/example_dags/example_xcom.py
[2021-07-12 20:46:12,131] {logging_mixin.py:104} INFO - [2021-07-12 20:46:12,131] {dag.py:1833} INFO - Sync 1 DAGs
[2021-07-12 20:46:12,141] {logging_mixin.py:104} INFO - [2021-07-12 20:46:12,141] {dag.py:2306} INFO - Setting next_dagrun for example_xcom to 2021-07-10 00:00:00+00:00
[2021-07-12 20:46:12,146] {scheduler_job.py:190} INFO - Processing /home/airflow/.local/lib/python3.6/site-packages/airflow/example_dags/example_xcom.py took 0.038 seconds
[2021-07-12 20:46:42,471] {scheduler_job.py:182} INFO - Started process (PID=1968) to work on /home/airflow/.local/lib/python3.6/site-packages/airflow/example_dags/example_xcom.py
[2021-07-12 20:46:42,472] {scheduler_job.py:633} INFO - Processing file /home/airflow/.local/lib/python3.6/site-packages/airflow/example_dags/example_xcom.py for tasks to queue
[2021-07-12 20:46:42,472] {logging_mixin.py:104} INFO - [2021-07-12 20:46:42,472] {dagbag.py:496} INFO - Filling up the DagBag from /home/airflow/.local/lib/python3.6/site-packages/airflow/example_dags/example_xcom.py
[2021-07-12 20:46:42,478] {scheduler_job.py:643} INFO - DAG(s) dict_keys(['example_xcom']) retrieved from /home/airflow/.local/lib/python3.6/site-packages/airflow/example_dags/example_xcom.py
[2021-07-12 20:46:42,489] {logging_mixin.py:104} INFO - [2021-07-12 20:46:42,489] {dag.py:1833} INFO - Sync 1 DAGs
[2021-07-12 20:46:42,497] {logging_mixin.py:104} INFO - [2021-07-12 20:46:42,497] {dag.py:2306} INFO - Setting next_dagrun for example_xcom to 2021-07-10 00:00:00+00:00
[2021-07-12 20:46:42,504] {scheduler_job.py:190} INFO - Processing /home/airflow/.local/lib/python3.6/site-packages/airflow/example_dags/example_xcom.py took 0.035 seconds
[2021-07-12 20:47:12,621] {scheduler_job.py:182} INFO - Started process (PID=2030) to work on /home/airflow/.local/lib/python3.6/site-packages/airflow/example_dags/example_xcom.py
[2021-07-12 20:47:12,622] {scheduler_job.py:633} INFO - Processing file /home/airflow/.local/lib/python3.6/site-packages/airflow/example_dags/example_xcom.py for tasks to queue
[2021-07-12 20:47:12,622] {logging_mixin.py:104} INFO - [2021-07-12 20:47:12,622] {dagbag.py:496} INFO - Filling up the DagBag from /home/airflow/.local/lib/python3.6/site-packages/airflow/example_dags/example_xcom.py
[2021-07-12 20:47:12,630] {scheduler_job.py:643} INFO - DAG(s) dict_keys(['example_xcom']) retrieved from /home/airflow/.local/lib/python3.6/site-packages/airflow/example_dags/example_xcom.py
[2021-07-12 20:47:12,642] {logging_mixin.py:104} INFO - [2021-07-12 20:47:12,642] {dag.py:1833} INFO - Sync 1 DAGs
[2021-07-12 20:47:12,652] {logging_mixin.py:104} INFO - [2021-07-12 20:47:12,652] {dag.py:2306} INFO - Setting next_dagrun for example_xcom to 2021-07-10 00:00:00+00:00
[2021-07-12 20:47:12,656] {scheduler_job.py:190} INFO - Processing /home/airflow/.local/lib/python3.6/site-packages/airflow/example_dags/example_xcom.py took 0.038 seconds
[2021-07-12 20:47:42,759] {scheduler_job.py:182} INFO - Started process (PID=2093) to work on /home/airflow/.local/lib/python3.6/site-packages/airflow/example_dags/example_xcom.py
[2021-07-12 20:47:42,759] {scheduler_job.py:633} INFO - Processing file /home/airflow/.local/lib/python3.6/site-packages/airflow/example_dags/example_xcom.py for tasks to queue
[2021-07-12 20:47:42,760] {logging_mixin.py:104} INFO - [2021-07-12 20:47:42,759] {dagbag.py:496} INFO - Filling up the DagBag from /home/airflow/.local/lib/python3.6/site-packages/airflow/example_dags/example_xcom.py
[2021-07-12 20:47:42,767] {scheduler_job.py:643} INFO - DAG(s) dict_keys(['example_xcom']) retrieved from /home/airflow/.local/lib/python3.6/site-packages/airflow/example_dags/example_xcom.py
[2021-07-12 20:47:42,778] {logging_mixin.py:104} INFO - [2021-07-12 20:47:42,778] {dag.py:1833} INFO - Sync 1 DAGs
[2021-07-12 20:47:42,785] {logging_mixin.py:104} INFO - [2021-07-12 20:47:42,785] {dag.py:2306} INFO - Setting next_dagrun for example_xcom to 2021-07-10 00:00:00+00:00
[2021-07-12 20:47:42,789] {scheduler_job.py:190} INFO - Processing /home/airflow/.local/lib/python3.6/site-packages/airflow/example_dags/example_xcom.py took 0.033 seconds
[2021-07-12 20:48:12,884] {scheduler_job.py:182} INFO - Started process (PID=2154) to work on /home/airflow/.local/lib/python3.6/site-packages/airflow/example_dags/example_xcom.py
[2021-07-12 20:48:12,884] {scheduler_job.py:633} INFO - Processing file /home/airflow/.local/lib/python3.6/site-packages/airflow/example_dags/example_xcom.py for tasks to queue
[2021-07-12 20:48:12,884] {logging_mixin.py:104} INFO - [2021-07-12 20:48:12,884] {dagbag.py:496} INFO - Filling up the DagBag from /home/airflow/.local/lib/python3.6/site-packages/airflow/example_dags/example_xcom.py
[2021-07-12 20:48:12,892] {scheduler_job.py:643} INFO - DAG(s) dict_keys(['example_xcom']) retrieved from /home/airflow/.local/lib/python3.6/site-packages/airflow/example_dags/example_xcom.py
[2021-07-12 20:48:12,907] {logging_mixin.py:104} INFO - [2021-07-12 20:48:12,906] {dag.py:1833} INFO - Sync 1 DAGs
[2021-07-12 20:48:12,916] {logging_mixin.py:104} INFO - [2021-07-12 20:48:12,916] {dag.py:2306} INFO - Setting next_dagrun for example_xcom to 2021-07-10 00:00:00+00:00
[2021-07-12 20:48:12,921] {scheduler_job.py:190} INFO - Processing /home/airflow/.local/lib/python3.6/site-packages/airflow/example_dags/example_xcom.py took 0.039 seconds
[2021-07-12 20:48:43,119] {scheduler_job.py:182} INFO - Started process (PID=2205) to work on /home/airflow/.local/lib/python3.6/site-packages/airflow/example_dags/example_xcom.py
[2021-07-12 20:48:43,119] {scheduler_job.py:633} INFO - Processing file /home/airflow/.local/lib/python3.6/site-packages/airflow/example_dags/example_xcom.py for tasks to queue
[2021-07-12 20:48:43,120] {logging_mixin.py:104} INFO - [2021-07-12 20:48:43,119] {dagbag.py:496} INFO - Filling up the DagBag from /home/airflow/.local/lib/python3.6/site-packages/airflow/example_dags/example_xcom.py
[2021-07-12 20:48:43,125] {scheduler_job.py:643} INFO - DAG(s) dict_keys(['example_xcom']) retrieved from /home/airflow/.local/lib/python3.6/site-packages/airflow/example_dags/example_xcom.py
[2021-07-12 20:48:43,138] {logging_mixin.py:104} INFO - [2021-07-12 20:48:43,138] {dag.py:1833} INFO - Sync 1 DAGs
[2021-07-12 20:48:43,146] {logging_mixin.py:104} INFO - [2021-07-12 20:48:43,146] {dag.py:2306} INFO - Setting next_dagrun for example_xcom to 2021-07-10 00:00:00+00:00
[2021-07-12 20:48:43,150] {scheduler_job.py:190} INFO - Processing /home/airflow/.local/lib/python3.6/site-packages/airflow/example_dags/example_xcom.py took 0.032 seconds
[2021-07-12 20:49:13,223] {scheduler_job.py:182} INFO - Started process (PID=2269) to work on /home/airflow/.local/lib/python3.6/site-packages/airflow/example_dags/example_xcom.py
[2021-07-12 20:49:13,224] {scheduler_job.py:633} INFO - Processing file /home/airflow/.local/lib/python3.6/site-packages/airflow/example_dags/example_xcom.py for tasks to queue
[2021-07-12 20:49:13,224] {logging_mixin.py:104} INFO - [2021-07-12 20:49:13,224] {dagbag.py:496} INFO - Filling up the DagBag from /home/airflow/.local/lib/python3.6/site-packages/airflow/example_dags/example_xcom.py
[2021-07-12 20:49:13,231] {scheduler_job.py:643} INFO - DAG(s) dict_keys(['example_xcom']) retrieved from /home/airflow/.local/lib/python3.6/site-packages/airflow/example_dags/example_xcom.py
[2021-07-12 20:49:13,244] {logging_mixin.py:104} INFO - [2021-07-12 20:49:13,244] {dag.py:1833} INFO - Sync 1 DAGs
[2021-07-12 20:49:13,254] {logging_mixin.py:104} INFO - [2021-07-12 20:49:13,254] {dag.py:2306} INFO - Setting next_dagrun for example_xcom to 2021-07-10 00:00:00+00:00
[2021-07-12 20:49:13,258] {scheduler_job.py:190} INFO - Processing /home/airflow/.local/lib/python3.6/site-packages/airflow/example_dags/example_xcom.py took 0.037 seconds
[2021-07-12 20:49:43,544] {scheduler_job.py:182} INFO - Started process (PID=2330) to work on /home/airflow/.local/lib/python3.6/site-packages/airflow/example_dags/example_xcom.py
[2021-07-12 20:49:43,545] {scheduler_job.py:633} INFO - Processing file /home/airflow/.local/lib/python3.6/site-packages/airflow/example_dags/example_xcom.py for tasks to queue
[2021-07-12 20:49:43,545] {logging_mixin.py:104} INFO - [2021-07-12 20:49:43,545] {dagbag.py:496} INFO - Filling up the DagBag from /home/airflow/.local/lib/python3.6/site-packages/airflow/example_dags/example_xcom.py
[2021-07-12 20:49:43,554] {scheduler_job.py:643} INFO - DAG(s) dict_keys(['example_xcom']) retrieved from /home/airflow/.local/lib/python3.6/site-packages/airflow/example_dags/example_xcom.py
[2021-07-12 20:49:43,569] {logging_mixin.py:104} INFO - [2021-07-12 20:49:43,569] {dag.py:1833} INFO - Sync 1 DAGs
[2021-07-12 20:49:43,579] {logging_mixin.py:104} INFO - [2021-07-12 20:49:43,579] {dag.py:2306} INFO - Setting next_dagrun for example_xcom to 2021-07-10 00:00:00+00:00
[2021-07-12 20:49:43,584] {scheduler_job.py:190} INFO - Processing /home/airflow/.local/lib/python3.6/site-packages/airflow/example_dags/example_xcom.py took 0.043 seconds
[2021-07-12 20:50:13,829] {scheduler_job.py:182} INFO - Started process (PID=2381) to work on /home/airflow/.local/lib/python3.6/site-packages/airflow/example_dags/example_xcom.py
[2021-07-12 20:50:13,830] {scheduler_job.py:633} INFO - Processing file /home/airflow/.local/lib/python3.6/site-packages/airflow/example_dags/example_xcom.py for tasks to queue
[2021-07-12 20:50:13,830] {logging_mixin.py:104} INFO - [2021-07-12 20:50:13,830] {dagbag.py:496} INFO - Filling up the DagBag from /home/airflow/.local/lib/python3.6/site-packages/airflow/example_dags/example_xcom.py
[2021-07-12 20:50:13,836] {scheduler_job.py:643} INFO - DAG(s) dict_keys(['example_xcom']) retrieved from /home/airflow/.local/lib/python3.6/site-packages/airflow/example_dags/example_xcom.py
[2021-07-12 20:50:13,847] {logging_mixin.py:104} INFO - [2021-07-12 20:50:13,847] {dag.py:1833} INFO - Sync 1 DAGs
[2021-07-12 20:50:13,855] {logging_mixin.py:104} INFO - [2021-07-12 20:50:13,855] {dag.py:2306} INFO - Setting next_dagrun for example_xcom to 2021-07-10 00:00:00+00:00
[2021-07-12 20:50:13,859] {scheduler_job.py:190} INFO - Processing /home/airflow/.local/lib/python3.6/site-packages/airflow/example_dags/example_xcom.py took 0.033 seconds
[2021-07-12 20:50:44,144] {scheduler_job.py:182} INFO - Started process (PID=2442) to work on /home/airflow/.local/lib/python3.6/site-packages/airflow/example_dags/example_xcom.py
[2021-07-12 20:50:44,145] {scheduler_job.py:633} INFO - Processing file /home/airflow/.local/lib/python3.6/site-packages/airflow/example_dags/example_xcom.py for tasks to queue
[2021-07-12 20:50:44,145] {logging_mixin.py:104} INFO - [2021-07-12 20:50:44,145] {dagbag.py:496} INFO - Filling up the DagBag from /home/airflow/.local/lib/python3.6/site-packages/airflow/example_dags/example_xcom.py
[2021-07-12 20:50:44,151] {scheduler_job.py:643} INFO - DAG(s) dict_keys(['example_xcom']) retrieved from /home/airflow/.local/lib/python3.6/site-packages/airflow/example_dags/example_xcom.py
[2021-07-12 20:50:44,164] {logging_mixin.py:104} INFO - [2021-07-12 20:50:44,164] {dag.py:1833} INFO - Sync 1 DAGs
[2021-07-12 20:50:44,172] {logging_mixin.py:104} INFO - [2021-07-12 20:50:44,172] {dag.py:2306} INFO - Setting next_dagrun for example_xcom to 2021-07-10 00:00:00+00:00
[2021-07-12 20:50:44,176] {scheduler_job.py:190} INFO - Processing /home/airflow/.local/lib/python3.6/site-packages/airflow/example_dags/example_xcom.py took 0.033 seconds
[2021-07-12 20:51:14,354] {scheduler_job.py:182} INFO - Started process (PID=2507) to work on /home/airflow/.local/lib/python3.6/site-packages/airflow/example_dags/example_xcom.py
[2021-07-12 20:51:14,354] {scheduler_job.py:633} INFO - Processing file /home/airflow/.local/lib/python3.6/site-packages/airflow/example_dags/example_xcom.py for tasks to queue
[2021-07-12 20:51:14,354] {logging_mixin.py:104} INFO - [2021-07-12 20:51:14,354] {dagbag.py:496} INFO - Filling up the DagBag from /home/airflow/.local/lib/python3.6/site-packages/airflow/example_dags/example_xcom.py
[2021-07-12 20:51:14,360] {scheduler_job.py:643} INFO - DAG(s) dict_keys(['example_xcom']) retrieved from /home/airflow/.local/lib/python3.6/site-packages/airflow/example_dags/example_xcom.py
[2021-07-12 20:51:14,371] {logging_mixin.py:104} INFO - [2021-07-12 20:51:14,371] {dag.py:1833} INFO - Sync 1 DAGs
[2021-07-12 20:51:14,379] {logging_mixin.py:104} INFO - [2021-07-12 20:51:14,379] {dag.py:2306} INFO - Setting next_dagrun for example_xcom to 2021-07-10 00:00:00+00:00
[2021-07-12 20:51:14,384] {scheduler_job.py:190} INFO - Processing /home/airflow/.local/lib/python3.6/site-packages/airflow/example_dags/example_xcom.py took 0.031 seconds
[2021-07-12 20:51:44,675] {scheduler_job.py:182} INFO - Started process (PID=2569) to work on /home/airflow/.local/lib/python3.6/site-packages/airflow/example_dags/example_xcom.py
[2021-07-12 20:51:44,676] {scheduler_job.py:633} INFO - Processing file /home/airflow/.local/lib/python3.6/site-packages/airflow/example_dags/example_xcom.py for tasks to queue
[2021-07-12 20:51:44,676] {logging_mixin.py:104} INFO - [2021-07-12 20:51:44,676] {dagbag.py:496} INFO - Filling up the DagBag from /home/airflow/.local/lib/python3.6/site-packages/airflow/example_dags/example_xcom.py
[2021-07-12 20:51:44,682] {scheduler_job.py:643} INFO - DAG(s) dict_keys(['example_xcom']) retrieved from /home/airflow/.local/lib/python3.6/site-packages/airflow/example_dags/example_xcom.py
[2021-07-12 20:51:44,692] {logging_mixin.py:104} INFO - [2021-07-12 20:51:44,692] {dag.py:1833} INFO - Sync 1 DAGs
[2021-07-12 20:51:44,699] {logging_mixin.py:104} INFO - [2021-07-12 20:51:44,699] {dag.py:2306} INFO - Setting next_dagrun for example_xcom to 2021-07-10 00:00:00+00:00
[2021-07-12 20:51:44,704] {scheduler_job.py:190} INFO - Processing /home/airflow/.local/lib/python3.6/site-packages/airflow/example_dags/example_xcom.py took 0.030 seconds
[2021-07-12 20:52:14,887] {scheduler_job.py:182} INFO - Started process (PID=2621) to work on /home/airflow/.local/lib/python3.6/site-packages/airflow/example_dags/example_xcom.py
[2021-07-12 20:52:14,888] {scheduler_job.py:633} INFO - Processing file /home/airflow/.local/lib/python3.6/site-packages/airflow/example_dags/example_xcom.py for tasks to queue
[2021-07-12 20:52:14,888] {logging_mixin.py:104} INFO - [2021-07-12 20:52:14,888] {dagbag.py:496} INFO - Filling up the DagBag from /home/airflow/.local/lib/python3.6/site-packages/airflow/example_dags/example_xcom.py
[2021-07-12 20:52:14,895] {scheduler_job.py:643} INFO - DAG(s) dict_keys(['example_xcom']) retrieved from /home/airflow/.local/lib/python3.6/site-packages/airflow/example_dags/example_xcom.py
[2021-07-12 20:52:14,912] {logging_mixin.py:104} INFO - [2021-07-12 20:52:14,912] {dag.py:1833} INFO - Sync 1 DAGs
[2021-07-12 20:52:14,923] {logging_mixin.py:104} INFO - [2021-07-12 20:52:14,923] {dag.py:2306} INFO - Setting next_dagrun for example_xcom to 2021-07-10 00:00:00+00:00
[2021-07-12 20:52:14,929] {scheduler_job.py:190} INFO - Processing /home/airflow/.local/lib/python3.6/site-packages/airflow/example_dags/example_xcom.py took 0.044 seconds
[2021-07-12 20:52:44,975] {scheduler_job.py:182} INFO - Started process (PID=2683) to work on /home/airflow/.local/lib/python3.6/site-packages/airflow/example_dags/example_xcom.py
[2021-07-12 20:52:44,975] {scheduler_job.py:633} INFO - Processing file /home/airflow/.local/lib/python3.6/site-packages/airflow/example_dags/example_xcom.py for tasks to queue
[2021-07-12 20:52:44,975] {logging_mixin.py:104} INFO - [2021-07-12 20:52:44,975] {dagbag.py:496} INFO - Filling up the DagBag from /home/airflow/.local/lib/python3.6/site-packages/airflow/example_dags/example_xcom.py
[2021-07-12 20:52:44,981] {scheduler_job.py:643} INFO - DAG(s) dict_keys(['example_xcom']) retrieved from /home/airflow/.local/lib/python3.6/site-packages/airflow/example_dags/example_xcom.py
[2021-07-12 20:52:44,992] {logging_mixin.py:104} INFO - [2021-07-12 20:52:44,992] {dag.py:1833} INFO - Sync 1 DAGs
[2021-07-12 20:52:45,000] {logging_mixin.py:104} INFO - [2021-07-12 20:52:45,000] {dag.py:2306} INFO - Setting next_dagrun for example_xcom to 2021-07-10 00:00:00+00:00
[2021-07-12 20:52:45,005] {scheduler_job.py:190} INFO - Processing /home/airflow/.local/lib/python3.6/site-packages/airflow/example_dags/example_xcom.py took 0.032 seconds
[2021-07-12 20:53:15,219] {scheduler_job.py:182} INFO - Started process (PID=2744) to work on /home/airflow/.local/lib/python3.6/site-packages/airflow/example_dags/example_xcom.py
[2021-07-12 20:53:15,220] {scheduler_job.py:633} INFO - Processing file /home/airflow/.local/lib/python3.6/site-packages/airflow/example_dags/example_xcom.py for tasks to queue
[2021-07-12 20:53:15,220] {logging_mixin.py:104} INFO - [2021-07-12 20:53:15,220] {dagbag.py:496} INFO - Filling up the DagBag from /home/airflow/.local/lib/python3.6/site-packages/airflow/example_dags/example_xcom.py
[2021-07-12 20:53:15,227] {scheduler_job.py:643} INFO - DAG(s) dict_keys(['example_xcom']) retrieved from /home/airflow/.local/lib/python3.6/site-packages/airflow/example_dags/example_xcom.py
[2021-07-12 20:53:15,239] {logging_mixin.py:104} INFO - [2021-07-12 20:53:15,239] {dag.py:1833} INFO - Sync 1 DAGs
[2021-07-12 20:53:15,250] {logging_mixin.py:104} INFO - [2021-07-12 20:53:15,250] {dag.py:2306} INFO - Setting next_dagrun for example_xcom to 2021-07-10 00:00:00+00:00
[2021-07-12 20:53:15,255] {scheduler_job.py:190} INFO - Processing /home/airflow/.local/lib/python3.6/site-packages/airflow/example_dags/example_xcom.py took 0.039 seconds
[2021-07-12 20:53:46,158] {scheduler_job.py:182} INFO - Started process (PID=2796) to work on /home/airflow/.local/lib/python3.6/site-packages/airflow/example_dags/example_xcom.py
[2021-07-12 20:53:46,158] {scheduler_job.py:633} INFO - Processing file /home/airflow/.local/lib/python3.6/site-packages/airflow/example_dags/example_xcom.py for tasks to queue
[2021-07-12 20:53:46,159] {logging_mixin.py:104} INFO - [2021-07-12 20:53:46,159] {dagbag.py:496} INFO - Filling up the DagBag from /home/airflow/.local/lib/python3.6/site-packages/airflow/example_dags/example_xcom.py
[2021-07-12 20:53:46,164] {scheduler_job.py:643} INFO - DAG(s) dict_keys(['example_xcom']) retrieved from /home/airflow/.local/lib/python3.6/site-packages/airflow/example_dags/example_xcom.py
[2021-07-12 20:53:46,177] {logging_mixin.py:104} INFO - [2021-07-12 20:53:46,177] {dag.py:1833} INFO - Sync 1 DAGs
[2021-07-12 20:53:46,187] {logging_mixin.py:104} INFO - [2021-07-12 20:53:46,187] {dag.py:2306} INFO - Setting next_dagrun for example_xcom to 2021-07-10 00:00:00+00:00
[2021-07-12 20:53:46,191] {scheduler_job.py:190} INFO - Processing /home/airflow/.local/lib/python3.6/site-packages/airflow/example_dags/example_xcom.py took 0.035 seconds
[2021-07-12 20:54:16,513] {scheduler_job.py:182} INFO - Started process (PID=2857) to work on /home/airflow/.local/lib/python3.6/site-packages/airflow/example_dags/example_xcom.py
[2021-07-12 20:54:16,514] {scheduler_job.py:633} INFO - Processing file /home/airflow/.local/lib/python3.6/site-packages/airflow/example_dags/example_xcom.py for tasks to queue
[2021-07-12 20:54:16,514] {logging_mixin.py:104} INFO - [2021-07-12 20:54:16,514] {dagbag.py:496} INFO - Filling up the DagBag from /home/airflow/.local/lib/python3.6/site-packages/airflow/example_dags/example_xcom.py
[2021-07-12 20:54:16,521] {scheduler_job.py:643} INFO - DAG(s) dict_keys(['example_xcom']) retrieved from /home/airflow/.local/lib/python3.6/site-packages/airflow/example_dags/example_xcom.py
[2021-07-12 20:54:16,531] {logging_mixin.py:104} INFO - [2021-07-12 20:54:16,531] {dag.py:1833} INFO - Sync 1 DAGs
[2021-07-12 20:54:16,542] {logging_mixin.py:104} INFO - [2021-07-12 20:54:16,542] {dag.py:2306} INFO - Setting next_dagrun for example_xcom to 2021-07-10 00:00:00+00:00
[2021-07-12 20:54:16,548] {scheduler_job.py:190} INFO - Processing /home/airflow/.local/lib/python3.6/site-packages/airflow/example_dags/example_xcom.py took 0.036 seconds
[2021-07-12 20:54:46,772] {scheduler_job.py:182} INFO - Started process (PID=2918) to work on /home/airflow/.local/lib/python3.6/site-packages/airflow/example_dags/example_xcom.py
[2021-07-12 20:54:46,773] {scheduler_job.py:633} INFO - Processing file /home/airflow/.local/lib/python3.6/site-packages/airflow/example_dags/example_xcom.py for tasks to queue
[2021-07-12 20:54:46,774] {logging_mixin.py:104} INFO - [2021-07-12 20:54:46,773] {dagbag.py:496} INFO - Filling up the DagBag from /home/airflow/.local/lib/python3.6/site-packages/airflow/example_dags/example_xcom.py
[2021-07-12 20:54:46,780] {scheduler_job.py:643} INFO - DAG(s) dict_keys(['example_xcom']) retrieved from /home/airflow/.local/lib/python3.6/site-packages/airflow/example_dags/example_xcom.py
[2021-07-12 20:54:46,793] {logging_mixin.py:104} INFO - [2021-07-12 20:54:46,792] {dag.py:1833} INFO - Sync 1 DAGs
[2021-07-12 20:54:46,801] {logging_mixin.py:104} INFO - [2021-07-12 20:54:46,800] {dag.py:2306} INFO - Setting next_dagrun for example_xcom to 2021-07-10 00:00:00+00:00
[2021-07-12 20:54:46,805] {scheduler_job.py:190} INFO - Processing /home/airflow/.local/lib/python3.6/site-packages/airflow/example_dags/example_xcom.py took 0.034 seconds
[2021-07-12 20:55:16,963] {scheduler_job.py:182} INFO - Started process (PID=2979) to work on /home/airflow/.local/lib/python3.6/site-packages/airflow/example_dags/example_xcom.py
[2021-07-12 20:55:16,964] {scheduler_job.py:633} INFO - Processing file /home/airflow/.local/lib/python3.6/site-packages/airflow/example_dags/example_xcom.py for tasks to queue
[2021-07-12 20:55:16,964] {logging_mixin.py:104} INFO - [2021-07-12 20:55:16,964] {dagbag.py:496} INFO - Filling up the DagBag from /home/airflow/.local/lib/python3.6/site-packages/airflow/example_dags/example_xcom.py
[2021-07-12 20:55:16,971] {scheduler_job.py:643} INFO - DAG(s) dict_keys(['example_xcom']) retrieved from /home/airflow/.local/lib/python3.6/site-packages/airflow/example_dags/example_xcom.py
[2021-07-12 20:55:16,983] {logging_mixin.py:104} INFO - [2021-07-12 20:55:16,983] {dag.py:1833} INFO - Sync 1 DAGs
[2021-07-12 20:55:16,991] {logging_mixin.py:104} INFO - [2021-07-12 20:55:16,991] {dag.py:2306} INFO - Setting next_dagrun for example_xcom to 2021-07-10 00:00:00+00:00
[2021-07-12 20:55:16,996] {scheduler_job.py:190} INFO - Processing /home/airflow/.local/lib/python3.6/site-packages/airflow/example_dags/example_xcom.py took 0.034 seconds
[2021-07-12 20:55:47,400] {scheduler_job.py:182} INFO - Started process (PID=3031) to work on /home/airflow/.local/lib/python3.6/site-packages/airflow/example_dags/example_xcom.py
[2021-07-12 20:55:47,400] {scheduler_job.py:633} INFO - Processing file /home/airflow/.local/lib/python3.6/site-packages/airflow/example_dags/example_xcom.py for tasks to queue
[2021-07-12 20:55:47,401] {logging_mixin.py:104} INFO - [2021-07-12 20:55:47,401] {dagbag.py:496} INFO - Filling up the DagBag from /home/airflow/.local/lib/python3.6/site-packages/airflow/example_dags/example_xcom.py
[2021-07-12 20:55:47,407] {scheduler_job.py:643} INFO - DAG(s) dict_keys(['example_xcom']) retrieved from /home/airflow/.local/lib/python3.6/site-packages/airflow/example_dags/example_xcom.py
[2021-07-12 20:55:47,422] {logging_mixin.py:104} INFO - [2021-07-12 20:55:47,422] {dag.py:1833} INFO - Sync 1 DAGs
[2021-07-12 20:55:47,430] {logging_mixin.py:104} INFO - [2021-07-12 20:55:47,430] {dag.py:2306} INFO - Setting next_dagrun for example_xcom to 2021-07-10 00:00:00+00:00
[2021-07-12 20:55:47,435] {scheduler_job.py:190} INFO - Processing /home/airflow/.local/lib/python3.6/site-packages/airflow/example_dags/example_xcom.py took 0.036 seconds
[2021-07-12 20:56:17,735] {scheduler_job.py:182} INFO - Started process (PID=3094) to work on /home/airflow/.local/lib/python3.6/site-packages/airflow/example_dags/example_xcom.py
[2021-07-12 20:56:17,736] {scheduler_job.py:633} INFO - Processing file /home/airflow/.local/lib/python3.6/site-packages/airflow/example_dags/example_xcom.py for tasks to queue
[2021-07-12 20:56:17,736] {logging_mixin.py:104} INFO - [2021-07-12 20:56:17,736] {dagbag.py:496} INFO - Filling up the DagBag from /home/airflow/.local/lib/python3.6/site-packages/airflow/example_dags/example_xcom.py
[2021-07-12 20:56:17,745] {scheduler_job.py:643} INFO - DAG(s) dict_keys(['example_xcom']) retrieved from /home/airflow/.local/lib/python3.6/site-packages/airflow/example_dags/example_xcom.py
[2021-07-12 20:56:17,755] {logging_mixin.py:104} INFO - [2021-07-12 20:56:17,755] {dag.py:1833} INFO - Sync 1 DAGs
[2021-07-12 20:56:17,764] {logging_mixin.py:104} INFO - [2021-07-12 20:56:17,764] {dag.py:2306} INFO - Setting next_dagrun for example_xcom to 2021-07-10 00:00:00+00:00
[2021-07-12 20:56:17,769] {scheduler_job.py:190} INFO - Processing /home/airflow/.local/lib/python3.6/site-packages/airflow/example_dags/example_xcom.py took 0.035 seconds
[2021-07-12 20:56:47,918] {scheduler_job.py:182} INFO - Started process (PID=3156) to work on /home/airflow/.local/lib/python3.6/site-packages/airflow/example_dags/example_xcom.py
[2021-07-12 20:56:47,919] {scheduler_job.py:633} INFO - Processing file /home/airflow/.local/lib/python3.6/site-packages/airflow/example_dags/example_xcom.py for tasks to queue
[2021-07-12 20:56:47,919] {logging_mixin.py:104} INFO - [2021-07-12 20:56:47,919] {dagbag.py:496} INFO - Filling up the DagBag from /home/airflow/.local/lib/python3.6/site-packages/airflow/example_dags/example_xcom.py
[2021-07-12 20:56:47,927] {scheduler_job.py:643} INFO - DAG(s) dict_keys(['example_xcom']) retrieved from /home/airflow/.local/lib/python3.6/site-packages/airflow/example_dags/example_xcom.py
[2021-07-12 20:56:47,939] {logging_mixin.py:104} INFO - [2021-07-12 20:56:47,939] {dag.py:1833} INFO - Sync 1 DAGs
[2021-07-12 20:56:47,950] {logging_mixin.py:104} INFO - [2021-07-12 20:56:47,950] {dag.py:2306} INFO - Setting next_dagrun for example_xcom to 2021-07-10 00:00:00+00:00
[2021-07-12 20:56:47,955] {scheduler_job.py:190} INFO - Processing /home/airflow/.local/lib/python3.6/site-packages/airflow/example_dags/example_xcom.py took 0.039 seconds
[2021-07-12 20:57:18,273] {scheduler_job.py:182} INFO - Started process (PID=3207) to work on /home/airflow/.local/lib/python3.6/site-packages/airflow/example_dags/example_xcom.py
[2021-07-12 20:57:18,274] {scheduler_job.py:633} INFO - Processing file /home/airflow/.local/lib/python3.6/site-packages/airflow/example_dags/example_xcom.py for tasks to queue
[2021-07-12 20:57:18,275] {logging_mixin.py:104} INFO - [2021-07-12 20:57:18,274] {dagbag.py:496} INFO - Filling up the DagBag from /home/airflow/.local/lib/python3.6/site-packages/airflow/example_dags/example_xcom.py
[2021-07-12 20:57:18,281] {scheduler_job.py:643} INFO - DAG(s) dict_keys(['example_xcom']) retrieved from /home/airflow/.local/lib/python3.6/site-packages/airflow/example_dags/example_xcom.py
[2021-07-12 20:57:18,294] {logging_mixin.py:104} INFO - [2021-07-12 20:57:18,294] {dag.py:1833} INFO - Sync 1 DAGs
[2021-07-12 20:57:18,303] {logging_mixin.py:104} INFO - [2021-07-12 20:57:18,303] {dag.py:2306} INFO - Setting next_dagrun for example_xcom to 2021-07-10 00:00:00+00:00
[2021-07-12 20:57:18,309] {scheduler_job.py:190} INFO - Processing /home/airflow/.local/lib/python3.6/site-packages/airflow/example_dags/example_xcom.py took 0.038 seconds
[2021-07-12 20:57:48,611] {scheduler_job.py:182} INFO - Started process (PID=3269) to work on /home/airflow/.local/lib/python3.6/site-packages/airflow/example_dags/example_xcom.py
[2021-07-12 20:57:48,612] {scheduler_job.py:633} INFO - Processing file /home/airflow/.local/lib/python3.6/site-packages/airflow/example_dags/example_xcom.py for tasks to queue
[2021-07-12 20:57:48,612] {logging_mixin.py:104} INFO - [2021-07-12 20:57:48,612] {dagbag.py:496} INFO - Filling up the DagBag from /home/airflow/.local/lib/python3.6/site-packages/airflow/example_dags/example_xcom.py
[2021-07-12 20:57:48,622] {scheduler_job.py:643} INFO - DAG(s) dict_keys(['example_xcom']) retrieved from /home/airflow/.local/lib/python3.6/site-packages/airflow/example_dags/example_xcom.py
[2021-07-12 20:57:48,638] {logging_mixin.py:104} INFO - [2021-07-12 20:57:48,638] {dag.py:1833} INFO - Sync 1 DAGs
[2021-07-12 20:57:48,650] {logging_mixin.py:104} INFO - [2021-07-12 20:57:48,649] {dag.py:2306} INFO - Setting next_dagrun for example_xcom to 2021-07-10 00:00:00+00:00
[2021-07-12 20:57:48,655] {scheduler_job.py:190} INFO - Processing /home/airflow/.local/lib/python3.6/site-packages/airflow/example_dags/example_xcom.py took 0.046 seconds
[2021-07-12 20:58:18,842] {scheduler_job.py:182} INFO - Started process (PID=3330) to work on /home/airflow/.local/lib/python3.6/site-packages/airflow/example_dags/example_xcom.py
[2021-07-12 20:58:18,842] {scheduler_job.py:633} INFO - Processing file /home/airflow/.local/lib/python3.6/site-packages/airflow/example_dags/example_xcom.py for tasks to queue
[2021-07-12 20:58:18,842] {logging_mixin.py:104} INFO - [2021-07-12 20:58:18,842] {dagbag.py:496} INFO - Filling up the DagBag from /home/airflow/.local/lib/python3.6/site-packages/airflow/example_dags/example_xcom.py
[2021-07-12 20:58:18,852] {scheduler_job.py:643} INFO - DAG(s) dict_keys(['example_xcom']) retrieved from /home/airflow/.local/lib/python3.6/site-packages/airflow/example_dags/example_xcom.py
[2021-07-12 20:58:18,863] {logging_mixin.py:104} INFO - [2021-07-12 20:58:18,863] {dag.py:1833} INFO - Sync 1 DAGs
[2021-07-12 20:58:18,872] {logging_mixin.py:104} INFO - [2021-07-12 20:58:18,872] {dag.py:2306} INFO - Setting next_dagrun for example_xcom to 2021-07-10 00:00:00+00:00
[2021-07-12 20:58:18,877] {scheduler_job.py:190} INFO - Processing /home/airflow/.local/lib/python3.6/site-packages/airflow/example_dags/example_xcom.py took 0.037 seconds
[2021-07-12 20:58:49,010] {scheduler_job.py:182} INFO - Started process (PID=3382) to work on /home/airflow/.local/lib/python3.6/site-packages/airflow/example_dags/example_xcom.py
[2021-07-12 20:58:49,011] {scheduler_job.py:633} INFO - Processing file /home/airflow/.local/lib/python3.6/site-packages/airflow/example_dags/example_xcom.py for tasks to queue
[2021-07-12 20:58:49,011] {logging_mixin.py:104} INFO - [2021-07-12 20:58:49,011] {dagbag.py:496} INFO - Filling up the DagBag from /home/airflow/.local/lib/python3.6/site-packages/airflow/example_dags/example_xcom.py
[2021-07-12 20:58:49,018] {scheduler_job.py:643} INFO - DAG(s) dict_keys(['example_xcom']) retrieved from /home/airflow/.local/lib/python3.6/site-packages/airflow/example_dags/example_xcom.py
[2021-07-12 20:58:49,030] {logging_mixin.py:104} INFO - [2021-07-12 20:58:49,030] {dag.py:1833} INFO - Sync 1 DAGs
[2021-07-12 20:58:49,042] {logging_mixin.py:104} INFO - [2021-07-12 20:58:49,042] {dag.py:2306} INFO - Setting next_dagrun for example_xcom to 2021-07-10 00:00:00+00:00
[2021-07-12 20:58:49,046] {scheduler_job.py:190} INFO - Processing /home/airflow/.local/lib/python3.6/site-packages/airflow/example_dags/example_xcom.py took 0.038 seconds
[2021-07-12 20:59:19,247] {scheduler_job.py:182} INFO - Started process (PID=3443) to work on /home/airflow/.local/lib/python3.6/site-packages/airflow/example_dags/example_xcom.py
[2021-07-12 20:59:19,247] {scheduler_job.py:633} INFO - Processing file /home/airflow/.local/lib/python3.6/site-packages/airflow/example_dags/example_xcom.py for tasks to queue
[2021-07-12 20:59:19,248] {logging_mixin.py:104} INFO - [2021-07-12 20:59:19,248] {dagbag.py:496} INFO - Filling up the DagBag from /home/airflow/.local/lib/python3.6/site-packages/airflow/example_dags/example_xcom.py
[2021-07-12 20:59:19,253] {scheduler_job.py:643} INFO - DAG(s) dict_keys(['example_xcom']) retrieved from /home/airflow/.local/lib/python3.6/site-packages/airflow/example_dags/example_xcom.py
[2021-07-12 20:59:19,264] {logging_mixin.py:104} INFO - [2021-07-12 20:59:19,264] {dag.py:1833} INFO - Sync 1 DAGs
[2021-07-12 20:59:19,274] {logging_mixin.py:104} INFO - [2021-07-12 20:59:19,274] {dag.py:2306} INFO - Setting next_dagrun for example_xcom to 2021-07-10 00:00:00+00:00
[2021-07-12 20:59:19,278] {scheduler_job.py:190} INFO - Processing /home/airflow/.local/lib/python3.6/site-packages/airflow/example_dags/example_xcom.py took 0.034 seconds
[2021-07-12 20:59:49,414] {scheduler_job.py:182} INFO - Started process (PID=3504) to work on /home/airflow/.local/lib/python3.6/site-packages/airflow/example_dags/example_xcom.py
[2021-07-12 20:59:49,415] {scheduler_job.py:633} INFO - Processing file /home/airflow/.local/lib/python3.6/site-packages/airflow/example_dags/example_xcom.py for tasks to queue
[2021-07-12 20:59:49,415] {logging_mixin.py:104} INFO - [2021-07-12 20:59:49,415] {dagbag.py:496} INFO - Filling up the DagBag from /home/airflow/.local/lib/python3.6/site-packages/airflow/example_dags/example_xcom.py
[2021-07-12 20:59:49,422] {scheduler_job.py:643} INFO - DAG(s) dict_keys(['example_xcom']) retrieved from /home/airflow/.local/lib/python3.6/site-packages/airflow/example_dags/example_xcom.py
[2021-07-12 20:59:49,436] {logging_mixin.py:104} INFO - [2021-07-12 20:59:49,436] {dag.py:1833} INFO - Sync 1 DAGs
[2021-07-12 20:59:49,445] {logging_mixin.py:104} INFO - [2021-07-12 20:59:49,445] {dag.py:2306} INFO - Setting next_dagrun for example_xcom to 2021-07-10 00:00:00+00:00
[2021-07-12 20:59:49,450] {scheduler_job.py:190} INFO - Processing /home/airflow/.local/lib/python3.6/site-packages/airflow/example_dags/example_xcom.py took 0.037 seconds
[2021-07-12 21:00:19,687] {scheduler_job.py:182} INFO - Started process (PID=3567) to work on /home/airflow/.local/lib/python3.6/site-packages/airflow/example_dags/example_xcom.py
[2021-07-12 21:00:19,688] {scheduler_job.py:633} INFO - Processing file /home/airflow/.local/lib/python3.6/site-packages/airflow/example_dags/example_xcom.py for tasks to queue
[2021-07-12 21:00:19,688] {logging_mixin.py:104} INFO - [2021-07-12 21:00:19,688] {dagbag.py:496} INFO - Filling up the DagBag from /home/airflow/.local/lib/python3.6/site-packages/airflow/example_dags/example_xcom.py
[2021-07-12 21:00:19,695] {scheduler_job.py:643} INFO - DAG(s) dict_keys(['example_xcom']) retrieved from /home/airflow/.local/lib/python3.6/site-packages/airflow/example_dags/example_xcom.py
[2021-07-12 21:00:19,707] {logging_mixin.py:104} INFO - [2021-07-12 21:00:19,707] {dag.py:1833} INFO - Sync 1 DAGs
[2021-07-12 21:00:19,716] {logging_mixin.py:104} INFO - [2021-07-12 21:00:19,716] {dag.py:2306} INFO - Setting next_dagrun for example_xcom to 2021-07-10 00:00:00+00:00
[2021-07-12 21:00:19,721] {scheduler_job.py:190} INFO - Processing /home/airflow/.local/lib/python3.6/site-packages/airflow/example_dags/example_xcom.py took 0.036 seconds
[2021-07-12 21:00:50,080] {scheduler_job.py:182} INFO - Started process (PID=3618) to work on /home/airflow/.local/lib/python3.6/site-packages/airflow/example_dags/example_xcom.py
[2021-07-12 21:00:50,080] {scheduler_job.py:633} INFO - Processing file /home/airflow/.local/lib/python3.6/site-packages/airflow/example_dags/example_xcom.py for tasks to queue
[2021-07-12 21:00:50,080] {logging_mixin.py:104} INFO - [2021-07-12 21:00:50,080] {dagbag.py:496} INFO - Filling up the DagBag from /home/airflow/.local/lib/python3.6/site-packages/airflow/example_dags/example_xcom.py
[2021-07-12 21:00:50,086] {scheduler_job.py:643} INFO - DAG(s) dict_keys(['example_xcom']) retrieved from /home/airflow/.local/lib/python3.6/site-packages/airflow/example_dags/example_xcom.py
[2021-07-12 21:00:50,098] {logging_mixin.py:104} INFO - [2021-07-12 21:00:50,098] {dag.py:1833} INFO - Sync 1 DAGs
[2021-07-12 21:00:50,106] {logging_mixin.py:104} INFO - [2021-07-12 21:00:50,106] {dag.py:2306} INFO - Setting next_dagrun for example_xcom to 2021-07-10 00:00:00+00:00
[2021-07-12 21:00:50,113] {scheduler_job.py:190} INFO - Processing /home/airflow/.local/lib/python3.6/site-packages/airflow/example_dags/example_xcom.py took 0.035 seconds
[2021-07-12 21:01:20,397] {scheduler_job.py:182} INFO - Started process (PID=3680) to work on /home/airflow/.local/lib/python3.6/site-packages/airflow/example_dags/example_xcom.py
[2021-07-12 21:01:20,397] {scheduler_job.py:633} INFO - Processing file /home/airflow/.local/lib/python3.6/site-packages/airflow/example_dags/example_xcom.py for tasks to queue
[2021-07-12 21:01:20,398] {logging_mixin.py:104} INFO - [2021-07-12 21:01:20,398] {dagbag.py:496} INFO - Filling up the DagBag from /home/airflow/.local/lib/python3.6/site-packages/airflow/example_dags/example_xcom.py
[2021-07-12 21:01:20,405] {scheduler_job.py:643} INFO - DAG(s) dict_keys(['example_xcom']) retrieved from /home/airflow/.local/lib/python3.6/site-packages/airflow/example_dags/example_xcom.py
[2021-07-12 21:01:20,416] {logging_mixin.py:104} INFO - [2021-07-12 21:01:20,416] {dag.py:1833} INFO - Sync 1 DAGs
[2021-07-12 21:01:20,425] {logging_mixin.py:104} INFO - [2021-07-12 21:01:20,425] {dag.py:2306} INFO - Setting next_dagrun for example_xcom to 2021-07-10 00:00:00+00:00
[2021-07-12 21:01:20,438] {scheduler_job.py:190} INFO - Processing /home/airflow/.local/lib/python3.6/site-packages/airflow/example_dags/example_xcom.py took 0.043 seconds
[2021-07-12 21:01:50,665] {scheduler_job.py:182} INFO - Started process (PID=3756) to work on /home/airflow/.local/lib/python3.6/site-packages/airflow/example_dags/example_xcom.py
[2021-07-12 21:01:50,666] {scheduler_job.py:633} INFO - Processing file /home/airflow/.local/lib/python3.6/site-packages/airflow/example_dags/example_xcom.py for tasks to queue
[2021-07-12 21:01:50,666] {logging_mixin.py:104} INFO - [2021-07-12 21:01:50,666] {dagbag.py:496} INFO - Filling up the DagBag from /home/airflow/.local/lib/python3.6/site-packages/airflow/example_dags/example_xcom.py
[2021-07-12 21:01:50,673] {scheduler_job.py:643} INFO - DAG(s) dict_keys(['example_xcom']) retrieved from /home/airflow/.local/lib/python3.6/site-packages/airflow/example_dags/example_xcom.py
[2021-07-12 21:01:50,683] {logging_mixin.py:104} INFO - [2021-07-12 21:01:50,683] {dag.py:1833} INFO - Sync 1 DAGs
[2021-07-12 21:01:50,692] {logging_mixin.py:104} INFO - [2021-07-12 21:01:50,692] {dag.py:2306} INFO - Setting next_dagrun for example_xcom to 2021-07-10 00:00:00+00:00
[2021-07-12 21:01:50,696] {scheduler_job.py:190} INFO - Processing /home/airflow/.local/lib/python3.6/site-packages/airflow/example_dags/example_xcom.py took 0.032 seconds
[2021-07-12 21:02:20,814] {scheduler_job.py:182} INFO - Started process (PID=3808) to work on /home/airflow/.local/lib/python3.6/site-packages/airflow/example_dags/example_xcom.py
[2021-07-12 21:02:20,816] {scheduler_job.py:633} INFO - Processing file /home/airflow/.local/lib/python3.6/site-packages/airflow/example_dags/example_xcom.py for tasks to queue
[2021-07-12 21:02:20,816] {logging_mixin.py:104} INFO - [2021-07-12 21:02:20,816] {dagbag.py:496} INFO - Filling up the DagBag from /home/airflow/.local/lib/python3.6/site-packages/airflow/example_dags/example_xcom.py
[2021-07-12 21:02:20,822] {scheduler_job.py:643} INFO - DAG(s) dict_keys(['example_xcom']) retrieved from /home/airflow/.local/lib/python3.6/site-packages/airflow/example_dags/example_xcom.py
[2021-07-12 21:02:20,835] {logging_mixin.py:104} INFO - [2021-07-12 21:02:20,835] {dag.py:1833} INFO - Sync 1 DAGs
[2021-07-12 21:02:20,845] {logging_mixin.py:104} INFO - [2021-07-12 21:02:20,845] {dag.py:2306} INFO - Setting next_dagrun for example_xcom to 2021-07-10 00:00:00+00:00
[2021-07-12 21:02:20,851] {scheduler_job.py:190} INFO - Processing /home/airflow/.local/lib/python3.6/site-packages/airflow/example_dags/example_xcom.py took 0.039 seconds
[2021-07-12 21:02:51,223] {scheduler_job.py:182} INFO - Started process (PID=3872) to work on /home/airflow/.local/lib/python3.6/site-packages/airflow/example_dags/example_xcom.py
[2021-07-12 21:02:51,224] {scheduler_job.py:633} INFO - Processing file /home/airflow/.local/lib/python3.6/site-packages/airflow/example_dags/example_xcom.py for tasks to queue
[2021-07-12 21:02:51,224] {logging_mixin.py:104} INFO - [2021-07-12 21:02:51,224] {dagbag.py:496} INFO - Filling up the DagBag from /home/airflow/.local/lib/python3.6/site-packages/airflow/example_dags/example_xcom.py
[2021-07-12 21:02:51,230] {scheduler_job.py:643} INFO - DAG(s) dict_keys(['example_xcom']) retrieved from /home/airflow/.local/lib/python3.6/site-packages/airflow/example_dags/example_xcom.py
[2021-07-12 21:02:51,241] {logging_mixin.py:104} INFO - [2021-07-12 21:02:51,241] {dag.py:1833} INFO - Sync 1 DAGs
[2021-07-12 21:02:51,251] {logging_mixin.py:104} INFO - [2021-07-12 21:02:51,251] {dag.py:2306} INFO - Setting next_dagrun for example_xcom to 2021-07-10 00:00:00+00:00
[2021-07-12 21:02:51,255] {scheduler_job.py:190} INFO - Processing /home/airflow/.local/lib/python3.6/site-packages/airflow/example_dags/example_xcom.py took 0.034 seconds
[2021-07-12 21:03:21,505] {scheduler_job.py:182} INFO - Started process (PID=3934) to work on /home/airflow/.local/lib/python3.6/site-packages/airflow/example_dags/example_xcom.py
[2021-07-12 21:03:21,506] {scheduler_job.py:633} INFO - Processing file /home/airflow/.local/lib/python3.6/site-packages/airflow/example_dags/example_xcom.py for tasks to queue
[2021-07-12 21:03:21,506] {logging_mixin.py:104} INFO - [2021-07-12 21:03:21,506] {dagbag.py:496} INFO - Filling up the DagBag from /home/airflow/.local/lib/python3.6/site-packages/airflow/example_dags/example_xcom.py
[2021-07-12 21:03:21,513] {scheduler_job.py:643} INFO - DAG(s) dict_keys(['example_xcom']) retrieved from /home/airflow/.local/lib/python3.6/site-packages/airflow/example_dags/example_xcom.py
[2021-07-12 21:03:21,525] {logging_mixin.py:104} INFO - [2021-07-12 21:03:21,525] {dag.py:1833} INFO - Sync 1 DAGs
[2021-07-12 21:03:21,534] {logging_mixin.py:104} INFO - [2021-07-12 21:03:21,534] {dag.py:2306} INFO - Setting next_dagrun for example_xcom to 2021-07-10 00:00:00+00:00
[2021-07-12 21:03:21,538] {scheduler_job.py:190} INFO - Processing /home/airflow/.local/lib/python3.6/site-packages/airflow/example_dags/example_xcom.py took 0.034 seconds
[2021-07-12 21:03:52,574] {scheduler_job.py:182} INFO - Started process (PID=3996) to work on /home/airflow/.local/lib/python3.6/site-packages/airflow/example_dags/example_xcom.py
[2021-07-12 21:03:52,575] {scheduler_job.py:633} INFO - Processing file /home/airflow/.local/lib/python3.6/site-packages/airflow/example_dags/example_xcom.py for tasks to queue
[2021-07-12 21:03:52,575] {logging_mixin.py:104} INFO - [2021-07-12 21:03:52,575] {dagbag.py:496} INFO - Filling up the DagBag from /home/airflow/.local/lib/python3.6/site-packages/airflow/example_dags/example_xcom.py
[2021-07-12 21:03:52,581] {scheduler_job.py:643} INFO - DAG(s) dict_keys(['example_xcom']) retrieved from /home/airflow/.local/lib/python3.6/site-packages/airflow/example_dags/example_xcom.py
[2021-07-12 21:03:52,591] {logging_mixin.py:104} INFO - [2021-07-12 21:03:52,591] {dag.py:1833} INFO - Sync 1 DAGs
[2021-07-12 21:03:52,600] {logging_mixin.py:104} INFO - [2021-07-12 21:03:52,599] {dag.py:2306} INFO - Setting next_dagrun for example_xcom to 2021-07-10 00:00:00+00:00
[2021-07-12 21:03:52,605] {scheduler_job.py:190} INFO - Processing /home/airflow/.local/lib/python3.6/site-packages/airflow/example_dags/example_xcom.py took 0.033 seconds
[2021-07-12 21:04:22,907] {scheduler_job.py:182} INFO - Started process (PID=4047) to work on /home/airflow/.local/lib/python3.6/site-packages/airflow/example_dags/example_xcom.py
[2021-07-12 21:04:22,908] {scheduler_job.py:633} INFO - Processing file /home/airflow/.local/lib/python3.6/site-packages/airflow/example_dags/example_xcom.py for tasks to queue
[2021-07-12 21:04:22,908] {logging_mixin.py:104} INFO - [2021-07-12 21:04:22,908] {dagbag.py:496} INFO - Filling up the DagBag from /home/airflow/.local/lib/python3.6/site-packages/airflow/example_dags/example_xcom.py
[2021-07-12 21:04:22,916] {scheduler_job.py:643} INFO - DAG(s) dict_keys(['example_xcom']) retrieved from /home/airflow/.local/lib/python3.6/site-packages/airflow/example_dags/example_xcom.py
[2021-07-12 21:04:22,927] {logging_mixin.py:104} INFO - [2021-07-12 21:04:22,927] {dag.py:1833} INFO - Sync 1 DAGs
[2021-07-12 21:04:22,936] {logging_mixin.py:104} INFO - [2021-07-12 21:04:22,936] {dag.py:2306} INFO - Setting next_dagrun for example_xcom to 2021-07-10 00:00:00+00:00
[2021-07-12 21:04:22,941] {scheduler_job.py:190} INFO - Processing /home/airflow/.local/lib/python3.6/site-packages/airflow/example_dags/example_xcom.py took 0.036 seconds
[2021-07-12 21:04:53,180] {scheduler_job.py:182} INFO - Started process (PID=4109) to work on /home/airflow/.local/lib/python3.6/site-packages/airflow/example_dags/example_xcom.py
[2021-07-12 21:04:53,180] {scheduler_job.py:633} INFO - Processing file /home/airflow/.local/lib/python3.6/site-packages/airflow/example_dags/example_xcom.py for tasks to queue
[2021-07-12 21:04:53,180] {logging_mixin.py:104} INFO - [2021-07-12 21:04:53,180] {dagbag.py:496} INFO - Filling up the DagBag from /home/airflow/.local/lib/python3.6/site-packages/airflow/example_dags/example_xcom.py
[2021-07-12 21:04:53,186] {scheduler_job.py:643} INFO - DAG(s) dict_keys(['example_xcom']) retrieved from /home/airflow/.local/lib/python3.6/site-packages/airflow/example_dags/example_xcom.py
[2021-07-12 21:04:53,199] {logging_mixin.py:104} INFO - [2021-07-12 21:04:53,199] {dag.py:1833} INFO - Sync 1 DAGs
[2021-07-12 21:04:53,209] {logging_mixin.py:104} INFO - [2021-07-12 21:04:53,209] {dag.py:2306} INFO - Setting next_dagrun for example_xcom to 2021-07-10 00:00:00+00:00
[2021-07-12 21:04:53,213] {scheduler_job.py:190} INFO - Processing /home/airflow/.local/lib/python3.6/site-packages/airflow/example_dags/example_xcom.py took 0.035 seconds
[2021-07-12 21:05:23,473] {scheduler_job.py:182} INFO - Started process (PID=4171) to work on /home/airflow/.local/lib/python3.6/site-packages/airflow/example_dags/example_xcom.py
[2021-07-12 21:05:23,474] {scheduler_job.py:633} INFO - Processing file /home/airflow/.local/lib/python3.6/site-packages/airflow/example_dags/example_xcom.py for tasks to queue
[2021-07-12 21:05:23,474] {logging_mixin.py:104} INFO - [2021-07-12 21:05:23,474] {dagbag.py:496} INFO - Filling up the DagBag from /home/airflow/.local/lib/python3.6/site-packages/airflow/example_dags/example_xcom.py
[2021-07-12 21:05:23,479] {scheduler_job.py:643} INFO - DAG(s) dict_keys(['example_xcom']) retrieved from /home/airflow/.local/lib/python3.6/site-packages/airflow/example_dags/example_xcom.py
[2021-07-12 21:05:23,493] {logging_mixin.py:104} INFO - [2021-07-12 21:05:23,493] {dag.py:1833} INFO - Sync 1 DAGs
[2021-07-12 21:05:23,504] {logging_mixin.py:104} INFO - [2021-07-12 21:05:23,504] {dag.py:2306} INFO - Setting next_dagrun for example_xcom to 2021-07-10 00:00:00+00:00
[2021-07-12 21:05:23,509] {scheduler_job.py:190} INFO - Processing /home/airflow/.local/lib/python3.6/site-packages/airflow/example_dags/example_xcom.py took 0.037 seconds
[2021-07-12 21:05:53,781] {scheduler_job.py:182} INFO - Started process (PID=4222) to work on /home/airflow/.local/lib/python3.6/site-packages/airflow/example_dags/example_xcom.py
[2021-07-12 21:05:53,782] {scheduler_job.py:633} INFO - Processing file /home/airflow/.local/lib/python3.6/site-packages/airflow/example_dags/example_xcom.py for tasks to queue
[2021-07-12 21:05:53,782] {logging_mixin.py:104} INFO - [2021-07-12 21:05:53,782] {dagbag.py:496} INFO - Filling up the DagBag from /home/airflow/.local/lib/python3.6/site-packages/airflow/example_dags/example_xcom.py
[2021-07-12 21:05:53,788] {scheduler_job.py:643} INFO - DAG(s) dict_keys(['example_xcom']) retrieved from /home/airflow/.local/lib/python3.6/site-packages/airflow/example_dags/example_xcom.py
[2021-07-12 21:05:53,799] {logging_mixin.py:104} INFO - [2021-07-12 21:05:53,799] {dag.py:1833} INFO - Sync 1 DAGs
[2021-07-12 21:05:53,808] {logging_mixin.py:104} INFO - [2021-07-12 21:05:53,808] {dag.py:2306} INFO - Setting next_dagrun for example_xcom to 2021-07-10 00:00:00+00:00
[2021-07-12 21:05:53,813] {scheduler_job.py:190} INFO - Processing /home/airflow/.local/lib/python3.6/site-packages/airflow/example_dags/example_xcom.py took 0.033 seconds
[2021-07-12 21:06:23,953] {scheduler_job.py:182} INFO - Started process (PID=4283) to work on /home/airflow/.local/lib/python3.6/site-packages/airflow/example_dags/example_xcom.py
[2021-07-12 21:06:23,954] {scheduler_job.py:633} INFO - Processing file /home/airflow/.local/lib/python3.6/site-packages/airflow/example_dags/example_xcom.py for tasks to queue
[2021-07-12 21:06:23,954] {logging_mixin.py:104} INFO - [2021-07-12 21:06:23,954] {dagbag.py:496} INFO - Filling up the DagBag from /home/airflow/.local/lib/python3.6/site-packages/airflow/example_dags/example_xcom.py
[2021-07-12 21:06:23,960] {scheduler_job.py:643} INFO - DAG(s) dict_keys(['example_xcom']) retrieved from /home/airflow/.local/lib/python3.6/site-packages/airflow/example_dags/example_xcom.py
[2021-07-12 21:06:23,976] {logging_mixin.py:104} INFO - [2021-07-12 21:06:23,976] {dag.py:1833} INFO - Sync 1 DAGs
[2021-07-12 21:06:23,986] {logging_mixin.py:104} INFO - [2021-07-12 21:06:23,986] {dag.py:2306} INFO - Setting next_dagrun for example_xcom to 2021-07-10 00:00:00+00:00
[2021-07-12 21:06:23,994] {scheduler_job.py:190} INFO - Processing /home/airflow/.local/lib/python3.6/site-packages/airflow/example_dags/example_xcom.py took 0.042 seconds
[2021-07-12 21:06:54,377] {scheduler_job.py:182} INFO - Started process (PID=4345) to work on /home/airflow/.local/lib/python3.6/site-packages/airflow/example_dags/example_xcom.py
[2021-07-12 21:06:54,378] {scheduler_job.py:633} INFO - Processing file /home/airflow/.local/lib/python3.6/site-packages/airflow/example_dags/example_xcom.py for tasks to queue
[2021-07-12 21:06:54,378] {logging_mixin.py:104} INFO - [2021-07-12 21:06:54,378] {dagbag.py:496} INFO - Filling up the DagBag from /home/airflow/.local/lib/python3.6/site-packages/airflow/example_dags/example_xcom.py
[2021-07-12 21:06:54,384] {scheduler_job.py:643} INFO - DAG(s) dict_keys(['example_xcom']) retrieved from /home/airflow/.local/lib/python3.6/site-packages/airflow/example_dags/example_xcom.py
[2021-07-12 21:06:54,395] {logging_mixin.py:104} INFO - [2021-07-12 21:06:54,395] {dag.py:1833} INFO - Sync 1 DAGs
[2021-07-12 21:06:54,405] {logging_mixin.py:104} INFO - [2021-07-12 21:06:54,405] {dag.py:2306} INFO - Setting next_dagrun for example_xcom to 2021-07-10 00:00:00+00:00
[2021-07-12 21:06:54,412] {scheduler_job.py:190} INFO - Processing /home/airflow/.local/lib/python3.6/site-packages/airflow/example_dags/example_xcom.py took 0.036 seconds
[2021-07-12 21:07:24,661] {scheduler_job.py:182} INFO - Started process (PID=4403) to work on /home/airflow/.local/lib/python3.6/site-packages/airflow/example_dags/example_xcom.py
[2021-07-12 21:07:24,662] {scheduler_job.py:633} INFO - Processing file /home/airflow/.local/lib/python3.6/site-packages/airflow/example_dags/example_xcom.py for tasks to queue
[2021-07-12 21:07:24,663] {logging_mixin.py:104} INFO - [2021-07-12 21:07:24,662] {dagbag.py:496} INFO - Filling up the DagBag from /home/airflow/.local/lib/python3.6/site-packages/airflow/example_dags/example_xcom.py
[2021-07-12 21:07:24,670] {scheduler_job.py:643} INFO - DAG(s) dict_keys(['example_xcom']) retrieved from /home/airflow/.local/lib/python3.6/site-packages/airflow/example_dags/example_xcom.py
[2021-07-12 21:07:24,681] {logging_mixin.py:104} INFO - [2021-07-12 21:07:24,681] {dag.py:1833} INFO - Sync 1 DAGs
[2021-07-12 21:07:24,690] {logging_mixin.py:104} INFO - [2021-07-12 21:07:24,690] {dag.py:2306} INFO - Setting next_dagrun for example_xcom to 2021-07-10 00:00:00+00:00
[2021-07-12 21:07:24,695] {scheduler_job.py:190} INFO - Processing /home/airflow/.local/lib/python3.6/site-packages/airflow/example_dags/example_xcom.py took 0.036 seconds
[2021-07-12 21:07:54,996] {scheduler_job.py:182} INFO - Started process (PID=4460) to work on /home/airflow/.local/lib/python3.6/site-packages/airflow/example_dags/example_xcom.py
[2021-07-12 21:07:54,997] {scheduler_job.py:633} INFO - Processing file /home/airflow/.local/lib/python3.6/site-packages/airflow/example_dags/example_xcom.py for tasks to queue
[2021-07-12 21:07:54,997] {logging_mixin.py:104} INFO - [2021-07-12 21:07:54,997] {dagbag.py:496} INFO - Filling up the DagBag from /home/airflow/.local/lib/python3.6/site-packages/airflow/example_dags/example_xcom.py
[2021-07-12 21:07:55,003] {scheduler_job.py:643} INFO - DAG(s) dict_keys(['example_xcom']) retrieved from /home/airflow/.local/lib/python3.6/site-packages/airflow/example_dags/example_xcom.py
[2021-07-12 21:07:55,016] {logging_mixin.py:104} INFO - [2021-07-12 21:07:55,016] {dag.py:1833} INFO - Sync 1 DAGs
[2021-07-12 21:07:55,024] {logging_mixin.py:104} INFO - [2021-07-12 21:07:55,024] {dag.py:2306} INFO - Setting next_dagrun for example_xcom to 2021-07-10 00:00:00+00:00
[2021-07-12 21:07:55,030] {scheduler_job.py:190} INFO - Processing /home/airflow/.local/lib/python3.6/site-packages/airflow/example_dags/example_xcom.py took 0.036 seconds
[2021-07-12 21:08:25,302] {scheduler_job.py:182} INFO - Started process (PID=4522) to work on /home/airflow/.local/lib/python3.6/site-packages/airflow/example_dags/example_xcom.py
[2021-07-12 21:08:25,303] {scheduler_job.py:633} INFO - Processing file /home/airflow/.local/lib/python3.6/site-packages/airflow/example_dags/example_xcom.py for tasks to queue
[2021-07-12 21:08:25,304] {logging_mixin.py:104} INFO - [2021-07-12 21:08:25,304] {dagbag.py:496} INFO - Filling up the DagBag from /home/airflow/.local/lib/python3.6/site-packages/airflow/example_dags/example_xcom.py
[2021-07-12 21:08:25,313] {scheduler_job.py:643} INFO - DAG(s) dict_keys(['example_xcom']) retrieved from /home/airflow/.local/lib/python3.6/site-packages/airflow/example_dags/example_xcom.py
[2021-07-12 21:08:25,324] {logging_mixin.py:104} INFO - [2021-07-12 21:08:25,324] {dag.py:1833} INFO - Sync 1 DAGs
[2021-07-12 21:08:25,332] {logging_mixin.py:104} INFO - [2021-07-12 21:08:25,332] {dag.py:2306} INFO - Setting next_dagrun for example_xcom to 2021-07-10 00:00:00+00:00
[2021-07-12 21:08:25,337] {scheduler_job.py:190} INFO - Processing /home/airflow/.local/lib/python3.6/site-packages/airflow/example_dags/example_xcom.py took 0.037 seconds
