[2021-07-12 20:30:04,944] {scheduler_job.py:182} INFO - Started process (PID=44) to work on /home/airflow/.local/lib/python3.6/site-packages/airflow/example_dags/tutorial_etl_dag.py
[2021-07-12 20:30:04,945] {scheduler_job.py:633} INFO - Processing file /home/airflow/.local/lib/python3.6/site-packages/airflow/example_dags/tutorial_etl_dag.py for tasks to queue
[2021-07-12 20:30:04,945] {logging_mixin.py:104} INFO - [2021-07-12 20:30:04,945] {dagbag.py:496} INFO - Filling up the DagBag from /home/airflow/.local/lib/python3.6/site-packages/airflow/example_dags/tutorial_etl_dag.py
[2021-07-12 20:30:04,955] {scheduler_job.py:643} INFO - DAG(s) dict_keys(['tutorial_etl_dag']) retrieved from /home/airflow/.local/lib/python3.6/site-packages/airflow/example_dags/tutorial_etl_dag.py
[2021-07-12 20:30:05,106] {logging_mixin.py:104} INFO - [2021-07-12 20:30:05,106] {dag.py:1833} INFO - Sync 1 DAGs
[2021-07-12 20:30:05,114] {logging_mixin.py:104} INFO - [2021-07-12 20:30:05,114] {dag.py:2306} INFO - Setting next_dagrun for tutorial_etl_dag to None
[2021-07-12 20:30:05,121] {scheduler_job.py:190} INFO - Processing /home/airflow/.local/lib/python3.6/site-packages/airflow/example_dags/tutorial_etl_dag.py took 0.178 seconds
[2021-07-12 20:30:35,965] {scheduler_job.py:182} INFO - Started process (PID=106) to work on /home/airflow/.local/lib/python3.6/site-packages/airflow/example_dags/tutorial_etl_dag.py
[2021-07-12 20:30:35,966] {scheduler_job.py:633} INFO - Processing file /home/airflow/.local/lib/python3.6/site-packages/airflow/example_dags/tutorial_etl_dag.py for tasks to queue
[2021-07-12 20:30:35,966] {logging_mixin.py:104} INFO - [2021-07-12 20:30:35,966] {dagbag.py:496} INFO - Filling up the DagBag from /home/airflow/.local/lib/python3.6/site-packages/airflow/example_dags/tutorial_etl_dag.py
[2021-07-12 20:30:35,973] {scheduler_job.py:643} INFO - DAG(s) dict_keys(['tutorial_etl_dag']) retrieved from /home/airflow/.local/lib/python3.6/site-packages/airflow/example_dags/tutorial_etl_dag.py
[2021-07-12 20:30:35,984] {logging_mixin.py:104} INFO - [2021-07-12 20:30:35,984] {dag.py:1833} INFO - Sync 1 DAGs
[2021-07-12 20:30:35,993] {logging_mixin.py:104} INFO - [2021-07-12 20:30:35,993] {dag.py:2306} INFO - Setting next_dagrun for tutorial_etl_dag to None
[2021-07-12 20:30:35,998] {scheduler_job.py:190} INFO - Processing /home/airflow/.local/lib/python3.6/site-packages/airflow/example_dags/tutorial_etl_dag.py took 0.034 seconds
[2021-07-12 20:31:06,295] {scheduler_job.py:182} INFO - Started process (PID=168) to work on /home/airflow/.local/lib/python3.6/site-packages/airflow/example_dags/tutorial_etl_dag.py
[2021-07-12 20:31:06,296] {scheduler_job.py:633} INFO - Processing file /home/airflow/.local/lib/python3.6/site-packages/airflow/example_dags/tutorial_etl_dag.py for tasks to queue
[2021-07-12 20:31:06,297] {logging_mixin.py:104} INFO - [2021-07-12 20:31:06,297] {dagbag.py:496} INFO - Filling up the DagBag from /home/airflow/.local/lib/python3.6/site-packages/airflow/example_dags/tutorial_etl_dag.py
[2021-07-12 20:31:06,305] {scheduler_job.py:643} INFO - DAG(s) dict_keys(['tutorial_etl_dag']) retrieved from /home/airflow/.local/lib/python3.6/site-packages/airflow/example_dags/tutorial_etl_dag.py
[2021-07-12 20:31:06,316] {logging_mixin.py:104} INFO - [2021-07-12 20:31:06,316] {dag.py:1833} INFO - Sync 1 DAGs
[2021-07-12 20:31:06,324] {logging_mixin.py:104} INFO - [2021-07-12 20:31:06,324] {dag.py:2306} INFO - Setting next_dagrun for tutorial_etl_dag to None
[2021-07-12 20:31:06,328] {scheduler_job.py:190} INFO - Processing /home/airflow/.local/lib/python3.6/site-packages/airflow/example_dags/tutorial_etl_dag.py took 0.035 seconds
[2021-07-12 20:31:36,426] {scheduler_job.py:182} INFO - Started process (PID=221) to work on /home/airflow/.local/lib/python3.6/site-packages/airflow/example_dags/tutorial_etl_dag.py
[2021-07-12 20:31:36,427] {scheduler_job.py:633} INFO - Processing file /home/airflow/.local/lib/python3.6/site-packages/airflow/example_dags/tutorial_etl_dag.py for tasks to queue
[2021-07-12 20:31:36,427] {logging_mixin.py:104} INFO - [2021-07-12 20:31:36,427] {dagbag.py:496} INFO - Filling up the DagBag from /home/airflow/.local/lib/python3.6/site-packages/airflow/example_dags/tutorial_etl_dag.py
[2021-07-12 20:31:36,435] {scheduler_job.py:643} INFO - DAG(s) dict_keys(['tutorial_etl_dag']) retrieved from /home/airflow/.local/lib/python3.6/site-packages/airflow/example_dags/tutorial_etl_dag.py
[2021-07-12 20:31:36,450] {logging_mixin.py:104} INFO - [2021-07-12 20:31:36,450] {dag.py:1833} INFO - Sync 1 DAGs
[2021-07-12 20:31:36,458] {logging_mixin.py:104} INFO - [2021-07-12 20:31:36,458] {dag.py:2306} INFO - Setting next_dagrun for tutorial_etl_dag to None
[2021-07-12 20:31:36,463] {scheduler_job.py:190} INFO - Processing /home/airflow/.local/lib/python3.6/site-packages/airflow/example_dags/tutorial_etl_dag.py took 0.040 seconds
[2021-07-12 20:32:06,481] {scheduler_job.py:182} INFO - Started process (PID=282) to work on /home/airflow/.local/lib/python3.6/site-packages/airflow/example_dags/tutorial_etl_dag.py
[2021-07-12 20:32:06,482] {scheduler_job.py:633} INFO - Processing file /home/airflow/.local/lib/python3.6/site-packages/airflow/example_dags/tutorial_etl_dag.py for tasks to queue
[2021-07-12 20:32:06,482] {logging_mixin.py:104} INFO - [2021-07-12 20:32:06,482] {dagbag.py:496} INFO - Filling up the DagBag from /home/airflow/.local/lib/python3.6/site-packages/airflow/example_dags/tutorial_etl_dag.py
[2021-07-12 20:32:06,488] {scheduler_job.py:643} INFO - DAG(s) dict_keys(['tutorial_etl_dag']) retrieved from /home/airflow/.local/lib/python3.6/site-packages/airflow/example_dags/tutorial_etl_dag.py
[2021-07-12 20:32:06,498] {logging_mixin.py:104} INFO - [2021-07-12 20:32:06,498] {dag.py:1833} INFO - Sync 1 DAGs
[2021-07-12 20:32:06,508] {logging_mixin.py:104} INFO - [2021-07-12 20:32:06,508] {dag.py:2306} INFO - Setting next_dagrun for tutorial_etl_dag to None
[2021-07-12 20:32:06,514] {scheduler_job.py:190} INFO - Processing /home/airflow/.local/lib/python3.6/site-packages/airflow/example_dags/tutorial_etl_dag.py took 0.035 seconds
[2021-07-12 20:32:37,713] {scheduler_job.py:182} INFO - Started process (PID=343) to work on /home/airflow/.local/lib/python3.6/site-packages/airflow/example_dags/tutorial_etl_dag.py
[2021-07-12 20:32:37,714] {scheduler_job.py:633} INFO - Processing file /home/airflow/.local/lib/python3.6/site-packages/airflow/example_dags/tutorial_etl_dag.py for tasks to queue
[2021-07-12 20:32:37,714] {logging_mixin.py:104} INFO - [2021-07-12 20:32:37,714] {dagbag.py:496} INFO - Filling up the DagBag from /home/airflow/.local/lib/python3.6/site-packages/airflow/example_dags/tutorial_etl_dag.py
[2021-07-12 20:32:37,720] {scheduler_job.py:643} INFO - DAG(s) dict_keys(['tutorial_etl_dag']) retrieved from /home/airflow/.local/lib/python3.6/site-packages/airflow/example_dags/tutorial_etl_dag.py
[2021-07-12 20:32:37,732] {logging_mixin.py:104} INFO - [2021-07-12 20:32:37,732] {dag.py:1833} INFO - Sync 1 DAGs
[2021-07-12 20:32:37,742] {logging_mixin.py:104} INFO - [2021-07-12 20:32:37,742] {dag.py:2306} INFO - Setting next_dagrun for tutorial_etl_dag to None
[2021-07-12 20:32:37,746] {scheduler_job.py:190} INFO - Processing /home/airflow/.local/lib/python3.6/site-packages/airflow/example_dags/tutorial_etl_dag.py took 0.034 seconds
[2021-07-12 20:33:07,891] {scheduler_job.py:182} INFO - Started process (PID=404) to work on /home/airflow/.local/lib/python3.6/site-packages/airflow/example_dags/tutorial_etl_dag.py
[2021-07-12 20:33:07,892] {scheduler_job.py:633} INFO - Processing file /home/airflow/.local/lib/python3.6/site-packages/airflow/example_dags/tutorial_etl_dag.py for tasks to queue
[2021-07-12 20:33:07,892] {logging_mixin.py:104} INFO - [2021-07-12 20:33:07,892] {dagbag.py:496} INFO - Filling up the DagBag from /home/airflow/.local/lib/python3.6/site-packages/airflow/example_dags/tutorial_etl_dag.py
[2021-07-12 20:33:07,899] {scheduler_job.py:643} INFO - DAG(s) dict_keys(['tutorial_etl_dag']) retrieved from /home/airflow/.local/lib/python3.6/site-packages/airflow/example_dags/tutorial_etl_dag.py
[2021-07-12 20:33:07,911] {logging_mixin.py:104} INFO - [2021-07-12 20:33:07,911] {dag.py:1833} INFO - Sync 1 DAGs
[2021-07-12 20:33:07,920] {logging_mixin.py:104} INFO - [2021-07-12 20:33:07,920] {dag.py:2306} INFO - Setting next_dagrun for tutorial_etl_dag to None
[2021-07-12 20:33:07,925] {scheduler_job.py:190} INFO - Processing /home/airflow/.local/lib/python3.6/site-packages/airflow/example_dags/tutorial_etl_dag.py took 0.036 seconds
[2021-07-12 20:33:38,184] {scheduler_job.py:182} INFO - Started process (PID=454) to work on /home/airflow/.local/lib/python3.6/site-packages/airflow/example_dags/tutorial_etl_dag.py
[2021-07-12 20:33:38,185] {scheduler_job.py:633} INFO - Processing file /home/airflow/.local/lib/python3.6/site-packages/airflow/example_dags/tutorial_etl_dag.py for tasks to queue
[2021-07-12 20:33:38,185] {logging_mixin.py:104} INFO - [2021-07-12 20:33:38,185] {dagbag.py:496} INFO - Filling up the DagBag from /home/airflow/.local/lib/python3.6/site-packages/airflow/example_dags/tutorial_etl_dag.py
[2021-07-12 20:33:38,193] {scheduler_job.py:643} INFO - DAG(s) dict_keys(['tutorial_etl_dag']) retrieved from /home/airflow/.local/lib/python3.6/site-packages/airflow/example_dags/tutorial_etl_dag.py
[2021-07-12 20:33:38,207] {logging_mixin.py:104} INFO - [2021-07-12 20:33:38,207] {dag.py:1833} INFO - Sync 1 DAGs
[2021-07-12 20:33:38,216] {logging_mixin.py:104} INFO - [2021-07-12 20:33:38,216] {dag.py:2306} INFO - Setting next_dagrun for tutorial_etl_dag to None
[2021-07-12 20:33:38,220] {scheduler_job.py:190} INFO - Processing /home/airflow/.local/lib/python3.6/site-packages/airflow/example_dags/tutorial_etl_dag.py took 0.038 seconds
[2021-07-12 20:34:08,335] {scheduler_job.py:182} INFO - Started process (PID=516) to work on /home/airflow/.local/lib/python3.6/site-packages/airflow/example_dags/tutorial_etl_dag.py
[2021-07-12 20:34:08,336] {scheduler_job.py:633} INFO - Processing file /home/airflow/.local/lib/python3.6/site-packages/airflow/example_dags/tutorial_etl_dag.py for tasks to queue
[2021-07-12 20:34:08,337] {logging_mixin.py:104} INFO - [2021-07-12 20:34:08,336] {dagbag.py:496} INFO - Filling up the DagBag from /home/airflow/.local/lib/python3.6/site-packages/airflow/example_dags/tutorial_etl_dag.py
[2021-07-12 20:34:08,346] {scheduler_job.py:643} INFO - DAG(s) dict_keys(['tutorial_etl_dag']) retrieved from /home/airflow/.local/lib/python3.6/site-packages/airflow/example_dags/tutorial_etl_dag.py
[2021-07-12 20:34:08,359] {logging_mixin.py:104} INFO - [2021-07-12 20:34:08,359] {dag.py:1833} INFO - Sync 1 DAGs
[2021-07-12 20:34:08,367] {logging_mixin.py:104} INFO - [2021-07-12 20:34:08,367] {dag.py:2306} INFO - Setting next_dagrun for tutorial_etl_dag to None
[2021-07-12 20:34:08,373] {scheduler_job.py:190} INFO - Processing /home/airflow/.local/lib/python3.6/site-packages/airflow/example_dags/tutorial_etl_dag.py took 0.040 seconds
[2021-07-12 20:34:39,420] {scheduler_job.py:182} INFO - Started process (PID=580) to work on /home/airflow/.local/lib/python3.6/site-packages/airflow/example_dags/tutorial_etl_dag.py
[2021-07-12 20:34:39,421] {scheduler_job.py:633} INFO - Processing file /home/airflow/.local/lib/python3.6/site-packages/airflow/example_dags/tutorial_etl_dag.py for tasks to queue
[2021-07-12 20:34:39,421] {logging_mixin.py:104} INFO - [2021-07-12 20:34:39,421] {dagbag.py:496} INFO - Filling up the DagBag from /home/airflow/.local/lib/python3.6/site-packages/airflow/example_dags/tutorial_etl_dag.py
[2021-07-12 20:34:39,427] {scheduler_job.py:643} INFO - DAG(s) dict_keys(['tutorial_etl_dag']) retrieved from /home/airflow/.local/lib/python3.6/site-packages/airflow/example_dags/tutorial_etl_dag.py
[2021-07-12 20:34:39,439] {logging_mixin.py:104} INFO - [2021-07-12 20:34:39,439] {dag.py:1833} INFO - Sync 1 DAGs
[2021-07-12 20:34:39,450] {logging_mixin.py:104} INFO - [2021-07-12 20:34:39,450] {dag.py:2306} INFO - Setting next_dagrun for tutorial_etl_dag to None
[2021-07-12 20:34:39,456] {scheduler_job.py:190} INFO - Processing /home/airflow/.local/lib/python3.6/site-packages/airflow/example_dags/tutorial_etl_dag.py took 0.037 seconds
[2021-07-12 20:35:09,719] {scheduler_job.py:182} INFO - Started process (PID=631) to work on /home/airflow/.local/lib/python3.6/site-packages/airflow/example_dags/tutorial_etl_dag.py
[2021-07-12 20:35:09,720] {scheduler_job.py:633} INFO - Processing file /home/airflow/.local/lib/python3.6/site-packages/airflow/example_dags/tutorial_etl_dag.py for tasks to queue
[2021-07-12 20:35:09,720] {logging_mixin.py:104} INFO - [2021-07-12 20:35:09,720] {dagbag.py:496} INFO - Filling up the DagBag from /home/airflow/.local/lib/python3.6/site-packages/airflow/example_dags/tutorial_etl_dag.py
[2021-07-12 20:35:09,726] {scheduler_job.py:643} INFO - DAG(s) dict_keys(['tutorial_etl_dag']) retrieved from /home/airflow/.local/lib/python3.6/site-packages/airflow/example_dags/tutorial_etl_dag.py
[2021-07-12 20:35:09,738] {logging_mixin.py:104} INFO - [2021-07-12 20:35:09,738] {dag.py:1833} INFO - Sync 1 DAGs
[2021-07-12 20:35:09,746] {logging_mixin.py:104} INFO - [2021-07-12 20:35:09,746] {dag.py:2306} INFO - Setting next_dagrun for tutorial_etl_dag to None
[2021-07-12 20:35:09,752] {scheduler_job.py:190} INFO - Processing /home/airflow/.local/lib/python3.6/site-packages/airflow/example_dags/tutorial_etl_dag.py took 0.035 seconds
[2021-07-12 20:35:39,945] {scheduler_job.py:182} INFO - Started process (PID=694) to work on /home/airflow/.local/lib/python3.6/site-packages/airflow/example_dags/tutorial_etl_dag.py
[2021-07-12 20:35:39,946] {scheduler_job.py:633} INFO - Processing file /home/airflow/.local/lib/python3.6/site-packages/airflow/example_dags/tutorial_etl_dag.py for tasks to queue
[2021-07-12 20:35:39,946] {logging_mixin.py:104} INFO - [2021-07-12 20:35:39,946] {dagbag.py:496} INFO - Filling up the DagBag from /home/airflow/.local/lib/python3.6/site-packages/airflow/example_dags/tutorial_etl_dag.py
[2021-07-12 20:35:39,956] {scheduler_job.py:643} INFO - DAG(s) dict_keys(['tutorial_etl_dag']) retrieved from /home/airflow/.local/lib/python3.6/site-packages/airflow/example_dags/tutorial_etl_dag.py
[2021-07-12 20:35:39,968] {logging_mixin.py:104} INFO - [2021-07-12 20:35:39,968] {dag.py:1833} INFO - Sync 1 DAGs
[2021-07-12 20:35:39,976] {logging_mixin.py:104} INFO - [2021-07-12 20:35:39,976] {dag.py:2306} INFO - Setting next_dagrun for tutorial_etl_dag to None
[2021-07-12 20:35:39,983] {scheduler_job.py:190} INFO - Processing /home/airflow/.local/lib/python3.6/site-packages/airflow/example_dags/tutorial_etl_dag.py took 0.039 seconds
[2021-07-12 20:36:10,212] {scheduler_job.py:182} INFO - Started process (PID=761) to work on /home/airflow/.local/lib/python3.6/site-packages/airflow/example_dags/tutorial_etl_dag.py
[2021-07-12 20:36:10,213] {scheduler_job.py:633} INFO - Processing file /home/airflow/.local/lib/python3.6/site-packages/airflow/example_dags/tutorial_etl_dag.py for tasks to queue
[2021-07-12 20:36:10,213] {logging_mixin.py:104} INFO - [2021-07-12 20:36:10,213] {dagbag.py:496} INFO - Filling up the DagBag from /home/airflow/.local/lib/python3.6/site-packages/airflow/example_dags/tutorial_etl_dag.py
[2021-07-12 20:36:10,221] {scheduler_job.py:643} INFO - DAG(s) dict_keys(['tutorial_etl_dag']) retrieved from /home/airflow/.local/lib/python3.6/site-packages/airflow/example_dags/tutorial_etl_dag.py
[2021-07-12 20:36:10,233] {logging_mixin.py:104} INFO - [2021-07-12 20:36:10,233] {dag.py:1833} INFO - Sync 1 DAGs
[2021-07-12 20:36:10,247] {logging_mixin.py:104} INFO - [2021-07-12 20:36:10,247] {dag.py:2306} INFO - Setting next_dagrun for tutorial_etl_dag to None
[2021-07-12 20:36:10,253] {scheduler_job.py:190} INFO - Processing /home/airflow/.local/lib/python3.6/site-packages/airflow/example_dags/tutorial_etl_dag.py took 0.043 seconds
[2021-07-12 20:36:40,562] {scheduler_job.py:182} INFO - Started process (PID=822) to work on /home/airflow/.local/lib/python3.6/site-packages/airflow/example_dags/tutorial_etl_dag.py
[2021-07-12 20:36:40,563] {scheduler_job.py:633} INFO - Processing file /home/airflow/.local/lib/python3.6/site-packages/airflow/example_dags/tutorial_etl_dag.py for tasks to queue
[2021-07-12 20:36:40,563] {logging_mixin.py:104} INFO - [2021-07-12 20:36:40,563] {dagbag.py:496} INFO - Filling up the DagBag from /home/airflow/.local/lib/python3.6/site-packages/airflow/example_dags/tutorial_etl_dag.py
[2021-07-12 20:36:40,572] {scheduler_job.py:643} INFO - DAG(s) dict_keys(['tutorial_etl_dag']) retrieved from /home/airflow/.local/lib/python3.6/site-packages/airflow/example_dags/tutorial_etl_dag.py
[2021-07-12 20:36:40,584] {logging_mixin.py:104} INFO - [2021-07-12 20:36:40,584] {dag.py:1833} INFO - Sync 1 DAGs
[2021-07-12 20:36:40,595] {logging_mixin.py:104} INFO - [2021-07-12 20:36:40,595] {dag.py:2306} INFO - Setting next_dagrun for tutorial_etl_dag to None
[2021-07-12 20:36:40,604] {scheduler_job.py:190} INFO - Processing /home/airflow/.local/lib/python3.6/site-packages/airflow/example_dags/tutorial_etl_dag.py took 0.044 seconds
[2021-07-12 20:37:10,836] {scheduler_job.py:182} INFO - Started process (PID=873) to work on /home/airflow/.local/lib/python3.6/site-packages/airflow/example_dags/tutorial_etl_dag.py
[2021-07-12 20:37:10,837] {scheduler_job.py:633} INFO - Processing file /home/airflow/.local/lib/python3.6/site-packages/airflow/example_dags/tutorial_etl_dag.py for tasks to queue
[2021-07-12 20:37:10,838] {logging_mixin.py:104} INFO - [2021-07-12 20:37:10,838] {dagbag.py:496} INFO - Filling up the DagBag from /home/airflow/.local/lib/python3.6/site-packages/airflow/example_dags/tutorial_etl_dag.py
[2021-07-12 20:37:10,846] {scheduler_job.py:643} INFO - DAG(s) dict_keys(['tutorial_etl_dag']) retrieved from /home/airflow/.local/lib/python3.6/site-packages/airflow/example_dags/tutorial_etl_dag.py
[2021-07-12 20:37:10,858] {logging_mixin.py:104} INFO - [2021-07-12 20:37:10,858] {dag.py:1833} INFO - Sync 1 DAGs
[2021-07-12 20:37:10,868] {logging_mixin.py:104} INFO - [2021-07-12 20:37:10,868] {dag.py:2306} INFO - Setting next_dagrun for tutorial_etl_dag to None
[2021-07-12 20:37:10,876] {scheduler_job.py:190} INFO - Processing /home/airflow/.local/lib/python3.6/site-packages/airflow/example_dags/tutorial_etl_dag.py took 0.042 seconds
[2021-07-12 20:37:41,092] {scheduler_job.py:182} INFO - Started process (PID=934) to work on /home/airflow/.local/lib/python3.6/site-packages/airflow/example_dags/tutorial_etl_dag.py
[2021-07-12 20:37:41,093] {scheduler_job.py:633} INFO - Processing file /home/airflow/.local/lib/python3.6/site-packages/airflow/example_dags/tutorial_etl_dag.py for tasks to queue
[2021-07-12 20:37:41,093] {logging_mixin.py:104} INFO - [2021-07-12 20:37:41,093] {dagbag.py:496} INFO - Filling up the DagBag from /home/airflow/.local/lib/python3.6/site-packages/airflow/example_dags/tutorial_etl_dag.py
[2021-07-12 20:37:41,099] {scheduler_job.py:643} INFO - DAG(s) dict_keys(['tutorial_etl_dag']) retrieved from /home/airflow/.local/lib/python3.6/site-packages/airflow/example_dags/tutorial_etl_dag.py
[2021-07-12 20:37:41,111] {logging_mixin.py:104} INFO - [2021-07-12 20:37:41,111] {dag.py:1833} INFO - Sync 1 DAGs
[2021-07-12 20:37:41,121] {logging_mixin.py:104} INFO - [2021-07-12 20:37:41,121] {dag.py:2306} INFO - Setting next_dagrun for tutorial_etl_dag to None
[2021-07-12 20:37:41,126] {scheduler_job.py:190} INFO - Processing /home/airflow/.local/lib/python3.6/site-packages/airflow/example_dags/tutorial_etl_dag.py took 0.035 seconds
[2021-07-12 20:38:11,261] {scheduler_job.py:182} INFO - Started process (PID=996) to work on /home/airflow/.local/lib/python3.6/site-packages/airflow/example_dags/tutorial_etl_dag.py
[2021-07-12 20:38:11,261] {scheduler_job.py:633} INFO - Processing file /home/airflow/.local/lib/python3.6/site-packages/airflow/example_dags/tutorial_etl_dag.py for tasks to queue
[2021-07-12 20:38:11,262] {logging_mixin.py:104} INFO - [2021-07-12 20:38:11,262] {dagbag.py:496} INFO - Filling up the DagBag from /home/airflow/.local/lib/python3.6/site-packages/airflow/example_dags/tutorial_etl_dag.py
[2021-07-12 20:38:11,271] {scheduler_job.py:643} INFO - DAG(s) dict_keys(['tutorial_etl_dag']) retrieved from /home/airflow/.local/lib/python3.6/site-packages/airflow/example_dags/tutorial_etl_dag.py
[2021-07-12 20:38:11,283] {logging_mixin.py:104} INFO - [2021-07-12 20:38:11,283] {dag.py:1833} INFO - Sync 1 DAGs
[2021-07-12 20:38:11,293] {logging_mixin.py:104} INFO - [2021-07-12 20:38:11,293] {dag.py:2306} INFO - Setting next_dagrun for tutorial_etl_dag to None
[2021-07-12 20:38:11,298] {scheduler_job.py:190} INFO - Processing /home/airflow/.local/lib/python3.6/site-packages/airflow/example_dags/tutorial_etl_dag.py took 0.038 seconds
[2021-07-12 20:38:41,566] {scheduler_job.py:182} INFO - Started process (PID=1047) to work on /home/airflow/.local/lib/python3.6/site-packages/airflow/example_dags/tutorial_etl_dag.py
[2021-07-12 20:38:41,566] {scheduler_job.py:633} INFO - Processing file /home/airflow/.local/lib/python3.6/site-packages/airflow/example_dags/tutorial_etl_dag.py for tasks to queue
[2021-07-12 20:38:41,567] {logging_mixin.py:104} INFO - [2021-07-12 20:38:41,567] {dagbag.py:496} INFO - Filling up the DagBag from /home/airflow/.local/lib/python3.6/site-packages/airflow/example_dags/tutorial_etl_dag.py
[2021-07-12 20:38:41,573] {scheduler_job.py:643} INFO - DAG(s) dict_keys(['tutorial_etl_dag']) retrieved from /home/airflow/.local/lib/python3.6/site-packages/airflow/example_dags/tutorial_etl_dag.py
[2021-07-12 20:38:41,585] {logging_mixin.py:104} INFO - [2021-07-12 20:38:41,585] {dag.py:1833} INFO - Sync 1 DAGs
[2021-07-12 20:38:41,594] {logging_mixin.py:104} INFO - [2021-07-12 20:38:41,594] {dag.py:2306} INFO - Setting next_dagrun for tutorial_etl_dag to None
[2021-07-12 20:38:41,599] {scheduler_job.py:190} INFO - Processing /home/airflow/.local/lib/python3.6/site-packages/airflow/example_dags/tutorial_etl_dag.py took 0.034 seconds
[2021-07-12 20:39:11,819] {scheduler_job.py:182} INFO - Started process (PID=1109) to work on /home/airflow/.local/lib/python3.6/site-packages/airflow/example_dags/tutorial_etl_dag.py
[2021-07-12 20:39:11,820] {scheduler_job.py:633} INFO - Processing file /home/airflow/.local/lib/python3.6/site-packages/airflow/example_dags/tutorial_etl_dag.py for tasks to queue
[2021-07-12 20:39:11,821] {logging_mixin.py:104} INFO - [2021-07-12 20:39:11,821] {dagbag.py:496} INFO - Filling up the DagBag from /home/airflow/.local/lib/python3.6/site-packages/airflow/example_dags/tutorial_etl_dag.py
[2021-07-12 20:39:11,828] {scheduler_job.py:643} INFO - DAG(s) dict_keys(['tutorial_etl_dag']) retrieved from /home/airflow/.local/lib/python3.6/site-packages/airflow/example_dags/tutorial_etl_dag.py
[2021-07-12 20:39:11,840] {logging_mixin.py:104} INFO - [2021-07-12 20:39:11,840] {dag.py:1833} INFO - Sync 1 DAGs
[2021-07-12 20:39:11,851] {logging_mixin.py:104} INFO - [2021-07-12 20:39:11,851] {dag.py:2306} INFO - Setting next_dagrun for tutorial_etl_dag to None
[2021-07-12 20:39:11,858] {scheduler_job.py:190} INFO - Processing /home/airflow/.local/lib/python3.6/site-packages/airflow/example_dags/tutorial_etl_dag.py took 0.041 seconds
[2021-07-12 20:39:42,015] {scheduler_job.py:182} INFO - Started process (PID=1172) to work on /home/airflow/.local/lib/python3.6/site-packages/airflow/example_dags/tutorial_etl_dag.py
[2021-07-12 20:39:42,015] {scheduler_job.py:633} INFO - Processing file /home/airflow/.local/lib/python3.6/site-packages/airflow/example_dags/tutorial_etl_dag.py for tasks to queue
[2021-07-12 20:39:42,015] {logging_mixin.py:104} INFO - [2021-07-12 20:39:42,015] {dagbag.py:496} INFO - Filling up the DagBag from /home/airflow/.local/lib/python3.6/site-packages/airflow/example_dags/tutorial_etl_dag.py
[2021-07-12 20:39:42,023] {scheduler_job.py:643} INFO - DAG(s) dict_keys(['tutorial_etl_dag']) retrieved from /home/airflow/.local/lib/python3.6/site-packages/airflow/example_dags/tutorial_etl_dag.py
[2021-07-12 20:39:42,034] {logging_mixin.py:104} INFO - [2021-07-12 20:39:42,034] {dag.py:1833} INFO - Sync 1 DAGs
[2021-07-12 20:39:42,044] {logging_mixin.py:104} INFO - [2021-07-12 20:39:42,044] {dag.py:2306} INFO - Setting next_dagrun for tutorial_etl_dag to None
[2021-07-12 20:39:42,048] {scheduler_job.py:190} INFO - Processing /home/airflow/.local/lib/python3.6/site-packages/airflow/example_dags/tutorial_etl_dag.py took 0.035 seconds
[2021-07-12 20:40:12,382] {scheduler_job.py:182} INFO - Started process (PID=1232) to work on /home/airflow/.local/lib/python3.6/site-packages/airflow/example_dags/tutorial_etl_dag.py
[2021-07-12 20:40:12,383] {scheduler_job.py:633} INFO - Processing file /home/airflow/.local/lib/python3.6/site-packages/airflow/example_dags/tutorial_etl_dag.py for tasks to queue
[2021-07-12 20:40:12,383] {logging_mixin.py:104} INFO - [2021-07-12 20:40:12,383] {dagbag.py:496} INFO - Filling up the DagBag from /home/airflow/.local/lib/python3.6/site-packages/airflow/example_dags/tutorial_etl_dag.py
[2021-07-12 20:40:12,391] {scheduler_job.py:643} INFO - DAG(s) dict_keys(['tutorial_etl_dag']) retrieved from /home/airflow/.local/lib/python3.6/site-packages/airflow/example_dags/tutorial_etl_dag.py
[2021-07-12 20:40:12,404] {logging_mixin.py:104} INFO - [2021-07-12 20:40:12,404] {dag.py:1833} INFO - Sync 1 DAGs
[2021-07-12 20:40:12,412] {logging_mixin.py:104} INFO - [2021-07-12 20:40:12,412] {dag.py:2306} INFO - Setting next_dagrun for tutorial_etl_dag to None
[2021-07-12 20:40:12,417] {scheduler_job.py:190} INFO - Processing /home/airflow/.local/lib/python3.6/site-packages/airflow/example_dags/tutorial_etl_dag.py took 0.037 seconds
[2021-07-12 20:40:42,835] {scheduler_job.py:182} INFO - Started process (PID=1286) to work on /home/airflow/.local/lib/python3.6/site-packages/airflow/example_dags/tutorial_etl_dag.py
[2021-07-12 20:40:42,835] {scheduler_job.py:633} INFO - Processing file /home/airflow/.local/lib/python3.6/site-packages/airflow/example_dags/tutorial_etl_dag.py for tasks to queue
[2021-07-12 20:40:42,836] {logging_mixin.py:104} INFO - [2021-07-12 20:40:42,836] {dagbag.py:496} INFO - Filling up the DagBag from /home/airflow/.local/lib/python3.6/site-packages/airflow/example_dags/tutorial_etl_dag.py
[2021-07-12 20:40:42,842] {scheduler_job.py:643} INFO - DAG(s) dict_keys(['tutorial_etl_dag']) retrieved from /home/airflow/.local/lib/python3.6/site-packages/airflow/example_dags/tutorial_etl_dag.py
[2021-07-12 20:40:42,857] {logging_mixin.py:104} INFO - [2021-07-12 20:40:42,857] {dag.py:1833} INFO - Sync 1 DAGs
[2021-07-12 20:40:42,868] {logging_mixin.py:104} INFO - [2021-07-12 20:40:42,868] {dag.py:2306} INFO - Setting next_dagrun for tutorial_etl_dag to None
[2021-07-12 20:40:42,874] {scheduler_job.py:190} INFO - Processing /home/airflow/.local/lib/python3.6/site-packages/airflow/example_dags/tutorial_etl_dag.py took 0.040 seconds
[2021-07-12 20:41:13,325] {scheduler_job.py:182} INFO - Started process (PID=1350) to work on /home/airflow/.local/lib/python3.6/site-packages/airflow/example_dags/tutorial_etl_dag.py
[2021-07-12 20:41:13,325] {scheduler_job.py:633} INFO - Processing file /home/airflow/.local/lib/python3.6/site-packages/airflow/example_dags/tutorial_etl_dag.py for tasks to queue
[2021-07-12 20:41:13,326] {logging_mixin.py:104} INFO - [2021-07-12 20:41:13,326] {dagbag.py:496} INFO - Filling up the DagBag from /home/airflow/.local/lib/python3.6/site-packages/airflow/example_dags/tutorial_etl_dag.py
[2021-07-12 20:41:13,337] {scheduler_job.py:643} INFO - DAG(s) dict_keys(['tutorial_etl_dag']) retrieved from /home/airflow/.local/lib/python3.6/site-packages/airflow/example_dags/tutorial_etl_dag.py
[2021-07-12 20:41:13,351] {logging_mixin.py:104} INFO - [2021-07-12 20:41:13,351] {dag.py:1833} INFO - Sync 1 DAGs
[2021-07-12 20:41:13,359] {logging_mixin.py:104} INFO - [2021-07-12 20:41:13,359] {dag.py:2306} INFO - Setting next_dagrun for tutorial_etl_dag to None
[2021-07-12 20:41:13,365] {scheduler_job.py:190} INFO - Processing /home/airflow/.local/lib/python3.6/site-packages/airflow/example_dags/tutorial_etl_dag.py took 0.042 seconds
[2021-07-12 20:41:43,708] {scheduler_job.py:182} INFO - Started process (PID=1413) to work on /home/airflow/.local/lib/python3.6/site-packages/airflow/example_dags/tutorial_etl_dag.py
[2021-07-12 20:41:43,708] {scheduler_job.py:633} INFO - Processing file /home/airflow/.local/lib/python3.6/site-packages/airflow/example_dags/tutorial_etl_dag.py for tasks to queue
[2021-07-12 20:41:43,709] {logging_mixin.py:104} INFO - [2021-07-12 20:41:43,709] {dagbag.py:496} INFO - Filling up the DagBag from /home/airflow/.local/lib/python3.6/site-packages/airflow/example_dags/tutorial_etl_dag.py
[2021-07-12 20:41:43,716] {scheduler_job.py:643} INFO - DAG(s) dict_keys(['tutorial_etl_dag']) retrieved from /home/airflow/.local/lib/python3.6/site-packages/airflow/example_dags/tutorial_etl_dag.py
[2021-07-12 20:41:43,727] {logging_mixin.py:104} INFO - [2021-07-12 20:41:43,727] {dag.py:1833} INFO - Sync 1 DAGs
[2021-07-12 20:41:43,737] {logging_mixin.py:104} INFO - [2021-07-12 20:41:43,737] {dag.py:2306} INFO - Setting next_dagrun for tutorial_etl_dag to None
[2021-07-12 20:41:43,742] {scheduler_job.py:190} INFO - Processing /home/airflow/.local/lib/python3.6/site-packages/airflow/example_dags/tutorial_etl_dag.py took 0.037 seconds
[2021-07-12 20:42:13,925] {scheduler_job.py:182} INFO - Started process (PID=1465) to work on /home/airflow/.local/lib/python3.6/site-packages/airflow/example_dags/tutorial_etl_dag.py
[2021-07-12 20:42:13,927] {scheduler_job.py:633} INFO - Processing file /home/airflow/.local/lib/python3.6/site-packages/airflow/example_dags/tutorial_etl_dag.py for tasks to queue
[2021-07-12 20:42:13,927] {logging_mixin.py:104} INFO - [2021-07-12 20:42:13,927] {dagbag.py:496} INFO - Filling up the DagBag from /home/airflow/.local/lib/python3.6/site-packages/airflow/example_dags/tutorial_etl_dag.py
[2021-07-12 20:42:13,935] {scheduler_job.py:643} INFO - DAG(s) dict_keys(['tutorial_etl_dag']) retrieved from /home/airflow/.local/lib/python3.6/site-packages/airflow/example_dags/tutorial_etl_dag.py
[2021-07-12 20:42:13,946] {logging_mixin.py:104} INFO - [2021-07-12 20:42:13,946] {dag.py:1833} INFO - Sync 1 DAGs
[2021-07-12 20:42:13,954] {logging_mixin.py:104} INFO - [2021-07-12 20:42:13,954] {dag.py:2306} INFO - Setting next_dagrun for tutorial_etl_dag to None
[2021-07-12 20:42:13,959] {scheduler_job.py:190} INFO - Processing /home/airflow/.local/lib/python3.6/site-packages/airflow/example_dags/tutorial_etl_dag.py took 0.036 seconds
[2021-07-12 20:42:45,064] {scheduler_job.py:182} INFO - Started process (PID=1526) to work on /home/airflow/.local/lib/python3.6/site-packages/airflow/example_dags/tutorial_etl_dag.py
[2021-07-12 20:42:45,065] {scheduler_job.py:633} INFO - Processing file /home/airflow/.local/lib/python3.6/site-packages/airflow/example_dags/tutorial_etl_dag.py for tasks to queue
[2021-07-12 20:42:45,065] {logging_mixin.py:104} INFO - [2021-07-12 20:42:45,065] {dagbag.py:496} INFO - Filling up the DagBag from /home/airflow/.local/lib/python3.6/site-packages/airflow/example_dags/tutorial_etl_dag.py
[2021-07-12 20:42:45,072] {scheduler_job.py:643} INFO - DAG(s) dict_keys(['tutorial_etl_dag']) retrieved from /home/airflow/.local/lib/python3.6/site-packages/airflow/example_dags/tutorial_etl_dag.py
[2021-07-12 20:42:45,082] {logging_mixin.py:104} INFO - [2021-07-12 20:42:45,082] {dag.py:1833} INFO - Sync 1 DAGs
[2021-07-12 20:42:45,090] {logging_mixin.py:104} INFO - [2021-07-12 20:42:45,090] {dag.py:2306} INFO - Setting next_dagrun for tutorial_etl_dag to None
[2021-07-12 20:42:45,094] {scheduler_job.py:190} INFO - Processing /home/airflow/.local/lib/python3.6/site-packages/airflow/example_dags/tutorial_etl_dag.py took 0.032 seconds
[2021-07-12 20:43:15,466] {scheduler_job.py:182} INFO - Started process (PID=1587) to work on /home/airflow/.local/lib/python3.6/site-packages/airflow/example_dags/tutorial_etl_dag.py
[2021-07-12 20:43:15,467] {scheduler_job.py:633} INFO - Processing file /home/airflow/.local/lib/python3.6/site-packages/airflow/example_dags/tutorial_etl_dag.py for tasks to queue
[2021-07-12 20:43:15,467] {logging_mixin.py:104} INFO - [2021-07-12 20:43:15,467] {dagbag.py:496} INFO - Filling up the DagBag from /home/airflow/.local/lib/python3.6/site-packages/airflow/example_dags/tutorial_etl_dag.py
[2021-07-12 20:43:15,476] {scheduler_job.py:643} INFO - DAG(s) dict_keys(['tutorial_etl_dag']) retrieved from /home/airflow/.local/lib/python3.6/site-packages/airflow/example_dags/tutorial_etl_dag.py
[2021-07-12 20:43:15,489] {logging_mixin.py:104} INFO - [2021-07-12 20:43:15,489] {dag.py:1833} INFO - Sync 1 DAGs
[2021-07-12 20:43:15,499] {logging_mixin.py:104} INFO - [2021-07-12 20:43:15,499] {dag.py:2306} INFO - Setting next_dagrun for tutorial_etl_dag to None
[2021-07-12 20:43:15,508] {scheduler_job.py:190} INFO - Processing /home/airflow/.local/lib/python3.6/site-packages/airflow/example_dags/tutorial_etl_dag.py took 0.044 seconds
[2021-07-12 20:43:45,753] {scheduler_job.py:182} INFO - Started process (PID=1648) to work on /home/airflow/.local/lib/python3.6/site-packages/airflow/example_dags/tutorial_etl_dag.py
[2021-07-12 20:43:45,753] {scheduler_job.py:633} INFO - Processing file /home/airflow/.local/lib/python3.6/site-packages/airflow/example_dags/tutorial_etl_dag.py for tasks to queue
[2021-07-12 20:43:45,753] {logging_mixin.py:104} INFO - [2021-07-12 20:43:45,753] {dagbag.py:496} INFO - Filling up the DagBag from /home/airflow/.local/lib/python3.6/site-packages/airflow/example_dags/tutorial_etl_dag.py
[2021-07-12 20:43:45,760] {scheduler_job.py:643} INFO - DAG(s) dict_keys(['tutorial_etl_dag']) retrieved from /home/airflow/.local/lib/python3.6/site-packages/airflow/example_dags/tutorial_etl_dag.py
[2021-07-12 20:43:45,774] {logging_mixin.py:104} INFO - [2021-07-12 20:43:45,774] {dag.py:1833} INFO - Sync 1 DAGs
[2021-07-12 20:43:45,796] {logging_mixin.py:104} INFO - [2021-07-12 20:43:45,796] {dag.py:2306} INFO - Setting next_dagrun for tutorial_etl_dag to None
[2021-07-12 20:43:45,802] {scheduler_job.py:190} INFO - Processing /home/airflow/.local/lib/python3.6/site-packages/airflow/example_dags/tutorial_etl_dag.py took 0.051 seconds
[2021-07-12 20:44:15,985] {scheduler_job.py:182} INFO - Started process (PID=1699) to work on /home/airflow/.local/lib/python3.6/site-packages/airflow/example_dags/tutorial_etl_dag.py
[2021-07-12 20:44:15,985] {scheduler_job.py:633} INFO - Processing file /home/airflow/.local/lib/python3.6/site-packages/airflow/example_dags/tutorial_etl_dag.py for tasks to queue
[2021-07-12 20:44:15,986] {logging_mixin.py:104} INFO - [2021-07-12 20:44:15,986] {dagbag.py:496} INFO - Filling up the DagBag from /home/airflow/.local/lib/python3.6/site-packages/airflow/example_dags/tutorial_etl_dag.py
[2021-07-12 20:44:15,995] {scheduler_job.py:643} INFO - DAG(s) dict_keys(['tutorial_etl_dag']) retrieved from /home/airflow/.local/lib/python3.6/site-packages/airflow/example_dags/tutorial_etl_dag.py
[2021-07-12 20:44:16,008] {logging_mixin.py:104} INFO - [2021-07-12 20:44:16,008] {dag.py:1833} INFO - Sync 1 DAGs
[2021-07-12 20:44:16,015] {logging_mixin.py:104} INFO - [2021-07-12 20:44:16,015] {dag.py:2306} INFO - Setting next_dagrun for tutorial_etl_dag to None
[2021-07-12 20:44:16,020] {scheduler_job.py:190} INFO - Processing /home/airflow/.local/lib/python3.6/site-packages/airflow/example_dags/tutorial_etl_dag.py took 0.037 seconds
[2021-07-12 20:44:46,109] {scheduler_job.py:182} INFO - Started process (PID=1760) to work on /home/airflow/.local/lib/python3.6/site-packages/airflow/example_dags/tutorial_etl_dag.py
[2021-07-12 20:44:46,109] {scheduler_job.py:633} INFO - Processing file /home/airflow/.local/lib/python3.6/site-packages/airflow/example_dags/tutorial_etl_dag.py for tasks to queue
[2021-07-12 20:44:46,109] {logging_mixin.py:104} INFO - [2021-07-12 20:44:46,109] {dagbag.py:496} INFO - Filling up the DagBag from /home/airflow/.local/lib/python3.6/site-packages/airflow/example_dags/tutorial_etl_dag.py
[2021-07-12 20:44:46,117] {scheduler_job.py:643} INFO - DAG(s) dict_keys(['tutorial_etl_dag']) retrieved from /home/airflow/.local/lib/python3.6/site-packages/airflow/example_dags/tutorial_etl_dag.py
[2021-07-12 20:44:46,127] {logging_mixin.py:104} INFO - [2021-07-12 20:44:46,127] {dag.py:1833} INFO - Sync 1 DAGs
[2021-07-12 20:44:46,135] {logging_mixin.py:104} INFO - [2021-07-12 20:44:46,135] {dag.py:2306} INFO - Setting next_dagrun for tutorial_etl_dag to None
[2021-07-12 20:44:46,139] {scheduler_job.py:190} INFO - Processing /home/airflow/.local/lib/python3.6/site-packages/airflow/example_dags/tutorial_etl_dag.py took 0.032 seconds
[2021-07-12 20:45:17,351] {scheduler_job.py:182} INFO - Started process (PID=1821) to work on /home/airflow/.local/lib/python3.6/site-packages/airflow/example_dags/tutorial_etl_dag.py
[2021-07-12 20:45:17,352] {scheduler_job.py:633} INFO - Processing file /home/airflow/.local/lib/python3.6/site-packages/airflow/example_dags/tutorial_etl_dag.py for tasks to queue
[2021-07-12 20:45:17,353] {logging_mixin.py:104} INFO - [2021-07-12 20:45:17,352] {dagbag.py:496} INFO - Filling up the DagBag from /home/airflow/.local/lib/python3.6/site-packages/airflow/example_dags/tutorial_etl_dag.py
[2021-07-12 20:45:17,362] {scheduler_job.py:643} INFO - DAG(s) dict_keys(['tutorial_etl_dag']) retrieved from /home/airflow/.local/lib/python3.6/site-packages/airflow/example_dags/tutorial_etl_dag.py
[2021-07-12 20:45:17,377] {logging_mixin.py:104} INFO - [2021-07-12 20:45:17,376] {dag.py:1833} INFO - Sync 1 DAGs
[2021-07-12 20:45:17,386] {logging_mixin.py:104} INFO - [2021-07-12 20:45:17,386] {dag.py:2306} INFO - Setting next_dagrun for tutorial_etl_dag to None
[2021-07-12 20:45:17,392] {scheduler_job.py:190} INFO - Processing /home/airflow/.local/lib/python3.6/site-packages/airflow/example_dags/tutorial_etl_dag.py took 0.042 seconds
[2021-07-12 20:45:47,613] {scheduler_job.py:182} INFO - Started process (PID=1882) to work on /home/airflow/.local/lib/python3.6/site-packages/airflow/example_dags/tutorial_etl_dag.py
[2021-07-12 20:45:47,614] {scheduler_job.py:633} INFO - Processing file /home/airflow/.local/lib/python3.6/site-packages/airflow/example_dags/tutorial_etl_dag.py for tasks to queue
[2021-07-12 20:45:47,614] {logging_mixin.py:104} INFO - [2021-07-12 20:45:47,614] {dagbag.py:496} INFO - Filling up the DagBag from /home/airflow/.local/lib/python3.6/site-packages/airflow/example_dags/tutorial_etl_dag.py
[2021-07-12 20:45:47,620] {scheduler_job.py:643} INFO - DAG(s) dict_keys(['tutorial_etl_dag']) retrieved from /home/airflow/.local/lib/python3.6/site-packages/airflow/example_dags/tutorial_etl_dag.py
[2021-07-12 20:45:47,634] {logging_mixin.py:104} INFO - [2021-07-12 20:45:47,633] {dag.py:1833} INFO - Sync 1 DAGs
[2021-07-12 20:45:47,643] {logging_mixin.py:104} INFO - [2021-07-12 20:45:47,643] {dag.py:2306} INFO - Setting next_dagrun for tutorial_etl_dag to None
[2021-07-12 20:45:47,648] {scheduler_job.py:190} INFO - Processing /home/airflow/.local/lib/python3.6/site-packages/airflow/example_dags/tutorial_etl_dag.py took 0.036 seconds
[2021-07-12 20:46:17,837] {scheduler_job.py:182} INFO - Started process (PID=1934) to work on /home/airflow/.local/lib/python3.6/site-packages/airflow/example_dags/tutorial_etl_dag.py
[2021-07-12 20:46:17,838] {scheduler_job.py:633} INFO - Processing file /home/airflow/.local/lib/python3.6/site-packages/airflow/example_dags/tutorial_etl_dag.py for tasks to queue
[2021-07-12 20:46:17,838] {logging_mixin.py:104} INFO - [2021-07-12 20:46:17,838] {dagbag.py:496} INFO - Filling up the DagBag from /home/airflow/.local/lib/python3.6/site-packages/airflow/example_dags/tutorial_etl_dag.py
[2021-07-12 20:46:17,845] {scheduler_job.py:643} INFO - DAG(s) dict_keys(['tutorial_etl_dag']) retrieved from /home/airflow/.local/lib/python3.6/site-packages/airflow/example_dags/tutorial_etl_dag.py
[2021-07-12 20:46:17,856] {logging_mixin.py:104} INFO - [2021-07-12 20:46:17,856] {dag.py:1833} INFO - Sync 1 DAGs
[2021-07-12 20:46:17,865] {logging_mixin.py:104} INFO - [2021-07-12 20:46:17,865] {dag.py:2306} INFO - Setting next_dagrun for tutorial_etl_dag to None
[2021-07-12 20:46:17,872] {scheduler_job.py:190} INFO - Processing /home/airflow/.local/lib/python3.6/site-packages/airflow/example_dags/tutorial_etl_dag.py took 0.038 seconds
[2021-07-12 20:46:48,127] {scheduler_job.py:182} INFO - Started process (PID=1995) to work on /home/airflow/.local/lib/python3.6/site-packages/airflow/example_dags/tutorial_etl_dag.py
[2021-07-12 20:46:48,128] {scheduler_job.py:633} INFO - Processing file /home/airflow/.local/lib/python3.6/site-packages/airflow/example_dags/tutorial_etl_dag.py for tasks to queue
[2021-07-12 20:46:48,128] {logging_mixin.py:104} INFO - [2021-07-12 20:46:48,128] {dagbag.py:496} INFO - Filling up the DagBag from /home/airflow/.local/lib/python3.6/site-packages/airflow/example_dags/tutorial_etl_dag.py
[2021-07-12 20:46:48,136] {scheduler_job.py:643} INFO - DAG(s) dict_keys(['tutorial_etl_dag']) retrieved from /home/airflow/.local/lib/python3.6/site-packages/airflow/example_dags/tutorial_etl_dag.py
[2021-07-12 20:46:48,146] {logging_mixin.py:104} INFO - [2021-07-12 20:46:48,146] {dag.py:1833} INFO - Sync 1 DAGs
[2021-07-12 20:46:48,154] {logging_mixin.py:104} INFO - [2021-07-12 20:46:48,154] {dag.py:2306} INFO - Setting next_dagrun for tutorial_etl_dag to None
[2021-07-12 20:46:48,158] {scheduler_job.py:190} INFO - Processing /home/airflow/.local/lib/python3.6/site-packages/airflow/example_dags/tutorial_etl_dag.py took 0.033 seconds
[2021-07-12 20:47:18,281] {scheduler_job.py:182} INFO - Started process (PID=2058) to work on /home/airflow/.local/lib/python3.6/site-packages/airflow/example_dags/tutorial_etl_dag.py
[2021-07-12 20:47:18,282] {scheduler_job.py:633} INFO - Processing file /home/airflow/.local/lib/python3.6/site-packages/airflow/example_dags/tutorial_etl_dag.py for tasks to queue
[2021-07-12 20:47:18,282] {logging_mixin.py:104} INFO - [2021-07-12 20:47:18,282] {dagbag.py:496} INFO - Filling up the DagBag from /home/airflow/.local/lib/python3.6/site-packages/airflow/example_dags/tutorial_etl_dag.py
[2021-07-12 20:47:18,288] {scheduler_job.py:643} INFO - DAG(s) dict_keys(['tutorial_etl_dag']) retrieved from /home/airflow/.local/lib/python3.6/site-packages/airflow/example_dags/tutorial_etl_dag.py
[2021-07-12 20:47:18,301] {logging_mixin.py:104} INFO - [2021-07-12 20:47:18,300] {dag.py:1833} INFO - Sync 1 DAGs
[2021-07-12 20:47:18,310] {logging_mixin.py:104} INFO - [2021-07-12 20:47:18,310] {dag.py:2306} INFO - Setting next_dagrun for tutorial_etl_dag to None
[2021-07-12 20:47:18,314] {scheduler_job.py:190} INFO - Processing /home/airflow/.local/lib/python3.6/site-packages/airflow/example_dags/tutorial_etl_dag.py took 0.035 seconds
[2021-07-12 20:47:49,363] {scheduler_job.py:182} INFO - Started process (PID=2110) to work on /home/airflow/.local/lib/python3.6/site-packages/airflow/example_dags/tutorial_etl_dag.py
[2021-07-12 20:47:49,364] {scheduler_job.py:633} INFO - Processing file /home/airflow/.local/lib/python3.6/site-packages/airflow/example_dags/tutorial_etl_dag.py for tasks to queue
[2021-07-12 20:47:49,364] {logging_mixin.py:104} INFO - [2021-07-12 20:47:49,364] {dagbag.py:496} INFO - Filling up the DagBag from /home/airflow/.local/lib/python3.6/site-packages/airflow/example_dags/tutorial_etl_dag.py
[2021-07-12 20:47:49,370] {scheduler_job.py:643} INFO - DAG(s) dict_keys(['tutorial_etl_dag']) retrieved from /home/airflow/.local/lib/python3.6/site-packages/airflow/example_dags/tutorial_etl_dag.py
[2021-07-12 20:47:49,380] {logging_mixin.py:104} INFO - [2021-07-12 20:47:49,380] {dag.py:1833} INFO - Sync 1 DAGs
[2021-07-12 20:47:49,389] {logging_mixin.py:104} INFO - [2021-07-12 20:47:49,389] {dag.py:2306} INFO - Setting next_dagrun for tutorial_etl_dag to None
[2021-07-12 20:47:49,393] {scheduler_job.py:190} INFO - Processing /home/airflow/.local/lib/python3.6/site-packages/airflow/example_dags/tutorial_etl_dag.py took 0.032 seconds
[2021-07-12 20:48:20,611] {scheduler_job.py:182} INFO - Started process (PID=2171) to work on /home/airflow/.local/lib/python3.6/site-packages/airflow/example_dags/tutorial_etl_dag.py
[2021-07-12 20:48:20,612] {scheduler_job.py:633} INFO - Processing file /home/airflow/.local/lib/python3.6/site-packages/airflow/example_dags/tutorial_etl_dag.py for tasks to queue
[2021-07-12 20:48:20,612] {logging_mixin.py:104} INFO - [2021-07-12 20:48:20,612] {dagbag.py:496} INFO - Filling up the DagBag from /home/airflow/.local/lib/python3.6/site-packages/airflow/example_dags/tutorial_etl_dag.py
[2021-07-12 20:48:20,618] {scheduler_job.py:643} INFO - DAG(s) dict_keys(['tutorial_etl_dag']) retrieved from /home/airflow/.local/lib/python3.6/site-packages/airflow/example_dags/tutorial_etl_dag.py
[2021-07-12 20:48:20,630] {logging_mixin.py:104} INFO - [2021-07-12 20:48:20,630] {dag.py:1833} INFO - Sync 1 DAGs
[2021-07-12 20:48:20,639] {logging_mixin.py:104} INFO - [2021-07-12 20:48:20,639] {dag.py:2306} INFO - Setting next_dagrun for tutorial_etl_dag to None
[2021-07-12 20:48:20,644] {scheduler_job.py:190} INFO - Processing /home/airflow/.local/lib/python3.6/site-packages/airflow/example_dags/tutorial_etl_dag.py took 0.034 seconds
[2021-07-12 20:48:50,769] {scheduler_job.py:182} INFO - Started process (PID=2234) to work on /home/airflow/.local/lib/python3.6/site-packages/airflow/example_dags/tutorial_etl_dag.py
[2021-07-12 20:48:50,770] {scheduler_job.py:633} INFO - Processing file /home/airflow/.local/lib/python3.6/site-packages/airflow/example_dags/tutorial_etl_dag.py for tasks to queue
[2021-07-12 20:48:50,770] {logging_mixin.py:104} INFO - [2021-07-12 20:48:50,770] {dagbag.py:496} INFO - Filling up the DagBag from /home/airflow/.local/lib/python3.6/site-packages/airflow/example_dags/tutorial_etl_dag.py
[2021-07-12 20:48:50,777] {scheduler_job.py:643} INFO - DAG(s) dict_keys(['tutorial_etl_dag']) retrieved from /home/airflow/.local/lib/python3.6/site-packages/airflow/example_dags/tutorial_etl_dag.py
[2021-07-12 20:48:50,787] {logging_mixin.py:104} INFO - [2021-07-12 20:48:50,787] {dag.py:1833} INFO - Sync 1 DAGs
[2021-07-12 20:48:50,795] {logging_mixin.py:104} INFO - [2021-07-12 20:48:50,795] {dag.py:2306} INFO - Setting next_dagrun for tutorial_etl_dag to None
[2021-07-12 20:48:50,799] {scheduler_job.py:190} INFO - Processing /home/airflow/.local/lib/python3.6/site-packages/airflow/example_dags/tutorial_etl_dag.py took 0.032 seconds
[2021-07-12 20:49:22,001] {scheduler_job.py:182} INFO - Started process (PID=2296) to work on /home/airflow/.local/lib/python3.6/site-packages/airflow/example_dags/tutorial_etl_dag.py
[2021-07-12 20:49:22,002] {scheduler_job.py:633} INFO - Processing file /home/airflow/.local/lib/python3.6/site-packages/airflow/example_dags/tutorial_etl_dag.py for tasks to queue
[2021-07-12 20:49:22,002] {logging_mixin.py:104} INFO - [2021-07-12 20:49:22,002] {dagbag.py:496} INFO - Filling up the DagBag from /home/airflow/.local/lib/python3.6/site-packages/airflow/example_dags/tutorial_etl_dag.py
[2021-07-12 20:49:22,010] {scheduler_job.py:643} INFO - DAG(s) dict_keys(['tutorial_etl_dag']) retrieved from /home/airflow/.local/lib/python3.6/site-packages/airflow/example_dags/tutorial_etl_dag.py
[2021-07-12 20:49:22,020] {logging_mixin.py:104} INFO - [2021-07-12 20:49:22,020] {dag.py:1833} INFO - Sync 1 DAGs
[2021-07-12 20:49:22,030] {logging_mixin.py:104} INFO - [2021-07-12 20:49:22,030] {dag.py:2306} INFO - Setting next_dagrun for tutorial_etl_dag to None
[2021-07-12 20:49:22,035] {scheduler_job.py:190} INFO - Processing /home/airflow/.local/lib/python3.6/site-packages/airflow/example_dags/tutorial_etl_dag.py took 0.037 seconds
[2021-07-12 20:49:52,220] {scheduler_job.py:182} INFO - Started process (PID=2347) to work on /home/airflow/.local/lib/python3.6/site-packages/airflow/example_dags/tutorial_etl_dag.py
[2021-07-12 20:49:52,220] {scheduler_job.py:633} INFO - Processing file /home/airflow/.local/lib/python3.6/site-packages/airflow/example_dags/tutorial_etl_dag.py for tasks to queue
[2021-07-12 20:49:52,221] {logging_mixin.py:104} INFO - [2021-07-12 20:49:52,221] {dagbag.py:496} INFO - Filling up the DagBag from /home/airflow/.local/lib/python3.6/site-packages/airflow/example_dags/tutorial_etl_dag.py
[2021-07-12 20:49:52,230] {scheduler_job.py:643} INFO - DAG(s) dict_keys(['tutorial_etl_dag']) retrieved from /home/airflow/.local/lib/python3.6/site-packages/airflow/example_dags/tutorial_etl_dag.py
[2021-07-12 20:49:52,242] {logging_mixin.py:104} INFO - [2021-07-12 20:49:52,242] {dag.py:1833} INFO - Sync 1 DAGs
[2021-07-12 20:49:52,251] {logging_mixin.py:104} INFO - [2021-07-12 20:49:52,250] {dag.py:2306} INFO - Setting next_dagrun for tutorial_etl_dag to None
[2021-07-12 20:49:52,257] {scheduler_job.py:190} INFO - Processing /home/airflow/.local/lib/python3.6/site-packages/airflow/example_dags/tutorial_etl_dag.py took 0.040 seconds
[2021-07-12 20:50:22,582] {scheduler_job.py:182} INFO - Started process (PID=2408) to work on /home/airflow/.local/lib/python3.6/site-packages/airflow/example_dags/tutorial_etl_dag.py
[2021-07-12 20:50:22,583] {scheduler_job.py:633} INFO - Processing file /home/airflow/.local/lib/python3.6/site-packages/airflow/example_dags/tutorial_etl_dag.py for tasks to queue
[2021-07-12 20:50:22,584] {logging_mixin.py:104} INFO - [2021-07-12 20:50:22,584] {dagbag.py:496} INFO - Filling up the DagBag from /home/airflow/.local/lib/python3.6/site-packages/airflow/example_dags/tutorial_etl_dag.py
[2021-07-12 20:50:22,594] {scheduler_job.py:643} INFO - DAG(s) dict_keys(['tutorial_etl_dag']) retrieved from /home/airflow/.local/lib/python3.6/site-packages/airflow/example_dags/tutorial_etl_dag.py
[2021-07-12 20:50:22,608] {logging_mixin.py:104} INFO - [2021-07-12 20:50:22,608] {dag.py:1833} INFO - Sync 1 DAGs
[2021-07-12 20:50:22,617] {logging_mixin.py:104} INFO - [2021-07-12 20:50:22,617] {dag.py:2306} INFO - Setting next_dagrun for tutorial_etl_dag to None
[2021-07-12 20:50:22,622] {scheduler_job.py:190} INFO - Processing /home/airflow/.local/lib/python3.6/site-packages/airflow/example_dags/tutorial_etl_dag.py took 0.042 seconds
[2021-07-12 20:50:52,787] {scheduler_job.py:182} INFO - Started process (PID=2473) to work on /home/airflow/.local/lib/python3.6/site-packages/airflow/example_dags/tutorial_etl_dag.py
[2021-07-12 20:50:52,788] {scheduler_job.py:633} INFO - Processing file /home/airflow/.local/lib/python3.6/site-packages/airflow/example_dags/tutorial_etl_dag.py for tasks to queue
[2021-07-12 20:50:52,788] {logging_mixin.py:104} INFO - [2021-07-12 20:50:52,788] {dagbag.py:496} INFO - Filling up the DagBag from /home/airflow/.local/lib/python3.6/site-packages/airflow/example_dags/tutorial_etl_dag.py
[2021-07-12 20:50:52,797] {scheduler_job.py:643} INFO - DAG(s) dict_keys(['tutorial_etl_dag']) retrieved from /home/airflow/.local/lib/python3.6/site-packages/airflow/example_dags/tutorial_etl_dag.py
[2021-07-12 20:50:52,811] {logging_mixin.py:104} INFO - [2021-07-12 20:50:52,811] {dag.py:1833} INFO - Sync 1 DAGs
[2021-07-12 20:50:52,822] {logging_mixin.py:104} INFO - [2021-07-12 20:50:52,822] {dag.py:2306} INFO - Setting next_dagrun for tutorial_etl_dag to None
[2021-07-12 20:50:52,829] {scheduler_job.py:190} INFO - Processing /home/airflow/.local/lib/python3.6/site-packages/airflow/example_dags/tutorial_etl_dag.py took 0.044 seconds
[2021-07-12 20:51:23,010] {scheduler_job.py:182} INFO - Started process (PID=2534) to work on /home/airflow/.local/lib/python3.6/site-packages/airflow/example_dags/tutorial_etl_dag.py
[2021-07-12 20:51:23,011] {scheduler_job.py:633} INFO - Processing file /home/airflow/.local/lib/python3.6/site-packages/airflow/example_dags/tutorial_etl_dag.py for tasks to queue
[2021-07-12 20:51:23,011] {logging_mixin.py:104} INFO - [2021-07-12 20:51:23,011] {dagbag.py:496} INFO - Filling up the DagBag from /home/airflow/.local/lib/python3.6/site-packages/airflow/example_dags/tutorial_etl_dag.py
[2021-07-12 20:51:23,020] {scheduler_job.py:643} INFO - DAG(s) dict_keys(['tutorial_etl_dag']) retrieved from /home/airflow/.local/lib/python3.6/site-packages/airflow/example_dags/tutorial_etl_dag.py
[2021-07-12 20:51:23,030] {logging_mixin.py:104} INFO - [2021-07-12 20:51:23,030] {dag.py:1833} INFO - Sync 1 DAGs
[2021-07-12 20:51:23,040] {logging_mixin.py:104} INFO - [2021-07-12 20:51:23,040] {dag.py:2306} INFO - Setting next_dagrun for tutorial_etl_dag to None
[2021-07-12 20:51:23,045] {scheduler_job.py:190} INFO - Processing /home/airflow/.local/lib/python3.6/site-packages/airflow/example_dags/tutorial_etl_dag.py took 0.037 seconds
[2021-07-12 20:51:53,385] {scheduler_job.py:182} INFO - Started process (PID=2586) to work on /home/airflow/.local/lib/python3.6/site-packages/airflow/example_dags/tutorial_etl_dag.py
[2021-07-12 20:51:53,385] {scheduler_job.py:633} INFO - Processing file /home/airflow/.local/lib/python3.6/site-packages/airflow/example_dags/tutorial_etl_dag.py for tasks to queue
[2021-07-12 20:51:53,386] {logging_mixin.py:104} INFO - [2021-07-12 20:51:53,386] {dagbag.py:496} INFO - Filling up the DagBag from /home/airflow/.local/lib/python3.6/site-packages/airflow/example_dags/tutorial_etl_dag.py
[2021-07-12 20:51:53,393] {scheduler_job.py:643} INFO - DAG(s) dict_keys(['tutorial_etl_dag']) retrieved from /home/airflow/.local/lib/python3.6/site-packages/airflow/example_dags/tutorial_etl_dag.py
[2021-07-12 20:51:53,404] {logging_mixin.py:104} INFO - [2021-07-12 20:51:53,404] {dag.py:1833} INFO - Sync 1 DAGs
[2021-07-12 20:51:53,414] {logging_mixin.py:104} INFO - [2021-07-12 20:51:53,414] {dag.py:2306} INFO - Setting next_dagrun for tutorial_etl_dag to None
[2021-07-12 20:51:53,420] {scheduler_job.py:190} INFO - Processing /home/airflow/.local/lib/python3.6/site-packages/airflow/example_dags/tutorial_etl_dag.py took 0.036 seconds
[2021-07-12 20:52:24,558] {scheduler_job.py:182} INFO - Started process (PID=2648) to work on /home/airflow/.local/lib/python3.6/site-packages/airflow/example_dags/tutorial_etl_dag.py
[2021-07-12 20:52:24,558] {scheduler_job.py:633} INFO - Processing file /home/airflow/.local/lib/python3.6/site-packages/airflow/example_dags/tutorial_etl_dag.py for tasks to queue
[2021-07-12 20:52:24,559] {logging_mixin.py:104} INFO - [2021-07-12 20:52:24,559] {dagbag.py:496} INFO - Filling up the DagBag from /home/airflow/.local/lib/python3.6/site-packages/airflow/example_dags/tutorial_etl_dag.py
[2021-07-12 20:52:24,565] {scheduler_job.py:643} INFO - DAG(s) dict_keys(['tutorial_etl_dag']) retrieved from /home/airflow/.local/lib/python3.6/site-packages/airflow/example_dags/tutorial_etl_dag.py
[2021-07-12 20:52:24,577] {logging_mixin.py:104} INFO - [2021-07-12 20:52:24,577] {dag.py:1833} INFO - Sync 1 DAGs
[2021-07-12 20:52:24,587] {logging_mixin.py:104} INFO - [2021-07-12 20:52:24,587] {dag.py:2306} INFO - Setting next_dagrun for tutorial_etl_dag to None
[2021-07-12 20:52:24,592] {scheduler_job.py:190} INFO - Processing /home/airflow/.local/lib/python3.6/site-packages/airflow/example_dags/tutorial_etl_dag.py took 0.036 seconds
[2021-07-12 20:52:55,733] {scheduler_job.py:182} INFO - Started process (PID=2710) to work on /home/airflow/.local/lib/python3.6/site-packages/airflow/example_dags/tutorial_etl_dag.py
[2021-07-12 20:52:55,734] {scheduler_job.py:633} INFO - Processing file /home/airflow/.local/lib/python3.6/site-packages/airflow/example_dags/tutorial_etl_dag.py for tasks to queue
[2021-07-12 20:52:55,734] {logging_mixin.py:104} INFO - [2021-07-12 20:52:55,734] {dagbag.py:496} INFO - Filling up the DagBag from /home/airflow/.local/lib/python3.6/site-packages/airflow/example_dags/tutorial_etl_dag.py
[2021-07-12 20:52:55,741] {scheduler_job.py:643} INFO - DAG(s) dict_keys(['tutorial_etl_dag']) retrieved from /home/airflow/.local/lib/python3.6/site-packages/airflow/example_dags/tutorial_etl_dag.py
[2021-07-12 20:52:55,754] {logging_mixin.py:104} INFO - [2021-07-12 20:52:55,754] {dag.py:1833} INFO - Sync 1 DAGs
[2021-07-12 20:52:55,763] {logging_mixin.py:104} INFO - [2021-07-12 20:52:55,763] {dag.py:2306} INFO - Setting next_dagrun for tutorial_etl_dag to None
[2021-07-12 20:52:55,768] {scheduler_job.py:190} INFO - Processing /home/airflow/.local/lib/python3.6/site-packages/airflow/example_dags/tutorial_etl_dag.py took 0.036 seconds
[2021-07-12 20:53:26,671] {scheduler_job.py:182} INFO - Started process (PID=2772) to work on /home/airflow/.local/lib/python3.6/site-packages/airflow/example_dags/tutorial_etl_dag.py
[2021-07-12 20:53:26,671] {scheduler_job.py:633} INFO - Processing file /home/airflow/.local/lib/python3.6/site-packages/airflow/example_dags/tutorial_etl_dag.py for tasks to queue
[2021-07-12 20:53:26,672] {logging_mixin.py:104} INFO - [2021-07-12 20:53:26,672] {dagbag.py:496} INFO - Filling up the DagBag from /home/airflow/.local/lib/python3.6/site-packages/airflow/example_dags/tutorial_etl_dag.py
[2021-07-12 20:53:26,678] {scheduler_job.py:643} INFO - DAG(s) dict_keys(['tutorial_etl_dag']) retrieved from /home/airflow/.local/lib/python3.6/site-packages/airflow/example_dags/tutorial_etl_dag.py
[2021-07-12 20:53:26,688] {logging_mixin.py:104} INFO - [2021-07-12 20:53:26,688] {dag.py:1833} INFO - Sync 1 DAGs
[2021-07-12 20:53:26,697] {logging_mixin.py:104} INFO - [2021-07-12 20:53:26,697] {dag.py:2306} INFO - Setting next_dagrun for tutorial_etl_dag to None
[2021-07-12 20:53:26,702] {scheduler_job.py:190} INFO - Processing /home/airflow/.local/lib/python3.6/site-packages/airflow/example_dags/tutorial_etl_dag.py took 0.032 seconds
[2021-07-12 20:53:56,946] {scheduler_job.py:182} INFO - Started process (PID=2823) to work on /home/airflow/.local/lib/python3.6/site-packages/airflow/example_dags/tutorial_etl_dag.py
[2021-07-12 20:53:56,947] {scheduler_job.py:633} INFO - Processing file /home/airflow/.local/lib/python3.6/site-packages/airflow/example_dags/tutorial_etl_dag.py for tasks to queue
[2021-07-12 20:53:56,947] {logging_mixin.py:104} INFO - [2021-07-12 20:53:56,947] {dagbag.py:496} INFO - Filling up the DagBag from /home/airflow/.local/lib/python3.6/site-packages/airflow/example_dags/tutorial_etl_dag.py
[2021-07-12 20:53:56,954] {scheduler_job.py:643} INFO - DAG(s) dict_keys(['tutorial_etl_dag']) retrieved from /home/airflow/.local/lib/python3.6/site-packages/airflow/example_dags/tutorial_etl_dag.py
[2021-07-12 20:53:56,968] {logging_mixin.py:104} INFO - [2021-07-12 20:53:56,968] {dag.py:1833} INFO - Sync 1 DAGs
[2021-07-12 20:53:56,978] {logging_mixin.py:104} INFO - [2021-07-12 20:53:56,978] {dag.py:2306} INFO - Setting next_dagrun for tutorial_etl_dag to None
[2021-07-12 20:53:56,983] {scheduler_job.py:190} INFO - Processing /home/airflow/.local/lib/python3.6/site-packages/airflow/example_dags/tutorial_etl_dag.py took 0.038 seconds
[2021-07-12 20:54:27,188] {scheduler_job.py:182} INFO - Started process (PID=2884) to work on /home/airflow/.local/lib/python3.6/site-packages/airflow/example_dags/tutorial_etl_dag.py
[2021-07-12 20:54:27,189] {scheduler_job.py:633} INFO - Processing file /home/airflow/.local/lib/python3.6/site-packages/airflow/example_dags/tutorial_etl_dag.py for tasks to queue
[2021-07-12 20:54:27,189] {logging_mixin.py:104} INFO - [2021-07-12 20:54:27,189] {dagbag.py:496} INFO - Filling up the DagBag from /home/airflow/.local/lib/python3.6/site-packages/airflow/example_dags/tutorial_etl_dag.py
[2021-07-12 20:54:27,200] {scheduler_job.py:643} INFO - DAG(s) dict_keys(['tutorial_etl_dag']) retrieved from /home/airflow/.local/lib/python3.6/site-packages/airflow/example_dags/tutorial_etl_dag.py
[2021-07-12 20:54:27,213] {logging_mixin.py:104} INFO - [2021-07-12 20:54:27,213] {dag.py:1833} INFO - Sync 1 DAGs
[2021-07-12 20:54:27,222] {logging_mixin.py:104} INFO - [2021-07-12 20:54:27,222] {dag.py:2306} INFO - Setting next_dagrun for tutorial_etl_dag to None
[2021-07-12 20:54:27,226] {scheduler_job.py:190} INFO - Processing /home/airflow/.local/lib/python3.6/site-packages/airflow/example_dags/tutorial_etl_dag.py took 0.040 seconds
[2021-07-12 20:54:57,464] {scheduler_job.py:182} INFO - Started process (PID=2945) to work on /home/airflow/.local/lib/python3.6/site-packages/airflow/example_dags/tutorial_etl_dag.py
[2021-07-12 20:54:57,465] {scheduler_job.py:633} INFO - Processing file /home/airflow/.local/lib/python3.6/site-packages/airflow/example_dags/tutorial_etl_dag.py for tasks to queue
[2021-07-12 20:54:57,465] {logging_mixin.py:104} INFO - [2021-07-12 20:54:57,465] {dagbag.py:496} INFO - Filling up the DagBag from /home/airflow/.local/lib/python3.6/site-packages/airflow/example_dags/tutorial_etl_dag.py
[2021-07-12 20:54:57,473] {scheduler_job.py:643} INFO - DAG(s) dict_keys(['tutorial_etl_dag']) retrieved from /home/airflow/.local/lib/python3.6/site-packages/airflow/example_dags/tutorial_etl_dag.py
[2021-07-12 20:54:57,484] {logging_mixin.py:104} INFO - [2021-07-12 20:54:57,484] {dag.py:1833} INFO - Sync 1 DAGs
[2021-07-12 20:54:57,493] {logging_mixin.py:104} INFO - [2021-07-12 20:54:57,493] {dag.py:2306} INFO - Setting next_dagrun for tutorial_etl_dag to None
[2021-07-12 20:54:57,499] {scheduler_job.py:190} INFO - Processing /home/airflow/.local/lib/python3.6/site-packages/airflow/example_dags/tutorial_etl_dag.py took 0.038 seconds
[2021-07-12 20:55:27,851] {scheduler_job.py:182} INFO - Started process (PID=3006) to work on /home/airflow/.local/lib/python3.6/site-packages/airflow/example_dags/tutorial_etl_dag.py
[2021-07-12 20:55:27,851] {scheduler_job.py:633} INFO - Processing file /home/airflow/.local/lib/python3.6/site-packages/airflow/example_dags/tutorial_etl_dag.py for tasks to queue
[2021-07-12 20:55:27,851] {logging_mixin.py:104} INFO - [2021-07-12 20:55:27,851] {dagbag.py:496} INFO - Filling up the DagBag from /home/airflow/.local/lib/python3.6/site-packages/airflow/example_dags/tutorial_etl_dag.py
[2021-07-12 20:55:27,859] {scheduler_job.py:643} INFO - DAG(s) dict_keys(['tutorial_etl_dag']) retrieved from /home/airflow/.local/lib/python3.6/site-packages/airflow/example_dags/tutorial_etl_dag.py
[2021-07-12 20:55:27,870] {logging_mixin.py:104} INFO - [2021-07-12 20:55:27,870] {dag.py:1833} INFO - Sync 1 DAGs
[2021-07-12 20:55:27,881] {logging_mixin.py:104} INFO - [2021-07-12 20:55:27,881] {dag.py:2306} INFO - Setting next_dagrun for tutorial_etl_dag to None
[2021-07-12 20:55:27,888] {scheduler_job.py:190} INFO - Processing /home/airflow/.local/lib/python3.6/site-packages/airflow/example_dags/tutorial_etl_dag.py took 0.039 seconds
[2021-07-12 20:55:58,175] {scheduler_job.py:182} INFO - Started process (PID=3058) to work on /home/airflow/.local/lib/python3.6/site-packages/airflow/example_dags/tutorial_etl_dag.py
[2021-07-12 20:55:58,176] {scheduler_job.py:633} INFO - Processing file /home/airflow/.local/lib/python3.6/site-packages/airflow/example_dags/tutorial_etl_dag.py for tasks to queue
[2021-07-12 20:55:58,176] {logging_mixin.py:104} INFO - [2021-07-12 20:55:58,176] {dagbag.py:496} INFO - Filling up the DagBag from /home/airflow/.local/lib/python3.6/site-packages/airflow/example_dags/tutorial_etl_dag.py
[2021-07-12 20:55:58,183] {scheduler_job.py:643} INFO - DAG(s) dict_keys(['tutorial_etl_dag']) retrieved from /home/airflow/.local/lib/python3.6/site-packages/airflow/example_dags/tutorial_etl_dag.py
[2021-07-12 20:55:58,194] {logging_mixin.py:104} INFO - [2021-07-12 20:55:58,194] {dag.py:1833} INFO - Sync 1 DAGs
[2021-07-12 20:55:58,202] {logging_mixin.py:104} INFO - [2021-07-12 20:55:58,202] {dag.py:2306} INFO - Setting next_dagrun for tutorial_etl_dag to None
[2021-07-12 20:55:58,208] {scheduler_job.py:190} INFO - Processing /home/airflow/.local/lib/python3.6/site-packages/airflow/example_dags/tutorial_etl_dag.py took 0.035 seconds
[2021-07-12 20:56:28,290] {scheduler_job.py:182} INFO - Started process (PID=3122) to work on /home/airflow/.local/lib/python3.6/site-packages/airflow/example_dags/tutorial_etl_dag.py
[2021-07-12 20:56:28,290] {scheduler_job.py:633} INFO - Processing file /home/airflow/.local/lib/python3.6/site-packages/airflow/example_dags/tutorial_etl_dag.py for tasks to queue
[2021-07-12 20:56:28,291] {logging_mixin.py:104} INFO - [2021-07-12 20:56:28,291] {dagbag.py:496} INFO - Filling up the DagBag from /home/airflow/.local/lib/python3.6/site-packages/airflow/example_dags/tutorial_etl_dag.py
[2021-07-12 20:56:28,297] {scheduler_job.py:643} INFO - DAG(s) dict_keys(['tutorial_etl_dag']) retrieved from /home/airflow/.local/lib/python3.6/site-packages/airflow/example_dags/tutorial_etl_dag.py
[2021-07-12 20:56:28,309] {logging_mixin.py:104} INFO - [2021-07-12 20:56:28,309] {dag.py:1833} INFO - Sync 1 DAGs
[2021-07-12 20:56:28,318] {logging_mixin.py:104} INFO - [2021-07-12 20:56:28,318] {dag.py:2306} INFO - Setting next_dagrun for tutorial_etl_dag to None
[2021-07-12 20:56:28,322] {scheduler_job.py:190} INFO - Processing /home/airflow/.local/lib/python3.6/site-packages/airflow/example_dags/tutorial_etl_dag.py took 0.033 seconds
[2021-07-12 20:56:58,714] {scheduler_job.py:182} INFO - Started process (PID=3183) to work on /home/airflow/.local/lib/python3.6/site-packages/airflow/example_dags/tutorial_etl_dag.py
[2021-07-12 20:56:58,715] {scheduler_job.py:633} INFO - Processing file /home/airflow/.local/lib/python3.6/site-packages/airflow/example_dags/tutorial_etl_dag.py for tasks to queue
[2021-07-12 20:56:58,715] {logging_mixin.py:104} INFO - [2021-07-12 20:56:58,715] {dagbag.py:496} INFO - Filling up the DagBag from /home/airflow/.local/lib/python3.6/site-packages/airflow/example_dags/tutorial_etl_dag.py
[2021-07-12 20:56:58,721] {scheduler_job.py:643} INFO - DAG(s) dict_keys(['tutorial_etl_dag']) retrieved from /home/airflow/.local/lib/python3.6/site-packages/airflow/example_dags/tutorial_etl_dag.py
[2021-07-12 20:56:58,732] {logging_mixin.py:104} INFO - [2021-07-12 20:56:58,732] {dag.py:1833} INFO - Sync 1 DAGs
[2021-07-12 20:56:58,742] {logging_mixin.py:104} INFO - [2021-07-12 20:56:58,742] {dag.py:2306} INFO - Setting next_dagrun for tutorial_etl_dag to None
[2021-07-12 20:56:58,747] {scheduler_job.py:190} INFO - Processing /home/airflow/.local/lib/python3.6/site-packages/airflow/example_dags/tutorial_etl_dag.py took 0.034 seconds
[2021-07-12 20:57:29,019] {scheduler_job.py:182} INFO - Started process (PID=3234) to work on /home/airflow/.local/lib/python3.6/site-packages/airflow/example_dags/tutorial_etl_dag.py
[2021-07-12 20:57:29,020] {scheduler_job.py:633} INFO - Processing file /home/airflow/.local/lib/python3.6/site-packages/airflow/example_dags/tutorial_etl_dag.py for tasks to queue
[2021-07-12 20:57:29,020] {logging_mixin.py:104} INFO - [2021-07-12 20:57:29,020] {dagbag.py:496} INFO - Filling up the DagBag from /home/airflow/.local/lib/python3.6/site-packages/airflow/example_dags/tutorial_etl_dag.py
[2021-07-12 20:57:29,028] {scheduler_job.py:643} INFO - DAG(s) dict_keys(['tutorial_etl_dag']) retrieved from /home/airflow/.local/lib/python3.6/site-packages/airflow/example_dags/tutorial_etl_dag.py
[2021-07-12 20:57:29,042] {logging_mixin.py:104} INFO - [2021-07-12 20:57:29,042] {dag.py:1833} INFO - Sync 1 DAGs
[2021-07-12 20:57:29,051] {logging_mixin.py:104} INFO - [2021-07-12 20:57:29,051] {dag.py:2306} INFO - Setting next_dagrun for tutorial_etl_dag to None
[2021-07-12 20:57:29,057] {scheduler_job.py:190} INFO - Processing /home/airflow/.local/lib/python3.6/site-packages/airflow/example_dags/tutorial_etl_dag.py took 0.039 seconds
[2021-07-12 20:57:59,233] {scheduler_job.py:182} INFO - Started process (PID=3296) to work on /home/airflow/.local/lib/python3.6/site-packages/airflow/example_dags/tutorial_etl_dag.py
[2021-07-12 20:57:59,233] {scheduler_job.py:633} INFO - Processing file /home/airflow/.local/lib/python3.6/site-packages/airflow/example_dags/tutorial_etl_dag.py for tasks to queue
[2021-07-12 20:57:59,233] {logging_mixin.py:104} INFO - [2021-07-12 20:57:59,233] {dagbag.py:496} INFO - Filling up the DagBag from /home/airflow/.local/lib/python3.6/site-packages/airflow/example_dags/tutorial_etl_dag.py
[2021-07-12 20:57:59,241] {scheduler_job.py:643} INFO - DAG(s) dict_keys(['tutorial_etl_dag']) retrieved from /home/airflow/.local/lib/python3.6/site-packages/airflow/example_dags/tutorial_etl_dag.py
[2021-07-12 20:57:59,251] {logging_mixin.py:104} INFO - [2021-07-12 20:57:59,250] {dag.py:1833} INFO - Sync 1 DAGs
[2021-07-12 20:57:59,258] {logging_mixin.py:104} INFO - [2021-07-12 20:57:59,258] {dag.py:2306} INFO - Setting next_dagrun for tutorial_etl_dag to None
[2021-07-12 20:57:59,263] {scheduler_job.py:190} INFO - Processing /home/airflow/.local/lib/python3.6/site-packages/airflow/example_dags/tutorial_etl_dag.py took 0.031 seconds
[2021-07-12 20:58:29,571] {scheduler_job.py:182} INFO - Started process (PID=3357) to work on /home/airflow/.local/lib/python3.6/site-packages/airflow/example_dags/tutorial_etl_dag.py
[2021-07-12 20:58:29,572] {scheduler_job.py:633} INFO - Processing file /home/airflow/.local/lib/python3.6/site-packages/airflow/example_dags/tutorial_etl_dag.py for tasks to queue
[2021-07-12 20:58:29,572] {logging_mixin.py:104} INFO - [2021-07-12 20:58:29,572] {dagbag.py:496} INFO - Filling up the DagBag from /home/airflow/.local/lib/python3.6/site-packages/airflow/example_dags/tutorial_etl_dag.py
[2021-07-12 20:58:29,581] {scheduler_job.py:643} INFO - DAG(s) dict_keys(['tutorial_etl_dag']) retrieved from /home/airflow/.local/lib/python3.6/site-packages/airflow/example_dags/tutorial_etl_dag.py
[2021-07-12 20:58:29,592] {logging_mixin.py:104} INFO - [2021-07-12 20:58:29,591] {dag.py:1833} INFO - Sync 1 DAGs
[2021-07-12 20:58:29,601] {logging_mixin.py:104} INFO - [2021-07-12 20:58:29,601] {dag.py:2306} INFO - Setting next_dagrun for tutorial_etl_dag to None
[2021-07-12 20:58:29,607] {scheduler_job.py:190} INFO - Processing /home/airflow/.local/lib/python3.6/site-packages/airflow/example_dags/tutorial_etl_dag.py took 0.038 seconds
[2021-07-12 20:58:59,666] {scheduler_job.py:182} INFO - Started process (PID=3409) to work on /home/airflow/.local/lib/python3.6/site-packages/airflow/example_dags/tutorial_etl_dag.py
[2021-07-12 20:58:59,667] {scheduler_job.py:633} INFO - Processing file /home/airflow/.local/lib/python3.6/site-packages/airflow/example_dags/tutorial_etl_dag.py for tasks to queue
[2021-07-12 20:58:59,667] {logging_mixin.py:104} INFO - [2021-07-12 20:58:59,667] {dagbag.py:496} INFO - Filling up the DagBag from /home/airflow/.local/lib/python3.6/site-packages/airflow/example_dags/tutorial_etl_dag.py
[2021-07-12 20:58:59,675] {scheduler_job.py:643} INFO - DAG(s) dict_keys(['tutorial_etl_dag']) retrieved from /home/airflow/.local/lib/python3.6/site-packages/airflow/example_dags/tutorial_etl_dag.py
[2021-07-12 20:58:59,688] {logging_mixin.py:104} INFO - [2021-07-12 20:58:59,688] {dag.py:1833} INFO - Sync 1 DAGs
[2021-07-12 20:58:59,700] {logging_mixin.py:104} INFO - [2021-07-12 20:58:59,700] {dag.py:2306} INFO - Setting next_dagrun for tutorial_etl_dag to None
[2021-07-12 20:58:59,706] {scheduler_job.py:190} INFO - Processing /home/airflow/.local/lib/python3.6/site-packages/airflow/example_dags/tutorial_etl_dag.py took 0.043 seconds
[2021-07-12 20:59:29,916] {scheduler_job.py:182} INFO - Started process (PID=3470) to work on /home/airflow/.local/lib/python3.6/site-packages/airflow/example_dags/tutorial_etl_dag.py
[2021-07-12 20:59:29,917] {scheduler_job.py:633} INFO - Processing file /home/airflow/.local/lib/python3.6/site-packages/airflow/example_dags/tutorial_etl_dag.py for tasks to queue
[2021-07-12 20:59:29,917] {logging_mixin.py:104} INFO - [2021-07-12 20:59:29,917] {dagbag.py:496} INFO - Filling up the DagBag from /home/airflow/.local/lib/python3.6/site-packages/airflow/example_dags/tutorial_etl_dag.py
[2021-07-12 20:59:29,923] {scheduler_job.py:643} INFO - DAG(s) dict_keys(['tutorial_etl_dag']) retrieved from /home/airflow/.local/lib/python3.6/site-packages/airflow/example_dags/tutorial_etl_dag.py
[2021-07-12 20:59:29,934] {logging_mixin.py:104} INFO - [2021-07-12 20:59:29,934] {dag.py:1833} INFO - Sync 1 DAGs
[2021-07-12 20:59:29,945] {logging_mixin.py:104} INFO - [2021-07-12 20:59:29,945] {dag.py:2306} INFO - Setting next_dagrun for tutorial_etl_dag to None
[2021-07-12 20:59:29,950] {scheduler_job.py:190} INFO - Processing /home/airflow/.local/lib/python3.6/site-packages/airflow/example_dags/tutorial_etl_dag.py took 0.035 seconds
[2021-07-12 21:00:00,151] {scheduler_job.py:182} INFO - Started process (PID=3531) to work on /home/airflow/.local/lib/python3.6/site-packages/airflow/example_dags/tutorial_etl_dag.py
[2021-07-12 21:00:00,151] {scheduler_job.py:633} INFO - Processing file /home/airflow/.local/lib/python3.6/site-packages/airflow/example_dags/tutorial_etl_dag.py for tasks to queue
[2021-07-12 21:00:00,152] {logging_mixin.py:104} INFO - [2021-07-12 21:00:00,152] {dagbag.py:496} INFO - Filling up the DagBag from /home/airflow/.local/lib/python3.6/site-packages/airflow/example_dags/tutorial_etl_dag.py
[2021-07-12 21:00:00,159] {scheduler_job.py:643} INFO - DAG(s) dict_keys(['tutorial_etl_dag']) retrieved from /home/airflow/.local/lib/python3.6/site-packages/airflow/example_dags/tutorial_etl_dag.py
[2021-07-12 21:00:00,172] {logging_mixin.py:104} INFO - [2021-07-12 21:00:00,172] {dag.py:1833} INFO - Sync 1 DAGs
[2021-07-12 21:00:00,184] {logging_mixin.py:104} INFO - [2021-07-12 21:00:00,184] {dag.py:2306} INFO - Setting next_dagrun for tutorial_etl_dag to None
[2021-07-12 21:00:00,190] {scheduler_job.py:190} INFO - Processing /home/airflow/.local/lib/python3.6/site-packages/airflow/example_dags/tutorial_etl_dag.py took 0.041 seconds
[2021-07-12 21:00:30,507] {scheduler_job.py:182} INFO - Started process (PID=3591) to work on /home/airflow/.local/lib/python3.6/site-packages/airflow/example_dags/tutorial_etl_dag.py
[2021-07-12 21:00:30,508] {scheduler_job.py:633} INFO - Processing file /home/airflow/.local/lib/python3.6/site-packages/airflow/example_dags/tutorial_etl_dag.py for tasks to queue
[2021-07-12 21:00:30,508] {logging_mixin.py:104} INFO - [2021-07-12 21:00:30,508] {dagbag.py:496} INFO - Filling up the DagBag from /home/airflow/.local/lib/python3.6/site-packages/airflow/example_dags/tutorial_etl_dag.py
[2021-07-12 21:00:30,517] {scheduler_job.py:643} INFO - DAG(s) dict_keys(['tutorial_etl_dag']) retrieved from /home/airflow/.local/lib/python3.6/site-packages/airflow/example_dags/tutorial_etl_dag.py
[2021-07-12 21:00:30,530] {logging_mixin.py:104} INFO - [2021-07-12 21:00:30,530] {dag.py:1833} INFO - Sync 1 DAGs
[2021-07-12 21:00:30,542] {logging_mixin.py:104} INFO - [2021-07-12 21:00:30,542] {dag.py:2306} INFO - Setting next_dagrun for tutorial_etl_dag to None
[2021-07-12 21:00:30,548] {scheduler_job.py:190} INFO - Processing /home/airflow/.local/lib/python3.6/site-packages/airflow/example_dags/tutorial_etl_dag.py took 0.043 seconds
[2021-07-12 21:01:00,760] {scheduler_job.py:182} INFO - Started process (PID=3646) to work on /home/airflow/.local/lib/python3.6/site-packages/airflow/example_dags/tutorial_etl_dag.py
[2021-07-12 21:01:00,761] {scheduler_job.py:633} INFO - Processing file /home/airflow/.local/lib/python3.6/site-packages/airflow/example_dags/tutorial_etl_dag.py for tasks to queue
[2021-07-12 21:01:00,761] {logging_mixin.py:104} INFO - [2021-07-12 21:01:00,761] {dagbag.py:496} INFO - Filling up the DagBag from /home/airflow/.local/lib/python3.6/site-packages/airflow/example_dags/tutorial_etl_dag.py
[2021-07-12 21:01:00,770] {scheduler_job.py:643} INFO - DAG(s) dict_keys(['tutorial_etl_dag']) retrieved from /home/airflow/.local/lib/python3.6/site-packages/airflow/example_dags/tutorial_etl_dag.py
[2021-07-12 21:01:00,783] {logging_mixin.py:104} INFO - [2021-07-12 21:01:00,783] {dag.py:1833} INFO - Sync 1 DAGs
[2021-07-12 21:01:00,791] {logging_mixin.py:104} INFO - [2021-07-12 21:01:00,791] {dag.py:2306} INFO - Setting next_dagrun for tutorial_etl_dag to None
[2021-07-12 21:01:00,795] {scheduler_job.py:190} INFO - Processing /home/airflow/.local/lib/python3.6/site-packages/airflow/example_dags/tutorial_etl_dag.py took 0.037 seconds
[2021-07-12 21:01:31,059] {scheduler_job.py:182} INFO - Started process (PID=3707) to work on /home/airflow/.local/lib/python3.6/site-packages/airflow/example_dags/tutorial_etl_dag.py
[2021-07-12 21:01:31,059] {scheduler_job.py:633} INFO - Processing file /home/airflow/.local/lib/python3.6/site-packages/airflow/example_dags/tutorial_etl_dag.py for tasks to queue
[2021-07-12 21:01:31,060] {logging_mixin.py:104} INFO - [2021-07-12 21:01:31,060] {dagbag.py:496} INFO - Filling up the DagBag from /home/airflow/.local/lib/python3.6/site-packages/airflow/example_dags/tutorial_etl_dag.py
[2021-07-12 21:01:31,067] {scheduler_job.py:643} INFO - DAG(s) dict_keys(['tutorial_etl_dag']) retrieved from /home/airflow/.local/lib/python3.6/site-packages/airflow/example_dags/tutorial_etl_dag.py
[2021-07-12 21:01:31,079] {logging_mixin.py:104} INFO - [2021-07-12 21:01:31,079] {dag.py:1833} INFO - Sync 1 DAGs
[2021-07-12 21:01:31,090] {logging_mixin.py:104} INFO - [2021-07-12 21:01:31,090] {dag.py:2306} INFO - Setting next_dagrun for tutorial_etl_dag to None
[2021-07-12 21:01:31,096] {scheduler_job.py:190} INFO - Processing /home/airflow/.local/lib/python3.6/site-packages/airflow/example_dags/tutorial_etl_dag.py took 0.040 seconds
[2021-07-12 21:02:01,352] {scheduler_job.py:182} INFO - Started process (PID=3784) to work on /home/airflow/.local/lib/python3.6/site-packages/airflow/example_dags/tutorial_etl_dag.py
[2021-07-12 21:02:01,353] {scheduler_job.py:633} INFO - Processing file /home/airflow/.local/lib/python3.6/site-packages/airflow/example_dags/tutorial_etl_dag.py for tasks to queue
[2021-07-12 21:02:01,353] {logging_mixin.py:104} INFO - [2021-07-12 21:02:01,353] {dagbag.py:496} INFO - Filling up the DagBag from /home/airflow/.local/lib/python3.6/site-packages/airflow/example_dags/tutorial_etl_dag.py
[2021-07-12 21:02:01,360] {scheduler_job.py:643} INFO - DAG(s) dict_keys(['tutorial_etl_dag']) retrieved from /home/airflow/.local/lib/python3.6/site-packages/airflow/example_dags/tutorial_etl_dag.py
[2021-07-12 21:02:01,374] {logging_mixin.py:104} INFO - [2021-07-12 21:02:01,374] {dag.py:1833} INFO - Sync 1 DAGs
[2021-07-12 21:02:01,386] {logging_mixin.py:104} INFO - [2021-07-12 21:02:01,386] {dag.py:2306} INFO - Setting next_dagrun for tutorial_etl_dag to None
[2021-07-12 21:02:01,394] {scheduler_job.py:190} INFO - Processing /home/airflow/.local/lib/python3.6/site-packages/airflow/example_dags/tutorial_etl_dag.py took 0.045 seconds
[2021-07-12 21:02:31,605] {scheduler_job.py:182} INFO - Started process (PID=3838) to work on /home/airflow/.local/lib/python3.6/site-packages/airflow/example_dags/tutorial_etl_dag.py
[2021-07-12 21:02:31,606] {scheduler_job.py:633} INFO - Processing file /home/airflow/.local/lib/python3.6/site-packages/airflow/example_dags/tutorial_etl_dag.py for tasks to queue
[2021-07-12 21:02:31,607] {logging_mixin.py:104} INFO - [2021-07-12 21:02:31,607] {dagbag.py:496} INFO - Filling up the DagBag from /home/airflow/.local/lib/python3.6/site-packages/airflow/example_dags/tutorial_etl_dag.py
[2021-07-12 21:02:31,616] {scheduler_job.py:643} INFO - DAG(s) dict_keys(['tutorial_etl_dag']) retrieved from /home/airflow/.local/lib/python3.6/site-packages/airflow/example_dags/tutorial_etl_dag.py
[2021-07-12 21:02:31,627] {logging_mixin.py:104} INFO - [2021-07-12 21:02:31,627] {dag.py:1833} INFO - Sync 1 DAGs
[2021-07-12 21:02:31,636] {logging_mixin.py:104} INFO - [2021-07-12 21:02:31,636] {dag.py:2306} INFO - Setting next_dagrun for tutorial_etl_dag to None
[2021-07-12 21:02:31,643] {scheduler_job.py:190} INFO - Processing /home/airflow/.local/lib/python3.6/site-packages/airflow/example_dags/tutorial_etl_dag.py took 0.041 seconds
[2021-07-12 21:03:01,897] {scheduler_job.py:182} INFO - Started process (PID=3899) to work on /home/airflow/.local/lib/python3.6/site-packages/airflow/example_dags/tutorial_etl_dag.py
[2021-07-12 21:03:01,898] {scheduler_job.py:633} INFO - Processing file /home/airflow/.local/lib/python3.6/site-packages/airflow/example_dags/tutorial_etl_dag.py for tasks to queue
[2021-07-12 21:03:01,898] {logging_mixin.py:104} INFO - [2021-07-12 21:03:01,898] {dagbag.py:496} INFO - Filling up the DagBag from /home/airflow/.local/lib/python3.6/site-packages/airflow/example_dags/tutorial_etl_dag.py
[2021-07-12 21:03:01,904] {scheduler_job.py:643} INFO - DAG(s) dict_keys(['tutorial_etl_dag']) retrieved from /home/airflow/.local/lib/python3.6/site-packages/airflow/example_dags/tutorial_etl_dag.py
[2021-07-12 21:03:01,919] {logging_mixin.py:104} INFO - [2021-07-12 21:03:01,918] {dag.py:1833} INFO - Sync 1 DAGs
[2021-07-12 21:03:01,927] {logging_mixin.py:104} INFO - [2021-07-12 21:03:01,927] {dag.py:2306} INFO - Setting next_dagrun for tutorial_etl_dag to None
[2021-07-12 21:03:01,931] {scheduler_job.py:190} INFO - Processing /home/airflow/.local/lib/python3.6/site-packages/airflow/example_dags/tutorial_etl_dag.py took 0.036 seconds
[2021-07-12 21:03:32,088] {scheduler_job.py:182} INFO - Started process (PID=3961) to work on /home/airflow/.local/lib/python3.6/site-packages/airflow/example_dags/tutorial_etl_dag.py
[2021-07-12 21:03:32,088] {scheduler_job.py:633} INFO - Processing file /home/airflow/.local/lib/python3.6/site-packages/airflow/example_dags/tutorial_etl_dag.py for tasks to queue
[2021-07-12 21:03:32,089] {logging_mixin.py:104} INFO - [2021-07-12 21:03:32,089] {dagbag.py:496} INFO - Filling up the DagBag from /home/airflow/.local/lib/python3.6/site-packages/airflow/example_dags/tutorial_etl_dag.py
[2021-07-12 21:03:32,097] {scheduler_job.py:643} INFO - DAG(s) dict_keys(['tutorial_etl_dag']) retrieved from /home/airflow/.local/lib/python3.6/site-packages/airflow/example_dags/tutorial_etl_dag.py
[2021-07-12 21:03:32,112] {logging_mixin.py:104} INFO - [2021-07-12 21:03:32,112] {dag.py:1833} INFO - Sync 1 DAGs
[2021-07-12 21:03:32,122] {logging_mixin.py:104} INFO - [2021-07-12 21:03:32,122] {dag.py:2306} INFO - Setting next_dagrun for tutorial_etl_dag to None
[2021-07-12 21:03:32,129] {scheduler_job.py:190} INFO - Processing /home/airflow/.local/lib/python3.6/site-packages/airflow/example_dags/tutorial_etl_dag.py took 0.044 seconds
[2021-07-12 21:04:02,319] {scheduler_job.py:182} INFO - Started process (PID=4013) to work on /home/airflow/.local/lib/python3.6/site-packages/airflow/example_dags/tutorial_etl_dag.py
[2021-07-12 21:04:02,320] {scheduler_job.py:633} INFO - Processing file /home/airflow/.local/lib/python3.6/site-packages/airflow/example_dags/tutorial_etl_dag.py for tasks to queue
[2021-07-12 21:04:02,320] {logging_mixin.py:104} INFO - [2021-07-12 21:04:02,320] {dagbag.py:496} INFO - Filling up the DagBag from /home/airflow/.local/lib/python3.6/site-packages/airflow/example_dags/tutorial_etl_dag.py
[2021-07-12 21:04:02,326] {scheduler_job.py:643} INFO - DAG(s) dict_keys(['tutorial_etl_dag']) retrieved from /home/airflow/.local/lib/python3.6/site-packages/airflow/example_dags/tutorial_etl_dag.py
[2021-07-12 21:04:02,336] {logging_mixin.py:104} INFO - [2021-07-12 21:04:02,336] {dag.py:1833} INFO - Sync 1 DAGs
[2021-07-12 21:04:02,346] {logging_mixin.py:104} INFO - [2021-07-12 21:04:02,346] {dag.py:2306} INFO - Setting next_dagrun for tutorial_etl_dag to None
[2021-07-12 21:04:02,352] {scheduler_job.py:190} INFO - Processing /home/airflow/.local/lib/python3.6/site-packages/airflow/example_dags/tutorial_etl_dag.py took 0.034 seconds
[2021-07-12 21:04:32,604] {scheduler_job.py:182} INFO - Started process (PID=4074) to work on /home/airflow/.local/lib/python3.6/site-packages/airflow/example_dags/tutorial_etl_dag.py
[2021-07-12 21:04:32,605] {scheduler_job.py:633} INFO - Processing file /home/airflow/.local/lib/python3.6/site-packages/airflow/example_dags/tutorial_etl_dag.py for tasks to queue
[2021-07-12 21:04:32,605] {logging_mixin.py:104} INFO - [2021-07-12 21:04:32,605] {dagbag.py:496} INFO - Filling up the DagBag from /home/airflow/.local/lib/python3.6/site-packages/airflow/example_dags/tutorial_etl_dag.py
[2021-07-12 21:04:32,611] {scheduler_job.py:643} INFO - DAG(s) dict_keys(['tutorial_etl_dag']) retrieved from /home/airflow/.local/lib/python3.6/site-packages/airflow/example_dags/tutorial_etl_dag.py
[2021-07-12 21:04:32,622] {logging_mixin.py:104} INFO - [2021-07-12 21:04:32,622] {dag.py:1833} INFO - Sync 1 DAGs
[2021-07-12 21:04:32,630] {logging_mixin.py:104} INFO - [2021-07-12 21:04:32,630] {dag.py:2306} INFO - Setting next_dagrun for tutorial_etl_dag to None
[2021-07-12 21:04:32,636] {scheduler_job.py:190} INFO - Processing /home/airflow/.local/lib/python3.6/site-packages/airflow/example_dags/tutorial_etl_dag.py took 0.033 seconds
[2021-07-12 21:05:02,910] {scheduler_job.py:182} INFO - Started process (PID=4136) to work on /home/airflow/.local/lib/python3.6/site-packages/airflow/example_dags/tutorial_etl_dag.py
[2021-07-12 21:05:02,911] {scheduler_job.py:633} INFO - Processing file /home/airflow/.local/lib/python3.6/site-packages/airflow/example_dags/tutorial_etl_dag.py for tasks to queue
[2021-07-12 21:05:02,911] {logging_mixin.py:104} INFO - [2021-07-12 21:05:02,911] {dagbag.py:496} INFO - Filling up the DagBag from /home/airflow/.local/lib/python3.6/site-packages/airflow/example_dags/tutorial_etl_dag.py
[2021-07-12 21:05:02,918] {scheduler_job.py:643} INFO - DAG(s) dict_keys(['tutorial_etl_dag']) retrieved from /home/airflow/.local/lib/python3.6/site-packages/airflow/example_dags/tutorial_etl_dag.py
[2021-07-12 21:05:02,929] {logging_mixin.py:104} INFO - [2021-07-12 21:05:02,929] {dag.py:1833} INFO - Sync 1 DAGs
[2021-07-12 21:05:02,941] {logging_mixin.py:104} INFO - [2021-07-12 21:05:02,941] {dag.py:2306} INFO - Setting next_dagrun for tutorial_etl_dag to None
[2021-07-12 21:05:02,948] {scheduler_job.py:190} INFO - Processing /home/airflow/.local/lib/python3.6/site-packages/airflow/example_dags/tutorial_etl_dag.py took 0.040 seconds
[2021-07-12 21:05:33,161] {scheduler_job.py:182} INFO - Started process (PID=4198) to work on /home/airflow/.local/lib/python3.6/site-packages/airflow/example_dags/tutorial_etl_dag.py
[2021-07-12 21:05:33,162] {scheduler_job.py:633} INFO - Processing file /home/airflow/.local/lib/python3.6/site-packages/airflow/example_dags/tutorial_etl_dag.py for tasks to queue
[2021-07-12 21:05:33,162] {logging_mixin.py:104} INFO - [2021-07-12 21:05:33,162] {dagbag.py:496} INFO - Filling up the DagBag from /home/airflow/.local/lib/python3.6/site-packages/airflow/example_dags/tutorial_etl_dag.py
[2021-07-12 21:05:33,169] {scheduler_job.py:643} INFO - DAG(s) dict_keys(['tutorial_etl_dag']) retrieved from /home/airflow/.local/lib/python3.6/site-packages/airflow/example_dags/tutorial_etl_dag.py
[2021-07-12 21:05:33,182] {logging_mixin.py:104} INFO - [2021-07-12 21:05:33,182] {dag.py:1833} INFO - Sync 1 DAGs
[2021-07-12 21:05:33,190] {logging_mixin.py:104} INFO - [2021-07-12 21:05:33,190] {dag.py:2306} INFO - Setting next_dagrun for tutorial_etl_dag to None
[2021-07-12 21:05:33,195] {scheduler_job.py:190} INFO - Processing /home/airflow/.local/lib/python3.6/site-packages/airflow/example_dags/tutorial_etl_dag.py took 0.036 seconds
[2021-07-12 21:06:03,408] {scheduler_job.py:182} INFO - Started process (PID=4249) to work on /home/airflow/.local/lib/python3.6/site-packages/airflow/example_dags/tutorial_etl_dag.py
[2021-07-12 21:06:03,408] {scheduler_job.py:633} INFO - Processing file /home/airflow/.local/lib/python3.6/site-packages/airflow/example_dags/tutorial_etl_dag.py for tasks to queue
[2021-07-12 21:06:03,409] {logging_mixin.py:104} INFO - [2021-07-12 21:06:03,409] {dagbag.py:496} INFO - Filling up the DagBag from /home/airflow/.local/lib/python3.6/site-packages/airflow/example_dags/tutorial_etl_dag.py
[2021-07-12 21:06:03,415] {scheduler_job.py:643} INFO - DAG(s) dict_keys(['tutorial_etl_dag']) retrieved from /home/airflow/.local/lib/python3.6/site-packages/airflow/example_dags/tutorial_etl_dag.py
[2021-07-12 21:06:03,427] {logging_mixin.py:104} INFO - [2021-07-12 21:06:03,427] {dag.py:1833} INFO - Sync 1 DAGs
[2021-07-12 21:06:03,439] {logging_mixin.py:104} INFO - [2021-07-12 21:06:03,439] {dag.py:2306} INFO - Setting next_dagrun for tutorial_etl_dag to None
[2021-07-12 21:06:03,443] {scheduler_job.py:190} INFO - Processing /home/airflow/.local/lib/python3.6/site-packages/airflow/example_dags/tutorial_etl_dag.py took 0.037 seconds
[2021-07-12 21:06:33,734] {scheduler_job.py:182} INFO - Started process (PID=4311) to work on /home/airflow/.local/lib/python3.6/site-packages/airflow/example_dags/tutorial_etl_dag.py
[2021-07-12 21:06:33,734] {scheduler_job.py:633} INFO - Processing file /home/airflow/.local/lib/python3.6/site-packages/airflow/example_dags/tutorial_etl_dag.py for tasks to queue
[2021-07-12 21:06:33,735] {logging_mixin.py:104} INFO - [2021-07-12 21:06:33,735] {dagbag.py:496} INFO - Filling up the DagBag from /home/airflow/.local/lib/python3.6/site-packages/airflow/example_dags/tutorial_etl_dag.py
[2021-07-12 21:06:33,741] {scheduler_job.py:643} INFO - DAG(s) dict_keys(['tutorial_etl_dag']) retrieved from /home/airflow/.local/lib/python3.6/site-packages/airflow/example_dags/tutorial_etl_dag.py
[2021-07-12 21:06:33,752] {logging_mixin.py:104} INFO - [2021-07-12 21:06:33,752] {dag.py:1833} INFO - Sync 1 DAGs
[2021-07-12 21:06:33,761] {logging_mixin.py:104} INFO - [2021-07-12 21:06:33,761] {dag.py:2306} INFO - Setting next_dagrun for tutorial_etl_dag to None
[2021-07-12 21:06:33,765] {scheduler_job.py:190} INFO - Processing /home/airflow/.local/lib/python3.6/site-packages/airflow/example_dags/tutorial_etl_dag.py took 0.033 seconds
[2021-07-12 21:07:04,141] {scheduler_job.py:182} INFO - Started process (PID=4373) to work on /home/airflow/.local/lib/python3.6/site-packages/airflow/example_dags/tutorial_etl_dag.py
[2021-07-12 21:07:04,142] {scheduler_job.py:633} INFO - Processing file /home/airflow/.local/lib/python3.6/site-packages/airflow/example_dags/tutorial_etl_dag.py for tasks to queue
[2021-07-12 21:07:04,142] {logging_mixin.py:104} INFO - [2021-07-12 21:07:04,142] {dagbag.py:496} INFO - Filling up the DagBag from /home/airflow/.local/lib/python3.6/site-packages/airflow/example_dags/tutorial_etl_dag.py
[2021-07-12 21:07:04,148] {scheduler_job.py:643} INFO - DAG(s) dict_keys(['tutorial_etl_dag']) retrieved from /home/airflow/.local/lib/python3.6/site-packages/airflow/example_dags/tutorial_etl_dag.py
[2021-07-12 21:07:04,160] {logging_mixin.py:104} INFO - [2021-07-12 21:07:04,160] {dag.py:1833} INFO - Sync 1 DAGs
[2021-07-12 21:07:04,170] {logging_mixin.py:104} INFO - [2021-07-12 21:07:04,170] {dag.py:2306} INFO - Setting next_dagrun for tutorial_etl_dag to None
[2021-07-12 21:07:04,175] {scheduler_job.py:190} INFO - Processing /home/airflow/.local/lib/python3.6/site-packages/airflow/example_dags/tutorial_etl_dag.py took 0.037 seconds
[2021-07-12 21:07:34,421] {scheduler_job.py:182} INFO - Started process (PID=4423) to work on /home/airflow/.local/lib/python3.6/site-packages/airflow/example_dags/tutorial_etl_dag.py
[2021-07-12 21:07:34,422] {scheduler_job.py:633} INFO - Processing file /home/airflow/.local/lib/python3.6/site-packages/airflow/example_dags/tutorial_etl_dag.py for tasks to queue
[2021-07-12 21:07:34,422] {logging_mixin.py:104} INFO - [2021-07-12 21:07:34,422] {dagbag.py:496} INFO - Filling up the DagBag from /home/airflow/.local/lib/python3.6/site-packages/airflow/example_dags/tutorial_etl_dag.py
[2021-07-12 21:07:34,429] {scheduler_job.py:643} INFO - DAG(s) dict_keys(['tutorial_etl_dag']) retrieved from /home/airflow/.local/lib/python3.6/site-packages/airflow/example_dags/tutorial_etl_dag.py
[2021-07-12 21:07:34,444] {logging_mixin.py:104} INFO - [2021-07-12 21:07:34,444] {dag.py:1833} INFO - Sync 1 DAGs
[2021-07-12 21:07:34,456] {logging_mixin.py:104} INFO - [2021-07-12 21:07:34,456] {dag.py:2306} INFO - Setting next_dagrun for tutorial_etl_dag to None
[2021-07-12 21:07:34,462] {scheduler_job.py:190} INFO - Processing /home/airflow/.local/lib/python3.6/site-packages/airflow/example_dags/tutorial_etl_dag.py took 0.042 seconds
[2021-07-12 21:08:04,716] {scheduler_job.py:182} INFO - Started process (PID=4487) to work on /home/airflow/.local/lib/python3.6/site-packages/airflow/example_dags/tutorial_etl_dag.py
[2021-07-12 21:08:04,716] {scheduler_job.py:633} INFO - Processing file /home/airflow/.local/lib/python3.6/site-packages/airflow/example_dags/tutorial_etl_dag.py for tasks to queue
[2021-07-12 21:08:04,716] {logging_mixin.py:104} INFO - [2021-07-12 21:08:04,716] {dagbag.py:496} INFO - Filling up the DagBag from /home/airflow/.local/lib/python3.6/site-packages/airflow/example_dags/tutorial_etl_dag.py
[2021-07-12 21:08:04,722] {scheduler_job.py:643} INFO - DAG(s) dict_keys(['tutorial_etl_dag']) retrieved from /home/airflow/.local/lib/python3.6/site-packages/airflow/example_dags/tutorial_etl_dag.py
[2021-07-12 21:08:04,732] {logging_mixin.py:104} INFO - [2021-07-12 21:08:04,732] {dag.py:1833} INFO - Sync 1 DAGs
[2021-07-12 21:08:04,742] {logging_mixin.py:104} INFO - [2021-07-12 21:08:04,742] {dag.py:2306} INFO - Setting next_dagrun for tutorial_etl_dag to None
[2021-07-12 21:08:04,748] {scheduler_job.py:190} INFO - Processing /home/airflow/.local/lib/python3.6/site-packages/airflow/example_dags/tutorial_etl_dag.py took 0.034 seconds
[2021-07-12 21:08:34,856] {scheduler_job.py:182} INFO - Started process (PID=4549) to work on /home/airflow/.local/lib/python3.6/site-packages/airflow/example_dags/tutorial_etl_dag.py
[2021-07-12 21:08:34,857] {scheduler_job.py:633} INFO - Processing file /home/airflow/.local/lib/python3.6/site-packages/airflow/example_dags/tutorial_etl_dag.py for tasks to queue
[2021-07-12 21:08:34,857] {logging_mixin.py:104} INFO - [2021-07-12 21:08:34,857] {dagbag.py:496} INFO - Filling up the DagBag from /home/airflow/.local/lib/python3.6/site-packages/airflow/example_dags/tutorial_etl_dag.py
[2021-07-12 21:08:34,863] {scheduler_job.py:643} INFO - DAG(s) dict_keys(['tutorial_etl_dag']) retrieved from /home/airflow/.local/lib/python3.6/site-packages/airflow/example_dags/tutorial_etl_dag.py
[2021-07-12 21:08:34,878] {logging_mixin.py:104} INFO - [2021-07-12 21:08:34,878] {dag.py:1833} INFO - Sync 1 DAGs
[2021-07-12 21:08:34,886] {logging_mixin.py:104} INFO - [2021-07-12 21:08:34,886] {dag.py:2306} INFO - Setting next_dagrun for tutorial_etl_dag to None
[2021-07-12 21:08:34,891] {scheduler_job.py:190} INFO - Processing /home/airflow/.local/lib/python3.6/site-packages/airflow/example_dags/tutorial_etl_dag.py took 0.037 seconds
