[2021-07-12 20:30:05,756] {scheduler_job.py:182} INFO - Started process (PID=53) to work on /home/airflow/.local/lib/python3.6/site-packages/airflow/example_dags/tutorial.py
[2021-07-12 20:30:05,756] {scheduler_job.py:633} INFO - Processing file /home/airflow/.local/lib/python3.6/site-packages/airflow/example_dags/tutorial.py for tasks to queue
[2021-07-12 20:30:05,757] {logging_mixin.py:104} INFO - [2021-07-12 20:30:05,757] {dagbag.py:496} INFO - Filling up the DagBag from /home/airflow/.local/lib/python3.6/site-packages/airflow/example_dags/tutorial.py
[2021-07-12 20:30:05,767] {scheduler_job.py:643} INFO - DAG(s) dict_keys(['tutorial']) retrieved from /home/airflow/.local/lib/python3.6/site-packages/airflow/example_dags/tutorial.py
[2021-07-12 20:30:05,912] {logging_mixin.py:104} INFO - [2021-07-12 20:30:05,912] {dag.py:1833} INFO - Sync 1 DAGs
[2021-07-12 20:30:05,922] {logging_mixin.py:104} INFO - [2021-07-12 20:30:05,922] {dag.py:2306} INFO - Setting next_dagrun for tutorial to 2021-07-10 00:00:00+00:00
[2021-07-12 20:30:05,929] {scheduler_job.py:190} INFO - Processing /home/airflow/.local/lib/python3.6/site-packages/airflow/example_dags/tutorial.py took 0.175 seconds
[2021-07-12 20:30:36,225] {scheduler_job.py:182} INFO - Started process (PID=115) to work on /home/airflow/.local/lib/python3.6/site-packages/airflow/example_dags/tutorial.py
[2021-07-12 20:30:36,226] {scheduler_job.py:633} INFO - Processing file /home/airflow/.local/lib/python3.6/site-packages/airflow/example_dags/tutorial.py for tasks to queue
[2021-07-12 20:30:36,226] {logging_mixin.py:104} INFO - [2021-07-12 20:30:36,226] {dagbag.py:496} INFO - Filling up the DagBag from /home/airflow/.local/lib/python3.6/site-packages/airflow/example_dags/tutorial.py
[2021-07-12 20:30:36,233] {scheduler_job.py:643} INFO - DAG(s) dict_keys(['tutorial']) retrieved from /home/airflow/.local/lib/python3.6/site-packages/airflow/example_dags/tutorial.py
[2021-07-12 20:30:36,247] {logging_mixin.py:104} INFO - [2021-07-12 20:30:36,247] {dag.py:1833} INFO - Sync 1 DAGs
[2021-07-12 20:30:36,258] {logging_mixin.py:104} INFO - [2021-07-12 20:30:36,258] {dag.py:2306} INFO - Setting next_dagrun for tutorial to 2021-07-10 00:00:00+00:00
[2021-07-12 20:30:36,262] {scheduler_job.py:190} INFO - Processing /home/airflow/.local/lib/python3.6/site-packages/airflow/example_dags/tutorial.py took 0.039 seconds
[2021-07-12 20:31:06,609] {scheduler_job.py:182} INFO - Started process (PID=177) to work on /home/airflow/.local/lib/python3.6/site-packages/airflow/example_dags/tutorial.py
[2021-07-12 20:31:06,610] {scheduler_job.py:633} INFO - Processing file /home/airflow/.local/lib/python3.6/site-packages/airflow/example_dags/tutorial.py for tasks to queue
[2021-07-12 20:31:06,610] {logging_mixin.py:104} INFO - [2021-07-12 20:31:06,610] {dagbag.py:496} INFO - Filling up the DagBag from /home/airflow/.local/lib/python3.6/site-packages/airflow/example_dags/tutorial.py
[2021-07-12 20:31:06,619] {scheduler_job.py:643} INFO - DAG(s) dict_keys(['tutorial']) retrieved from /home/airflow/.local/lib/python3.6/site-packages/airflow/example_dags/tutorial.py
[2021-07-12 20:31:06,632] {logging_mixin.py:104} INFO - [2021-07-12 20:31:06,632] {dag.py:1833} INFO - Sync 1 DAGs
[2021-07-12 20:31:06,640] {logging_mixin.py:104} INFO - [2021-07-12 20:31:06,640] {dag.py:2306} INFO - Setting next_dagrun for tutorial to 2021-07-10 00:00:00+00:00
[2021-07-12 20:31:06,645] {scheduler_job.py:190} INFO - Processing /home/airflow/.local/lib/python3.6/site-packages/airflow/example_dags/tutorial.py took 0.037 seconds
[2021-07-12 20:31:37,733] {scheduler_job.py:182} INFO - Started process (PID=239) to work on /home/airflow/.local/lib/python3.6/site-packages/airflow/example_dags/tutorial.py
[2021-07-12 20:31:37,734] {scheduler_job.py:633} INFO - Processing file /home/airflow/.local/lib/python3.6/site-packages/airflow/example_dags/tutorial.py for tasks to queue
[2021-07-12 20:31:37,734] {logging_mixin.py:104} INFO - [2021-07-12 20:31:37,734] {dagbag.py:496} INFO - Filling up the DagBag from /home/airflow/.local/lib/python3.6/site-packages/airflow/example_dags/tutorial.py
[2021-07-12 20:31:37,741] {scheduler_job.py:643} INFO - DAG(s) dict_keys(['tutorial']) retrieved from /home/airflow/.local/lib/python3.6/site-packages/airflow/example_dags/tutorial.py
[2021-07-12 20:31:37,752] {logging_mixin.py:104} INFO - [2021-07-12 20:31:37,752] {dag.py:1833} INFO - Sync 1 DAGs
[2021-07-12 20:31:37,760] {logging_mixin.py:104} INFO - [2021-07-12 20:31:37,760] {dag.py:2306} INFO - Setting next_dagrun for tutorial to 2021-07-10 00:00:00+00:00
[2021-07-12 20:31:37,765] {scheduler_job.py:190} INFO - Processing /home/airflow/.local/lib/python3.6/site-packages/airflow/example_dags/tutorial.py took 0.034 seconds
[2021-07-12 20:32:08,701] {scheduler_job.py:182} INFO - Started process (PID=291) to work on /home/airflow/.local/lib/python3.6/site-packages/airflow/example_dags/tutorial.py
[2021-07-12 20:32:08,702] {scheduler_job.py:633} INFO - Processing file /home/airflow/.local/lib/python3.6/site-packages/airflow/example_dags/tutorial.py for tasks to queue
[2021-07-12 20:32:08,702] {logging_mixin.py:104} INFO - [2021-07-12 20:32:08,702] {dagbag.py:496} INFO - Filling up the DagBag from /home/airflow/.local/lib/python3.6/site-packages/airflow/example_dags/tutorial.py
[2021-07-12 20:32:08,709] {scheduler_job.py:643} INFO - DAG(s) dict_keys(['tutorial']) retrieved from /home/airflow/.local/lib/python3.6/site-packages/airflow/example_dags/tutorial.py
[2021-07-12 20:32:08,720] {logging_mixin.py:104} INFO - [2021-07-12 20:32:08,720] {dag.py:1833} INFO - Sync 1 DAGs
[2021-07-12 20:32:08,728] {logging_mixin.py:104} INFO - [2021-07-12 20:32:08,728] {dag.py:2306} INFO - Setting next_dagrun for tutorial to 2021-07-10 00:00:00+00:00
[2021-07-12 20:32:08,733] {scheduler_job.py:190} INFO - Processing /home/airflow/.local/lib/python3.6/site-packages/airflow/example_dags/tutorial.py took 0.034 seconds
[2021-07-12 20:32:39,087] {scheduler_job.py:182} INFO - Started process (PID=352) to work on /home/airflow/.local/lib/python3.6/site-packages/airflow/example_dags/tutorial.py
[2021-07-12 20:32:39,088] {scheduler_job.py:633} INFO - Processing file /home/airflow/.local/lib/python3.6/site-packages/airflow/example_dags/tutorial.py for tasks to queue
[2021-07-12 20:32:39,088] {logging_mixin.py:104} INFO - [2021-07-12 20:32:39,088] {dagbag.py:496} INFO - Filling up the DagBag from /home/airflow/.local/lib/python3.6/site-packages/airflow/example_dags/tutorial.py
[2021-07-12 20:32:39,095] {scheduler_job.py:643} INFO - DAG(s) dict_keys(['tutorial']) retrieved from /home/airflow/.local/lib/python3.6/site-packages/airflow/example_dags/tutorial.py
[2021-07-12 20:32:39,108] {logging_mixin.py:104} INFO - [2021-07-12 20:32:39,108] {dag.py:1833} INFO - Sync 1 DAGs
[2021-07-12 20:32:39,118] {logging_mixin.py:104} INFO - [2021-07-12 20:32:39,118] {dag.py:2306} INFO - Setting next_dagrun for tutorial to 2021-07-10 00:00:00+00:00
[2021-07-12 20:32:39,123] {scheduler_job.py:190} INFO - Processing /home/airflow/.local/lib/python3.6/site-packages/airflow/example_dags/tutorial.py took 0.038 seconds
[2021-07-12 20:33:10,143] {scheduler_job.py:182} INFO - Started process (PID=413) to work on /home/airflow/.local/lib/python3.6/site-packages/airflow/example_dags/tutorial.py
[2021-07-12 20:33:10,143] {scheduler_job.py:633} INFO - Processing file /home/airflow/.local/lib/python3.6/site-packages/airflow/example_dags/tutorial.py for tasks to queue
[2021-07-12 20:33:10,143] {logging_mixin.py:104} INFO - [2021-07-12 20:33:10,143] {dagbag.py:496} INFO - Filling up the DagBag from /home/airflow/.local/lib/python3.6/site-packages/airflow/example_dags/tutorial.py
[2021-07-12 20:33:10,150] {scheduler_job.py:643} INFO - DAG(s) dict_keys(['tutorial']) retrieved from /home/airflow/.local/lib/python3.6/site-packages/airflow/example_dags/tutorial.py
[2021-07-12 20:33:10,163] {logging_mixin.py:104} INFO - [2021-07-12 20:33:10,163] {dag.py:1833} INFO - Sync 1 DAGs
[2021-07-12 20:33:10,174] {logging_mixin.py:104} INFO - [2021-07-12 20:33:10,174] {dag.py:2306} INFO - Setting next_dagrun for tutorial to 2021-07-10 00:00:00+00:00
[2021-07-12 20:33:10,179] {scheduler_job.py:190} INFO - Processing /home/airflow/.local/lib/python3.6/site-packages/airflow/example_dags/tutorial.py took 0.038 seconds
[2021-07-12 20:33:40,595] {scheduler_job.py:182} INFO - Started process (PID=472) to work on /home/airflow/.local/lib/python3.6/site-packages/airflow/example_dags/tutorial.py
[2021-07-12 20:33:40,595] {scheduler_job.py:633} INFO - Processing file /home/airflow/.local/lib/python3.6/site-packages/airflow/example_dags/tutorial.py for tasks to queue
[2021-07-12 20:33:40,596] {logging_mixin.py:104} INFO - [2021-07-12 20:33:40,596] {dagbag.py:496} INFO - Filling up the DagBag from /home/airflow/.local/lib/python3.6/site-packages/airflow/example_dags/tutorial.py
[2021-07-12 20:33:40,602] {scheduler_job.py:643} INFO - DAG(s) dict_keys(['tutorial']) retrieved from /home/airflow/.local/lib/python3.6/site-packages/airflow/example_dags/tutorial.py
[2021-07-12 20:33:40,616] {logging_mixin.py:104} INFO - [2021-07-12 20:33:40,616] {dag.py:1833} INFO - Sync 1 DAGs
[2021-07-12 20:33:40,627] {logging_mixin.py:104} INFO - [2021-07-12 20:33:40,627] {dag.py:2306} INFO - Setting next_dagrun for tutorial to 2021-07-10 00:00:00+00:00
[2021-07-12 20:33:40,633] {scheduler_job.py:190} INFO - Processing /home/airflow/.local/lib/python3.6/site-packages/airflow/example_dags/tutorial.py took 0.039 seconds
[2021-07-12 20:34:11,679] {scheduler_job.py:182} INFO - Started process (PID=525) to work on /home/airflow/.local/lib/python3.6/site-packages/airflow/example_dags/tutorial.py
[2021-07-12 20:34:11,680] {scheduler_job.py:633} INFO - Processing file /home/airflow/.local/lib/python3.6/site-packages/airflow/example_dags/tutorial.py for tasks to queue
[2021-07-12 20:34:11,680] {logging_mixin.py:104} INFO - [2021-07-12 20:34:11,680] {dagbag.py:496} INFO - Filling up the DagBag from /home/airflow/.local/lib/python3.6/site-packages/airflow/example_dags/tutorial.py
[2021-07-12 20:34:11,686] {scheduler_job.py:643} INFO - DAG(s) dict_keys(['tutorial']) retrieved from /home/airflow/.local/lib/python3.6/site-packages/airflow/example_dags/tutorial.py
[2021-07-12 20:34:11,699] {logging_mixin.py:104} INFO - [2021-07-12 20:34:11,699] {dag.py:1833} INFO - Sync 1 DAGs
[2021-07-12 20:34:11,709] {logging_mixin.py:104} INFO - [2021-07-12 20:34:11,708] {dag.py:2306} INFO - Setting next_dagrun for tutorial to 2021-07-10 00:00:00+00:00
[2021-07-12 20:34:11,713] {scheduler_job.py:190} INFO - Processing /home/airflow/.local/lib/python3.6/site-packages/airflow/example_dags/tutorial.py took 0.036 seconds
[2021-07-12 20:34:42,817] {scheduler_job.py:182} INFO - Started process (PID=589) to work on /home/airflow/.local/lib/python3.6/site-packages/airflow/example_dags/tutorial.py
[2021-07-12 20:34:42,817] {scheduler_job.py:633} INFO - Processing file /home/airflow/.local/lib/python3.6/site-packages/airflow/example_dags/tutorial.py for tasks to queue
[2021-07-12 20:34:42,817] {logging_mixin.py:104} INFO - [2021-07-12 20:34:42,817] {dagbag.py:496} INFO - Filling up the DagBag from /home/airflow/.local/lib/python3.6/site-packages/airflow/example_dags/tutorial.py
[2021-07-12 20:34:42,824] {scheduler_job.py:643} INFO - DAG(s) dict_keys(['tutorial']) retrieved from /home/airflow/.local/lib/python3.6/site-packages/airflow/example_dags/tutorial.py
[2021-07-12 20:34:42,835] {logging_mixin.py:104} INFO - [2021-07-12 20:34:42,835] {dag.py:1833} INFO - Sync 1 DAGs
[2021-07-12 20:34:42,846] {logging_mixin.py:104} INFO - [2021-07-12 20:34:42,845] {dag.py:2306} INFO - Setting next_dagrun for tutorial to 2021-07-10 00:00:00+00:00
[2021-07-12 20:34:42,850] {scheduler_job.py:190} INFO - Processing /home/airflow/.local/lib/python3.6/site-packages/airflow/example_dags/tutorial.py took 0.035 seconds
[2021-07-12 20:35:13,134] {scheduler_job.py:182} INFO - Started process (PID=650) to work on /home/airflow/.local/lib/python3.6/site-packages/airflow/example_dags/tutorial.py
[2021-07-12 20:35:13,134] {scheduler_job.py:633} INFO - Processing file /home/airflow/.local/lib/python3.6/site-packages/airflow/example_dags/tutorial.py for tasks to queue
[2021-07-12 20:35:13,135] {logging_mixin.py:104} INFO - [2021-07-12 20:35:13,135] {dagbag.py:496} INFO - Filling up the DagBag from /home/airflow/.local/lib/python3.6/site-packages/airflow/example_dags/tutorial.py
[2021-07-12 20:35:13,143] {scheduler_job.py:643} INFO - DAG(s) dict_keys(['tutorial']) retrieved from /home/airflow/.local/lib/python3.6/site-packages/airflow/example_dags/tutorial.py
[2021-07-12 20:35:13,154] {logging_mixin.py:104} INFO - [2021-07-12 20:35:13,154] {dag.py:1833} INFO - Sync 1 DAGs
[2021-07-12 20:35:13,163] {logging_mixin.py:104} INFO - [2021-07-12 20:35:13,163] {dag.py:2306} INFO - Setting next_dagrun for tutorial to 2021-07-10 00:00:00+00:00
[2021-07-12 20:35:13,170] {scheduler_job.py:190} INFO - Processing /home/airflow/.local/lib/python3.6/site-packages/airflow/example_dags/tutorial.py took 0.038 seconds
[2021-07-12 20:35:43,221] {scheduler_job.py:182} INFO - Started process (PID=703) to work on /home/airflow/.local/lib/python3.6/site-packages/airflow/example_dags/tutorial.py
[2021-07-12 20:35:43,222] {scheduler_job.py:633} INFO - Processing file /home/airflow/.local/lib/python3.6/site-packages/airflow/example_dags/tutorial.py for tasks to queue
[2021-07-12 20:35:43,222] {logging_mixin.py:104} INFO - [2021-07-12 20:35:43,222] {dagbag.py:496} INFO - Filling up the DagBag from /home/airflow/.local/lib/python3.6/site-packages/airflow/example_dags/tutorial.py
[2021-07-12 20:35:43,228] {scheduler_job.py:643} INFO - DAG(s) dict_keys(['tutorial']) retrieved from /home/airflow/.local/lib/python3.6/site-packages/airflow/example_dags/tutorial.py
[2021-07-12 20:35:43,244] {logging_mixin.py:104} INFO - [2021-07-12 20:35:43,244] {dag.py:1833} INFO - Sync 1 DAGs
[2021-07-12 20:35:43,252] {logging_mixin.py:104} INFO - [2021-07-12 20:35:43,252] {dag.py:2306} INFO - Setting next_dagrun for tutorial to 2021-07-10 00:00:00+00:00
[2021-07-12 20:35:43,258] {scheduler_job.py:190} INFO - Processing /home/airflow/.local/lib/python3.6/site-packages/airflow/example_dags/tutorial.py took 0.037 seconds
[2021-07-12 20:36:13,623] {scheduler_job.py:182} INFO - Started process (PID=770) to work on /home/airflow/.local/lib/python3.6/site-packages/airflow/example_dags/tutorial.py
[2021-07-12 20:36:13,623] {scheduler_job.py:633} INFO - Processing file /home/airflow/.local/lib/python3.6/site-packages/airflow/example_dags/tutorial.py for tasks to queue
[2021-07-12 20:36:13,624] {logging_mixin.py:104} INFO - [2021-07-12 20:36:13,624] {dagbag.py:496} INFO - Filling up the DagBag from /home/airflow/.local/lib/python3.6/site-packages/airflow/example_dags/tutorial.py
[2021-07-12 20:36:13,630] {scheduler_job.py:643} INFO - DAG(s) dict_keys(['tutorial']) retrieved from /home/airflow/.local/lib/python3.6/site-packages/airflow/example_dags/tutorial.py
[2021-07-12 20:36:13,645] {logging_mixin.py:104} INFO - [2021-07-12 20:36:13,644] {dag.py:1833} INFO - Sync 1 DAGs
[2021-07-12 20:36:13,653] {logging_mixin.py:104} INFO - [2021-07-12 20:36:13,653] {dag.py:2306} INFO - Setting next_dagrun for tutorial to 2021-07-10 00:00:00+00:00
[2021-07-12 20:36:13,658] {scheduler_job.py:190} INFO - Processing /home/airflow/.local/lib/python3.6/site-packages/airflow/example_dags/tutorial.py took 0.037 seconds
[2021-07-12 20:36:43,817] {scheduler_job.py:182} INFO - Started process (PID=831) to work on /home/airflow/.local/lib/python3.6/site-packages/airflow/example_dags/tutorial.py
[2021-07-12 20:36:43,817] {scheduler_job.py:633} INFO - Processing file /home/airflow/.local/lib/python3.6/site-packages/airflow/example_dags/tutorial.py for tasks to queue
[2021-07-12 20:36:43,817] {logging_mixin.py:104} INFO - [2021-07-12 20:36:43,817] {dagbag.py:496} INFO - Filling up the DagBag from /home/airflow/.local/lib/python3.6/site-packages/airflow/example_dags/tutorial.py
[2021-07-12 20:36:43,826] {scheduler_job.py:643} INFO - DAG(s) dict_keys(['tutorial']) retrieved from /home/airflow/.local/lib/python3.6/site-packages/airflow/example_dags/tutorial.py
[2021-07-12 20:36:43,838] {logging_mixin.py:104} INFO - [2021-07-12 20:36:43,838] {dag.py:1833} INFO - Sync 1 DAGs
[2021-07-12 20:36:43,847] {logging_mixin.py:104} INFO - [2021-07-12 20:36:43,847] {dag.py:2306} INFO - Setting next_dagrun for tutorial to 2021-07-10 00:00:00+00:00
[2021-07-12 20:36:43,851] {scheduler_job.py:190} INFO - Processing /home/airflow/.local/lib/python3.6/site-packages/airflow/example_dags/tutorial.py took 0.036 seconds
[2021-07-12 20:37:14,114] {scheduler_job.py:182} INFO - Started process (PID=892) to work on /home/airflow/.local/lib/python3.6/site-packages/airflow/example_dags/tutorial.py
[2021-07-12 20:37:14,115] {scheduler_job.py:633} INFO - Processing file /home/airflow/.local/lib/python3.6/site-packages/airflow/example_dags/tutorial.py for tasks to queue
[2021-07-12 20:37:14,115] {logging_mixin.py:104} INFO - [2021-07-12 20:37:14,115] {dagbag.py:496} INFO - Filling up the DagBag from /home/airflow/.local/lib/python3.6/site-packages/airflow/example_dags/tutorial.py
[2021-07-12 20:37:14,122] {scheduler_job.py:643} INFO - DAG(s) dict_keys(['tutorial']) retrieved from /home/airflow/.local/lib/python3.6/site-packages/airflow/example_dags/tutorial.py
[2021-07-12 20:37:14,135] {logging_mixin.py:104} INFO - [2021-07-12 20:37:14,134] {dag.py:1833} INFO - Sync 1 DAGs
[2021-07-12 20:37:14,147] {logging_mixin.py:104} INFO - [2021-07-12 20:37:14,147] {dag.py:2306} INFO - Setting next_dagrun for tutorial to 2021-07-10 00:00:00+00:00
[2021-07-12 20:37:14,152] {scheduler_job.py:190} INFO - Processing /home/airflow/.local/lib/python3.6/site-packages/airflow/example_dags/tutorial.py took 0.040 seconds
[2021-07-12 20:37:44,477] {scheduler_job.py:182} INFO - Started process (PID=943) to work on /home/airflow/.local/lib/python3.6/site-packages/airflow/example_dags/tutorial.py
[2021-07-12 20:37:44,477] {scheduler_job.py:633} INFO - Processing file /home/airflow/.local/lib/python3.6/site-packages/airflow/example_dags/tutorial.py for tasks to queue
[2021-07-12 20:37:44,477] {logging_mixin.py:104} INFO - [2021-07-12 20:37:44,477] {dagbag.py:496} INFO - Filling up the DagBag from /home/airflow/.local/lib/python3.6/site-packages/airflow/example_dags/tutorial.py
[2021-07-12 20:37:44,484] {scheduler_job.py:643} INFO - DAG(s) dict_keys(['tutorial']) retrieved from /home/airflow/.local/lib/python3.6/site-packages/airflow/example_dags/tutorial.py
[2021-07-12 20:37:44,497] {logging_mixin.py:104} INFO - [2021-07-12 20:37:44,497] {dag.py:1833} INFO - Sync 1 DAGs
[2021-07-12 20:37:44,509] {logging_mixin.py:104} INFO - [2021-07-12 20:37:44,508] {dag.py:2306} INFO - Setting next_dagrun for tutorial to 2021-07-10 00:00:00+00:00
[2021-07-12 20:37:44,513] {scheduler_job.py:190} INFO - Processing /home/airflow/.local/lib/python3.6/site-packages/airflow/example_dags/tutorial.py took 0.039 seconds
[2021-07-12 20:38:15,548] {scheduler_job.py:182} INFO - Started process (PID=1005) to work on /home/airflow/.local/lib/python3.6/site-packages/airflow/example_dags/tutorial.py
[2021-07-12 20:38:15,549] {scheduler_job.py:633} INFO - Processing file /home/airflow/.local/lib/python3.6/site-packages/airflow/example_dags/tutorial.py for tasks to queue
[2021-07-12 20:38:15,549] {logging_mixin.py:104} INFO - [2021-07-12 20:38:15,549] {dagbag.py:496} INFO - Filling up the DagBag from /home/airflow/.local/lib/python3.6/site-packages/airflow/example_dags/tutorial.py
[2021-07-12 20:38:15,555] {scheduler_job.py:643} INFO - DAG(s) dict_keys(['tutorial']) retrieved from /home/airflow/.local/lib/python3.6/site-packages/airflow/example_dags/tutorial.py
[2021-07-12 20:38:15,572] {logging_mixin.py:104} INFO - [2021-07-12 20:38:15,572] {dag.py:1833} INFO - Sync 1 DAGs
[2021-07-12 20:38:15,583] {logging_mixin.py:104} INFO - [2021-07-12 20:38:15,583] {dag.py:2306} INFO - Setting next_dagrun for tutorial to 2021-07-10 00:00:00+00:00
[2021-07-12 20:38:15,588] {scheduler_job.py:190} INFO - Processing /home/airflow/.local/lib/python3.6/site-packages/airflow/example_dags/tutorial.py took 0.041 seconds
[2021-07-12 20:38:45,981] {scheduler_job.py:182} INFO - Started process (PID=1067) to work on /home/airflow/.local/lib/python3.6/site-packages/airflow/example_dags/tutorial.py
[2021-07-12 20:38:45,982] {scheduler_job.py:633} INFO - Processing file /home/airflow/.local/lib/python3.6/site-packages/airflow/example_dags/tutorial.py for tasks to queue
[2021-07-12 20:38:45,982] {logging_mixin.py:104} INFO - [2021-07-12 20:38:45,982] {dagbag.py:496} INFO - Filling up the DagBag from /home/airflow/.local/lib/python3.6/site-packages/airflow/example_dags/tutorial.py
[2021-07-12 20:38:45,990] {scheduler_job.py:643} INFO - DAG(s) dict_keys(['tutorial']) retrieved from /home/airflow/.local/lib/python3.6/site-packages/airflow/example_dags/tutorial.py
[2021-07-12 20:38:46,006] {logging_mixin.py:104} INFO - [2021-07-12 20:38:46,006] {dag.py:1833} INFO - Sync 1 DAGs
[2021-07-12 20:38:46,017] {logging_mixin.py:104} INFO - [2021-07-12 20:38:46,017] {dag.py:2306} INFO - Setting next_dagrun for tutorial to 2021-07-10 00:00:00+00:00
[2021-07-12 20:38:46,023] {scheduler_job.py:190} INFO - Processing /home/airflow/.local/lib/python3.6/site-packages/airflow/example_dags/tutorial.py took 0.043 seconds
[2021-07-12 20:39:16,182] {scheduler_job.py:182} INFO - Started process (PID=1118) to work on /home/airflow/.local/lib/python3.6/site-packages/airflow/example_dags/tutorial.py
[2021-07-12 20:39:16,182] {scheduler_job.py:633} INFO - Processing file /home/airflow/.local/lib/python3.6/site-packages/airflow/example_dags/tutorial.py for tasks to queue
[2021-07-12 20:39:16,183] {logging_mixin.py:104} INFO - [2021-07-12 20:39:16,183] {dagbag.py:496} INFO - Filling up the DagBag from /home/airflow/.local/lib/python3.6/site-packages/airflow/example_dags/tutorial.py
[2021-07-12 20:39:16,192] {scheduler_job.py:643} INFO - DAG(s) dict_keys(['tutorial']) retrieved from /home/airflow/.local/lib/python3.6/site-packages/airflow/example_dags/tutorial.py
[2021-07-12 20:39:16,227] {logging_mixin.py:104} INFO - [2021-07-12 20:39:16,227] {dag.py:1833} INFO - Sync 1 DAGs
[2021-07-12 20:39:16,238] {logging_mixin.py:104} INFO - [2021-07-12 20:39:16,238] {dag.py:2306} INFO - Setting next_dagrun for tutorial to 2021-07-10 00:00:00+00:00
[2021-07-12 20:39:16,243] {scheduler_job.py:190} INFO - Processing /home/airflow/.local/lib/python3.6/site-packages/airflow/example_dags/tutorial.py took 0.063 seconds
[2021-07-12 20:39:46,267] {scheduler_job.py:182} INFO - Started process (PID=1180) to work on /home/airflow/.local/lib/python3.6/site-packages/airflow/example_dags/tutorial.py
[2021-07-12 20:39:46,267] {scheduler_job.py:633} INFO - Processing file /home/airflow/.local/lib/python3.6/site-packages/airflow/example_dags/tutorial.py for tasks to queue
[2021-07-12 20:39:46,268] {logging_mixin.py:104} INFO - [2021-07-12 20:39:46,268] {dagbag.py:496} INFO - Filling up the DagBag from /home/airflow/.local/lib/python3.6/site-packages/airflow/example_dags/tutorial.py
[2021-07-12 20:39:46,275] {scheduler_job.py:643} INFO - DAG(s) dict_keys(['tutorial']) retrieved from /home/airflow/.local/lib/python3.6/site-packages/airflow/example_dags/tutorial.py
[2021-07-12 20:39:46,287] {logging_mixin.py:104} INFO - [2021-07-12 20:39:46,287] {dag.py:1833} INFO - Sync 1 DAGs
[2021-07-12 20:39:46,298] {logging_mixin.py:104} INFO - [2021-07-12 20:39:46,298] {dag.py:2306} INFO - Setting next_dagrun for tutorial to 2021-07-10 00:00:00+00:00
[2021-07-12 20:39:46,342] {scheduler_job.py:190} INFO - Processing /home/airflow/.local/lib/python3.6/site-packages/airflow/example_dags/tutorial.py took 0.076 seconds
[2021-07-12 20:40:16,835] {scheduler_job.py:182} INFO - Started process (PID=1242) to work on /home/airflow/.local/lib/python3.6/site-packages/airflow/example_dags/tutorial.py
[2021-07-12 20:40:16,835] {scheduler_job.py:633} INFO - Processing file /home/airflow/.local/lib/python3.6/site-packages/airflow/example_dags/tutorial.py for tasks to queue
[2021-07-12 20:40:16,836] {logging_mixin.py:104} INFO - [2021-07-12 20:40:16,836] {dagbag.py:496} INFO - Filling up the DagBag from /home/airflow/.local/lib/python3.6/site-packages/airflow/example_dags/tutorial.py
[2021-07-12 20:40:16,842] {scheduler_job.py:643} INFO - DAG(s) dict_keys(['tutorial']) retrieved from /home/airflow/.local/lib/python3.6/site-packages/airflow/example_dags/tutorial.py
[2021-07-12 20:40:16,853] {logging_mixin.py:104} INFO - [2021-07-12 20:40:16,853] {dag.py:1833} INFO - Sync 1 DAGs
[2021-07-12 20:40:16,861] {logging_mixin.py:104} INFO - [2021-07-12 20:40:16,861] {dag.py:2306} INFO - Setting next_dagrun for tutorial to 2021-07-10 00:00:00+00:00
[2021-07-12 20:40:16,865] {scheduler_job.py:190} INFO - Processing /home/airflow/.local/lib/python3.6/site-packages/airflow/example_dags/tutorial.py took 0.031 seconds
[2021-07-12 20:40:47,280] {scheduler_job.py:182} INFO - Started process (PID=1305) to work on /home/airflow/.local/lib/python3.6/site-packages/airflow/example_dags/tutorial.py
[2021-07-12 20:40:47,280] {scheduler_job.py:633} INFO - Processing file /home/airflow/.local/lib/python3.6/site-packages/airflow/example_dags/tutorial.py for tasks to queue
[2021-07-12 20:40:47,281] {logging_mixin.py:104} INFO - [2021-07-12 20:40:47,281] {dagbag.py:496} INFO - Filling up the DagBag from /home/airflow/.local/lib/python3.6/site-packages/airflow/example_dags/tutorial.py
[2021-07-12 20:40:47,290] {scheduler_job.py:643} INFO - DAG(s) dict_keys(['tutorial']) retrieved from /home/airflow/.local/lib/python3.6/site-packages/airflow/example_dags/tutorial.py
[2021-07-12 20:40:47,308] {logging_mixin.py:104} INFO - [2021-07-12 20:40:47,307] {dag.py:1833} INFO - Sync 1 DAGs
[2021-07-12 20:40:47,321] {logging_mixin.py:104} INFO - [2021-07-12 20:40:47,321] {dag.py:2306} INFO - Setting next_dagrun for tutorial to 2021-07-10 00:00:00+00:00
[2021-07-12 20:40:47,329] {scheduler_job.py:190} INFO - Processing /home/airflow/.local/lib/python3.6/site-packages/airflow/example_dags/tutorial.py took 0.051 seconds
[2021-07-12 20:41:17,709] {scheduler_job.py:182} INFO - Started process (PID=1359) to work on /home/airflow/.local/lib/python3.6/site-packages/airflow/example_dags/tutorial.py
[2021-07-12 20:41:17,710] {scheduler_job.py:633} INFO - Processing file /home/airflow/.local/lib/python3.6/site-packages/airflow/example_dags/tutorial.py for tasks to queue
[2021-07-12 20:41:17,710] {logging_mixin.py:104} INFO - [2021-07-12 20:41:17,710] {dagbag.py:496} INFO - Filling up the DagBag from /home/airflow/.local/lib/python3.6/site-packages/airflow/example_dags/tutorial.py
[2021-07-12 20:41:17,719] {scheduler_job.py:643} INFO - DAG(s) dict_keys(['tutorial']) retrieved from /home/airflow/.local/lib/python3.6/site-packages/airflow/example_dags/tutorial.py
[2021-07-12 20:41:17,732] {logging_mixin.py:104} INFO - [2021-07-12 20:41:17,732] {dag.py:1833} INFO - Sync 1 DAGs
[2021-07-12 20:41:17,741] {logging_mixin.py:104} INFO - [2021-07-12 20:41:17,741] {dag.py:2306} INFO - Setting next_dagrun for tutorial to 2021-07-10 00:00:00+00:00
[2021-07-12 20:41:17,746] {scheduler_job.py:190} INFO - Processing /home/airflow/.local/lib/python3.6/site-packages/airflow/example_dags/tutorial.py took 0.038 seconds
[2021-07-12 20:41:48,091] {scheduler_job.py:182} INFO - Started process (PID=1422) to work on /home/airflow/.local/lib/python3.6/site-packages/airflow/example_dags/tutorial.py
[2021-07-12 20:41:48,092] {scheduler_job.py:633} INFO - Processing file /home/airflow/.local/lib/python3.6/site-packages/airflow/example_dags/tutorial.py for tasks to queue
[2021-07-12 20:41:48,093] {logging_mixin.py:104} INFO - [2021-07-12 20:41:48,093] {dagbag.py:496} INFO - Filling up the DagBag from /home/airflow/.local/lib/python3.6/site-packages/airflow/example_dags/tutorial.py
[2021-07-12 20:41:48,105] {scheduler_job.py:643} INFO - DAG(s) dict_keys(['tutorial']) retrieved from /home/airflow/.local/lib/python3.6/site-packages/airflow/example_dags/tutorial.py
[2021-07-12 20:41:48,119] {logging_mixin.py:104} INFO - [2021-07-12 20:41:48,119] {dag.py:1833} INFO - Sync 1 DAGs
[2021-07-12 20:41:48,129] {logging_mixin.py:104} INFO - [2021-07-12 20:41:48,129] {dag.py:2306} INFO - Setting next_dagrun for tutorial to 2021-07-10 00:00:00+00:00
[2021-07-12 20:41:48,134] {scheduler_job.py:190} INFO - Processing /home/airflow/.local/lib/python3.6/site-packages/airflow/example_dags/tutorial.py took 0.045 seconds
[2021-07-12 20:42:18,195] {scheduler_job.py:182} INFO - Started process (PID=1484) to work on /home/airflow/.local/lib/python3.6/site-packages/airflow/example_dags/tutorial.py
[2021-07-12 20:42:18,196] {scheduler_job.py:633} INFO - Processing file /home/airflow/.local/lib/python3.6/site-packages/airflow/example_dags/tutorial.py for tasks to queue
[2021-07-12 20:42:18,197] {logging_mixin.py:104} INFO - [2021-07-12 20:42:18,197] {dagbag.py:496} INFO - Filling up the DagBag from /home/airflow/.local/lib/python3.6/site-packages/airflow/example_dags/tutorial.py
[2021-07-12 20:42:18,206] {scheduler_job.py:643} INFO - DAG(s) dict_keys(['tutorial']) retrieved from /home/airflow/.local/lib/python3.6/site-packages/airflow/example_dags/tutorial.py
[2021-07-12 20:42:18,219] {logging_mixin.py:104} INFO - [2021-07-12 20:42:18,219] {dag.py:1833} INFO - Sync 1 DAGs
[2021-07-12 20:42:18,229] {logging_mixin.py:104} INFO - [2021-07-12 20:42:18,229] {dag.py:2306} INFO - Setting next_dagrun for tutorial to 2021-07-10 00:00:00+00:00
[2021-07-12 20:42:18,234] {scheduler_job.py:190} INFO - Processing /home/airflow/.local/lib/python3.6/site-packages/airflow/example_dags/tutorial.py took 0.042 seconds
[2021-07-12 20:42:48,433] {scheduler_job.py:182} INFO - Started process (PID=1535) to work on /home/airflow/.local/lib/python3.6/site-packages/airflow/example_dags/tutorial.py
[2021-07-12 20:42:48,433] {scheduler_job.py:633} INFO - Processing file /home/airflow/.local/lib/python3.6/site-packages/airflow/example_dags/tutorial.py for tasks to queue
[2021-07-12 20:42:48,434] {logging_mixin.py:104} INFO - [2021-07-12 20:42:48,434] {dagbag.py:496} INFO - Filling up the DagBag from /home/airflow/.local/lib/python3.6/site-packages/airflow/example_dags/tutorial.py
[2021-07-12 20:42:48,442] {scheduler_job.py:643} INFO - DAG(s) dict_keys(['tutorial']) retrieved from /home/airflow/.local/lib/python3.6/site-packages/airflow/example_dags/tutorial.py
[2021-07-12 20:42:48,455] {logging_mixin.py:104} INFO - [2021-07-12 20:42:48,455] {dag.py:1833} INFO - Sync 1 DAGs
[2021-07-12 20:42:48,466] {logging_mixin.py:104} INFO - [2021-07-12 20:42:48,465] {dag.py:2306} INFO - Setting next_dagrun for tutorial to 2021-07-10 00:00:00+00:00
[2021-07-12 20:42:48,471] {scheduler_job.py:190} INFO - Processing /home/airflow/.local/lib/python3.6/site-packages/airflow/example_dags/tutorial.py took 0.041 seconds
[2021-07-12 20:43:18,912] {scheduler_job.py:182} INFO - Started process (PID=1596) to work on /home/airflow/.local/lib/python3.6/site-packages/airflow/example_dags/tutorial.py
[2021-07-12 20:43:18,912] {scheduler_job.py:633} INFO - Processing file /home/airflow/.local/lib/python3.6/site-packages/airflow/example_dags/tutorial.py for tasks to queue
[2021-07-12 20:43:18,912] {logging_mixin.py:104} INFO - [2021-07-12 20:43:18,912] {dagbag.py:496} INFO - Filling up the DagBag from /home/airflow/.local/lib/python3.6/site-packages/airflow/example_dags/tutorial.py
[2021-07-12 20:43:18,919] {scheduler_job.py:643} INFO - DAG(s) dict_keys(['tutorial']) retrieved from /home/airflow/.local/lib/python3.6/site-packages/airflow/example_dags/tutorial.py
[2021-07-12 20:43:18,930] {logging_mixin.py:104} INFO - [2021-07-12 20:43:18,930] {dag.py:1833} INFO - Sync 1 DAGs
[2021-07-12 20:43:18,937] {logging_mixin.py:104} INFO - [2021-07-12 20:43:18,937] {dag.py:2306} INFO - Setting next_dagrun for tutorial to 2021-07-10 00:00:00+00:00
[2021-07-12 20:43:18,941] {scheduler_job.py:190} INFO - Processing /home/airflow/.local/lib/python3.6/site-packages/airflow/example_dags/tutorial.py took 0.032 seconds
[2021-07-12 20:43:49,121] {scheduler_job.py:182} INFO - Started process (PID=1657) to work on /home/airflow/.local/lib/python3.6/site-packages/airflow/example_dags/tutorial.py
[2021-07-12 20:43:49,122] {scheduler_job.py:633} INFO - Processing file /home/airflow/.local/lib/python3.6/site-packages/airflow/example_dags/tutorial.py for tasks to queue
[2021-07-12 20:43:49,122] {logging_mixin.py:104} INFO - [2021-07-12 20:43:49,122] {dagbag.py:496} INFO - Filling up the DagBag from /home/airflow/.local/lib/python3.6/site-packages/airflow/example_dags/tutorial.py
[2021-07-12 20:43:49,129] {scheduler_job.py:643} INFO - DAG(s) dict_keys(['tutorial']) retrieved from /home/airflow/.local/lib/python3.6/site-packages/airflow/example_dags/tutorial.py
[2021-07-12 20:43:49,140] {logging_mixin.py:104} INFO - [2021-07-12 20:43:49,139] {dag.py:1833} INFO - Sync 1 DAGs
[2021-07-12 20:43:49,147] {logging_mixin.py:104} INFO - [2021-07-12 20:43:49,147] {dag.py:2306} INFO - Setting next_dagrun for tutorial to 2021-07-10 00:00:00+00:00
[2021-07-12 20:43:49,151] {scheduler_job.py:190} INFO - Processing /home/airflow/.local/lib/python3.6/site-packages/airflow/example_dags/tutorial.py took 0.031 seconds
[2021-07-12 20:44:19,380] {scheduler_job.py:182} INFO - Started process (PID=1718) to work on /home/airflow/.local/lib/python3.6/site-packages/airflow/example_dags/tutorial.py
[2021-07-12 20:44:19,381] {scheduler_job.py:633} INFO - Processing file /home/airflow/.local/lib/python3.6/site-packages/airflow/example_dags/tutorial.py for tasks to queue
[2021-07-12 20:44:19,381] {logging_mixin.py:104} INFO - [2021-07-12 20:44:19,381] {dagbag.py:496} INFO - Filling up the DagBag from /home/airflow/.local/lib/python3.6/site-packages/airflow/example_dags/tutorial.py
[2021-07-12 20:44:19,393] {scheduler_job.py:643} INFO - DAG(s) dict_keys(['tutorial']) retrieved from /home/airflow/.local/lib/python3.6/site-packages/airflow/example_dags/tutorial.py
[2021-07-12 20:44:19,409] {logging_mixin.py:104} INFO - [2021-07-12 20:44:19,409] {dag.py:1833} INFO - Sync 1 DAGs
[2021-07-12 20:44:19,418] {logging_mixin.py:104} INFO - [2021-07-12 20:44:19,418] {dag.py:2306} INFO - Setting next_dagrun for tutorial to 2021-07-10 00:00:00+00:00
[2021-07-12 20:44:19,423] {scheduler_job.py:190} INFO - Processing /home/airflow/.local/lib/python3.6/site-packages/airflow/example_dags/tutorial.py took 0.045 seconds
[2021-07-12 20:44:50,434] {scheduler_job.py:182} INFO - Started process (PID=1769) to work on /home/airflow/.local/lib/python3.6/site-packages/airflow/example_dags/tutorial.py
[2021-07-12 20:44:50,434] {scheduler_job.py:633} INFO - Processing file /home/airflow/.local/lib/python3.6/site-packages/airflow/example_dags/tutorial.py for tasks to queue
[2021-07-12 20:44:50,434] {logging_mixin.py:104} INFO - [2021-07-12 20:44:50,434] {dagbag.py:496} INFO - Filling up the DagBag from /home/airflow/.local/lib/python3.6/site-packages/airflow/example_dags/tutorial.py
[2021-07-12 20:44:50,441] {scheduler_job.py:643} INFO - DAG(s) dict_keys(['tutorial']) retrieved from /home/airflow/.local/lib/python3.6/site-packages/airflow/example_dags/tutorial.py
[2021-07-12 20:44:50,454] {logging_mixin.py:104} INFO - [2021-07-12 20:44:50,454] {dag.py:1833} INFO - Sync 1 DAGs
[2021-07-12 20:44:50,463] {logging_mixin.py:104} INFO - [2021-07-12 20:44:50,463] {dag.py:2306} INFO - Setting next_dagrun for tutorial to 2021-07-10 00:00:00+00:00
[2021-07-12 20:44:50,467] {scheduler_job.py:190} INFO - Processing /home/airflow/.local/lib/python3.6/site-packages/airflow/example_dags/tutorial.py took 0.035 seconds
[2021-07-12 20:45:20,735] {scheduler_job.py:182} INFO - Started process (PID=1830) to work on /home/airflow/.local/lib/python3.6/site-packages/airflow/example_dags/tutorial.py
[2021-07-12 20:45:20,735] {scheduler_job.py:633} INFO - Processing file /home/airflow/.local/lib/python3.6/site-packages/airflow/example_dags/tutorial.py for tasks to queue
[2021-07-12 20:45:20,735] {logging_mixin.py:104} INFO - [2021-07-12 20:45:20,735] {dagbag.py:496} INFO - Filling up the DagBag from /home/airflow/.local/lib/python3.6/site-packages/airflow/example_dags/tutorial.py
[2021-07-12 20:45:20,742] {scheduler_job.py:643} INFO - DAG(s) dict_keys(['tutorial']) retrieved from /home/airflow/.local/lib/python3.6/site-packages/airflow/example_dags/tutorial.py
[2021-07-12 20:45:20,756] {logging_mixin.py:104} INFO - [2021-07-12 20:45:20,756] {dag.py:1833} INFO - Sync 1 DAGs
[2021-07-12 20:45:20,765] {logging_mixin.py:104} INFO - [2021-07-12 20:45:20,765] {dag.py:2306} INFO - Setting next_dagrun for tutorial to 2021-07-10 00:00:00+00:00
[2021-07-12 20:45:20,770] {scheduler_job.py:190} INFO - Processing /home/airflow/.local/lib/python3.6/site-packages/airflow/example_dags/tutorial.py took 0.037 seconds
[2021-07-12 20:45:50,841] {scheduler_job.py:182} INFO - Started process (PID=1891) to work on /home/airflow/.local/lib/python3.6/site-packages/airflow/example_dags/tutorial.py
[2021-07-12 20:45:50,842] {scheduler_job.py:633} INFO - Processing file /home/airflow/.local/lib/python3.6/site-packages/airflow/example_dags/tutorial.py for tasks to queue
[2021-07-12 20:45:50,842] {logging_mixin.py:104} INFO - [2021-07-12 20:45:50,842] {dagbag.py:496} INFO - Filling up the DagBag from /home/airflow/.local/lib/python3.6/site-packages/airflow/example_dags/tutorial.py
[2021-07-12 20:45:50,848] {scheduler_job.py:643} INFO - DAG(s) dict_keys(['tutorial']) retrieved from /home/airflow/.local/lib/python3.6/site-packages/airflow/example_dags/tutorial.py
[2021-07-12 20:45:50,864] {logging_mixin.py:104} INFO - [2021-07-12 20:45:50,864] {dag.py:1833} INFO - Sync 1 DAGs
[2021-07-12 20:45:50,874] {logging_mixin.py:104} INFO - [2021-07-12 20:45:50,874] {dag.py:2306} INFO - Setting next_dagrun for tutorial to 2021-07-10 00:00:00+00:00
[2021-07-12 20:45:50,879] {scheduler_job.py:190} INFO - Processing /home/airflow/.local/lib/python3.6/site-packages/airflow/example_dags/tutorial.py took 0.039 seconds
[2021-07-12 20:46:21,251] {scheduler_job.py:182} INFO - Started process (PID=1953) to work on /home/airflow/.local/lib/python3.6/site-packages/airflow/example_dags/tutorial.py
[2021-07-12 20:46:21,252] {scheduler_job.py:633} INFO - Processing file /home/airflow/.local/lib/python3.6/site-packages/airflow/example_dags/tutorial.py for tasks to queue
[2021-07-12 20:46:21,252] {logging_mixin.py:104} INFO - [2021-07-12 20:46:21,252] {dagbag.py:496} INFO - Filling up the DagBag from /home/airflow/.local/lib/python3.6/site-packages/airflow/example_dags/tutorial.py
[2021-07-12 20:46:21,260] {scheduler_job.py:643} INFO - DAG(s) dict_keys(['tutorial']) retrieved from /home/airflow/.local/lib/python3.6/site-packages/airflow/example_dags/tutorial.py
[2021-07-12 20:46:21,277] {logging_mixin.py:104} INFO - [2021-07-12 20:46:21,276] {dag.py:1833} INFO - Sync 1 DAGs
[2021-07-12 20:46:21,285] {logging_mixin.py:104} INFO - [2021-07-12 20:46:21,285] {dag.py:2306} INFO - Setting next_dagrun for tutorial to 2021-07-10 00:00:00+00:00
[2021-07-12 20:46:21,290] {scheduler_job.py:190} INFO - Processing /home/airflow/.local/lib/python3.6/site-packages/airflow/example_dags/tutorial.py took 0.041 seconds
[2021-07-12 20:46:51,339] {scheduler_job.py:182} INFO - Started process (PID=2004) to work on /home/airflow/.local/lib/python3.6/site-packages/airflow/example_dags/tutorial.py
[2021-07-12 20:46:51,340] {scheduler_job.py:633} INFO - Processing file /home/airflow/.local/lib/python3.6/site-packages/airflow/example_dags/tutorial.py for tasks to queue
[2021-07-12 20:46:51,340] {logging_mixin.py:104} INFO - [2021-07-12 20:46:51,340] {dagbag.py:496} INFO - Filling up the DagBag from /home/airflow/.local/lib/python3.6/site-packages/airflow/example_dags/tutorial.py
[2021-07-12 20:46:51,348] {scheduler_job.py:643} INFO - DAG(s) dict_keys(['tutorial']) retrieved from /home/airflow/.local/lib/python3.6/site-packages/airflow/example_dags/tutorial.py
[2021-07-12 20:46:51,362] {logging_mixin.py:104} INFO - [2021-07-12 20:46:51,362] {dag.py:1833} INFO - Sync 1 DAGs
[2021-07-12 20:46:51,371] {logging_mixin.py:104} INFO - [2021-07-12 20:46:51,371] {dag.py:2306} INFO - Setting next_dagrun for tutorial to 2021-07-10 00:00:00+00:00
[2021-07-12 20:46:51,375] {scheduler_job.py:190} INFO - Processing /home/airflow/.local/lib/python3.6/site-packages/airflow/example_dags/tutorial.py took 0.038 seconds
[2021-07-12 20:47:21,435] {scheduler_job.py:182} INFO - Started process (PID=2066) to work on /home/airflow/.local/lib/python3.6/site-packages/airflow/example_dags/tutorial.py
[2021-07-12 20:47:21,437] {scheduler_job.py:633} INFO - Processing file /home/airflow/.local/lib/python3.6/site-packages/airflow/example_dags/tutorial.py for tasks to queue
[2021-07-12 20:47:21,437] {logging_mixin.py:104} INFO - [2021-07-12 20:47:21,437] {dagbag.py:496} INFO - Filling up the DagBag from /home/airflow/.local/lib/python3.6/site-packages/airflow/example_dags/tutorial.py
[2021-07-12 20:47:21,444] {scheduler_job.py:643} INFO - DAG(s) dict_keys(['tutorial']) retrieved from /home/airflow/.local/lib/python3.6/site-packages/airflow/example_dags/tutorial.py
[2021-07-12 20:47:21,457] {logging_mixin.py:104} INFO - [2021-07-12 20:47:21,457] {dag.py:1833} INFO - Sync 1 DAGs
[2021-07-12 20:47:21,465] {logging_mixin.py:104} INFO - [2021-07-12 20:47:21,465] {dag.py:2306} INFO - Setting next_dagrun for tutorial to 2021-07-10 00:00:00+00:00
[2021-07-12 20:47:21,508] {scheduler_job.py:190} INFO - Processing /home/airflow/.local/lib/python3.6/site-packages/airflow/example_dags/tutorial.py took 0.075 seconds
[2021-07-12 20:47:51,523] {scheduler_job.py:182} INFO - Started process (PID=2126) to work on /home/airflow/.local/lib/python3.6/site-packages/airflow/example_dags/tutorial.py
[2021-07-12 20:47:51,524] {scheduler_job.py:633} INFO - Processing file /home/airflow/.local/lib/python3.6/site-packages/airflow/example_dags/tutorial.py for tasks to queue
[2021-07-12 20:47:51,524] {logging_mixin.py:104} INFO - [2021-07-12 20:47:51,524] {dagbag.py:496} INFO - Filling up the DagBag from /home/airflow/.local/lib/python3.6/site-packages/airflow/example_dags/tutorial.py
[2021-07-12 20:47:51,531] {scheduler_job.py:643} INFO - DAG(s) dict_keys(['tutorial']) retrieved from /home/airflow/.local/lib/python3.6/site-packages/airflow/example_dags/tutorial.py
[2021-07-12 20:47:51,545] {logging_mixin.py:104} INFO - [2021-07-12 20:47:51,545] {dag.py:1833} INFO - Sync 1 DAGs
[2021-07-12 20:47:51,553] {logging_mixin.py:104} INFO - [2021-07-12 20:47:51,553] {dag.py:2306} INFO - Setting next_dagrun for tutorial to 2021-07-10 00:00:00+00:00
[2021-07-12 20:47:51,596] {scheduler_job.py:190} INFO - Processing /home/airflow/.local/lib/python3.6/site-packages/airflow/example_dags/tutorial.py took 0.075 seconds
[2021-07-12 20:48:21,814] {scheduler_job.py:182} INFO - Started process (PID=2179) to work on /home/airflow/.local/lib/python3.6/site-packages/airflow/example_dags/tutorial.py
[2021-07-12 20:48:21,814] {scheduler_job.py:633} INFO - Processing file /home/airflow/.local/lib/python3.6/site-packages/airflow/example_dags/tutorial.py for tasks to queue
[2021-07-12 20:48:21,814] {logging_mixin.py:104} INFO - [2021-07-12 20:48:21,814] {dagbag.py:496} INFO - Filling up the DagBag from /home/airflow/.local/lib/python3.6/site-packages/airflow/example_dags/tutorial.py
[2021-07-12 20:48:21,822] {scheduler_job.py:643} INFO - DAG(s) dict_keys(['tutorial']) retrieved from /home/airflow/.local/lib/python3.6/site-packages/airflow/example_dags/tutorial.py
[2021-07-12 20:48:21,835] {logging_mixin.py:104} INFO - [2021-07-12 20:48:21,835] {dag.py:1833} INFO - Sync 1 DAGs
[2021-07-12 20:48:21,847] {logging_mixin.py:104} INFO - [2021-07-12 20:48:21,847] {dag.py:2306} INFO - Setting next_dagrun for tutorial to 2021-07-10 00:00:00+00:00
[2021-07-12 20:48:21,854] {scheduler_job.py:190} INFO - Processing /home/airflow/.local/lib/python3.6/site-packages/airflow/example_dags/tutorial.py took 0.042 seconds
[2021-07-12 20:48:51,918] {scheduler_job.py:182} INFO - Started process (PID=2241) to work on /home/airflow/.local/lib/python3.6/site-packages/airflow/example_dags/tutorial.py
[2021-07-12 20:48:51,919] {scheduler_job.py:633} INFO - Processing file /home/airflow/.local/lib/python3.6/site-packages/airflow/example_dags/tutorial.py for tasks to queue
[2021-07-12 20:48:51,919] {logging_mixin.py:104} INFO - [2021-07-12 20:48:51,919] {dagbag.py:496} INFO - Filling up the DagBag from /home/airflow/.local/lib/python3.6/site-packages/airflow/example_dags/tutorial.py
[2021-07-12 20:48:51,926] {scheduler_job.py:643} INFO - DAG(s) dict_keys(['tutorial']) retrieved from /home/airflow/.local/lib/python3.6/site-packages/airflow/example_dags/tutorial.py
[2021-07-12 20:48:51,940] {logging_mixin.py:104} INFO - [2021-07-12 20:48:51,940] {dag.py:1833} INFO - Sync 1 DAGs
[2021-07-12 20:48:51,948] {logging_mixin.py:104} INFO - [2021-07-12 20:48:51,948] {dag.py:2306} INFO - Setting next_dagrun for tutorial to 2021-07-10 00:00:00+00:00
[2021-07-12 20:48:51,952] {scheduler_job.py:190} INFO - Processing /home/airflow/.local/lib/python3.6/site-packages/airflow/example_dags/tutorial.py took 0.036 seconds
[2021-07-12 20:49:22,333] {scheduler_job.py:182} INFO - Started process (PID=2305) to work on /home/airflow/.local/lib/python3.6/site-packages/airflow/example_dags/tutorial.py
[2021-07-12 20:49:22,333] {scheduler_job.py:633} INFO - Processing file /home/airflow/.local/lib/python3.6/site-packages/airflow/example_dags/tutorial.py for tasks to queue
[2021-07-12 20:49:22,334] {logging_mixin.py:104} INFO - [2021-07-12 20:49:22,334] {dagbag.py:496} INFO - Filling up the DagBag from /home/airflow/.local/lib/python3.6/site-packages/airflow/example_dags/tutorial.py
[2021-07-12 20:49:22,342] {scheduler_job.py:643} INFO - DAG(s) dict_keys(['tutorial']) retrieved from /home/airflow/.local/lib/python3.6/site-packages/airflow/example_dags/tutorial.py
[2021-07-12 20:49:22,354] {logging_mixin.py:104} INFO - [2021-07-12 20:49:22,354] {dag.py:1833} INFO - Sync 1 DAGs
[2021-07-12 20:49:22,362] {logging_mixin.py:104} INFO - [2021-07-12 20:49:22,362] {dag.py:2306} INFO - Setting next_dagrun for tutorial to 2021-07-10 00:00:00+00:00
[2021-07-12 20:49:22,367] {scheduler_job.py:190} INFO - Processing /home/airflow/.local/lib/python3.6/site-packages/airflow/example_dags/tutorial.py took 0.037 seconds
[2021-07-12 20:49:52,621] {scheduler_job.py:182} INFO - Started process (PID=2365) to work on /home/airflow/.local/lib/python3.6/site-packages/airflow/example_dags/tutorial.py
[2021-07-12 20:49:52,622] {scheduler_job.py:633} INFO - Processing file /home/airflow/.local/lib/python3.6/site-packages/airflow/example_dags/tutorial.py for tasks to queue
[2021-07-12 20:49:52,622] {logging_mixin.py:104} INFO - [2021-07-12 20:49:52,622] {dagbag.py:496} INFO - Filling up the DagBag from /home/airflow/.local/lib/python3.6/site-packages/airflow/example_dags/tutorial.py
[2021-07-12 20:49:52,629] {scheduler_job.py:643} INFO - DAG(s) dict_keys(['tutorial']) retrieved from /home/airflow/.local/lib/python3.6/site-packages/airflow/example_dags/tutorial.py
[2021-07-12 20:49:52,641] {logging_mixin.py:104} INFO - [2021-07-12 20:49:52,641] {dag.py:1833} INFO - Sync 1 DAGs
[2021-07-12 20:49:52,649] {logging_mixin.py:104} INFO - [2021-07-12 20:49:52,649] {dag.py:2306} INFO - Setting next_dagrun for tutorial to 2021-07-10 00:00:00+00:00
[2021-07-12 20:49:52,654] {scheduler_job.py:190} INFO - Processing /home/airflow/.local/lib/python3.6/site-packages/airflow/example_dags/tutorial.py took 0.035 seconds
[2021-07-12 20:50:22,918] {scheduler_job.py:182} INFO - Started process (PID=2417) to work on /home/airflow/.local/lib/python3.6/site-packages/airflow/example_dags/tutorial.py
[2021-07-12 20:50:22,919] {scheduler_job.py:633} INFO - Processing file /home/airflow/.local/lib/python3.6/site-packages/airflow/example_dags/tutorial.py for tasks to queue
[2021-07-12 20:50:22,920] {logging_mixin.py:104} INFO - [2021-07-12 20:50:22,920] {dagbag.py:496} INFO - Filling up the DagBag from /home/airflow/.local/lib/python3.6/site-packages/airflow/example_dags/tutorial.py
[2021-07-12 20:50:22,928] {scheduler_job.py:643} INFO - DAG(s) dict_keys(['tutorial']) retrieved from /home/airflow/.local/lib/python3.6/site-packages/airflow/example_dags/tutorial.py
[2021-07-12 20:50:22,941] {logging_mixin.py:104} INFO - [2021-07-12 20:50:22,941] {dag.py:1833} INFO - Sync 1 DAGs
[2021-07-12 20:50:22,951] {logging_mixin.py:104} INFO - [2021-07-12 20:50:22,950] {dag.py:2306} INFO - Setting next_dagrun for tutorial to 2021-07-10 00:00:00+00:00
[2021-07-12 20:50:22,955] {scheduler_job.py:190} INFO - Processing /home/airflow/.local/lib/python3.6/site-packages/airflow/example_dags/tutorial.py took 0.039 seconds
[2021-07-12 20:50:53,134] {scheduler_job.py:182} INFO - Started process (PID=2482) to work on /home/airflow/.local/lib/python3.6/site-packages/airflow/example_dags/tutorial.py
[2021-07-12 20:50:53,135] {scheduler_job.py:633} INFO - Processing file /home/airflow/.local/lib/python3.6/site-packages/airflow/example_dags/tutorial.py for tasks to queue
[2021-07-12 20:50:53,135] {logging_mixin.py:104} INFO - [2021-07-12 20:50:53,135] {dagbag.py:496} INFO - Filling up the DagBag from /home/airflow/.local/lib/python3.6/site-packages/airflow/example_dags/tutorial.py
[2021-07-12 20:50:53,142] {scheduler_job.py:643} INFO - DAG(s) dict_keys(['tutorial']) retrieved from /home/airflow/.local/lib/python3.6/site-packages/airflow/example_dags/tutorial.py
[2021-07-12 20:50:53,153] {logging_mixin.py:104} INFO - [2021-07-12 20:50:53,152] {dag.py:1833} INFO - Sync 1 DAGs
[2021-07-12 20:50:53,162] {logging_mixin.py:104} INFO - [2021-07-12 20:50:53,162] {dag.py:2306} INFO - Setting next_dagrun for tutorial to 2021-07-10 00:00:00+00:00
[2021-07-12 20:50:53,166] {scheduler_job.py:190} INFO - Processing /home/airflow/.local/lib/python3.6/site-packages/airflow/example_dags/tutorial.py took 0.034 seconds
[2021-07-12 20:51:23,481] {scheduler_job.py:182} INFO - Started process (PID=2543) to work on /home/airflow/.local/lib/python3.6/site-packages/airflow/example_dags/tutorial.py
[2021-07-12 20:51:23,481] {scheduler_job.py:633} INFO - Processing file /home/airflow/.local/lib/python3.6/site-packages/airflow/example_dags/tutorial.py for tasks to queue
[2021-07-12 20:51:23,481] {logging_mixin.py:104} INFO - [2021-07-12 20:51:23,481] {dagbag.py:496} INFO - Filling up the DagBag from /home/airflow/.local/lib/python3.6/site-packages/airflow/example_dags/tutorial.py
[2021-07-12 20:51:23,488] {scheduler_job.py:643} INFO - DAG(s) dict_keys(['tutorial']) retrieved from /home/airflow/.local/lib/python3.6/site-packages/airflow/example_dags/tutorial.py
[2021-07-12 20:51:23,501] {logging_mixin.py:104} INFO - [2021-07-12 20:51:23,500] {dag.py:1833} INFO - Sync 1 DAGs
[2021-07-12 20:51:23,510] {logging_mixin.py:104} INFO - [2021-07-12 20:51:23,510] {dag.py:2306} INFO - Setting next_dagrun for tutorial to 2021-07-10 00:00:00+00:00
[2021-07-12 20:51:23,515] {scheduler_job.py:190} INFO - Processing /home/airflow/.local/lib/python3.6/site-packages/airflow/example_dags/tutorial.py took 0.036 seconds
[2021-07-12 20:51:53,682] {scheduler_job.py:182} INFO - Started process (PID=2595) to work on /home/airflow/.local/lib/python3.6/site-packages/airflow/example_dags/tutorial.py
[2021-07-12 20:51:53,683] {scheduler_job.py:633} INFO - Processing file /home/airflow/.local/lib/python3.6/site-packages/airflow/example_dags/tutorial.py for tasks to queue
[2021-07-12 20:51:53,684] {logging_mixin.py:104} INFO - [2021-07-12 20:51:53,684] {dagbag.py:496} INFO - Filling up the DagBag from /home/airflow/.local/lib/python3.6/site-packages/airflow/example_dags/tutorial.py
[2021-07-12 20:51:53,694] {scheduler_job.py:643} INFO - DAG(s) dict_keys(['tutorial']) retrieved from /home/airflow/.local/lib/python3.6/site-packages/airflow/example_dags/tutorial.py
[2021-07-12 20:51:53,709] {logging_mixin.py:104} INFO - [2021-07-12 20:51:53,709] {dag.py:1833} INFO - Sync 1 DAGs
[2021-07-12 20:51:53,718] {logging_mixin.py:104} INFO - [2021-07-12 20:51:53,718] {dag.py:2306} INFO - Setting next_dagrun for tutorial to 2021-07-10 00:00:00+00:00
[2021-07-12 20:51:53,724] {scheduler_job.py:190} INFO - Processing /home/airflow/.local/lib/python3.6/site-packages/airflow/example_dags/tutorial.py took 0.044 seconds
[2021-07-12 20:52:24,762] {scheduler_job.py:182} INFO - Started process (PID=2657) to work on /home/airflow/.local/lib/python3.6/site-packages/airflow/example_dags/tutorial.py
[2021-07-12 20:52:24,763] {scheduler_job.py:633} INFO - Processing file /home/airflow/.local/lib/python3.6/site-packages/airflow/example_dags/tutorial.py for tasks to queue
[2021-07-12 20:52:24,763] {logging_mixin.py:104} INFO - [2021-07-12 20:52:24,763] {dagbag.py:496} INFO - Filling up the DagBag from /home/airflow/.local/lib/python3.6/site-packages/airflow/example_dags/tutorial.py
[2021-07-12 20:52:24,769] {scheduler_job.py:643} INFO - DAG(s) dict_keys(['tutorial']) retrieved from /home/airflow/.local/lib/python3.6/site-packages/airflow/example_dags/tutorial.py
[2021-07-12 20:52:24,781] {logging_mixin.py:104} INFO - [2021-07-12 20:52:24,781] {dag.py:1833} INFO - Sync 1 DAGs
[2021-07-12 20:52:24,790] {logging_mixin.py:104} INFO - [2021-07-12 20:52:24,790] {dag.py:2306} INFO - Setting next_dagrun for tutorial to 2021-07-10 00:00:00+00:00
[2021-07-12 20:52:24,795] {scheduler_job.py:190} INFO - Processing /home/airflow/.local/lib/python3.6/site-packages/airflow/example_dags/tutorial.py took 0.035 seconds
[2021-07-12 20:52:56,011] {scheduler_job.py:182} INFO - Started process (PID=2719) to work on /home/airflow/.local/lib/python3.6/site-packages/airflow/example_dags/tutorial.py
[2021-07-12 20:52:56,012] {scheduler_job.py:633} INFO - Processing file /home/airflow/.local/lib/python3.6/site-packages/airflow/example_dags/tutorial.py for tasks to queue
[2021-07-12 20:52:56,013] {logging_mixin.py:104} INFO - [2021-07-12 20:52:56,013] {dagbag.py:496} INFO - Filling up the DagBag from /home/airflow/.local/lib/python3.6/site-packages/airflow/example_dags/tutorial.py
[2021-07-12 20:52:56,021] {scheduler_job.py:643} INFO - DAG(s) dict_keys(['tutorial']) retrieved from /home/airflow/.local/lib/python3.6/site-packages/airflow/example_dags/tutorial.py
[2021-07-12 20:52:56,036] {logging_mixin.py:104} INFO - [2021-07-12 20:52:56,036] {dag.py:1833} INFO - Sync 1 DAGs
[2021-07-12 20:52:56,046] {logging_mixin.py:104} INFO - [2021-07-12 20:52:56,046] {dag.py:2306} INFO - Setting next_dagrun for tutorial to 2021-07-10 00:00:00+00:00
[2021-07-12 20:52:56,051] {scheduler_job.py:190} INFO - Processing /home/airflow/.local/lib/python3.6/site-packages/airflow/example_dags/tutorial.py took 0.042 seconds
[2021-07-12 20:53:26,947] {scheduler_job.py:182} INFO - Started process (PID=2781) to work on /home/airflow/.local/lib/python3.6/site-packages/airflow/example_dags/tutorial.py
[2021-07-12 20:53:26,947] {scheduler_job.py:633} INFO - Processing file /home/airflow/.local/lib/python3.6/site-packages/airflow/example_dags/tutorial.py for tasks to queue
[2021-07-12 20:53:26,948] {logging_mixin.py:104} INFO - [2021-07-12 20:53:26,948] {dagbag.py:496} INFO - Filling up the DagBag from /home/airflow/.local/lib/python3.6/site-packages/airflow/example_dags/tutorial.py
[2021-07-12 20:53:26,955] {scheduler_job.py:643} INFO - DAG(s) dict_keys(['tutorial']) retrieved from /home/airflow/.local/lib/python3.6/site-packages/airflow/example_dags/tutorial.py
[2021-07-12 20:53:26,971] {logging_mixin.py:104} INFO - [2021-07-12 20:53:26,970] {dag.py:1833} INFO - Sync 1 DAGs
[2021-07-12 20:53:26,981] {logging_mixin.py:104} INFO - [2021-07-12 20:53:26,981] {dag.py:2306} INFO - Setting next_dagrun for tutorial to 2021-07-10 00:00:00+00:00
[2021-07-12 20:53:26,986] {scheduler_job.py:190} INFO - Processing /home/airflow/.local/lib/python3.6/site-packages/airflow/example_dags/tutorial.py took 0.040 seconds
[2021-07-12 20:53:57,296] {scheduler_job.py:182} INFO - Started process (PID=2832) to work on /home/airflow/.local/lib/python3.6/site-packages/airflow/example_dags/tutorial.py
[2021-07-12 20:53:57,297] {scheduler_job.py:633} INFO - Processing file /home/airflow/.local/lib/python3.6/site-packages/airflow/example_dags/tutorial.py for tasks to queue
[2021-07-12 20:53:57,297] {logging_mixin.py:104} INFO - [2021-07-12 20:53:57,297] {dagbag.py:496} INFO - Filling up the DagBag from /home/airflow/.local/lib/python3.6/site-packages/airflow/example_dags/tutorial.py
[2021-07-12 20:53:57,306] {scheduler_job.py:643} INFO - DAG(s) dict_keys(['tutorial']) retrieved from /home/airflow/.local/lib/python3.6/site-packages/airflow/example_dags/tutorial.py
[2021-07-12 20:53:57,317] {logging_mixin.py:104} INFO - [2021-07-12 20:53:57,316] {dag.py:1833} INFO - Sync 1 DAGs
[2021-07-12 20:53:57,325] {logging_mixin.py:104} INFO - [2021-07-12 20:53:57,325] {dag.py:2306} INFO - Setting next_dagrun for tutorial to 2021-07-10 00:00:00+00:00
[2021-07-12 20:53:57,330] {scheduler_job.py:190} INFO - Processing /home/airflow/.local/lib/python3.6/site-packages/airflow/example_dags/tutorial.py took 0.036 seconds
[2021-07-12 20:54:27,519] {scheduler_job.py:182} INFO - Started process (PID=2893) to work on /home/airflow/.local/lib/python3.6/site-packages/airflow/example_dags/tutorial.py
[2021-07-12 20:54:27,520] {scheduler_job.py:633} INFO - Processing file /home/airflow/.local/lib/python3.6/site-packages/airflow/example_dags/tutorial.py for tasks to queue
[2021-07-12 20:54:27,520] {logging_mixin.py:104} INFO - [2021-07-12 20:54:27,520] {dagbag.py:496} INFO - Filling up the DagBag from /home/airflow/.local/lib/python3.6/site-packages/airflow/example_dags/tutorial.py
[2021-07-12 20:54:27,530] {scheduler_job.py:643} INFO - DAG(s) dict_keys(['tutorial']) retrieved from /home/airflow/.local/lib/python3.6/site-packages/airflow/example_dags/tutorial.py
[2021-07-12 20:54:27,546] {logging_mixin.py:104} INFO - [2021-07-12 20:54:27,546] {dag.py:1833} INFO - Sync 1 DAGs
[2021-07-12 20:54:27,555] {logging_mixin.py:104} INFO - [2021-07-12 20:54:27,555] {dag.py:2306} INFO - Setting next_dagrun for tutorial to 2021-07-10 00:00:00+00:00
[2021-07-12 20:54:27,560] {scheduler_job.py:190} INFO - Processing /home/airflow/.local/lib/python3.6/site-packages/airflow/example_dags/tutorial.py took 0.043 seconds
[2021-07-12 20:54:57,716] {scheduler_job.py:182} INFO - Started process (PID=2954) to work on /home/airflow/.local/lib/python3.6/site-packages/airflow/example_dags/tutorial.py
[2021-07-12 20:54:57,716] {scheduler_job.py:633} INFO - Processing file /home/airflow/.local/lib/python3.6/site-packages/airflow/example_dags/tutorial.py for tasks to queue
[2021-07-12 20:54:57,717] {logging_mixin.py:104} INFO - [2021-07-12 20:54:57,717] {dagbag.py:496} INFO - Filling up the DagBag from /home/airflow/.local/lib/python3.6/site-packages/airflow/example_dags/tutorial.py
[2021-07-12 20:54:57,723] {scheduler_job.py:643} INFO - DAG(s) dict_keys(['tutorial']) retrieved from /home/airflow/.local/lib/python3.6/site-packages/airflow/example_dags/tutorial.py
[2021-07-12 20:54:57,734] {logging_mixin.py:104} INFO - [2021-07-12 20:54:57,734] {dag.py:1833} INFO - Sync 1 DAGs
[2021-07-12 20:54:57,743] {logging_mixin.py:104} INFO - [2021-07-12 20:54:57,743] {dag.py:2306} INFO - Setting next_dagrun for tutorial to 2021-07-10 00:00:00+00:00
[2021-07-12 20:54:57,748] {scheduler_job.py:190} INFO - Processing /home/airflow/.local/lib/python3.6/site-packages/airflow/example_dags/tutorial.py took 0.034 seconds
[2021-07-12 20:55:28,156] {scheduler_job.py:182} INFO - Started process (PID=3016) to work on /home/airflow/.local/lib/python3.6/site-packages/airflow/example_dags/tutorial.py
[2021-07-12 20:55:28,157] {scheduler_job.py:633} INFO - Processing file /home/airflow/.local/lib/python3.6/site-packages/airflow/example_dags/tutorial.py for tasks to queue
[2021-07-12 20:55:28,157] {logging_mixin.py:104} INFO - [2021-07-12 20:55:28,157] {dagbag.py:496} INFO - Filling up the DagBag from /home/airflow/.local/lib/python3.6/site-packages/airflow/example_dags/tutorial.py
[2021-07-12 20:55:28,164] {scheduler_job.py:643} INFO - DAG(s) dict_keys(['tutorial']) retrieved from /home/airflow/.local/lib/python3.6/site-packages/airflow/example_dags/tutorial.py
[2021-07-12 20:55:28,178] {logging_mixin.py:104} INFO - [2021-07-12 20:55:28,178] {dag.py:1833} INFO - Sync 1 DAGs
[2021-07-12 20:55:28,190] {logging_mixin.py:104} INFO - [2021-07-12 20:55:28,190] {dag.py:2306} INFO - Setting next_dagrun for tutorial to 2021-07-10 00:00:00+00:00
[2021-07-12 20:55:28,196] {scheduler_job.py:190} INFO - Processing /home/airflow/.local/lib/python3.6/site-packages/airflow/example_dags/tutorial.py took 0.043 seconds
[2021-07-12 20:55:58,536] {scheduler_job.py:182} INFO - Started process (PID=3067) to work on /home/airflow/.local/lib/python3.6/site-packages/airflow/example_dags/tutorial.py
[2021-07-12 20:55:58,536] {scheduler_job.py:633} INFO - Processing file /home/airflow/.local/lib/python3.6/site-packages/airflow/example_dags/tutorial.py for tasks to queue
[2021-07-12 20:55:58,537] {logging_mixin.py:104} INFO - [2021-07-12 20:55:58,537] {dagbag.py:496} INFO - Filling up the DagBag from /home/airflow/.local/lib/python3.6/site-packages/airflow/example_dags/tutorial.py
[2021-07-12 20:55:58,544] {scheduler_job.py:643} INFO - DAG(s) dict_keys(['tutorial']) retrieved from /home/airflow/.local/lib/python3.6/site-packages/airflow/example_dags/tutorial.py
[2021-07-12 20:55:58,556] {logging_mixin.py:104} INFO - [2021-07-12 20:55:58,555] {dag.py:1833} INFO - Sync 1 DAGs
[2021-07-12 20:55:58,564] {logging_mixin.py:104} INFO - [2021-07-12 20:55:58,563] {dag.py:2306} INFO - Setting next_dagrun for tutorial to 2021-07-10 00:00:00+00:00
[2021-07-12 20:55:58,568] {scheduler_job.py:190} INFO - Processing /home/airflow/.local/lib/python3.6/site-packages/airflow/example_dags/tutorial.py took 0.034 seconds
[2021-07-12 20:56:29,691] {scheduler_job.py:182} INFO - Started process (PID=3131) to work on /home/airflow/.local/lib/python3.6/site-packages/airflow/example_dags/tutorial.py
[2021-07-12 20:56:29,692] {scheduler_job.py:633} INFO - Processing file /home/airflow/.local/lib/python3.6/site-packages/airflow/example_dags/tutorial.py for tasks to queue
[2021-07-12 20:56:29,692] {logging_mixin.py:104} INFO - [2021-07-12 20:56:29,692] {dagbag.py:496} INFO - Filling up the DagBag from /home/airflow/.local/lib/python3.6/site-packages/airflow/example_dags/tutorial.py
[2021-07-12 20:56:29,700] {scheduler_job.py:643} INFO - DAG(s) dict_keys(['tutorial']) retrieved from /home/airflow/.local/lib/python3.6/site-packages/airflow/example_dags/tutorial.py
[2021-07-12 20:56:29,716] {logging_mixin.py:104} INFO - [2021-07-12 20:56:29,716] {dag.py:1833} INFO - Sync 1 DAGs
[2021-07-12 20:56:29,729] {logging_mixin.py:104} INFO - [2021-07-12 20:56:29,729] {dag.py:2306} INFO - Setting next_dagrun for tutorial to 2021-07-10 00:00:00+00:00
[2021-07-12 20:56:29,737] {scheduler_job.py:190} INFO - Processing /home/airflow/.local/lib/python3.6/site-packages/airflow/example_dags/tutorial.py took 0.048 seconds
[2021-07-12 20:57:00,113] {scheduler_job.py:182} INFO - Started process (PID=3192) to work on /home/airflow/.local/lib/python3.6/site-packages/airflow/example_dags/tutorial.py
[2021-07-12 20:57:00,114] {scheduler_job.py:633} INFO - Processing file /home/airflow/.local/lib/python3.6/site-packages/airflow/example_dags/tutorial.py for tasks to queue
[2021-07-12 20:57:00,114] {logging_mixin.py:104} INFO - [2021-07-12 20:57:00,114] {dagbag.py:496} INFO - Filling up the DagBag from /home/airflow/.local/lib/python3.6/site-packages/airflow/example_dags/tutorial.py
[2021-07-12 20:57:00,120] {scheduler_job.py:643} INFO - DAG(s) dict_keys(['tutorial']) retrieved from /home/airflow/.local/lib/python3.6/site-packages/airflow/example_dags/tutorial.py
[2021-07-12 20:57:00,131] {logging_mixin.py:104} INFO - [2021-07-12 20:57:00,131] {dag.py:1833} INFO - Sync 1 DAGs
[2021-07-12 20:57:00,140] {logging_mixin.py:104} INFO - [2021-07-12 20:57:00,140] {dag.py:2306} INFO - Setting next_dagrun for tutorial to 2021-07-10 00:00:00+00:00
[2021-07-12 20:57:00,145] {scheduler_job.py:190} INFO - Processing /home/airflow/.local/lib/python3.6/site-packages/airflow/example_dags/tutorial.py took 0.034 seconds
[2021-07-12 20:57:30,415] {scheduler_job.py:182} INFO - Started process (PID=3243) to work on /home/airflow/.local/lib/python3.6/site-packages/airflow/example_dags/tutorial.py
[2021-07-12 20:57:30,416] {scheduler_job.py:633} INFO - Processing file /home/airflow/.local/lib/python3.6/site-packages/airflow/example_dags/tutorial.py for tasks to queue
[2021-07-12 20:57:30,417] {logging_mixin.py:104} INFO - [2021-07-12 20:57:30,417] {dagbag.py:496} INFO - Filling up the DagBag from /home/airflow/.local/lib/python3.6/site-packages/airflow/example_dags/tutorial.py
[2021-07-12 20:57:30,424] {scheduler_job.py:643} INFO - DAG(s) dict_keys(['tutorial']) retrieved from /home/airflow/.local/lib/python3.6/site-packages/airflow/example_dags/tutorial.py
[2021-07-12 20:57:30,440] {logging_mixin.py:104} INFO - [2021-07-12 20:57:30,440] {dag.py:1833} INFO - Sync 1 DAGs
[2021-07-12 20:57:30,450] {logging_mixin.py:104} INFO - [2021-07-12 20:57:30,450] {dag.py:2306} INFO - Setting next_dagrun for tutorial to 2021-07-10 00:00:00+00:00
[2021-07-12 20:57:30,454] {scheduler_job.py:190} INFO - Processing /home/airflow/.local/lib/python3.6/site-packages/airflow/example_dags/tutorial.py took 0.041 seconds
[2021-07-12 20:58:00,664] {scheduler_job.py:182} INFO - Started process (PID=3305) to work on /home/airflow/.local/lib/python3.6/site-packages/airflow/example_dags/tutorial.py
[2021-07-12 20:58:00,664] {scheduler_job.py:633} INFO - Processing file /home/airflow/.local/lib/python3.6/site-packages/airflow/example_dags/tutorial.py for tasks to queue
[2021-07-12 20:58:00,665] {logging_mixin.py:104} INFO - [2021-07-12 20:58:00,665] {dagbag.py:496} INFO - Filling up the DagBag from /home/airflow/.local/lib/python3.6/site-packages/airflow/example_dags/tutorial.py
[2021-07-12 20:58:00,671] {scheduler_job.py:643} INFO - DAG(s) dict_keys(['tutorial']) retrieved from /home/airflow/.local/lib/python3.6/site-packages/airflow/example_dags/tutorial.py
[2021-07-12 20:58:00,686] {logging_mixin.py:104} INFO - [2021-07-12 20:58:00,686] {dag.py:1833} INFO - Sync 1 DAGs
[2021-07-12 20:58:00,695] {logging_mixin.py:104} INFO - [2021-07-12 20:58:00,695] {dag.py:2306} INFO - Setting next_dagrun for tutorial to 2021-07-10 00:00:00+00:00
[2021-07-12 20:58:00,700] {scheduler_job.py:190} INFO - Processing /home/airflow/.local/lib/python3.6/site-packages/airflow/example_dags/tutorial.py took 0.038 seconds
[2021-07-12 20:58:30,829] {scheduler_job.py:182} INFO - Started process (PID=3366) to work on /home/airflow/.local/lib/python3.6/site-packages/airflow/example_dags/tutorial.py
[2021-07-12 20:58:30,830] {scheduler_job.py:633} INFO - Processing file /home/airflow/.local/lib/python3.6/site-packages/airflow/example_dags/tutorial.py for tasks to queue
[2021-07-12 20:58:30,830] {logging_mixin.py:104} INFO - [2021-07-12 20:58:30,830] {dagbag.py:496} INFO - Filling up the DagBag from /home/airflow/.local/lib/python3.6/site-packages/airflow/example_dags/tutorial.py
[2021-07-12 20:58:30,840] {scheduler_job.py:643} INFO - DAG(s) dict_keys(['tutorial']) retrieved from /home/airflow/.local/lib/python3.6/site-packages/airflow/example_dags/tutorial.py
[2021-07-12 20:58:30,852] {logging_mixin.py:104} INFO - [2021-07-12 20:58:30,852] {dag.py:1833} INFO - Sync 1 DAGs
[2021-07-12 20:58:30,861] {logging_mixin.py:104} INFO - [2021-07-12 20:58:30,861] {dag.py:2306} INFO - Setting next_dagrun for tutorial to 2021-07-10 00:00:00+00:00
[2021-07-12 20:58:30,865] {scheduler_job.py:190} INFO - Processing /home/airflow/.local/lib/python3.6/site-packages/airflow/example_dags/tutorial.py took 0.038 seconds
[2021-07-12 20:59:01,056] {scheduler_job.py:182} INFO - Started process (PID=3428) to work on /home/airflow/.local/lib/python3.6/site-packages/airflow/example_dags/tutorial.py
[2021-07-12 20:59:01,056] {scheduler_job.py:633} INFO - Processing file /home/airflow/.local/lib/python3.6/site-packages/airflow/example_dags/tutorial.py for tasks to queue
[2021-07-12 20:59:01,057] {logging_mixin.py:104} INFO - [2021-07-12 20:59:01,057] {dagbag.py:496} INFO - Filling up the DagBag from /home/airflow/.local/lib/python3.6/site-packages/airflow/example_dags/tutorial.py
[2021-07-12 20:59:01,066] {scheduler_job.py:643} INFO - DAG(s) dict_keys(['tutorial']) retrieved from /home/airflow/.local/lib/python3.6/site-packages/airflow/example_dags/tutorial.py
[2021-07-12 20:59:01,081] {logging_mixin.py:104} INFO - [2021-07-12 20:59:01,081] {dag.py:1833} INFO - Sync 1 DAGs
[2021-07-12 20:59:01,090] {logging_mixin.py:104} INFO - [2021-07-12 20:59:01,090] {dag.py:2306} INFO - Setting next_dagrun for tutorial to 2021-07-10 00:00:00+00:00
[2021-07-12 20:59:01,095] {scheduler_job.py:190} INFO - Processing /home/airflow/.local/lib/python3.6/site-packages/airflow/example_dags/tutorial.py took 0.041 seconds
[2021-07-12 20:59:31,206] {scheduler_job.py:182} INFO - Started process (PID=3480) to work on /home/airflow/.local/lib/python3.6/site-packages/airflow/example_dags/tutorial.py
[2021-07-12 20:59:31,207] {scheduler_job.py:633} INFO - Processing file /home/airflow/.local/lib/python3.6/site-packages/airflow/example_dags/tutorial.py for tasks to queue
[2021-07-12 20:59:31,208] {logging_mixin.py:104} INFO - [2021-07-12 20:59:31,208] {dagbag.py:496} INFO - Filling up the DagBag from /home/airflow/.local/lib/python3.6/site-packages/airflow/example_dags/tutorial.py
[2021-07-12 20:59:31,215] {scheduler_job.py:643} INFO - DAG(s) dict_keys(['tutorial']) retrieved from /home/airflow/.local/lib/python3.6/site-packages/airflow/example_dags/tutorial.py
[2021-07-12 20:59:31,227] {logging_mixin.py:104} INFO - [2021-07-12 20:59:31,226] {dag.py:1833} INFO - Sync 1 DAGs
[2021-07-12 20:59:31,236] {logging_mixin.py:104} INFO - [2021-07-12 20:59:31,236] {dag.py:2306} INFO - Setting next_dagrun for tutorial to 2021-07-10 00:00:00+00:00
[2021-07-12 20:59:31,240] {scheduler_job.py:190} INFO - Processing /home/airflow/.local/lib/python3.6/site-packages/airflow/example_dags/tutorial.py took 0.036 seconds
[2021-07-12 21:00:01,429] {scheduler_job.py:182} INFO - Started process (PID=3540) to work on /home/airflow/.local/lib/python3.6/site-packages/airflow/example_dags/tutorial.py
[2021-07-12 21:00:01,430] {scheduler_job.py:633} INFO - Processing file /home/airflow/.local/lib/python3.6/site-packages/airflow/example_dags/tutorial.py for tasks to queue
[2021-07-12 21:00:01,430] {logging_mixin.py:104} INFO - [2021-07-12 21:00:01,430] {dagbag.py:496} INFO - Filling up the DagBag from /home/airflow/.local/lib/python3.6/site-packages/airflow/example_dags/tutorial.py
[2021-07-12 21:00:01,438] {scheduler_job.py:643} INFO - DAG(s) dict_keys(['tutorial']) retrieved from /home/airflow/.local/lib/python3.6/site-packages/airflow/example_dags/tutorial.py
[2021-07-12 21:00:01,448] {logging_mixin.py:104} INFO - [2021-07-12 21:00:01,448] {dag.py:1833} INFO - Sync 1 DAGs
[2021-07-12 21:00:01,457] {logging_mixin.py:104} INFO - [2021-07-12 21:00:01,457] {dag.py:2306} INFO - Setting next_dagrun for tutorial to 2021-07-10 00:00:00+00:00
[2021-07-12 21:00:01,461] {scheduler_job.py:190} INFO - Processing /home/airflow/.local/lib/python3.6/site-packages/airflow/example_dags/tutorial.py took 0.034 seconds
[2021-07-12 21:00:31,871] {scheduler_job.py:182} INFO - Started process (PID=3603) to work on /home/airflow/.local/lib/python3.6/site-packages/airflow/example_dags/tutorial.py
[2021-07-12 21:00:31,871] {scheduler_job.py:633} INFO - Processing file /home/airflow/.local/lib/python3.6/site-packages/airflow/example_dags/tutorial.py for tasks to queue
[2021-07-12 21:00:31,872] {logging_mixin.py:104} INFO - [2021-07-12 21:00:31,871] {dagbag.py:496} INFO - Filling up the DagBag from /home/airflow/.local/lib/python3.6/site-packages/airflow/example_dags/tutorial.py
[2021-07-12 21:00:31,878] {scheduler_job.py:643} INFO - DAG(s) dict_keys(['tutorial']) retrieved from /home/airflow/.local/lib/python3.6/site-packages/airflow/example_dags/tutorial.py
[2021-07-12 21:00:31,890] {logging_mixin.py:104} INFO - [2021-07-12 21:00:31,890] {dag.py:1833} INFO - Sync 1 DAGs
[2021-07-12 21:00:31,900] {logging_mixin.py:104} INFO - [2021-07-12 21:00:31,900] {dag.py:2306} INFO - Setting next_dagrun for tutorial to 2021-07-10 00:00:00+00:00
[2021-07-12 21:00:31,906] {scheduler_job.py:190} INFO - Processing /home/airflow/.local/lib/python3.6/site-packages/airflow/example_dags/tutorial.py took 0.038 seconds
[2021-07-12 21:01:02,186] {scheduler_job.py:182} INFO - Started process (PID=3655) to work on /home/airflow/.local/lib/python3.6/site-packages/airflow/example_dags/tutorial.py
[2021-07-12 21:01:02,186] {scheduler_job.py:633} INFO - Processing file /home/airflow/.local/lib/python3.6/site-packages/airflow/example_dags/tutorial.py for tasks to queue
[2021-07-12 21:01:02,186] {logging_mixin.py:104} INFO - [2021-07-12 21:01:02,186] {dagbag.py:496} INFO - Filling up the DagBag from /home/airflow/.local/lib/python3.6/site-packages/airflow/example_dags/tutorial.py
[2021-07-12 21:01:02,193] {scheduler_job.py:643} INFO - DAG(s) dict_keys(['tutorial']) retrieved from /home/airflow/.local/lib/python3.6/site-packages/airflow/example_dags/tutorial.py
[2021-07-12 21:01:02,209] {logging_mixin.py:104} INFO - [2021-07-12 21:01:02,208] {dag.py:1833} INFO - Sync 1 DAGs
[2021-07-12 21:01:02,220] {logging_mixin.py:104} INFO - [2021-07-12 21:01:02,220] {dag.py:2306} INFO - Setting next_dagrun for tutorial to 2021-07-10 00:00:00+00:00
[2021-07-12 21:01:02,225] {scheduler_job.py:190} INFO - Processing /home/airflow/.local/lib/python3.6/site-packages/airflow/example_dags/tutorial.py took 0.041 seconds
[2021-07-12 21:01:32,446] {scheduler_job.py:182} INFO - Started process (PID=3716) to work on /home/airflow/.local/lib/python3.6/site-packages/airflow/example_dags/tutorial.py
[2021-07-12 21:01:32,447] {scheduler_job.py:633} INFO - Processing file /home/airflow/.local/lib/python3.6/site-packages/airflow/example_dags/tutorial.py for tasks to queue
[2021-07-12 21:01:32,447] {logging_mixin.py:104} INFO - [2021-07-12 21:01:32,447] {dagbag.py:496} INFO - Filling up the DagBag from /home/airflow/.local/lib/python3.6/site-packages/airflow/example_dags/tutorial.py
[2021-07-12 21:01:32,455] {scheduler_job.py:643} INFO - DAG(s) dict_keys(['tutorial']) retrieved from /home/airflow/.local/lib/python3.6/site-packages/airflow/example_dags/tutorial.py
[2021-07-12 21:01:32,471] {logging_mixin.py:104} INFO - [2021-07-12 21:01:32,471] {dag.py:1833} INFO - Sync 1 DAGs
[2021-07-12 21:01:32,484] {logging_mixin.py:104} INFO - [2021-07-12 21:01:32,484] {dag.py:2306} INFO - Setting next_dagrun for tutorial to 2021-07-10 00:00:00+00:00
[2021-07-12 21:01:32,491] {scheduler_job.py:190} INFO - Processing /home/airflow/.local/lib/python3.6/site-packages/airflow/example_dags/tutorial.py took 0.047 seconds
[2021-07-12 21:02:02,592] {scheduler_job.py:182} INFO - Started process (PID=3793) to work on /home/airflow/.local/lib/python3.6/site-packages/airflow/example_dags/tutorial.py
[2021-07-12 21:02:02,593] {scheduler_job.py:633} INFO - Processing file /home/airflow/.local/lib/python3.6/site-packages/airflow/example_dags/tutorial.py for tasks to queue
[2021-07-12 21:02:02,593] {logging_mixin.py:104} INFO - [2021-07-12 21:02:02,593] {dagbag.py:496} INFO - Filling up the DagBag from /home/airflow/.local/lib/python3.6/site-packages/airflow/example_dags/tutorial.py
[2021-07-12 21:02:02,604] {scheduler_job.py:643} INFO - DAG(s) dict_keys(['tutorial']) retrieved from /home/airflow/.local/lib/python3.6/site-packages/airflow/example_dags/tutorial.py
[2021-07-12 21:02:02,619] {logging_mixin.py:104} INFO - [2021-07-12 21:02:02,619] {dag.py:1833} INFO - Sync 1 DAGs
[2021-07-12 21:02:02,628] {logging_mixin.py:104} INFO - [2021-07-12 21:02:02,628] {dag.py:2306} INFO - Setting next_dagrun for tutorial to 2021-07-10 00:00:00+00:00
[2021-07-12 21:02:02,632] {scheduler_job.py:190} INFO - Processing /home/airflow/.local/lib/python3.6/site-packages/airflow/example_dags/tutorial.py took 0.042 seconds
[2021-07-12 21:02:33,013] {scheduler_job.py:182} INFO - Started process (PID=3847) to work on /home/airflow/.local/lib/python3.6/site-packages/airflow/example_dags/tutorial.py
[2021-07-12 21:02:33,014] {scheduler_job.py:633} INFO - Processing file /home/airflow/.local/lib/python3.6/site-packages/airflow/example_dags/tutorial.py for tasks to queue
[2021-07-12 21:02:33,014] {logging_mixin.py:104} INFO - [2021-07-12 21:02:33,014] {dagbag.py:496} INFO - Filling up the DagBag from /home/airflow/.local/lib/python3.6/site-packages/airflow/example_dags/tutorial.py
[2021-07-12 21:02:33,020] {scheduler_job.py:643} INFO - DAG(s) dict_keys(['tutorial']) retrieved from /home/airflow/.local/lib/python3.6/site-packages/airflow/example_dags/tutorial.py
[2021-07-12 21:02:33,033] {logging_mixin.py:104} INFO - [2021-07-12 21:02:33,033] {dag.py:1833} INFO - Sync 1 DAGs
[2021-07-12 21:02:33,044] {logging_mixin.py:104} INFO - [2021-07-12 21:02:33,044] {dag.py:2306} INFO - Setting next_dagrun for tutorial to 2021-07-10 00:00:00+00:00
[2021-07-12 21:02:33,048] {scheduler_job.py:190} INFO - Processing /home/airflow/.local/lib/python3.6/site-packages/airflow/example_dags/tutorial.py took 0.036 seconds
[2021-07-12 21:03:03,282] {scheduler_job.py:182} INFO - Started process (PID=3908) to work on /home/airflow/.local/lib/python3.6/site-packages/airflow/example_dags/tutorial.py
[2021-07-12 21:03:03,283] {scheduler_job.py:633} INFO - Processing file /home/airflow/.local/lib/python3.6/site-packages/airflow/example_dags/tutorial.py for tasks to queue
[2021-07-12 21:03:03,283] {logging_mixin.py:104} INFO - [2021-07-12 21:03:03,283] {dagbag.py:496} INFO - Filling up the DagBag from /home/airflow/.local/lib/python3.6/site-packages/airflow/example_dags/tutorial.py
[2021-07-12 21:03:03,292] {scheduler_job.py:643} INFO - DAG(s) dict_keys(['tutorial']) retrieved from /home/airflow/.local/lib/python3.6/site-packages/airflow/example_dags/tutorial.py
[2021-07-12 21:03:03,304] {logging_mixin.py:104} INFO - [2021-07-12 21:03:03,304] {dag.py:1833} INFO - Sync 1 DAGs
[2021-07-12 21:03:03,317] {logging_mixin.py:104} INFO - [2021-07-12 21:03:03,317] {dag.py:2306} INFO - Setting next_dagrun for tutorial to 2021-07-10 00:00:00+00:00
[2021-07-12 21:03:03,322] {scheduler_job.py:190} INFO - Processing /home/airflow/.local/lib/python3.6/site-packages/airflow/example_dags/tutorial.py took 0.041 seconds
[2021-07-12 21:03:34,347] {scheduler_job.py:182} INFO - Started process (PID=3970) to work on /home/airflow/.local/lib/python3.6/site-packages/airflow/example_dags/tutorial.py
[2021-07-12 21:03:34,348] {scheduler_job.py:633} INFO - Processing file /home/airflow/.local/lib/python3.6/site-packages/airflow/example_dags/tutorial.py for tasks to queue
[2021-07-12 21:03:34,348] {logging_mixin.py:104} INFO - [2021-07-12 21:03:34,348] {dagbag.py:496} INFO - Filling up the DagBag from /home/airflow/.local/lib/python3.6/site-packages/airflow/example_dags/tutorial.py
[2021-07-12 21:03:34,357] {scheduler_job.py:643} INFO - DAG(s) dict_keys(['tutorial']) retrieved from /home/airflow/.local/lib/python3.6/site-packages/airflow/example_dags/tutorial.py
[2021-07-12 21:03:34,369] {logging_mixin.py:104} INFO - [2021-07-12 21:03:34,369] {dag.py:1833} INFO - Sync 1 DAGs
[2021-07-12 21:03:34,377] {logging_mixin.py:104} INFO - [2021-07-12 21:03:34,377] {dag.py:2306} INFO - Setting next_dagrun for tutorial to 2021-07-10 00:00:00+00:00
[2021-07-12 21:03:34,386] {scheduler_job.py:190} INFO - Processing /home/airflow/.local/lib/python3.6/site-packages/airflow/example_dags/tutorial.py took 0.042 seconds
[2021-07-12 21:04:04,704] {scheduler_job.py:182} INFO - Started process (PID=4032) to work on /home/airflow/.local/lib/python3.6/site-packages/airflow/example_dags/tutorial.py
[2021-07-12 21:04:04,704] {scheduler_job.py:633} INFO - Processing file /home/airflow/.local/lib/python3.6/site-packages/airflow/example_dags/tutorial.py for tasks to queue
[2021-07-12 21:04:04,704] {logging_mixin.py:104} INFO - [2021-07-12 21:04:04,704] {dagbag.py:496} INFO - Filling up the DagBag from /home/airflow/.local/lib/python3.6/site-packages/airflow/example_dags/tutorial.py
[2021-07-12 21:04:04,714] {scheduler_job.py:643} INFO - DAG(s) dict_keys(['tutorial']) retrieved from /home/airflow/.local/lib/python3.6/site-packages/airflow/example_dags/tutorial.py
[2021-07-12 21:04:04,726] {logging_mixin.py:104} INFO - [2021-07-12 21:04:04,726] {dag.py:1833} INFO - Sync 1 DAGs
[2021-07-12 21:04:04,736] {logging_mixin.py:104} INFO - [2021-07-12 21:04:04,736] {dag.py:2306} INFO - Setting next_dagrun for tutorial to 2021-07-10 00:00:00+00:00
[2021-07-12 21:04:04,742] {scheduler_job.py:190} INFO - Processing /home/airflow/.local/lib/python3.6/site-packages/airflow/example_dags/tutorial.py took 0.040 seconds
[2021-07-12 21:04:35,003] {scheduler_job.py:182} INFO - Started process (PID=4083) to work on /home/airflow/.local/lib/python3.6/site-packages/airflow/example_dags/tutorial.py
[2021-07-12 21:04:35,004] {scheduler_job.py:633} INFO - Processing file /home/airflow/.local/lib/python3.6/site-packages/airflow/example_dags/tutorial.py for tasks to queue
[2021-07-12 21:04:35,004] {logging_mixin.py:104} INFO - [2021-07-12 21:04:35,004] {dagbag.py:496} INFO - Filling up the DagBag from /home/airflow/.local/lib/python3.6/site-packages/airflow/example_dags/tutorial.py
[2021-07-12 21:04:35,010] {scheduler_job.py:643} INFO - DAG(s) dict_keys(['tutorial']) retrieved from /home/airflow/.local/lib/python3.6/site-packages/airflow/example_dags/tutorial.py
[2021-07-12 21:04:35,020] {logging_mixin.py:104} INFO - [2021-07-12 21:04:35,020] {dag.py:1833} INFO - Sync 1 DAGs
[2021-07-12 21:04:35,028] {logging_mixin.py:104} INFO - [2021-07-12 21:04:35,028] {dag.py:2306} INFO - Setting next_dagrun for tutorial to 2021-07-10 00:00:00+00:00
[2021-07-12 21:04:35,035] {scheduler_job.py:190} INFO - Processing /home/airflow/.local/lib/python3.6/site-packages/airflow/example_dags/tutorial.py took 0.033 seconds
[2021-07-12 21:05:05,275] {scheduler_job.py:182} INFO - Started process (PID=4145) to work on /home/airflow/.local/lib/python3.6/site-packages/airflow/example_dags/tutorial.py
[2021-07-12 21:05:05,276] {scheduler_job.py:633} INFO - Processing file /home/airflow/.local/lib/python3.6/site-packages/airflow/example_dags/tutorial.py for tasks to queue
[2021-07-12 21:05:05,276] {logging_mixin.py:104} INFO - [2021-07-12 21:05:05,276] {dagbag.py:496} INFO - Filling up the DagBag from /home/airflow/.local/lib/python3.6/site-packages/airflow/example_dags/tutorial.py
[2021-07-12 21:05:05,282] {scheduler_job.py:643} INFO - DAG(s) dict_keys(['tutorial']) retrieved from /home/airflow/.local/lib/python3.6/site-packages/airflow/example_dags/tutorial.py
[2021-07-12 21:05:05,297] {logging_mixin.py:104} INFO - [2021-07-12 21:05:05,296] {dag.py:1833} INFO - Sync 1 DAGs
[2021-07-12 21:05:05,306] {logging_mixin.py:104} INFO - [2021-07-12 21:05:05,306] {dag.py:2306} INFO - Setting next_dagrun for tutorial to 2021-07-10 00:00:00+00:00
[2021-07-12 21:05:05,312] {scheduler_job.py:190} INFO - Processing /home/airflow/.local/lib/python3.6/site-packages/airflow/example_dags/tutorial.py took 0.038 seconds
[2021-07-12 21:05:35,575] {scheduler_job.py:182} INFO - Started process (PID=4207) to work on /home/airflow/.local/lib/python3.6/site-packages/airflow/example_dags/tutorial.py
[2021-07-12 21:05:35,576] {scheduler_job.py:633} INFO - Processing file /home/airflow/.local/lib/python3.6/site-packages/airflow/example_dags/tutorial.py for tasks to queue
[2021-07-12 21:05:35,576] {logging_mixin.py:104} INFO - [2021-07-12 21:05:35,576] {dagbag.py:496} INFO - Filling up the DagBag from /home/airflow/.local/lib/python3.6/site-packages/airflow/example_dags/tutorial.py
[2021-07-12 21:05:35,582] {scheduler_job.py:643} INFO - DAG(s) dict_keys(['tutorial']) retrieved from /home/airflow/.local/lib/python3.6/site-packages/airflow/example_dags/tutorial.py
[2021-07-12 21:05:35,591] {logging_mixin.py:104} INFO - [2021-07-12 21:05:35,591] {dag.py:1833} INFO - Sync 1 DAGs
[2021-07-12 21:05:35,599] {logging_mixin.py:104} INFO - [2021-07-12 21:05:35,599] {dag.py:2306} INFO - Setting next_dagrun for tutorial to 2021-07-10 00:00:00+00:00
[2021-07-12 21:05:35,604] {scheduler_job.py:190} INFO - Processing /home/airflow/.local/lib/python3.6/site-packages/airflow/example_dags/tutorial.py took 0.031 seconds
[2021-07-12 21:06:05,777] {scheduler_job.py:182} INFO - Started process (PID=4258) to work on /home/airflow/.local/lib/python3.6/site-packages/airflow/example_dags/tutorial.py
[2021-07-12 21:06:05,777] {scheduler_job.py:633} INFO - Processing file /home/airflow/.local/lib/python3.6/site-packages/airflow/example_dags/tutorial.py for tasks to queue
[2021-07-12 21:06:05,778] {logging_mixin.py:104} INFO - [2021-07-12 21:06:05,777] {dagbag.py:496} INFO - Filling up the DagBag from /home/airflow/.local/lib/python3.6/site-packages/airflow/example_dags/tutorial.py
[2021-07-12 21:06:05,783] {scheduler_job.py:643} INFO - DAG(s) dict_keys(['tutorial']) retrieved from /home/airflow/.local/lib/python3.6/site-packages/airflow/example_dags/tutorial.py
[2021-07-12 21:06:05,795] {logging_mixin.py:104} INFO - [2021-07-12 21:06:05,795] {dag.py:1833} INFO - Sync 1 DAGs
[2021-07-12 21:06:05,805] {logging_mixin.py:104} INFO - [2021-07-12 21:06:05,805] {dag.py:2306} INFO - Setting next_dagrun for tutorial to 2021-07-10 00:00:00+00:00
[2021-07-12 21:06:05,810] {scheduler_job.py:190} INFO - Processing /home/airflow/.local/lib/python3.6/site-packages/airflow/example_dags/tutorial.py took 0.035 seconds
[2021-07-12 21:06:36,175] {scheduler_job.py:182} INFO - Started process (PID=4320) to work on /home/airflow/.local/lib/python3.6/site-packages/airflow/example_dags/tutorial.py
[2021-07-12 21:06:36,175] {scheduler_job.py:633} INFO - Processing file /home/airflow/.local/lib/python3.6/site-packages/airflow/example_dags/tutorial.py for tasks to queue
[2021-07-12 21:06:36,175] {logging_mixin.py:104} INFO - [2021-07-12 21:06:36,175] {dagbag.py:496} INFO - Filling up the DagBag from /home/airflow/.local/lib/python3.6/site-packages/airflow/example_dags/tutorial.py
[2021-07-12 21:06:36,182] {scheduler_job.py:643} INFO - DAG(s) dict_keys(['tutorial']) retrieved from /home/airflow/.local/lib/python3.6/site-packages/airflow/example_dags/tutorial.py
[2021-07-12 21:06:36,196] {logging_mixin.py:104} INFO - [2021-07-12 21:06:36,196] {dag.py:1833} INFO - Sync 1 DAGs
[2021-07-12 21:06:36,210] {logging_mixin.py:104} INFO - [2021-07-12 21:06:36,209] {dag.py:2306} INFO - Setting next_dagrun for tutorial to 2021-07-10 00:00:00+00:00
[2021-07-12 21:06:36,216] {scheduler_job.py:190} INFO - Processing /home/airflow/.local/lib/python3.6/site-packages/airflow/example_dags/tutorial.py took 0.043 seconds
[2021-07-12 21:07:06,448] {scheduler_job.py:182} INFO - Started process (PID=4382) to work on /home/airflow/.local/lib/python3.6/site-packages/airflow/example_dags/tutorial.py
[2021-07-12 21:07:06,450] {scheduler_job.py:633} INFO - Processing file /home/airflow/.local/lib/python3.6/site-packages/airflow/example_dags/tutorial.py for tasks to queue
[2021-07-12 21:07:06,450] {logging_mixin.py:104} INFO - [2021-07-12 21:07:06,450] {dagbag.py:496} INFO - Filling up the DagBag from /home/airflow/.local/lib/python3.6/site-packages/airflow/example_dags/tutorial.py
[2021-07-12 21:07:06,460] {scheduler_job.py:643} INFO - DAG(s) dict_keys(['tutorial']) retrieved from /home/airflow/.local/lib/python3.6/site-packages/airflow/example_dags/tutorial.py
[2021-07-12 21:07:06,474] {logging_mixin.py:104} INFO - [2021-07-12 21:07:06,474] {dag.py:1833} INFO - Sync 1 DAGs
[2021-07-12 21:07:06,482] {logging_mixin.py:104} INFO - [2021-07-12 21:07:06,482] {dag.py:2306} INFO - Setting next_dagrun for tutorial to 2021-07-10 00:00:00+00:00
[2021-07-12 21:07:06,487] {scheduler_job.py:190} INFO - Processing /home/airflow/.local/lib/python3.6/site-packages/airflow/example_dags/tutorial.py took 0.041 seconds
[2021-07-12 21:07:36,772] {scheduler_job.py:182} INFO - Started process (PID=4442) to work on /home/airflow/.local/lib/python3.6/site-packages/airflow/example_dags/tutorial.py
[2021-07-12 21:07:36,773] {scheduler_job.py:633} INFO - Processing file /home/airflow/.local/lib/python3.6/site-packages/airflow/example_dags/tutorial.py for tasks to queue
[2021-07-12 21:07:36,773] {logging_mixin.py:104} INFO - [2021-07-12 21:07:36,773] {dagbag.py:496} INFO - Filling up the DagBag from /home/airflow/.local/lib/python3.6/site-packages/airflow/example_dags/tutorial.py
[2021-07-12 21:07:36,779] {scheduler_job.py:643} INFO - DAG(s) dict_keys(['tutorial']) retrieved from /home/airflow/.local/lib/python3.6/site-packages/airflow/example_dags/tutorial.py
[2021-07-12 21:07:36,794] {logging_mixin.py:104} INFO - [2021-07-12 21:07:36,794] {dag.py:1833} INFO - Sync 1 DAGs
[2021-07-12 21:07:36,806] {logging_mixin.py:104} INFO - [2021-07-12 21:07:36,806] {dag.py:2306} INFO - Setting next_dagrun for tutorial to 2021-07-10 00:00:00+00:00
[2021-07-12 21:07:36,811] {scheduler_job.py:190} INFO - Processing /home/airflow/.local/lib/python3.6/site-packages/airflow/example_dags/tutorial.py took 0.041 seconds
[2021-07-12 21:08:07,091] {scheduler_job.py:182} INFO - Started process (PID=4496) to work on /home/airflow/.local/lib/python3.6/site-packages/airflow/example_dags/tutorial.py
[2021-07-12 21:08:07,092] {scheduler_job.py:633} INFO - Processing file /home/airflow/.local/lib/python3.6/site-packages/airflow/example_dags/tutorial.py for tasks to queue
[2021-07-12 21:08:07,092] {logging_mixin.py:104} INFO - [2021-07-12 21:08:07,092] {dagbag.py:496} INFO - Filling up the DagBag from /home/airflow/.local/lib/python3.6/site-packages/airflow/example_dags/tutorial.py
[2021-07-12 21:08:07,098] {scheduler_job.py:643} INFO - DAG(s) dict_keys(['tutorial']) retrieved from /home/airflow/.local/lib/python3.6/site-packages/airflow/example_dags/tutorial.py
[2021-07-12 21:08:07,110] {logging_mixin.py:104} INFO - [2021-07-12 21:08:07,110] {dag.py:1833} INFO - Sync 1 DAGs
[2021-07-12 21:08:07,119] {logging_mixin.py:104} INFO - [2021-07-12 21:08:07,118] {dag.py:2306} INFO - Setting next_dagrun for tutorial to 2021-07-10 00:00:00+00:00
[2021-07-12 21:08:07,123] {scheduler_job.py:190} INFO - Processing /home/airflow/.local/lib/python3.6/site-packages/airflow/example_dags/tutorial.py took 0.033 seconds
[2021-07-12 21:08:38,135] {scheduler_job.py:182} INFO - Started process (PID=4558) to work on /home/airflow/.local/lib/python3.6/site-packages/airflow/example_dags/tutorial.py
[2021-07-12 21:08:38,135] {scheduler_job.py:633} INFO - Processing file /home/airflow/.local/lib/python3.6/site-packages/airflow/example_dags/tutorial.py for tasks to queue
[2021-07-12 21:08:38,135] {logging_mixin.py:104} INFO - [2021-07-12 21:08:38,135] {dagbag.py:496} INFO - Filling up the DagBag from /home/airflow/.local/lib/python3.6/site-packages/airflow/example_dags/tutorial.py
[2021-07-12 21:08:38,142] {scheduler_job.py:643} INFO - DAG(s) dict_keys(['tutorial']) retrieved from /home/airflow/.local/lib/python3.6/site-packages/airflow/example_dags/tutorial.py
[2021-07-12 21:08:38,153] {logging_mixin.py:104} INFO - [2021-07-12 21:08:38,153] {dag.py:1833} INFO - Sync 1 DAGs
[2021-07-12 21:08:38,163] {logging_mixin.py:104} INFO - [2021-07-12 21:08:38,163] {dag.py:2306} INFO - Setting next_dagrun for tutorial to 2021-07-10 00:00:00+00:00
[2021-07-12 21:08:38,169] {scheduler_job.py:190} INFO - Processing /home/airflow/.local/lib/python3.6/site-packages/airflow/example_dags/tutorial.py took 0.036 seconds
