[2021-07-12 20:30:03,489] {scheduler_job.py:182} INFO - Started process (PID=30) to work on /home/airflow/.local/lib/python3.6/site-packages/airflow/example_dags/tutorial_taskflow_api_etl.py
[2021-07-12 20:30:03,490] {scheduler_job.py:633} INFO - Processing file /home/airflow/.local/lib/python3.6/site-packages/airflow/example_dags/tutorial_taskflow_api_etl.py for tasks to queue
[2021-07-12 20:30:03,490] {logging_mixin.py:104} INFO - [2021-07-12 20:30:03,490] {dagbag.py:496} INFO - Filling up the DagBag from /home/airflow/.local/lib/python3.6/site-packages/airflow/example_dags/tutorial_taskflow_api_etl.py
[2021-07-12 20:30:03,503] {scheduler_job.py:643} INFO - DAG(s) dict_keys(['tutorial_taskflow_api_etl']) retrieved from /home/airflow/.local/lib/python3.6/site-packages/airflow/example_dags/tutorial_taskflow_api_etl.py
[2021-07-12 20:30:03,687] {logging_mixin.py:104} INFO - [2021-07-12 20:30:03,687] {dag.py:1833} INFO - Sync 1 DAGs
[2021-07-12 20:30:03,699] {logging_mixin.py:104} INFO - [2021-07-12 20:30:03,699] {dag.py:2306} INFO - Setting next_dagrun for tutorial_taskflow_api_etl to None
[2021-07-12 20:30:03,707] {scheduler_job.py:190} INFO - Processing /home/airflow/.local/lib/python3.6/site-packages/airflow/example_dags/tutorial_taskflow_api_etl.py took 0.219 seconds
[2021-07-12 20:30:34,473] {scheduler_job.py:182} INFO - Started process (PID=92) to work on /home/airflow/.local/lib/python3.6/site-packages/airflow/example_dags/tutorial_taskflow_api_etl.py
[2021-07-12 20:30:34,474] {scheduler_job.py:633} INFO - Processing file /home/airflow/.local/lib/python3.6/site-packages/airflow/example_dags/tutorial_taskflow_api_etl.py for tasks to queue
[2021-07-12 20:30:34,475] {logging_mixin.py:104} INFO - [2021-07-12 20:30:34,474] {dagbag.py:496} INFO - Filling up the DagBag from /home/airflow/.local/lib/python3.6/site-packages/airflow/example_dags/tutorial_taskflow_api_etl.py
[2021-07-12 20:30:34,483] {scheduler_job.py:643} INFO - DAG(s) dict_keys(['tutorial_taskflow_api_etl']) retrieved from /home/airflow/.local/lib/python3.6/site-packages/airflow/example_dags/tutorial_taskflow_api_etl.py
[2021-07-12 20:30:34,610] {logging_mixin.py:104} INFO - [2021-07-12 20:30:34,610] {dag.py:1833} INFO - Sync 1 DAGs
[2021-07-12 20:30:34,619] {logging_mixin.py:104} INFO - [2021-07-12 20:30:34,619] {dag.py:2306} INFO - Setting next_dagrun for tutorial_taskflow_api_etl to None
[2021-07-12 20:30:34,624] {scheduler_job.py:190} INFO - Processing /home/airflow/.local/lib/python3.6/site-packages/airflow/example_dags/tutorial_taskflow_api_etl.py took 0.153 seconds
[2021-07-12 20:31:04,716] {scheduler_job.py:182} INFO - Started process (PID=154) to work on /home/airflow/.local/lib/python3.6/site-packages/airflow/example_dags/tutorial_taskflow_api_etl.py
[2021-07-12 20:31:04,716] {scheduler_job.py:633} INFO - Processing file /home/airflow/.local/lib/python3.6/site-packages/airflow/example_dags/tutorial_taskflow_api_etl.py for tasks to queue
[2021-07-12 20:31:04,717] {logging_mixin.py:104} INFO - [2021-07-12 20:31:04,717] {dagbag.py:496} INFO - Filling up the DagBag from /home/airflow/.local/lib/python3.6/site-packages/airflow/example_dags/tutorial_taskflow_api_etl.py
[2021-07-12 20:31:04,725] {scheduler_job.py:643} INFO - DAG(s) dict_keys(['tutorial_taskflow_api_etl']) retrieved from /home/airflow/.local/lib/python3.6/site-packages/airflow/example_dags/tutorial_taskflow_api_etl.py
[2021-07-12 20:31:04,857] {logging_mixin.py:104} INFO - [2021-07-12 20:31:04,857] {dag.py:1833} INFO - Sync 1 DAGs
[2021-07-12 20:31:04,864] {logging_mixin.py:104} INFO - [2021-07-12 20:31:04,864] {dag.py:2306} INFO - Setting next_dagrun for tutorial_taskflow_api_etl to None
[2021-07-12 20:31:04,869] {scheduler_job.py:190} INFO - Processing /home/airflow/.local/lib/python3.6/site-packages/airflow/example_dags/tutorial_taskflow_api_etl.py took 0.155 seconds
[2021-07-12 20:31:34,973] {scheduler_job.py:182} INFO - Started process (PID=207) to work on /home/airflow/.local/lib/python3.6/site-packages/airflow/example_dags/tutorial_taskflow_api_etl.py
[2021-07-12 20:31:34,973] {scheduler_job.py:633} INFO - Processing file /home/airflow/.local/lib/python3.6/site-packages/airflow/example_dags/tutorial_taskflow_api_etl.py for tasks to queue
[2021-07-12 20:31:34,974] {logging_mixin.py:104} INFO - [2021-07-12 20:31:34,974] {dagbag.py:496} INFO - Filling up the DagBag from /home/airflow/.local/lib/python3.6/site-packages/airflow/example_dags/tutorial_taskflow_api_etl.py
[2021-07-12 20:31:34,984] {scheduler_job.py:643} INFO - DAG(s) dict_keys(['tutorial_taskflow_api_etl']) retrieved from /home/airflow/.local/lib/python3.6/site-packages/airflow/example_dags/tutorial_taskflow_api_etl.py
[2021-07-12 20:31:35,106] {logging_mixin.py:104} INFO - [2021-07-12 20:31:35,106] {dag.py:1833} INFO - Sync 1 DAGs
[2021-07-12 20:31:35,114] {logging_mixin.py:104} INFO - [2021-07-12 20:31:35,114] {dag.py:2306} INFO - Setting next_dagrun for tutorial_taskflow_api_etl to None
[2021-07-12 20:31:35,119] {scheduler_job.py:190} INFO - Processing /home/airflow/.local/lib/python3.6/site-packages/airflow/example_dags/tutorial_taskflow_api_etl.py took 0.148 seconds
[2021-07-12 20:32:05,925] {scheduler_job.py:182} INFO - Started process (PID=268) to work on /home/airflow/.local/lib/python3.6/site-packages/airflow/example_dags/tutorial_taskflow_api_etl.py
[2021-07-12 20:32:05,926] {scheduler_job.py:633} INFO - Processing file /home/airflow/.local/lib/python3.6/site-packages/airflow/example_dags/tutorial_taskflow_api_etl.py for tasks to queue
[2021-07-12 20:32:05,926] {logging_mixin.py:104} INFO - [2021-07-12 20:32:05,926] {dagbag.py:496} INFO - Filling up the DagBag from /home/airflow/.local/lib/python3.6/site-packages/airflow/example_dags/tutorial_taskflow_api_etl.py
[2021-07-12 20:32:05,943] {scheduler_job.py:643} INFO - DAG(s) dict_keys(['tutorial_taskflow_api_etl']) retrieved from /home/airflow/.local/lib/python3.6/site-packages/airflow/example_dags/tutorial_taskflow_api_etl.py
[2021-07-12 20:32:06,071] {logging_mixin.py:104} INFO - [2021-07-12 20:32:06,071] {dag.py:1833} INFO - Sync 1 DAGs
[2021-07-12 20:32:06,080] {logging_mixin.py:104} INFO - [2021-07-12 20:32:06,080] {dag.py:2306} INFO - Setting next_dagrun for tutorial_taskflow_api_etl to None
[2021-07-12 20:32:06,086] {scheduler_job.py:190} INFO - Processing /home/airflow/.local/lib/python3.6/site-packages/airflow/example_dags/tutorial_taskflow_api_etl.py took 0.162 seconds
[2021-07-12 20:32:37,024] {scheduler_job.py:182} INFO - Started process (PID=329) to work on /home/airflow/.local/lib/python3.6/site-packages/airflow/example_dags/tutorial_taskflow_api_etl.py
[2021-07-12 20:32:37,024] {scheduler_job.py:633} INFO - Processing file /home/airflow/.local/lib/python3.6/site-packages/airflow/example_dags/tutorial_taskflow_api_etl.py for tasks to queue
[2021-07-12 20:32:37,025] {logging_mixin.py:104} INFO - [2021-07-12 20:32:37,025] {dagbag.py:496} INFO - Filling up the DagBag from /home/airflow/.local/lib/python3.6/site-packages/airflow/example_dags/tutorial_taskflow_api_etl.py
[2021-07-12 20:32:37,034] {scheduler_job.py:643} INFO - DAG(s) dict_keys(['tutorial_taskflow_api_etl']) retrieved from /home/airflow/.local/lib/python3.6/site-packages/airflow/example_dags/tutorial_taskflow_api_etl.py
[2021-07-12 20:32:37,158] {logging_mixin.py:104} INFO - [2021-07-12 20:32:37,158] {dag.py:1833} INFO - Sync 1 DAGs
[2021-07-12 20:32:37,167] {logging_mixin.py:104} INFO - [2021-07-12 20:32:37,167] {dag.py:2306} INFO - Setting next_dagrun for tutorial_taskflow_api_etl to None
[2021-07-12 20:32:37,212] {scheduler_job.py:190} INFO - Processing /home/airflow/.local/lib/python3.6/site-packages/airflow/example_dags/tutorial_taskflow_api_etl.py took 0.191 seconds
[2021-07-12 20:33:07,371] {scheduler_job.py:182} INFO - Started process (PID=390) to work on /home/airflow/.local/lib/python3.6/site-packages/airflow/example_dags/tutorial_taskflow_api_etl.py
[2021-07-12 20:33:07,372] {scheduler_job.py:633} INFO - Processing file /home/airflow/.local/lib/python3.6/site-packages/airflow/example_dags/tutorial_taskflow_api_etl.py for tasks to queue
[2021-07-12 20:33:07,372] {logging_mixin.py:104} INFO - [2021-07-12 20:33:07,372] {dagbag.py:496} INFO - Filling up the DagBag from /home/airflow/.local/lib/python3.6/site-packages/airflow/example_dags/tutorial_taskflow_api_etl.py
[2021-07-12 20:33:07,383] {scheduler_job.py:643} INFO - DAG(s) dict_keys(['tutorial_taskflow_api_etl']) retrieved from /home/airflow/.local/lib/python3.6/site-packages/airflow/example_dags/tutorial_taskflow_api_etl.py
[2021-07-12 20:33:07,518] {logging_mixin.py:104} INFO - [2021-07-12 20:33:07,518] {dag.py:1833} INFO - Sync 1 DAGs
[2021-07-12 20:33:07,526] {logging_mixin.py:104} INFO - [2021-07-12 20:33:07,526] {dag.py:2306} INFO - Setting next_dagrun for tutorial_taskflow_api_etl to None
[2021-07-12 20:33:07,531] {scheduler_job.py:190} INFO - Processing /home/airflow/.local/lib/python3.6/site-packages/airflow/example_dags/tutorial_taskflow_api_etl.py took 0.162 seconds
[2021-07-12 20:33:37,664] {scheduler_job.py:182} INFO - Started process (PID=440) to work on /home/airflow/.local/lib/python3.6/site-packages/airflow/example_dags/tutorial_taskflow_api_etl.py
[2021-07-12 20:33:37,665] {scheduler_job.py:633} INFO - Processing file /home/airflow/.local/lib/python3.6/site-packages/airflow/example_dags/tutorial_taskflow_api_etl.py for tasks to queue
[2021-07-12 20:33:37,665] {logging_mixin.py:104} INFO - [2021-07-12 20:33:37,665] {dagbag.py:496} INFO - Filling up the DagBag from /home/airflow/.local/lib/python3.6/site-packages/airflow/example_dags/tutorial_taskflow_api_etl.py
[2021-07-12 20:33:37,675] {scheduler_job.py:643} INFO - DAG(s) dict_keys(['tutorial_taskflow_api_etl']) retrieved from /home/airflow/.local/lib/python3.6/site-packages/airflow/example_dags/tutorial_taskflow_api_etl.py
[2021-07-12 20:33:37,816] {logging_mixin.py:104} INFO - [2021-07-12 20:33:37,816] {dag.py:1833} INFO - Sync 1 DAGs
[2021-07-12 20:33:37,824] {logging_mixin.py:104} INFO - [2021-07-12 20:33:37,824] {dag.py:2306} INFO - Setting next_dagrun for tutorial_taskflow_api_etl to None
[2021-07-12 20:33:37,831] {scheduler_job.py:190} INFO - Processing /home/airflow/.local/lib/python3.6/site-packages/airflow/example_dags/tutorial_taskflow_api_etl.py took 0.170 seconds
[2021-07-12 20:34:07,853] {scheduler_job.py:182} INFO - Started process (PID=502) to work on /home/airflow/.local/lib/python3.6/site-packages/airflow/example_dags/tutorial_taskflow_api_etl.py
[2021-07-12 20:34:07,854] {scheduler_job.py:633} INFO - Processing file /home/airflow/.local/lib/python3.6/site-packages/airflow/example_dags/tutorial_taskflow_api_etl.py for tasks to queue
[2021-07-12 20:34:07,854] {logging_mixin.py:104} INFO - [2021-07-12 20:34:07,854] {dagbag.py:496} INFO - Filling up the DagBag from /home/airflow/.local/lib/python3.6/site-packages/airflow/example_dags/tutorial_taskflow_api_etl.py
[2021-07-12 20:34:07,866] {scheduler_job.py:643} INFO - DAG(s) dict_keys(['tutorial_taskflow_api_etl']) retrieved from /home/airflow/.local/lib/python3.6/site-packages/airflow/example_dags/tutorial_taskflow_api_etl.py
[2021-07-12 20:34:07,992] {logging_mixin.py:104} INFO - [2021-07-12 20:34:07,992] {dag.py:1833} INFO - Sync 1 DAGs
[2021-07-12 20:34:08,000] {logging_mixin.py:104} INFO - [2021-07-12 20:34:08,000] {dag.py:2306} INFO - Setting next_dagrun for tutorial_taskflow_api_etl to None
[2021-07-12 20:34:08,008] {scheduler_job.py:190} INFO - Processing /home/airflow/.local/lib/python3.6/site-packages/airflow/example_dags/tutorial_taskflow_api_etl.py took 0.157 seconds
[2021-07-12 20:34:38,881] {scheduler_job.py:182} INFO - Started process (PID=566) to work on /home/airflow/.local/lib/python3.6/site-packages/airflow/example_dags/tutorial_taskflow_api_etl.py
[2021-07-12 20:34:38,881] {scheduler_job.py:633} INFO - Processing file /home/airflow/.local/lib/python3.6/site-packages/airflow/example_dags/tutorial_taskflow_api_etl.py for tasks to queue
[2021-07-12 20:34:38,882] {logging_mixin.py:104} INFO - [2021-07-12 20:34:38,882] {dagbag.py:496} INFO - Filling up the DagBag from /home/airflow/.local/lib/python3.6/site-packages/airflow/example_dags/tutorial_taskflow_api_etl.py
[2021-07-12 20:34:38,894] {scheduler_job.py:643} INFO - DAG(s) dict_keys(['tutorial_taskflow_api_etl']) retrieved from /home/airflow/.local/lib/python3.6/site-packages/airflow/example_dags/tutorial_taskflow_api_etl.py
[2021-07-12 20:34:39,019] {logging_mixin.py:104} INFO - [2021-07-12 20:34:39,019] {dag.py:1833} INFO - Sync 1 DAGs
[2021-07-12 20:34:39,028] {logging_mixin.py:104} INFO - [2021-07-12 20:34:39,028] {dag.py:2306} INFO - Setting next_dagrun for tutorial_taskflow_api_etl to None
[2021-07-12 20:34:39,033] {scheduler_job.py:190} INFO - Processing /home/airflow/.local/lib/python3.6/site-packages/airflow/example_dags/tutorial_taskflow_api_etl.py took 0.155 seconds
[2021-07-12 20:35:09,074] {scheduler_job.py:182} INFO - Started process (PID=617) to work on /home/airflow/.local/lib/python3.6/site-packages/airflow/example_dags/tutorial_taskflow_api_etl.py
[2021-07-12 20:35:09,074] {scheduler_job.py:633} INFO - Processing file /home/airflow/.local/lib/python3.6/site-packages/airflow/example_dags/tutorial_taskflow_api_etl.py for tasks to queue
[2021-07-12 20:35:09,075] {logging_mixin.py:104} INFO - [2021-07-12 20:35:09,075] {dagbag.py:496} INFO - Filling up the DagBag from /home/airflow/.local/lib/python3.6/site-packages/airflow/example_dags/tutorial_taskflow_api_etl.py
[2021-07-12 20:35:09,083] {scheduler_job.py:643} INFO - DAG(s) dict_keys(['tutorial_taskflow_api_etl']) retrieved from /home/airflow/.local/lib/python3.6/site-packages/airflow/example_dags/tutorial_taskflow_api_etl.py
[2021-07-12 20:35:09,207] {logging_mixin.py:104} INFO - [2021-07-12 20:35:09,207] {dag.py:1833} INFO - Sync 1 DAGs
[2021-07-12 20:35:09,215] {logging_mixin.py:104} INFO - [2021-07-12 20:35:09,215] {dag.py:2306} INFO - Setting next_dagrun for tutorial_taskflow_api_etl to None
[2021-07-12 20:35:09,221] {scheduler_job.py:190} INFO - Processing /home/airflow/.local/lib/python3.6/site-packages/airflow/example_dags/tutorial_taskflow_api_etl.py took 0.149 seconds
[2021-07-12 20:35:39,401] {scheduler_job.py:182} INFO - Started process (PID=680) to work on /home/airflow/.local/lib/python3.6/site-packages/airflow/example_dags/tutorial_taskflow_api_etl.py
[2021-07-12 20:35:39,402] {scheduler_job.py:633} INFO - Processing file /home/airflow/.local/lib/python3.6/site-packages/airflow/example_dags/tutorial_taskflow_api_etl.py for tasks to queue
[2021-07-12 20:35:39,403] {logging_mixin.py:104} INFO - [2021-07-12 20:35:39,403] {dagbag.py:496} INFO - Filling up the DagBag from /home/airflow/.local/lib/python3.6/site-packages/airflow/example_dags/tutorial_taskflow_api_etl.py
[2021-07-12 20:35:39,415] {scheduler_job.py:643} INFO - DAG(s) dict_keys(['tutorial_taskflow_api_etl']) retrieved from /home/airflow/.local/lib/python3.6/site-packages/airflow/example_dags/tutorial_taskflow_api_etl.py
[2021-07-12 20:35:39,551] {logging_mixin.py:104} INFO - [2021-07-12 20:35:39,551] {dag.py:1833} INFO - Sync 1 DAGs
[2021-07-12 20:35:39,560] {logging_mixin.py:104} INFO - [2021-07-12 20:35:39,560] {dag.py:2306} INFO - Setting next_dagrun for tutorial_taskflow_api_etl to None
[2021-07-12 20:35:39,566] {scheduler_job.py:190} INFO - Processing /home/airflow/.local/lib/python3.6/site-packages/airflow/example_dags/tutorial_taskflow_api_etl.py took 0.168 seconds
[2021-07-12 20:36:09,729] {scheduler_job.py:182} INFO - Started process (PID=747) to work on /home/airflow/.local/lib/python3.6/site-packages/airflow/example_dags/tutorial_taskflow_api_etl.py
[2021-07-12 20:36:09,730] {scheduler_job.py:633} INFO - Processing file /home/airflow/.local/lib/python3.6/site-packages/airflow/example_dags/tutorial_taskflow_api_etl.py for tasks to queue
[2021-07-12 20:36:09,730] {logging_mixin.py:104} INFO - [2021-07-12 20:36:09,730] {dagbag.py:496} INFO - Filling up the DagBag from /home/airflow/.local/lib/python3.6/site-packages/airflow/example_dags/tutorial_taskflow_api_etl.py
[2021-07-12 20:36:09,739] {scheduler_job.py:643} INFO - DAG(s) dict_keys(['tutorial_taskflow_api_etl']) retrieved from /home/airflow/.local/lib/python3.6/site-packages/airflow/example_dags/tutorial_taskflow_api_etl.py
[2021-07-12 20:36:09,881] {logging_mixin.py:104} INFO - [2021-07-12 20:36:09,881] {dag.py:1833} INFO - Sync 1 DAGs
[2021-07-12 20:36:09,888] {logging_mixin.py:104} INFO - [2021-07-12 20:36:09,888] {dag.py:2306} INFO - Setting next_dagrun for tutorial_taskflow_api_etl to None
[2021-07-12 20:36:09,895] {scheduler_job.py:190} INFO - Processing /home/airflow/.local/lib/python3.6/site-packages/airflow/example_dags/tutorial_taskflow_api_etl.py took 0.167 seconds
[2021-07-12 20:36:39,955] {scheduler_job.py:182} INFO - Started process (PID=810) to work on /home/airflow/.local/lib/python3.6/site-packages/airflow/example_dags/tutorial_taskflow_api_etl.py
[2021-07-12 20:36:39,956] {scheduler_job.py:633} INFO - Processing file /home/airflow/.local/lib/python3.6/site-packages/airflow/example_dags/tutorial_taskflow_api_etl.py for tasks to queue
[2021-07-12 20:36:39,957] {logging_mixin.py:104} INFO - [2021-07-12 20:36:39,956] {dagbag.py:496} INFO - Filling up the DagBag from /home/airflow/.local/lib/python3.6/site-packages/airflow/example_dags/tutorial_taskflow_api_etl.py
[2021-07-12 20:36:39,969] {scheduler_job.py:643} INFO - DAG(s) dict_keys(['tutorial_taskflow_api_etl']) retrieved from /home/airflow/.local/lib/python3.6/site-packages/airflow/example_dags/tutorial_taskflow_api_etl.py
[2021-07-12 20:36:40,106] {logging_mixin.py:104} INFO - [2021-07-12 20:36:40,106] {dag.py:1833} INFO - Sync 1 DAGs
[2021-07-12 20:36:40,113] {logging_mixin.py:104} INFO - [2021-07-12 20:36:40,113] {dag.py:2306} INFO - Setting next_dagrun for tutorial_taskflow_api_etl to None
[2021-07-12 20:36:40,119] {scheduler_job.py:190} INFO - Processing /home/airflow/.local/lib/python3.6/site-packages/airflow/example_dags/tutorial_taskflow_api_etl.py took 0.166 seconds
[2021-07-12 20:37:10,285] {scheduler_job.py:182} INFO - Started process (PID=862) to work on /home/airflow/.local/lib/python3.6/site-packages/airflow/example_dags/tutorial_taskflow_api_etl.py
[2021-07-12 20:37:10,286] {scheduler_job.py:633} INFO - Processing file /home/airflow/.local/lib/python3.6/site-packages/airflow/example_dags/tutorial_taskflow_api_etl.py for tasks to queue
[2021-07-12 20:37:10,286] {logging_mixin.py:104} INFO - [2021-07-12 20:37:10,286] {dagbag.py:496} INFO - Filling up the DagBag from /home/airflow/.local/lib/python3.6/site-packages/airflow/example_dags/tutorial_taskflow_api_etl.py
[2021-07-12 20:37:10,298] {scheduler_job.py:643} INFO - DAG(s) dict_keys(['tutorial_taskflow_api_etl']) retrieved from /home/airflow/.local/lib/python3.6/site-packages/airflow/example_dags/tutorial_taskflow_api_etl.py
[2021-07-12 20:37:10,313] {logging_mixin.py:104} INFO - [2021-07-12 20:37:10,313] {dag.py:1833} INFO - Sync 1 DAGs
[2021-07-12 20:37:10,334] {logging_mixin.py:104} INFO - [2021-07-12 20:37:10,334] {dag.py:2306} INFO - Setting next_dagrun for tutorial_taskflow_api_etl to None
[2021-07-12 20:37:10,354] {scheduler_job.py:190} INFO - Processing /home/airflow/.local/lib/python3.6/site-packages/airflow/example_dags/tutorial_taskflow_api_etl.py took 0.070 seconds
[2021-07-12 20:37:40,405] {scheduler_job.py:182} INFO - Started process (PID=920) to work on /home/airflow/.local/lib/python3.6/site-packages/airflow/example_dags/tutorial_taskflow_api_etl.py
[2021-07-12 20:37:40,406] {scheduler_job.py:633} INFO - Processing file /home/airflow/.local/lib/python3.6/site-packages/airflow/example_dags/tutorial_taskflow_api_etl.py for tasks to queue
[2021-07-12 20:37:40,407] {logging_mixin.py:104} INFO - [2021-07-12 20:37:40,407] {dagbag.py:496} INFO - Filling up the DagBag from /home/airflow/.local/lib/python3.6/site-packages/airflow/example_dags/tutorial_taskflow_api_etl.py
[2021-07-12 20:37:40,415] {scheduler_job.py:643} INFO - DAG(s) dict_keys(['tutorial_taskflow_api_etl']) retrieved from /home/airflow/.local/lib/python3.6/site-packages/airflow/example_dags/tutorial_taskflow_api_etl.py
[2021-07-12 20:37:40,538] {logging_mixin.py:104} INFO - [2021-07-12 20:37:40,538] {dag.py:1833} INFO - Sync 1 DAGs
[2021-07-12 20:37:40,545] {logging_mixin.py:104} INFO - [2021-07-12 20:37:40,545] {dag.py:2306} INFO - Setting next_dagrun for tutorial_taskflow_api_etl to None
[2021-07-12 20:37:40,590] {scheduler_job.py:190} INFO - Processing /home/airflow/.local/lib/python3.6/site-packages/airflow/example_dags/tutorial_taskflow_api_etl.py took 0.188 seconds
[2021-07-12 20:38:10,722] {scheduler_job.py:182} INFO - Started process (PID=982) to work on /home/airflow/.local/lib/python3.6/site-packages/airflow/example_dags/tutorial_taskflow_api_etl.py
[2021-07-12 20:38:10,723] {scheduler_job.py:633} INFO - Processing file /home/airflow/.local/lib/python3.6/site-packages/airflow/example_dags/tutorial_taskflow_api_etl.py for tasks to queue
[2021-07-12 20:38:10,724] {logging_mixin.py:104} INFO - [2021-07-12 20:38:10,723] {dagbag.py:496} INFO - Filling up the DagBag from /home/airflow/.local/lib/python3.6/site-packages/airflow/example_dags/tutorial_taskflow_api_etl.py
[2021-07-12 20:38:10,736] {scheduler_job.py:643} INFO - DAG(s) dict_keys(['tutorial_taskflow_api_etl']) retrieved from /home/airflow/.local/lib/python3.6/site-packages/airflow/example_dags/tutorial_taskflow_api_etl.py
[2021-07-12 20:38:10,749] {logging_mixin.py:104} INFO - [2021-07-12 20:38:10,749] {dag.py:1833} INFO - Sync 1 DAGs
[2021-07-12 20:38:10,758] {logging_mixin.py:104} INFO - [2021-07-12 20:38:10,758] {dag.py:2306} INFO - Setting next_dagrun for tutorial_taskflow_api_etl to None
[2021-07-12 20:38:10,803] {scheduler_job.py:190} INFO - Processing /home/airflow/.local/lib/python3.6/site-packages/airflow/example_dags/tutorial_taskflow_api_etl.py took 0.083 seconds
[2021-07-12 20:38:40,841] {scheduler_job.py:182} INFO - Started process (PID=1033) to work on /home/airflow/.local/lib/python3.6/site-packages/airflow/example_dags/tutorial_taskflow_api_etl.py
[2021-07-12 20:38:40,842] {scheduler_job.py:633} INFO - Processing file /home/airflow/.local/lib/python3.6/site-packages/airflow/example_dags/tutorial_taskflow_api_etl.py for tasks to queue
[2021-07-12 20:38:40,842] {logging_mixin.py:104} INFO - [2021-07-12 20:38:40,842] {dagbag.py:496} INFO - Filling up the DagBag from /home/airflow/.local/lib/python3.6/site-packages/airflow/example_dags/tutorial_taskflow_api_etl.py
[2021-07-12 20:38:40,854] {scheduler_job.py:643} INFO - DAG(s) dict_keys(['tutorial_taskflow_api_etl']) retrieved from /home/airflow/.local/lib/python3.6/site-packages/airflow/example_dags/tutorial_taskflow_api_etl.py
[2021-07-12 20:38:41,001] {logging_mixin.py:104} INFO - [2021-07-12 20:38:41,001] {dag.py:1833} INFO - Sync 1 DAGs
[2021-07-12 20:38:41,013] {logging_mixin.py:104} INFO - [2021-07-12 20:38:41,013] {dag.py:2306} INFO - Setting next_dagrun for tutorial_taskflow_api_etl to None
[2021-07-12 20:38:41,058] {scheduler_job.py:190} INFO - Processing /home/airflow/.local/lib/python3.6/site-packages/airflow/example_dags/tutorial_taskflow_api_etl.py took 0.220 seconds
[2021-07-12 20:39:11,263] {scheduler_job.py:182} INFO - Started process (PID=1095) to work on /home/airflow/.local/lib/python3.6/site-packages/airflow/example_dags/tutorial_taskflow_api_etl.py
[2021-07-12 20:39:11,264] {scheduler_job.py:633} INFO - Processing file /home/airflow/.local/lib/python3.6/site-packages/airflow/example_dags/tutorial_taskflow_api_etl.py for tasks to queue
[2021-07-12 20:39:11,264] {logging_mixin.py:104} INFO - [2021-07-12 20:39:11,264] {dagbag.py:496} INFO - Filling up the DagBag from /home/airflow/.local/lib/python3.6/site-packages/airflow/example_dags/tutorial_taskflow_api_etl.py
[2021-07-12 20:39:11,274] {scheduler_job.py:643} INFO - DAG(s) dict_keys(['tutorial_taskflow_api_etl']) retrieved from /home/airflow/.local/lib/python3.6/site-packages/airflow/example_dags/tutorial_taskflow_api_etl.py
[2021-07-12 20:39:11,287] {logging_mixin.py:104} INFO - [2021-07-12 20:39:11,287] {dag.py:1833} INFO - Sync 1 DAGs
[2021-07-12 20:39:11,297] {logging_mixin.py:104} INFO - [2021-07-12 20:39:11,297] {dag.py:2306} INFO - Setting next_dagrun for tutorial_taskflow_api_etl to None
[2021-07-12 20:39:11,341] {scheduler_job.py:190} INFO - Processing /home/airflow/.local/lib/python3.6/site-packages/airflow/example_dags/tutorial_taskflow_api_etl.py took 0.080 seconds
[2021-07-12 20:39:41,471] {scheduler_job.py:182} INFO - Started process (PID=1158) to work on /home/airflow/.local/lib/python3.6/site-packages/airflow/example_dags/tutorial_taskflow_api_etl.py
[2021-07-12 20:39:41,472] {scheduler_job.py:633} INFO - Processing file /home/airflow/.local/lib/python3.6/site-packages/airflow/example_dags/tutorial_taskflow_api_etl.py for tasks to queue
[2021-07-12 20:39:41,472] {logging_mixin.py:104} INFO - [2021-07-12 20:39:41,472] {dagbag.py:496} INFO - Filling up the DagBag from /home/airflow/.local/lib/python3.6/site-packages/airflow/example_dags/tutorial_taskflow_api_etl.py
[2021-07-12 20:39:41,483] {scheduler_job.py:643} INFO - DAG(s) dict_keys(['tutorial_taskflow_api_etl']) retrieved from /home/airflow/.local/lib/python3.6/site-packages/airflow/example_dags/tutorial_taskflow_api_etl.py
[2021-07-12 20:39:41,499] {logging_mixin.py:104} INFO - [2021-07-12 20:39:41,499] {dag.py:1833} INFO - Sync 1 DAGs
[2021-07-12 20:39:41,508] {logging_mixin.py:104} INFO - [2021-07-12 20:39:41,508] {dag.py:2306} INFO - Setting next_dagrun for tutorial_taskflow_api_etl to None
[2021-07-12 20:39:41,552] {scheduler_job.py:190} INFO - Processing /home/airflow/.local/lib/python3.6/site-packages/airflow/example_dags/tutorial_taskflow_api_etl.py took 0.083 seconds
[2021-07-12 20:40:11,661] {scheduler_job.py:182} INFO - Started process (PID=1209) to work on /home/airflow/.local/lib/python3.6/site-packages/airflow/example_dags/tutorial_taskflow_api_etl.py
[2021-07-12 20:40:11,661] {scheduler_job.py:633} INFO - Processing file /home/airflow/.local/lib/python3.6/site-packages/airflow/example_dags/tutorial_taskflow_api_etl.py for tasks to queue
[2021-07-12 20:40:11,662] {logging_mixin.py:104} INFO - [2021-07-12 20:40:11,662] {dagbag.py:496} INFO - Filling up the DagBag from /home/airflow/.local/lib/python3.6/site-packages/airflow/example_dags/tutorial_taskflow_api_etl.py
[2021-07-12 20:40:11,674] {scheduler_job.py:643} INFO - DAG(s) dict_keys(['tutorial_taskflow_api_etl']) retrieved from /home/airflow/.local/lib/python3.6/site-packages/airflow/example_dags/tutorial_taskflow_api_etl.py
[2021-07-12 20:40:11,790] {logging_mixin.py:104} INFO - [2021-07-12 20:40:11,790] {dag.py:1833} INFO - Sync 1 DAGs
[2021-07-12 20:40:11,799] {logging_mixin.py:104} INFO - [2021-07-12 20:40:11,799] {dag.py:2306} INFO - Setting next_dagrun for tutorial_taskflow_api_etl to None
[2021-07-12 20:40:11,844] {scheduler_job.py:190} INFO - Processing /home/airflow/.local/lib/python3.6/site-packages/airflow/example_dags/tutorial_taskflow_api_etl.py took 0.186 seconds
[2021-07-12 20:40:42,124] {scheduler_job.py:182} INFO - Started process (PID=1272) to work on /home/airflow/.local/lib/python3.6/site-packages/airflow/example_dags/tutorial_taskflow_api_etl.py
[2021-07-12 20:40:42,125] {scheduler_job.py:633} INFO - Processing file /home/airflow/.local/lib/python3.6/site-packages/airflow/example_dags/tutorial_taskflow_api_etl.py for tasks to queue
[2021-07-12 20:40:42,125] {logging_mixin.py:104} INFO - [2021-07-12 20:40:42,125] {dagbag.py:496} INFO - Filling up the DagBag from /home/airflow/.local/lib/python3.6/site-packages/airflow/example_dags/tutorial_taskflow_api_etl.py
[2021-07-12 20:40:42,139] {scheduler_job.py:643} INFO - DAG(s) dict_keys(['tutorial_taskflow_api_etl']) retrieved from /home/airflow/.local/lib/python3.6/site-packages/airflow/example_dags/tutorial_taskflow_api_etl.py
[2021-07-12 20:40:42,262] {logging_mixin.py:104} INFO - [2021-07-12 20:40:42,262] {dag.py:1833} INFO - Sync 1 DAGs
[2021-07-12 20:40:42,270] {logging_mixin.py:104} INFO - [2021-07-12 20:40:42,270] {dag.py:2306} INFO - Setting next_dagrun for tutorial_taskflow_api_etl to None
[2021-07-12 20:40:42,314] {scheduler_job.py:190} INFO - Processing /home/airflow/.local/lib/python3.6/site-packages/airflow/example_dags/tutorial_taskflow_api_etl.py took 0.192 seconds
[2021-07-12 20:41:12,545] {scheduler_job.py:182} INFO - Started process (PID=1336) to work on /home/airflow/.local/lib/python3.6/site-packages/airflow/example_dags/tutorial_taskflow_api_etl.py
[2021-07-12 20:41:12,546] {scheduler_job.py:633} INFO - Processing file /home/airflow/.local/lib/python3.6/site-packages/airflow/example_dags/tutorial_taskflow_api_etl.py for tasks to queue
[2021-07-12 20:41:12,546] {logging_mixin.py:104} INFO - [2021-07-12 20:41:12,546] {dagbag.py:496} INFO - Filling up the DagBag from /home/airflow/.local/lib/python3.6/site-packages/airflow/example_dags/tutorial_taskflow_api_etl.py
[2021-07-12 20:41:12,557] {scheduler_job.py:643} INFO - DAG(s) dict_keys(['tutorial_taskflow_api_etl']) retrieved from /home/airflow/.local/lib/python3.6/site-packages/airflow/example_dags/tutorial_taskflow_api_etl.py
[2021-07-12 20:41:12,732] {logging_mixin.py:104} INFO - [2021-07-12 20:41:12,732] {dag.py:1833} INFO - Sync 1 DAGs
[2021-07-12 20:41:12,742] {logging_mixin.py:104} INFO - [2021-07-12 20:41:12,742] {dag.py:2306} INFO - Setting next_dagrun for tutorial_taskflow_api_etl to None
[2021-07-12 20:41:12,749] {scheduler_job.py:190} INFO - Processing /home/airflow/.local/lib/python3.6/site-packages/airflow/example_dags/tutorial_taskflow_api_etl.py took 0.206 seconds
[2021-07-12 20:41:42,954] {scheduler_job.py:182} INFO - Started process (PID=1399) to work on /home/airflow/.local/lib/python3.6/site-packages/airflow/example_dags/tutorial_taskflow_api_etl.py
[2021-07-12 20:41:42,955] {scheduler_job.py:633} INFO - Processing file /home/airflow/.local/lib/python3.6/site-packages/airflow/example_dags/tutorial_taskflow_api_etl.py for tasks to queue
[2021-07-12 20:41:42,955] {logging_mixin.py:104} INFO - [2021-07-12 20:41:42,955] {dagbag.py:496} INFO - Filling up the DagBag from /home/airflow/.local/lib/python3.6/site-packages/airflow/example_dags/tutorial_taskflow_api_etl.py
[2021-07-12 20:41:42,968] {scheduler_job.py:643} INFO - DAG(s) dict_keys(['tutorial_taskflow_api_etl']) retrieved from /home/airflow/.local/lib/python3.6/site-packages/airflow/example_dags/tutorial_taskflow_api_etl.py
[2021-07-12 20:41:43,096] {logging_mixin.py:104} INFO - [2021-07-12 20:41:43,096] {dag.py:1833} INFO - Sync 1 DAGs
[2021-07-12 20:41:43,105] {logging_mixin.py:104} INFO - [2021-07-12 20:41:43,105] {dag.py:2306} INFO - Setting next_dagrun for tutorial_taskflow_api_etl to None
[2021-07-12 20:41:43,112] {scheduler_job.py:190} INFO - Processing /home/airflow/.local/lib/python3.6/site-packages/airflow/example_dags/tutorial_taskflow_api_etl.py took 0.159 seconds
[2021-07-12 20:42:13,330] {scheduler_job.py:182} INFO - Started process (PID=1451) to work on /home/airflow/.local/lib/python3.6/site-packages/airflow/example_dags/tutorial_taskflow_api_etl.py
[2021-07-12 20:42:13,331] {scheduler_job.py:633} INFO - Processing file /home/airflow/.local/lib/python3.6/site-packages/airflow/example_dags/tutorial_taskflow_api_etl.py for tasks to queue
[2021-07-12 20:42:13,331] {logging_mixin.py:104} INFO - [2021-07-12 20:42:13,331] {dagbag.py:496} INFO - Filling up the DagBag from /home/airflow/.local/lib/python3.6/site-packages/airflow/example_dags/tutorial_taskflow_api_etl.py
[2021-07-12 20:42:13,344] {scheduler_job.py:643} INFO - DAG(s) dict_keys(['tutorial_taskflow_api_etl']) retrieved from /home/airflow/.local/lib/python3.6/site-packages/airflow/example_dags/tutorial_taskflow_api_etl.py
[2021-07-12 20:42:13,464] {logging_mixin.py:104} INFO - [2021-07-12 20:42:13,463] {dag.py:1833} INFO - Sync 1 DAGs
[2021-07-12 20:42:13,471] {logging_mixin.py:104} INFO - [2021-07-12 20:42:13,471] {dag.py:2306} INFO - Setting next_dagrun for tutorial_taskflow_api_etl to None
[2021-07-12 20:42:13,516] {scheduler_job.py:190} INFO - Processing /home/airflow/.local/lib/python3.6/site-packages/airflow/example_dags/tutorial_taskflow_api_etl.py took 0.188 seconds
[2021-07-12 20:42:44,469] {scheduler_job.py:182} INFO - Started process (PID=1512) to work on /home/airflow/.local/lib/python3.6/site-packages/airflow/example_dags/tutorial_taskflow_api_etl.py
[2021-07-12 20:42:44,470] {scheduler_job.py:633} INFO - Processing file /home/airflow/.local/lib/python3.6/site-packages/airflow/example_dags/tutorial_taskflow_api_etl.py for tasks to queue
[2021-07-12 20:42:44,471] {logging_mixin.py:104} INFO - [2021-07-12 20:42:44,471] {dagbag.py:496} INFO - Filling up the DagBag from /home/airflow/.local/lib/python3.6/site-packages/airflow/example_dags/tutorial_taskflow_api_etl.py
[2021-07-12 20:42:44,480] {scheduler_job.py:643} INFO - DAG(s) dict_keys(['tutorial_taskflow_api_etl']) retrieved from /home/airflow/.local/lib/python3.6/site-packages/airflow/example_dags/tutorial_taskflow_api_etl.py
[2021-07-12 20:42:44,598] {logging_mixin.py:104} INFO - [2021-07-12 20:42:44,598] {dag.py:1833} INFO - Sync 1 DAGs
[2021-07-12 20:42:44,605] {logging_mixin.py:104} INFO - [2021-07-12 20:42:44,605] {dag.py:2306} INFO - Setting next_dagrun for tutorial_taskflow_api_etl to None
[2021-07-12 20:42:44,621] {scheduler_job.py:190} INFO - Processing /home/airflow/.local/lib/python3.6/site-packages/airflow/example_dags/tutorial_taskflow_api_etl.py took 0.154 seconds
[2021-07-12 20:43:14,732] {scheduler_job.py:182} INFO - Started process (PID=1573) to work on /home/airflow/.local/lib/python3.6/site-packages/airflow/example_dags/tutorial_taskflow_api_etl.py
[2021-07-12 20:43:14,733] {scheduler_job.py:633} INFO - Processing file /home/airflow/.local/lib/python3.6/site-packages/airflow/example_dags/tutorial_taskflow_api_etl.py for tasks to queue
[2021-07-12 20:43:14,733] {logging_mixin.py:104} INFO - [2021-07-12 20:43:14,733] {dagbag.py:496} INFO - Filling up the DagBag from /home/airflow/.local/lib/python3.6/site-packages/airflow/example_dags/tutorial_taskflow_api_etl.py
[2021-07-12 20:43:14,744] {scheduler_job.py:643} INFO - DAG(s) dict_keys(['tutorial_taskflow_api_etl']) retrieved from /home/airflow/.local/lib/python3.6/site-packages/airflow/example_dags/tutorial_taskflow_api_etl.py
[2021-07-12 20:43:14,863] {logging_mixin.py:104} INFO - [2021-07-12 20:43:14,863] {dag.py:1833} INFO - Sync 1 DAGs
[2021-07-12 20:43:14,870] {logging_mixin.py:104} INFO - [2021-07-12 20:43:14,870] {dag.py:2306} INFO - Setting next_dagrun for tutorial_taskflow_api_etl to None
[2021-07-12 20:43:14,910] {scheduler_job.py:190} INFO - Processing /home/airflow/.local/lib/python3.6/site-packages/airflow/example_dags/tutorial_taskflow_api_etl.py took 0.180 seconds
[2021-07-12 20:43:45,148] {scheduler_job.py:182} INFO - Started process (PID=1634) to work on /home/airflow/.local/lib/python3.6/site-packages/airflow/example_dags/tutorial_taskflow_api_etl.py
[2021-07-12 20:43:45,149] {scheduler_job.py:633} INFO - Processing file /home/airflow/.local/lib/python3.6/site-packages/airflow/example_dags/tutorial_taskflow_api_etl.py for tasks to queue
[2021-07-12 20:43:45,150] {logging_mixin.py:104} INFO - [2021-07-12 20:43:45,150] {dagbag.py:496} INFO - Filling up the DagBag from /home/airflow/.local/lib/python3.6/site-packages/airflow/example_dags/tutorial_taskflow_api_etl.py
[2021-07-12 20:43:45,162] {scheduler_job.py:643} INFO - DAG(s) dict_keys(['tutorial_taskflow_api_etl']) retrieved from /home/airflow/.local/lib/python3.6/site-packages/airflow/example_dags/tutorial_taskflow_api_etl.py
[2021-07-12 20:43:45,289] {logging_mixin.py:104} INFO - [2021-07-12 20:43:45,289] {dag.py:1833} INFO - Sync 1 DAGs
[2021-07-12 20:43:45,297] {logging_mixin.py:104} INFO - [2021-07-12 20:43:45,296] {dag.py:2306} INFO - Setting next_dagrun for tutorial_taskflow_api_etl to None
[2021-07-12 20:43:45,303] {scheduler_job.py:190} INFO - Processing /home/airflow/.local/lib/python3.6/site-packages/airflow/example_dags/tutorial_taskflow_api_etl.py took 0.157 seconds
[2021-07-12 20:44:15,349] {scheduler_job.py:182} INFO - Started process (PID=1685) to work on /home/airflow/.local/lib/python3.6/site-packages/airflow/example_dags/tutorial_taskflow_api_etl.py
[2021-07-12 20:44:15,350] {scheduler_job.py:633} INFO - Processing file /home/airflow/.local/lib/python3.6/site-packages/airflow/example_dags/tutorial_taskflow_api_etl.py for tasks to queue
[2021-07-12 20:44:15,350] {logging_mixin.py:104} INFO - [2021-07-12 20:44:15,350] {dagbag.py:496} INFO - Filling up the DagBag from /home/airflow/.local/lib/python3.6/site-packages/airflow/example_dags/tutorial_taskflow_api_etl.py
[2021-07-12 20:44:15,360] {scheduler_job.py:643} INFO - DAG(s) dict_keys(['tutorial_taskflow_api_etl']) retrieved from /home/airflow/.local/lib/python3.6/site-packages/airflow/example_dags/tutorial_taskflow_api_etl.py
[2021-07-12 20:44:15,482] {logging_mixin.py:104} INFO - [2021-07-12 20:44:15,482] {dag.py:1833} INFO - Sync 1 DAGs
[2021-07-12 20:44:15,489] {logging_mixin.py:104} INFO - [2021-07-12 20:44:15,489] {dag.py:2306} INFO - Setting next_dagrun for tutorial_taskflow_api_etl to None
[2021-07-12 20:44:15,495] {scheduler_job.py:190} INFO - Processing /home/airflow/.local/lib/python3.6/site-packages/airflow/example_dags/tutorial_taskflow_api_etl.py took 0.148 seconds
[2021-07-12 20:44:45,623] {scheduler_job.py:182} INFO - Started process (PID=1746) to work on /home/airflow/.local/lib/python3.6/site-packages/airflow/example_dags/tutorial_taskflow_api_etl.py
[2021-07-12 20:44:45,624] {scheduler_job.py:633} INFO - Processing file /home/airflow/.local/lib/python3.6/site-packages/airflow/example_dags/tutorial_taskflow_api_etl.py for tasks to queue
[2021-07-12 20:44:45,624] {logging_mixin.py:104} INFO - [2021-07-12 20:44:45,624] {dagbag.py:496} INFO - Filling up the DagBag from /home/airflow/.local/lib/python3.6/site-packages/airflow/example_dags/tutorial_taskflow_api_etl.py
[2021-07-12 20:44:45,636] {scheduler_job.py:643} INFO - DAG(s) dict_keys(['tutorial_taskflow_api_etl']) retrieved from /home/airflow/.local/lib/python3.6/site-packages/airflow/example_dags/tutorial_taskflow_api_etl.py
[2021-07-12 20:44:45,746] {logging_mixin.py:104} INFO - [2021-07-12 20:44:45,745] {dag.py:1833} INFO - Sync 1 DAGs
[2021-07-12 20:44:45,753] {logging_mixin.py:104} INFO - [2021-07-12 20:44:45,753] {dag.py:2306} INFO - Setting next_dagrun for tutorial_taskflow_api_etl to None
[2021-07-12 20:44:45,758] {scheduler_job.py:190} INFO - Processing /home/airflow/.local/lib/python3.6/site-packages/airflow/example_dags/tutorial_taskflow_api_etl.py took 0.137 seconds
[2021-07-12 20:45:16,733] {scheduler_job.py:182} INFO - Started process (PID=1807) to work on /home/airflow/.local/lib/python3.6/site-packages/airflow/example_dags/tutorial_taskflow_api_etl.py
[2021-07-12 20:45:16,734] {scheduler_job.py:633} INFO - Processing file /home/airflow/.local/lib/python3.6/site-packages/airflow/example_dags/tutorial_taskflow_api_etl.py for tasks to queue
[2021-07-12 20:45:16,734] {logging_mixin.py:104} INFO - [2021-07-12 20:45:16,734] {dagbag.py:496} INFO - Filling up the DagBag from /home/airflow/.local/lib/python3.6/site-packages/airflow/example_dags/tutorial_taskflow_api_etl.py
[2021-07-12 20:45:16,745] {scheduler_job.py:643} INFO - DAG(s) dict_keys(['tutorial_taskflow_api_etl']) retrieved from /home/airflow/.local/lib/python3.6/site-packages/airflow/example_dags/tutorial_taskflow_api_etl.py
[2021-07-12 20:45:16,874] {logging_mixin.py:104} INFO - [2021-07-12 20:45:16,874] {dag.py:1833} INFO - Sync 1 DAGs
[2021-07-12 20:45:16,884] {logging_mixin.py:104} INFO - [2021-07-12 20:45:16,884] {dag.py:2306} INFO - Setting next_dagrun for tutorial_taskflow_api_etl to None
[2021-07-12 20:45:16,891] {scheduler_job.py:190} INFO - Processing /home/airflow/.local/lib/python3.6/site-packages/airflow/example_dags/tutorial_taskflow_api_etl.py took 0.160 seconds
[2021-07-12 20:45:47,014] {scheduler_job.py:182} INFO - Started process (PID=1858) to work on /home/airflow/.local/lib/python3.6/site-packages/airflow/example_dags/tutorial_taskflow_api_etl.py
[2021-07-12 20:45:47,014] {scheduler_job.py:633} INFO - Processing file /home/airflow/.local/lib/python3.6/site-packages/airflow/example_dags/tutorial_taskflow_api_etl.py for tasks to queue
[2021-07-12 20:45:47,015] {logging_mixin.py:104} INFO - [2021-07-12 20:45:47,014] {dagbag.py:496} INFO - Filling up the DagBag from /home/airflow/.local/lib/python3.6/site-packages/airflow/example_dags/tutorial_taskflow_api_etl.py
[2021-07-12 20:45:47,023] {scheduler_job.py:643} INFO - DAG(s) dict_keys(['tutorial_taskflow_api_etl']) retrieved from /home/airflow/.local/lib/python3.6/site-packages/airflow/example_dags/tutorial_taskflow_api_etl.py
[2021-07-12 20:45:47,147] {logging_mixin.py:104} INFO - [2021-07-12 20:45:47,147] {dag.py:1833} INFO - Sync 1 DAGs
[2021-07-12 20:45:47,155] {logging_mixin.py:104} INFO - [2021-07-12 20:45:47,155] {dag.py:2306} INFO - Setting next_dagrun for tutorial_taskflow_api_etl to None
[2021-07-12 20:45:47,160] {scheduler_job.py:190} INFO - Processing /home/airflow/.local/lib/python3.6/site-packages/airflow/example_dags/tutorial_taskflow_api_etl.py took 0.147 seconds
[2021-07-12 20:46:17,210] {scheduler_job.py:182} INFO - Started process (PID=1920) to work on /home/airflow/.local/lib/python3.6/site-packages/airflow/example_dags/tutorial_taskflow_api_etl.py
[2021-07-12 20:46:17,211] {scheduler_job.py:633} INFO - Processing file /home/airflow/.local/lib/python3.6/site-packages/airflow/example_dags/tutorial_taskflow_api_etl.py for tasks to queue
[2021-07-12 20:46:17,211] {logging_mixin.py:104} INFO - [2021-07-12 20:46:17,211] {dagbag.py:496} INFO - Filling up the DagBag from /home/airflow/.local/lib/python3.6/site-packages/airflow/example_dags/tutorial_taskflow_api_etl.py
[2021-07-12 20:46:17,219] {scheduler_job.py:643} INFO - DAG(s) dict_keys(['tutorial_taskflow_api_etl']) retrieved from /home/airflow/.local/lib/python3.6/site-packages/airflow/example_dags/tutorial_taskflow_api_etl.py
[2021-07-12 20:46:17,351] {logging_mixin.py:104} INFO - [2021-07-12 20:46:17,351] {dag.py:1833} INFO - Sync 1 DAGs
[2021-07-12 20:46:17,359] {logging_mixin.py:104} INFO - [2021-07-12 20:46:17,359] {dag.py:2306} INFO - Setting next_dagrun for tutorial_taskflow_api_etl to None
[2021-07-12 20:46:17,366] {scheduler_job.py:190} INFO - Processing /home/airflow/.local/lib/python3.6/site-packages/airflow/example_dags/tutorial_taskflow_api_etl.py took 0.158 seconds
[2021-07-12 20:46:47,532] {scheduler_job.py:182} INFO - Started process (PID=1981) to work on /home/airflow/.local/lib/python3.6/site-packages/airflow/example_dags/tutorial_taskflow_api_etl.py
[2021-07-12 20:46:47,533] {scheduler_job.py:633} INFO - Processing file /home/airflow/.local/lib/python3.6/site-packages/airflow/example_dags/tutorial_taskflow_api_etl.py for tasks to queue
[2021-07-12 20:46:47,533] {logging_mixin.py:104} INFO - [2021-07-12 20:46:47,533] {dagbag.py:496} INFO - Filling up the DagBag from /home/airflow/.local/lib/python3.6/site-packages/airflow/example_dags/tutorial_taskflow_api_etl.py
[2021-07-12 20:46:47,547] {scheduler_job.py:643} INFO - DAG(s) dict_keys(['tutorial_taskflow_api_etl']) retrieved from /home/airflow/.local/lib/python3.6/site-packages/airflow/example_dags/tutorial_taskflow_api_etl.py
[2021-07-12 20:46:47,676] {logging_mixin.py:104} INFO - [2021-07-12 20:46:47,676] {dag.py:1833} INFO - Sync 1 DAGs
[2021-07-12 20:46:47,684] {logging_mixin.py:104} INFO - [2021-07-12 20:46:47,684] {dag.py:2306} INFO - Setting next_dagrun for tutorial_taskflow_api_etl to None
[2021-07-12 20:46:47,690] {scheduler_job.py:190} INFO - Processing /home/airflow/.local/lib/python3.6/site-packages/airflow/example_dags/tutorial_taskflow_api_etl.py took 0.160 seconds
[2021-07-12 20:47:17,717] {scheduler_job.py:182} INFO - Started process (PID=2044) to work on /home/airflow/.local/lib/python3.6/site-packages/airflow/example_dags/tutorial_taskflow_api_etl.py
[2021-07-12 20:47:17,718] {scheduler_job.py:633} INFO - Processing file /home/airflow/.local/lib/python3.6/site-packages/airflow/example_dags/tutorial_taskflow_api_etl.py for tasks to queue
[2021-07-12 20:47:17,718] {logging_mixin.py:104} INFO - [2021-07-12 20:47:17,718] {dagbag.py:496} INFO - Filling up the DagBag from /home/airflow/.local/lib/python3.6/site-packages/airflow/example_dags/tutorial_taskflow_api_etl.py
[2021-07-12 20:47:17,728] {scheduler_job.py:643} INFO - DAG(s) dict_keys(['tutorial_taskflow_api_etl']) retrieved from /home/airflow/.local/lib/python3.6/site-packages/airflow/example_dags/tutorial_taskflow_api_etl.py
[2021-07-12 20:47:17,859] {logging_mixin.py:104} INFO - [2021-07-12 20:47:17,859] {dag.py:1833} INFO - Sync 1 DAGs
[2021-07-12 20:47:17,866] {logging_mixin.py:104} INFO - [2021-07-12 20:47:17,866] {dag.py:2306} INFO - Setting next_dagrun for tutorial_taskflow_api_etl to None
[2021-07-12 20:47:17,871] {scheduler_job.py:190} INFO - Processing /home/airflow/.local/lib/python3.6/site-packages/airflow/example_dags/tutorial_taskflow_api_etl.py took 0.156 seconds
[2021-07-12 20:47:48,820] {scheduler_job.py:182} INFO - Started process (PID=2096) to work on /home/airflow/.local/lib/python3.6/site-packages/airflow/example_dags/tutorial_taskflow_api_etl.py
[2021-07-12 20:47:48,820] {scheduler_job.py:633} INFO - Processing file /home/airflow/.local/lib/python3.6/site-packages/airflow/example_dags/tutorial_taskflow_api_etl.py for tasks to queue
[2021-07-12 20:47:48,821] {logging_mixin.py:104} INFO - [2021-07-12 20:47:48,821] {dagbag.py:496} INFO - Filling up the DagBag from /home/airflow/.local/lib/python3.6/site-packages/airflow/example_dags/tutorial_taskflow_api_etl.py
[2021-07-12 20:47:48,830] {scheduler_job.py:643} INFO - DAG(s) dict_keys(['tutorial_taskflow_api_etl']) retrieved from /home/airflow/.local/lib/python3.6/site-packages/airflow/example_dags/tutorial_taskflow_api_etl.py
[2021-07-12 20:47:48,950] {logging_mixin.py:104} INFO - [2021-07-12 20:47:48,950] {dag.py:1833} INFO - Sync 1 DAGs
[2021-07-12 20:47:48,959] {logging_mixin.py:104} INFO - [2021-07-12 20:47:48,959] {dag.py:2306} INFO - Setting next_dagrun for tutorial_taskflow_api_etl to None
[2021-07-12 20:47:49,003] {scheduler_job.py:190} INFO - Processing /home/airflow/.local/lib/python3.6/site-packages/airflow/example_dags/tutorial_taskflow_api_etl.py took 0.186 seconds
[2021-07-12 20:48:19,956] {scheduler_job.py:182} INFO - Started process (PID=2157) to work on /home/airflow/.local/lib/python3.6/site-packages/airflow/example_dags/tutorial_taskflow_api_etl.py
[2021-07-12 20:48:19,956] {scheduler_job.py:633} INFO - Processing file /home/airflow/.local/lib/python3.6/site-packages/airflow/example_dags/tutorial_taskflow_api_etl.py for tasks to queue
[2021-07-12 20:48:19,957] {logging_mixin.py:104} INFO - [2021-07-12 20:48:19,957] {dagbag.py:496} INFO - Filling up the DagBag from /home/airflow/.local/lib/python3.6/site-packages/airflow/example_dags/tutorial_taskflow_api_etl.py
[2021-07-12 20:48:19,969] {scheduler_job.py:643} INFO - DAG(s) dict_keys(['tutorial_taskflow_api_etl']) retrieved from /home/airflow/.local/lib/python3.6/site-packages/airflow/example_dags/tutorial_taskflow_api_etl.py
[2021-07-12 20:48:20,081] {logging_mixin.py:104} INFO - [2021-07-12 20:48:20,081] {dag.py:1833} INFO - Sync 1 DAGs
[2021-07-12 20:48:20,088] {logging_mixin.py:104} INFO - [2021-07-12 20:48:20,088] {dag.py:2306} INFO - Setting next_dagrun for tutorial_taskflow_api_etl to None
[2021-07-12 20:48:20,132] {scheduler_job.py:190} INFO - Processing /home/airflow/.local/lib/python3.6/site-packages/airflow/example_dags/tutorial_taskflow_api_etl.py took 0.179 seconds
[2021-07-12 20:48:50,175] {scheduler_job.py:182} INFO - Started process (PID=2220) to work on /home/airflow/.local/lib/python3.6/site-packages/airflow/example_dags/tutorial_taskflow_api_etl.py
[2021-07-12 20:48:50,176] {scheduler_job.py:633} INFO - Processing file /home/airflow/.local/lib/python3.6/site-packages/airflow/example_dags/tutorial_taskflow_api_etl.py for tasks to queue
[2021-07-12 20:48:50,176] {logging_mixin.py:104} INFO - [2021-07-12 20:48:50,176] {dagbag.py:496} INFO - Filling up the DagBag from /home/airflow/.local/lib/python3.6/site-packages/airflow/example_dags/tutorial_taskflow_api_etl.py
[2021-07-12 20:48:50,186] {scheduler_job.py:643} INFO - DAG(s) dict_keys(['tutorial_taskflow_api_etl']) retrieved from /home/airflow/.local/lib/python3.6/site-packages/airflow/example_dags/tutorial_taskflow_api_etl.py
[2021-07-12 20:48:50,306] {logging_mixin.py:104} INFO - [2021-07-12 20:48:50,306] {dag.py:1833} INFO - Sync 1 DAGs
[2021-07-12 20:48:50,313] {logging_mixin.py:104} INFO - [2021-07-12 20:48:50,313] {dag.py:2306} INFO - Setting next_dagrun for tutorial_taskflow_api_etl to None
[2021-07-12 20:48:50,358] {scheduler_job.py:190} INFO - Processing /home/airflow/.local/lib/python3.6/site-packages/airflow/example_dags/tutorial_taskflow_api_etl.py took 0.186 seconds
[2021-07-12 20:49:21,288] {scheduler_job.py:182} INFO - Started process (PID=2282) to work on /home/airflow/.local/lib/python3.6/site-packages/airflow/example_dags/tutorial_taskflow_api_etl.py
[2021-07-12 20:49:21,289] {scheduler_job.py:633} INFO - Processing file /home/airflow/.local/lib/python3.6/site-packages/airflow/example_dags/tutorial_taskflow_api_etl.py for tasks to queue
[2021-07-12 20:49:21,289] {logging_mixin.py:104} INFO - [2021-07-12 20:49:21,289] {dagbag.py:496} INFO - Filling up the DagBag from /home/airflow/.local/lib/python3.6/site-packages/airflow/example_dags/tutorial_taskflow_api_etl.py
[2021-07-12 20:49:21,299] {scheduler_job.py:643} INFO - DAG(s) dict_keys(['tutorial_taskflow_api_etl']) retrieved from /home/airflow/.local/lib/python3.6/site-packages/airflow/example_dags/tutorial_taskflow_api_etl.py
[2021-07-12 20:49:21,421] {logging_mixin.py:104} INFO - [2021-07-12 20:49:21,421] {dag.py:1833} INFO - Sync 1 DAGs
[2021-07-12 20:49:21,430] {logging_mixin.py:104} INFO - [2021-07-12 20:49:21,430] {dag.py:2306} INFO - Setting next_dagrun for tutorial_taskflow_api_etl to None
[2021-07-12 20:49:21,475] {scheduler_job.py:190} INFO - Processing /home/airflow/.local/lib/python3.6/site-packages/airflow/example_dags/tutorial_taskflow_api_etl.py took 0.191 seconds
[2021-07-12 20:49:51,614] {scheduler_job.py:182} INFO - Started process (PID=2333) to work on /home/airflow/.local/lib/python3.6/site-packages/airflow/example_dags/tutorial_taskflow_api_etl.py
[2021-07-12 20:49:51,614] {scheduler_job.py:633} INFO - Processing file /home/airflow/.local/lib/python3.6/site-packages/airflow/example_dags/tutorial_taskflow_api_etl.py for tasks to queue
[2021-07-12 20:49:51,615] {logging_mixin.py:104} INFO - [2021-07-12 20:49:51,615] {dagbag.py:496} INFO - Filling up the DagBag from /home/airflow/.local/lib/python3.6/site-packages/airflow/example_dags/tutorial_taskflow_api_etl.py
[2021-07-12 20:49:51,625] {scheduler_job.py:643} INFO - DAG(s) dict_keys(['tutorial_taskflow_api_etl']) retrieved from /home/airflow/.local/lib/python3.6/site-packages/airflow/example_dags/tutorial_taskflow_api_etl.py
[2021-07-12 20:49:51,738] {logging_mixin.py:104} INFO - [2021-07-12 20:49:51,738] {dag.py:1833} INFO - Sync 1 DAGs
[2021-07-12 20:49:51,746] {logging_mixin.py:104} INFO - [2021-07-12 20:49:51,746] {dag.py:2306} INFO - Setting next_dagrun for tutorial_taskflow_api_etl to None
[2021-07-12 20:49:51,789] {scheduler_job.py:190} INFO - Processing /home/airflow/.local/lib/python3.6/site-packages/airflow/example_dags/tutorial_taskflow_api_etl.py took 0.177 seconds
[2021-07-12 20:50:21,894] {scheduler_job.py:182} INFO - Started process (PID=2394) to work on /home/airflow/.local/lib/python3.6/site-packages/airflow/example_dags/tutorial_taskflow_api_etl.py
[2021-07-12 20:50:21,895] {scheduler_job.py:633} INFO - Processing file /home/airflow/.local/lib/python3.6/site-packages/airflow/example_dags/tutorial_taskflow_api_etl.py for tasks to queue
[2021-07-12 20:50:21,896] {logging_mixin.py:104} INFO - [2021-07-12 20:50:21,896] {dagbag.py:496} INFO - Filling up the DagBag from /home/airflow/.local/lib/python3.6/site-packages/airflow/example_dags/tutorial_taskflow_api_etl.py
[2021-07-12 20:50:21,905] {scheduler_job.py:643} INFO - DAG(s) dict_keys(['tutorial_taskflow_api_etl']) retrieved from /home/airflow/.local/lib/python3.6/site-packages/airflow/example_dags/tutorial_taskflow_api_etl.py
[2021-07-12 20:50:22,050] {logging_mixin.py:104} INFO - [2021-07-12 20:50:22,050] {dag.py:1833} INFO - Sync 1 DAGs
[2021-07-12 20:50:22,058] {logging_mixin.py:104} INFO - [2021-07-12 20:50:22,058] {dag.py:2306} INFO - Setting next_dagrun for tutorial_taskflow_api_etl to None
[2021-07-12 20:50:22,080] {scheduler_job.py:190} INFO - Processing /home/airflow/.local/lib/python3.6/site-packages/airflow/example_dags/tutorial_taskflow_api_etl.py took 0.189 seconds
[2021-07-12 20:50:52,207] {scheduler_job.py:182} INFO - Started process (PID=2459) to work on /home/airflow/.local/lib/python3.6/site-packages/airflow/example_dags/tutorial_taskflow_api_etl.py
[2021-07-12 20:50:52,208] {scheduler_job.py:633} INFO - Processing file /home/airflow/.local/lib/python3.6/site-packages/airflow/example_dags/tutorial_taskflow_api_etl.py for tasks to queue
[2021-07-12 20:50:52,208] {logging_mixin.py:104} INFO - [2021-07-12 20:50:52,208] {dagbag.py:496} INFO - Filling up the DagBag from /home/airflow/.local/lib/python3.6/site-packages/airflow/example_dags/tutorial_taskflow_api_etl.py
[2021-07-12 20:50:52,221] {scheduler_job.py:643} INFO - DAG(s) dict_keys(['tutorial_taskflow_api_etl']) retrieved from /home/airflow/.local/lib/python3.6/site-packages/airflow/example_dags/tutorial_taskflow_api_etl.py
[2021-07-12 20:50:52,345] {logging_mixin.py:104} INFO - [2021-07-12 20:50:52,345] {dag.py:1833} INFO - Sync 1 DAGs
[2021-07-12 20:50:52,354] {logging_mixin.py:104} INFO - [2021-07-12 20:50:52,354] {dag.py:2306} INFO - Setting next_dagrun for tutorial_taskflow_api_etl to None
[2021-07-12 20:50:52,360] {scheduler_job.py:190} INFO - Processing /home/airflow/.local/lib/python3.6/site-packages/airflow/example_dags/tutorial_taskflow_api_etl.py took 0.155 seconds
[2021-07-12 20:51:22,415] {scheduler_job.py:182} INFO - Started process (PID=2520) to work on /home/airflow/.local/lib/python3.6/site-packages/airflow/example_dags/tutorial_taskflow_api_etl.py
[2021-07-12 20:51:22,416] {scheduler_job.py:633} INFO - Processing file /home/airflow/.local/lib/python3.6/site-packages/airflow/example_dags/tutorial_taskflow_api_etl.py for tasks to queue
[2021-07-12 20:51:22,416] {logging_mixin.py:104} INFO - [2021-07-12 20:51:22,416] {dagbag.py:496} INFO - Filling up the DagBag from /home/airflow/.local/lib/python3.6/site-packages/airflow/example_dags/tutorial_taskflow_api_etl.py
[2021-07-12 20:51:22,424] {scheduler_job.py:643} INFO - DAG(s) dict_keys(['tutorial_taskflow_api_etl']) retrieved from /home/airflow/.local/lib/python3.6/site-packages/airflow/example_dags/tutorial_taskflow_api_etl.py
[2021-07-12 20:51:22,548] {logging_mixin.py:104} INFO - [2021-07-12 20:51:22,548] {dag.py:1833} INFO - Sync 1 DAGs
[2021-07-12 20:51:22,556] {logging_mixin.py:104} INFO - [2021-07-12 20:51:22,556] {dag.py:2306} INFO - Setting next_dagrun for tutorial_taskflow_api_etl to None
[2021-07-12 20:51:22,562] {scheduler_job.py:190} INFO - Processing /home/airflow/.local/lib/python3.6/site-packages/airflow/example_dags/tutorial_taskflow_api_etl.py took 0.148 seconds
[2021-07-12 20:51:52,737] {scheduler_job.py:182} INFO - Started process (PID=2572) to work on /home/airflow/.local/lib/python3.6/site-packages/airflow/example_dags/tutorial_taskflow_api_etl.py
[2021-07-12 20:51:52,738] {scheduler_job.py:633} INFO - Processing file /home/airflow/.local/lib/python3.6/site-packages/airflow/example_dags/tutorial_taskflow_api_etl.py for tasks to queue
[2021-07-12 20:51:52,738] {logging_mixin.py:104} INFO - [2021-07-12 20:51:52,738] {dagbag.py:496} INFO - Filling up the DagBag from /home/airflow/.local/lib/python3.6/site-packages/airflow/example_dags/tutorial_taskflow_api_etl.py
[2021-07-12 20:51:52,747] {scheduler_job.py:643} INFO - DAG(s) dict_keys(['tutorial_taskflow_api_etl']) retrieved from /home/airflow/.local/lib/python3.6/site-packages/airflow/example_dags/tutorial_taskflow_api_etl.py
[2021-07-12 20:51:52,869] {logging_mixin.py:104} INFO - [2021-07-12 20:51:52,869] {dag.py:1833} INFO - Sync 1 DAGs
[2021-07-12 20:51:52,877] {logging_mixin.py:104} INFO - [2021-07-12 20:51:52,877] {dag.py:2306} INFO - Setting next_dagrun for tutorial_taskflow_api_etl to None
[2021-07-12 20:51:52,921] {scheduler_job.py:190} INFO - Processing /home/airflow/.local/lib/python3.6/site-packages/airflow/example_dags/tutorial_taskflow_api_etl.py took 0.186 seconds
[2021-07-12 20:52:22,961] {scheduler_job.py:182} INFO - Started process (PID=2634) to work on /home/airflow/.local/lib/python3.6/site-packages/airflow/example_dags/tutorial_taskflow_api_etl.py
[2021-07-12 20:52:22,963] {scheduler_job.py:633} INFO - Processing file /home/airflow/.local/lib/python3.6/site-packages/airflow/example_dags/tutorial_taskflow_api_etl.py for tasks to queue
[2021-07-12 20:52:22,963] {logging_mixin.py:104} INFO - [2021-07-12 20:52:22,963] {dagbag.py:496} INFO - Filling up the DagBag from /home/airflow/.local/lib/python3.6/site-packages/airflow/example_dags/tutorial_taskflow_api_etl.py
[2021-07-12 20:52:22,975] {scheduler_job.py:643} INFO - DAG(s) dict_keys(['tutorial_taskflow_api_etl']) retrieved from /home/airflow/.local/lib/python3.6/site-packages/airflow/example_dags/tutorial_taskflow_api_etl.py
[2021-07-12 20:52:22,985] {logging_mixin.py:104} INFO - [2021-07-12 20:52:22,985] {dag.py:1833} INFO - Sync 1 DAGs
[2021-07-12 20:52:22,993] {logging_mixin.py:104} INFO - [2021-07-12 20:52:22,993] {dag.py:2306} INFO - Setting next_dagrun for tutorial_taskflow_api_etl to None
[2021-07-12 20:52:23,037] {scheduler_job.py:190} INFO - Processing /home/airflow/.local/lib/python3.6/site-packages/airflow/example_dags/tutorial_taskflow_api_etl.py took 0.078 seconds
[2021-07-12 20:52:54,045] {scheduler_job.py:182} INFO - Started process (PID=2696) to work on /home/airflow/.local/lib/python3.6/site-packages/airflow/example_dags/tutorial_taskflow_api_etl.py
[2021-07-12 20:52:54,046] {scheduler_job.py:633} INFO - Processing file /home/airflow/.local/lib/python3.6/site-packages/airflow/example_dags/tutorial_taskflow_api_etl.py for tasks to queue
[2021-07-12 20:52:54,047] {logging_mixin.py:104} INFO - [2021-07-12 20:52:54,046] {dagbag.py:496} INFO - Filling up the DagBag from /home/airflow/.local/lib/python3.6/site-packages/airflow/example_dags/tutorial_taskflow_api_etl.py
[2021-07-12 20:52:54,055] {scheduler_job.py:643} INFO - DAG(s) dict_keys(['tutorial_taskflow_api_etl']) retrieved from /home/airflow/.local/lib/python3.6/site-packages/airflow/example_dags/tutorial_taskflow_api_etl.py
[2021-07-12 20:52:54,173] {logging_mixin.py:104} INFO - [2021-07-12 20:52:54,173] {dag.py:1833} INFO - Sync 1 DAGs
[2021-07-12 20:52:54,185] {logging_mixin.py:104} INFO - [2021-07-12 20:52:54,185] {dag.py:2306} INFO - Setting next_dagrun for tutorial_taskflow_api_etl to None
[2021-07-12 20:52:54,223] {scheduler_job.py:190} INFO - Processing /home/airflow/.local/lib/python3.6/site-packages/airflow/example_dags/tutorial_taskflow_api_etl.py took 0.181 seconds
[2021-07-12 20:53:24,300] {scheduler_job.py:182} INFO - Started process (PID=2755) to work on /home/airflow/.local/lib/python3.6/site-packages/airflow/example_dags/tutorial_taskflow_api_etl.py
[2021-07-12 20:53:24,301] {scheduler_job.py:633} INFO - Processing file /home/airflow/.local/lib/python3.6/site-packages/airflow/example_dags/tutorial_taskflow_api_etl.py for tasks to queue
[2021-07-12 20:53:24,302] {logging_mixin.py:104} INFO - [2021-07-12 20:53:24,302] {dagbag.py:496} INFO - Filling up the DagBag from /home/airflow/.local/lib/python3.6/site-packages/airflow/example_dags/tutorial_taskflow_api_etl.py
[2021-07-12 20:53:24,312] {scheduler_job.py:643} INFO - DAG(s) dict_keys(['tutorial_taskflow_api_etl']) retrieved from /home/airflow/.local/lib/python3.6/site-packages/airflow/example_dags/tutorial_taskflow_api_etl.py
[2021-07-12 20:53:24,324] {logging_mixin.py:104} INFO - [2021-07-12 20:53:24,324] {dag.py:1833} INFO - Sync 1 DAGs
[2021-07-12 20:53:24,332] {logging_mixin.py:104} INFO - [2021-07-12 20:53:24,332] {dag.py:2306} INFO - Setting next_dagrun for tutorial_taskflow_api_etl to None
[2021-07-12 20:53:24,337] {scheduler_job.py:190} INFO - Processing /home/airflow/.local/lib/python3.6/site-packages/airflow/example_dags/tutorial_taskflow_api_etl.py took 0.038 seconds
[2021-07-12 20:53:55,228] {scheduler_job.py:182} INFO - Started process (PID=2809) to work on /home/airflow/.local/lib/python3.6/site-packages/airflow/example_dags/tutorial_taskflow_api_etl.py
[2021-07-12 20:53:55,229] {scheduler_job.py:633} INFO - Processing file /home/airflow/.local/lib/python3.6/site-packages/airflow/example_dags/tutorial_taskflow_api_etl.py for tasks to queue
[2021-07-12 20:53:55,229] {logging_mixin.py:104} INFO - [2021-07-12 20:53:55,229] {dagbag.py:496} INFO - Filling up the DagBag from /home/airflow/.local/lib/python3.6/site-packages/airflow/example_dags/tutorial_taskflow_api_etl.py
[2021-07-12 20:53:55,241] {scheduler_job.py:643} INFO - DAG(s) dict_keys(['tutorial_taskflow_api_etl']) retrieved from /home/airflow/.local/lib/python3.6/site-packages/airflow/example_dags/tutorial_taskflow_api_etl.py
[2021-07-12 20:53:55,397] {logging_mixin.py:104} INFO - [2021-07-12 20:53:55,397] {dag.py:1833} INFO - Sync 1 DAGs
[2021-07-12 20:53:55,407] {logging_mixin.py:104} INFO - [2021-07-12 20:53:55,407] {dag.py:2306} INFO - Setting next_dagrun for tutorial_taskflow_api_etl to None
[2021-07-12 20:53:55,434] {scheduler_job.py:190} INFO - Processing /home/airflow/.local/lib/python3.6/site-packages/airflow/example_dags/tutorial_taskflow_api_etl.py took 0.208 seconds
[2021-07-12 20:54:25,587] {scheduler_job.py:182} INFO - Started process (PID=2870) to work on /home/airflow/.local/lib/python3.6/site-packages/airflow/example_dags/tutorial_taskflow_api_etl.py
[2021-07-12 20:54:25,588] {scheduler_job.py:633} INFO - Processing file /home/airflow/.local/lib/python3.6/site-packages/airflow/example_dags/tutorial_taskflow_api_etl.py for tasks to queue
[2021-07-12 20:54:25,588] {logging_mixin.py:104} INFO - [2021-07-12 20:54:25,588] {dagbag.py:496} INFO - Filling up the DagBag from /home/airflow/.local/lib/python3.6/site-packages/airflow/example_dags/tutorial_taskflow_api_etl.py
[2021-07-12 20:54:25,599] {scheduler_job.py:643} INFO - DAG(s) dict_keys(['tutorial_taskflow_api_etl']) retrieved from /home/airflow/.local/lib/python3.6/site-packages/airflow/example_dags/tutorial_taskflow_api_etl.py
[2021-07-12 20:54:25,726] {logging_mixin.py:104} INFO - [2021-07-12 20:54:25,726] {dag.py:1833} INFO - Sync 1 DAGs
[2021-07-12 20:54:25,735] {logging_mixin.py:104} INFO - [2021-07-12 20:54:25,735] {dag.py:2306} INFO - Setting next_dagrun for tutorial_taskflow_api_etl to None
[2021-07-12 20:54:25,783] {scheduler_job.py:190} INFO - Processing /home/airflow/.local/lib/python3.6/site-packages/airflow/example_dags/tutorial_taskflow_api_etl.py took 0.198 seconds
[2021-07-12 20:54:55,846] {scheduler_job.py:182} INFO - Started process (PID=2931) to work on /home/airflow/.local/lib/python3.6/site-packages/airflow/example_dags/tutorial_taskflow_api_etl.py
[2021-07-12 20:54:55,847] {scheduler_job.py:633} INFO - Processing file /home/airflow/.local/lib/python3.6/site-packages/airflow/example_dags/tutorial_taskflow_api_etl.py for tasks to queue
[2021-07-12 20:54:55,847] {logging_mixin.py:104} INFO - [2021-07-12 20:54:55,847] {dagbag.py:496} INFO - Filling up the DagBag from /home/airflow/.local/lib/python3.6/site-packages/airflow/example_dags/tutorial_taskflow_api_etl.py
[2021-07-12 20:54:55,861] {scheduler_job.py:643} INFO - DAG(s) dict_keys(['tutorial_taskflow_api_etl']) retrieved from /home/airflow/.local/lib/python3.6/site-packages/airflow/example_dags/tutorial_taskflow_api_etl.py
[2021-07-12 20:54:56,050] {logging_mixin.py:104} INFO - [2021-07-12 20:54:56,050] {dag.py:1833} INFO - Sync 1 DAGs
[2021-07-12 20:54:56,062] {logging_mixin.py:104} INFO - [2021-07-12 20:54:56,062] {dag.py:2306} INFO - Setting next_dagrun for tutorial_taskflow_api_etl to None
[2021-07-12 20:54:56,067] {scheduler_job.py:190} INFO - Processing /home/airflow/.local/lib/python3.6/site-packages/airflow/example_dags/tutorial_taskflow_api_etl.py took 0.223 seconds
[2021-07-12 20:55:26,278] {scheduler_job.py:182} INFO - Started process (PID=2982) to work on /home/airflow/.local/lib/python3.6/site-packages/airflow/example_dags/tutorial_taskflow_api_etl.py
[2021-07-12 20:55:26,279] {scheduler_job.py:633} INFO - Processing file /home/airflow/.local/lib/python3.6/site-packages/airflow/example_dags/tutorial_taskflow_api_etl.py for tasks to queue
[2021-07-12 20:55:26,279] {logging_mixin.py:104} INFO - [2021-07-12 20:55:26,279] {dagbag.py:496} INFO - Filling up the DagBag from /home/airflow/.local/lib/python3.6/site-packages/airflow/example_dags/tutorial_taskflow_api_etl.py
[2021-07-12 20:55:26,288] {scheduler_job.py:643} INFO - DAG(s) dict_keys(['tutorial_taskflow_api_etl']) retrieved from /home/airflow/.local/lib/python3.6/site-packages/airflow/example_dags/tutorial_taskflow_api_etl.py
[2021-07-12 20:55:26,420] {logging_mixin.py:104} INFO - [2021-07-12 20:55:26,420] {dag.py:1833} INFO - Sync 1 DAGs
[2021-07-12 20:55:26,429] {logging_mixin.py:104} INFO - [2021-07-12 20:55:26,429] {dag.py:2306} INFO - Setting next_dagrun for tutorial_taskflow_api_etl to None
[2021-07-12 20:55:26,435] {scheduler_job.py:190} INFO - Processing /home/airflow/.local/lib/python3.6/site-packages/airflow/example_dags/tutorial_taskflow_api_etl.py took 0.159 seconds
[2021-07-12 20:55:56,489] {scheduler_job.py:182} INFO - Started process (PID=3044) to work on /home/airflow/.local/lib/python3.6/site-packages/airflow/example_dags/tutorial_taskflow_api_etl.py
[2021-07-12 20:55:56,490] {scheduler_job.py:633} INFO - Processing file /home/airflow/.local/lib/python3.6/site-packages/airflow/example_dags/tutorial_taskflow_api_etl.py for tasks to queue
[2021-07-12 20:55:56,490] {logging_mixin.py:104} INFO - [2021-07-12 20:55:56,490] {dagbag.py:496} INFO - Filling up the DagBag from /home/airflow/.local/lib/python3.6/site-packages/airflow/example_dags/tutorial_taskflow_api_etl.py
[2021-07-12 20:55:56,501] {scheduler_job.py:643} INFO - DAG(s) dict_keys(['tutorial_taskflow_api_etl']) retrieved from /home/airflow/.local/lib/python3.6/site-packages/airflow/example_dags/tutorial_taskflow_api_etl.py
[2021-07-12 20:55:56,629] {logging_mixin.py:104} INFO - [2021-07-12 20:55:56,629] {dag.py:1833} INFO - Sync 1 DAGs
[2021-07-12 20:55:56,641] {logging_mixin.py:104} INFO - [2021-07-12 20:55:56,641] {dag.py:2306} INFO - Setting next_dagrun for tutorial_taskflow_api_etl to None
[2021-07-12 20:55:56,648] {scheduler_job.py:190} INFO - Processing /home/airflow/.local/lib/python3.6/site-packages/airflow/example_dags/tutorial_taskflow_api_etl.py took 0.160 seconds
[2021-07-12 20:56:26,810] {scheduler_job.py:182} INFO - Started process (PID=3108) to work on /home/airflow/.local/lib/python3.6/site-packages/airflow/example_dags/tutorial_taskflow_api_etl.py
[2021-07-12 20:56:26,811] {scheduler_job.py:633} INFO - Processing file /home/airflow/.local/lib/python3.6/site-packages/airflow/example_dags/tutorial_taskflow_api_etl.py for tasks to queue
[2021-07-12 20:56:26,811] {logging_mixin.py:104} INFO - [2021-07-12 20:56:26,811] {dagbag.py:496} INFO - Filling up the DagBag from /home/airflow/.local/lib/python3.6/site-packages/airflow/example_dags/tutorial_taskflow_api_etl.py
[2021-07-12 20:56:26,820] {scheduler_job.py:643} INFO - DAG(s) dict_keys(['tutorial_taskflow_api_etl']) retrieved from /home/airflow/.local/lib/python3.6/site-packages/airflow/example_dags/tutorial_taskflow_api_etl.py
[2021-07-12 20:56:26,957] {logging_mixin.py:104} INFO - [2021-07-12 20:56:26,957] {dag.py:1833} INFO - Sync 1 DAGs
[2021-07-12 20:56:26,965] {logging_mixin.py:104} INFO - [2021-07-12 20:56:26,965] {dag.py:2306} INFO - Setting next_dagrun for tutorial_taskflow_api_etl to None
[2021-07-12 20:56:26,971] {scheduler_job.py:190} INFO - Processing /home/airflow/.local/lib/python3.6/site-packages/airflow/example_dags/tutorial_taskflow_api_etl.py took 0.165 seconds
[2021-07-12 20:56:56,997] {scheduler_job.py:182} INFO - Started process (PID=3159) to work on /home/airflow/.local/lib/python3.6/site-packages/airflow/example_dags/tutorial_taskflow_api_etl.py
[2021-07-12 20:56:56,998] {scheduler_job.py:633} INFO - Processing file /home/airflow/.local/lib/python3.6/site-packages/airflow/example_dags/tutorial_taskflow_api_etl.py for tasks to queue
[2021-07-12 20:56:56,998] {logging_mixin.py:104} INFO - [2021-07-12 20:56:56,998] {dagbag.py:496} INFO - Filling up the DagBag from /home/airflow/.local/lib/python3.6/site-packages/airflow/example_dags/tutorial_taskflow_api_etl.py
[2021-07-12 20:56:57,011] {scheduler_job.py:643} INFO - DAG(s) dict_keys(['tutorial_taskflow_api_etl']) retrieved from /home/airflow/.local/lib/python3.6/site-packages/airflow/example_dags/tutorial_taskflow_api_etl.py
[2021-07-12 20:56:57,190] {logging_mixin.py:104} INFO - [2021-07-12 20:56:57,190] {dag.py:1833} INFO - Sync 1 DAGs
[2021-07-12 20:56:57,198] {logging_mixin.py:104} INFO - [2021-07-12 20:56:57,198] {dag.py:2306} INFO - Setting next_dagrun for tutorial_taskflow_api_etl to None
[2021-07-12 20:56:57,239] {scheduler_job.py:190} INFO - Processing /home/airflow/.local/lib/python3.6/site-packages/airflow/example_dags/tutorial_taskflow_api_etl.py took 0.244 seconds
[2021-07-12 20:57:27,347] {scheduler_job.py:182} INFO - Started process (PID=3220) to work on /home/airflow/.local/lib/python3.6/site-packages/airflow/example_dags/tutorial_taskflow_api_etl.py
[2021-07-12 20:57:27,347] {scheduler_job.py:633} INFO - Processing file /home/airflow/.local/lib/python3.6/site-packages/airflow/example_dags/tutorial_taskflow_api_etl.py for tasks to queue
[2021-07-12 20:57:27,348] {logging_mixin.py:104} INFO - [2021-07-12 20:57:27,347] {dagbag.py:496} INFO - Filling up the DagBag from /home/airflow/.local/lib/python3.6/site-packages/airflow/example_dags/tutorial_taskflow_api_etl.py
[2021-07-12 20:57:27,356] {scheduler_job.py:643} INFO - DAG(s) dict_keys(['tutorial_taskflow_api_etl']) retrieved from /home/airflow/.local/lib/python3.6/site-packages/airflow/example_dags/tutorial_taskflow_api_etl.py
[2021-07-12 20:57:27,493] {logging_mixin.py:104} INFO - [2021-07-12 20:57:27,493] {dag.py:1833} INFO - Sync 1 DAGs
[2021-07-12 20:57:27,505] {logging_mixin.py:104} INFO - [2021-07-12 20:57:27,505] {dag.py:2306} INFO - Setting next_dagrun for tutorial_taskflow_api_etl to None
[2021-07-12 20:57:27,552] {scheduler_job.py:190} INFO - Processing /home/airflow/.local/lib/python3.6/site-packages/airflow/example_dags/tutorial_taskflow_api_etl.py took 0.207 seconds
[2021-07-12 20:57:57,646] {scheduler_job.py:182} INFO - Started process (PID=3282) to work on /home/airflow/.local/lib/python3.6/site-packages/airflow/example_dags/tutorial_taskflow_api_etl.py
[2021-07-12 20:57:57,647] {scheduler_job.py:633} INFO - Processing file /home/airflow/.local/lib/python3.6/site-packages/airflow/example_dags/tutorial_taskflow_api_etl.py for tasks to queue
[2021-07-12 20:57:57,647] {logging_mixin.py:104} INFO - [2021-07-12 20:57:57,647] {dagbag.py:496} INFO - Filling up the DagBag from /home/airflow/.local/lib/python3.6/site-packages/airflow/example_dags/tutorial_taskflow_api_etl.py
[2021-07-12 20:57:57,659] {scheduler_job.py:643} INFO - DAG(s) dict_keys(['tutorial_taskflow_api_etl']) retrieved from /home/airflow/.local/lib/python3.6/site-packages/airflow/example_dags/tutorial_taskflow_api_etl.py
[2021-07-12 20:57:57,787] {logging_mixin.py:104} INFO - [2021-07-12 20:57:57,786] {dag.py:1833} INFO - Sync 1 DAGs
[2021-07-12 20:57:57,794] {logging_mixin.py:104} INFO - [2021-07-12 20:57:57,794] {dag.py:2306} INFO - Setting next_dagrun for tutorial_taskflow_api_etl to None
[2021-07-12 20:57:57,799] {scheduler_job.py:190} INFO - Processing /home/airflow/.local/lib/python3.6/site-packages/airflow/example_dags/tutorial_taskflow_api_etl.py took 0.155 seconds
[2021-07-12 20:58:27,876] {scheduler_job.py:182} INFO - Started process (PID=3343) to work on /home/airflow/.local/lib/python3.6/site-packages/airflow/example_dags/tutorial_taskflow_api_etl.py
[2021-07-12 20:58:27,877] {scheduler_job.py:633} INFO - Processing file /home/airflow/.local/lib/python3.6/site-packages/airflow/example_dags/tutorial_taskflow_api_etl.py for tasks to queue
[2021-07-12 20:58:27,877] {logging_mixin.py:104} INFO - [2021-07-12 20:58:27,877] {dagbag.py:496} INFO - Filling up the DagBag from /home/airflow/.local/lib/python3.6/site-packages/airflow/example_dags/tutorial_taskflow_api_etl.py
[2021-07-12 20:58:27,891] {scheduler_job.py:643} INFO - DAG(s) dict_keys(['tutorial_taskflow_api_etl']) retrieved from /home/airflow/.local/lib/python3.6/site-packages/airflow/example_dags/tutorial_taskflow_api_etl.py
[2021-07-12 20:58:28,027] {logging_mixin.py:104} INFO - [2021-07-12 20:58:28,026] {dag.py:1833} INFO - Sync 1 DAGs
[2021-07-12 20:58:28,036] {logging_mixin.py:104} INFO - [2021-07-12 20:58:28,036] {dag.py:2306} INFO - Setting next_dagrun for tutorial_taskflow_api_etl to None
[2021-07-12 20:58:28,082] {scheduler_job.py:190} INFO - Processing /home/airflow/.local/lib/python3.6/site-packages/airflow/example_dags/tutorial_taskflow_api_etl.py took 0.208 seconds
[2021-07-12 20:58:59,086] {scheduler_job.py:182} INFO - Started process (PID=3395) to work on /home/airflow/.local/lib/python3.6/site-packages/airflow/example_dags/tutorial_taskflow_api_etl.py
[2021-07-12 20:58:59,086] {scheduler_job.py:633} INFO - Processing file /home/airflow/.local/lib/python3.6/site-packages/airflow/example_dags/tutorial_taskflow_api_etl.py for tasks to queue
[2021-07-12 20:58:59,087] {logging_mixin.py:104} INFO - [2021-07-12 20:58:59,087] {dagbag.py:496} INFO - Filling up the DagBag from /home/airflow/.local/lib/python3.6/site-packages/airflow/example_dags/tutorial_taskflow_api_etl.py
[2021-07-12 20:58:59,096] {scheduler_job.py:643} INFO - DAG(s) dict_keys(['tutorial_taskflow_api_etl']) retrieved from /home/airflow/.local/lib/python3.6/site-packages/airflow/example_dags/tutorial_taskflow_api_etl.py
[2021-07-12 20:58:59,221] {logging_mixin.py:104} INFO - [2021-07-12 20:58:59,221] {dag.py:1833} INFO - Sync 1 DAGs
[2021-07-12 20:58:59,229] {logging_mixin.py:104} INFO - [2021-07-12 20:58:59,229] {dag.py:2306} INFO - Setting next_dagrun for tutorial_taskflow_api_etl to None
[2021-07-12 20:58:59,235] {scheduler_job.py:190} INFO - Processing /home/airflow/.local/lib/python3.6/site-packages/airflow/example_dags/tutorial_taskflow_api_etl.py took 0.151 seconds
[2021-07-12 20:59:29,315] {scheduler_job.py:182} INFO - Started process (PID=3456) to work on /home/airflow/.local/lib/python3.6/site-packages/airflow/example_dags/tutorial_taskflow_api_etl.py
[2021-07-12 20:59:29,316] {scheduler_job.py:633} INFO - Processing file /home/airflow/.local/lib/python3.6/site-packages/airflow/example_dags/tutorial_taskflow_api_etl.py for tasks to queue
[2021-07-12 20:59:29,316] {logging_mixin.py:104} INFO - [2021-07-12 20:59:29,316] {dagbag.py:496} INFO - Filling up the DagBag from /home/airflow/.local/lib/python3.6/site-packages/airflow/example_dags/tutorial_taskflow_api_etl.py
[2021-07-12 20:59:29,325] {scheduler_job.py:643} INFO - DAG(s) dict_keys(['tutorial_taskflow_api_etl']) retrieved from /home/airflow/.local/lib/python3.6/site-packages/airflow/example_dags/tutorial_taskflow_api_etl.py
[2021-07-12 20:59:29,447] {logging_mixin.py:104} INFO - [2021-07-12 20:59:29,447] {dag.py:1833} INFO - Sync 1 DAGs
[2021-07-12 20:59:29,455] {logging_mixin.py:104} INFO - [2021-07-12 20:59:29,454] {dag.py:2306} INFO - Setting next_dagrun for tutorial_taskflow_api_etl to None
[2021-07-12 20:59:29,460] {scheduler_job.py:190} INFO - Processing /home/airflow/.local/lib/python3.6/site-packages/airflow/example_dags/tutorial_taskflow_api_etl.py took 0.146 seconds
[2021-07-12 20:59:59,490] {scheduler_job.py:182} INFO - Started process (PID=3517) to work on /home/airflow/.local/lib/python3.6/site-packages/airflow/example_dags/tutorial_taskflow_api_etl.py
[2021-07-12 20:59:59,490] {scheduler_job.py:633} INFO - Processing file /home/airflow/.local/lib/python3.6/site-packages/airflow/example_dags/tutorial_taskflow_api_etl.py for tasks to queue
[2021-07-12 20:59:59,491] {logging_mixin.py:104} INFO - [2021-07-12 20:59:59,490] {dagbag.py:496} INFO - Filling up the DagBag from /home/airflow/.local/lib/python3.6/site-packages/airflow/example_dags/tutorial_taskflow_api_etl.py
[2021-07-12 20:59:59,499] {scheduler_job.py:643} INFO - DAG(s) dict_keys(['tutorial_taskflow_api_etl']) retrieved from /home/airflow/.local/lib/python3.6/site-packages/airflow/example_dags/tutorial_taskflow_api_etl.py
[2021-07-12 20:59:59,683] {logging_mixin.py:104} INFO - [2021-07-12 20:59:59,682] {dag.py:1833} INFO - Sync 1 DAGs
[2021-07-12 20:59:59,695] {logging_mixin.py:104} INFO - [2021-07-12 20:59:59,695] {dag.py:2306} INFO - Setting next_dagrun for tutorial_taskflow_api_etl to None
[2021-07-12 20:59:59,701] {scheduler_job.py:190} INFO - Processing /home/airflow/.local/lib/python3.6/site-packages/airflow/example_dags/tutorial_taskflow_api_etl.py took 0.214 seconds
[2021-07-12 21:00:29,764] {scheduler_job.py:182} INFO - Started process (PID=3570) to work on /home/airflow/.local/lib/python3.6/site-packages/airflow/example_dags/tutorial_taskflow_api_etl.py
[2021-07-12 21:00:29,765] {scheduler_job.py:633} INFO - Processing file /home/airflow/.local/lib/python3.6/site-packages/airflow/example_dags/tutorial_taskflow_api_etl.py for tasks to queue
[2021-07-12 21:00:29,765] {logging_mixin.py:104} INFO - [2021-07-12 21:00:29,765] {dagbag.py:496} INFO - Filling up the DagBag from /home/airflow/.local/lib/python3.6/site-packages/airflow/example_dags/tutorial_taskflow_api_etl.py
[2021-07-12 21:00:29,777] {scheduler_job.py:643} INFO - DAG(s) dict_keys(['tutorial_taskflow_api_etl']) retrieved from /home/airflow/.local/lib/python3.6/site-packages/airflow/example_dags/tutorial_taskflow_api_etl.py
[2021-07-12 21:00:29,899] {logging_mixin.py:104} INFO - [2021-07-12 21:00:29,898] {dag.py:1833} INFO - Sync 1 DAGs
[2021-07-12 21:00:29,908] {logging_mixin.py:104} INFO - [2021-07-12 21:00:29,908] {dag.py:2306} INFO - Setting next_dagrun for tutorial_taskflow_api_etl to None
[2021-07-12 21:00:29,953] {scheduler_job.py:190} INFO - Processing /home/airflow/.local/lib/python3.6/site-packages/airflow/example_dags/tutorial_taskflow_api_etl.py took 0.191 seconds
[2021-07-12 21:01:00,154] {scheduler_job.py:182} INFO - Started process (PID=3632) to work on /home/airflow/.local/lib/python3.6/site-packages/airflow/example_dags/tutorial_taskflow_api_etl.py
[2021-07-12 21:01:00,154] {scheduler_job.py:633} INFO - Processing file /home/airflow/.local/lib/python3.6/site-packages/airflow/example_dags/tutorial_taskflow_api_etl.py for tasks to queue
[2021-07-12 21:01:00,155] {logging_mixin.py:104} INFO - [2021-07-12 21:01:00,155] {dagbag.py:496} INFO - Filling up the DagBag from /home/airflow/.local/lib/python3.6/site-packages/airflow/example_dags/tutorial_taskflow_api_etl.py
[2021-07-12 21:01:00,163] {scheduler_job.py:643} INFO - DAG(s) dict_keys(['tutorial_taskflow_api_etl']) retrieved from /home/airflow/.local/lib/python3.6/site-packages/airflow/example_dags/tutorial_taskflow_api_etl.py
[2021-07-12 21:01:00,293] {logging_mixin.py:104} INFO - [2021-07-12 21:01:00,293] {dag.py:1833} INFO - Sync 1 DAGs
[2021-07-12 21:01:00,303] {logging_mixin.py:104} INFO - [2021-07-12 21:01:00,303] {dag.py:2306} INFO - Setting next_dagrun for tutorial_taskflow_api_etl to None
[2021-07-12 21:01:00,309] {scheduler_job.py:190} INFO - Processing /home/airflow/.local/lib/python3.6/site-packages/airflow/example_dags/tutorial_taskflow_api_etl.py took 0.157 seconds
[2021-07-12 21:01:30,504] {scheduler_job.py:182} INFO - Started process (PID=3693) to work on /home/airflow/.local/lib/python3.6/site-packages/airflow/example_dags/tutorial_taskflow_api_etl.py
[2021-07-12 21:01:30,505] {scheduler_job.py:633} INFO - Processing file /home/airflow/.local/lib/python3.6/site-packages/airflow/example_dags/tutorial_taskflow_api_etl.py for tasks to queue
[2021-07-12 21:01:30,505] {logging_mixin.py:104} INFO - [2021-07-12 21:01:30,505] {dagbag.py:496} INFO - Filling up the DagBag from /home/airflow/.local/lib/python3.6/site-packages/airflow/example_dags/tutorial_taskflow_api_etl.py
[2021-07-12 21:01:30,519] {scheduler_job.py:643} INFO - DAG(s) dict_keys(['tutorial_taskflow_api_etl']) retrieved from /home/airflow/.local/lib/python3.6/site-packages/airflow/example_dags/tutorial_taskflow_api_etl.py
[2021-07-12 21:01:30,533] {logging_mixin.py:104} INFO - [2021-07-12 21:01:30,533] {dag.py:1833} INFO - Sync 1 DAGs
[2021-07-12 21:01:30,543] {logging_mixin.py:104} INFO - [2021-07-12 21:01:30,543] {dag.py:2306} INFO - Setting next_dagrun for tutorial_taskflow_api_etl to None
[2021-07-12 21:01:30,588] {scheduler_job.py:190} INFO - Processing /home/airflow/.local/lib/python3.6/site-packages/airflow/example_dags/tutorial_taskflow_api_etl.py took 0.086 seconds
[2021-07-12 21:02:00,741] {scheduler_job.py:182} INFO - Started process (PID=3770) to work on /home/airflow/.local/lib/python3.6/site-packages/airflow/example_dags/tutorial_taskflow_api_etl.py
[2021-07-12 21:02:00,742] {scheduler_job.py:633} INFO - Processing file /home/airflow/.local/lib/python3.6/site-packages/airflow/example_dags/tutorial_taskflow_api_etl.py for tasks to queue
[2021-07-12 21:02:00,742] {logging_mixin.py:104} INFO - [2021-07-12 21:02:00,742] {dagbag.py:496} INFO - Filling up the DagBag from /home/airflow/.local/lib/python3.6/site-packages/airflow/example_dags/tutorial_taskflow_api_etl.py
[2021-07-12 21:02:00,754] {scheduler_job.py:643} INFO - DAG(s) dict_keys(['tutorial_taskflow_api_etl']) retrieved from /home/airflow/.local/lib/python3.6/site-packages/airflow/example_dags/tutorial_taskflow_api_etl.py
[2021-07-12 21:02:00,880] {logging_mixin.py:104} INFO - [2021-07-12 21:02:00,880] {dag.py:1833} INFO - Sync 1 DAGs
[2021-07-12 21:02:00,889] {logging_mixin.py:104} INFO - [2021-07-12 21:02:00,889] {dag.py:2306} INFO - Setting next_dagrun for tutorial_taskflow_api_etl to None
[2021-07-12 21:02:00,895] {scheduler_job.py:190} INFO - Processing /home/airflow/.local/lib/python3.6/site-packages/airflow/example_dags/tutorial_taskflow_api_etl.py took 0.156 seconds
[2021-07-12 21:02:30,922] {scheduler_job.py:182} INFO - Started process (PID=3824) to work on /home/airflow/.local/lib/python3.6/site-packages/airflow/example_dags/tutorial_taskflow_api_etl.py
[2021-07-12 21:02:30,923] {scheduler_job.py:633} INFO - Processing file /home/airflow/.local/lib/python3.6/site-packages/airflow/example_dags/tutorial_taskflow_api_etl.py for tasks to queue
[2021-07-12 21:02:30,923] {logging_mixin.py:104} INFO - [2021-07-12 21:02:30,923] {dagbag.py:496} INFO - Filling up the DagBag from /home/airflow/.local/lib/python3.6/site-packages/airflow/example_dags/tutorial_taskflow_api_etl.py
[2021-07-12 21:02:30,931] {scheduler_job.py:643} INFO - DAG(s) dict_keys(['tutorial_taskflow_api_etl']) retrieved from /home/airflow/.local/lib/python3.6/site-packages/airflow/example_dags/tutorial_taskflow_api_etl.py
[2021-07-12 21:02:31,063] {logging_mixin.py:104} INFO - [2021-07-12 21:02:31,063] {dag.py:1833} INFO - Sync 1 DAGs
[2021-07-12 21:02:31,073] {logging_mixin.py:104} INFO - [2021-07-12 21:02:31,073] {dag.py:2306} INFO - Setting next_dagrun for tutorial_taskflow_api_etl to None
[2021-07-12 21:02:31,115] {scheduler_job.py:190} INFO - Processing /home/airflow/.local/lib/python3.6/site-packages/airflow/example_dags/tutorial_taskflow_api_etl.py took 0.196 seconds
[2021-07-12 21:03:01,258] {scheduler_job.py:182} INFO - Started process (PID=3885) to work on /home/airflow/.local/lib/python3.6/site-packages/airflow/example_dags/tutorial_taskflow_api_etl.py
[2021-07-12 21:03:01,258] {scheduler_job.py:633} INFO - Processing file /home/airflow/.local/lib/python3.6/site-packages/airflow/example_dags/tutorial_taskflow_api_etl.py for tasks to queue
[2021-07-12 21:03:01,259] {logging_mixin.py:104} INFO - [2021-07-12 21:03:01,259] {dagbag.py:496} INFO - Filling up the DagBag from /home/airflow/.local/lib/python3.6/site-packages/airflow/example_dags/tutorial_taskflow_api_etl.py
[2021-07-12 21:03:01,271] {scheduler_job.py:643} INFO - DAG(s) dict_keys(['tutorial_taskflow_api_etl']) retrieved from /home/airflow/.local/lib/python3.6/site-packages/airflow/example_dags/tutorial_taskflow_api_etl.py
[2021-07-12 21:03:01,426] {logging_mixin.py:104} INFO - [2021-07-12 21:03:01,426] {dag.py:1833} INFO - Sync 1 DAGs
[2021-07-12 21:03:01,435] {logging_mixin.py:104} INFO - [2021-07-12 21:03:01,435] {dag.py:2306} INFO - Setting next_dagrun for tutorial_taskflow_api_etl to None
[2021-07-12 21:03:01,443] {scheduler_job.py:190} INFO - Processing /home/airflow/.local/lib/python3.6/site-packages/airflow/example_dags/tutorial_taskflow_api_etl.py took 0.187 seconds
[2021-07-12 21:03:31,582] {scheduler_job.py:182} INFO - Started process (PID=3947) to work on /home/airflow/.local/lib/python3.6/site-packages/airflow/example_dags/tutorial_taskflow_api_etl.py
[2021-07-12 21:03:31,583] {scheduler_job.py:633} INFO - Processing file /home/airflow/.local/lib/python3.6/site-packages/airflow/example_dags/tutorial_taskflow_api_etl.py for tasks to queue
[2021-07-12 21:03:31,584] {logging_mixin.py:104} INFO - [2021-07-12 21:03:31,584] {dagbag.py:496} INFO - Filling up the DagBag from /home/airflow/.local/lib/python3.6/site-packages/airflow/example_dags/tutorial_taskflow_api_etl.py
[2021-07-12 21:03:31,593] {scheduler_job.py:643} INFO - DAG(s) dict_keys(['tutorial_taskflow_api_etl']) retrieved from /home/airflow/.local/lib/python3.6/site-packages/airflow/example_dags/tutorial_taskflow_api_etl.py
[2021-07-12 21:03:31,729] {logging_mixin.py:104} INFO - [2021-07-12 21:03:31,729] {dag.py:1833} INFO - Sync 1 DAGs
[2021-07-12 21:03:31,737] {logging_mixin.py:104} INFO - [2021-07-12 21:03:31,737] {dag.py:2306} INFO - Setting next_dagrun for tutorial_taskflow_api_etl to None
[2021-07-12 21:03:31,742] {scheduler_job.py:190} INFO - Processing /home/airflow/.local/lib/python3.6/site-packages/airflow/example_dags/tutorial_taskflow_api_etl.py took 0.163 seconds
[2021-07-12 21:04:01,873] {scheduler_job.py:182} INFO - Started process (PID=3999) to work on /home/airflow/.local/lib/python3.6/site-packages/airflow/example_dags/tutorial_taskflow_api_etl.py
[2021-07-12 21:04:01,874] {scheduler_job.py:633} INFO - Processing file /home/airflow/.local/lib/python3.6/site-packages/airflow/example_dags/tutorial_taskflow_api_etl.py for tasks to queue
[2021-07-12 21:04:01,874] {logging_mixin.py:104} INFO - [2021-07-12 21:04:01,874] {dagbag.py:496} INFO - Filling up the DagBag from /home/airflow/.local/lib/python3.6/site-packages/airflow/example_dags/tutorial_taskflow_api_etl.py
[2021-07-12 21:04:01,883] {scheduler_job.py:643} INFO - DAG(s) dict_keys(['tutorial_taskflow_api_etl']) retrieved from /home/airflow/.local/lib/python3.6/site-packages/airflow/example_dags/tutorial_taskflow_api_etl.py
[2021-07-12 21:04:02,005] {logging_mixin.py:104} INFO - [2021-07-12 21:04:02,005] {dag.py:1833} INFO - Sync 1 DAGs
[2021-07-12 21:04:02,015] {logging_mixin.py:104} INFO - [2021-07-12 21:04:02,015] {dag.py:2306} INFO - Setting next_dagrun for tutorial_taskflow_api_etl to None
[2021-07-12 21:04:02,021] {scheduler_job.py:190} INFO - Processing /home/airflow/.local/lib/python3.6/site-packages/airflow/example_dags/tutorial_taskflow_api_etl.py took 0.151 seconds
[2021-07-12 21:04:32,121] {scheduler_job.py:182} INFO - Started process (PID=4062) to work on /home/airflow/.local/lib/python3.6/site-packages/airflow/example_dags/tutorial_taskflow_api_etl.py
[2021-07-12 21:04:32,122] {scheduler_job.py:633} INFO - Processing file /home/airflow/.local/lib/python3.6/site-packages/airflow/example_dags/tutorial_taskflow_api_etl.py for tasks to queue
[2021-07-12 21:04:32,123] {logging_mixin.py:104} INFO - [2021-07-12 21:04:32,122] {dagbag.py:496} INFO - Filling up the DagBag from /home/airflow/.local/lib/python3.6/site-packages/airflow/example_dags/tutorial_taskflow_api_etl.py
[2021-07-12 21:04:32,131] {scheduler_job.py:643} INFO - DAG(s) dict_keys(['tutorial_taskflow_api_etl']) retrieved from /home/airflow/.local/lib/python3.6/site-packages/airflow/example_dags/tutorial_taskflow_api_etl.py
[2021-07-12 21:04:32,145] {logging_mixin.py:104} INFO - [2021-07-12 21:04:32,145] {dag.py:1833} INFO - Sync 1 DAGs
[2021-07-12 21:04:32,153] {logging_mixin.py:104} INFO - [2021-07-12 21:04:32,153] {dag.py:2306} INFO - Setting next_dagrun for tutorial_taskflow_api_etl to None
[2021-07-12 21:04:32,158] {scheduler_job.py:190} INFO - Processing /home/airflow/.local/lib/python3.6/site-packages/airflow/example_dags/tutorial_taskflow_api_etl.py took 0.039 seconds
[2021-07-12 21:05:02,255] {scheduler_job.py:182} INFO - Started process (PID=4122) to work on /home/airflow/.local/lib/python3.6/site-packages/airflow/example_dags/tutorial_taskflow_api_etl.py
[2021-07-12 21:05:02,256] {scheduler_job.py:633} INFO - Processing file /home/airflow/.local/lib/python3.6/site-packages/airflow/example_dags/tutorial_taskflow_api_etl.py for tasks to queue
[2021-07-12 21:05:02,256] {logging_mixin.py:104} INFO - [2021-07-12 21:05:02,256] {dagbag.py:496} INFO - Filling up the DagBag from /home/airflow/.local/lib/python3.6/site-packages/airflow/example_dags/tutorial_taskflow_api_etl.py
[2021-07-12 21:05:02,266] {scheduler_job.py:643} INFO - DAG(s) dict_keys(['tutorial_taskflow_api_etl']) retrieved from /home/airflow/.local/lib/python3.6/site-packages/airflow/example_dags/tutorial_taskflow_api_etl.py
[2021-07-12 21:05:02,390] {logging_mixin.py:104} INFO - [2021-07-12 21:05:02,390] {dag.py:1833} INFO - Sync 1 DAGs
[2021-07-12 21:05:02,398] {logging_mixin.py:104} INFO - [2021-07-12 21:05:02,398] {dag.py:2306} INFO - Setting next_dagrun for tutorial_taskflow_api_etl to None
[2021-07-12 21:05:02,444] {scheduler_job.py:190} INFO - Processing /home/airflow/.local/lib/python3.6/site-packages/airflow/example_dags/tutorial_taskflow_api_etl.py took 0.190 seconds
[2021-07-12 21:05:32,548] {scheduler_job.py:182} INFO - Started process (PID=4181) to work on /home/airflow/.local/lib/python3.6/site-packages/airflow/example_dags/tutorial_taskflow_api_etl.py
[2021-07-12 21:05:32,549] {scheduler_job.py:633} INFO - Processing file /home/airflow/.local/lib/python3.6/site-packages/airflow/example_dags/tutorial_taskflow_api_etl.py for tasks to queue
[2021-07-12 21:05:32,549] {logging_mixin.py:104} INFO - [2021-07-12 21:05:32,549] {dagbag.py:496} INFO - Filling up the DagBag from /home/airflow/.local/lib/python3.6/site-packages/airflow/example_dags/tutorial_taskflow_api_etl.py
[2021-07-12 21:05:32,563] {scheduler_job.py:643} INFO - DAG(s) dict_keys(['tutorial_taskflow_api_etl']) retrieved from /home/airflow/.local/lib/python3.6/site-packages/airflow/example_dags/tutorial_taskflow_api_etl.py
[2021-07-12 21:05:32,732] {logging_mixin.py:104} INFO - [2021-07-12 21:05:32,732] {dag.py:1833} INFO - Sync 1 DAGs
[2021-07-12 21:05:32,744] {logging_mixin.py:104} INFO - [2021-07-12 21:05:32,743] {dag.py:2306} INFO - Setting next_dagrun for tutorial_taskflow_api_etl to None
[2021-07-12 21:05:32,750] {scheduler_job.py:190} INFO - Processing /home/airflow/.local/lib/python3.6/site-packages/airflow/example_dags/tutorial_taskflow_api_etl.py took 0.204 seconds
[2021-07-12 21:06:02,853] {scheduler_job.py:182} INFO - Started process (PID=4235) to work on /home/airflow/.local/lib/python3.6/site-packages/airflow/example_dags/tutorial_taskflow_api_etl.py
[2021-07-12 21:06:02,854] {scheduler_job.py:633} INFO - Processing file /home/airflow/.local/lib/python3.6/site-packages/airflow/example_dags/tutorial_taskflow_api_etl.py for tasks to queue
[2021-07-12 21:06:02,855] {logging_mixin.py:104} INFO - [2021-07-12 21:06:02,854] {dagbag.py:496} INFO - Filling up the DagBag from /home/airflow/.local/lib/python3.6/site-packages/airflow/example_dags/tutorial_taskflow_api_etl.py
[2021-07-12 21:06:02,866] {scheduler_job.py:643} INFO - DAG(s) dict_keys(['tutorial_taskflow_api_etl']) retrieved from /home/airflow/.local/lib/python3.6/site-packages/airflow/example_dags/tutorial_taskflow_api_etl.py
[2021-07-12 21:06:03,002] {logging_mixin.py:104} INFO - [2021-07-12 21:06:03,002] {dag.py:1833} INFO - Sync 1 DAGs
[2021-07-12 21:06:03,010] {logging_mixin.py:104} INFO - [2021-07-12 21:06:03,010] {dag.py:2306} INFO - Setting next_dagrun for tutorial_taskflow_api_etl to None
[2021-07-12 21:06:03,016] {scheduler_job.py:190} INFO - Processing /home/airflow/.local/lib/python3.6/site-packages/airflow/example_dags/tutorial_taskflow_api_etl.py took 0.165 seconds
[2021-07-12 21:06:33,069] {scheduler_job.py:182} INFO - Started process (PID=4297) to work on /home/airflow/.local/lib/python3.6/site-packages/airflow/example_dags/tutorial_taskflow_api_etl.py
[2021-07-12 21:06:33,070] {scheduler_job.py:633} INFO - Processing file /home/airflow/.local/lib/python3.6/site-packages/airflow/example_dags/tutorial_taskflow_api_etl.py for tasks to queue
[2021-07-12 21:06:33,071] {logging_mixin.py:104} INFO - [2021-07-12 21:06:33,071] {dagbag.py:496} INFO - Filling up the DagBag from /home/airflow/.local/lib/python3.6/site-packages/airflow/example_dags/tutorial_taskflow_api_etl.py
[2021-07-12 21:06:33,082] {scheduler_job.py:643} INFO - DAG(s) dict_keys(['tutorial_taskflow_api_etl']) retrieved from /home/airflow/.local/lib/python3.6/site-packages/airflow/example_dags/tutorial_taskflow_api_etl.py
[2021-07-12 21:06:33,221] {logging_mixin.py:104} INFO - [2021-07-12 21:06:33,221] {dag.py:1833} INFO - Sync 1 DAGs
[2021-07-12 21:06:33,231] {logging_mixin.py:104} INFO - [2021-07-12 21:06:33,231] {dag.py:2306} INFO - Setting next_dagrun for tutorial_taskflow_api_etl to None
[2021-07-12 21:06:33,241] {scheduler_job.py:190} INFO - Processing /home/airflow/.local/lib/python3.6/site-packages/airflow/example_dags/tutorial_taskflow_api_etl.py took 0.175 seconds
[2021-07-12 21:07:03,451] {scheduler_job.py:182} INFO - Started process (PID=4359) to work on /home/airflow/.local/lib/python3.6/site-packages/airflow/example_dags/tutorial_taskflow_api_etl.py
[2021-07-12 21:07:03,452] {scheduler_job.py:633} INFO - Processing file /home/airflow/.local/lib/python3.6/site-packages/airflow/example_dags/tutorial_taskflow_api_etl.py for tasks to queue
[2021-07-12 21:07:03,453] {logging_mixin.py:104} INFO - [2021-07-12 21:07:03,453] {dagbag.py:496} INFO - Filling up the DagBag from /home/airflow/.local/lib/python3.6/site-packages/airflow/example_dags/tutorial_taskflow_api_etl.py
[2021-07-12 21:07:03,464] {scheduler_job.py:643} INFO - DAG(s) dict_keys(['tutorial_taskflow_api_etl']) retrieved from /home/airflow/.local/lib/python3.6/site-packages/airflow/example_dags/tutorial_taskflow_api_etl.py
[2021-07-12 21:07:03,588] {logging_mixin.py:104} INFO - [2021-07-12 21:07:03,588] {dag.py:1833} INFO - Sync 1 DAGs
[2021-07-12 21:07:03,596] {logging_mixin.py:104} INFO - [2021-07-12 21:07:03,596] {dag.py:2306} INFO - Setting next_dagrun for tutorial_taskflow_api_etl to None
[2021-07-12 21:07:03,641] {scheduler_job.py:190} INFO - Processing /home/airflow/.local/lib/python3.6/site-packages/airflow/example_dags/tutorial_taskflow_api_etl.py took 0.193 seconds
[2021-07-12 21:07:33,733] {scheduler_job.py:182} INFO - Started process (PID=4409) to work on /home/airflow/.local/lib/python3.6/site-packages/airflow/example_dags/tutorial_taskflow_api_etl.py
[2021-07-12 21:07:33,734] {scheduler_job.py:633} INFO - Processing file /home/airflow/.local/lib/python3.6/site-packages/airflow/example_dags/tutorial_taskflow_api_etl.py for tasks to queue
[2021-07-12 21:07:33,735] {logging_mixin.py:104} INFO - [2021-07-12 21:07:33,735] {dagbag.py:496} INFO - Filling up the DagBag from /home/airflow/.local/lib/python3.6/site-packages/airflow/example_dags/tutorial_taskflow_api_etl.py
[2021-07-12 21:07:33,745] {scheduler_job.py:643} INFO - DAG(s) dict_keys(['tutorial_taskflow_api_etl']) retrieved from /home/airflow/.local/lib/python3.6/site-packages/airflow/example_dags/tutorial_taskflow_api_etl.py
[2021-07-12 21:07:33,872] {logging_mixin.py:104} INFO - [2021-07-12 21:07:33,872] {dag.py:1833} INFO - Sync 1 DAGs
[2021-07-12 21:07:33,882] {logging_mixin.py:104} INFO - [2021-07-12 21:07:33,882] {dag.py:2306} INFO - Setting next_dagrun for tutorial_taskflow_api_etl to None
[2021-07-12 21:07:33,924] {scheduler_job.py:190} INFO - Processing /home/airflow/.local/lib/python3.6/site-packages/airflow/example_dags/tutorial_taskflow_api_etl.py took 0.193 seconds
[2021-07-12 21:08:04,069] {scheduler_job.py:182} INFO - Started process (PID=4473) to work on /home/airflow/.local/lib/python3.6/site-packages/airflow/example_dags/tutorial_taskflow_api_etl.py
[2021-07-12 21:08:04,070] {scheduler_job.py:633} INFO - Processing file /home/airflow/.local/lib/python3.6/site-packages/airflow/example_dags/tutorial_taskflow_api_etl.py for tasks to queue
[2021-07-12 21:08:04,071] {logging_mixin.py:104} INFO - [2021-07-12 21:08:04,070] {dagbag.py:496} INFO - Filling up the DagBag from /home/airflow/.local/lib/python3.6/site-packages/airflow/example_dags/tutorial_taskflow_api_etl.py
[2021-07-12 21:08:04,080] {scheduler_job.py:643} INFO - DAG(s) dict_keys(['tutorial_taskflow_api_etl']) retrieved from /home/airflow/.local/lib/python3.6/site-packages/airflow/example_dags/tutorial_taskflow_api_etl.py
[2021-07-12 21:08:04,215] {logging_mixin.py:104} INFO - [2021-07-12 21:08:04,215] {dag.py:1833} INFO - Sync 1 DAGs
[2021-07-12 21:08:04,222] {logging_mixin.py:104} INFO - [2021-07-12 21:08:04,222] {dag.py:2306} INFO - Setting next_dagrun for tutorial_taskflow_api_etl to None
[2021-07-12 21:08:04,267] {scheduler_job.py:190} INFO - Processing /home/airflow/.local/lib/python3.6/site-packages/airflow/example_dags/tutorial_taskflow_api_etl.py took 0.201 seconds
[2021-07-12 21:08:34,378] {scheduler_job.py:182} INFO - Started process (PID=4535) to work on /home/airflow/.local/lib/python3.6/site-packages/airflow/example_dags/tutorial_taskflow_api_etl.py
[2021-07-12 21:08:34,379] {scheduler_job.py:633} INFO - Processing file /home/airflow/.local/lib/python3.6/site-packages/airflow/example_dags/tutorial_taskflow_api_etl.py for tasks to queue
[2021-07-12 21:08:34,379] {logging_mixin.py:104} INFO - [2021-07-12 21:08:34,379] {dagbag.py:496} INFO - Filling up the DagBag from /home/airflow/.local/lib/python3.6/site-packages/airflow/example_dags/tutorial_taskflow_api_etl.py
[2021-07-12 21:08:34,387] {scheduler_job.py:643} INFO - DAG(s) dict_keys(['tutorial_taskflow_api_etl']) retrieved from /home/airflow/.local/lib/python3.6/site-packages/airflow/example_dags/tutorial_taskflow_api_etl.py
[2021-07-12 21:08:34,517] {logging_mixin.py:104} INFO - [2021-07-12 21:08:34,517] {dag.py:1833} INFO - Sync 1 DAGs
[2021-07-12 21:08:34,526] {logging_mixin.py:104} INFO - [2021-07-12 21:08:34,526] {dag.py:2306} INFO - Setting next_dagrun for tutorial_taskflow_api_etl to None
[2021-07-12 21:08:34,531] {scheduler_job.py:190} INFO - Processing /home/airflow/.local/lib/python3.6/site-packages/airflow/example_dags/tutorial_taskflow_api_etl.py took 0.155 seconds
