[2021-07-17 13:59:39,445] {taskinstance.py:896} INFO - Dependencies all met for <TaskInstance: parallel_dag.bash_task1 2021-07-17T13:59:38.534695+00:00 [queued]>
[2021-07-17 13:59:39,457] {taskinstance.py:896} INFO - Dependencies all met for <TaskInstance: parallel_dag.bash_task1 2021-07-17T13:59:38.534695+00:00 [queued]>
[2021-07-17 13:59:39,457] {taskinstance.py:1087} INFO - 
--------------------------------------------------------------------------------
[2021-07-17 13:59:39,457] {taskinstance.py:1088} INFO - Starting attempt 1 of 1
[2021-07-17 13:59:39,457] {taskinstance.py:1089} INFO - 
--------------------------------------------------------------------------------
[2021-07-17 13:59:39,469] {taskinstance.py:1107} INFO - Executing <Task(BashOperator): bash_task1> on 2021-07-17T13:59:38.534695+00:00
[2021-07-17 13:59:39,472] {standard_task_runner.py:52} INFO - Started process 8926 to run task
[2021-07-17 13:59:39,475] {standard_task_runner.py:76} INFO - Running: ['***', 'tasks', 'run', 'parallel_dag', 'bash_task1', '2021-07-17T13:59:38.534695+00:00', '--job-id', '834', '--pool', 'default_pool', '--raw', '--subdir', 'DAGS_FOLDER/parallel_dag.py', '--cfg-path', '/tmp/tmpymja699r', '--error-file', '/tmp/tmpuy62r3rs']
[2021-07-17 13:59:39,475] {standard_task_runner.py:77} INFO - Job 834: Subtask bash_task1
[2021-07-17 13:59:39,502] {logging_mixin.py:104} INFO - Running <TaskInstance: parallel_dag.bash_task1 2021-07-17T13:59:38.534695+00:00 [running]> on host 120364900fc4
[2021-07-17 13:59:39,545] {taskinstance.py:1302} INFO - Exporting the following env vars:
AIRFLOW_CTX_DAG_OWNER=***
AIRFLOW_CTX_DAG_ID=parallel_dag
AIRFLOW_CTX_TASK_ID=bash_task1
AIRFLOW_CTX_EXECUTION_DATE=2021-07-17T13:59:38.534695+00:00
AIRFLOW_CTX_DAG_RUN_ID=manual__2021-07-17T13:59:38.534695+00:00
[2021-07-17 13:59:39,545] {subprocess.py:52} INFO - Tmp dir root location: 
 /tmp
[2021-07-17 13:59:39,546] {subprocess.py:63} INFO - Running command: ['bash', '-c', 'sleep 3']
[2021-07-17 13:59:39,555] {subprocess.py:75} INFO - Output:
[2021-07-17 13:59:42,557] {subprocess.py:83} INFO - Command exited with return code 0
[2021-07-17 13:59:42,589] {taskinstance.py:1211} INFO - Marking task as SUCCESS. dag_id=parallel_dag, task_id=bash_task1, execution_date=20210717T135938, start_date=20210717T135939, end_date=20210717T135942
[2021-07-17 13:59:42,625] {taskinstance.py:1265} INFO - 2 downstream tasks scheduled from follow-on schedule check
[2021-07-17 13:59:42,653] {local_task_job.py:151} INFO - Task exited with return code 0
