[2021-07-17 13:58:42,211] {taskinstance.py:896} INFO - Dependencies all met for <TaskInstance: user_processing.extracting_user 2020-06-08T00:00:00+00:00 [queued]>
[2021-07-17 13:58:42,229] {taskinstance.py:896} INFO - Dependencies all met for <TaskInstance: user_processing.extracting_user 2020-06-08T00:00:00+00:00 [queued]>
[2021-07-17 13:58:42,229] {taskinstance.py:1087} INFO - 
--------------------------------------------------------------------------------
[2021-07-17 13:58:42,229] {taskinstance.py:1088} INFO - Starting attempt 1 of 1
[2021-07-17 13:58:42,229] {taskinstance.py:1089} INFO - 
--------------------------------------------------------------------------------
[2021-07-17 13:58:42,278] {taskinstance.py:1107} INFO - Executing <Task(SimpleHttpOperator): extracting_user> on 2020-06-08T00:00:00+00:00
[2021-07-17 13:58:42,284] {standard_task_runner.py:52} INFO - Started process 8821 to run task
[2021-07-17 13:58:42,302] {standard_task_runner.py:76} INFO - Running: ['***', 'tasks', 'run', 'user_processing', 'extracting_user', '2020-06-08T00:00:00+00:00', '--job-id', '824', '--pool', 'default_pool', '--raw', '--subdir', 'DAGS_FOLDER/user_processing.py', '--cfg-path', '/tmp/tmphnn0ljcu', '--error-file', '/tmp/tmpbqporgaz']
[2021-07-17 13:58:42,302] {standard_task_runner.py:77} INFO - Job 824: Subtask extracting_user
[2021-07-17 13:58:42,378] {logging_mixin.py:104} INFO - Running <TaskInstance: user_processing.extracting_user 2020-06-08T00:00:00+00:00 [running]> on host 120364900fc4
[2021-07-17 13:58:42,456] {taskinstance.py:1302} INFO - Exporting the following env vars:
AIRFLOW_CTX_DAG_OWNER=***
AIRFLOW_CTX_DAG_ID=user_processing
AIRFLOW_CTX_TASK_ID=extracting_user
AIRFLOW_CTX_EXECUTION_DATE=2020-06-08T00:00:00+00:00
AIRFLOW_CTX_DAG_RUN_ID=scheduled__2020-06-08T00:00:00+00:00
[2021-07-17 13:58:42,456] {http.py:111} INFO - Calling HTTP method
[2021-07-17 13:58:42,468] {base.py:78} INFO - Using connection to: id: user_api. Host: https://randomuser.me/, Port: None, Schema: , Login: , Password: None, extra: {}
[2021-07-17 13:58:42,469] {http.py:140} INFO - Sending 'GET' to url: https://randomuser.me/api/
[2021-07-17 13:58:42,785] {http.py:115} INFO - {"results":[{"gender":"male","name":{"title":"Mr","first":"Louis","last":"Chan"},"location":{"street":{"number":6625,"name":"Tecumseh Rd"},"city":"Aylmer","state":"Nova Scotia","country":"Canada","postcode":"P1P 3H5","coordinates":{"latitude":"-67.8349","longitude":"-33.1470"},"timezone":{"offset":"-1:00","description":"Azores, Cape Verde Islands"}},"email":"louis.chan@example.com","login":{"uuid":"926ae081-fd6a-430b-a637-95d00f7ffbf7","username":"blueladybug644","password":"getmoney","salt":"0ZzQmdUj","md5":"6902b0765ddd75a378bf8ca37828f8f4","sha1":"37bf8d99777196f1585fe9ed3969d6c0571d825b","sha256":"5fd7cda5a69daa4930b09cfdf27470686b48d35ae09c1ed9300477088698edbc"},"dob":{"date":"1963-08-03T20:33:04.171Z","age":58},"registered":{"date":"2017-02-22T18:16:55.004Z","age":4},"phone":"094-997-9491","cell":"922-286-6756","id":{"name":"","value":null},"picture":{"large":"https://randomuser.me/api/portraits/men/4.jpg","medium":"https://randomuser.me/api/portraits/med/men/4.jpg","thumbnail":"https://randomuser.me/api/portraits/thumb/men/4.jpg"},"nat":"CA"}],"info":{"seed":"db77a11c5e159751","results":1,"page":1,"version":"1.3"}}
[2021-07-17 13:58:42,817] {taskinstance.py:1211} INFO - Marking task as SUCCESS. dag_id=user_processing, task_id=extracting_user, execution_date=20200608T000000, start_date=20210717T135842, end_date=20210717T135842
[2021-07-17 13:58:42,837] {taskinstance.py:1265} INFO - 1 downstream tasks scheduled from follow-on schedule check
[2021-07-17 13:58:42,868] {local_task_job.py:151} INFO - Task exited with return code 0
