[2021-07-17 13:57:07,699] {taskinstance.py:896} INFO - Dependencies all met for <TaskInstance: user_processing.extracting_user 2020-04-17T00:00:00+00:00 [queued]>
[2021-07-17 13:57:07,716] {taskinstance.py:896} INFO - Dependencies all met for <TaskInstance: user_processing.extracting_user 2020-04-17T00:00:00+00:00 [queued]>
[2021-07-17 13:57:07,716] {taskinstance.py:1087} INFO - 
--------------------------------------------------------------------------------
[2021-07-17 13:57:07,716] {taskinstance.py:1088} INFO - Starting attempt 1 of 1
[2021-07-17 13:57:07,716] {taskinstance.py:1089} INFO - 
--------------------------------------------------------------------------------
[2021-07-17 13:57:07,781] {taskinstance.py:1107} INFO - Executing <Task(SimpleHttpOperator): extracting_user> on 2020-04-17T00:00:00+00:00
[2021-07-17 13:57:07,808] {standard_task_runner.py:52} INFO - Started process 7994 to run task
[2021-07-17 13:57:07,838] {standard_task_runner.py:76} INFO - Running: ['***', 'tasks', 'run', 'user_processing', 'extracting_user', '2020-04-17T00:00:00+00:00', '--job-id', '563', '--pool', 'default_pool', '--raw', '--subdir', 'DAGS_FOLDER/user_processing.py', '--cfg-path', '/tmp/tmpi6xjbi4d', '--error-file', '/tmp/tmpnrwd3o8t']
[2021-07-17 13:57:07,838] {standard_task_runner.py:77} INFO - Job 563: Subtask extracting_user
[2021-07-17 13:57:07,928] {logging_mixin.py:104} INFO - Running <TaskInstance: user_processing.extracting_user 2020-04-17T00:00:00+00:00 [running]> on host 120364900fc4
[2021-07-17 13:57:08,005] {taskinstance.py:1302} INFO - Exporting the following env vars:
AIRFLOW_CTX_DAG_OWNER=***
AIRFLOW_CTX_DAG_ID=user_processing
AIRFLOW_CTX_TASK_ID=extracting_user
AIRFLOW_CTX_EXECUTION_DATE=2020-04-17T00:00:00+00:00
AIRFLOW_CTX_DAG_RUN_ID=scheduled__2020-04-17T00:00:00+00:00
[2021-07-17 13:57:08,006] {http.py:111} INFO - Calling HTTP method
[2021-07-17 13:57:08,016] {base.py:78} INFO - Using connection to: id: user_api. Host: https://randomuser.me/, Port: None, Schema: , Login: , Password: None, extra: {}
[2021-07-17 13:57:08,018] {http.py:140} INFO - Sending 'GET' to url: https://randomuser.me/api/
[2021-07-17 13:57:08,357] {http.py:115} INFO - {"results":[{"gender":"male","name":{"title":"Mr","first":"Sam","last":"Warren"},"location":{"street":{"number":4820,"name":"Jones Road"},"city":"Navan","state":"Longford","country":"Ireland","postcode":29886,"coordinates":{"latitude":"19.4608","longitude":"-177.8062"},"timezone":{"offset":"+11:00","description":"Magadan, Solomon Islands, New Caledonia"}},"email":"sam.warren@example.com","login":{"uuid":"def75a93-870b-443b-93e7-76a457934406","username":"tinyladybug543","password":"carlitos","salt":"HDcTqpSg","md5":"9227e2c3cca67b8d04cf4b0fc9e8e50c","sha1":"5274b44de68d14b7cad28db9bf2a1cbbc078672b","sha256":"66943523012357e9228efdebd9dda663199c0b49e9704936e2b76f17ab4c6638"},"dob":{"date":"1966-03-28T17:27:55.695Z","age":55},"registered":{"date":"2014-01-10T20:18:29.537Z","age":7},"phone":"031-462-2304","cell":"081-632-8839","id":{"name":"PPS","value":"7084702T"},"picture":{"large":"https://randomuser.me/api/portraits/men/30.jpg","medium":"https://randomuser.me/api/portraits/med/men/30.jpg","thumbnail":"https://randomuser.me/api/portraits/thumb/men/30.jpg"},"nat":"IE"}],"info":{"seed":"948477a95ef514ca","results":1,"page":1,"version":"1.3"}}
[2021-07-17 13:57:08,393] {taskinstance.py:1211} INFO - Marking task as SUCCESS. dag_id=user_processing, task_id=extracting_user, execution_date=20200417T000000, start_date=20210717T135707, end_date=20210717T135708
[2021-07-17 13:57:08,440] {taskinstance.py:1265} INFO - 1 downstream tasks scheduled from follow-on schedule check
[2021-07-17 13:57:08,480] {local_task_job.py:151} INFO - Task exited with return code 0
