[2021-07-17 13:57:34,429] {taskinstance.py:896} INFO - Dependencies all met for <TaskInstance: user_processing.extracting_user 2020-04-23T00:00:00+00:00 [queued]>
[2021-07-17 13:57:34,451] {taskinstance.py:896} INFO - Dependencies all met for <TaskInstance: user_processing.extracting_user 2020-04-23T00:00:00+00:00 [queued]>
[2021-07-17 13:57:34,452] {taskinstance.py:1087} INFO - 
--------------------------------------------------------------------------------
[2021-07-17 13:57:34,452] {taskinstance.py:1088} INFO - Starting attempt 1 of 1
[2021-07-17 13:57:34,452] {taskinstance.py:1089} INFO - 
--------------------------------------------------------------------------------
[2021-07-17 13:57:34,477] {taskinstance.py:1107} INFO - Executing <Task(SimpleHttpOperator): extracting_user> on 2020-04-23T00:00:00+00:00
[2021-07-17 13:57:34,481] {standard_task_runner.py:52} INFO - Started process 8169 to run task
[2021-07-17 13:57:34,500] {standard_task_runner.py:76} INFO - Running: ['***', 'tasks', 'run', 'user_processing', 'extracting_user', '2020-04-23T00:00:00+00:00', '--job-id', '613', '--pool', 'default_pool', '--raw', '--subdir', 'DAGS_FOLDER/user_processing.py', '--cfg-path', '/tmp/tmpt0dmgedt', '--error-file', '/tmp/tmpxj_unc72']
[2021-07-17 13:57:34,500] {standard_task_runner.py:77} INFO - Job 613: Subtask extracting_user
[2021-07-17 13:57:34,578] {logging_mixin.py:104} INFO - Running <TaskInstance: user_processing.extracting_user 2020-04-23T00:00:00+00:00 [running]> on host 120364900fc4
[2021-07-17 13:57:34,657] {taskinstance.py:1302} INFO - Exporting the following env vars:
AIRFLOW_CTX_DAG_OWNER=***
AIRFLOW_CTX_DAG_ID=user_processing
AIRFLOW_CTX_TASK_ID=extracting_user
AIRFLOW_CTX_EXECUTION_DATE=2020-04-23T00:00:00+00:00
AIRFLOW_CTX_DAG_RUN_ID=scheduled__2020-04-23T00:00:00+00:00
[2021-07-17 13:57:34,658] {http.py:111} INFO - Calling HTTP method
[2021-07-17 13:57:34,668] {base.py:78} INFO - Using connection to: id: user_api. Host: https://randomuser.me/, Port: None, Schema: , Login: , Password: None, extra: {}
[2021-07-17 13:57:34,671] {http.py:140} INFO - Sending 'GET' to url: https://randomuser.me/api/
[2021-07-17 13:57:35,196] {http.py:115} INFO - {"results":[{"gender":"male","name":{"title":"Mr","first":"Nísio","last":"Teixeira"},"location":{"street":{"number":7230,"name":"Rua Rio de Janeiro "},"city":"Guarapuava","state":"Rondônia","country":"Brazil","postcode":48895,"coordinates":{"latitude":"-76.7845","longitude":"-14.7338"},"timezone":{"offset":"-4:00","description":"Atlantic Time (Canada), Caracas, La Paz"}},"email":"nisio.teixeira@example.com","login":{"uuid":"bf4b95c6-99d1-4bb9-8354-d022068406d3","username":"greenelephant866","password":"columbus","salt":"LJ1eSSJF","md5":"c14012e72f922979aa2d6cc9f92a346c","sha1":"36ddaae36483191e001464b3dc865179a2ddefe3","sha256":"0e561a77cfc20165ecdc716887b902ea4c11f672cba0f859d6262f683b68529c"},"dob":{"date":"1947-09-13T01:18:37.490Z","age":74},"registered":{"date":"2004-12-13T09:50:58.746Z","age":17},"phone":"(04) 5203-8270","cell":"(04) 2336-3230","id":{"name":"","value":null},"picture":{"large":"https://randomuser.me/api/portraits/men/14.jpg","medium":"https://randomuser.me/api/portraits/med/men/14.jpg","thumbnail":"https://randomuser.me/api/portraits/thumb/men/14.jpg"},"nat":"BR"}],"info":{"seed":"6e1b673b5f6efe4e","results":1,"page":1,"version":"1.3"}}
[2021-07-17 13:57:35,224] {taskinstance.py:1211} INFO - Marking task as SUCCESS. dag_id=user_processing, task_id=extracting_user, execution_date=20200423T000000, start_date=20210717T135734, end_date=20210717T135735
[2021-07-17 13:57:35,270] {taskinstance.py:1265} INFO - 0 downstream tasks scheduled from follow-on schedule check
[2021-07-17 13:57:35,316] {local_task_job.py:151} INFO - Task exited with return code 0
