[2021-07-17 13:56:10,162] {taskinstance.py:896} INFO - Dependencies all met for <TaskInstance: user_processing.extracting_user 2020-03-10T00:00:00+00:00 [queued]>
[2021-07-17 13:56:10,185] {taskinstance.py:896} INFO - Dependencies all met for <TaskInstance: user_processing.extracting_user 2020-03-10T00:00:00+00:00 [queued]>
[2021-07-17 13:56:10,185] {taskinstance.py:1087} INFO - 
--------------------------------------------------------------------------------
[2021-07-17 13:56:10,187] {taskinstance.py:1088} INFO - Starting attempt 1 of 1
[2021-07-17 13:56:10,187] {taskinstance.py:1089} INFO - 
--------------------------------------------------------------------------------
[2021-07-17 13:56:10,212] {taskinstance.py:1107} INFO - Executing <Task(SimpleHttpOperator): extracting_user> on 2020-03-10T00:00:00+00:00
[2021-07-17 13:56:10,232] {standard_task_runner.py:52} INFO - Started process 7440 to run task
[2021-07-17 13:56:10,237] {standard_task_runner.py:76} INFO - Running: ['***', 'tasks', 'run', 'user_processing', 'extracting_user', '2020-03-10T00:00:00+00:00', '--job-id', '385', '--pool', 'default_pool', '--raw', '--subdir', 'DAGS_FOLDER/user_processing.py', '--cfg-path', '/tmp/tmpspbln7m2', '--error-file', '/tmp/tmphwdjz3ze']
[2021-07-17 13:56:10,238] {standard_task_runner.py:77} INFO - Job 385: Subtask extracting_user
[2021-07-17 13:56:10,317] {logging_mixin.py:104} INFO - Running <TaskInstance: user_processing.extracting_user 2020-03-10T00:00:00+00:00 [running]> on host 120364900fc4
[2021-07-17 13:56:10,423] {taskinstance.py:1302} INFO - Exporting the following env vars:
AIRFLOW_CTX_DAG_OWNER=***
AIRFLOW_CTX_DAG_ID=user_processing
AIRFLOW_CTX_TASK_ID=extracting_user
AIRFLOW_CTX_EXECUTION_DATE=2020-03-10T00:00:00+00:00
AIRFLOW_CTX_DAG_RUN_ID=scheduled__2020-03-10T00:00:00+00:00
[2021-07-17 13:56:10,423] {http.py:111} INFO - Calling HTTP method
[2021-07-17 13:56:10,430] {base.py:78} INFO - Using connection to: id: user_api. Host: https://randomuser.me/, Port: None, Schema: , Login: , Password: None, extra: {}
[2021-07-17 13:56:10,431] {http.py:140} INFO - Sending 'GET' to url: https://randomuser.me/api/
[2021-07-17 13:56:11,023] {http.py:115} INFO - {"results":[{"gender":"female","name":{"title":"Miss","first":"Lidia","last":"Vidal"},"location":{"street":{"number":3930,"name":"Calle de Argumosa"},"city":"Valencia","state":"Cataluña","country":"Spain","postcode":20215,"coordinates":{"latitude":"-17.3773","longitude":"110.3301"},"timezone":{"offset":"-1:00","description":"Azores, Cape Verde Islands"}},"email":"lidia.vidal@example.com","login":{"uuid":"8f4665e6-150f-4a39-9acf-350984929bbb","username":"yellowduck395","password":"services","salt":"ta8OmLLM","md5":"7d1bb54c381153b5c57e7824734bde82","sha1":"ef66eacb11d02bd96e8df9738e0078b421bf459f","sha256":"6adb69ebf81059d601e5fd8c053173f2f099dc450891f0ddc427621883b146fd"},"dob":{"date":"1947-10-26T15:48:48.214Z","age":74},"registered":{"date":"2012-10-22T17:07:15.497Z","age":9},"phone":"936-156-778","cell":"665-864-626","id":{"name":"DNI","value":"01419312-Y"},"picture":{"large":"https://randomuser.me/api/portraits/women/54.jpg","medium":"https://randomuser.me/api/portraits/med/women/54.jpg","thumbnail":"https://randomuser.me/api/portraits/thumb/women/54.jpg"},"nat":"ES"}],"info":{"seed":"f64c6d4f4b4d5030","results":1,"page":1,"version":"1.3"}}
[2021-07-17 13:56:11,060] {taskinstance.py:1211} INFO - Marking task as SUCCESS. dag_id=user_processing, task_id=extracting_user, execution_date=20200310T000000, start_date=20210717T135610, end_date=20210717T135611
[2021-07-17 13:56:11,101] {taskinstance.py:1265} INFO - 1 downstream tasks scheduled from follow-on schedule check
[2021-07-17 13:56:11,144] {local_task_job.py:151} INFO - Task exited with return code 0
