[2021-07-15 21:43:04,310] {taskinstance.py:896} INFO - Dependencies all met for <TaskInstance: user_processing.extracting_user 2020-02-13T00:00:00+00:00 [queued]>
[2021-07-15 21:43:04,352] {taskinstance.py:896} INFO - Dependencies all met for <TaskInstance: user_processing.extracting_user 2020-02-13T00:00:00+00:00 [queued]>
[2021-07-15 21:43:04,353] {taskinstance.py:1087} INFO - 
--------------------------------------------------------------------------------
[2021-07-15 21:43:04,353] {taskinstance.py:1088} INFO - Starting attempt 1 of 1
[2021-07-15 21:43:04,353] {taskinstance.py:1089} INFO - 
--------------------------------------------------------------------------------
[2021-07-15 21:43:04,360] {taskinstance.py:1107} INFO - Executing <Task(SimpleHttpOperator): extracting_user> on 2020-02-13T00:00:00+00:00
[2021-07-15 21:43:04,367] {standard_task_runner.py:52} INFO - Started process 5824 to run task
[2021-07-15 21:43:04,378] {standard_task_runner.py:76} INFO - Running: ['***', 'tasks', 'run', 'user_processing', 'extracting_user', '2020-02-13T00:00:00+00:00', '--job-id', '241', '--pool', 'default_pool', '--raw', '--subdir', 'DAGS_FOLDER/user_processing.py', '--cfg-path', '/tmp/tmpgvnilx7v', '--error-file', '/tmp/tmpuaizx1r4']
[2021-07-15 21:43:04,378] {standard_task_runner.py:77} INFO - Job 241: Subtask extracting_user
[2021-07-15 21:43:04,487] {logging_mixin.py:104} INFO - Running <TaskInstance: user_processing.extracting_user 2020-02-13T00:00:00+00:00 [running]> on host 120364900fc4
[2021-07-15 21:43:04,611] {taskinstance.py:1302} INFO - Exporting the following env vars:
AIRFLOW_CTX_DAG_OWNER=***
AIRFLOW_CTX_DAG_ID=user_processing
AIRFLOW_CTX_TASK_ID=extracting_user
AIRFLOW_CTX_EXECUTION_DATE=2020-02-13T00:00:00+00:00
AIRFLOW_CTX_DAG_RUN_ID=scheduled__2020-02-13T00:00:00+00:00
[2021-07-15 21:43:04,612] {http.py:111} INFO - Calling HTTP method
[2021-07-15 21:43:04,621] {base.py:78} INFO - Using connection to: id: user_api. Host: https://randomuser.me/, Port: None, Schema: , Login: , Password: None, extra: {}
[2021-07-15 21:43:04,626] {http.py:140} INFO - Sending 'GET' to url: https://randomuser.me/api/
[2021-07-15 21:43:05,020] {http.py:115} INFO - {"results":[{"gender":"female","name":{"title":"Mrs","first":"Tais","last":"Nascimento"},"location":{"street":{"number":5285,"name":"Rua Santa Catarina "},"city":"Fortaleza","state":"São Paulo","country":"Brazil","postcode":30372,"coordinates":{"latitude":"-71.3942","longitude":"155.1873"},"timezone":{"offset":"+4:00","description":"Abu Dhabi, Muscat, Baku, Tbilisi"}},"email":"tais.nascimento@example.com","login":{"uuid":"ea898a5e-3344-476c-9134-c03335304662","username":"crazypeacock145","password":"clark","salt":"nsqDyU2g","md5":"a709ba10fcb1e585236e9287108ad648","sha1":"4cb425a44d4aa0f04bce63d26aa2c551eca3be24","sha256":"9d355f8f9a4c3638fc291fd98a9e8e9c724be8ff0fb50dfad86aeab18f169ff5"},"dob":{"date":"1957-09-07T11:31:47.674Z","age":64},"registered":{"date":"2005-12-09T04:39:28.694Z","age":16},"phone":"(31) 0234-1505","cell":"(59) 1825-1063","id":{"name":"","value":null},"picture":{"large":"https://randomuser.me/api/portraits/women/18.jpg","medium":"https://randomuser.me/api/portraits/med/women/18.jpg","thumbnail":"https://randomuser.me/api/portraits/thumb/women/18.jpg"},"nat":"BR"}],"info":{"seed":"fd17db4501f881f4","results":1,"page":1,"version":"1.3"}}
[2021-07-15 21:43:05,087] {taskinstance.py:1211} INFO - Marking task as SUCCESS. dag_id=user_processing, task_id=extracting_user, execution_date=20200213T000000, start_date=20210715T214304, end_date=20210715T214305
[2021-07-15 21:43:05,138] {taskinstance.py:1265} INFO - 1 downstream tasks scheduled from follow-on schedule check
[2021-07-15 21:43:05,165] {local_task_job.py:151} INFO - Task exited with return code 0
