[2021-07-17 13:57:34,418] {taskinstance.py:896} INFO - Dependencies all met for <TaskInstance: user_processing.extracting_user 2020-04-22T00:00:00+00:00 [queued]>
[2021-07-17 13:57:34,435] {taskinstance.py:896} INFO - Dependencies all met for <TaskInstance: user_processing.extracting_user 2020-04-22T00:00:00+00:00 [queued]>
[2021-07-17 13:57:34,435] {taskinstance.py:1087} INFO - 
--------------------------------------------------------------------------------
[2021-07-17 13:57:34,435] {taskinstance.py:1088} INFO - Starting attempt 1 of 1
[2021-07-17 13:57:34,435] {taskinstance.py:1089} INFO - 
--------------------------------------------------------------------------------
[2021-07-17 13:57:34,488] {taskinstance.py:1107} INFO - Executing <Task(SimpleHttpOperator): extracting_user> on 2020-04-22T00:00:00+00:00
[2021-07-17 13:57:34,508] {standard_task_runner.py:52} INFO - Started process 8170 to run task
[2021-07-17 13:57:34,520] {standard_task_runner.py:76} INFO - Running: ['***', 'tasks', 'run', 'user_processing', 'extracting_user', '2020-04-22T00:00:00+00:00', '--job-id', '612', '--pool', 'default_pool', '--raw', '--subdir', 'DAGS_FOLDER/user_processing.py', '--cfg-path', '/tmp/tmpzisoo2nj', '--error-file', '/tmp/tmpvpac0ogb']
[2021-07-17 13:57:34,520] {standard_task_runner.py:77} INFO - Job 612: Subtask extracting_user
[2021-07-17 13:57:34,617] {logging_mixin.py:104} INFO - Running <TaskInstance: user_processing.extracting_user 2020-04-22T00:00:00+00:00 [running]> on host 120364900fc4
[2021-07-17 13:57:34,701] {taskinstance.py:1302} INFO - Exporting the following env vars:
AIRFLOW_CTX_DAG_OWNER=***
AIRFLOW_CTX_DAG_ID=user_processing
AIRFLOW_CTX_TASK_ID=extracting_user
AIRFLOW_CTX_EXECUTION_DATE=2020-04-22T00:00:00+00:00
AIRFLOW_CTX_DAG_RUN_ID=scheduled__2020-04-22T00:00:00+00:00
[2021-07-17 13:57:34,702] {http.py:111} INFO - Calling HTTP method
[2021-07-17 13:57:34,717] {base.py:78} INFO - Using connection to: id: user_api. Host: https://randomuser.me/, Port: None, Schema: , Login: , Password: None, extra: {}
[2021-07-17 13:57:34,718] {http.py:140} INFO - Sending 'GET' to url: https://randomuser.me/api/
[2021-07-17 13:57:35,190] {http.py:115} INFO - {"results":[{"gender":"female","name":{"title":"Miss","first":"Danielle","last":"Wheeler"},"location":{"street":{"number":222,"name":"Alexander Road"},"city":"Clane","state":"Dublin City","country":"Ireland","postcode":43856,"coordinates":{"latitude":"23.5987","longitude":"140.3449"},"timezone":{"offset":"-1:00","description":"Azores, Cape Verde Islands"}},"email":"danielle.wheeler@example.com","login":{"uuid":"4f460043-674b-42d2-a4cb-a483bc06adc3","username":"redostrich374","password":"respect","salt":"CsRjZiOr","md5":"ebb0b58f82a5f0d0cbb441b22571294b","sha1":"940bdd37f9868c1267c0ec5f6c8622f255640d01","sha256":"2531f92e2c395ba635dbcf7e97791e88a1a7d59cda7afc77cbba060f8efa5cbd"},"dob":{"date":"1973-02-19T06:47:18.070Z","age":48},"registered":{"date":"2005-08-12T04:39:37.196Z","age":16},"phone":"061-036-8713","cell":"081-266-6377","id":{"name":"PPS","value":"7234968T"},"picture":{"large":"https://randomuser.me/api/portraits/women/71.jpg","medium":"https://randomuser.me/api/portraits/med/women/71.jpg","thumbnail":"https://randomuser.me/api/portraits/thumb/women/71.jpg"},"nat":"IE"}],"info":{"seed":"9beb9f0e5bfb0e46","results":1,"page":1,"version":"1.3"}}
[2021-07-17 13:57:35,220] {taskinstance.py:1211} INFO - Marking task as SUCCESS. dag_id=user_processing, task_id=extracting_user, execution_date=20200422T000000, start_date=20210717T135734, end_date=20210717T135735
[2021-07-17 13:57:35,278] {taskinstance.py:1265} INFO - 0 downstream tasks scheduled from follow-on schedule check
[2021-07-17 13:57:35,312] {local_task_job.py:151} INFO - Task exited with return code 0
