[2021-07-15 21:42:05,360] {taskinstance.py:896} INFO - Dependencies all met for <TaskInstance: user_processing.extracting_user 2020-01-14T00:00:00+00:00 [queued]>
[2021-07-15 21:42:05,385] {taskinstance.py:896} INFO - Dependencies all met for <TaskInstance: user_processing.extracting_user 2020-01-14T00:00:00+00:00 [queued]>
[2021-07-15 21:42:05,385] {taskinstance.py:1087} INFO - 
--------------------------------------------------------------------------------
[2021-07-15 21:42:05,385] {taskinstance.py:1088} INFO - Starting attempt 1 of 1
[2021-07-15 21:42:05,385] {taskinstance.py:1089} INFO - 
--------------------------------------------------------------------------------
[2021-07-15 21:42:05,395] {taskinstance.py:1107} INFO - Executing <Task(SimpleHttpOperator): extracting_user> on 2020-01-14T00:00:00+00:00
[2021-07-15 21:42:05,400] {standard_task_runner.py:52} INFO - Started process 5360 to run task
[2021-07-15 21:42:05,405] {standard_task_runner.py:76} INFO - Running: ['***', 'tasks', 'run', 'user_processing', 'extracting_user', '2020-01-14T00:00:00+00:00', '--job-id', '91', '--pool', 'default_pool', '--raw', '--subdir', 'DAGS_FOLDER/user_processing.py', '--cfg-path', '/tmp/tmpnd2iy850', '--error-file', '/tmp/tmprpla_ks5']
[2021-07-15 21:42:05,405] {standard_task_runner.py:77} INFO - Job 91: Subtask extracting_user
[2021-07-15 21:42:05,506] {logging_mixin.py:104} INFO - Running <TaskInstance: user_processing.extracting_user 2020-01-14T00:00:00+00:00 [running]> on host 120364900fc4
[2021-07-15 21:42:05,601] {taskinstance.py:1302} INFO - Exporting the following env vars:
AIRFLOW_CTX_DAG_OWNER=***
AIRFLOW_CTX_DAG_ID=user_processing
AIRFLOW_CTX_TASK_ID=extracting_user
AIRFLOW_CTX_EXECUTION_DATE=2020-01-14T00:00:00+00:00
AIRFLOW_CTX_DAG_RUN_ID=scheduled__2020-01-14T00:00:00+00:00
[2021-07-15 21:42:05,602] {http.py:111} INFO - Calling HTTP method
[2021-07-15 21:42:05,628] {base.py:78} INFO - Using connection to: id: user_api. Host: https://randomuser.me/, Port: None, Schema: , Login: , Password: None, extra: {}
[2021-07-15 21:42:05,630] {http.py:140} INFO - Sending 'GET' to url: https://randomuser.me/api/
[2021-07-15 21:42:05,957] {http.py:115} INFO - {"results":[{"gender":"male","name":{"title":"Mr","first":"Joris","last":"Francois"},"location":{"street":{"number":4554,"name":"Place du 22 Novembre 1943"},"city":"Saint-Pierre","state":"Indre","country":"France","postcode":57213,"coordinates":{"latitude":"1.4331","longitude":"-122.4391"},"timezone":{"offset":"-11:00","description":"Midway Island, Samoa"}},"email":"joris.francois@example.com","login":{"uuid":"65174d78-4b71-4ebe-bca1-f045f3f0c272","username":"redbutterfly955","password":"service","salt":"rSBh3S79","md5":"ad46181df8205b84d539a29d5e8f4d9b","sha1":"96c048fbc011297b8497363a42c9fcb2d2a2979b","sha256":"d6885cd11db734680c2247bf3de12ea52e1c3cca9db5ad94d688fb86998fe44a"},"dob":{"date":"1947-04-25T02:38:49.619Z","age":74},"registered":{"date":"2007-02-11T14:02:54.711Z","age":14},"phone":"05-29-07-14-15","cell":"06-14-59-50-48","id":{"name":"INSEE","value":"1NNaN51126763 84"},"picture":{"large":"https://randomuser.me/api/portraits/men/36.jpg","medium":"https://randomuser.me/api/portraits/med/men/36.jpg","thumbnail":"https://randomuser.me/api/portraits/thumb/men/36.jpg"},"nat":"FR"}],"info":{"seed":"72f460167c0c89b6","results":1,"page":1,"version":"1.3"}}
[2021-07-15 21:42:05,983] {taskinstance.py:1211} INFO - Marking task as SUCCESS. dag_id=user_processing, task_id=extracting_user, execution_date=20200114T000000, start_date=20210715T214205, end_date=20210715T214205
[2021-07-15 21:42:06,104] {taskinstance.py:1265} INFO - 0 downstream tasks scheduled from follow-on schedule check
[2021-07-15 21:42:06,146] {local_task_job.py:151} INFO - Task exited with return code 0
