[2021-07-17 13:57:36,043] {taskinstance.py:896} INFO - Dependencies all met for <TaskInstance: user_processing.extracting_user 2020-04-29T00:00:00+00:00 [queued]>
[2021-07-17 13:57:36,061] {taskinstance.py:896} INFO - Dependencies all met for <TaskInstance: user_processing.extracting_user 2020-04-29T00:00:00+00:00 [queued]>
[2021-07-17 13:57:36,061] {taskinstance.py:1087} INFO - 
--------------------------------------------------------------------------------
[2021-07-17 13:57:36,061] {taskinstance.py:1088} INFO - Starting attempt 1 of 1
[2021-07-17 13:57:36,063] {taskinstance.py:1089} INFO - 
--------------------------------------------------------------------------------
[2021-07-17 13:57:36,093] {taskinstance.py:1107} INFO - Executing <Task(SimpleHttpOperator): extracting_user> on 2020-04-29T00:00:00+00:00
[2021-07-17 13:57:36,100] {standard_task_runner.py:52} INFO - Started process 8200 to run task
[2021-07-17 13:57:36,109] {standard_task_runner.py:76} INFO - Running: ['***', 'tasks', 'run', 'user_processing', 'extracting_user', '2020-04-29T00:00:00+00:00', '--job-id', '625', '--pool', 'default_pool', '--raw', '--subdir', 'DAGS_FOLDER/user_processing.py', '--cfg-path', '/tmp/tmp2xxmrrg8', '--error-file', '/tmp/tmpblzufl11']
[2021-07-17 13:57:36,109] {standard_task_runner.py:77} INFO - Job 625: Subtask extracting_user
[2021-07-17 13:57:36,226] {logging_mixin.py:104} INFO - Running <TaskInstance: user_processing.extracting_user 2020-04-29T00:00:00+00:00 [running]> on host 120364900fc4
[2021-07-17 13:57:36,468] {taskinstance.py:1302} INFO - Exporting the following env vars:
AIRFLOW_CTX_DAG_OWNER=***
AIRFLOW_CTX_DAG_ID=user_processing
AIRFLOW_CTX_TASK_ID=extracting_user
AIRFLOW_CTX_EXECUTION_DATE=2020-04-29T00:00:00+00:00
AIRFLOW_CTX_DAG_RUN_ID=scheduled__2020-04-29T00:00:00+00:00
[2021-07-17 13:57:36,468] {http.py:111} INFO - Calling HTTP method
[2021-07-17 13:57:36,495] {base.py:78} INFO - Using connection to: id: user_api. Host: https://randomuser.me/, Port: None, Schema: , Login: , Password: None, extra: {}
[2021-07-17 13:57:36,497] {http.py:140} INFO - Sending 'GET' to url: https://randomuser.me/api/
[2021-07-17 13:57:36,918] {http.py:115} INFO - {"results":[{"gender":"male","name":{"title":"Mr","first":"Volkan","last":"Topaloğlu"},"location":{"street":{"number":1465,"name":"Şehitler Cd"},"city":"Kahramanmaraş","state":"Osmaniye","country":"Turkey","postcode":46133,"coordinates":{"latitude":"69.1173","longitude":"-132.1844"},"timezone":{"offset":"-10:00","description":"Hawaii"}},"email":"volkan.topaloglu@example.com","login":{"uuid":"fc1259f6-9878-48c4-8ec7-58f25d606134","username":"silverladybug423","password":"thunderb","salt":"KHDGIVrb","md5":"e5da4078796dda2f34d879bbc639d347","sha1":"12553d796710fb017788485d7783571246c89e4a","sha256":"ba71e1a833843b747453b38ecda9352b3e36a2e09ebe755716f07ad0ec459473"},"dob":{"date":"1972-01-22T19:38:59.325Z","age":49},"registered":{"date":"2019-05-18T03:05:21.381Z","age":2},"phone":"(384)-040-2227","cell":"(492)-480-2698","id":{"name":"","value":null},"picture":{"large":"https://randomuser.me/api/portraits/men/14.jpg","medium":"https://randomuser.me/api/portraits/med/men/14.jpg","thumbnail":"https://randomuser.me/api/portraits/thumb/men/14.jpg"},"nat":"TR"}],"info":{"seed":"59e10db5a95c1b27","results":1,"page":1,"version":"1.3"}}
[2021-07-17 13:57:36,995] {taskinstance.py:1211} INFO - Marking task as SUCCESS. dag_id=user_processing, task_id=extracting_user, execution_date=20200429T000000, start_date=20210717T135736, end_date=20210717T135736
[2021-07-17 13:57:37,051] {taskinstance.py:1265} INFO - 1 downstream tasks scheduled from follow-on schedule check
[2021-07-17 13:57:37,075] {local_task_job.py:151} INFO - Task exited with return code 0
