[2021-07-17 13:58:11,501] {taskinstance.py:896} INFO - Dependencies all met for <TaskInstance: user_processing.storing_user 2020-05-16T00:00:00+00:00 [queued]>
[2021-07-17 13:58:11,508] {taskinstance.py:896} INFO - Dependencies all met for <TaskInstance: user_processing.storing_user 2020-05-16T00:00:00+00:00 [queued]>
[2021-07-17 13:58:11,508] {taskinstance.py:1087} INFO - 
--------------------------------------------------------------------------------
[2021-07-17 13:58:11,508] {taskinstance.py:1088} INFO - Starting attempt 1 of 1
[2021-07-17 13:58:11,508] {taskinstance.py:1089} INFO - 
--------------------------------------------------------------------------------
[2021-07-17 13:58:11,519] {taskinstance.py:1107} INFO - Executing <Task(BashOperator): storing_user> on 2020-05-16T00:00:00+00:00
[2021-07-17 13:58:11,524] {standard_task_runner.py:52} INFO - Started process 8558 to run task
[2021-07-17 13:58:11,527] {standard_task_runner.py:76} INFO - Running: ['***', 'tasks', 'run', 'user_processing', 'storing_user', '2020-05-16T00:00:00+00:00', '--job-id', '743', '--pool', 'default_pool', '--raw', '--subdir', 'DAGS_FOLDER/user_processing.py', '--cfg-path', '/tmp/tmp0umm1fzx', '--error-file', '/tmp/tmpvhr7t1xt']
[2021-07-17 13:58:11,527] {standard_task_runner.py:77} INFO - Job 743: Subtask storing_user
[2021-07-17 13:58:11,564] {logging_mixin.py:104} INFO - Running <TaskInstance: user_processing.storing_user 2020-05-16T00:00:00+00:00 [running]> on host 120364900fc4
[2021-07-17 13:58:11,604] {taskinstance.py:1302} INFO - Exporting the following env vars:
AIRFLOW_CTX_DAG_OWNER=***
AIRFLOW_CTX_DAG_ID=user_processing
AIRFLOW_CTX_TASK_ID=storing_user
AIRFLOW_CTX_EXECUTION_DATE=2020-05-16T00:00:00+00:00
AIRFLOW_CTX_DAG_RUN_ID=scheduled__2020-05-16T00:00:00+00:00
[2021-07-17 13:58:11,605] {subprocess.py:52} INFO - Tmp dir root location: 
 /tmp
[2021-07-17 13:58:11,606] {subprocess.py:63} INFO - Running command: ['bash', '-c', 'echo -e ".separator ","\n.import /tmp/processed_user.csv users" | sqlite3 /opt/***/***.db']
[2021-07-17 13:58:11,620] {subprocess.py:75} INFO - Output:
[2021-07-17 13:58:11,627] {subprocess.py:83} INFO - Command exited with return code 0
[2021-07-17 13:58:11,652] {taskinstance.py:1211} INFO - Marking task as SUCCESS. dag_id=user_processing, task_id=storing_user, execution_date=20200516T000000, start_date=20210717T135811, end_date=20210717T135811
[2021-07-17 13:58:11,673] {taskinstance.py:1265} INFO - 0 downstream tasks scheduled from follow-on schedule check
[2021-07-17 13:58:11,698] {local_task_job.py:151} INFO - Task exited with return code 0
