[2021-07-15 21:42:33,848] {taskinstance.py:896} INFO - Dependencies all met for <TaskInstance: user_processing.extracting_user 2020-01-26T00:00:00+00:00 [queued]>
[2021-07-15 21:42:33,879] {taskinstance.py:896} INFO - Dependencies all met for <TaskInstance: user_processing.extracting_user 2020-01-26T00:00:00+00:00 [queued]>
[2021-07-15 21:42:33,879] {taskinstance.py:1087} INFO - 
--------------------------------------------------------------------------------
[2021-07-15 21:42:33,879] {taskinstance.py:1088} INFO - Starting attempt 1 of 1
[2021-07-15 21:42:33,879] {taskinstance.py:1089} INFO - 
--------------------------------------------------------------------------------
[2021-07-15 21:42:33,901] {taskinstance.py:1107} INFO - Executing <Task(SimpleHttpOperator): extracting_user> on 2020-01-26T00:00:00+00:00
[2021-07-15 21:42:33,907] {standard_task_runner.py:52} INFO - Started process 5560 to run task
[2021-07-15 21:42:33,909] {standard_task_runner.py:76} INFO - Running: ['***', 'tasks', 'run', 'user_processing', 'extracting_user', '2020-01-26T00:00:00+00:00', '--job-id', '151', '--pool', 'default_pool', '--raw', '--subdir', 'DAGS_FOLDER/user_processing.py', '--cfg-path', '/tmp/tmpw5xjzjef', '--error-file', '/tmp/tmpb1ec_6nx']
[2021-07-15 21:42:33,910] {standard_task_runner.py:77} INFO - Job 151: Subtask extracting_user
[2021-07-15 21:42:34,008] {logging_mixin.py:104} INFO - Running <TaskInstance: user_processing.extracting_user 2020-01-26T00:00:00+00:00 [running]> on host 120364900fc4
[2021-07-15 21:42:34,160] {taskinstance.py:1302} INFO - Exporting the following env vars:
AIRFLOW_CTX_DAG_OWNER=***
AIRFLOW_CTX_DAG_ID=user_processing
AIRFLOW_CTX_TASK_ID=extracting_user
AIRFLOW_CTX_EXECUTION_DATE=2020-01-26T00:00:00+00:00
AIRFLOW_CTX_DAG_RUN_ID=scheduled__2020-01-26T00:00:00+00:00
[2021-07-15 21:42:34,160] {http.py:111} INFO - Calling HTTP method
[2021-07-15 21:42:34,178] {base.py:78} INFO - Using connection to: id: user_api. Host: https://randomuser.me/, Port: None, Schema: , Login: , Password: None, extra: {}
[2021-07-15 21:42:34,182] {http.py:140} INFO - Sending 'GET' to url: https://randomuser.me/api/
[2021-07-15 21:42:34,643] {http.py:115} INFO - {"results":[{"gender":"male","name":{"title":"Mr","first":"Juho","last":"Mikkola"},"location":{"street":{"number":6925,"name":"Rotuaari"},"city":"Karvia","state":"Tavastia Proper","country":"Finland","postcode":77665,"coordinates":{"latitude":"-11.2640","longitude":"-6.8902"},"timezone":{"offset":"0:00","description":"Western Europe Time, London, Lisbon, Casablanca"}},"email":"juho.mikkola@example.com","login":{"uuid":"696bb4dc-17b8-414a-8f3f-a2bb6418e2af","username":"brownwolf695","password":"webster","salt":"gESHetOs","md5":"fbee6a9e6ae02d57eadc29811f359071","sha1":"b14c82017603c572517b2960df7c3a0823767ca6","sha256":"2ac346335a5972c611402668c14c99cc01414bc36bd5fb62753421ec73726339"},"dob":{"date":"1951-12-30T18:19:11.749Z","age":70},"registered":{"date":"2014-06-09T05:32:59.099Z","age":7},"phone":"05-205-916","cell":"049-705-52-21","id":{"name":"HETU","value":"NaNNA661undefined"},"picture":{"large":"https://randomuser.me/api/portraits/men/72.jpg","medium":"https://randomuser.me/api/portraits/med/men/72.jpg","thumbnail":"https://randomuser.me/api/portraits/thumb/men/72.jpg"},"nat":"FI"}],"info":{"seed":"e089a2ac6582c426","results":1,"page":1,"version":"1.3"}}
[2021-07-15 21:42:34,721] {taskinstance.py:1211} INFO - Marking task as SUCCESS. dag_id=user_processing, task_id=extracting_user, execution_date=20200126T000000, start_date=20210715T214233, end_date=20210715T214234
[2021-07-15 21:42:34,811] {taskinstance.py:1265} INFO - 1 downstream tasks scheduled from follow-on schedule check
[2021-07-15 21:42:34,854] {local_task_job.py:151} INFO - Task exited with return code 0
