[2021-07-17 13:56:34,989] {taskinstance.py:896} INFO - Dependencies all met for <TaskInstance: user_processing.extracting_user 2020-03-26T00:00:00+00:00 [queued]>
[2021-07-17 13:56:35,005] {taskinstance.py:896} INFO - Dependencies all met for <TaskInstance: user_processing.extracting_user 2020-03-26T00:00:00+00:00 [queued]>
[2021-07-17 13:56:35,005] {taskinstance.py:1087} INFO - 
--------------------------------------------------------------------------------
[2021-07-17 13:56:35,005] {taskinstance.py:1088} INFO - Starting attempt 1 of 1
[2021-07-17 13:56:35,005] {taskinstance.py:1089} INFO - 
--------------------------------------------------------------------------------
[2021-07-17 13:56:35,020] {taskinstance.py:1107} INFO - Executing <Task(SimpleHttpOperator): extracting_user> on 2020-03-26T00:00:00+00:00
[2021-07-17 13:56:35,024] {standard_task_runner.py:52} INFO - Started process 7682 to run task
[2021-07-17 13:56:35,026] {standard_task_runner.py:76} INFO - Running: ['***', 'tasks', 'run', 'user_processing', 'extracting_user', '2020-03-26T00:00:00+00:00', '--job-id', '462', '--pool', 'default_pool', '--raw', '--subdir', 'DAGS_FOLDER/user_processing.py', '--cfg-path', '/tmp/tmpzp6_57c4', '--error-file', '/tmp/tmpbtxtget0']
[2021-07-17 13:56:35,027] {standard_task_runner.py:77} INFO - Job 462: Subtask extracting_user
[2021-07-17 13:56:35,063] {logging_mixin.py:104} INFO - Running <TaskInstance: user_processing.extracting_user 2020-03-26T00:00:00+00:00 [running]> on host 120364900fc4
[2021-07-17 13:56:35,118] {taskinstance.py:1302} INFO - Exporting the following env vars:
AIRFLOW_CTX_DAG_OWNER=***
AIRFLOW_CTX_DAG_ID=user_processing
AIRFLOW_CTX_TASK_ID=extracting_user
AIRFLOW_CTX_EXECUTION_DATE=2020-03-26T00:00:00+00:00
AIRFLOW_CTX_DAG_RUN_ID=scheduled__2020-03-26T00:00:00+00:00
[2021-07-17 13:56:35,119] {http.py:111} INFO - Calling HTTP method
[2021-07-17 13:56:35,134] {base.py:78} INFO - Using connection to: id: user_api. Host: https://randomuser.me/, Port: None, Schema: , Login: , Password: None, extra: {}
[2021-07-17 13:56:35,135] {http.py:140} INFO - Sending 'GET' to url: https://randomuser.me/api/
[2021-07-17 13:56:35,585] {http.py:115} INFO - {"results":[{"gender":"male","name":{"title":"Mr","first":"Jonathan","last":"Medina"},"location":{"street":{"number":9343,"name":"Mcgowen St"},"city":"Redding","state":"Georgia","country":"United States","postcode":47763,"coordinates":{"latitude":"83.0080","longitude":"-155.6331"},"timezone":{"offset":"+2:00","description":"Kaliningrad, South Africa"}},"email":"jonathan.medina@example.com","login":{"uuid":"898e7b26-77e3-4e6f-bc0d-6503b80ea7b3","username":"beautifulswan482","password":"roscoe","salt":"BB4n3A97","md5":"5fa90b548bed06e21d284a0d3079684f","sha1":"7d7605076be983c403e7f23974e54893c92d25de","sha256":"edc9c41eae95485031dde9c55e3f8747bb5d84c09f1853439ff64b256ceb7279"},"dob":{"date":"1964-08-01T11:04:04.746Z","age":57},"registered":{"date":"2002-09-24T13:47:48.333Z","age":19},"phone":"(750)-964-7150","cell":"(493)-631-3306","id":{"name":"SSN","value":"716-05-7689"},"picture":{"large":"https://randomuser.me/api/portraits/men/19.jpg","medium":"https://randomuser.me/api/portraits/med/men/19.jpg","thumbnail":"https://randomuser.me/api/portraits/thumb/men/19.jpg"},"nat":"US"}],"info":{"seed":"d439bf793dc12f6c","results":1,"page":1,"version":"1.3"}}
[2021-07-17 13:56:35,644] {taskinstance.py:1211} INFO - Marking task as SUCCESS. dag_id=user_processing, task_id=extracting_user, execution_date=20200326T000000, start_date=20210717T135634, end_date=20210717T135635
[2021-07-17 13:56:35,735] {taskinstance.py:1265} INFO - 1 downstream tasks scheduled from follow-on schedule check
[2021-07-17 13:56:35,768] {local_task_job.py:151} INFO - Task exited with return code 0
