[2021-07-15 21:42:30,726] {taskinstance.py:896} INFO - Dependencies all met for <TaskInstance: user_processing.extracting_user 2020-01-17T00:00:00+00:00 [queued]>
[2021-07-15 21:42:30,776] {taskinstance.py:896} INFO - Dependencies all met for <TaskInstance: user_processing.extracting_user 2020-01-17T00:00:00+00:00 [queued]>
[2021-07-15 21:42:30,776] {taskinstance.py:1087} INFO - 
--------------------------------------------------------------------------------
[2021-07-15 21:42:30,776] {taskinstance.py:1088} INFO - Starting attempt 1 of 1
[2021-07-15 21:42:30,776] {taskinstance.py:1089} INFO - 
--------------------------------------------------------------------------------
[2021-07-15 21:42:30,795] {taskinstance.py:1107} INFO - Executing <Task(SimpleHttpOperator): extracting_user> on 2020-01-17T00:00:00+00:00
[2021-07-15 21:42:30,799] {standard_task_runner.py:52} INFO - Started process 5502 to run task
[2021-07-15 21:42:30,804] {standard_task_runner.py:76} INFO - Running: ['***', 'tasks', 'run', 'user_processing', 'extracting_user', '2020-01-17T00:00:00+00:00', '--job-id', '127', '--pool', 'default_pool', '--raw', '--subdir', 'DAGS_FOLDER/user_processing.py', '--cfg-path', '/tmp/tmpw2wbwjdo', '--error-file', '/tmp/tmp1morb7ji']
[2021-07-15 21:42:30,804] {standard_task_runner.py:77} INFO - Job 127: Subtask extracting_user
[2021-07-15 21:42:30,843] {logging_mixin.py:104} INFO - Running <TaskInstance: user_processing.extracting_user 2020-01-17T00:00:00+00:00 [running]> on host 120364900fc4
[2021-07-15 21:42:30,927] {taskinstance.py:1302} INFO - Exporting the following env vars:
AIRFLOW_CTX_DAG_OWNER=***
AIRFLOW_CTX_DAG_ID=user_processing
AIRFLOW_CTX_TASK_ID=extracting_user
AIRFLOW_CTX_EXECUTION_DATE=2020-01-17T00:00:00+00:00
AIRFLOW_CTX_DAG_RUN_ID=scheduled__2020-01-17T00:00:00+00:00
[2021-07-15 21:42:30,931] {http.py:111} INFO - Calling HTTP method
[2021-07-15 21:42:30,952] {base.py:78} INFO - Using connection to: id: user_api. Host: https://randomuser.me/, Port: None, Schema: , Login: , Password: None, extra: {}
[2021-07-15 21:42:30,954] {http.py:140} INFO - Sending 'GET' to url: https://randomuser.me/api/
[2021-07-15 21:42:31,326] {http.py:115} INFO - {"results":[{"gender":"male","name":{"title":"Mr","first":"Dhiraj","last":"Soons"},"location":{"street":{"number":4103,"name":"Franklinpad"},"city":"Rhoon","state":"Noord-Brabant","country":"Netherlands","postcode":90735,"coordinates":{"latitude":"45.8179","longitude":"-26.2909"},"timezone":{"offset":"-8:00","description":"Pacific Time (US & Canada)"}},"email":"dhiraj.soons@example.com","login":{"uuid":"3a268b8e-412f-4b7c-89fd-51cbf2e75257","username":"yellowswan410","password":"megan1","salt":"qfj9TEXH","md5":"477e2896f39731819664a0c3fef6cb40","sha1":"8bdf9c748f346f37ee0825324c319a85a20a224f","sha256":"53488f47769eb1e370fcdba0d04807f4959097ee8ec684557010c9cad5784113"},"dob":{"date":"1951-04-09T15:03:49.505Z","age":70},"registered":{"date":"2015-08-12T20:56:21.826Z","age":6},"phone":"(919)-431-3460","cell":"(836)-216-3410","id":{"name":"BSN","value":"51665923"},"picture":{"large":"https://randomuser.me/api/portraits/men/71.jpg","medium":"https://randomuser.me/api/portraits/med/men/71.jpg","thumbnail":"https://randomuser.me/api/portraits/thumb/men/71.jpg"},"nat":"NL"}],"info":{"seed":"b9fc437de88fcd2a","results":1,"page":1,"version":"1.3"}}
[2021-07-15 21:42:31,388] {taskinstance.py:1211} INFO - Marking task as SUCCESS. dag_id=user_processing, task_id=extracting_user, execution_date=20200117T000000, start_date=20210715T214230, end_date=20210715T214231
[2021-07-15 21:42:31,441] {taskinstance.py:1265} INFO - 1 downstream tasks scheduled from follow-on schedule check
[2021-07-15 21:42:31,468] {local_task_job.py:151} INFO - Task exited with return code 0
