[2021-07-17 13:57:39,416] {taskinstance.py:896} INFO - Dependencies all met for <TaskInstance: user_processing.extracting_user 2020-05-04T00:00:00+00:00 [queued]>
[2021-07-17 13:57:39,437] {taskinstance.py:896} INFO - Dependencies all met for <TaskInstance: user_processing.extracting_user 2020-05-04T00:00:00+00:00 [queued]>
[2021-07-17 13:57:39,437] {taskinstance.py:1087} INFO - 
--------------------------------------------------------------------------------
[2021-07-17 13:57:39,437] {taskinstance.py:1088} INFO - Starting attempt 1 of 1
[2021-07-17 13:57:39,438] {taskinstance.py:1089} INFO - 
--------------------------------------------------------------------------------
[2021-07-17 13:57:39,451] {taskinstance.py:1107} INFO - Executing <Task(SimpleHttpOperator): extracting_user> on 2020-05-04T00:00:00+00:00
[2021-07-17 13:57:39,457] {standard_task_runner.py:52} INFO - Started process 8270 to run task
[2021-07-17 13:57:39,462] {standard_task_runner.py:76} INFO - Running: ['***', 'tasks', 'run', 'user_processing', 'extracting_user', '2020-05-04T00:00:00+00:00', '--job-id', '652', '--pool', 'default_pool', '--raw', '--subdir', 'DAGS_FOLDER/user_processing.py', '--cfg-path', '/tmp/tmpusn9hvsg', '--error-file', '/tmp/tmpxe2lv52h']
[2021-07-17 13:57:39,463] {standard_task_runner.py:77} INFO - Job 652: Subtask extracting_user
[2021-07-17 13:57:39,513] {logging_mixin.py:104} INFO - Running <TaskInstance: user_processing.extracting_user 2020-05-04T00:00:00+00:00 [running]> on host 120364900fc4
[2021-07-17 13:57:39,590] {taskinstance.py:1302} INFO - Exporting the following env vars:
AIRFLOW_CTX_DAG_OWNER=***
AIRFLOW_CTX_DAG_ID=user_processing
AIRFLOW_CTX_TASK_ID=extracting_user
AIRFLOW_CTX_EXECUTION_DATE=2020-05-04T00:00:00+00:00
AIRFLOW_CTX_DAG_RUN_ID=scheduled__2020-05-04T00:00:00+00:00
[2021-07-17 13:57:39,591] {http.py:111} INFO - Calling HTTP method
[2021-07-17 13:57:39,604] {base.py:78} INFO - Using connection to: id: user_api. Host: https://randomuser.me/, Port: None, Schema: , Login: , Password: None, extra: {}
[2021-07-17 13:57:39,606] {http.py:140} INFO - Sending 'GET' to url: https://randomuser.me/api/
[2021-07-17 13:57:39,926] {http.py:115} INFO - {"results":[{"gender":"male","name":{"title":"Mr","first":"Emilio","last":"Gil"},"location":{"street":{"number":7751,"name":"Calle Nebrija"},"city":"Santander","state":"Castilla la Mancha","country":"Spain","postcode":45921,"coordinates":{"latitude":"-15.9006","longitude":"-117.5496"},"timezone":{"offset":"+3:00","description":"Baghdad, Riyadh, Moscow, St. Petersburg"}},"email":"emilio.gil@example.com","login":{"uuid":"458cec46-9779-41a6-801e-6370357b7c70","username":"beautifulwolf489","password":"1101","salt":"JDBJgPzb","md5":"ba7f906c5ded8cad2f6b141b2197190f","sha1":"5a9104aee128bffdd4b5ef18504515aad2aa8067","sha256":"749a460acc108e1a0fde5d4e9788ed3e2d844365fff7bc40e36b7208326a0fee"},"dob":{"date":"1957-01-29T19:22:12.638Z","age":64},"registered":{"date":"2009-11-21T01:36:29.258Z","age":12},"phone":"913-474-740","cell":"678-940-213","id":{"name":"DNI","value":"54844002-M"},"picture":{"large":"https://randomuser.me/api/portraits/men/3.jpg","medium":"https://randomuser.me/api/portraits/med/men/3.jpg","thumbnail":"https://randomuser.me/api/portraits/thumb/men/3.jpg"},"nat":"ES"}],"info":{"seed":"7f0b798fc4540238","results":1,"page":1,"version":"1.3"}}
[2021-07-17 13:57:39,953] {taskinstance.py:1211} INFO - Marking task as SUCCESS. dag_id=user_processing, task_id=extracting_user, execution_date=20200504T000000, start_date=20210717T135739, end_date=20210717T135739
[2021-07-17 13:57:40,009] {taskinstance.py:1265} INFO - 1 downstream tasks scheduled from follow-on schedule check
[2021-07-17 13:57:40,039] {local_task_job.py:151} INFO - Task exited with return code 0
