[2021-07-17 13:56:14,317] {taskinstance.py:896} INFO - Dependencies all met for <TaskInstance: user_processing.extracting_user 2020-03-19T00:00:00+00:00 [queued]>
[2021-07-17 13:56:14,332] {taskinstance.py:896} INFO - Dependencies all met for <TaskInstance: user_processing.extracting_user 2020-03-19T00:00:00+00:00 [queued]>
[2021-07-17 13:56:14,332] {taskinstance.py:1087} INFO - 
--------------------------------------------------------------------------------
[2021-07-17 13:56:14,333] {taskinstance.py:1088} INFO - Starting attempt 1 of 1
[2021-07-17 13:56:14,333] {taskinstance.py:1089} INFO - 
--------------------------------------------------------------------------------
[2021-07-17 13:56:14,370] {taskinstance.py:1107} INFO - Executing <Task(SimpleHttpOperator): extracting_user> on 2020-03-19T00:00:00+00:00
[2021-07-17 13:56:14,376] {standard_task_runner.py:52} INFO - Started process 7530 to run task
[2021-07-17 13:56:14,379] {standard_task_runner.py:76} INFO - Running: ['***', 'tasks', 'run', 'user_processing', 'extracting_user', '2020-03-19T00:00:00+00:00', '--job-id', '417', '--pool', 'default_pool', '--raw', '--subdir', 'DAGS_FOLDER/user_processing.py', '--cfg-path', '/tmp/tmpy9i53ixi', '--error-file', '/tmp/tmpkyyd_zx5']
[2021-07-17 13:56:14,380] {standard_task_runner.py:77} INFO - Job 417: Subtask extracting_user
[2021-07-17 13:56:14,446] {logging_mixin.py:104} INFO - Running <TaskInstance: user_processing.extracting_user 2020-03-19T00:00:00+00:00 [running]> on host 120364900fc4
[2021-07-17 13:56:14,552] {taskinstance.py:1302} INFO - Exporting the following env vars:
AIRFLOW_CTX_DAG_OWNER=***
AIRFLOW_CTX_DAG_ID=user_processing
AIRFLOW_CTX_TASK_ID=extracting_user
AIRFLOW_CTX_EXECUTION_DATE=2020-03-19T00:00:00+00:00
AIRFLOW_CTX_DAG_RUN_ID=scheduled__2020-03-19T00:00:00+00:00
[2021-07-17 13:56:14,552] {http.py:111} INFO - Calling HTTP method
[2021-07-17 13:56:14,569] {base.py:78} INFO - Using connection to: id: user_api. Host: https://randomuser.me/, Port: None, Schema: , Login: , Password: None, extra: {}
[2021-07-17 13:56:14,570] {http.py:140} INFO - Sending 'GET' to url: https://randomuser.me/api/
[2021-07-17 13:56:14,908] {http.py:115} INFO - {"results":[{"gender":"male","name":{"title":"Mr","first":"Samuel","last":"Salmi"},"location":{"street":{"number":1208,"name":"Reijolankatu"},"city":"Keuruu","state":"Pirkanmaa","country":"Finland","postcode":88540,"coordinates":{"latitude":"-6.4257","longitude":"-11.6099"},"timezone":{"offset":"+4:00","description":"Abu Dhabi, Muscat, Baku, Tbilisi"}},"email":"samuel.salmi@example.com","login":{"uuid":"dd91b49d-c31d-4128-8d5f-f1e5def881f3","username":"goldenzebra996","password":"skate","salt":"VofZgkFF","md5":"1e22df79d3d404fb3466b373ff668d17","sha1":"fc222cb6df8b7892ff689160bf95739e50272ac2","sha256":"f26c5d05bca8416879fe6675a760914629b7310489f52e22835f40322eae1a4c"},"dob":{"date":"1950-12-20T11:59:07.947Z","age":71},"registered":{"date":"2017-10-22T10:13:23.887Z","age":4},"phone":"08-895-519","cell":"042-605-78-59","id":{"name":"HETU","value":"NaNNA561undefined"},"picture":{"large":"https://randomuser.me/api/portraits/men/32.jpg","medium":"https://randomuser.me/api/portraits/med/men/32.jpg","thumbnail":"https://randomuser.me/api/portraits/thumb/men/32.jpg"},"nat":"FI"}],"info":{"seed":"dbd2f9fdd868b927","results":1,"page":1,"version":"1.3"}}
[2021-07-17 13:56:14,930] {taskinstance.py:1211} INFO - Marking task as SUCCESS. dag_id=user_processing, task_id=extracting_user, execution_date=20200319T000000, start_date=20210717T135614, end_date=20210717T135614
[2021-07-17 13:56:14,954] {taskinstance.py:1265} INFO - 1 downstream tasks scheduled from follow-on schedule check
[2021-07-17 13:56:14,964] {local_task_job.py:151} INFO - Task exited with return code 0
