[2021-07-15 21:42:35,370] {taskinstance.py:896} INFO - Dependencies all met for <TaskInstance: user_processing.extracting_user 2020-01-29T00:00:00+00:00 [queued]>
[2021-07-15 21:42:35,394] {taskinstance.py:896} INFO - Dependencies all met for <TaskInstance: user_processing.extracting_user 2020-01-29T00:00:00+00:00 [queued]>
[2021-07-15 21:42:35,394] {taskinstance.py:1087} INFO - 
--------------------------------------------------------------------------------
[2021-07-15 21:42:35,394] {taskinstance.py:1088} INFO - Starting attempt 1 of 1
[2021-07-15 21:42:35,394] {taskinstance.py:1089} INFO - 
--------------------------------------------------------------------------------
[2021-07-15 21:42:35,404] {taskinstance.py:1107} INFO - Executing <Task(SimpleHttpOperator): extracting_user> on 2020-01-29T00:00:00+00:00
[2021-07-15 21:42:35,415] {standard_task_runner.py:52} INFO - Started process 5594 to run task
[2021-07-15 21:42:35,432] {standard_task_runner.py:76} INFO - Running: ['***', 'tasks', 'run', 'user_processing', 'extracting_user', '2020-01-29T00:00:00+00:00', '--job-id', '163', '--pool', 'default_pool', '--raw', '--subdir', 'DAGS_FOLDER/user_processing.py', '--cfg-path', '/tmp/tmpb9i374sa', '--error-file', '/tmp/tmptyuz0qh9']
[2021-07-15 21:42:35,433] {standard_task_runner.py:77} INFO - Job 163: Subtask extracting_user
[2021-07-15 21:42:35,562] {logging_mixin.py:104} INFO - Running <TaskInstance: user_processing.extracting_user 2020-01-29T00:00:00+00:00 [running]> on host 120364900fc4
[2021-07-15 21:42:35,653] {taskinstance.py:1302} INFO - Exporting the following env vars:
AIRFLOW_CTX_DAG_OWNER=***
AIRFLOW_CTX_DAG_ID=user_processing
AIRFLOW_CTX_TASK_ID=extracting_user
AIRFLOW_CTX_EXECUTION_DATE=2020-01-29T00:00:00+00:00
AIRFLOW_CTX_DAG_RUN_ID=scheduled__2020-01-29T00:00:00+00:00
[2021-07-15 21:42:35,653] {http.py:111} INFO - Calling HTTP method
[2021-07-15 21:42:35,670] {base.py:78} INFO - Using connection to: id: user_api. Host: https://randomuser.me/, Port: None, Schema: , Login: , Password: None, extra: {}
[2021-07-15 21:42:35,673] {http.py:140} INFO - Sending 'GET' to url: https://randomuser.me/api/
[2021-07-15 21:42:35,977] {http.py:115} INFO - {"results":[{"gender":"female","name":{"title":"Miss","first":"غزل","last":"گلشن"},"location":{"street":{"number":1102,"name":"فلاحی"},"city":"همدان","state":"کهگیلویه و بویراحمد","country":"Iran","postcode":89094,"coordinates":{"latitude":"31.8937","longitude":"27.0383"},"timezone":{"offset":"-1:00","description":"Azores, Cape Verde Islands"}},"email":"gzl.glshn@example.com","login":{"uuid":"8f3619de-e614-4789-92cf-6d219e17e0a8","username":"yellowgorilla882","password":"scratch","salt":"zesCHJfk","md5":"aba4f00edb9c4ce445ce284261487f5d","sha1":"d1bba16e076f174ff7ac00e413f4921ebc0e2453","sha256":"f4fae1e405100a9bbe7181bbd70e6787cbfaa6facde1a7b4ecc11c42d3fa5066"},"dob":{"date":"1952-12-07T20:56:24.114Z","age":69},"registered":{"date":"2003-08-22T03:42:28.781Z","age":18},"phone":"091-48065096","cell":"0901-166-3498","id":{"name":"","value":null},"picture":{"large":"https://randomuser.me/api/portraits/women/60.jpg","medium":"https://randomuser.me/api/portraits/med/women/60.jpg","thumbnail":"https://randomuser.me/api/portraits/thumb/women/60.jpg"},"nat":"IR"}],"info":{"seed":"b5897c957021ce19","results":1,"page":1,"version":"1.3"}}
[2021-07-15 21:42:36,032] {taskinstance.py:1211} INFO - Marking task as SUCCESS. dag_id=user_processing, task_id=extracting_user, execution_date=20200129T000000, start_date=20210715T214235, end_date=20210715T214236
[2021-07-15 21:42:36,072] {taskinstance.py:1265} INFO - 1 downstream tasks scheduled from follow-on schedule check
[2021-07-15 21:42:36,084] {local_task_job.py:151} INFO - Task exited with return code 0
