[2021-07-12 21:01:42,952] {taskinstance.py:896} INFO - Dependencies all met for <TaskInstance: example_bash_operator.also_run_this 2021-07-11T00:00:00+00:00 [queued]>
[2021-07-12 21:01:42,980] {taskinstance.py:896} INFO - Dependencies all met for <TaskInstance: example_bash_operator.also_run_this 2021-07-11T00:00:00+00:00 [queued]>
[2021-07-12 21:01:42,981] {taskinstance.py:1087} INFO - 
--------------------------------------------------------------------------------
[2021-07-12 21:01:42,981] {taskinstance.py:1088} INFO - Starting attempt 1 of 1
[2021-07-12 21:01:42,981] {taskinstance.py:1089} INFO - 
--------------------------------------------------------------------------------
[2021-07-12 21:01:42,987] {taskinstance.py:1107} INFO - Executing <Task(BashOperator): also_run_this> on 2021-07-11T00:00:00+00:00
[2021-07-12 21:01:43,002] {standard_task_runner.py:76} INFO - Running: ['***', 'tasks', 'run', 'example_bash_operator', 'also_run_this', '2021-07-11T00:00:00+00:00', '--job-id', '11', '--pool', 'default_pool', '--raw', '--subdir', '/home/***/.local/lib/python3.6/site-packages/***/example_dags/example_bash_operator.py', '--cfg-path', '/tmp/tmp764co_p9', '--error-file', '/tmp/tmp3snmmg73']
[2021-07-12 21:01:43,000] {standard_task_runner.py:52} INFO - Started process 2914 to run task
[2021-07-12 21:01:43,003] {standard_task_runner.py:77} INFO - Job 11: Subtask also_run_this
[2021-07-12 21:01:43,035] {logging_mixin.py:104} INFO - Running <TaskInstance: example_bash_operator.also_run_this 2021-07-11T00:00:00+00:00 [running]> on host 120364900fc4
[2021-07-12 21:01:43,072] {taskinstance.py:1302} INFO - Exporting the following env vars:
AIRFLOW_CTX_DAG_OWNER=***
AIRFLOW_CTX_DAG_ID=example_bash_operator
AIRFLOW_CTX_TASK_ID=also_run_this
AIRFLOW_CTX_EXECUTION_DATE=2021-07-11T00:00:00+00:00
AIRFLOW_CTX_DAG_RUN_ID=scheduled__2021-07-11T00:00:00+00:00
[2021-07-12 21:01:43,072] {subprocess.py:52} INFO - Tmp dir root location: 
 /tmp
[2021-07-12 21:01:43,073] {subprocess.py:63} INFO - Running command: ['bash', '-c', 'echo "run_id=scheduled__2021-07-11T00:00:00+00:00 | dag_run=<DagRun example_bash_operator @ 2021-07-11 00:00:00+00:00: scheduled__2021-07-11T00:00:00+00:00, externally triggered: False>"']
[2021-07-12 21:01:43,079] {subprocess.py:75} INFO - Output:
[2021-07-12 21:01:43,080] {subprocess.py:79} INFO - run_id=scheduled__2021-07-11T00:00:00+00:00 | dag_run=<DagRun example_bash_operator @ 2021-07-11 00:00:00+00:00: scheduled__2021-07-11T00:00:00+00:00, externally triggered: False>
[2021-07-12 21:01:43,080] {subprocess.py:83} INFO - Command exited with return code 0
[2021-07-12 21:01:43,097] {taskinstance.py:1211} INFO - Marking task as SUCCESS. dag_id=example_bash_operator, task_id=also_run_this, execution_date=20210711T000000, start_date=20210712T210142, end_date=20210712T210143
[2021-07-12 21:01:43,120] {taskinstance.py:1265} INFO - 0 downstream tasks scheduled from follow-on schedule check
[2021-07-12 21:01:43,137] {local_task_job.py:151} INFO - Task exited with return code 0
