[2021-07-15 21:43:37,325] {taskinstance.py:896} INFO - Dependencies all met for <TaskInstance: user_processing.processing_user 2020-02-26T00:00:00+00:00 [queued]>
[2021-07-15 21:43:37,345] {taskinstance.py:896} INFO - Dependencies all met for <TaskInstance: user_processing.processing_user 2020-02-26T00:00:00+00:00 [queued]>
[2021-07-15 21:43:37,345] {taskinstance.py:1087} INFO - 
--------------------------------------------------------------------------------
[2021-07-15 21:43:37,345] {taskinstance.py:1088} INFO - Starting attempt 1 of 1
[2021-07-15 21:43:37,345] {taskinstance.py:1089} INFO - 
--------------------------------------------------------------------------------
[2021-07-15 21:43:37,356] {taskinstance.py:1107} INFO - Executing <Task(PythonOperator): processing_user> on 2020-02-26T00:00:00+00:00
[2021-07-15 21:43:37,361] {standard_task_runner.py:52} INFO - Started process 6099 to run task
[2021-07-15 21:43:37,363] {standard_task_runner.py:76} INFO - Running: ['***', 'tasks', 'run', 'user_processing', 'processing_user', '2020-02-26T00:00:00+00:00', '--job-id', '326', '--pool', 'default_pool', '--raw', '--subdir', 'DAGS_FOLDER/user_processing.py', '--cfg-path', '/tmp/tmp09n_yf4p', '--error-file', '/tmp/tmp31b37i56']
[2021-07-15 21:43:37,364] {standard_task_runner.py:77} INFO - Job 326: Subtask processing_user
[2021-07-15 21:43:37,430] {logging_mixin.py:104} INFO - Running <TaskInstance: user_processing.processing_user 2020-02-26T00:00:00+00:00 [running]> on host 120364900fc4
[2021-07-15 21:43:37,504] {taskinstance.py:1302} INFO - Exporting the following env vars:
AIRFLOW_CTX_DAG_OWNER=***
AIRFLOW_CTX_DAG_ID=user_processing
AIRFLOW_CTX_TASK_ID=processing_user
AIRFLOW_CTX_EXECUTION_DATE=2020-02-26T00:00:00+00:00
AIRFLOW_CTX_DAG_RUN_ID=scheduled__2020-02-26T00:00:00+00:00
[2021-07-15 21:43:37,531] {python.py:151} INFO - Done. Returned value was: None
[2021-07-15 21:43:37,548] {taskinstance.py:1211} INFO - Marking task as SUCCESS. dag_id=user_processing, task_id=processing_user, execution_date=20200226T000000, start_date=20210715T214337, end_date=20210715T214337
[2021-07-15 21:43:37,607] {taskinstance.py:1265} INFO - 1 downstream tasks scheduled from follow-on schedule check
[2021-07-15 21:43:37,627] {local_task_job.py:151} INFO - Task exited with return code 0
