[2021-07-17 13:58:39,000] {taskinstance.py:896} INFO - Dependencies all met for <TaskInstance: user_processing.extracting_user 2020-06-02T00:00:00+00:00 [queued]>
[2021-07-17 13:58:39,012] {taskinstance.py:896} INFO - Dependencies all met for <TaskInstance: user_processing.extracting_user 2020-06-02T00:00:00+00:00 [queued]>
[2021-07-17 13:58:39,012] {taskinstance.py:1087} INFO - 
--------------------------------------------------------------------------------
[2021-07-17 13:58:39,012] {taskinstance.py:1088} INFO - Starting attempt 1 of 1
[2021-07-17 13:58:39,012] {taskinstance.py:1089} INFO - 
--------------------------------------------------------------------------------
[2021-07-17 13:58:39,032] {taskinstance.py:1107} INFO - Executing <Task(SimpleHttpOperator): extracting_user> on 2020-06-02T00:00:00+00:00
[2021-07-17 13:58:39,043] {standard_task_runner.py:52} INFO - Started process 8729 to run task
[2021-07-17 13:58:39,058] {standard_task_runner.py:76} INFO - Running: ['***', 'tasks', 'run', 'user_processing', 'extracting_user', '2020-06-02T00:00:00+00:00', '--job-id', '799', '--pool', 'default_pool', '--raw', '--subdir', 'DAGS_FOLDER/user_processing.py', '--cfg-path', '/tmp/tmpfjfjxtgy', '--error-file', '/tmp/tmpyo3qqboj']
[2021-07-17 13:58:39,058] {standard_task_runner.py:77} INFO - Job 799: Subtask extracting_user
[2021-07-17 13:58:39,134] {logging_mixin.py:104} INFO - Running <TaskInstance: user_processing.extracting_user 2020-06-02T00:00:00+00:00 [running]> on host 120364900fc4
[2021-07-17 13:58:39,230] {taskinstance.py:1302} INFO - Exporting the following env vars:
AIRFLOW_CTX_DAG_OWNER=***
AIRFLOW_CTX_DAG_ID=user_processing
AIRFLOW_CTX_TASK_ID=extracting_user
AIRFLOW_CTX_EXECUTION_DATE=2020-06-02T00:00:00+00:00
AIRFLOW_CTX_DAG_RUN_ID=scheduled__2020-06-02T00:00:00+00:00
[2021-07-17 13:58:39,230] {http.py:111} INFO - Calling HTTP method
[2021-07-17 13:58:39,243] {base.py:78} INFO - Using connection to: id: user_api. Host: https://randomuser.me/, Port: None, Schema: , Login: , Password: None, extra: {}
[2021-07-17 13:58:39,244] {http.py:140} INFO - Sending 'GET' to url: https://randomuser.me/api/
[2021-07-17 13:58:39,605] {http.py:115} INFO - {"results":[{"gender":"female","name":{"title":"Mrs","first":"Sofia","last":"Kumar"},"location":{"street":{"number":1534,"name":"Highgate"},"city":"Invercargill","state":"Southland","country":"New Zealand","postcode":30412,"coordinates":{"latitude":"64.8608","longitude":"134.5462"},"timezone":{"offset":"+3:00","description":"Baghdad, Riyadh, Moscow, St. Petersburg"}},"email":"sofia.kumar@example.com","login":{"uuid":"e6a8265a-325d-4997-872b-d3f1309223cf","username":"sadsnake301","password":"budlight","salt":"iw1MMEGC","md5":"0561b0bc16c21f0c140f77309220fffb","sha1":"a5f68a14173857dde7756ba645e16244a9ee9e99","sha256":"fbb72c32deb794b36baa93f89bd907f66a17162a86ddc22d866201fe3d085cb9"},"dob":{"date":"1997-10-06T05:18:40.764Z","age":24},"registered":{"date":"2003-12-07T21:36:13.401Z","age":18},"phone":"(061)-127-9393","cell":"(632)-341-2942","id":{"name":"","value":null},"picture":{"large":"https://randomuser.me/api/portraits/women/20.jpg","medium":"https://randomuser.me/api/portraits/med/women/20.jpg","thumbnail":"https://randomuser.me/api/portraits/thumb/women/20.jpg"},"nat":"NZ"}],"info":{"seed":"50ace3869d30975f","results":1,"page":1,"version":"1.3"}}
[2021-07-17 13:58:39,676] {taskinstance.py:1211} INFO - Marking task as SUCCESS. dag_id=user_processing, task_id=extracting_user, execution_date=20200602T000000, start_date=20210717T135839, end_date=20210717T135839
[2021-07-17 13:58:39,764] {taskinstance.py:1265} INFO - 1 downstream tasks scheduled from follow-on schedule check
[2021-07-17 13:58:39,787] {local_task_job.py:151} INFO - Task exited with return code 0
