[2021-07-17 13:57:04,914] {taskinstance.py:896} INFO - Dependencies all met for <TaskInstance: user_processing.extracting_user 2020-04-12T00:00:00+00:00 [queued]>
[2021-07-17 13:57:04,926] {taskinstance.py:896} INFO - Dependencies all met for <TaskInstance: user_processing.extracting_user 2020-04-12T00:00:00+00:00 [queued]>
[2021-07-17 13:57:04,927] {taskinstance.py:1087} INFO - 
--------------------------------------------------------------------------------
[2021-07-17 13:57:04,927] {taskinstance.py:1088} INFO - Starting attempt 1 of 1
[2021-07-17 13:57:04,927] {taskinstance.py:1089} INFO - 
--------------------------------------------------------------------------------
[2021-07-17 13:57:04,959] {taskinstance.py:1107} INFO - Executing <Task(SimpleHttpOperator): extracting_user> on 2020-04-12T00:00:00+00:00
[2021-07-17 13:57:04,968] {standard_task_runner.py:52} INFO - Started process 7937 to run task
[2021-07-17 13:57:04,979] {standard_task_runner.py:76} INFO - Running: ['***', 'tasks', 'run', 'user_processing', 'extracting_user', '2020-04-12T00:00:00+00:00', '--job-id', '542', '--pool', 'default_pool', '--raw', '--subdir', 'DAGS_FOLDER/user_processing.py', '--cfg-path', '/tmp/tmpp5snjm30', '--error-file', '/tmp/tmpbmn5b43g']
[2021-07-17 13:57:04,981] {standard_task_runner.py:77} INFO - Job 542: Subtask extracting_user
[2021-07-17 13:57:05,094] {logging_mixin.py:104} INFO - Running <TaskInstance: user_processing.extracting_user 2020-04-12T00:00:00+00:00 [running]> on host 120364900fc4
[2021-07-17 13:57:05,213] {taskinstance.py:1302} INFO - Exporting the following env vars:
AIRFLOW_CTX_DAG_OWNER=***
AIRFLOW_CTX_DAG_ID=user_processing
AIRFLOW_CTX_TASK_ID=extracting_user
AIRFLOW_CTX_EXECUTION_DATE=2020-04-12T00:00:00+00:00
AIRFLOW_CTX_DAG_RUN_ID=scheduled__2020-04-12T00:00:00+00:00
[2021-07-17 13:57:05,213] {http.py:111} INFO - Calling HTTP method
[2021-07-17 13:57:05,247] {base.py:78} INFO - Using connection to: id: user_api. Host: https://randomuser.me/, Port: None, Schema: , Login: , Password: None, extra: {}
[2021-07-17 13:57:05,249] {http.py:140} INFO - Sending 'GET' to url: https://randomuser.me/api/
[2021-07-17 13:57:05,583] {http.py:115} INFO - {"results":[{"gender":"male","name":{"title":"Monsieur","first":"Carl","last":"Petit"},"location":{"street":{"number":4754,"name":"Avenue des Ternes"},"city":"Uitikon","state":"Schaffhausen","country":"Switzerland","postcode":8463,"coordinates":{"latitude":"-58.1473","longitude":"-71.9214"},"timezone":{"offset":"+11:00","description":"Magadan, Solomon Islands, New Caledonia"}},"email":"carl.petit@example.com","login":{"uuid":"2cf70e94-eef7-4ef6-b975-3d9cd342f1cd","username":"heavygoose291","password":"monica","salt":"449B47x9","md5":"d5407c8eac64377d1917f4178759d44d","sha1":"bb41deaf10031b2dbd7bee385e4624b517632ce4","sha256":"1dcb14afb48ebecbc9b0fb805b3a549d21c36d9f1e8445c0ff1eaaf818828801"},"dob":{"date":"1988-08-19T13:44:54.915Z","age":33},"registered":{"date":"2012-02-15T20:58:51.866Z","age":9},"phone":"076 319 08 83","cell":"075 338 85 44","id":{"name":"AVS","value":"756.3148.2237.32"},"picture":{"large":"https://randomuser.me/api/portraits/men/77.jpg","medium":"https://randomuser.me/api/portraits/med/men/77.jpg","thumbnail":"https://randomuser.me/api/portraits/thumb/men/77.jpg"},"nat":"CH"}],"info":{"seed":"d8c81a0aeffc61ac","results":1,"page":1,"version":"1.3"}}
[2021-07-17 13:57:05,636] {taskinstance.py:1211} INFO - Marking task as SUCCESS. dag_id=user_processing, task_id=extracting_user, execution_date=20200412T000000, start_date=20210717T135704, end_date=20210717T135705
[2021-07-17 13:57:05,708] {taskinstance.py:1265} INFO - 1 downstream tasks scheduled from follow-on schedule check
[2021-07-17 13:57:05,719] {local_task_job.py:151} INFO - Task exited with return code 0
