[2021-07-15 21:43:37,713] {taskinstance.py:896} INFO - Dependencies all met for <TaskInstance: user_processing.extracting_user 2020-03-02T00:00:00+00:00 [queued]>
[2021-07-15 21:43:37,730] {taskinstance.py:896} INFO - Dependencies all met for <TaskInstance: user_processing.extracting_user 2020-03-02T00:00:00+00:00 [queued]>
[2021-07-15 21:43:37,730] {taskinstance.py:1087} INFO - 
--------------------------------------------------------------------------------
[2021-07-15 21:43:37,730] {taskinstance.py:1088} INFO - Starting attempt 1 of 1
[2021-07-15 21:43:37,730] {taskinstance.py:1089} INFO - 
--------------------------------------------------------------------------------
[2021-07-15 21:43:37,739] {taskinstance.py:1107} INFO - Executing <Task(SimpleHttpOperator): extracting_user> on 2020-03-02T00:00:00+00:00
[2021-07-15 21:43:37,745] {standard_task_runner.py:52} INFO - Started process 6109 to run task
[2021-07-15 21:43:37,747] {standard_task_runner.py:76} INFO - Running: ['***', 'tasks', 'run', 'user_processing', 'extracting_user', '2020-03-02T00:00:00+00:00', '--job-id', '330', '--pool', 'default_pool', '--raw', '--subdir', 'DAGS_FOLDER/user_processing.py', '--cfg-path', '/tmp/tmp189052_d', '--error-file', '/tmp/tmpcw8h1m2z']
[2021-07-15 21:43:37,748] {standard_task_runner.py:77} INFO - Job 330: Subtask extracting_user
[2021-07-15 21:43:37,783] {logging_mixin.py:104} INFO - Running <TaskInstance: user_processing.extracting_user 2020-03-02T00:00:00+00:00 [running]> on host 120364900fc4
[2021-07-15 21:43:37,862] {taskinstance.py:1302} INFO - Exporting the following env vars:
AIRFLOW_CTX_DAG_OWNER=***
AIRFLOW_CTX_DAG_ID=user_processing
AIRFLOW_CTX_TASK_ID=extracting_user
AIRFLOW_CTX_EXECUTION_DATE=2020-03-02T00:00:00+00:00
AIRFLOW_CTX_DAG_RUN_ID=scheduled__2020-03-02T00:00:00+00:00
[2021-07-15 21:43:37,862] {http.py:111} INFO - Calling HTTP method
[2021-07-15 21:43:37,869] {base.py:78} INFO - Using connection to: id: user_api. Host: https://randomuser.me/, Port: None, Schema: , Login: , Password: None, extra: {}
[2021-07-15 21:43:37,871] {http.py:140} INFO - Sending 'GET' to url: https://randomuser.me/api/
[2021-07-15 21:43:38,204] {http.py:115} INFO - {"results":[{"gender":"female","name":{"title":"Miss","first":"Alyssa","last":"Mills"},"location":{"street":{"number":9421,"name":"Photinia Ave"},"city":"Bellevue","state":"Louisiana","country":"United States","postcode":41507,"coordinates":{"latitude":"84.3281","longitude":"95.9065"},"timezone":{"offset":"+4:00","description":"Abu Dhabi, Muscat, Baku, Tbilisi"}},"email":"alyssa.mills@example.com","login":{"uuid":"0909f915-5fe2-4329-8b4f-cc23d5d6e808","username":"whiterabbit828","password":"coucou","salt":"85imkLrU","md5":"702ac8f12a23120452db1da12ea8f005","sha1":"59e02d88313340fa673a741125b27351abe02262","sha256":"79ce70df72ebfc9510f48987db43494182a6eab1eec3262dc62f5fcfe0fd9b71"},"dob":{"date":"1953-06-23T01:58:36.481Z","age":68},"registered":{"date":"2006-01-31T22:04:19.940Z","age":15},"phone":"(384)-850-5686","cell":"(467)-545-0849","id":{"name":"SSN","value":"994-06-6113"},"picture":{"large":"https://randomuser.me/api/portraits/women/80.jpg","medium":"https://randomuser.me/api/portraits/med/women/80.jpg","thumbnail":"https://randomuser.me/api/portraits/thumb/women/80.jpg"},"nat":"US"}],"info":{"seed":"8fb6345e6387f1aa","results":1,"page":1,"version":"1.3"}}
[2021-07-15 21:43:38,230] {taskinstance.py:1211} INFO - Marking task as SUCCESS. dag_id=user_processing, task_id=extracting_user, execution_date=20200302T000000, start_date=20210715T214337, end_date=20210715T214338
[2021-07-15 21:43:38,261] {taskinstance.py:1265} INFO - 1 downstream tasks scheduled from follow-on schedule check
[2021-07-15 21:43:38,289] {local_task_job.py:151} INFO - Task exited with return code 0
