[2021-07-17 13:56:35,014] {taskinstance.py:896} INFO - Dependencies all met for <TaskInstance: user_processing.extracting_user 2020-03-28T00:00:00+00:00 [queued]>
[2021-07-17 13:56:35,027] {taskinstance.py:896} INFO - Dependencies all met for <TaskInstance: user_processing.extracting_user 2020-03-28T00:00:00+00:00 [queued]>
[2021-07-17 13:56:35,027] {taskinstance.py:1087} INFO - 
--------------------------------------------------------------------------------
[2021-07-17 13:56:35,028] {taskinstance.py:1088} INFO - Starting attempt 1 of 1
[2021-07-17 13:56:35,028] {taskinstance.py:1089} INFO - 
--------------------------------------------------------------------------------
[2021-07-17 13:56:35,044] {taskinstance.py:1107} INFO - Executing <Task(SimpleHttpOperator): extracting_user> on 2020-03-28T00:00:00+00:00
[2021-07-17 13:56:35,049] {standard_task_runner.py:52} INFO - Started process 7686 to run task
[2021-07-17 13:56:35,052] {standard_task_runner.py:76} INFO - Running: ['***', 'tasks', 'run', 'user_processing', 'extracting_user', '2020-03-28T00:00:00+00:00', '--job-id', '467', '--pool', 'default_pool', '--raw', '--subdir', 'DAGS_FOLDER/user_processing.py', '--cfg-path', '/tmp/tmppx5mgqk2', '--error-file', '/tmp/tmp1o017q6t']
[2021-07-17 13:56:35,052] {standard_task_runner.py:77} INFO - Job 467: Subtask extracting_user
[2021-07-17 13:56:35,090] {logging_mixin.py:104} INFO - Running <TaskInstance: user_processing.extracting_user 2020-03-28T00:00:00+00:00 [running]> on host 120364900fc4
[2021-07-17 13:56:35,152] {taskinstance.py:1302} INFO - Exporting the following env vars:
AIRFLOW_CTX_DAG_OWNER=***
AIRFLOW_CTX_DAG_ID=user_processing
AIRFLOW_CTX_TASK_ID=extracting_user
AIRFLOW_CTX_EXECUTION_DATE=2020-03-28T00:00:00+00:00
AIRFLOW_CTX_DAG_RUN_ID=scheduled__2020-03-28T00:00:00+00:00
[2021-07-17 13:56:35,153] {http.py:111} INFO - Calling HTTP method
[2021-07-17 13:56:35,160] {base.py:78} INFO - Using connection to: id: user_api. Host: https://randomuser.me/, Port: None, Schema: , Login: , Password: None, extra: {}
[2021-07-17 13:56:35,170] {http.py:140} INFO - Sending 'GET' to url: https://randomuser.me/api/
[2021-07-17 13:56:35,797] {http.py:115} INFO - {"results":[{"gender":"female","name":{"title":"Ms","first":"Samantha","last":"Garshol"},"location":{"street":{"number":3985,"name":"Sørsletta"},"city":"Naustdal","state":"Trøndelag","country":"Norway","postcode":"2381","coordinates":{"latitude":"53.3359","longitude":"71.2328"},"timezone":{"offset":"+6:00","description":"Almaty, Dhaka, Colombo"}},"email":"samantha.garshol@example.com","login":{"uuid":"d3fc6d8e-26e6-420e-8eeb-e1a852dff66b","username":"silvertiger161","password":"trigger","salt":"y6yjb6X4","md5":"6f27eee26bdf2df1f03d3182978ba5a0","sha1":"2ef8f070d240b8a7cc9ad2898642294797d90ed3","sha256":"dc8b24251920284ec742efb962b01767f7d6b804c6c5e6d96582d6c5a4b9b206"},"dob":{"date":"1981-09-28T16:59:19.458Z","age":40},"registered":{"date":"2011-02-12T20:28:44.016Z","age":10},"phone":"38994373","cell":"48098490","id":{"name":"FN","value":"28098115899"},"picture":{"large":"https://randomuser.me/api/portraits/women/35.jpg","medium":"https://randomuser.me/api/portraits/med/women/35.jpg","thumbnail":"https://randomuser.me/api/portraits/thumb/women/35.jpg"},"nat":"NO"}],"info":{"seed":"1072521c529c75c4","results":1,"page":1,"version":"1.3"}}
[2021-07-17 13:56:35,880] {taskinstance.py:1211} INFO - Marking task as SUCCESS. dag_id=user_processing, task_id=extracting_user, execution_date=20200328T000000, start_date=20210717T135635, end_date=20210717T135635
[2021-07-17 13:56:35,981] {taskinstance.py:1265} INFO - 1 downstream tasks scheduled from follow-on schedule check
[2021-07-17 13:56:36,033] {local_task_job.py:151} INFO - Task exited with return code 0
