[2021-07-17 13:57:07,667] {taskinstance.py:896} INFO - Dependencies all met for <TaskInstance: user_processing.extracting_user 2020-04-16T00:00:00+00:00 [queued]>
[2021-07-17 13:57:07,689] {taskinstance.py:896} INFO - Dependencies all met for <TaskInstance: user_processing.extracting_user 2020-04-16T00:00:00+00:00 [queued]>
[2021-07-17 13:57:07,689] {taskinstance.py:1087} INFO - 
--------------------------------------------------------------------------------
[2021-07-17 13:57:07,690] {taskinstance.py:1088} INFO - Starting attempt 1 of 1
[2021-07-17 13:57:07,690] {taskinstance.py:1089} INFO - 
--------------------------------------------------------------------------------
[2021-07-17 13:57:07,709] {taskinstance.py:1107} INFO - Executing <Task(SimpleHttpOperator): extracting_user> on 2020-04-16T00:00:00+00:00
[2021-07-17 13:57:07,715] {standard_task_runner.py:52} INFO - Started process 7987 to run task
[2021-07-17 13:57:07,720] {standard_task_runner.py:76} INFO - Running: ['***', 'tasks', 'run', 'user_processing', 'extracting_user', '2020-04-16T00:00:00+00:00', '--job-id', '562', '--pool', 'default_pool', '--raw', '--subdir', 'DAGS_FOLDER/user_processing.py', '--cfg-path', '/tmp/tmpc038isz4', '--error-file', '/tmp/tmp41bxb16l']
[2021-07-17 13:57:07,720] {standard_task_runner.py:77} INFO - Job 562: Subtask extracting_user
[2021-07-17 13:57:07,815] {logging_mixin.py:104} INFO - Running <TaskInstance: user_processing.extracting_user 2020-04-16T00:00:00+00:00 [running]> on host 120364900fc4
[2021-07-17 13:57:07,908] {taskinstance.py:1302} INFO - Exporting the following env vars:
AIRFLOW_CTX_DAG_OWNER=***
AIRFLOW_CTX_DAG_ID=user_processing
AIRFLOW_CTX_TASK_ID=extracting_user
AIRFLOW_CTX_EXECUTION_DATE=2020-04-16T00:00:00+00:00
AIRFLOW_CTX_DAG_RUN_ID=scheduled__2020-04-16T00:00:00+00:00
[2021-07-17 13:57:07,909] {http.py:111} INFO - Calling HTTP method
[2021-07-17 13:57:07,925] {base.py:78} INFO - Using connection to: id: user_api. Host: https://randomuser.me/, Port: None, Schema: , Login: , Password: None, extra: {}
[2021-07-17 13:57:07,927] {http.py:140} INFO - Sending 'GET' to url: https://randomuser.me/api/
[2021-07-17 13:57:08,243] {http.py:115} INFO - {"results":[{"gender":"female","name":{"title":"Mrs","first":"Emilia","last":"Koistinen"},"location":{"street":{"number":2617,"name":"Pispalan Valtatie"},"city":"Polvijärvi","state":"Åland","country":"Finland","postcode":79547,"coordinates":{"latitude":"-9.3395","longitude":"121.0459"},"timezone":{"offset":"+4:00","description":"Abu Dhabi, Muscat, Baku, Tbilisi"}},"email":"emilia.koistinen@example.com","login":{"uuid":"356949af-cb5a-4dc0-866c-b7cfd833f5a4","username":"silverpanda495","password":"hewitt","salt":"SxO3WbYz","md5":"3b270a55b41fd256b95d9c5dd18d7860","sha1":"a1141db45ea9ac9f567d62bead695d7677179dd4","sha256":"eb4f1a75f916370b52fa9aa704d71aca504205b16296b76228211a7648f340c7"},"dob":{"date":"1985-12-29T17:47:59.213Z","age":36},"registered":{"date":"2019-04-20T14:25:18.680Z","age":2},"phone":"06-219-362","cell":"042-788-74-04","id":{"name":"HETU","value":"NaNNA514undefined"},"picture":{"large":"https://randomuser.me/api/portraits/women/83.jpg","medium":"https://randomuser.me/api/portraits/med/women/83.jpg","thumbnail":"https://randomuser.me/api/portraits/thumb/women/83.jpg"},"nat":"FI"}],"info":{"seed":"955058e7a0600796","results":1,"page":1,"version":"1.3"}}
[2021-07-17 13:57:08,303] {taskinstance.py:1211} INFO - Marking task as SUCCESS. dag_id=user_processing, task_id=extracting_user, execution_date=20200416T000000, start_date=20210717T135707, end_date=20210717T135708
[2021-07-17 13:57:08,375] {taskinstance.py:1265} INFO - 1 downstream tasks scheduled from follow-on schedule check
[2021-07-17 13:57:08,413] {local_task_job.py:151} INFO - Task exited with return code 0
