[2021-07-15 21:41:58,205] {taskinstance.py:896} INFO - Dependencies all met for <TaskInstance: user_processing.creating_table 2020-01-07T00:00:00+00:00 [queued]>
[2021-07-15 21:41:58,236] {taskinstance.py:896} INFO - Dependencies all met for <TaskInstance: user_processing.creating_table 2020-01-07T00:00:00+00:00 [queued]>
[2021-07-15 21:41:58,236] {taskinstance.py:1087} INFO - 
--------------------------------------------------------------------------------
[2021-07-15 21:41:58,236] {taskinstance.py:1088} INFO - Starting attempt 1 of 1
[2021-07-15 21:41:58,237] {taskinstance.py:1089} INFO - 
--------------------------------------------------------------------------------
[2021-07-15 21:41:58,244] {taskinstance.py:1107} INFO - Executing <Task(SqliteOperator): creating_table> on 2020-01-07T00:00:00+00:00
[2021-07-15 21:41:58,250] {standard_task_runner.py:52} INFO - Started process 5226 to run task
[2021-07-15 21:41:58,253] {standard_task_runner.py:76} INFO - Running: ['***', 'tasks', 'run', 'user_processing', 'creating_table', '2020-01-07T00:00:00+00:00', '--job-id', '35', '--pool', 'default_pool', '--raw', '--subdir', 'DAGS_FOLDER/user_processing.py', '--cfg-path', '/tmp/tmpku1pffd3', '--error-file', '/tmp/tmpc7ypho6e']
[2021-07-15 21:41:58,254] {standard_task_runner.py:77} INFO - Job 35: Subtask creating_table
[2021-07-15 21:41:58,298] {logging_mixin.py:104} INFO - Running <TaskInstance: user_processing.creating_table 2020-01-07T00:00:00+00:00 [running]> on host 120364900fc4
[2021-07-15 21:41:58,387] {taskinstance.py:1302} INFO - Exporting the following env vars:
AIRFLOW_CTX_DAG_OWNER=***
AIRFLOW_CTX_DAG_ID=user_processing
AIRFLOW_CTX_TASK_ID=creating_table
AIRFLOW_CTX_EXECUTION_DATE=2020-01-07T00:00:00+00:00
AIRFLOW_CTX_DAG_RUN_ID=scheduled__2020-01-07T00:00:00+00:00
[2021-07-15 21:41:58,387] {sqlite.py:61} INFO - Executing: 
            CREATE TABLE IF NOT EXISTS users (
                firstname TEXT NOT NULL,
                lastname TEXT NOT NULL,
                country TEXT NOT NULL,
                username TEXT NOT NULL,
                password TEXT NOT NULL,
                email TEXT NOT NULL PRIMARY KEY
            );
            
[2021-07-15 21:41:58,394] {base.py:78} INFO - Using connection to: id: db_sqlite. Host: /opt/***/***.db, Port: None, Schema: , Login: , Password: None, extra: {}
[2021-07-15 21:41:58,395] {dbapi.py:204} INFO - Running statement: 
            CREATE TABLE IF NOT EXISTS users (
                firstname TEXT NOT NULL,
                lastname TEXT NOT NULL,
                country TEXT NOT NULL,
                username TEXT NOT NULL,
                password TEXT NOT NULL,
                email TEXT NOT NULL PRIMARY KEY
            );
            , parameters: []
[2021-07-15 21:41:58,407] {taskinstance.py:1211} INFO - Marking task as SUCCESS. dag_id=user_processing, task_id=creating_table, execution_date=20200107T000000, start_date=20210715T214158, end_date=20210715T214158
[2021-07-15 21:41:58,442] {taskinstance.py:1265} INFO - 1 downstream tasks scheduled from follow-on schedule check
[2021-07-15 21:41:58,477] {local_task_job.py:151} INFO - Task exited with return code 0
