[2021-07-17 13:56:37,511] {taskinstance.py:896} INFO - Dependencies all met for <TaskInstance: user_processing.processing_user 2020-03-27T00:00:00+00:00 [queued]>
[2021-07-17 13:56:37,524] {taskinstance.py:896} INFO - Dependencies all met for <TaskInstance: user_processing.processing_user 2020-03-27T00:00:00+00:00 [queued]>
[2021-07-17 13:56:37,525] {taskinstance.py:1087} INFO - 
--------------------------------------------------------------------------------
[2021-07-17 13:56:37,525] {taskinstance.py:1088} INFO - Starting attempt 1 of 1
[2021-07-17 13:56:37,525] {taskinstance.py:1089} INFO - 
--------------------------------------------------------------------------------
[2021-07-17 13:56:37,554] {taskinstance.py:1107} INFO - Executing <Task(PythonOperator): processing_user> on 2020-03-27T00:00:00+00:00
[2021-07-17 13:56:37,559] {standard_task_runner.py:52} INFO - Started process 7729 to run task
[2021-07-17 13:56:37,563] {standard_task_runner.py:76} INFO - Running: ['***', 'tasks', 'run', 'user_processing', 'processing_user', '2020-03-27T00:00:00+00:00', '--job-id', '486', '--pool', 'default_pool', '--raw', '--subdir', 'DAGS_FOLDER/user_processing.py', '--cfg-path', '/tmp/tmpno7645oe', '--error-file', '/tmp/tmpiqkn_t44']
[2021-07-17 13:56:37,572] {standard_task_runner.py:77} INFO - Job 486: Subtask processing_user
[2021-07-17 13:56:37,675] {logging_mixin.py:104} INFO - Running <TaskInstance: user_processing.processing_user 2020-03-27T00:00:00+00:00 [running]> on host 120364900fc4
[2021-07-17 13:56:37,795] {taskinstance.py:1302} INFO - Exporting the following env vars:
AIRFLOW_CTX_DAG_OWNER=***
AIRFLOW_CTX_DAG_ID=user_processing
AIRFLOW_CTX_TASK_ID=processing_user
AIRFLOW_CTX_EXECUTION_DATE=2020-03-27T00:00:00+00:00
AIRFLOW_CTX_DAG_RUN_ID=scheduled__2020-03-27T00:00:00+00:00
[2021-07-17 13:56:37,828] {python.py:151} INFO - Done. Returned value was: None
[2021-07-17 13:56:37,841] {taskinstance.py:1211} INFO - Marking task as SUCCESS. dag_id=user_processing, task_id=processing_user, execution_date=20200327T000000, start_date=20210717T135637, end_date=20210717T135637
[2021-07-17 13:56:37,916] {taskinstance.py:1265} INFO - 1 downstream tasks scheduled from follow-on schedule check
[2021-07-17 13:56:37,948] {local_task_job.py:151} INFO - Task exited with return code 0
