[2021-07-17 13:56:09,596] {taskinstance.py:896} INFO - Dependencies all met for <TaskInstance: user_processing.extracting_user 2020-03-09T00:00:00+00:00 [queued]>
[2021-07-17 13:56:09,615] {taskinstance.py:896} INFO - Dependencies all met for <TaskInstance: user_processing.extracting_user 2020-03-09T00:00:00+00:00 [queued]>
[2021-07-17 13:56:09,616] {taskinstance.py:1087} INFO - 
--------------------------------------------------------------------------------
[2021-07-17 13:56:09,616] {taskinstance.py:1088} INFO - Starting attempt 1 of 1
[2021-07-17 13:56:09,616] {taskinstance.py:1089} INFO - 
--------------------------------------------------------------------------------
[2021-07-17 13:56:09,667] {taskinstance.py:1107} INFO - Executing <Task(SimpleHttpOperator): extracting_user> on 2020-03-09T00:00:00+00:00
[2021-07-17 13:56:09,680] {standard_task_runner.py:76} INFO - Running: ['***', 'tasks', 'run', 'user_processing', 'extracting_user', '2020-03-09T00:00:00+00:00', '--job-id', '377', '--pool', 'default_pool', '--raw', '--subdir', 'DAGS_FOLDER/user_processing.py', '--cfg-path', '/tmp/tmpo6x_6n29', '--error-file', '/tmp/tmp_0dcr3f5']
[2021-07-17 13:56:09,688] {standard_task_runner.py:77} INFO - Job 377: Subtask extracting_user
[2021-07-17 13:56:09,681] {standard_task_runner.py:52} INFO - Started process 7428 to run task
[2021-07-17 13:56:09,809] {logging_mixin.py:104} INFO - Running <TaskInstance: user_processing.extracting_user 2020-03-09T00:00:00+00:00 [running]> on host 120364900fc4
[2021-07-17 13:56:09,907] {taskinstance.py:1302} INFO - Exporting the following env vars:
AIRFLOW_CTX_DAG_OWNER=***
AIRFLOW_CTX_DAG_ID=user_processing
AIRFLOW_CTX_TASK_ID=extracting_user
AIRFLOW_CTX_EXECUTION_DATE=2020-03-09T00:00:00+00:00
AIRFLOW_CTX_DAG_RUN_ID=scheduled__2020-03-09T00:00:00+00:00
[2021-07-17 13:56:09,907] {http.py:111} INFO - Calling HTTP method
[2021-07-17 13:56:09,916] {base.py:78} INFO - Using connection to: id: user_api. Host: https://randomuser.me/, Port: None, Schema: , Login: , Password: None, extra: {}
[2021-07-17 13:56:09,918] {http.py:140} INFO - Sending 'GET' to url: https://randomuser.me/api/
[2021-07-17 13:56:10,263] {http.py:115} INFO - {"results":[{"gender":"male","name":{"title":"Mr","first":"Délcio","last":"da Conceição"},"location":{"street":{"number":310,"name":"Rua Alagoas "},"city":"Juiz de Fora","state":"Acre","country":"Brazil","postcode":65363,"coordinates":{"latitude":"-70.4392","longitude":"-174.9589"},"timezone":{"offset":"-3:00","description":"Brazil, Buenos Aires, Georgetown"}},"email":"delcio.daconceicao@example.com","login":{"uuid":"43501709-9d60-43e6-bd10-5e5739ec0724","username":"bigbird423","password":"stallion","salt":"LZzdp4zm","md5":"e660b6e48f0114baf857986bad7070a9","sha1":"996579052d105869de4b343d454b9b3a9655c86c","sha256":"9b4dc3be9c6dc86e552c329675ebcade4522c8be02518527763c3c21bdfcd912"},"dob":{"date":"1993-03-29T00:11:27.513Z","age":28},"registered":{"date":"2008-02-18T21:25:10.405Z","age":13},"phone":"(26) 9704-1275","cell":"(52) 5386-0784","id":{"name":"","value":null},"picture":{"large":"https://randomuser.me/api/portraits/men/44.jpg","medium":"https://randomuser.me/api/portraits/med/men/44.jpg","thumbnail":"https://randomuser.me/api/portraits/thumb/men/44.jpg"},"nat":"BR"}],"info":{"seed":"4a832fcc80eeefd3","results":1,"page":1,"version":"1.3"}}
[2021-07-17 13:56:10,318] {taskinstance.py:1211} INFO - Marking task as SUCCESS. dag_id=user_processing, task_id=extracting_user, execution_date=20200309T000000, start_date=20210717T135609, end_date=20210717T135610
[2021-07-17 13:56:10,456] {taskinstance.py:1265} INFO - 0 downstream tasks scheduled from follow-on schedule check
[2021-07-17 13:56:10,487] {local_task_job.py:151} INFO - Task exited with return code 0
