[2021-07-15 21:41:59,944] {taskinstance.py:896} INFO - Dependencies all met for <TaskInstance: user_processing.extracting_user 2020-01-01T00:00:00+00:00 [queued]>
[2021-07-15 21:41:59,976] {taskinstance.py:896} INFO - Dependencies all met for <TaskInstance: user_processing.extracting_user 2020-01-01T00:00:00+00:00 [queued]>
[2021-07-15 21:41:59,976] {taskinstance.py:1087} INFO - 
--------------------------------------------------------------------------------
[2021-07-15 21:41:59,976] {taskinstance.py:1088} INFO - Starting attempt 2 of 1
[2021-07-15 21:41:59,976] {taskinstance.py:1089} INFO - 
--------------------------------------------------------------------------------
[2021-07-15 21:41:59,984] {taskinstance.py:1107} INFO - Executing <Task(SimpleHttpOperator): extracting_user> on 2020-01-01T00:00:00+00:00
[2021-07-15 21:41:59,991] {standard_task_runner.py:52} INFO - Started process 5255 to run task
[2021-07-15 21:42:00,019] {standard_task_runner.py:76} INFO - Running: ['***', 'tasks', 'run', 'user_processing', 'extracting_user', '2020-01-01T00:00:00+00:00', '--job-id', '49', '--pool', 'default_pool', '--raw', '--subdir', 'DAGS_FOLDER/user_processing.py', '--cfg-path', '/tmp/tmpjq5w19tz', '--error-file', '/tmp/tmpo3qf3yjd']
[2021-07-15 21:42:00,020] {standard_task_runner.py:77} INFO - Job 49: Subtask extracting_user
[2021-07-15 21:42:00,065] {logging_mixin.py:104} INFO - Running <TaskInstance: user_processing.extracting_user 2020-01-01T00:00:00+00:00 [running]> on host 120364900fc4
[2021-07-15 21:42:00,162] {taskinstance.py:1302} INFO - Exporting the following env vars:
AIRFLOW_CTX_DAG_OWNER=***
AIRFLOW_CTX_DAG_ID=user_processing
AIRFLOW_CTX_TASK_ID=extracting_user
AIRFLOW_CTX_EXECUTION_DATE=2020-01-01T00:00:00+00:00
AIRFLOW_CTX_DAG_RUN_ID=scheduled__2020-01-01T00:00:00+00:00
[2021-07-15 21:42:00,162] {http.py:111} INFO - Calling HTTP method
[2021-07-15 21:42:00,172] {base.py:78} INFO - Using connection to: id: user_api. Host: https://randomuser.me/, Port: None, Schema: , Login: , Password: None, extra: {}
[2021-07-15 21:42:00,173] {http.py:140} INFO - Sending 'GET' to url: https://randomuser.me/api/
[2021-07-15 21:42:00,532] {http.py:115} INFO - {"results":[{"gender":"female","name":{"title":"Mrs","first":"Cathy","last":"Ferguson"},"location":{"street":{"number":9546,"name":"York Road"},"city":"Carrickmacross","state":"Carlow","country":"Ireland","postcode":22429,"coordinates":{"latitude":"18.6603","longitude":"90.8375"},"timezone":{"offset":"+2:00","description":"Kaliningrad, South Africa"}},"email":"cathy.ferguson@example.com","login":{"uuid":"3368ff20-2e92-4ee2-8fec-c1b0ee74aee1","username":"silverrabbit178","password":"tenchi","salt":"5Ki45iX9","md5":"b74fda9f68e5f03ebae4828a98c4c959","sha1":"a8ba1b0fdfab04ad5c2feb6d041677150cf36b02","sha256":"b3f56aaa073e7e6914270580a98deb893e2029cb18aa4e663efd8212c4a7576d"},"dob":{"date":"1984-04-10T00:53:12.419Z","age":37},"registered":{"date":"2002-11-28T11:24:15.438Z","age":19},"phone":"071-426-8813","cell":"081-751-3444","id":{"name":"PPS","value":"6636566T"},"picture":{"large":"https://randomuser.me/api/portraits/women/90.jpg","medium":"https://randomuser.me/api/portraits/med/women/90.jpg","thumbnail":"https://randomuser.me/api/portraits/thumb/women/90.jpg"},"nat":"IE"}],"info":{"seed":"a9d2bda8ed5e4285","results":1,"page":1,"version":"1.3"}}
[2021-07-15 21:42:00,600] {taskinstance.py:1211} INFO - Marking task as SUCCESS. dag_id=user_processing, task_id=extracting_user, execution_date=20200101T000000, start_date=20210715T214159, end_date=20210715T214200
[2021-07-15 21:42:00,759] {taskinstance.py:1265} INFO - 0 downstream tasks scheduled from follow-on schedule check
[2021-07-15 21:42:00,792] {local_task_job.py:151} INFO - Task exited with return code 0
