[2021-07-17 13:56:10,784] {taskinstance.py:896} INFO - Dependencies all met for <TaskInstance: user_processing.extracting_user 2020-03-12T00:00:00+00:00 [queued]>
[2021-07-17 13:56:10,796] {taskinstance.py:896} INFO - Dependencies all met for <TaskInstance: user_processing.extracting_user 2020-03-12T00:00:00+00:00 [queued]>
[2021-07-17 13:56:10,797] {taskinstance.py:1087} INFO - 
--------------------------------------------------------------------------------
[2021-07-17 13:56:10,797] {taskinstance.py:1088} INFO - Starting attempt 1 of 1
[2021-07-17 13:56:10,797] {taskinstance.py:1089} INFO - 
--------------------------------------------------------------------------------
[2021-07-17 13:56:10,814] {taskinstance.py:1107} INFO - Executing <Task(SimpleHttpOperator): extracting_user> on 2020-03-12T00:00:00+00:00
[2021-07-17 13:56:10,819] {standard_task_runner.py:52} INFO - Started process 7448 to run task
[2021-07-17 13:56:10,823] {standard_task_runner.py:76} INFO - Running: ['***', 'tasks', 'run', 'user_processing', 'extracting_user', '2020-03-12T00:00:00+00:00', '--job-id', '388', '--pool', 'default_pool', '--raw', '--subdir', 'DAGS_FOLDER/user_processing.py', '--cfg-path', '/tmp/tmpo5i4ufuj', '--error-file', '/tmp/tmpn0gmq50z']
[2021-07-17 13:56:10,823] {standard_task_runner.py:77} INFO - Job 388: Subtask extracting_user
[2021-07-17 13:56:10,880] {logging_mixin.py:104} INFO - Running <TaskInstance: user_processing.extracting_user 2020-03-12T00:00:00+00:00 [running]> on host 120364900fc4
[2021-07-17 13:56:10,958] {taskinstance.py:1302} INFO - Exporting the following env vars:
AIRFLOW_CTX_DAG_OWNER=***
AIRFLOW_CTX_DAG_ID=user_processing
AIRFLOW_CTX_TASK_ID=extracting_user
AIRFLOW_CTX_EXECUTION_DATE=2020-03-12T00:00:00+00:00
AIRFLOW_CTX_DAG_RUN_ID=scheduled__2020-03-12T00:00:00+00:00
[2021-07-17 13:56:10,958] {http.py:111} INFO - Calling HTTP method
[2021-07-17 13:56:10,965] {base.py:78} INFO - Using connection to: id: user_api. Host: https://randomuser.me/, Port: None, Schema: , Login: , Password: None, extra: {}
[2021-07-17 13:56:10,968] {http.py:140} INFO - Sending 'GET' to url: https://randomuser.me/api/
[2021-07-17 13:56:11,328] {http.py:115} INFO - {"results":[{"gender":"female","name":{"title":"Mrs","first":"Marilaine","last":"Sales"},"location":{"street":{"number":1340,"name":"Avenida da Legalidade"},"city":"Feira de Santana","state":"Paraíba","country":"Brazil","postcode":33906,"coordinates":{"latitude":"-69.7821","longitude":"115.2457"},"timezone":{"offset":"0:00","description":"Western Europe Time, London, Lisbon, Casablanca"}},"email":"marilaine.sales@example.com","login":{"uuid":"ae862048-431b-43ed-b71c-c905f5ac76d3","username":"smallrabbit658","password":"abstr","salt":"lgRo52TB","md5":"8e8e7b2771dc8d1fc7e5efc670511022","sha1":"27d5e5ef5eb7d5da992cf0d56b8044c7618ec84e","sha256":"453fc6dbb050d1916e0865c011b173e125847d51c6b274e4c959ec2d7230a1a9"},"dob":{"date":"1945-12-24T17:12:35.471Z","age":76},"registered":{"date":"2008-05-17T02:15:52.273Z","age":13},"phone":"(36) 7448-2421","cell":"(32) 1406-3708","id":{"name":"","value":null},"picture":{"large":"https://randomuser.me/api/portraits/women/95.jpg","medium":"https://randomuser.me/api/portraits/med/women/95.jpg","thumbnail":"https://randomuser.me/api/portraits/thumb/women/95.jpg"},"nat":"BR"}],"info":{"seed":"96c4ee189e54fb74","results":1,"page":1,"version":"1.3"}}
[2021-07-17 13:56:11,369] {taskinstance.py:1211} INFO - Marking task as SUCCESS. dag_id=user_processing, task_id=extracting_user, execution_date=20200312T000000, start_date=20210717T135610, end_date=20210717T135611
[2021-07-17 13:56:11,500] {taskinstance.py:1265} INFO - 0 downstream tasks scheduled from follow-on schedule check
[2021-07-17 13:56:11,522] {local_task_job.py:151} INFO - Task exited with return code 0
