[2021-07-17 13:57:40,396] {taskinstance.py:896} INFO - Dependencies all met for <TaskInstance: user_processing.extracting_user 2020-05-06T00:00:00+00:00 [queued]>
[2021-07-17 13:57:40,415] {taskinstance.py:896} INFO - Dependencies all met for <TaskInstance: user_processing.extracting_user 2020-05-06T00:00:00+00:00 [queued]>
[2021-07-17 13:57:40,415] {taskinstance.py:1087} INFO - 
--------------------------------------------------------------------------------
[2021-07-17 13:57:40,415] {taskinstance.py:1088} INFO - Starting attempt 1 of 1
[2021-07-17 13:57:40,415] {taskinstance.py:1089} INFO - 
--------------------------------------------------------------------------------
[2021-07-17 13:57:40,445] {taskinstance.py:1107} INFO - Executing <Task(SimpleHttpOperator): extracting_user> on 2020-05-06T00:00:00+00:00
[2021-07-17 13:57:40,450] {standard_task_runner.py:52} INFO - Started process 8297 to run task
[2021-07-17 13:57:40,452] {standard_task_runner.py:76} INFO - Running: ['***', 'tasks', 'run', 'user_processing', 'extracting_user', '2020-05-06T00:00:00+00:00', '--job-id', '660', '--pool', 'default_pool', '--raw', '--subdir', 'DAGS_FOLDER/user_processing.py', '--cfg-path', '/tmp/tmpszul3o8k', '--error-file', '/tmp/tmp85wmjcz0']
[2021-07-17 13:57:40,453] {standard_task_runner.py:77} INFO - Job 660: Subtask extracting_user
[2021-07-17 13:57:40,487] {logging_mixin.py:104} INFO - Running <TaskInstance: user_processing.extracting_user 2020-05-06T00:00:00+00:00 [running]> on host 120364900fc4
[2021-07-17 13:57:40,544] {taskinstance.py:1302} INFO - Exporting the following env vars:
AIRFLOW_CTX_DAG_OWNER=***
AIRFLOW_CTX_DAG_ID=user_processing
AIRFLOW_CTX_TASK_ID=extracting_user
AIRFLOW_CTX_EXECUTION_DATE=2020-05-06T00:00:00+00:00
AIRFLOW_CTX_DAG_RUN_ID=scheduled__2020-05-06T00:00:00+00:00
[2021-07-17 13:57:40,544] {http.py:111} INFO - Calling HTTP method
[2021-07-17 13:57:40,553] {base.py:78} INFO - Using connection to: id: user_api. Host: https://randomuser.me/, Port: None, Schema: , Login: , Password: None, extra: {}
[2021-07-17 13:57:40,555] {http.py:140} INFO - Sending 'GET' to url: https://randomuser.me/api/
[2021-07-17 13:57:40,869] {http.py:115} INFO - {"results":[{"gender":"male","name":{"title":"Mr","first":"Same","last":"Howell"},"location":{"street":{"number":6557,"name":"Smokey Ln"},"city":"Ventura","state":"New Hampshire","country":"United States","postcode":41074,"coordinates":{"latitude":"82.2203","longitude":"-26.5500"},"timezone":{"offset":"-5:00","description":"Eastern Time (US & Canada), Bogota, Lima"}},"email":"same.howell@example.com","login":{"uuid":"d63ace95-6a90-4202-9f64-7f9b3ee984db","username":"happyfish531","password":"vinnie","salt":"zOMblbkg","md5":"6aff55eeb5a75a8cc0deeb8f563fb3a7","sha1":"53a35773b83715b8c1f86ec3a20377dde42af5f6","sha256":"e76b2f5391da4c46ded1937eca2f845ba938c07417b3a6772eeaa5b2e8879be9"},"dob":{"date":"1996-10-10T10:58:49.050Z","age":25},"registered":{"date":"2012-06-13T16:33:05.966Z","age":9},"phone":"(299)-653-8700","cell":"(052)-947-1551","id":{"name":"SSN","value":"382-65-8730"},"picture":{"large":"https://randomuser.me/api/portraits/men/74.jpg","medium":"https://randomuser.me/api/portraits/med/men/74.jpg","thumbnail":"https://randomuser.me/api/portraits/thumb/men/74.jpg"},"nat":"US"}],"info":{"seed":"76268640ebc11a9e","results":1,"page":1,"version":"1.3"}}
[2021-07-17 13:57:40,896] {taskinstance.py:1211} INFO - Marking task as SUCCESS. dag_id=user_processing, task_id=extracting_user, execution_date=20200506T000000, start_date=20210717T135740, end_date=20210717T135740
[2021-07-17 13:57:40,918] {taskinstance.py:1265} INFO - 1 downstream tasks scheduled from follow-on schedule check
[2021-07-17 13:57:40,945] {local_task_job.py:151} INFO - Task exited with return code 0
