[2021-07-15 21:43:01,299] {taskinstance.py:896} INFO - Dependencies all met for <TaskInstance: user_processing.extracting_user 2020-02-03T00:00:00+00:00 [queued]>
[2021-07-15 21:43:01,326] {taskinstance.py:896} INFO - Dependencies all met for <TaskInstance: user_processing.extracting_user 2020-02-03T00:00:00+00:00 [queued]>
[2021-07-15 21:43:01,326] {taskinstance.py:1087} INFO - 
--------------------------------------------------------------------------------
[2021-07-15 21:43:01,326] {taskinstance.py:1088} INFO - Starting attempt 1 of 1
[2021-07-15 21:43:01,326] {taskinstance.py:1089} INFO - 
--------------------------------------------------------------------------------
[2021-07-15 21:43:01,336] {taskinstance.py:1107} INFO - Executing <Task(SimpleHttpOperator): extracting_user> on 2020-02-03T00:00:00+00:00
[2021-07-15 21:43:01,342] {standard_task_runner.py:52} INFO - Started process 5761 to run task
[2021-07-15 21:43:01,359] {standard_task_runner.py:76} INFO - Running: ['***', 'tasks', 'run', 'user_processing', 'extracting_user', '2020-02-03T00:00:00+00:00', '--job-id', '212', '--pool', 'default_pool', '--raw', '--subdir', 'DAGS_FOLDER/user_processing.py', '--cfg-path', '/tmp/tmp9k1lx2ct', '--error-file', '/tmp/tmpmjszpmds']
[2021-07-15 21:43:01,359] {standard_task_runner.py:77} INFO - Job 212: Subtask extracting_user
[2021-07-15 21:43:01,411] {logging_mixin.py:104} INFO - Running <TaskInstance: user_processing.extracting_user 2020-02-03T00:00:00+00:00 [running]> on host 120364900fc4
[2021-07-15 21:43:01,495] {taskinstance.py:1302} INFO - Exporting the following env vars:
AIRFLOW_CTX_DAG_OWNER=***
AIRFLOW_CTX_DAG_ID=user_processing
AIRFLOW_CTX_TASK_ID=extracting_user
AIRFLOW_CTX_EXECUTION_DATE=2020-02-03T00:00:00+00:00
AIRFLOW_CTX_DAG_RUN_ID=scheduled__2020-02-03T00:00:00+00:00
[2021-07-15 21:43:01,495] {http.py:111} INFO - Calling HTTP method
[2021-07-15 21:43:01,502] {base.py:78} INFO - Using connection to: id: user_api. Host: https://randomuser.me/, Port: None, Schema: , Login: , Password: None, extra: {}
[2021-07-15 21:43:01,503] {http.py:140} INFO - Sending 'GET' to url: https://randomuser.me/api/
[2021-07-15 21:43:01,916] {http.py:115} INFO - {"results":[{"gender":"female","name":{"title":"Miss","first":"Victoria","last":"Mortensen"},"location":{"street":{"number":1928,"name":"Bredgade"},"city":"V.Skerninge","state":"Midtjylland","country":"Denmark","postcode":98121,"coordinates":{"latitude":"-33.7931","longitude":"48.1579"},"timezone":{"offset":"-1:00","description":"Azores, Cape Verde Islands"}},"email":"victoria.mortensen@example.com","login":{"uuid":"f84631e5-fcc9-4ee6-bb5c-b9311ae737a2","username":"smallpanda606","password":"flyer","salt":"XXM65zSQ","md5":"4f878aefa96a27d9617a794a44b180a6","sha1":"7384d9ce1d4e31ba425ecf97cfaafd302b15a8b2","sha256":"2d062f77f2aa55b524a1f0d52b00b533eccddaca3fd9672a8b2914a80732e0a4"},"dob":{"date":"1956-07-28T16:50:15.465Z","age":65},"registered":{"date":"2003-09-09T06:22:36.529Z","age":18},"phone":"69424616","cell":"83125120","id":{"name":"CPR","value":"280756-1742"},"picture":{"large":"https://randomuser.me/api/portraits/women/8.jpg","medium":"https://randomuser.me/api/portraits/med/women/8.jpg","thumbnail":"https://randomuser.me/api/portraits/thumb/women/8.jpg"},"nat":"DK"}],"info":{"seed":"5069c2e1d9f11bf6","results":1,"page":1,"version":"1.3"}}
[2021-07-15 21:43:01,964] {taskinstance.py:1211} INFO - Marking task as SUCCESS. dag_id=user_processing, task_id=extracting_user, execution_date=20200203T000000, start_date=20210715T214301, end_date=20210715T214301
[2021-07-15 21:43:02,011] {taskinstance.py:1265} INFO - 1 downstream tasks scheduled from follow-on schedule check
[2021-07-15 21:43:02,050] {local_task_job.py:151} INFO - Task exited with return code 0
