[2021-07-12 21:01:44,184] {taskinstance.py:896} INFO - Dependencies all met for <TaskInstance: example_bash_operator.run_after_loop 2021-07-10T00:00:00+00:00 [queued]>
[2021-07-12 21:01:44,194] {taskinstance.py:896} INFO - Dependencies all met for <TaskInstance: example_bash_operator.run_after_loop 2021-07-10T00:00:00+00:00 [queued]>
[2021-07-12 21:01:44,194] {taskinstance.py:1087} INFO - 
--------------------------------------------------------------------------------
[2021-07-12 21:01:44,194] {taskinstance.py:1088} INFO - Starting attempt 1 of 1
[2021-07-12 21:01:44,194] {taskinstance.py:1089} INFO - 
--------------------------------------------------------------------------------
[2021-07-12 21:01:44,206] {taskinstance.py:1107} INFO - Executing <Task(BashOperator): run_after_loop> on 2021-07-10T00:00:00+00:00
[2021-07-12 21:01:44,212] {standard_task_runner.py:76} INFO - Running: ['***', 'tasks', 'run', 'example_bash_operator', 'run_after_loop', '2021-07-10T00:00:00+00:00', '--job-id', '13', '--pool', 'default_pool', '--raw', '--subdir', '/home/***/.local/lib/python3.6/site-packages/***/example_dags/example_bash_operator.py', '--cfg-path', '/tmp/tmpu21fo1vw', '--error-file', '/tmp/tmplxe3wadc']
[2021-07-12 21:01:44,212] {standard_task_runner.py:77} INFO - Job 13: Subtask run_after_loop
[2021-07-12 21:01:44,210] {standard_task_runner.py:52} INFO - Started process 2931 to run task
[2021-07-12 21:01:44,242] {logging_mixin.py:104} INFO - Running <TaskInstance: example_bash_operator.run_after_loop 2021-07-10T00:00:00+00:00 [running]> on host 120364900fc4
[2021-07-12 21:01:44,294] {taskinstance.py:1302} INFO - Exporting the following env vars:
AIRFLOW_CTX_DAG_OWNER=***
AIRFLOW_CTX_DAG_ID=example_bash_operator
AIRFLOW_CTX_TASK_ID=run_after_loop
AIRFLOW_CTX_EXECUTION_DATE=2021-07-10T00:00:00+00:00
AIRFLOW_CTX_DAG_RUN_ID=scheduled__2021-07-10T00:00:00+00:00
[2021-07-12 21:01:44,294] {subprocess.py:52} INFO - Tmp dir root location: 
 /tmp
[2021-07-12 21:01:44,295] {subprocess.py:63} INFO - Running command: ['bash', '-c', 'echo 1']
[2021-07-12 21:01:44,304] {subprocess.py:75} INFO - Output:
[2021-07-12 21:01:44,305] {subprocess.py:79} INFO - 1
[2021-07-12 21:01:44,305] {subprocess.py:83} INFO - Command exited with return code 0
[2021-07-12 21:01:44,325] {taskinstance.py:1211} INFO - Marking task as SUCCESS. dag_id=example_bash_operator, task_id=run_after_loop, execution_date=20210710T000000, start_date=20210712T210144, end_date=20210712T210144
[2021-07-12 21:01:44,344] {taskinstance.py:1265} INFO - 0 downstream tasks scheduled from follow-on schedule check
[2021-07-12 21:01:44,387] {local_task_job.py:151} INFO - Task exited with return code 0
