[2021-07-17 13:56:12,982] {taskinstance.py:896} INFO - Dependencies all met for <TaskInstance: user_processing.extracting_user 2020-03-17T00:00:00+00:00 [queued]>
[2021-07-17 13:56:12,997] {taskinstance.py:896} INFO - Dependencies all met for <TaskInstance: user_processing.extracting_user 2020-03-17T00:00:00+00:00 [queued]>
[2021-07-17 13:56:12,998] {taskinstance.py:1087} INFO - 
--------------------------------------------------------------------------------
[2021-07-17 13:56:12,998] {taskinstance.py:1088} INFO - Starting attempt 1 of 1
[2021-07-17 13:56:12,998] {taskinstance.py:1089} INFO - 
--------------------------------------------------------------------------------
[2021-07-17 13:56:13,013] {taskinstance.py:1107} INFO - Executing <Task(SimpleHttpOperator): extracting_user> on 2020-03-17T00:00:00+00:00
[2021-07-17 13:56:13,019] {standard_task_runner.py:52} INFO - Started process 7491 to run task
[2021-07-17 13:56:13,024] {standard_task_runner.py:76} INFO - Running: ['***', 'tasks', 'run', 'user_processing', 'extracting_user', '2020-03-17T00:00:00+00:00', '--job-id', '406', '--pool', 'default_pool', '--raw', '--subdir', 'DAGS_FOLDER/user_processing.py', '--cfg-path', '/tmp/tmp57jdu6oh', '--error-file', '/tmp/tmpgkau6f9x']
[2021-07-17 13:56:13,025] {standard_task_runner.py:77} INFO - Job 406: Subtask extracting_user
[2021-07-17 13:56:13,120] {logging_mixin.py:104} INFO - Running <TaskInstance: user_processing.extracting_user 2020-03-17T00:00:00+00:00 [running]> on host 120364900fc4
[2021-07-17 13:56:13,274] {taskinstance.py:1302} INFO - Exporting the following env vars:
AIRFLOW_CTX_DAG_OWNER=***
AIRFLOW_CTX_DAG_ID=user_processing
AIRFLOW_CTX_TASK_ID=extracting_user
AIRFLOW_CTX_EXECUTION_DATE=2020-03-17T00:00:00+00:00
AIRFLOW_CTX_DAG_RUN_ID=scheduled__2020-03-17T00:00:00+00:00
[2021-07-17 13:56:13,275] {http.py:111} INFO - Calling HTTP method
[2021-07-17 13:56:13,300] {base.py:78} INFO - Using connection to: id: user_api. Host: https://randomuser.me/, Port: None, Schema: , Login: , Password: None, extra: {}
[2021-07-17 13:56:13,302] {http.py:140} INFO - Sending 'GET' to url: https://randomuser.me/api/
[2021-07-17 13:56:13,620] {http.py:115} INFO - {"results":[{"gender":"male","name":{"title":"Mr","first":"Alexander","last":"Washington"},"location":{"street":{"number":2120,"name":"Woodland St"},"city":"Van Alstyne","state":"Texas","country":"United States","postcode":56687,"coordinates":{"latitude":"79.9825","longitude":"-37.0065"},"timezone":{"offset":"+6:00","description":"Almaty, Dhaka, Colombo"}},"email":"alexander.washington@example.com","login":{"uuid":"0fc3fed8-3c9c-4198-ae89-11d38e278f93","username":"orangelion196","password":"tennesse","salt":"pXJVhLFP","md5":"e8c15d342bf853cc4262d7299adcb24d","sha1":"ed2561db201963237f91e43ceed6fed13d01aa0c","sha256":"b46c6f23cfaf395fd182421495dcb663b44fef3e1b2e9661773c38b8f4b013d6"},"dob":{"date":"1949-11-17T16:12:51.887Z","age":72},"registered":{"date":"2017-06-02T06:55:52.044Z","age":4},"phone":"(581)-459-5117","cell":"(341)-402-5449","id":{"name":"SSN","value":"743-14-7207"},"picture":{"large":"https://randomuser.me/api/portraits/men/18.jpg","medium":"https://randomuser.me/api/portraits/med/men/18.jpg","thumbnail":"https://randomuser.me/api/portraits/thumb/men/18.jpg"},"nat":"US"}],"info":{"seed":"1e6caabc2ca3fa61","results":1,"page":1,"version":"1.3"}}
[2021-07-17 13:56:13,649] {taskinstance.py:1211} INFO - Marking task as SUCCESS. dag_id=user_processing, task_id=extracting_user, execution_date=20200317T000000, start_date=20210717T135612, end_date=20210717T135613
[2021-07-17 13:56:13,702] {taskinstance.py:1265} INFO - 1 downstream tasks scheduled from follow-on schedule check
[2021-07-17 13:56:13,723] {local_task_job.py:151} INFO - Task exited with return code 0
