[2021-07-15 21:43:06,615] {taskinstance.py:896} INFO - Dependencies all met for <TaskInstance: user_processing.extracting_user 2020-02-17T00:00:00+00:00 [queued]>
[2021-07-15 21:43:06,632] {taskinstance.py:896} INFO - Dependencies all met for <TaskInstance: user_processing.extracting_user 2020-02-17T00:00:00+00:00 [queued]>
[2021-07-15 21:43:06,632] {taskinstance.py:1087} INFO - 
--------------------------------------------------------------------------------
[2021-07-15 21:43:06,632] {taskinstance.py:1088} INFO - Starting attempt 1 of 1
[2021-07-15 21:43:06,632] {taskinstance.py:1089} INFO - 
--------------------------------------------------------------------------------
[2021-07-15 21:43:06,642] {taskinstance.py:1107} INFO - Executing <Task(SimpleHttpOperator): extracting_user> on 2020-02-17T00:00:00+00:00
[2021-07-15 21:43:06,648] {standard_task_runner.py:52} INFO - Started process 5889 to run task
[2021-07-15 21:43:06,650] {standard_task_runner.py:76} INFO - Running: ['***', 'tasks', 'run', 'user_processing', 'extracting_user', '2020-02-17T00:00:00+00:00', '--job-id', '259', '--pool', 'default_pool', '--raw', '--subdir', 'DAGS_FOLDER/user_processing.py', '--cfg-path', '/tmp/tmphk3hze04', '--error-file', '/tmp/tmpwp1reyc3']
[2021-07-15 21:43:06,650] {standard_task_runner.py:77} INFO - Job 259: Subtask extracting_user
[2021-07-15 21:43:06,717] {logging_mixin.py:104} INFO - Running <TaskInstance: user_processing.extracting_user 2020-02-17T00:00:00+00:00 [running]> on host 120364900fc4
[2021-07-15 21:43:06,756] {taskinstance.py:1302} INFO - Exporting the following env vars:
AIRFLOW_CTX_DAG_OWNER=***
AIRFLOW_CTX_DAG_ID=user_processing
AIRFLOW_CTX_TASK_ID=extracting_user
AIRFLOW_CTX_EXECUTION_DATE=2020-02-17T00:00:00+00:00
AIRFLOW_CTX_DAG_RUN_ID=scheduled__2020-02-17T00:00:00+00:00
[2021-07-15 21:43:06,757] {http.py:111} INFO - Calling HTTP method
[2021-07-15 21:43:06,763] {base.py:78} INFO - Using connection to: id: user_api. Host: https://randomuser.me/, Port: None, Schema: , Login: , Password: None, extra: {}
[2021-07-15 21:43:06,765] {http.py:140} INFO - Sending 'GET' to url: https://randomuser.me/api/
[2021-07-15 21:43:07,126] {http.py:115} INFO - {"results":[{"gender":"male","name":{"title":"Mr","first":"Kyle","last":"Gardner"},"location":{"street":{"number":7664,"name":"College St"},"city":"Modesto","state":"Connecticut","country":"United States","postcode":80029,"coordinates":{"latitude":"85.3226","longitude":"-25.2908"},"timezone":{"offset":"-9:00","description":"Alaska"}},"email":"kyle.gardner@example.com","login":{"uuid":"941c191c-642b-4aa5-8947-754db05fc69e","username":"goldenladybug506","password":"maggie","salt":"zrjUPPwq","md5":"329c018643d4db7d90a43d7590c18612","sha1":"4691a7f37083701e4b811c19dec5e31eb6a58548","sha256":"70c7fa399a1bfe20f66d9c2a0195c554e90a2a281041762f7442b076d0a50d3a"},"dob":{"date":"1964-02-03T06:38:15.515Z","age":57},"registered":{"date":"2007-05-19T05:47:48.054Z","age":14},"phone":"(703)-973-5992","cell":"(382)-425-4470","id":{"name":"SSN","value":"956-69-9651"},"picture":{"large":"https://randomuser.me/api/portraits/men/86.jpg","medium":"https://randomuser.me/api/portraits/med/men/86.jpg","thumbnail":"https://randomuser.me/api/portraits/thumb/men/86.jpg"},"nat":"US"}],"info":{"seed":"30b95d0308a8184f","results":1,"page":1,"version":"1.3"}}
[2021-07-15 21:43:07,138] {taskinstance.py:1211} INFO - Marking task as SUCCESS. dag_id=user_processing, task_id=extracting_user, execution_date=20200217T000000, start_date=20210715T214306, end_date=20210715T214307
[2021-07-15 21:43:07,155] {taskinstance.py:1265} INFO - 1 downstream tasks scheduled from follow-on schedule check
[2021-07-15 21:43:07,188] {local_task_job.py:151} INFO - Task exited with return code 0
