[2021-07-15 21:42:29,894] {taskinstance.py:896} INFO - Dependencies all met for <TaskInstance: user_processing.is_api_available 2020-01-20T00:00:00+00:00 [queued]>
[2021-07-15 21:42:29,922] {taskinstance.py:896} INFO - Dependencies all met for <TaskInstance: user_processing.is_api_available 2020-01-20T00:00:00+00:00 [queued]>
[2021-07-15 21:42:29,922] {taskinstance.py:1087} INFO - 
--------------------------------------------------------------------------------
[2021-07-15 21:42:29,922] {taskinstance.py:1088} INFO - Starting attempt 1 of 1
[2021-07-15 21:42:29,922] {taskinstance.py:1089} INFO - 
--------------------------------------------------------------------------------
[2021-07-15 21:42:29,929] {taskinstance.py:1107} INFO - Executing <Task(HttpSensor): is_api_available> on 2020-01-20T00:00:00+00:00
[2021-07-15 21:42:29,934] {standard_task_runner.py:52} INFO - Started process 5488 to run task
[2021-07-15 21:42:29,935] {standard_task_runner.py:76} INFO - Running: ['***', 'tasks', 'run', 'user_processing', 'is_api_available', '2020-01-20T00:00:00+00:00', '--job-id', '120', '--pool', 'default_pool', '--raw', '--subdir', 'DAGS_FOLDER/user_processing.py', '--cfg-path', '/tmp/tmpsxpipyav', '--error-file', '/tmp/tmp475k9vm2']
[2021-07-15 21:42:29,936] {standard_task_runner.py:77} INFO - Job 120: Subtask is_api_available
[2021-07-15 21:42:29,991] {logging_mixin.py:104} INFO - Running <TaskInstance: user_processing.is_api_available 2020-01-20T00:00:00+00:00 [running]> on host 120364900fc4
[2021-07-15 21:42:30,093] {taskinstance.py:1302} INFO - Exporting the following env vars:
AIRFLOW_CTX_DAG_OWNER=***
AIRFLOW_CTX_DAG_ID=user_processing
AIRFLOW_CTX_TASK_ID=is_api_available
AIRFLOW_CTX_EXECUTION_DATE=2020-01-20T00:00:00+00:00
AIRFLOW_CTX_DAG_RUN_ID=scheduled__2020-01-20T00:00:00+00:00
[2021-07-15 21:42:30,094] {http.py:101} INFO - Poking: api/
[2021-07-15 21:42:30,114] {base.py:78} INFO - Using connection to: id: user_api. Host: https://randomuser.me/, Port: None, Schema: , Login: , Password: None, extra: {}
[2021-07-15 21:42:30,116] {http.py:140} INFO - Sending 'GET' to url: https://randomuser.me/api/
[2021-07-15 21:42:30,463] {base.py:248} INFO - Success criteria met. Exiting.
[2021-07-15 21:42:30,474] {taskinstance.py:1211} INFO - Marking task as SUCCESS. dag_id=user_processing, task_id=is_api_available, execution_date=20200120T000000, start_date=20210715T214229, end_date=20210715T214230
[2021-07-15 21:42:30,510] {local_task_job.py:151} INFO - Task exited with return code 1
