[2021-07-15 21:43:01,672] {taskinstance.py:896} INFO - Dependencies all met for <TaskInstance: user_processing.extracting_user 2020-02-08T00:00:00+00:00 [queued]>
[2021-07-15 21:43:01,691] {taskinstance.py:896} INFO - Dependencies all met for <TaskInstance: user_processing.extracting_user 2020-02-08T00:00:00+00:00 [queued]>
[2021-07-15 21:43:01,691] {taskinstance.py:1087} INFO - 
--------------------------------------------------------------------------------
[2021-07-15 21:43:01,691] {taskinstance.py:1088} INFO - Starting attempt 1 of 1
[2021-07-15 21:43:01,691] {taskinstance.py:1089} INFO - 
--------------------------------------------------------------------------------
[2021-07-15 21:43:01,700] {taskinstance.py:1107} INFO - Executing <Task(SimpleHttpOperator): extracting_user> on 2020-02-08T00:00:00+00:00
[2021-07-15 21:43:01,706] {standard_task_runner.py:52} INFO - Started process 5767 to run task
[2021-07-15 21:43:01,709] {standard_task_runner.py:76} INFO - Running: ['***', 'tasks', 'run', 'user_processing', 'extracting_user', '2020-02-08T00:00:00+00:00', '--job-id', '213', '--pool', 'default_pool', '--raw', '--subdir', 'DAGS_FOLDER/user_processing.py', '--cfg-path', '/tmp/tmpgdi_l81y', '--error-file', '/tmp/tmpt0d12gf7']
[2021-07-15 21:43:01,709] {standard_task_runner.py:77} INFO - Job 213: Subtask extracting_user
[2021-07-15 21:43:01,766] {logging_mixin.py:104} INFO - Running <TaskInstance: user_processing.extracting_user 2020-02-08T00:00:00+00:00 [running]> on host 120364900fc4
[2021-07-15 21:43:01,854] {taskinstance.py:1302} INFO - Exporting the following env vars:
AIRFLOW_CTX_DAG_OWNER=***
AIRFLOW_CTX_DAG_ID=user_processing
AIRFLOW_CTX_TASK_ID=extracting_user
AIRFLOW_CTX_EXECUTION_DATE=2020-02-08T00:00:00+00:00
AIRFLOW_CTX_DAG_RUN_ID=scheduled__2020-02-08T00:00:00+00:00
[2021-07-15 21:43:01,856] {http.py:111} INFO - Calling HTTP method
[2021-07-15 21:43:01,880] {base.py:78} INFO - Using connection to: id: user_api. Host: https://randomuser.me/, Port: None, Schema: , Login: , Password: None, extra: {}
[2021-07-15 21:43:01,881] {http.py:140} INFO - Sending 'GET' to url: https://randomuser.me/api/
[2021-07-15 21:43:02,188] {http.py:115} INFO - {"results":[{"gender":"female","name":{"title":"Mrs","first":"Hannah","last":"Cox"},"location":{"street":{"number":1496,"name":"Crockett St"},"city":"Santa Rosa","state":"Delaware","country":"United States","postcode":33221,"coordinates":{"latitude":"80.2385","longitude":"166.4987"},"timezone":{"offset":"-7:00","description":"Mountain Time (US & Canada)"}},"email":"hannah.cox@example.com","login":{"uuid":"625222c2-4a73-4ce6-ad66-ec21668bba1e","username":"happytiger826","password":"fusion","salt":"ODmX3Ay2","md5":"955ebae7e8c4239f27991cde6690f323","sha1":"5ef9f411def7db269d6c1c89ac45995bbc56ef45","sha256":"431a1b9c8b32663f8373691d51f248491f1b077e0ccbb199e23c6a5c556ff597"},"dob":{"date":"1952-10-30T16:05:38.340Z","age":69},"registered":{"date":"2003-08-16T11:53:08.131Z","age":18},"phone":"(457)-760-9162","cell":"(777)-598-8811","id":{"name":"SSN","value":"987-97-5348"},"picture":{"large":"https://randomuser.me/api/portraits/women/41.jpg","medium":"https://randomuser.me/api/portraits/med/women/41.jpg","thumbnail":"https://randomuser.me/api/portraits/thumb/women/41.jpg"},"nat":"US"}],"info":{"seed":"c9447285e8c0382f","results":1,"page":1,"version":"1.3"}}
[2021-07-15 21:43:02,272] {taskinstance.py:1211} INFO - Marking task as SUCCESS. dag_id=user_processing, task_id=extracting_user, execution_date=20200208T000000, start_date=20210715T214301, end_date=20210715T214302
[2021-07-15 21:43:02,327] {taskinstance.py:1265} INFO - 1 downstream tasks scheduled from follow-on schedule check
[2021-07-15 21:43:02,338] {local_task_job.py:151} INFO - Task exited with return code 0
