[2021-07-15 21:42:31,752] {taskinstance.py:896} INFO - Dependencies all met for <TaskInstance: user_processing.extracting_user 2020-01-20T00:00:00+00:00 [queued]>
[2021-07-15 21:42:31,782] {taskinstance.py:896} INFO - Dependencies all met for <TaskInstance: user_processing.extracting_user 2020-01-20T00:00:00+00:00 [queued]>
[2021-07-15 21:42:31,782] {taskinstance.py:1087} INFO - 
--------------------------------------------------------------------------------
[2021-07-15 21:42:31,782] {taskinstance.py:1088} INFO - Starting attempt 1 of 1
[2021-07-15 21:42:31,782] {taskinstance.py:1089} INFO - 
--------------------------------------------------------------------------------
[2021-07-15 21:42:31,793] {taskinstance.py:1107} INFO - Executing <Task(SimpleHttpOperator): extracting_user> on 2020-01-20T00:00:00+00:00
[2021-07-15 21:42:31,801] {standard_task_runner.py:52} INFO - Started process 5524 to run task
[2021-07-15 21:42:31,806] {standard_task_runner.py:76} INFO - Running: ['***', 'tasks', 'run', 'user_processing', 'extracting_user', '2020-01-20T00:00:00+00:00', '--job-id', '134', '--pool', 'default_pool', '--raw', '--subdir', 'DAGS_FOLDER/user_processing.py', '--cfg-path', '/tmp/tmp31ox2b1o', '--error-file', '/tmp/tmplkuxlna7']
[2021-07-15 21:42:31,806] {standard_task_runner.py:77} INFO - Job 134: Subtask extracting_user
[2021-07-15 21:42:31,905] {logging_mixin.py:104} INFO - Running <TaskInstance: user_processing.extracting_user 2020-01-20T00:00:00+00:00 [running]> on host 120364900fc4
[2021-07-15 21:42:32,011] {taskinstance.py:1302} INFO - Exporting the following env vars:
AIRFLOW_CTX_DAG_OWNER=***
AIRFLOW_CTX_DAG_ID=user_processing
AIRFLOW_CTX_TASK_ID=extracting_user
AIRFLOW_CTX_EXECUTION_DATE=2020-01-20T00:00:00+00:00
AIRFLOW_CTX_DAG_RUN_ID=scheduled__2020-01-20T00:00:00+00:00
[2021-07-15 21:42:32,011] {http.py:111} INFO - Calling HTTP method
[2021-07-15 21:42:32,039] {base.py:78} INFO - Using connection to: id: user_api. Host: https://randomuser.me/, Port: None, Schema: , Login: , Password: None, extra: {}
[2021-07-15 21:42:32,042] {http.py:140} INFO - Sending 'GET' to url: https://randomuser.me/api/
[2021-07-15 21:42:32,359] {http.py:115} INFO - {"results":[{"gender":"female","name":{"title":"Miss","first":"Isabelle","last":"Davies"},"location":{"street":{"number":7062,"name":"Port Hills Road"},"city":"Timaru","state":"Hawke'S Bay","country":"New Zealand","postcode":72344,"coordinates":{"latitude":"62.7418","longitude":"49.4747"},"timezone":{"offset":"+9:30","description":"Adelaide, Darwin"}},"email":"isabelle.davies@example.com","login":{"uuid":"721ebad4-be6f-4dcd-bcc3-f15555f67438","username":"bluezebra187","password":"retire","salt":"4z8ZU3EV","md5":"055a1723cf9f8a2011afa3dbb0f61235","sha1":"444ac6916e15d2f85634c4cbac8de37937f002ca","sha256":"05684097614f1a20afd10f77af0262427110910cddde16136db80138e6644bbc"},"dob":{"date":"1964-10-10T06:17:13.213Z","age":57},"registered":{"date":"2007-10-02T22:32:44.460Z","age":14},"phone":"(394)-422-5224","cell":"(500)-438-2463","id":{"name":"","value":null},"picture":{"large":"https://randomuser.me/api/portraits/women/35.jpg","medium":"https://randomuser.me/api/portraits/med/women/35.jpg","thumbnail":"https://randomuser.me/api/portraits/thumb/women/35.jpg"},"nat":"NZ"}],"info":{"seed":"b55ebce256d9697c","results":1,"page":1,"version":"1.3"}}
[2021-07-15 21:42:32,418] {taskinstance.py:1211} INFO - Marking task as SUCCESS. dag_id=user_processing, task_id=extracting_user, execution_date=20200120T000000, start_date=20210715T214231, end_date=20210715T214232
[2021-07-15 21:42:32,460] {taskinstance.py:1265} INFO - 1 downstream tasks scheduled from follow-on schedule check
[2021-07-15 21:42:32,508] {local_task_job.py:151} INFO - Task exited with return code 0
