[2021-07-15 21:42:03,097] {taskinstance.py:896} INFO - Dependencies all met for <TaskInstance: user_processing.processing_user 2020-01-07T00:00:00+00:00 [queued]>
[2021-07-15 21:42:03,133] {taskinstance.py:896} INFO - Dependencies all met for <TaskInstance: user_processing.processing_user 2020-01-07T00:00:00+00:00 [queued]>
[2021-07-15 21:42:03,133] {taskinstance.py:1087} INFO - 
--------------------------------------------------------------------------------
[2021-07-15 21:42:03,133] {taskinstance.py:1088} INFO - Starting attempt 1 of 1
[2021-07-15 21:42:03,133] {taskinstance.py:1089} INFO - 
--------------------------------------------------------------------------------
[2021-07-15 21:42:03,141] {taskinstance.py:1107} INFO - Executing <Task(PythonOperator): processing_user> on 2020-01-07T00:00:00+00:00
[2021-07-15 21:42:03,147] {standard_task_runner.py:52} INFO - Started process 5311 to run task
[2021-07-15 21:42:03,149] {standard_task_runner.py:76} INFO - Running: ['***', 'tasks', 'run', 'user_processing', 'processing_user', '2020-01-07T00:00:00+00:00', '--job-id', '71', '--pool', 'default_pool', '--raw', '--subdir', 'DAGS_FOLDER/user_processing.py', '--cfg-path', '/tmp/tmpoxig5yoh', '--error-file', '/tmp/tmpnedi6ywh']
[2021-07-15 21:42:03,149] {standard_task_runner.py:77} INFO - Job 71: Subtask processing_user
[2021-07-15 21:42:03,209] {logging_mixin.py:104} INFO - Running <TaskInstance: user_processing.processing_user 2020-01-07T00:00:00+00:00 [running]> on host 120364900fc4
[2021-07-15 21:42:03,326] {taskinstance.py:1302} INFO - Exporting the following env vars:
AIRFLOW_CTX_DAG_OWNER=***
AIRFLOW_CTX_DAG_ID=user_processing
AIRFLOW_CTX_TASK_ID=processing_user
AIRFLOW_CTX_EXECUTION_DATE=2020-01-07T00:00:00+00:00
AIRFLOW_CTX_DAG_RUN_ID=scheduled__2020-01-07T00:00:00+00:00
[2021-07-15 21:42:03,360] {python.py:151} INFO - Done. Returned value was: None
[2021-07-15 21:42:03,377] {taskinstance.py:1211} INFO - Marking task as SUCCESS. dag_id=user_processing, task_id=processing_user, execution_date=20200107T000000, start_date=20210715T214203, end_date=20210715T214203
[2021-07-15 21:42:03,444] {taskinstance.py:1265} INFO - 1 downstream tasks scheduled from follow-on schedule check
[2021-07-15 21:42:03,465] {local_task_job.py:151} INFO - Task exited with return code 0
