[2021-07-17 13:58:08,508] {taskinstance.py:896} INFO - Dependencies all met for <TaskInstance: user_processing.extracting_user 2020-05-17T00:00:00+00:00 [queued]>
[2021-07-17 13:58:08,540] {taskinstance.py:896} INFO - Dependencies all met for <TaskInstance: user_processing.extracting_user 2020-05-17T00:00:00+00:00 [queued]>
[2021-07-17 13:58:08,542] {taskinstance.py:1087} INFO - 
--------------------------------------------------------------------------------
[2021-07-17 13:58:08,542] {taskinstance.py:1088} INFO - Starting attempt 1 of 1
[2021-07-17 13:58:08,542] {taskinstance.py:1089} INFO - 
--------------------------------------------------------------------------------
[2021-07-17 13:58:08,579] {taskinstance.py:1107} INFO - Executing <Task(SimpleHttpOperator): extracting_user> on 2020-05-17T00:00:00+00:00
[2021-07-17 13:58:08,585] {standard_task_runner.py:52} INFO - Started process 8488 to run task
[2021-07-17 13:58:08,597] {standard_task_runner.py:76} INFO - Running: ['***', 'tasks', 'run', 'user_processing', 'extracting_user', '2020-05-17T00:00:00+00:00', '--job-id', '719', '--pool', 'default_pool', '--raw', '--subdir', 'DAGS_FOLDER/user_processing.py', '--cfg-path', '/tmp/tmpc2ry8c41', '--error-file', '/tmp/tmpy0ppo4ue']
[2021-07-17 13:58:08,597] {standard_task_runner.py:77} INFO - Job 719: Subtask extracting_user
[2021-07-17 13:58:08,738] {logging_mixin.py:104} INFO - Running <TaskInstance: user_processing.extracting_user 2020-05-17T00:00:00+00:00 [running]> on host 120364900fc4
[2021-07-17 13:58:08,894] {taskinstance.py:1302} INFO - Exporting the following env vars:
AIRFLOW_CTX_DAG_OWNER=***
AIRFLOW_CTX_DAG_ID=user_processing
AIRFLOW_CTX_TASK_ID=extracting_user
AIRFLOW_CTX_EXECUTION_DATE=2020-05-17T00:00:00+00:00
AIRFLOW_CTX_DAG_RUN_ID=scheduled__2020-05-17T00:00:00+00:00
[2021-07-17 13:58:08,894] {http.py:111} INFO - Calling HTTP method
[2021-07-17 13:58:08,931] {base.py:78} INFO - Using connection to: id: user_api. Host: https://randomuser.me/, Port: None, Schema: , Login: , Password: None, extra: {}
[2021-07-17 13:58:08,941] {http.py:140} INFO - Sending 'GET' to url: https://randomuser.me/api/
[2021-07-17 13:58:09,297] {http.py:115} INFO - {"results":[{"gender":"male","name":{"title":"Mr","first":"Lucas","last":"Poulsen"},"location":{"street":{"number":6313,"name":"Holmevej"},"city":"Århus C.","state":"Hovedstaden","country":"Denmark","postcode":70081,"coordinates":{"latitude":"-31.1326","longitude":"-120.2907"},"timezone":{"offset":"+3:00","description":"Baghdad, Riyadh, Moscow, St. Petersburg"}},"email":"lucas.poulsen@example.com","login":{"uuid":"7c8a5f4a-34c5-45a2-87d0-95645d366d76","username":"ticklishbear639","password":"hotred","salt":"osUutPkb","md5":"dee392ca7a5a7137190dbc983d4158eb","sha1":"292ef01331032529c91f9b1d3ae53722755c4d8e","sha256":"2d24230e1c49e40027bfbc0ea27aa874fdb3bc32818771b1ff0d99094d56d37d"},"dob":{"date":"1962-03-29T10:26:54.671Z","age":59},"registered":{"date":"2009-02-23T01:18:35.447Z","age":12},"phone":"38244844","cell":"64421402","id":{"name":"CPR","value":"290362-1511"},"picture":{"large":"https://randomuser.me/api/portraits/men/30.jpg","medium":"https://randomuser.me/api/portraits/med/men/30.jpg","thumbnail":"https://randomuser.me/api/portraits/thumb/men/30.jpg"},"nat":"DK"}],"info":{"seed":"9e1ae55d78fe7820","results":1,"page":1,"version":"1.3"}}
[2021-07-17 13:58:09,366] {taskinstance.py:1211} INFO - Marking task as SUCCESS. dag_id=user_processing, task_id=extracting_user, execution_date=20200517T000000, start_date=20210717T135808, end_date=20210717T135809
[2021-07-17 13:58:09,452] {taskinstance.py:1265} INFO - 1 downstream tasks scheduled from follow-on schedule check
[2021-07-17 13:58:09,504] {local_task_job.py:151} INFO - Task exited with return code 0
