[2021-07-17 13:58:11,160] {taskinstance.py:896} INFO - Dependencies all met for <TaskInstance: user_processing.extracting_user 2020-05-22T00:00:00+00:00 [queued]>
[2021-07-17 13:58:11,173] {taskinstance.py:896} INFO - Dependencies all met for <TaskInstance: user_processing.extracting_user 2020-05-22T00:00:00+00:00 [queued]>
[2021-07-17 13:58:11,173] {taskinstance.py:1087} INFO - 
--------------------------------------------------------------------------------
[2021-07-17 13:58:11,173] {taskinstance.py:1088} INFO - Starting attempt 1 of 1
[2021-07-17 13:58:11,175] {taskinstance.py:1089} INFO - 
--------------------------------------------------------------------------------
[2021-07-17 13:58:11,212] {taskinstance.py:1107} INFO - Executing <Task(SimpleHttpOperator): extracting_user> on 2020-05-22T00:00:00+00:00
[2021-07-17 13:58:11,217] {standard_task_runner.py:52} INFO - Started process 8550 to run task
[2021-07-17 13:58:11,219] {standard_task_runner.py:76} INFO - Running: ['***', 'tasks', 'run', 'user_processing', 'extracting_user', '2020-05-22T00:00:00+00:00', '--job-id', '740', '--pool', 'default_pool', '--raw', '--subdir', 'DAGS_FOLDER/user_processing.py', '--cfg-path', '/tmp/tmpb51zny9s', '--error-file', '/tmp/tmpnl5m9r02']
[2021-07-17 13:58:11,220] {standard_task_runner.py:77} INFO - Job 740: Subtask extracting_user
[2021-07-17 13:58:11,266] {logging_mixin.py:104} INFO - Running <TaskInstance: user_processing.extracting_user 2020-05-22T00:00:00+00:00 [running]> on host 120364900fc4
[2021-07-17 13:58:11,336] {taskinstance.py:1302} INFO - Exporting the following env vars:
AIRFLOW_CTX_DAG_OWNER=***
AIRFLOW_CTX_DAG_ID=user_processing
AIRFLOW_CTX_TASK_ID=extracting_user
AIRFLOW_CTX_EXECUTION_DATE=2020-05-22T00:00:00+00:00
AIRFLOW_CTX_DAG_RUN_ID=scheduled__2020-05-22T00:00:00+00:00
[2021-07-17 13:58:11,336] {http.py:111} INFO - Calling HTTP method
[2021-07-17 13:58:11,345] {base.py:78} INFO - Using connection to: id: user_api. Host: https://randomuser.me/, Port: None, Schema: , Login: , Password: None, extra: {}
[2021-07-17 13:58:11,346] {http.py:140} INFO - Sending 'GET' to url: https://randomuser.me/api/
[2021-07-17 13:58:11,705] {http.py:115} INFO - {"results":[{"gender":"male","name":{"title":"Mr","first":"Ron","last":"Porter"},"location":{"street":{"number":8044,"name":"West Street"},"city":"Chichester","state":"North Yorkshire","country":"United Kingdom","postcode":"F7 2UR","coordinates":{"latitude":"13.2605","longitude":"-20.3308"},"timezone":{"offset":"+5:00","description":"Ekaterinburg, Islamabad, Karachi, Tashkent"}},"email":"ron.porter@example.com","login":{"uuid":"dbacf3ad-aee8-44c2-baed-957184e4c9b9","username":"tinysnake624","password":"overlord","salt":"P46FrWi0","md5":"b7675606ebed9aee51c2562b0602fabf","sha1":"3cffb30b866b403c11e35f9d3c0f1dd9213747c5","sha256":"bf0c9364a140402b5cbd7fd8c4568ead7ec2ac5d2750346e4625caa8d42f97c5"},"dob":{"date":"1962-05-29T00:52:48.358Z","age":59},"registered":{"date":"2010-06-25T08:30:09.952Z","age":11},"phone":"01626 209672","cell":"0721-031-346","id":{"name":"NINO","value":"RB 63 41 11 I"},"picture":{"large":"https://randomuser.me/api/portraits/men/6.jpg","medium":"https://randomuser.me/api/portraits/med/men/6.jpg","thumbnail":"https://randomuser.me/api/portraits/thumb/men/6.jpg"},"nat":"GB"}],"info":{"seed":"0aa9bc1bb17e062f","results":1,"page":1,"version":"1.3"}}
[2021-07-17 13:58:11,737] {taskinstance.py:1211} INFO - Marking task as SUCCESS. dag_id=user_processing, task_id=extracting_user, execution_date=20200522T000000, start_date=20210717T135811, end_date=20210717T135811
[2021-07-17 13:58:11,782] {taskinstance.py:1265} INFO - 1 downstream tasks scheduled from follow-on schedule check
[2021-07-17 13:58:11,806] {local_task_job.py:151} INFO - Task exited with return code 0
