[2021-07-15 21:43:04,917] {taskinstance.py:896} INFO - Dependencies all met for <TaskInstance: user_processing.extracting_user 2020-02-14T00:00:00+00:00 [queued]>
[2021-07-15 21:43:04,942] {taskinstance.py:896} INFO - Dependencies all met for <TaskInstance: user_processing.extracting_user 2020-02-14T00:00:00+00:00 [queued]>
[2021-07-15 21:43:04,943] {taskinstance.py:1087} INFO - 
--------------------------------------------------------------------------------
[2021-07-15 21:43:04,943] {taskinstance.py:1088} INFO - Starting attempt 1 of 1
[2021-07-15 21:43:04,943] {taskinstance.py:1089} INFO - 
--------------------------------------------------------------------------------
[2021-07-15 21:43:04,950] {taskinstance.py:1107} INFO - Executing <Task(SimpleHttpOperator): extracting_user> on 2020-02-14T00:00:00+00:00
[2021-07-15 21:43:04,955] {standard_task_runner.py:52} INFO - Started process 5837 to run task
[2021-07-15 21:43:04,974] {standard_task_runner.py:76} INFO - Running: ['***', 'tasks', 'run', 'user_processing', 'extracting_user', '2020-02-14T00:00:00+00:00', '--job-id', '245', '--pool', 'default_pool', '--raw', '--subdir', 'DAGS_FOLDER/user_processing.py', '--cfg-path', '/tmp/tmp3raosz_u', '--error-file', '/tmp/tmpjxbug_x4']
[2021-07-15 21:43:04,974] {standard_task_runner.py:77} INFO - Job 245: Subtask extracting_user
[2021-07-15 21:43:05,035] {logging_mixin.py:104} INFO - Running <TaskInstance: user_processing.extracting_user 2020-02-14T00:00:00+00:00 [running]> on host 120364900fc4
[2021-07-15 21:43:05,175] {taskinstance.py:1302} INFO - Exporting the following env vars:
AIRFLOW_CTX_DAG_OWNER=***
AIRFLOW_CTX_DAG_ID=user_processing
AIRFLOW_CTX_TASK_ID=extracting_user
AIRFLOW_CTX_EXECUTION_DATE=2020-02-14T00:00:00+00:00
AIRFLOW_CTX_DAG_RUN_ID=scheduled__2020-02-14T00:00:00+00:00
[2021-07-15 21:43:05,175] {http.py:111} INFO - Calling HTTP method
[2021-07-15 21:43:05,192] {base.py:78} INFO - Using connection to: id: user_api. Host: https://randomuser.me/, Port: None, Schema: , Login: , Password: None, extra: {}
[2021-07-15 21:43:05,195] {http.py:140} INFO - Sending 'GET' to url: https://randomuser.me/api/
[2021-07-15 21:43:05,510] {http.py:115} INFO - {"results":[{"gender":"female","name":{"title":"Ms","first":"Justine","last":"Jansen"},"location":{"street":{"number":7803,"name":"Kapellenweg"},"city":"Tanna","state":"Hamburg","country":"Germany","postcode":15552,"coordinates":{"latitude":"-41.4285","longitude":"85.7481"},"timezone":{"offset":"+3:30","description":"Tehran"}},"email":"justine.jansen@example.com","login":{"uuid":"86e9c7d5-08b8-44b2-830f-91cac8fc0300","username":"whitemeercat183","password":"12345678","salt":"GSIqRkHo","md5":"b8986ffdce6485d48d917108117f6d71","sha1":"dafa31ca14730d9d476bdacc517235642847e25c","sha256":"8a47cd0b8640e9d35e4b47053bce5ba4747a26fee74342aeb696da4d50517620"},"dob":{"date":"1985-07-08T00:58:13.484Z","age":36},"registered":{"date":"2014-03-30T08:17:09.379Z","age":7},"phone":"0598-0200414","cell":"0176-0194328","id":{"name":"","value":null},"picture":{"large":"https://randomuser.me/api/portraits/women/77.jpg","medium":"https://randomuser.me/api/portraits/med/women/77.jpg","thumbnail":"https://randomuser.me/api/portraits/thumb/women/77.jpg"},"nat":"DE"}],"info":{"seed":"83fa981dd85ca223","results":1,"page":1,"version":"1.3"}}
[2021-07-15 21:43:05,588] {taskinstance.py:1211} INFO - Marking task as SUCCESS. dag_id=user_processing, task_id=extracting_user, execution_date=20200214T000000, start_date=20210715T214304, end_date=20210715T214305
[2021-07-15 21:43:05,698] {taskinstance.py:1265} INFO - 0 downstream tasks scheduled from follow-on schedule check
[2021-07-15 21:43:05,714] {local_task_job.py:151} INFO - Task exited with return code 0
