[2021-07-15 21:42:00,938] {taskinstance.py:896} INFO - Dependencies all met for <TaskInstance: user_processing.extracting_user 2020-01-06T00:00:00+00:00 [queued]>
[2021-07-15 21:42:00,996] {taskinstance.py:896} INFO - Dependencies all met for <TaskInstance: user_processing.extracting_user 2020-01-06T00:00:00+00:00 [queued]>
[2021-07-15 21:42:00,996] {taskinstance.py:1087} INFO - 
--------------------------------------------------------------------------------
[2021-07-15 21:42:00,996] {taskinstance.py:1088} INFO - Starting attempt 1 of 1
[2021-07-15 21:42:00,996] {taskinstance.py:1089} INFO - 
--------------------------------------------------------------------------------
[2021-07-15 21:42:01,016] {taskinstance.py:1107} INFO - Executing <Task(SimpleHttpOperator): extracting_user> on 2020-01-06T00:00:00+00:00
[2021-07-15 21:42:01,022] {standard_task_runner.py:52} INFO - Started process 5274 to run task
[2021-07-15 21:42:01,031] {standard_task_runner.py:76} INFO - Running: ['***', 'tasks', 'run', 'user_processing', 'extracting_user', '2020-01-06T00:00:00+00:00', '--job-id', '57', '--pool', 'default_pool', '--raw', '--subdir', 'DAGS_FOLDER/user_processing.py', '--cfg-path', '/tmp/tmpwli4xh7o', '--error-file', '/tmp/tmplt89bfcj']
[2021-07-15 21:42:01,031] {standard_task_runner.py:77} INFO - Job 57: Subtask extracting_user
[2021-07-15 21:42:01,148] {logging_mixin.py:104} INFO - Running <TaskInstance: user_processing.extracting_user 2020-01-06T00:00:00+00:00 [running]> on host 120364900fc4
[2021-07-15 21:42:01,329] {taskinstance.py:1302} INFO - Exporting the following env vars:
AIRFLOW_CTX_DAG_OWNER=***
AIRFLOW_CTX_DAG_ID=user_processing
AIRFLOW_CTX_TASK_ID=extracting_user
AIRFLOW_CTX_EXECUTION_DATE=2020-01-06T00:00:00+00:00
AIRFLOW_CTX_DAG_RUN_ID=scheduled__2020-01-06T00:00:00+00:00
[2021-07-15 21:42:01,330] {http.py:111} INFO - Calling HTTP method
[2021-07-15 21:42:01,361] {base.py:78} INFO - Using connection to: id: user_api. Host: https://randomuser.me/, Port: None, Schema: , Login: , Password: None, extra: {}
[2021-07-15 21:42:01,363] {http.py:140} INFO - Sending 'GET' to url: https://randomuser.me/api/
[2021-07-15 21:42:01,723] {http.py:115} INFO - {"results":[{"gender":"male","name":{"title":"Mr","first":"Ryder","last":"Li"},"location":{"street":{"number":3394,"name":"Stanley Way"},"city":"Richmond","state":"Saskatchewan","country":"Canada","postcode":"V6E 6I1","coordinates":{"latitude":"-63.7845","longitude":"-71.4647"},"timezone":{"offset":"-12:00","description":"Eniwetok, Kwajalein"}},"email":"ryder.li@example.com","login":{"uuid":"d805dbe2-a320-45ae-b99f-d589000fc322","username":"organicwolf885","password":"meme","salt":"NmkbtP39","md5":"89f18c25d6e44067d983b42225774a41","sha1":"c1a254bde9532881bbc5a39aa174682dd262c5dc","sha256":"24d1e0add9a972fcc02b59abd15acfc786762a7ef106f8709cf5a53d1b404aa1"},"dob":{"date":"1964-01-20T15:20:17.000Z","age":57},"registered":{"date":"2011-09-22T23:17:08.476Z","age":10},"phone":"000-972-1161","cell":"280-343-3429","id":{"name":"","value":null},"picture":{"large":"https://randomuser.me/api/portraits/men/58.jpg","medium":"https://randomuser.me/api/portraits/med/men/58.jpg","thumbnail":"https://randomuser.me/api/portraits/thumb/men/58.jpg"},"nat":"CA"}],"info":{"seed":"ab09271d5f0d3356","results":1,"page":1,"version":"1.3"}}
[2021-07-15 21:42:01,816] {taskinstance.py:1211} INFO - Marking task as SUCCESS. dag_id=user_processing, task_id=extracting_user, execution_date=20200106T000000, start_date=20210715T214200, end_date=20210715T214201
[2021-07-15 21:42:01,876] {taskinstance.py:1265} INFO - 1 downstream tasks scheduled from follow-on schedule check
[2021-07-15 21:42:01,945] {local_task_job.py:151} INFO - Task exited with return code 0
