[2021-07-17 13:56:14,382] {taskinstance.py:896} INFO - Dependencies all met for <TaskInstance: user_processing.processing_user 2020-03-16T00:00:00+00:00 [queued]>
[2021-07-17 13:56:14,422] {taskinstance.py:896} INFO - Dependencies all met for <TaskInstance: user_processing.processing_user 2020-03-16T00:00:00+00:00 [queued]>
[2021-07-17 13:56:14,422] {taskinstance.py:1087} INFO - 
--------------------------------------------------------------------------------
[2021-07-17 13:56:14,422] {taskinstance.py:1088} INFO - Starting attempt 1 of 1
[2021-07-17 13:56:14,422] {taskinstance.py:1089} INFO - 
--------------------------------------------------------------------------------
[2021-07-17 13:56:14,445] {taskinstance.py:1107} INFO - Executing <Task(PythonOperator): processing_user> on 2020-03-16T00:00:00+00:00
[2021-07-17 13:56:14,449] {standard_task_runner.py:52} INFO - Started process 7533 to run task
[2021-07-17 13:56:14,452] {standard_task_runner.py:76} INFO - Running: ['***', 'tasks', 'run', 'user_processing', 'processing_user', '2020-03-16T00:00:00+00:00', '--job-id', '419', '--pool', 'default_pool', '--raw', '--subdir', 'DAGS_FOLDER/user_processing.py', '--cfg-path', '/tmp/tmp5v56jzs4', '--error-file', '/tmp/tmp_4a88vvp']
[2021-07-17 13:56:14,452] {standard_task_runner.py:77} INFO - Job 419: Subtask processing_user
[2021-07-17 13:56:14,500] {logging_mixin.py:104} INFO - Running <TaskInstance: user_processing.processing_user 2020-03-16T00:00:00+00:00 [running]> on host 120364900fc4
[2021-07-17 13:56:14,606] {taskinstance.py:1302} INFO - Exporting the following env vars:
AIRFLOW_CTX_DAG_OWNER=***
AIRFLOW_CTX_DAG_ID=user_processing
AIRFLOW_CTX_TASK_ID=processing_user
AIRFLOW_CTX_EXECUTION_DATE=2020-03-16T00:00:00+00:00
AIRFLOW_CTX_DAG_RUN_ID=scheduled__2020-03-16T00:00:00+00:00
[2021-07-17 13:56:14,635] {python.py:151} INFO - Done. Returned value was: None
[2021-07-17 13:56:14,650] {taskinstance.py:1211} INFO - Marking task as SUCCESS. dag_id=user_processing, task_id=processing_user, execution_date=20200316T000000, start_date=20210717T135614, end_date=20210717T135614
[2021-07-17 13:56:14,679] {taskinstance.py:1265} INFO - 1 downstream tasks scheduled from follow-on schedule check
[2021-07-17 13:56:14,708] {local_task_job.py:151} INFO - Task exited with return code 0
