[2021-07-15 21:43:36,297] {taskinstance.py:896} INFO - Dependencies all met for <TaskInstance: user_processing.extracting_user 2020-02-28T00:00:00+00:00 [queued]>
[2021-07-15 21:43:36,339] {taskinstance.py:896} INFO - Dependencies all met for <TaskInstance: user_processing.extracting_user 2020-02-28T00:00:00+00:00 [queued]>
[2021-07-15 21:43:36,340] {taskinstance.py:1087} INFO - 
--------------------------------------------------------------------------------
[2021-07-15 21:43:36,340] {taskinstance.py:1088} INFO - Starting attempt 1 of 1
[2021-07-15 21:43:36,340] {taskinstance.py:1089} INFO - 
--------------------------------------------------------------------------------
[2021-07-15 21:43:36,348] {taskinstance.py:1107} INFO - Executing <Task(SimpleHttpOperator): extracting_user> on 2020-02-28T00:00:00+00:00
[2021-07-15 21:43:36,352] {standard_task_runner.py:52} INFO - Started process 6075 to run task
[2021-07-15 21:43:36,363] {standard_task_runner.py:76} INFO - Running: ['***', 'tasks', 'run', 'user_processing', 'extracting_user', '2020-02-28T00:00:00+00:00', '--job-id', '319', '--pool', 'default_pool', '--raw', '--subdir', 'DAGS_FOLDER/user_processing.py', '--cfg-path', '/tmp/tmp_lo1ly45', '--error-file', '/tmp/tmpneol285p']
[2021-07-15 21:43:36,363] {standard_task_runner.py:77} INFO - Job 319: Subtask extracting_user
[2021-07-15 21:43:36,491] {logging_mixin.py:104} INFO - Running <TaskInstance: user_processing.extracting_user 2020-02-28T00:00:00+00:00 [running]> on host 120364900fc4
[2021-07-15 21:43:36,637] {taskinstance.py:1302} INFO - Exporting the following env vars:
AIRFLOW_CTX_DAG_OWNER=***
AIRFLOW_CTX_DAG_ID=user_processing
AIRFLOW_CTX_TASK_ID=extracting_user
AIRFLOW_CTX_EXECUTION_DATE=2020-02-28T00:00:00+00:00
AIRFLOW_CTX_DAG_RUN_ID=scheduled__2020-02-28T00:00:00+00:00
[2021-07-15 21:43:36,637] {http.py:111} INFO - Calling HTTP method
[2021-07-15 21:43:36,663] {base.py:78} INFO - Using connection to: id: user_api. Host: https://randomuser.me/, Port: None, Schema: , Login: , Password: None, extra: {}
[2021-07-15 21:43:36,665] {http.py:140} INFO - Sending 'GET' to url: https://randomuser.me/api/
[2021-07-15 21:43:37,010] {http.py:115} INFO - {"results":[{"gender":"female","name":{"title":"Ms","first":"Millie","last":"White"},"location":{"street":{"number":3618,"name":"Greenwood St"},"city":"Napier","state":"Manawatu-Wanganui","country":"New Zealand","postcode":97843,"coordinates":{"latitude":"61.8342","longitude":"1.9163"},"timezone":{"offset":"-3:30","description":"Newfoundland"}},"email":"millie.white@example.com","login":{"uuid":"adb55575-fc71-40ce-a72c-f14fa2061368","username":"smallzebra189","password":"bigone","salt":"WEfaW4jE","md5":"7e1033cd01e87ad57784c82dabee31f0","sha1":"a57ee64ca209e765eea6cc559ab739c9b9774981","sha256":"8565cc6562e179c8fa6e17ad103e9c9dd54597674c27247dbddad1b61f8c969b"},"dob":{"date":"1959-02-19T02:01:45.028Z","age":62},"registered":{"date":"2018-11-29T11:57:25.720Z","age":3},"phone":"(104)-124-5767","cell":"(369)-581-2829","id":{"name":"","value":null},"picture":{"large":"https://randomuser.me/api/portraits/women/66.jpg","medium":"https://randomuser.me/api/portraits/med/women/66.jpg","thumbnail":"https://randomuser.me/api/portraits/thumb/women/66.jpg"},"nat":"NZ"}],"info":{"seed":"116190e6ff9d46b0","results":1,"page":1,"version":"1.3"}}
[2021-07-15 21:43:37,092] {taskinstance.py:1211} INFO - Marking task as SUCCESS. dag_id=user_processing, task_id=extracting_user, execution_date=20200228T000000, start_date=20210715T214336, end_date=20210715T214337
[2021-07-15 21:43:37,181] {taskinstance.py:1265} INFO - 1 downstream tasks scheduled from follow-on schedule check
[2021-07-15 21:43:37,221] {local_task_job.py:151} INFO - Task exited with return code 0
