[2021-07-15 21:42:33,337] {taskinstance.py:896} INFO - Dependencies all met for <TaskInstance: user_processing.extracting_user 2020-01-24T00:00:00+00:00 [queued]>
[2021-07-15 21:42:33,367] {taskinstance.py:896} INFO - Dependencies all met for <TaskInstance: user_processing.extracting_user 2020-01-24T00:00:00+00:00 [queued]>
[2021-07-15 21:42:33,367] {taskinstance.py:1087} INFO - 
--------------------------------------------------------------------------------
[2021-07-15 21:42:33,367] {taskinstance.py:1088} INFO - Starting attempt 1 of 1
[2021-07-15 21:42:33,367] {taskinstance.py:1089} INFO - 
--------------------------------------------------------------------------------
[2021-07-15 21:42:33,378] {taskinstance.py:1107} INFO - Executing <Task(SimpleHttpOperator): extracting_user> on 2020-01-24T00:00:00+00:00
[2021-07-15 21:42:33,389] {standard_task_runner.py:52} INFO - Started process 5551 to run task
[2021-07-15 21:42:33,392] {standard_task_runner.py:76} INFO - Running: ['***', 'tasks', 'run', 'user_processing', 'extracting_user', '2020-01-24T00:00:00+00:00', '--job-id', '148', '--pool', 'default_pool', '--raw', '--subdir', 'DAGS_FOLDER/user_processing.py', '--cfg-path', '/tmp/tmpyf5d9b7n', '--error-file', '/tmp/tmpq2ejk3ud']
[2021-07-15 21:42:33,392] {standard_task_runner.py:77} INFO - Job 148: Subtask extracting_user
[2021-07-15 21:42:33,467] {logging_mixin.py:104} INFO - Running <TaskInstance: user_processing.extracting_user 2020-01-24T00:00:00+00:00 [running]> on host 120364900fc4
[2021-07-15 21:42:33,569] {taskinstance.py:1302} INFO - Exporting the following env vars:
AIRFLOW_CTX_DAG_OWNER=***
AIRFLOW_CTX_DAG_ID=user_processing
AIRFLOW_CTX_TASK_ID=extracting_user
AIRFLOW_CTX_EXECUTION_DATE=2020-01-24T00:00:00+00:00
AIRFLOW_CTX_DAG_RUN_ID=scheduled__2020-01-24T00:00:00+00:00
[2021-07-15 21:42:33,571] {http.py:111} INFO - Calling HTTP method
[2021-07-15 21:42:33,600] {base.py:78} INFO - Using connection to: id: user_api. Host: https://randomuser.me/, Port: None, Schema: , Login: , Password: None, extra: {}
[2021-07-15 21:42:33,603] {http.py:140} INFO - Sending 'GET' to url: https://randomuser.me/api/
[2021-07-15 21:42:34,018] {http.py:115} INFO - {"results":[{"gender":"male","name":{"title":"Mr","first":"عباس","last":"محمدخان"},"location":{"street":{"number":1204,"name":"کمیل"},"city":"ورامین","state":"یزد","country":"Iran","postcode":30161,"coordinates":{"latitude":"27.4935","longitude":"-18.0309"},"timezone":{"offset":"-3:30","description":"Newfoundland"}},"email":"aabs.mhmdkhn@example.com","login":{"uuid":"9951fdf3-c13f-4dc7-a4d7-e524a77ebef2","username":"ticklishkoala918","password":"counter","salt":"Ygp8ZYDB","md5":"b400befba57c4aff392d48bb73351164","sha1":"2bf1b7bbc7d2798fe22829e065bcb5501a6d04e9","sha256":"f055fe2ea8840811691bd8f1504ae729beb70afd1f4eb7cbb23b4c62800d3d0d"},"dob":{"date":"1963-01-14T11:54:53.534Z","age":58},"registered":{"date":"2005-03-30T13:25:08.120Z","age":16},"phone":"064-48799131","cell":"0959-760-0551","id":{"name":"","value":null},"picture":{"large":"https://randomuser.me/api/portraits/men/25.jpg","medium":"https://randomuser.me/api/portraits/med/men/25.jpg","thumbnail":"https://randomuser.me/api/portraits/thumb/men/25.jpg"},"nat":"IR"}],"info":{"seed":"c244d62d8c1ca58c","results":1,"page":1,"version":"1.3"}}
[2021-07-15 21:42:34,085] {taskinstance.py:1211} INFO - Marking task as SUCCESS. dag_id=user_processing, task_id=extracting_user, execution_date=20200124T000000, start_date=20210715T214233, end_date=20210715T214234
[2021-07-15 21:42:34,152] {taskinstance.py:1265} INFO - 1 downstream tasks scheduled from follow-on schedule check
[2021-07-15 21:42:34,172] {local_task_job.py:151} INFO - Task exited with return code 0
