[2021-07-12 21:01:42,913] {taskinstance.py:896} INFO - Dependencies all met for <TaskInstance: example_bash_operator.runme_2 2021-07-11T00:00:00+00:00 [queued]>
[2021-07-12 21:01:42,928] {taskinstance.py:896} INFO - Dependencies all met for <TaskInstance: example_bash_operator.runme_2 2021-07-11T00:00:00+00:00 [queued]>
[2021-07-12 21:01:42,928] {taskinstance.py:1087} INFO - 
--------------------------------------------------------------------------------
[2021-07-12 21:01:42,928] {taskinstance.py:1088} INFO - Starting attempt 1 of 1
[2021-07-12 21:01:42,928] {taskinstance.py:1089} INFO - 
--------------------------------------------------------------------------------
[2021-07-12 21:01:42,939] {taskinstance.py:1107} INFO - Executing <Task(BashOperator): runme_2> on 2021-07-11T00:00:00+00:00
[2021-07-12 21:01:42,943] {standard_task_runner.py:52} INFO - Started process 2911 to run task
[2021-07-12 21:01:42,945] {standard_task_runner.py:76} INFO - Running: ['***', 'tasks', 'run', 'example_bash_operator', 'runme_2', '2021-07-11T00:00:00+00:00', '--job-id', '10', '--pool', 'default_pool', '--raw', '--subdir', '/home/***/.local/lib/python3.6/site-packages/***/example_dags/example_bash_operator.py', '--cfg-path', '/tmp/tmp4zi4bpmk', '--error-file', '/tmp/tmpmgoqarz_']
[2021-07-12 21:01:42,946] {standard_task_runner.py:77} INFO - Job 10: Subtask runme_2
[2021-07-12 21:01:43,012] {logging_mixin.py:104} INFO - Running <TaskInstance: example_bash_operator.runme_2 2021-07-11T00:00:00+00:00 [running]> on host 120364900fc4
[2021-07-12 21:01:43,055] {taskinstance.py:1302} INFO - Exporting the following env vars:
AIRFLOW_CTX_DAG_OWNER=***
AIRFLOW_CTX_DAG_ID=example_bash_operator
AIRFLOW_CTX_TASK_ID=runme_2
AIRFLOW_CTX_EXECUTION_DATE=2021-07-11T00:00:00+00:00
AIRFLOW_CTX_DAG_RUN_ID=scheduled__2021-07-11T00:00:00+00:00
[2021-07-12 21:01:43,056] {subprocess.py:52} INFO - Tmp dir root location: 
 /tmp
[2021-07-12 21:01:43,056] {subprocess.py:63} INFO - Running command: ['bash', '-c', 'echo "example_bash_operator__runme_2__20210711" && sleep 1']
[2021-07-12 21:01:43,066] {subprocess.py:75} INFO - Output:
[2021-07-12 21:01:43,067] {subprocess.py:79} INFO - example_bash_operator__runme_2__20210711
[2021-07-12 21:01:44,074] {subprocess.py:83} INFO - Command exited with return code 0
[2021-07-12 21:01:44,096] {taskinstance.py:1211} INFO - Marking task as SUCCESS. dag_id=example_bash_operator, task_id=runme_2, execution_date=20210711T000000, start_date=20210712T210142, end_date=20210712T210144
[2021-07-12 21:01:44,122] {taskinstance.py:1265} INFO - 1 downstream tasks scheduled from follow-on schedule check
[2021-07-12 21:01:44,164] {local_task_job.py:151} INFO - Task exited with return code 0
